/home/CSCScience.ca/apetkau/miniconda3/envs/bigsi_mccortex/lib/python3.7/site-packages/bigsi/__main__.py:45: YAMLLoadWarning: calling yaml.load() without Loader=... is deprecated, as the default Loader is unsafe. Please read https://msg.pyyaml.org/load for full details.
  config = yaml.load(infile)
	Command being timed: "bigsi bloom metagenomics/bigsi/17/mccortex.ERR1713337.ctx metagenomics/bigsi/17/bigsi.ERR1713337.bloom"
	User time (seconds): 142.16
	System time (seconds): 2.04
	Percent of CPU this job got: 101%
	Elapsed (wall clock) time (h:mm:ss or m:ss): 2:22.62
	Average shared text size (kbytes): 0
	Average unshared data size (kbytes): 0
	Average stack size (kbytes): 0
	Average total size (kbytes): 0
	Maximum resident set size (kbytes): 783232
	Average resident set size (kbytes): 0
	Major (requiring I/O) page faults: 21
	Minor (reclaiming a frame) page faults: 364308
	Voluntary context switches: 271
	Involuntary context switches: 600019
	Swaps: 0
	File system inputs: 3584
	File system outputs: 83016
	Socket messages sent: 0
	Socket messages received: 0
	Signals delivered: 0
	Page size (bytes): 4096
	Exit status: 0
