[12 Dec 2019 00:39:27-fiB][cmd] /home/CSCScience.ca/apetkau/miniconda3/envs/bigsi_mccortex/bin/mccortex31 build --nkmers 340000000 --threads 1 --kmer 17 --mem 10G --sample ERR1713335 --seq metagenomics/kmer-counts-jellyfish/17/ERR1713335.kmer.gz metagenomics/bigsi/17/mccortex.ERR1713335.ctx
[12 Dec 2019 00:39:27-fiB][cwd] /home/CSCScience.ca/apetkau/workspace/comp7934-project
[12 Dec 2019 00:39:27-fiB][version] mccortex=v0.0.3-610-g400c0e3 zlib=1.2.11 htslib=1.8-17-g699ed53 ASSERTS=ON hash=Lookup3 CHECKS=ON k=3..31
[12 Dec 2019 00:39:27-fiB] Saving graph to: metagenomics/bigsi/17/mccortex.ERR1713335.ctx
[12 Dec 2019 00:39:27-fiB][sample] 0: ERR1713335
[12 Dec 2019 00:39:27-fiB][task] metagenomics/kmer-counts-jellyfish/17/ERR1713335.kmer.gz; FASTQ offset: auto-detect, threshold: off; cut homopolymers: off; remove PCR duplicates: no; colour: 0
[12 Dec 2019 00:39:27-fiB][memory] 104 bits per kmer
[12 Dec 2019 00:39:27-fiB] Note: Using less memory than requested (4.2GB < 10GB); allows for 343,932,928 kmers
[12 Dec 2019 00:39:27-fiB][memory] graph: 4.2GB
[12 Dec 2019 00:39:27-fiB][memory] total: 4.2GB of 62.6GB RAM
[12 Dec 2019 00:39:27-fiB] Writing 1 colour graph to metagenomics/bigsi/17/mccortex.ERR1713335.ctx
[12 Dec 2019 00:39:27-fiB][hasht] Allocating table with 343,932,928 entries, using 2.6GB
[12 Dec 2019 00:39:27-fiB][hasht]  number of buckets: 8,388,608, bucket size: 41
[12 Dec 2019 00:39:27-fiB][graph] kmer-size: 17; colours: 1; capacity: 343,932,928
[12 Dec 2019 00:39:27-fiB][hasht] buckets: 8,388,608 [2^23]; bucket size: 41; 
[12 Dec 2019 00:39:27-fiB][hasht] memory: 2.6GB; filled: 0 / 343,932,928 (0.00%)
[12 Dec 2019 00:39:28-fiB][asyncio] Inputs: 1; Threads: 1
[12 Dec 2019 00:39:28-fiB][seq] Parsing sequence file metagenomics/kmer-counts-jellyfish/17/ERR1713335.kmer.gz
[12 Dec 2019 00:39:40-fiB][BuildGraph] Read 5,000,000 entries (reads / read pairs)
[12 Dec 2019 00:39:45-fiB][seq] Loaded 8,550,565 reads and 0 reads pairs (file: metagenomics/kmer-counts-jellyfish/17/ERR1713335.kmer.gz)
[12 Dec 2019 00:39:45-fiB][hasht] buckets: 8,388,608 [2^23]; bucket size: 41; 
[12 Dec 2019 00:39:45-fiB][hasht] memory: 2.6GB; filled: 8,550,565 / 343,932,928 (2.49%)
[12 Dec 2019 00:39:45-fiB][hasht]  collisions  0: 8550565
[12 Dec 2019 00:39:45-fiB][task] input: metagenomics/kmer-counts-jellyfish/17/ERR1713335.kmer.gz colour: 0
[12 Dec 2019 00:39:45-fiB]  SE reads: 8,550,565  PE reads: 0
[12 Dec 2019 00:39:45-fiB]  good reads: 8,550,565  bad reads: 0
[12 Dec 2019 00:39:45-fiB]  dup SE reads: 0  dup PE pairs: 0
[12 Dec 2019 00:39:45-fiB]  bases read: 145,359,605  bases loaded: 145,359,605
[12 Dec 2019 00:39:45-fiB]  num contigs: 8,550,565  num kmers: 8,550,565 novel kmers: 8,550,565
[12 Dec 2019 00:39:45-fiB] Dumping graph...
[12 Dec 2019 00:39:45-fiB][graphwriter] Saving file to: metagenomics/bigsi/17/mccortex.ERR1713335.ctx
[12 Dec 2019 00:39:45-fiB][FileFilter] Writing graph  [1 src colour]
[12 Dec 2019 00:39:47-fiB][graphwriter] Dumped 8,550,565 kmers in 1 colour into: metagenomics/bigsi/17/mccortex.ERR1713335.ctx (ver: 6)
[12 Dec 2019 00:39:47-fiB][memory] We made 19 allocs
[12 Dec 2019 00:39:47-fiB] Done.
[12 Dec 2019 00:39:47-fiB][time] 20.00 seconds
	Command being timed: "mccortex 17 build --nkmers 340000000 --threads 1 --kmer 17 --mem 10G --sample ERR1713335 --seq metagenomics/kmer-counts-jellyfish/17/ERR1713335.kmer.gz metagenomics/bigsi/17/mccortex.ERR1713335.ctx"
	User time (seconds): 20.43
	System time (seconds): 12.40
	Percent of CPU this job got: 168%
	Elapsed (wall clock) time (h:mm:ss or m:ss): 0:19.44
	Average shared text size (kbytes): 0
	Average unshared data size (kbytes): 0
	Average stack size (kbytes): 0
	Average total size (kbytes): 0
	Maximum resident set size (kbytes): 4056988
	Average resident set size (kbytes): 0
	Major (requiring I/O) page faults: 0
	Minor (reclaiming a frame) page faults: 3238620
	Voluntary context switches: 1604477
	Involuntary context switches: 71
	Swaps: 0
	File system inputs: 95272
	File system outputs: 217128
	Socket messages sent: 0
	Socket messages received: 0
	Signals delivered: 0
	Page size (bytes): 4096
	Exit status: 0
