[12 Dec 2019 00:42:08-yIc][cmd] /home/CSCScience.ca/apetkau/miniconda3/envs/bigsi_mccortex/bin/mccortex31 build --nkmers 340000000 --threads 1 --kmer 17 --mem 10G --sample ERR1713341 --seq metagenomics/kmer-counts-jellyfish/17/ERR1713341.kmer.gz metagenomics/bigsi/17/mccortex.ERR1713341.ctx
[12 Dec 2019 00:42:08-yIc][cwd] /home/CSCScience.ca/apetkau/workspace/comp7934-project
[12 Dec 2019 00:42:08-yIc][version] mccortex=v0.0.3-610-g400c0e3 zlib=1.2.11 htslib=1.8-17-g699ed53 ASSERTS=ON hash=Lookup3 CHECKS=ON k=3..31
[12 Dec 2019 00:42:08-yIc] Saving graph to: metagenomics/bigsi/17/mccortex.ERR1713341.ctx
[12 Dec 2019 00:42:08-yIc][sample] 0: ERR1713341
[12 Dec 2019 00:42:08-yIc][task] metagenomics/kmer-counts-jellyfish/17/ERR1713341.kmer.gz; FASTQ offset: auto-detect, threshold: off; cut homopolymers: off; remove PCR duplicates: no; colour: 0
[12 Dec 2019 00:42:08-yIc][memory] 104 bits per kmer
[12 Dec 2019 00:42:08-yIc] Note: Using less memory than requested (4.2GB < 10GB); allows for 343,932,928 kmers
[12 Dec 2019 00:42:08-yIc][memory] graph: 4.2GB
[12 Dec 2019 00:42:08-yIc][memory] total: 4.2GB of 62.6GB RAM
[12 Dec 2019 00:42:08-yIc] Writing 1 colour graph to metagenomics/bigsi/17/mccortex.ERR1713341.ctx
[12 Dec 2019 00:42:08-yIc][hasht] Allocating table with 343,932,928 entries, using 2.6GB
[12 Dec 2019 00:42:08-yIc][hasht]  number of buckets: 8,388,608, bucket size: 41
[12 Dec 2019 00:42:08-yIc][graph] kmer-size: 17; colours: 1; capacity: 343,932,928
[12 Dec 2019 00:42:08-yIc][hasht] buckets: 8,388,608 [2^23]; bucket size: 41; 
[12 Dec 2019 00:42:08-yIc][hasht] memory: 2.6GB; filled: 0 / 343,932,928 (0.00%)
[12 Dec 2019 00:42:08-yIc][asyncio] Inputs: 1; Threads: 1
[12 Dec 2019 00:42:08-yIc][seq] Parsing sequence file metagenomics/kmer-counts-jellyfish/17/ERR1713341.kmer.gz
[12 Dec 2019 00:42:21-yIc][BuildGraph] Read 5,000,000 entries (reads / read pairs)
[12 Dec 2019 00:42:27-yIc][seq] Loaded 8,447,227 reads and 0 reads pairs (file: metagenomics/kmer-counts-jellyfish/17/ERR1713341.kmer.gz)
[12 Dec 2019 00:42:27-yIc][hasht] buckets: 8,388,608 [2^23]; bucket size: 41; 
[12 Dec 2019 00:42:27-yIc][hasht] memory: 2.6GB; filled: 8,447,227 / 343,932,928 (2.46%)
[12 Dec 2019 00:42:27-yIc][hasht]  collisions  0: 8447227
[12 Dec 2019 00:42:27-yIc][task] input: metagenomics/kmer-counts-jellyfish/17/ERR1713341.kmer.gz colour: 0
[12 Dec 2019 00:42:27-yIc]  SE reads: 8,447,227  PE reads: 0
[12 Dec 2019 00:42:27-yIc]  good reads: 8,447,227  bad reads: 0
[12 Dec 2019 00:42:27-yIc]  dup SE reads: 0  dup PE pairs: 0
[12 Dec 2019 00:42:27-yIc]  bases read: 143,602,859  bases loaded: 143,602,859
[12 Dec 2019 00:42:27-yIc]  num contigs: 8,447,227  num kmers: 8,447,227 novel kmers: 8,447,227
[12 Dec 2019 00:42:27-yIc] Dumping graph...
[12 Dec 2019 00:42:27-yIc][graphwriter] Saving file to: metagenomics/bigsi/17/mccortex.ERR1713341.ctx
[12 Dec 2019 00:42:27-yIc][FileFilter] Writing graph  [1 src colour]
[12 Dec 2019 00:42:29-yIc][graphwriter] Dumped 8,447,227 kmers in 1 colour into: metagenomics/bigsi/17/mccortex.ERR1713341.ctx (ver: 6)
[12 Dec 2019 00:42:29-yIc][memory] We made 19 allocs
[12 Dec 2019 00:42:29-yIc] Done.
[12 Dec 2019 00:42:29-yIc][time] 21.00 seconds
	Command being timed: "mccortex 17 build --nkmers 340000000 --threads 1 --kmer 17 --mem 10G --sample ERR1713341 --seq metagenomics/kmer-counts-jellyfish/17/ERR1713341.kmer.gz metagenomics/bigsi/17/mccortex.ERR1713341.ctx"
	User time (seconds): 21.07
	System time (seconds): 13.43
	Percent of CPU this job got: 168%
	Elapsed (wall clock) time (h:mm:ss or m:ss): 0:20.52
	Average shared text size (kbytes): 0
	Average unshared data size (kbytes): 0
	Average stack size (kbytes): 0
	Average total size (kbytes): 0
	Maximum resident set size (kbytes): 4056932
	Average resident set size (kbytes): 0
	Major (requiring I/O) page faults: 0
	Minor (reclaiming a frame) page faults: 3879557
	Voluntary context switches: 1907361
	Involuntary context switches: 78
	Swaps: 0
	File system inputs: 94200
	File system outputs: 214504
	Socket messages sent: 0
	Socket messages received: 0
	Signals delivered: 0
	Page size (bytes): 4096
	Exit status: 0
