[12 Dec 2019 00:39:28-JuZ][cmd] /home/CSCScience.ca/apetkau/miniconda3/envs/bigsi_mccortex/bin/mccortex31 build --nkmers 340000000 --threads 1 --kmer 17 --mem 10G --sample ERR1713337 --seq metagenomics/kmer-counts-jellyfish/17/ERR1713337.kmer.gz metagenomics/bigsi/17/mccortex.ERR1713337.ctx
[12 Dec 2019 00:39:28-JuZ][cwd] /home/CSCScience.ca/apetkau/workspace/comp7934-project
[12 Dec 2019 00:39:28-JuZ][version] mccortex=v0.0.3-610-g400c0e3 zlib=1.2.11 htslib=1.8-17-g699ed53 ASSERTS=ON hash=Lookup3 CHECKS=ON k=3..31
[12 Dec 2019 00:39:28-JuZ] Saving graph to: metagenomics/bigsi/17/mccortex.ERR1713337.ctx
[12 Dec 2019 00:39:28-JuZ][sample] 0: ERR1713337
[12 Dec 2019 00:39:28-JuZ][task] metagenomics/kmer-counts-jellyfish/17/ERR1713337.kmer.gz; FASTQ offset: auto-detect, threshold: off; cut homopolymers: off; remove PCR duplicates: no; colour: 0
[12 Dec 2019 00:39:28-JuZ][memory] 104 bits per kmer
[12 Dec 2019 00:39:28-JuZ] Note: Using less memory than requested (4.2GB < 10GB); allows for 343,932,928 kmers
[12 Dec 2019 00:39:28-JuZ][memory] graph: 4.2GB
[12 Dec 2019 00:39:28-JuZ][memory] total: 4.2GB of 62.6GB RAM
[12 Dec 2019 00:39:28-JuZ] Writing 1 colour graph to metagenomics/bigsi/17/mccortex.ERR1713337.ctx
[12 Dec 2019 00:39:28-JuZ][hasht] Allocating table with 343,932,928 entries, using 2.6GB
[12 Dec 2019 00:39:28-JuZ][hasht]  number of buckets: 8,388,608, bucket size: 41
[12 Dec 2019 00:39:28-JuZ][graph] kmer-size: 17; colours: 1; capacity: 343,932,928
[12 Dec 2019 00:39:28-JuZ][hasht] buckets: 8,388,608 [2^23]; bucket size: 41; 
[12 Dec 2019 00:39:28-JuZ][hasht] memory: 2.6GB; filled: 0 / 343,932,928 (0.00%)
[12 Dec 2019 00:39:28-JuZ][asyncio] Inputs: 1; Threads: 1
[12 Dec 2019 00:39:28-JuZ][seq] Parsing sequence file metagenomics/kmer-counts-jellyfish/17/ERR1713337.kmer.gz
[12 Dec 2019 00:39:40-JuZ][BuildGraph] Read 5,000,000 entries (reads / read pairs)
[12 Dec 2019 00:39:45-JuZ][seq] Loaded 8,582,027 reads and 0 reads pairs (file: metagenomics/kmer-counts-jellyfish/17/ERR1713337.kmer.gz)
[12 Dec 2019 00:39:45-JuZ][hasht] buckets: 8,388,608 [2^23]; bucket size: 41; 
[12 Dec 2019 00:39:45-JuZ][hasht] memory: 2.6GB; filled: 8,582,027 / 343,932,928 (2.50%)
[12 Dec 2019 00:39:45-JuZ][hasht]  collisions  0: 8582027
[12 Dec 2019 00:39:45-JuZ][task] input: metagenomics/kmer-counts-jellyfish/17/ERR1713337.kmer.gz colour: 0
[12 Dec 2019 00:39:45-JuZ]  SE reads: 8,582,027  PE reads: 0
[12 Dec 2019 00:39:45-JuZ]  good reads: 8,582,027  bad reads: 0
[12 Dec 2019 00:39:45-JuZ]  dup SE reads: 0  dup PE pairs: 0
[12 Dec 2019 00:39:45-JuZ]  bases read: 145,894,459  bases loaded: 145,894,459
[12 Dec 2019 00:39:45-JuZ]  num contigs: 8,582,027  num kmers: 8,582,027 novel kmers: 8,582,027
[12 Dec 2019 00:39:45-JuZ] Dumping graph...
[12 Dec 2019 00:39:45-JuZ][graphwriter] Saving file to: metagenomics/bigsi/17/mccortex.ERR1713337.ctx
[12 Dec 2019 00:39:45-JuZ][FileFilter] Writing graph  [1 src colour]
[12 Dec 2019 00:39:47-JuZ][graphwriter] Dumped 8,582,027 kmers in 1 colour into: metagenomics/bigsi/17/mccortex.ERR1713337.ctx (ver: 6)
[12 Dec 2019 00:39:47-JuZ][memory] We made 19 allocs
[12 Dec 2019 00:39:47-JuZ] Done.
[12 Dec 2019 00:39:47-JuZ][time] 19.00 seconds
	Command being timed: "mccortex 17 build --nkmers 340000000 --threads 1 --kmer 17 --mem 10G --sample ERR1713337 --seq metagenomics/kmer-counts-jellyfish/17/ERR1713337.kmer.gz metagenomics/bigsi/17/mccortex.ERR1713337.ctx"
	User time (seconds): 21.00
	System time (seconds): 12.59
	Percent of CPU this job got: 170%
	Elapsed (wall clock) time (h:mm:ss or m:ss): 0:19.74
	Average shared text size (kbytes): 0
	Average unshared data size (kbytes): 0
	Average stack size (kbytes): 0
	Average total size (kbytes): 0
	Maximum resident set size (kbytes): 4056800
	Average resident set size (kbytes): 0
	Major (requiring I/O) page faults: 0
	Minor (reclaiming a frame) page faults: 3297784
	Voluntary context switches: 1663404
	Involuntary context switches: 70
	Swaps: 0
	File system inputs: 95824
	File system outputs: 217920
	Socket messages sent: 0
	Socket messages received: 0
	Signals delivered: 0
	Page size (bytes): 4096
	Exit status: 0
