[12 Dec 2019 00:44:58-XoN][cmd] /home/CSCScience.ca/apetkau/miniconda3/envs/bigsi_mccortex/bin/mccortex31 build --nkmers 340000000 --threads 1 --kmer 17 --mem 10G --sample ERR1713355 --seq metagenomics/kmer-counts-jellyfish/17/ERR1713355.kmer.gz metagenomics/bigsi/17/mccortex.ERR1713355.ctx
[12 Dec 2019 00:44:58-XoN][cwd] /home/CSCScience.ca/apetkau/workspace/comp7934-project
[12 Dec 2019 00:44:58-XoN][version] mccortex=v0.0.3-610-g400c0e3 zlib=1.2.11 htslib=1.8-17-g699ed53 ASSERTS=ON hash=Lookup3 CHECKS=ON k=3..31
[12 Dec 2019 00:44:58-XoN] Saving graph to: metagenomics/bigsi/17/mccortex.ERR1713355.ctx
[12 Dec 2019 00:44:58-XoN][sample] 0: ERR1713355
[12 Dec 2019 00:44:58-XoN][task] metagenomics/kmer-counts-jellyfish/17/ERR1713355.kmer.gz; FASTQ offset: auto-detect, threshold: off; cut homopolymers: off; remove PCR duplicates: no; colour: 0
[12 Dec 2019 00:44:58-XoN][memory] 104 bits per kmer
[12 Dec 2019 00:44:58-XoN] Note: Using less memory than requested (4.2GB < 10GB); allows for 343,932,928 kmers
[12 Dec 2019 00:44:58-XoN][memory] graph: 4.2GB
[12 Dec 2019 00:44:58-XoN][memory] total: 4.2GB of 62.6GB RAM
[12 Dec 2019 00:44:58-XoN] Writing 1 colour graph to metagenomics/bigsi/17/mccortex.ERR1713355.ctx
[12 Dec 2019 00:44:58-XoN][hasht] Allocating table with 343,932,928 entries, using 2.6GB
[12 Dec 2019 00:44:58-XoN][hasht]  number of buckets: 8,388,608, bucket size: 41
[12 Dec 2019 00:44:58-XoN][graph] kmer-size: 17; colours: 1; capacity: 343,932,928
[12 Dec 2019 00:44:58-XoN][hasht] buckets: 8,388,608 [2^23]; bucket size: 41; 
[12 Dec 2019 00:44:58-XoN][hasht] memory: 2.6GB; filled: 0 / 343,932,928 (0.00%)
[12 Dec 2019 00:44:58-XoN][asyncio] Inputs: 1; Threads: 1
[12 Dec 2019 00:44:58-XoN][seq] Parsing sequence file metagenomics/kmer-counts-jellyfish/17/ERR1713355.kmer.gz
[12 Dec 2019 00:45:10-XoN][BuildGraph] Read 5,000,000 entries (reads / read pairs)
[12 Dec 2019 00:45:16-XoN][seq] Loaded 8,395,889 reads and 0 reads pairs (file: metagenomics/kmer-counts-jellyfish/17/ERR1713355.kmer.gz)
[12 Dec 2019 00:45:16-XoN][hasht] buckets: 8,388,608 [2^23]; bucket size: 41; 
[12 Dec 2019 00:45:16-XoN][hasht] memory: 2.6GB; filled: 8,395,889 / 343,932,928 (2.44%)
[12 Dec 2019 00:45:16-XoN][hasht]  collisions  0: 8395889
[12 Dec 2019 00:45:16-XoN][task] input: metagenomics/kmer-counts-jellyfish/17/ERR1713355.kmer.gz colour: 0
[12 Dec 2019 00:45:16-XoN]  SE reads: 8,395,889  PE reads: 0
[12 Dec 2019 00:45:16-XoN]  good reads: 8,395,889  bad reads: 0
[12 Dec 2019 00:45:16-XoN]  dup SE reads: 0  dup PE pairs: 0
[12 Dec 2019 00:45:16-XoN]  bases read: 142,730,113  bases loaded: 142,730,113
[12 Dec 2019 00:45:16-XoN]  num contigs: 8,395,889  num kmers: 8,395,889 novel kmers: 8,395,889
[12 Dec 2019 00:45:16-XoN] Dumping graph...
[12 Dec 2019 00:45:16-XoN][graphwriter] Saving file to: metagenomics/bigsi/17/mccortex.ERR1713355.ctx
[12 Dec 2019 00:45:16-XoN][FileFilter] Writing graph  [1 src colour]
[12 Dec 2019 00:45:17-XoN][graphwriter] Dumped 8,395,889 kmers in 1 colour into: metagenomics/bigsi/17/mccortex.ERR1713355.ctx (ver: 6)
[12 Dec 2019 00:45:18-XoN][memory] We made 19 allocs
[12 Dec 2019 00:45:18-XoN] Done.
[12 Dec 2019 00:45:18-XoN][time] 20.00 seconds
	Command being timed: "mccortex 17 build --nkmers 340000000 --threads 1 --kmer 17 --mem 10G --sample ERR1713355 --seq metagenomics/kmer-counts-jellyfish/17/ERR1713355.kmer.gz metagenomics/bigsi/17/mccortex.ERR1713355.ctx"
	User time (seconds): 20.45
	System time (seconds): 12.70
	Percent of CPU this job got: 166%
	Elapsed (wall clock) time (h:mm:ss or m:ss): 0:19.96
	Average shared text size (kbytes): 0
	Average unshared data size (kbytes): 0
	Average stack size (kbytes): 0
	Average total size (kbytes): 0
	Maximum resident set size (kbytes): 4056872
	Average resident set size (kbytes): 0
	Major (requiring I/O) page faults: 0
	Minor (reclaiming a frame) page faults: 3889008
	Voluntary context switches: 1840138
	Involuntary context switches: 279
	Swaps: 0
	File system inputs: 93576
	File system outputs: 213200
	Socket messages sent: 0
	Socket messages received: 0
	Signals delivered: 0
	Page size (bytes): 4096
	Exit status: 0
