[12 Dec 2019 00:53:23-tEm][cmd] /home/CSCScience.ca/apetkau/miniconda3/envs/bigsi_mccortex/bin/mccortex31 build --nkmers 340000000 --threads 1 --kmer 17 --mem 10G --sample ERR1713401 --seq metagenomics/kmer-counts-jellyfish/17/ERR1713401.kmer.gz metagenomics/bigsi/17/mccortex.ERR1713401.ctx
[12 Dec 2019 00:53:23-tEm][cwd] /home/CSCScience.ca/apetkau/workspace/comp7934-project
[12 Dec 2019 00:53:23-tEm][version] mccortex=v0.0.3-610-g400c0e3 zlib=1.2.11 htslib=1.8-17-g699ed53 ASSERTS=ON hash=Lookup3 CHECKS=ON k=3..31
[12 Dec 2019 00:53:23-tEm] Saving graph to: metagenomics/bigsi/17/mccortex.ERR1713401.ctx
[12 Dec 2019 00:53:23-tEm][sample] 0: ERR1713401
[12 Dec 2019 00:53:23-tEm][task] metagenomics/kmer-counts-jellyfish/17/ERR1713401.kmer.gz; FASTQ offset: auto-detect, threshold: off; cut homopolymers: off; remove PCR duplicates: no; colour: 0
[12 Dec 2019 00:53:23-tEm][memory] 104 bits per kmer
[12 Dec 2019 00:53:23-tEm] Note: Using less memory than requested (4.2GB < 10GB); allows for 343,932,928 kmers
[12 Dec 2019 00:53:23-tEm][memory] graph: 4.2GB
[12 Dec 2019 00:53:23-tEm][memory] total: 4.2GB of 62.6GB RAM
[12 Dec 2019 00:53:23-tEm] Writing 1 colour graph to metagenomics/bigsi/17/mccortex.ERR1713401.ctx
[12 Dec 2019 00:53:23-tEm][hasht] Allocating table with 343,932,928 entries, using 2.6GB
[12 Dec 2019 00:53:23-tEm][hasht]  number of buckets: 8,388,608, bucket size: 41
[12 Dec 2019 00:53:23-tEm][graph] kmer-size: 17; colours: 1; capacity: 343,932,928
[12 Dec 2019 00:53:23-tEm][hasht] buckets: 8,388,608 [2^23]; bucket size: 41; 
[12 Dec 2019 00:53:23-tEm][hasht] memory: 2.6GB; filled: 0 / 343,932,928 (0.00%)
[12 Dec 2019 00:53:23-tEm][asyncio] Inputs: 1; Threads: 1
[12 Dec 2019 00:53:23-tEm][seq] Parsing sequence file metagenomics/kmer-counts-jellyfish/17/ERR1713401.kmer.gz
[12 Dec 2019 00:53:36-tEm][BuildGraph] Read 5,000,000 entries (reads / read pairs)
[12 Dec 2019 00:53:41-tEm][seq] Loaded 8,435,260 reads and 0 reads pairs (file: metagenomics/kmer-counts-jellyfish/17/ERR1713401.kmer.gz)
[12 Dec 2019 00:53:41-tEm][hasht] buckets: 8,388,608 [2^23]; bucket size: 41; 
[12 Dec 2019 00:53:41-tEm][hasht] memory: 2.6GB; filled: 8,435,260 / 343,932,928 (2.45%)
[12 Dec 2019 00:53:41-tEm][hasht]  collisions  0: 8435260
[12 Dec 2019 00:53:41-tEm][task] input: metagenomics/kmer-counts-jellyfish/17/ERR1713401.kmer.gz colour: 0
[12 Dec 2019 00:53:41-tEm]  SE reads: 8,435,260  PE reads: 0
[12 Dec 2019 00:53:41-tEm]  good reads: 8,435,260  bad reads: 0
[12 Dec 2019 00:53:41-tEm]  dup SE reads: 0  dup PE pairs: 0
[12 Dec 2019 00:53:41-tEm]  bases read: 143,399,420  bases loaded: 143,399,420
[12 Dec 2019 00:53:41-tEm]  num contigs: 8,435,260  num kmers: 8,435,260 novel kmers: 8,435,260
[12 Dec 2019 00:53:41-tEm] Dumping graph...
[12 Dec 2019 00:53:41-tEm][graphwriter] Saving file to: metagenomics/bigsi/17/mccortex.ERR1713401.ctx
[12 Dec 2019 00:53:41-tEm][FileFilter] Writing graph  [1 src colour]
[12 Dec 2019 00:53:43-tEm][graphwriter] Dumped 8,435,260 kmers in 1 colour into: metagenomics/bigsi/17/mccortex.ERR1713401.ctx (ver: 6)
[12 Dec 2019 00:53:43-tEm][memory] We made 19 allocs
[12 Dec 2019 00:53:43-tEm] Done.
[12 Dec 2019 00:53:43-tEm][time] 20.00 seconds
	Command being timed: "mccortex 17 build --nkmers 340000000 --threads 1 --kmer 17 --mem 10G --sample ERR1713401 --seq metagenomics/kmer-counts-jellyfish/17/ERR1713401.kmer.gz metagenomics/bigsi/17/mccortex.ERR1713401.ctx"
	User time (seconds): 21.16
	System time (seconds): 12.43
	Percent of CPU this job got: 164%
	Elapsed (wall clock) time (h:mm:ss or m:ss): 0:20.38
	Average shared text size (kbytes): 0
	Average unshared data size (kbytes): 0
	Average stack size (kbytes): 0
	Average total size (kbytes): 0
	Maximum resident set size (kbytes): 4056896
	Average resident set size (kbytes): 0
	Major (requiring I/O) page faults: 0
	Minor (reclaiming a frame) page faults: 4034502
	Voluntary context switches: 1900620
	Involuntary context switches: 12306
	Swaps: 0
	File system inputs: 94152
	File system outputs: 214192
	Socket messages sent: 0
	Socket messages received: 0
	Signals delivered: 0
	Page size (bytes): 4096
	Exit status: 0
