[12 Dec 2019 00:50:13-CoW][cmd] /home/CSCScience.ca/apetkau/miniconda3/envs/bigsi_mccortex/bin/mccortex31 build --nkmers 340000000 --threads 1 --kmer 17 --mem 10G --sample ERR1713379 --seq metagenomics/kmer-counts-jellyfish/17/ERR1713379.kmer.gz metagenomics/bigsi/17/mccortex.ERR1713379.ctx
[12 Dec 2019 00:50:13-CoW][cwd] /home/CSCScience.ca/apetkau/workspace/comp7934-project
[12 Dec 2019 00:50:13-CoW][version] mccortex=v0.0.3-610-g400c0e3 zlib=1.2.11 htslib=1.8-17-g699ed53 ASSERTS=ON hash=Lookup3 CHECKS=ON k=3..31
[12 Dec 2019 00:50:13-CoW] Saving graph to: metagenomics/bigsi/17/mccortex.ERR1713379.ctx
[12 Dec 2019 00:50:13-CoW][sample] 0: ERR1713379
[12 Dec 2019 00:50:13-CoW][task] metagenomics/kmer-counts-jellyfish/17/ERR1713379.kmer.gz; FASTQ offset: auto-detect, threshold: off; cut homopolymers: off; remove PCR duplicates: no; colour: 0
[12 Dec 2019 00:50:13-CoW][memory] 104 bits per kmer
[12 Dec 2019 00:50:13-CoW] Note: Using less memory than requested (4.2GB < 10GB); allows for 343,932,928 kmers
[12 Dec 2019 00:50:13-CoW][memory] graph: 4.2GB
[12 Dec 2019 00:50:13-CoW][memory] total: 4.2GB of 62.6GB RAM
[12 Dec 2019 00:50:13-CoW] Writing 1 colour graph to metagenomics/bigsi/17/mccortex.ERR1713379.ctx
[12 Dec 2019 00:50:13-CoW][hasht] Allocating table with 343,932,928 entries, using 2.6GB
[12 Dec 2019 00:50:13-CoW][hasht]  number of buckets: 8,388,608, bucket size: 41
[12 Dec 2019 00:50:13-CoW][graph] kmer-size: 17; colours: 1; capacity: 343,932,928
[12 Dec 2019 00:50:13-CoW][hasht] buckets: 8,388,608 [2^23]; bucket size: 41; 
[12 Dec 2019 00:50:13-CoW][hasht] memory: 2.6GB; filled: 0 / 343,932,928 (0.00%)
[12 Dec 2019 00:50:13-CoW][asyncio] Inputs: 1; Threads: 1
[12 Dec 2019 00:50:13-CoW][seq] Parsing sequence file metagenomics/kmer-counts-jellyfish/17/ERR1713379.kmer.gz
[12 Dec 2019 00:50:27-CoW][BuildGraph] Read 5,000,000 entries (reads / read pairs)
[12 Dec 2019 00:50:33-CoW][seq] Loaded 8,680,119 reads and 0 reads pairs (file: metagenomics/kmer-counts-jellyfish/17/ERR1713379.kmer.gz)
[12 Dec 2019 00:50:33-CoW][hasht] buckets: 8,388,608 [2^23]; bucket size: 41; 
[12 Dec 2019 00:50:33-CoW][hasht] memory: 2.6GB; filled: 8,680,119 / 343,932,928 (2.52%)
[12 Dec 2019 00:50:33-CoW][hasht]  collisions  0: 8680119
[12 Dec 2019 00:50:33-CoW][task] input: metagenomics/kmer-counts-jellyfish/17/ERR1713379.kmer.gz colour: 0
[12 Dec 2019 00:50:33-CoW]  SE reads: 8,680,119  PE reads: 0
[12 Dec 2019 00:50:33-CoW]  good reads: 8,680,119  bad reads: 0
[12 Dec 2019 00:50:33-CoW]  dup SE reads: 0  dup PE pairs: 0
[12 Dec 2019 00:50:33-CoW]  bases read: 147,562,023  bases loaded: 147,562,023
[12 Dec 2019 00:50:33-CoW]  num contigs: 8,680,119  num kmers: 8,680,119 novel kmers: 8,680,119
[12 Dec 2019 00:50:33-CoW] Dumping graph...
[12 Dec 2019 00:50:33-CoW][graphwriter] Saving file to: metagenomics/bigsi/17/mccortex.ERR1713379.ctx
[12 Dec 2019 00:50:33-CoW][FileFilter] Writing graph  [1 src colour]
[12 Dec 2019 00:50:35-CoW][graphwriter] Dumped 8,680,119 kmers in 1 colour into: metagenomics/bigsi/17/mccortex.ERR1713379.ctx (ver: 6)
[12 Dec 2019 00:50:35-CoW][memory] We made 19 allocs
[12 Dec 2019 00:50:35-CoW] Done.
[12 Dec 2019 00:50:35-CoW][time] 22.00 seconds
	Command being timed: "mccortex 17 build --nkmers 340000000 --threads 1 --kmer 17 --mem 10G --sample ERR1713379 --seq metagenomics/kmer-counts-jellyfish/17/ERR1713379.kmer.gz metagenomics/bigsi/17/mccortex.ERR1713379.ctx"
	User time (seconds): 20.54
	System time (seconds): 14.80
	Percent of CPU this job got: 162%
	Elapsed (wall clock) time (h:mm:ss or m:ss): 0:21.74
	Average shared text size (kbytes): 0
	Average unshared data size (kbytes): 0
	Average stack size (kbytes): 0
	Average total size (kbytes): 0
	Maximum resident set size (kbytes): 4056992
	Average resident set size (kbytes): 0
	Major (requiring I/O) page faults: 0
	Minor (reclaiming a frame) page faults: 3962571
	Voluntary context switches: 1920905
	Involuntary context switches: 416
	Swaps: 0
	File system inputs: 96800
	File system outputs: 220424
	Socket messages sent: 0
	Socket messages received: 0
	Signals delivered: 0
	Page size (bytes): 4096
	Exit status: 0
