[12 Dec 2019 00:39:27-Bol][cmd] /home/CSCScience.ca/apetkau/miniconda3/envs/bigsi_mccortex/bin/mccortex31 build --nkmers 340000000 --threads 1 --kmer 17 --mem 10G --sample ERR1713333 --seq metagenomics/kmer-counts-jellyfish/17/ERR1713333.kmer.gz metagenomics/bigsi/17/mccortex.ERR1713333.ctx
[12 Dec 2019 00:39:27-Bol][cwd] /home/CSCScience.ca/apetkau/workspace/comp7934-project
[12 Dec 2019 00:39:27-Bol][version] mccortex=v0.0.3-610-g400c0e3 zlib=1.2.11 htslib=1.8-17-g699ed53 ASSERTS=ON hash=Lookup3 CHECKS=ON k=3..31
[12 Dec 2019 00:39:27-Bol] Saving graph to: metagenomics/bigsi/17/mccortex.ERR1713333.ctx
[12 Dec 2019 00:39:27-Bol][sample] 0: ERR1713333
[12 Dec 2019 00:39:27-Bol][task] metagenomics/kmer-counts-jellyfish/17/ERR1713333.kmer.gz; FASTQ offset: auto-detect, threshold: off; cut homopolymers: off; remove PCR duplicates: no; colour: 0
[12 Dec 2019 00:39:27-Bol][memory] 104 bits per kmer
[12 Dec 2019 00:39:27-Bol] Note: Using less memory than requested (4.2GB < 10GB); allows for 343,932,928 kmers
[12 Dec 2019 00:39:27-Bol][memory] graph: 4.2GB
[12 Dec 2019 00:39:27-Bol][memory] total: 4.2GB of 62.6GB RAM
[12 Dec 2019 00:39:27-Bol] Writing 1 colour graph to metagenomics/bigsi/17/mccortex.ERR1713333.ctx
[12 Dec 2019 00:39:27-Bol][hasht] Allocating table with 343,932,928 entries, using 2.6GB
[12 Dec 2019 00:39:27-Bol][hasht]  number of buckets: 8,388,608, bucket size: 41
[12 Dec 2019 00:39:27-Bol][graph] kmer-size: 17; colours: 1; capacity: 343,932,928
[12 Dec 2019 00:39:27-Bol][hasht] buckets: 8,388,608 [2^23]; bucket size: 41; 
[12 Dec 2019 00:39:27-Bol][hasht] memory: 2.6GB; filled: 0 / 343,932,928 (0.00%)
[12 Dec 2019 00:39:27-Bol][asyncio] Inputs: 1; Threads: 1
[12 Dec 2019 00:39:27-Bol][seq] Parsing sequence file metagenomics/kmer-counts-jellyfish/17/ERR1713333.kmer.gz
[12 Dec 2019 00:39:41-Bol][BuildGraph] Read 5,000,000 entries (reads / read pairs)
[12 Dec 2019 00:39:46-Bol][seq] Loaded 8,287,333 reads and 0 reads pairs (file: metagenomics/kmer-counts-jellyfish/17/ERR1713333.kmer.gz)
[12 Dec 2019 00:39:46-Bol][hasht] buckets: 8,388,608 [2^23]; bucket size: 41; 
[12 Dec 2019 00:39:46-Bol][hasht] memory: 2.6GB; filled: 8,287,333 / 343,932,928 (2.41%)
[12 Dec 2019 00:39:46-Bol][hasht]  collisions  0: 8287333
[12 Dec 2019 00:39:46-Bol][task] input: metagenomics/kmer-counts-jellyfish/17/ERR1713333.kmer.gz colour: 0
[12 Dec 2019 00:39:46-Bol]  SE reads: 8,287,333  PE reads: 0
[12 Dec 2019 00:39:46-Bol]  good reads: 8,287,333  bad reads: 0
[12 Dec 2019 00:39:46-Bol]  dup SE reads: 0  dup PE pairs: 0
[12 Dec 2019 00:39:46-Bol]  bases read: 140,884,661  bases loaded: 140,884,661
[12 Dec 2019 00:39:46-Bol]  num contigs: 8,287,333  num kmers: 8,287,333 novel kmers: 8,287,333
[12 Dec 2019 00:39:46-Bol] Dumping graph...
[12 Dec 2019 00:39:46-Bol][graphwriter] Saving file to: metagenomics/bigsi/17/mccortex.ERR1713333.ctx
[12 Dec 2019 00:39:46-Bol][FileFilter] Writing graph  [1 src colour]
[12 Dec 2019 00:39:47-Bol][graphwriter] Dumped 8,287,333 kmers in 1 colour into: metagenomics/bigsi/17/mccortex.ERR1713333.ctx (ver: 6)
[12 Dec 2019 00:39:48-Bol][memory] We made 19 allocs
[12 Dec 2019 00:39:48-Bol] Done.
[12 Dec 2019 00:39:48-Bol][time] 21.00 seconds
	Command being timed: "mccortex 17 build --nkmers 340000000 --threads 1 --kmer 17 --mem 10G --sample ERR1713333 --seq metagenomics/kmer-counts-jellyfish/17/ERR1713333.kmer.gz metagenomics/bigsi/17/mccortex.ERR1713333.ctx"
	User time (seconds): 20.58
	System time (seconds): 13.20
	Percent of CPU this job got: 165%
	Elapsed (wall clock) time (h:mm:ss or m:ss): 0:20.35
	Average shared text size (kbytes): 0
	Average unshared data size (kbytes): 0
	Average stack size (kbytes): 0
	Average total size (kbytes): 0
	Maximum resident set size (kbytes): 4056812
	Average resident set size (kbytes): 0
	Major (requiring I/O) page faults: 0
	Minor (reclaiming a frame) page faults: 3475564
	Voluntary context switches: 1724250
	Involuntary context switches: 397
	Swaps: 0
	File system inputs: 92480
	File system outputs: 210440
	Socket messages sent: 0
	Socket messages received: 0
	Signals delivered: 0
	Page size (bytes): 4096
	Exit status: 0
