[12 Dec 2019 00:45:10-jAx][cmd] /home/CSCScience.ca/apetkau/miniconda3/envs/bigsi_mccortex/bin/mccortex31 build --nkmers 340000000 --threads 1 --kmer 17 --mem 10G --sample ERR1713363 --seq metagenomics/kmer-counts-jellyfish/17/ERR1713363.kmer.gz metagenomics/bigsi/17/mccortex.ERR1713363.ctx
[12 Dec 2019 00:45:10-jAx][cwd] /home/CSCScience.ca/apetkau/workspace/comp7934-project
[12 Dec 2019 00:45:10-jAx][version] mccortex=v0.0.3-610-g400c0e3 zlib=1.2.11 htslib=1.8-17-g699ed53 ASSERTS=ON hash=Lookup3 CHECKS=ON k=3..31
[12 Dec 2019 00:45:10-jAx] Saving graph to: metagenomics/bigsi/17/mccortex.ERR1713363.ctx
[12 Dec 2019 00:45:10-jAx][sample] 0: ERR1713363
[12 Dec 2019 00:45:10-jAx][task] metagenomics/kmer-counts-jellyfish/17/ERR1713363.kmer.gz; FASTQ offset: auto-detect, threshold: off; cut homopolymers: off; remove PCR duplicates: no; colour: 0
[12 Dec 2019 00:45:10-jAx][memory] 104 bits per kmer
[12 Dec 2019 00:45:10-jAx] Note: Using less memory than requested (4.2GB < 10GB); allows for 343,932,928 kmers
[12 Dec 2019 00:45:10-jAx][memory] graph: 4.2GB
[12 Dec 2019 00:45:10-jAx][memory] total: 4.2GB of 62.6GB RAM
[12 Dec 2019 00:45:10-jAx] Writing 1 colour graph to metagenomics/bigsi/17/mccortex.ERR1713363.ctx
[12 Dec 2019 00:45:10-jAx][hasht] Allocating table with 343,932,928 entries, using 2.6GB
[12 Dec 2019 00:45:10-jAx][hasht]  number of buckets: 8,388,608, bucket size: 41
[12 Dec 2019 00:45:10-jAx][graph] kmer-size: 17; colours: 1; capacity: 343,932,928
[12 Dec 2019 00:45:10-jAx][hasht] buckets: 8,388,608 [2^23]; bucket size: 41; 
[12 Dec 2019 00:45:10-jAx][hasht] memory: 2.6GB; filled: 0 / 343,932,928 (0.00%)
[12 Dec 2019 00:45:10-jAx][asyncio] Inputs: 1; Threads: 1
[12 Dec 2019 00:45:10-jAx][seq] Parsing sequence file metagenomics/kmer-counts-jellyfish/17/ERR1713363.kmer.gz
[12 Dec 2019 00:45:25-jAx][BuildGraph] Read 5,000,000 entries (reads / read pairs)
[12 Dec 2019 00:45:30-jAx][seq] Loaded 8,440,903 reads and 0 reads pairs (file: metagenomics/kmer-counts-jellyfish/17/ERR1713363.kmer.gz)
[12 Dec 2019 00:45:30-jAx][hasht] buckets: 8,388,608 [2^23]; bucket size: 41; 
[12 Dec 2019 00:45:30-jAx][hasht] memory: 2.6GB; filled: 8,440,903 / 343,932,928 (2.45%)
[12 Dec 2019 00:45:30-jAx][hasht]  collisions  0: 8440903
[12 Dec 2019 00:45:30-jAx][task] input: metagenomics/kmer-counts-jellyfish/17/ERR1713363.kmer.gz colour: 0
[12 Dec 2019 00:45:30-jAx]  SE reads: 8,440,903  PE reads: 0
[12 Dec 2019 00:45:30-jAx]  good reads: 8,440,903  bad reads: 0
[12 Dec 2019 00:45:30-jAx]  dup SE reads: 0  dup PE pairs: 0
[12 Dec 2019 00:45:30-jAx]  bases read: 143,495,351  bases loaded: 143,495,351
[12 Dec 2019 00:45:30-jAx]  num contigs: 8,440,903  num kmers: 8,440,903 novel kmers: 8,440,903
[12 Dec 2019 00:45:30-jAx] Dumping graph...
[12 Dec 2019 00:45:30-jAx][graphwriter] Saving file to: metagenomics/bigsi/17/mccortex.ERR1713363.ctx
[12 Dec 2019 00:45:30-jAx][FileFilter] Writing graph  [1 src colour]
[12 Dec 2019 00:45:32-jAx][graphwriter] Dumped 8,440,903 kmers in 1 colour into: metagenomics/bigsi/17/mccortex.ERR1713363.ctx (ver: 6)
[12 Dec 2019 00:45:32-jAx][memory] We made 19 allocs
[12 Dec 2019 00:45:32-jAx] Done.
[12 Dec 2019 00:45:32-jAx][time] 22.00 seconds
	Command being timed: "mccortex 17 build --nkmers 340000000 --threads 1 --kmer 17 --mem 10G --sample ERR1713363 --seq metagenomics/kmer-counts-jellyfish/17/ERR1713363.kmer.gz metagenomics/bigsi/17/mccortex.ERR1713363.ctx"
	User time (seconds): 21.90
	System time (seconds): 13.80
	Percent of CPU this job got: 162%
	Elapsed (wall clock) time (h:mm:ss or m:ss): 0:22.01
	Average shared text size (kbytes): 0
	Average unshared data size (kbytes): 0
	Average stack size (kbytes): 0
	Average total size (kbytes): 0
	Maximum resident set size (kbytes): 4057044
	Average resident set size (kbytes): 0
	Major (requiring I/O) page faults: 0
	Minor (reclaiming a frame) page faults: 3984785
	Voluntary context switches: 1882999
	Involuntary context switches: 21503
	Swaps: 0
	File system inputs: 94160
	File system outputs: 214328
	Socket messages sent: 0
	Socket messages received: 0
	Signals delivered: 0
	Page size (bytes): 4096
	Exit status: 0
