[12 Dec 2019 00:50:28-HUS][cmd] /home/CSCScience.ca/apetkau/miniconda3/envs/bigsi_mccortex/bin/mccortex31 build --nkmers 340000000 --threads 1 --kmer 17 --mem 10G --sample ERR1713388 --seq metagenomics/kmer-counts-jellyfish/17/ERR1713388.kmer.gz metagenomics/bigsi/17/mccortex.ERR1713388.ctx
[12 Dec 2019 00:50:28-HUS][cwd] /home/CSCScience.ca/apetkau/workspace/comp7934-project
[12 Dec 2019 00:50:28-HUS][version] mccortex=v0.0.3-610-g400c0e3 zlib=1.2.11 htslib=1.8-17-g699ed53 ASSERTS=ON hash=Lookup3 CHECKS=ON k=3..31
[12 Dec 2019 00:50:28-HUS] Saving graph to: metagenomics/bigsi/17/mccortex.ERR1713388.ctx
[12 Dec 2019 00:50:28-HUS][sample] 0: ERR1713388
[12 Dec 2019 00:50:28-HUS][task] metagenomics/kmer-counts-jellyfish/17/ERR1713388.kmer.gz; FASTQ offset: auto-detect, threshold: off; cut homopolymers: off; remove PCR duplicates: no; colour: 0
[12 Dec 2019 00:50:28-HUS][memory] 104 bits per kmer
[12 Dec 2019 00:50:28-HUS] Note: Using less memory than requested (4.2GB < 10GB); allows for 343,932,928 kmers
[12 Dec 2019 00:50:28-HUS][memory] graph: 4.2GB
[12 Dec 2019 00:50:28-HUS][memory] total: 4.2GB of 62.6GB RAM
[12 Dec 2019 00:50:28-HUS] Writing 1 colour graph to metagenomics/bigsi/17/mccortex.ERR1713388.ctx
[12 Dec 2019 00:50:28-HUS][hasht] Allocating table with 343,932,928 entries, using 2.6GB
[12 Dec 2019 00:50:28-HUS][hasht]  number of buckets: 8,388,608, bucket size: 41
[12 Dec 2019 00:50:28-HUS][graph] kmer-size: 17; colours: 1; capacity: 343,932,928
[12 Dec 2019 00:50:28-HUS][hasht] buckets: 8,388,608 [2^23]; bucket size: 41; 
[12 Dec 2019 00:50:28-HUS][hasht] memory: 2.6GB; filled: 0 / 343,932,928 (0.00%)
[12 Dec 2019 00:50:28-HUS][asyncio] Inputs: 1; Threads: 1
[12 Dec 2019 00:50:28-HUS][seq] Parsing sequence file metagenomics/kmer-counts-jellyfish/17/ERR1713388.kmer.gz
[12 Dec 2019 00:50:44-HUS][BuildGraph] Read 5,000,000 entries (reads / read pairs)
[12 Dec 2019 00:50:50-HUS][seq] Loaded 8,516,857 reads and 0 reads pairs (file: metagenomics/kmer-counts-jellyfish/17/ERR1713388.kmer.gz)
[12 Dec 2019 00:50:50-HUS][hasht] buckets: 8,388,608 [2^23]; bucket size: 41; 
[12 Dec 2019 00:50:50-HUS][hasht] memory: 2.6GB; filled: 8,516,857 / 343,932,928 (2.48%)
[12 Dec 2019 00:50:50-HUS][hasht]  collisions  0: 8516857
[12 Dec 2019 00:50:50-HUS][task] input: metagenomics/kmer-counts-jellyfish/17/ERR1713388.kmer.gz colour: 0
[12 Dec 2019 00:50:50-HUS]  SE reads: 8,516,857  PE reads: 0
[12 Dec 2019 00:50:50-HUS]  good reads: 8,516,857  bad reads: 0
[12 Dec 2019 00:50:50-HUS]  dup SE reads: 0  dup PE pairs: 0
[12 Dec 2019 00:50:50-HUS]  bases read: 144,786,569  bases loaded: 144,786,569
[12 Dec 2019 00:50:50-HUS]  num contigs: 8,516,857  num kmers: 8,516,857 novel kmers: 8,516,857
[12 Dec 2019 00:50:50-HUS] Dumping graph...
[12 Dec 2019 00:50:50-HUS][graphwriter] Saving file to: metagenomics/bigsi/17/mccortex.ERR1713388.ctx
[12 Dec 2019 00:50:50-HUS][FileFilter] Writing graph  [1 src colour]
[12 Dec 2019 00:50:51-HUS][graphwriter] Dumped 8,516,857 kmers in 1 colour into: metagenomics/bigsi/17/mccortex.ERR1713388.ctx (ver: 6)
[12 Dec 2019 00:50:52-HUS][memory] We made 19 allocs
[12 Dec 2019 00:50:52-HUS] Done.
[12 Dec 2019 00:50:52-HUS][time] 24.00 seconds
	Command being timed: "mccortex 17 build --nkmers 340000000 --threads 1 --kmer 17 --mem 10G --sample ERR1713388 --seq metagenomics/kmer-counts-jellyfish/17/ERR1713388.kmer.gz metagenomics/bigsi/17/mccortex.ERR1713388.ctx"
	User time (seconds): 23.74
	System time (seconds): 15.72
	Percent of CPU this job got: 163%
	Elapsed (wall clock) time (h:mm:ss or m:ss): 0:24.08
	Average shared text size (kbytes): 0
	Average unshared data size (kbytes): 0
	Average stack size (kbytes): 0
	Average total size (kbytes): 0
	Maximum resident set size (kbytes): 4056900
	Average resident set size (kbytes): 0
	Major (requiring I/O) page faults: 0
	Minor (reclaiming a frame) page faults: 4080215
	Voluntary context switches: 2122143
	Involuntary context switches: 10838
	Swaps: 0
	File system inputs: 94976
	File system outputs: 216272
	Socket messages sent: 0
	Socket messages received: 0
	Signals delivered: 0
	Page size (bytes): 4096
	Exit status: 0
