[12 Dec 2019 00:39:27-vaH][cmd] /home/CSCScience.ca/apetkau/miniconda3/envs/bigsi_mccortex/bin/mccortex31 build --nkmers 340000000 --threads 1 --kmer 17 --mem 10G --sample ERR1713334 --seq metagenomics/kmer-counts-jellyfish/17/ERR1713334.kmer.gz metagenomics/bigsi/17/mccortex.ERR1713334.ctx
[12 Dec 2019 00:39:27-vaH][cwd] /home/CSCScience.ca/apetkau/workspace/comp7934-project
[12 Dec 2019 00:39:27-vaH][version] mccortex=v0.0.3-610-g400c0e3 zlib=1.2.11 htslib=1.8-17-g699ed53 ASSERTS=ON hash=Lookup3 CHECKS=ON k=3..31
[12 Dec 2019 00:39:27-vaH] Saving graph to: metagenomics/bigsi/17/mccortex.ERR1713334.ctx
[12 Dec 2019 00:39:27-vaH][sample] 0: ERR1713334
[12 Dec 2019 00:39:27-vaH][task] metagenomics/kmer-counts-jellyfish/17/ERR1713334.kmer.gz; FASTQ offset: auto-detect, threshold: off; cut homopolymers: off; remove PCR duplicates: no; colour: 0
[12 Dec 2019 00:39:27-vaH][memory] 104 bits per kmer
[12 Dec 2019 00:39:27-vaH] Note: Using less memory than requested (4.2GB < 10GB); allows for 343,932,928 kmers
[12 Dec 2019 00:39:27-vaH][memory] graph: 4.2GB
[12 Dec 2019 00:39:27-vaH][memory] total: 4.2GB of 62.6GB RAM
[12 Dec 2019 00:39:27-vaH] Writing 1 colour graph to metagenomics/bigsi/17/mccortex.ERR1713334.ctx
[12 Dec 2019 00:39:27-vaH][hasht] Allocating table with 343,932,928 entries, using 2.6GB
[12 Dec 2019 00:39:27-vaH][hasht]  number of buckets: 8,388,608, bucket size: 41
[12 Dec 2019 00:39:27-vaH][graph] kmer-size: 17; colours: 1; capacity: 343,932,928
[12 Dec 2019 00:39:27-vaH][hasht] buckets: 8,388,608 [2^23]; bucket size: 41; 
[12 Dec 2019 00:39:27-vaH][hasht] memory: 2.6GB; filled: 0 / 343,932,928 (0.00%)
[12 Dec 2019 00:39:28-vaH][asyncio] Inputs: 1; Threads: 1
[12 Dec 2019 00:39:28-vaH][seq] Parsing sequence file metagenomics/kmer-counts-jellyfish/17/ERR1713334.kmer.gz
[12 Dec 2019 00:39:43-vaH][BuildGraph] Read 5,000,000 entries (reads / read pairs)
[12 Dec 2019 00:39:49-vaH][seq] Loaded 8,650,507 reads and 0 reads pairs (file: metagenomics/kmer-counts-jellyfish/17/ERR1713334.kmer.gz)
[12 Dec 2019 00:39:49-vaH][hasht] buckets: 8,388,608 [2^23]; bucket size: 41; 
[12 Dec 2019 00:39:49-vaH][hasht] memory: 2.6GB; filled: 8,650,507 / 343,932,928 (2.52%)
[12 Dec 2019 00:39:49-vaH][hasht]  collisions  0: 8650507
[12 Dec 2019 00:39:49-vaH][task] input: metagenomics/kmer-counts-jellyfish/17/ERR1713334.kmer.gz colour: 0
[12 Dec 2019 00:39:49-vaH]  SE reads: 8,650,507  PE reads: 0
[12 Dec 2019 00:39:49-vaH]  good reads: 8,650,507  bad reads: 0
[12 Dec 2019 00:39:49-vaH]  dup SE reads: 0  dup PE pairs: 0
[12 Dec 2019 00:39:49-vaH]  bases read: 147,058,619  bases loaded: 147,058,619
[12 Dec 2019 00:39:49-vaH]  num contigs: 8,650,507  num kmers: 8,650,507 novel kmers: 8,650,507
[12 Dec 2019 00:39:49-vaH] Dumping graph...
[12 Dec 2019 00:39:49-vaH][graphwriter] Saving file to: metagenomics/bigsi/17/mccortex.ERR1713334.ctx
[12 Dec 2019 00:39:49-vaH][FileFilter] Writing graph  [1 src colour]
[12 Dec 2019 00:39:51-vaH][graphwriter] Dumped 8,650,507 kmers in 1 colour into: metagenomics/bigsi/17/mccortex.ERR1713334.ctx (ver: 6)
[12 Dec 2019 00:39:51-vaH][memory] We made 19 allocs
[12 Dec 2019 00:39:51-vaH] Done.
[12 Dec 2019 00:39:51-vaH][time] 24.00 seconds
	Command being timed: "mccortex 17 build --nkmers 340000000 --threads 1 --kmer 17 --mem 10G --sample ERR1713334 --seq metagenomics/kmer-counts-jellyfish/17/ERR1713334.kmer.gz metagenomics/bigsi/17/mccortex.ERR1713334.ctx"
	User time (seconds): 23.97
	System time (seconds): 14.16
	Percent of CPU this job got: 161%
	Elapsed (wall clock) time (h:mm:ss or m:ss): 0:23.59
	Average shared text size (kbytes): 0
	Average unshared data size (kbytes): 0
	Average stack size (kbytes): 0
	Average total size (kbytes): 0
	Maximum resident set size (kbytes): 4056992
	Average resident set size (kbytes): 0
	Major (requiring I/O) page faults: 0
	Minor (reclaiming a frame) page faults: 3366045
	Voluntary context switches: 1563636
	Involuntary context switches: 14264
	Swaps: 0
	File system inputs: 96512
	File system outputs: 219664
	Socket messages sent: 0
	Socket messages received: 0
	Signals delivered: 0
	Page size (bytes): 4096
	Exit status: 0
