[12 Dec 2019 00:39:27-ciH][cmd] /home/CSCScience.ca/apetkau/miniconda3/envs/bigsi_mccortex/bin/mccortex31 build --nkmers 340000000 --threads 1 --kmer 17 --mem 10G --sample ERR1713331 --seq metagenomics/kmer-counts-jellyfish/17/ERR1713331.kmer.gz metagenomics/bigsi/17/mccortex.ERR1713331.ctx
[12 Dec 2019 00:39:27-ciH][cwd] /home/CSCScience.ca/apetkau/workspace/comp7934-project
[12 Dec 2019 00:39:27-ciH][version] mccortex=v0.0.3-610-g400c0e3 zlib=1.2.11 htslib=1.8-17-g699ed53 ASSERTS=ON hash=Lookup3 CHECKS=ON k=3..31
[12 Dec 2019 00:39:27-ciH] Saving graph to: metagenomics/bigsi/17/mccortex.ERR1713331.ctx
[12 Dec 2019 00:39:27-ciH][sample] 0: ERR1713331
[12 Dec 2019 00:39:27-ciH][task] metagenomics/kmer-counts-jellyfish/17/ERR1713331.kmer.gz; FASTQ offset: auto-detect, threshold: off; cut homopolymers: off; remove PCR duplicates: no; colour: 0
[12 Dec 2019 00:39:27-ciH][memory] 104 bits per kmer
[12 Dec 2019 00:39:27-ciH] Note: Using less memory than requested (4.2GB < 10GB); allows for 343,932,928 kmers
[12 Dec 2019 00:39:27-ciH][memory] graph: 4.2GB
[12 Dec 2019 00:39:27-ciH][memory] total: 4.2GB of 62.6GB RAM
[12 Dec 2019 00:39:27-ciH] Writing 1 colour graph to metagenomics/bigsi/17/mccortex.ERR1713331.ctx
[12 Dec 2019 00:39:27-ciH][hasht] Allocating table with 343,932,928 entries, using 2.6GB
[12 Dec 2019 00:39:27-ciH][hasht]  number of buckets: 8,388,608, bucket size: 41
[12 Dec 2019 00:39:27-ciH][graph] kmer-size: 17; colours: 1; capacity: 343,932,928
[12 Dec 2019 00:39:27-ciH][hasht] buckets: 8,388,608 [2^23]; bucket size: 41; 
[12 Dec 2019 00:39:27-ciH][hasht] memory: 2.6GB; filled: 0 / 343,932,928 (0.00%)
[12 Dec 2019 00:39:27-ciH][asyncio] Inputs: 1; Threads: 1
[12 Dec 2019 00:39:27-ciH][seq] Parsing sequence file metagenomics/kmer-counts-jellyfish/17/ERR1713331.kmer.gz
[12 Dec 2019 00:39:40-ciH][BuildGraph] Read 5,000,000 entries (reads / read pairs)
[12 Dec 2019 00:39:45-ciH][seq] Loaded 8,368,075 reads and 0 reads pairs (file: metagenomics/kmer-counts-jellyfish/17/ERR1713331.kmer.gz)
[12 Dec 2019 00:39:45-ciH][hasht] buckets: 8,388,608 [2^23]; bucket size: 41; 
[12 Dec 2019 00:39:45-ciH][hasht] memory: 2.6GB; filled: 8,368,075 / 343,932,928 (2.43%)
[12 Dec 2019 00:39:45-ciH][hasht]  collisions  0: 8368075
[12 Dec 2019 00:39:45-ciH][task] input: metagenomics/kmer-counts-jellyfish/17/ERR1713331.kmer.gz colour: 0
[12 Dec 2019 00:39:45-ciH]  SE reads: 8,368,075  PE reads: 0
[12 Dec 2019 00:39:45-ciH]  good reads: 8,368,075  bad reads: 0
[12 Dec 2019 00:39:45-ciH]  dup SE reads: 0  dup PE pairs: 0
[12 Dec 2019 00:39:45-ciH]  bases read: 142,257,275  bases loaded: 142,257,275
[12 Dec 2019 00:39:45-ciH]  num contigs: 8,368,075  num kmers: 8,368,075 novel kmers: 8,368,075
[12 Dec 2019 00:39:45-ciH] Dumping graph...
[12 Dec 2019 00:39:45-ciH][graphwriter] Saving file to: metagenomics/bigsi/17/mccortex.ERR1713331.ctx
[12 Dec 2019 00:39:45-ciH][FileFilter] Writing graph  [1 src colour]
[12 Dec 2019 00:39:47-ciH][graphwriter] Dumped 8,368,075 kmers in 1 colour into: metagenomics/bigsi/17/mccortex.ERR1713331.ctx (ver: 6)
[12 Dec 2019 00:39:47-ciH][memory] We made 19 allocs
[12 Dec 2019 00:39:47-ciH] Done.
[12 Dec 2019 00:39:47-ciH][time] 20.00 seconds
	Command being timed: "mccortex 17 build --nkmers 340000000 --threads 1 --kmer 17 --mem 10G --sample ERR1713331 --seq metagenomics/kmer-counts-jellyfish/17/ERR1713331.kmer.gz metagenomics/bigsi/17/mccortex.ERR1713331.ctx"
	User time (seconds): 20.20
	System time (seconds): 13.26
	Percent of CPU this job got: 167%
	Elapsed (wall clock) time (h:mm:ss or m:ss): 0:19.97
	Average shared text size (kbytes): 0
	Average unshared data size (kbytes): 0
	Average stack size (kbytes): 0
	Average total size (kbytes): 0
	Maximum resident set size (kbytes): 4056828
	Average resident set size (kbytes): 0
	Major (requiring I/O) page faults: 0
	Minor (reclaiming a frame) page faults: 3359341
	Voluntary context switches: 1691075
	Involuntary context switches: 54
	Swaps: 0
	File system inputs: 93368
	File system outputs: 212488
	Socket messages sent: 0
	Socket messages received: 0
	Signals delivered: 0
	Page size (bytes): 4096
	Exit status: 0
