[12 Dec 2019 00:42:07-Hun][cmd] /home/CSCScience.ca/apetkau/miniconda3/envs/bigsi_mccortex/bin/mccortex31 build --nkmers 340000000 --threads 1 --kmer 17 --mem 10G --sample ERR1713340 --seq metagenomics/kmer-counts-jellyfish/17/ERR1713340.kmer.gz metagenomics/bigsi/17/mccortex.ERR1713340.ctx
[12 Dec 2019 00:42:07-Hun][cwd] /home/CSCScience.ca/apetkau/workspace/comp7934-project
[12 Dec 2019 00:42:07-Hun][version] mccortex=v0.0.3-610-g400c0e3 zlib=1.2.11 htslib=1.8-17-g699ed53 ASSERTS=ON hash=Lookup3 CHECKS=ON k=3..31
[12 Dec 2019 00:42:07-Hun] Saving graph to: metagenomics/bigsi/17/mccortex.ERR1713340.ctx
[12 Dec 2019 00:42:07-Hun][sample] 0: ERR1713340
[12 Dec 2019 00:42:07-Hun][task] metagenomics/kmer-counts-jellyfish/17/ERR1713340.kmer.gz; FASTQ offset: auto-detect, threshold: off; cut homopolymers: off; remove PCR duplicates: no; colour: 0
[12 Dec 2019 00:42:07-Hun][memory] 104 bits per kmer
[12 Dec 2019 00:42:07-Hun] Note: Using less memory than requested (4.2GB < 10GB); allows for 343,932,928 kmers
[12 Dec 2019 00:42:07-Hun][memory] graph: 4.2GB
[12 Dec 2019 00:42:07-Hun][memory] total: 4.2GB of 62.6GB RAM
[12 Dec 2019 00:42:07-Hun] Writing 1 colour graph to metagenomics/bigsi/17/mccortex.ERR1713340.ctx
[12 Dec 2019 00:42:07-Hun][hasht] Allocating table with 343,932,928 entries, using 2.6GB
[12 Dec 2019 00:42:07-Hun][hasht]  number of buckets: 8,388,608, bucket size: 41
[12 Dec 2019 00:42:07-Hun][graph] kmer-size: 17; colours: 1; capacity: 343,932,928
[12 Dec 2019 00:42:07-Hun][hasht] buckets: 8,388,608 [2^23]; bucket size: 41; 
[12 Dec 2019 00:42:07-Hun][hasht] memory: 2.6GB; filled: 0 / 343,932,928 (0.00%)
[12 Dec 2019 00:42:07-Hun][asyncio] Inputs: 1; Threads: 1
[12 Dec 2019 00:42:07-Hun][seq] Parsing sequence file metagenomics/kmer-counts-jellyfish/17/ERR1713340.kmer.gz
[12 Dec 2019 00:42:25-Hun][BuildGraph] Read 5,000,000 entries (reads / read pairs)
[12 Dec 2019 00:42:33-Hun][seq] Loaded 8,456,882 reads and 0 reads pairs (file: metagenomics/kmer-counts-jellyfish/17/ERR1713340.kmer.gz)
[12 Dec 2019 00:42:33-Hun][hasht] buckets: 8,388,608 [2^23]; bucket size: 41; 
[12 Dec 2019 00:42:33-Hun][hasht] memory: 2.6GB; filled: 8,456,882 / 343,932,928 (2.46%)
[12 Dec 2019 00:42:33-Hun][hasht]  collisions  0: 8456882
[12 Dec 2019 00:42:33-Hun][task] input: metagenomics/kmer-counts-jellyfish/17/ERR1713340.kmer.gz colour: 0
[12 Dec 2019 00:42:33-Hun]  SE reads: 8,456,882  PE reads: 0
[12 Dec 2019 00:42:33-Hun]  good reads: 8,456,882  bad reads: 0
[12 Dec 2019 00:42:33-Hun]  dup SE reads: 0  dup PE pairs: 0
[12 Dec 2019 00:42:33-Hun]  bases read: 143,766,994  bases loaded: 143,766,994
[12 Dec 2019 00:42:33-Hun]  num contigs: 8,456,882  num kmers: 8,456,882 novel kmers: 8,456,882
[12 Dec 2019 00:42:33-Hun] Dumping graph...
[12 Dec 2019 00:42:33-Hun][graphwriter] Saving file to: metagenomics/bigsi/17/mccortex.ERR1713340.ctx
[12 Dec 2019 00:42:33-Hun][FileFilter] Writing graph  [1 src colour]
[12 Dec 2019 00:42:35-Hun][graphwriter] Dumped 8,456,882 kmers in 1 colour into: metagenomics/bigsi/17/mccortex.ERR1713340.ctx (ver: 6)
[12 Dec 2019 00:42:35-Hun][memory] We made 19 allocs
[12 Dec 2019 00:42:35-Hun] Done.
[12 Dec 2019 00:42:35-Hun][time] 28.00 seconds
	Command being timed: "mccortex 17 build --nkmers 340000000 --threads 1 --kmer 17 --mem 10G --sample ERR1713340 --seq metagenomics/kmer-counts-jellyfish/17/ERR1713340.kmer.gz metagenomics/bigsi/17/mccortex.ERR1713340.ctx"
	User time (seconds): 25.63
	System time (seconds): 19.18
	Percent of CPU this job got: 163%
	Elapsed (wall clock) time (h:mm:ss or m:ss): 0:27.45
	Average shared text size (kbytes): 0
	Average unshared data size (kbytes): 0
	Average stack size (kbytes): 0
	Average total size (kbytes): 0
	Maximum resident set size (kbytes): 4056892
	Average resident set size (kbytes): 0
	Major (requiring I/O) page faults: 1
	Minor (reclaiming a frame) page faults: 5791662
	Voluntary context switches: 2261946
	Involuntary context switches: 7553
	Swaps: 0
	File system inputs: 94392
	File system outputs: 214752
	Socket messages sent: 0
	Socket messages received: 0
	Signals delivered: 0
	Page size (bytes): 4096
	Exit status: 0
