[12 Dec 2019 00:42:15-NoZ][cmd] /home/CSCScience.ca/apetkau/miniconda3/envs/bigsi_mccortex/bin/mccortex31 build --nkmers 340000000 --threads 1 --kmer 17 --mem 10G --sample ERR1713351 --seq metagenomics/kmer-counts-jellyfish/17/ERR1713351.kmer.gz metagenomics/bigsi/17/mccortex.ERR1713351.ctx
[12 Dec 2019 00:42:15-NoZ][cwd] /home/CSCScience.ca/apetkau/workspace/comp7934-project
[12 Dec 2019 00:42:15-NoZ][version] mccortex=v0.0.3-610-g400c0e3 zlib=1.2.11 htslib=1.8-17-g699ed53 ASSERTS=ON hash=Lookup3 CHECKS=ON k=3..31
[12 Dec 2019 00:42:15-NoZ] Saving graph to: metagenomics/bigsi/17/mccortex.ERR1713351.ctx
[12 Dec 2019 00:42:15-NoZ][sample] 0: ERR1713351
[12 Dec 2019 00:42:15-NoZ][task] metagenomics/kmer-counts-jellyfish/17/ERR1713351.kmer.gz; FASTQ offset: auto-detect, threshold: off; cut homopolymers: off; remove PCR duplicates: no; colour: 0
[12 Dec 2019 00:42:15-NoZ][memory] 104 bits per kmer
[12 Dec 2019 00:42:15-NoZ] Note: Using less memory than requested (4.2GB < 10GB); allows for 343,932,928 kmers
[12 Dec 2019 00:42:15-NoZ][memory] graph: 4.2GB
[12 Dec 2019 00:42:15-NoZ][memory] total: 4.2GB of 62.6GB RAM
[12 Dec 2019 00:42:15-NoZ] Writing 1 colour graph to metagenomics/bigsi/17/mccortex.ERR1713351.ctx
[12 Dec 2019 00:42:15-NoZ][hasht] Allocating table with 343,932,928 entries, using 2.6GB
[12 Dec 2019 00:42:15-NoZ][hasht]  number of buckets: 8,388,608, bucket size: 41
[12 Dec 2019 00:42:15-NoZ][graph] kmer-size: 17; colours: 1; capacity: 343,932,928
[12 Dec 2019 00:42:15-NoZ][hasht] buckets: 8,388,608 [2^23]; bucket size: 41; 
[12 Dec 2019 00:42:15-NoZ][hasht] memory: 2.6GB; filled: 0 / 343,932,928 (0.00%)
[12 Dec 2019 00:42:15-NoZ][asyncio] Inputs: 1; Threads: 1
[12 Dec 2019 00:42:15-NoZ][seq] Parsing sequence file metagenomics/kmer-counts-jellyfish/17/ERR1713351.kmer.gz
[12 Dec 2019 00:42:28-NoZ][BuildGraph] Read 5,000,000 entries (reads / read pairs)
[12 Dec 2019 00:42:34-NoZ][seq] Loaded 8,701,313 reads and 0 reads pairs (file: metagenomics/kmer-counts-jellyfish/17/ERR1713351.kmer.gz)
[12 Dec 2019 00:42:34-NoZ][hasht] buckets: 8,388,608 [2^23]; bucket size: 41; 
[12 Dec 2019 00:42:34-NoZ][hasht] memory: 2.6GB; filled: 8,701,313 / 343,932,928 (2.53%)
[12 Dec 2019 00:42:34-NoZ][hasht]  collisions  0: 8701313
[12 Dec 2019 00:42:34-NoZ][task] input: metagenomics/kmer-counts-jellyfish/17/ERR1713351.kmer.gz colour: 0
[12 Dec 2019 00:42:34-NoZ]  SE reads: 8,701,313  PE reads: 0
[12 Dec 2019 00:42:34-NoZ]  good reads: 8,701,313  bad reads: 0
[12 Dec 2019 00:42:34-NoZ]  dup SE reads: 0  dup PE pairs: 0
[12 Dec 2019 00:42:34-NoZ]  bases read: 147,922,321  bases loaded: 147,922,321
[12 Dec 2019 00:42:34-NoZ]  num contigs: 8,701,313  num kmers: 8,701,313 novel kmers: 8,701,313
[12 Dec 2019 00:42:34-NoZ] Dumping graph...
[12 Dec 2019 00:42:34-NoZ][graphwriter] Saving file to: metagenomics/bigsi/17/mccortex.ERR1713351.ctx
[12 Dec 2019 00:42:34-NoZ][FileFilter] Writing graph  [1 src colour]
[12 Dec 2019 00:42:35-NoZ][graphwriter] Dumped 8,701,313 kmers in 1 colour into: metagenomics/bigsi/17/mccortex.ERR1713351.ctx (ver: 6)
[12 Dec 2019 00:42:36-NoZ][memory] We made 19 allocs
[12 Dec 2019 00:42:36-NoZ] Done.
[12 Dec 2019 00:42:36-NoZ][time] 21.00 seconds
	Command being timed: "mccortex 17 build --nkmers 340000000 --threads 1 --kmer 17 --mem 10G --sample ERR1713351 --seq metagenomics/kmer-counts-jellyfish/17/ERR1713351.kmer.gz metagenomics/bigsi/17/mccortex.ERR1713351.ctx"
	User time (seconds): 21.35
	System time (seconds): 12.60
	Percent of CPU this job got: 166%
	Elapsed (wall clock) time (h:mm:ss or m:ss): 0:20.39
	Average shared text size (kbytes): 0
	Average unshared data size (kbytes): 0
	Average stack size (kbytes): 0
	Average total size (kbytes): 0
	Maximum resident set size (kbytes): 4056936
	Average resident set size (kbytes): 0
	Major (requiring I/O) page faults: 0
	Minor (reclaiming a frame) page faults: 3614632
	Voluntary context switches: 1794322
	Involuntary context switches: 1384
	Swaps: 0
	File system inputs: 96944
	File system outputs: 220952
	Socket messages sent: 0
	Socket messages received: 0
	Signals delivered: 0
	Page size (bytes): 4096
	Exit status: 0
