[12 Dec 2019 00:53:23-YiN][cmd] /home/CSCScience.ca/apetkau/miniconda3/envs/bigsi_mccortex/bin/mccortex31 build --nkmers 340000000 --threads 1 --kmer 17 --mem 10G --sample ERR1713402 --seq metagenomics/kmer-counts-jellyfish/17/ERR1713402.kmer.gz metagenomics/bigsi/17/mccortex.ERR1713402.ctx
[12 Dec 2019 00:53:23-YiN][cwd] /home/CSCScience.ca/apetkau/workspace/comp7934-project
[12 Dec 2019 00:53:23-YiN][version] mccortex=v0.0.3-610-g400c0e3 zlib=1.2.11 htslib=1.8-17-g699ed53 ASSERTS=ON hash=Lookup3 CHECKS=ON k=3..31
[12 Dec 2019 00:53:23-YiN] Saving graph to: metagenomics/bigsi/17/mccortex.ERR1713402.ctx
[12 Dec 2019 00:53:23-YiN][sample] 0: ERR1713402
[12 Dec 2019 00:53:23-YiN][task] metagenomics/kmer-counts-jellyfish/17/ERR1713402.kmer.gz; FASTQ offset: auto-detect, threshold: off; cut homopolymers: off; remove PCR duplicates: no; colour: 0
[12 Dec 2019 00:53:23-YiN][memory] 104 bits per kmer
[12 Dec 2019 00:53:23-YiN] Note: Using less memory than requested (4.2GB < 10GB); allows for 343,932,928 kmers
[12 Dec 2019 00:53:23-YiN][memory] graph: 4.2GB
[12 Dec 2019 00:53:23-YiN][memory] total: 4.2GB of 62.6GB RAM
[12 Dec 2019 00:53:23-YiN] Writing 1 colour graph to metagenomics/bigsi/17/mccortex.ERR1713402.ctx
[12 Dec 2019 00:53:23-YiN][hasht] Allocating table with 343,932,928 entries, using 2.6GB
[12 Dec 2019 00:53:23-YiN][hasht]  number of buckets: 8,388,608, bucket size: 41
[12 Dec 2019 00:53:23-YiN][graph] kmer-size: 17; colours: 1; capacity: 343,932,928
[12 Dec 2019 00:53:23-YiN][hasht] buckets: 8,388,608 [2^23]; bucket size: 41; 
[12 Dec 2019 00:53:23-YiN][hasht] memory: 2.6GB; filled: 0 / 343,932,928 (0.00%)
[12 Dec 2019 00:53:23-YiN][asyncio] Inputs: 1; Threads: 1
[12 Dec 2019 00:53:23-YiN][seq] Parsing sequence file metagenomics/kmer-counts-jellyfish/17/ERR1713402.kmer.gz
[12 Dec 2019 00:53:35-YiN][BuildGraph] Read 5,000,000 entries (reads / read pairs)
[12 Dec 2019 00:53:40-YiN][seq] Loaded 8,522,086 reads and 0 reads pairs (file: metagenomics/kmer-counts-jellyfish/17/ERR1713402.kmer.gz)
[12 Dec 2019 00:53:40-YiN][hasht] buckets: 8,388,608 [2^23]; bucket size: 41; 
[12 Dec 2019 00:53:40-YiN][hasht] memory: 2.6GB; filled: 8,522,086 / 343,932,928 (2.48%)
[12 Dec 2019 00:53:40-YiN][hasht]  collisions  0: 8522086
[12 Dec 2019 00:53:40-YiN][task] input: metagenomics/kmer-counts-jellyfish/17/ERR1713402.kmer.gz colour: 0
[12 Dec 2019 00:53:40-YiN]  SE reads: 8,522,086  PE reads: 0
[12 Dec 2019 00:53:40-YiN]  good reads: 8,522,086  bad reads: 0
[12 Dec 2019 00:53:40-YiN]  dup SE reads: 0  dup PE pairs: 0
[12 Dec 2019 00:53:40-YiN]  bases read: 144,875,462  bases loaded: 144,875,462
[12 Dec 2019 00:53:40-YiN]  num contigs: 8,522,086  num kmers: 8,522,086 novel kmers: 8,522,086
[12 Dec 2019 00:53:40-YiN] Dumping graph...
[12 Dec 2019 00:53:40-YiN][graphwriter] Saving file to: metagenomics/bigsi/17/mccortex.ERR1713402.ctx
[12 Dec 2019 00:53:40-YiN][FileFilter] Writing graph  [1 src colour]
[12 Dec 2019 00:53:42-YiN][graphwriter] Dumped 8,522,086 kmers in 1 colour into: metagenomics/bigsi/17/mccortex.ERR1713402.ctx (ver: 6)
[12 Dec 2019 00:53:42-YiN][memory] We made 19 allocs
[12 Dec 2019 00:53:42-YiN] Done.
[12 Dec 2019 00:53:42-YiN][time] 19.00 seconds
	Command being timed: "mccortex 17 build --nkmers 340000000 --threads 1 --kmer 17 --mem 10G --sample ERR1713402 --seq metagenomics/kmer-counts-jellyfish/17/ERR1713402.kmer.gz metagenomics/bigsi/17/mccortex.ERR1713402.ctx"
	User time (seconds): 19.53
	System time (seconds): 12.29
	Percent of CPU this job got: 166%
	Elapsed (wall clock) time (h:mm:ss or m:ss): 0:19.17
	Average shared text size (kbytes): 0
	Average unshared data size (kbytes): 0
	Average stack size (kbytes): 0
	Average total size (kbytes): 0
	Maximum resident set size (kbytes): 4057112
	Average resident set size (kbytes): 0
	Major (requiring I/O) page faults: 0
	Minor (reclaiming a frame) page faults: 3578876
	Voluntary context switches: 1712607
	Involuntary context switches: 6799
	Swaps: 0
	File system inputs: 95104
	File system outputs: 216392
	Socket messages sent: 0
	Socket messages received: 0
	Signals delivered: 0
	Page size (bytes): 4096
	Exit status: 0
