[12 Dec 2019 00:44:58-BOT][cmd] /home/CSCScience.ca/apetkau/miniconda3/envs/bigsi_mccortex/bin/mccortex31 build --nkmers 340000000 --threads 1 --kmer 17 --mem 10G --sample ERR1713356 --seq metagenomics/kmer-counts-jellyfish/17/ERR1713356.kmer.gz metagenomics/bigsi/17/mccortex.ERR1713356.ctx
[12 Dec 2019 00:44:58-BOT][cwd] /home/CSCScience.ca/apetkau/workspace/comp7934-project
[12 Dec 2019 00:44:58-BOT][version] mccortex=v0.0.3-610-g400c0e3 zlib=1.2.11 htslib=1.8-17-g699ed53 ASSERTS=ON hash=Lookup3 CHECKS=ON k=3..31
[12 Dec 2019 00:44:58-BOT] Saving graph to: metagenomics/bigsi/17/mccortex.ERR1713356.ctx
[12 Dec 2019 00:44:58-BOT][sample] 0: ERR1713356
[12 Dec 2019 00:44:58-BOT][task] metagenomics/kmer-counts-jellyfish/17/ERR1713356.kmer.gz; FASTQ offset: auto-detect, threshold: off; cut homopolymers: off; remove PCR duplicates: no; colour: 0
[12 Dec 2019 00:44:58-BOT][memory] 104 bits per kmer
[12 Dec 2019 00:44:58-BOT] Note: Using less memory than requested (4.2GB < 10GB); allows for 343,932,928 kmers
[12 Dec 2019 00:44:58-BOT][memory] graph: 4.2GB
[12 Dec 2019 00:44:58-BOT][memory] total: 4.2GB of 62.6GB RAM
[12 Dec 2019 00:44:58-BOT] Writing 1 colour graph to metagenomics/bigsi/17/mccortex.ERR1713356.ctx
[12 Dec 2019 00:44:58-BOT][hasht] Allocating table with 343,932,928 entries, using 2.6GB
[12 Dec 2019 00:44:58-BOT][hasht]  number of buckets: 8,388,608, bucket size: 41
[12 Dec 2019 00:44:58-BOT][graph] kmer-size: 17; colours: 1; capacity: 343,932,928
[12 Dec 2019 00:44:58-BOT][hasht] buckets: 8,388,608 [2^23]; bucket size: 41; 
[12 Dec 2019 00:44:58-BOT][hasht] memory: 2.6GB; filled: 0 / 343,932,928 (0.00%)
[12 Dec 2019 00:44:58-BOT][asyncio] Inputs: 1; Threads: 1
[12 Dec 2019 00:44:58-BOT][seq] Parsing sequence file metagenomics/kmer-counts-jellyfish/17/ERR1713356.kmer.gz
[12 Dec 2019 00:45:10-BOT][BuildGraph] Read 5,000,000 entries (reads / read pairs)
[12 Dec 2019 00:45:16-BOT][seq] Loaded 8,600,398 reads and 0 reads pairs (file: metagenomics/kmer-counts-jellyfish/17/ERR1713356.kmer.gz)
[12 Dec 2019 00:45:16-BOT][hasht] buckets: 8,388,608 [2^23]; bucket size: 41; 
[12 Dec 2019 00:45:16-BOT][hasht] memory: 2.6GB; filled: 8,600,398 / 343,932,928 (2.50%)
[12 Dec 2019 00:45:16-BOT][hasht]  collisions  0: 8600398
[12 Dec 2019 00:45:16-BOT][task] input: metagenomics/kmer-counts-jellyfish/17/ERR1713356.kmer.gz colour: 0
[12 Dec 2019 00:45:16-BOT]  SE reads: 8,600,398  PE reads: 0
[12 Dec 2019 00:45:16-BOT]  good reads: 8,600,398  bad reads: 0
[12 Dec 2019 00:45:16-BOT]  dup SE reads: 0  dup PE pairs: 0
[12 Dec 2019 00:45:16-BOT]  bases read: 146,206,766  bases loaded: 146,206,766
[12 Dec 2019 00:45:16-BOT]  num contigs: 8,600,398  num kmers: 8,600,398 novel kmers: 8,600,398
[12 Dec 2019 00:45:16-BOT] Dumping graph...
[12 Dec 2019 00:45:16-BOT][graphwriter] Saving file to: metagenomics/bigsi/17/mccortex.ERR1713356.ctx
[12 Dec 2019 00:45:16-BOT][FileFilter] Writing graph  [1 src colour]
[12 Dec 2019 00:45:18-BOT][graphwriter] Dumped 8,600,398 kmers in 1 colour into: metagenomics/bigsi/17/mccortex.ERR1713356.ctx (ver: 6)
[12 Dec 2019 00:45:18-BOT][memory] We made 19 allocs
[12 Dec 2019 00:45:18-BOT] Done.
[12 Dec 2019 00:45:18-BOT][time] 20.00 seconds
	Command being timed: "mccortex 17 build --nkmers 340000000 --threads 1 --kmer 17 --mem 10G --sample ERR1713356 --seq metagenomics/kmer-counts-jellyfish/17/ERR1713356.kmer.gz metagenomics/bigsi/17/mccortex.ERR1713356.ctx"
	User time (seconds): 20.40
	System time (seconds): 13.21
	Percent of CPU this job got: 166%
	Elapsed (wall clock) time (h:mm:ss or m:ss): 0:20.22
	Average shared text size (kbytes): 0
	Average unshared data size (kbytes): 0
	Average stack size (kbytes): 0
	Average total size (kbytes): 0
	Maximum resident set size (kbytes): 4057040
	Average resident set size (kbytes): 0
	Major (requiring I/O) page faults: 0
	Minor (reclaiming a frame) page faults: 4020866
	Voluntary context switches: 1883106
	Involuntary context switches: 116
	Swaps: 0
	File system inputs: 95864
	File system outputs: 218392
	Socket messages sent: 0
	Socket messages received: 0
	Signals delivered: 0
	Page size (bytes): 4096
	Exit status: 0
