[12 Dec 2019 00:50:51-Ris][cmd] /home/CSCScience.ca/apetkau/miniconda3/envs/bigsi_mccortex/bin/mccortex31 build --nkmers 340000000 --threads 1 --kmer 17 --mem 10G --sample ERR1713395 --seq metagenomics/kmer-counts-jellyfish/17/ERR1713395.kmer.gz metagenomics/bigsi/17/mccortex.ERR1713395.ctx
[12 Dec 2019 00:50:51-Ris][cwd] /home/CSCScience.ca/apetkau/workspace/comp7934-project
[12 Dec 2019 00:50:51-Ris][version] mccortex=v0.0.3-610-g400c0e3 zlib=1.2.11 htslib=1.8-17-g699ed53 ASSERTS=ON hash=Lookup3 CHECKS=ON k=3..31
[12 Dec 2019 00:50:51-Ris] Saving graph to: metagenomics/bigsi/17/mccortex.ERR1713395.ctx
[12 Dec 2019 00:50:51-Ris][sample] 0: ERR1713395
[12 Dec 2019 00:50:51-Ris][task] metagenomics/kmer-counts-jellyfish/17/ERR1713395.kmer.gz; FASTQ offset: auto-detect, threshold: off; cut homopolymers: off; remove PCR duplicates: no; colour: 0
[12 Dec 2019 00:50:51-Ris][memory] 104 bits per kmer
[12 Dec 2019 00:50:51-Ris] Note: Using less memory than requested (4.2GB < 10GB); allows for 343,932,928 kmers
[12 Dec 2019 00:50:51-Ris][memory] graph: 4.2GB
[12 Dec 2019 00:50:51-Ris][memory] total: 4.2GB of 62.6GB RAM
[12 Dec 2019 00:50:51-Ris] Writing 1 colour graph to metagenomics/bigsi/17/mccortex.ERR1713395.ctx
[12 Dec 2019 00:50:51-Ris][hasht] Allocating table with 343,932,928 entries, using 2.6GB
[12 Dec 2019 00:50:51-Ris][hasht]  number of buckets: 8,388,608, bucket size: 41
[12 Dec 2019 00:50:51-Ris][graph] kmer-size: 17; colours: 1; capacity: 343,932,928
[12 Dec 2019 00:50:51-Ris][hasht] buckets: 8,388,608 [2^23]; bucket size: 41; 
[12 Dec 2019 00:50:51-Ris][hasht] memory: 2.6GB; filled: 0 / 343,932,928 (0.00%)
[12 Dec 2019 00:50:51-Ris][asyncio] Inputs: 1; Threads: 1
[12 Dec 2019 00:50:51-Ris][seq] Parsing sequence file metagenomics/kmer-counts-jellyfish/17/ERR1713395.kmer.gz
[12 Dec 2019 00:51:08-Ris][BuildGraph] Read 5,000,000 entries (reads / read pairs)
[12 Dec 2019 00:51:15-Ris][seq] Loaded 8,549,076 reads and 0 reads pairs (file: metagenomics/kmer-counts-jellyfish/17/ERR1713395.kmer.gz)
[12 Dec 2019 00:51:15-Ris][hasht] buckets: 8,388,608 [2^23]; bucket size: 41; 
[12 Dec 2019 00:51:15-Ris][hasht] memory: 2.6GB; filled: 8,549,076 / 343,932,928 (2.49%)
[12 Dec 2019 00:51:15-Ris][hasht]  collisions  0: 8549076
[12 Dec 2019 00:51:15-Ris][task] input: metagenomics/kmer-counts-jellyfish/17/ERR1713395.kmer.gz colour: 0
[12 Dec 2019 00:51:15-Ris]  SE reads: 8,549,076  PE reads: 0
[12 Dec 2019 00:51:15-Ris]  good reads: 8,549,076  bad reads: 0
[12 Dec 2019 00:51:15-Ris]  dup SE reads: 0  dup PE pairs: 0
[12 Dec 2019 00:51:15-Ris]  bases read: 145,334,292  bases loaded: 145,334,292
[12 Dec 2019 00:51:15-Ris]  num contigs: 8,549,076  num kmers: 8,549,076 novel kmers: 8,549,076
[12 Dec 2019 00:51:15-Ris] Dumping graph...
[12 Dec 2019 00:51:15-Ris][graphwriter] Saving file to: metagenomics/bigsi/17/mccortex.ERR1713395.ctx
[12 Dec 2019 00:51:15-Ris][FileFilter] Writing graph  [1 src colour]
[12 Dec 2019 00:51:17-Ris][graphwriter] Dumped 8,549,076 kmers in 1 colour into: metagenomics/bigsi/17/mccortex.ERR1713395.ctx (ver: 6)
[12 Dec 2019 00:51:17-Ris][memory] We made 19 allocs
[12 Dec 2019 00:51:17-Ris] Done.
[12 Dec 2019 00:51:17-Ris][time] 26.00 seconds
	Command being timed: "mccortex 17 build --nkmers 340000000 --threads 1 --kmer 17 --mem 10G --sample ERR1713395 --seq metagenomics/kmer-counts-jellyfish/17/ERR1713395.kmer.gz metagenomics/bigsi/17/mccortex.ERR1713395.ctx"
	User time (seconds): 24.51
	System time (seconds): 18.45
	Percent of CPU this job got: 164%
	Elapsed (wall clock) time (h:mm:ss or m:ss): 0:26.13
	Average shared text size (kbytes): 0
	Average unshared data size (kbytes): 0
	Average stack size (kbytes): 0
	Average total size (kbytes): 0
	Maximum resident set size (kbytes): 4056748
	Average resident set size (kbytes): 0
	Major (requiring I/O) page faults: 0
	Minor (reclaiming a frame) page faults: 6414564
	Voluntary context switches: 2634989
	Involuntary context switches: 36139
	Swaps: 0
	File system inputs: 95280
	File system outputs: 217080
	Socket messages sent: 0
	Socket messages received: 0
	Signals delivered: 0
	Page size (bytes): 4096
	Exit status: 0
