[12 Dec 2019 00:50:49-TiR][cmd] /home/CSCScience.ca/apetkau/miniconda3/envs/bigsi_mccortex/bin/mccortex31 build --nkmers 340000000 --threads 1 --kmer 17 --mem 10G --sample ERR1713393 --seq metagenomics/kmer-counts-jellyfish/17/ERR1713393.kmer.gz metagenomics/bigsi/17/mccortex.ERR1713393.ctx
[12 Dec 2019 00:50:49-TiR][cwd] /home/CSCScience.ca/apetkau/workspace/comp7934-project
[12 Dec 2019 00:50:49-TiR][version] mccortex=v0.0.3-610-g400c0e3 zlib=1.2.11 htslib=1.8-17-g699ed53 ASSERTS=ON hash=Lookup3 CHECKS=ON k=3..31
[12 Dec 2019 00:50:49-TiR] Saving graph to: metagenomics/bigsi/17/mccortex.ERR1713393.ctx
[12 Dec 2019 00:50:49-TiR][sample] 0: ERR1713393
[12 Dec 2019 00:50:49-TiR][task] metagenomics/kmer-counts-jellyfish/17/ERR1713393.kmer.gz; FASTQ offset: auto-detect, threshold: off; cut homopolymers: off; remove PCR duplicates: no; colour: 0
[12 Dec 2019 00:50:49-TiR][memory] 104 bits per kmer
[12 Dec 2019 00:50:49-TiR] Note: Using less memory than requested (4.2GB < 10GB); allows for 343,932,928 kmers
[12 Dec 2019 00:50:49-TiR][memory] graph: 4.2GB
[12 Dec 2019 00:50:49-TiR][memory] total: 4.2GB of 62.6GB RAM
[12 Dec 2019 00:50:49-TiR] Writing 1 colour graph to metagenomics/bigsi/17/mccortex.ERR1713393.ctx
[12 Dec 2019 00:50:49-TiR][hasht] Allocating table with 343,932,928 entries, using 2.6GB
[12 Dec 2019 00:50:49-TiR][hasht]  number of buckets: 8,388,608, bucket size: 41
[12 Dec 2019 00:50:49-TiR][graph] kmer-size: 17; colours: 1; capacity: 343,932,928
[12 Dec 2019 00:50:49-TiR][hasht] buckets: 8,388,608 [2^23]; bucket size: 41; 
[12 Dec 2019 00:50:49-TiR][hasht] memory: 2.6GB; filled: 0 / 343,932,928 (0.00%)
[12 Dec 2019 00:50:49-TiR][asyncio] Inputs: 1; Threads: 1
[12 Dec 2019 00:50:49-TiR][seq] Parsing sequence file metagenomics/kmer-counts-jellyfish/17/ERR1713393.kmer.gz
[12 Dec 2019 00:51:03-TiR][BuildGraph] Read 5,000,000 entries (reads / read pairs)
[12 Dec 2019 00:51:08-TiR][seq] Loaded 7,727,933 reads and 0 reads pairs (file: metagenomics/kmer-counts-jellyfish/17/ERR1713393.kmer.gz)
[12 Dec 2019 00:51:08-TiR][hasht] buckets: 8,388,608 [2^23]; bucket size: 41; 
[12 Dec 2019 00:51:08-TiR][hasht] memory: 2.6GB; filled: 7,727,933 / 343,932,928 (2.25%)
[12 Dec 2019 00:51:08-TiR][hasht]  collisions  0: 7727933
[12 Dec 2019 00:51:08-TiR][task] input: metagenomics/kmer-counts-jellyfish/17/ERR1713393.kmer.gz colour: 0
[12 Dec 2019 00:51:08-TiR]  SE reads: 7,727,933  PE reads: 0
[12 Dec 2019 00:51:08-TiR]  good reads: 7,727,933  bad reads: 0
[12 Dec 2019 00:51:08-TiR]  dup SE reads: 0  dup PE pairs: 0
[12 Dec 2019 00:51:08-TiR]  bases read: 131,374,861  bases loaded: 131,374,861
[12 Dec 2019 00:51:08-TiR]  num contigs: 7,727,933  num kmers: 7,727,933 novel kmers: 7,727,933
[12 Dec 2019 00:51:08-TiR] Dumping graph...
[12 Dec 2019 00:51:08-TiR][graphwriter] Saving file to: metagenomics/bigsi/17/mccortex.ERR1713393.ctx
[12 Dec 2019 00:51:08-TiR][FileFilter] Writing graph  [1 src colour]
[12 Dec 2019 00:51:10-TiR][graphwriter] Dumped 7,727,933 kmers in 1 colour into: metagenomics/bigsi/17/mccortex.ERR1713393.ctx (ver: 6)
[12 Dec 2019 00:51:10-TiR][memory] We made 19 allocs
[12 Dec 2019 00:51:10-TiR] Done.
[12 Dec 2019 00:51:10-TiR][time] 21.00 seconds
	Command being timed: "mccortex 17 build --nkmers 340000000 --threads 1 --kmer 17 --mem 10G --sample ERR1713393 --seq metagenomics/kmer-counts-jellyfish/17/ERR1713393.kmer.gz metagenomics/bigsi/17/mccortex.ERR1713393.ctx"
	User time (seconds): 21.40
	System time (seconds): 13.61
	Percent of CPU this job got: 166%
	Elapsed (wall clock) time (h:mm:ss or m:ss): 0:21.03
	Average shared text size (kbytes): 0
	Average unshared data size (kbytes): 0
	Average stack size (kbytes): 0
	Average total size (kbytes): 0
	Maximum resident set size (kbytes): 4056828
	Average resident set size (kbytes): 0
	Major (requiring I/O) page faults: 0
	Minor (reclaiming a frame) page faults: 4870596
	Voluntary context switches: 2057676
	Involuntary context switches: 24088
	Swaps: 0
	File system inputs: 86256
	File system outputs: 196232
	Socket messages sent: 0
	Socket messages received: 0
	Signals delivered: 0
	Page size (bytes): 4096
	Exit status: 0
