[12 Dec 2019 00:47:56-Lus][cmd] /home/CSCScience.ca/apetkau/miniconda3/envs/bigsi_mccortex/bin/mccortex31 build --nkmers 340000000 --threads 1 --kmer 17 --mem 10G --sample ERR1713375 --seq metagenomics/kmer-counts-jellyfish/17/ERR1713375.kmer.gz metagenomics/bigsi/17/mccortex.ERR1713375.ctx
[12 Dec 2019 00:47:56-Lus][cwd] /home/CSCScience.ca/apetkau/workspace/comp7934-project
[12 Dec 2019 00:47:56-Lus][version] mccortex=v0.0.3-610-g400c0e3 zlib=1.2.11 htslib=1.8-17-g699ed53 ASSERTS=ON hash=Lookup3 CHECKS=ON k=3..31
[12 Dec 2019 00:47:56-Lus] Saving graph to: metagenomics/bigsi/17/mccortex.ERR1713375.ctx
[12 Dec 2019 00:47:56-Lus][sample] 0: ERR1713375
[12 Dec 2019 00:47:56-Lus][task] metagenomics/kmer-counts-jellyfish/17/ERR1713375.kmer.gz; FASTQ offset: auto-detect, threshold: off; cut homopolymers: off; remove PCR duplicates: no; colour: 0
[12 Dec 2019 00:47:56-Lus][memory] 104 bits per kmer
[12 Dec 2019 00:47:56-Lus] Note: Using less memory than requested (4.2GB < 10GB); allows for 343,932,928 kmers
[12 Dec 2019 00:47:56-Lus][memory] graph: 4.2GB
[12 Dec 2019 00:47:56-Lus][memory] total: 4.2GB of 62.6GB RAM
[12 Dec 2019 00:47:56-Lus] Writing 1 colour graph to metagenomics/bigsi/17/mccortex.ERR1713375.ctx
[12 Dec 2019 00:47:56-Lus][hasht] Allocating table with 343,932,928 entries, using 2.6GB
[12 Dec 2019 00:47:56-Lus][hasht]  number of buckets: 8,388,608, bucket size: 41
[12 Dec 2019 00:47:56-Lus][graph] kmer-size: 17; colours: 1; capacity: 343,932,928
[12 Dec 2019 00:47:56-Lus][hasht] buckets: 8,388,608 [2^23]; bucket size: 41; 
[12 Dec 2019 00:47:56-Lus][hasht] memory: 2.6GB; filled: 0 / 343,932,928 (0.00%)
[12 Dec 2019 00:47:56-Lus][asyncio] Inputs: 1; Threads: 1
[12 Dec 2019 00:47:56-Lus][seq] Parsing sequence file metagenomics/kmer-counts-jellyfish/17/ERR1713375.kmer.gz
[12 Dec 2019 00:48:09-Lus][BuildGraph] Read 5,000,000 entries (reads / read pairs)
[12 Dec 2019 00:48:16-Lus][seq] Loaded 8,568,740 reads and 0 reads pairs (file: metagenomics/kmer-counts-jellyfish/17/ERR1713375.kmer.gz)
[12 Dec 2019 00:48:16-Lus][hasht] buckets: 8,388,608 [2^23]; bucket size: 41; 
[12 Dec 2019 00:48:16-Lus][hasht] memory: 2.6GB; filled: 8,568,740 / 343,932,928 (2.49%)
[12 Dec 2019 00:48:16-Lus][hasht]  collisions  0: 8568740
[12 Dec 2019 00:48:16-Lus][task] input: metagenomics/kmer-counts-jellyfish/17/ERR1713375.kmer.gz colour: 0
[12 Dec 2019 00:48:16-Lus]  SE reads: 8,568,740  PE reads: 0
[12 Dec 2019 00:48:16-Lus]  good reads: 8,568,740  bad reads: 0
[12 Dec 2019 00:48:16-Lus]  dup SE reads: 0  dup PE pairs: 0
[12 Dec 2019 00:48:16-Lus]  bases read: 145,668,580  bases loaded: 145,668,580
[12 Dec 2019 00:48:16-Lus]  num contigs: 8,568,740  num kmers: 8,568,740 novel kmers: 8,568,740
[12 Dec 2019 00:48:16-Lus] Dumping graph...
[12 Dec 2019 00:48:16-Lus][graphwriter] Saving file to: metagenomics/bigsi/17/mccortex.ERR1713375.ctx
[12 Dec 2019 00:48:16-Lus][FileFilter] Writing graph  [1 src colour]
[12 Dec 2019 00:48:18-Lus][graphwriter] Dumped 8,568,740 kmers in 1 colour into: metagenomics/bigsi/17/mccortex.ERR1713375.ctx (ver: 6)
[12 Dec 2019 00:48:18-Lus][memory] We made 19 allocs
[12 Dec 2019 00:48:18-Lus] Done.
[12 Dec 2019 00:48:18-Lus][time] 22.00 seconds
	Command being timed: "mccortex 17 build --nkmers 340000000 --threads 1 --kmer 17 --mem 10G --sample ERR1713375 --seq metagenomics/kmer-counts-jellyfish/17/ERR1713375.kmer.gz metagenomics/bigsi/17/mccortex.ERR1713375.ctx"
	User time (seconds): 23.40
	System time (seconds): 12.64
	Percent of CPU this job got: 163%
	Elapsed (wall clock) time (h:mm:ss or m:ss): 0:22.05
	Average shared text size (kbytes): 0
	Average unshared data size (kbytes): 0
	Average stack size (kbytes): 0
	Average total size (kbytes): 0
	Maximum resident set size (kbytes): 4056912
	Average resident set size (kbytes): 0
	Major (requiring I/O) page faults: 0
	Minor (reclaiming a frame) page faults: 3915978
	Voluntary context switches: 1541765
	Involuntary context switches: 16420
	Swaps: 0
	File system inputs: 95528
	File system outputs: 217576
	Socket messages sent: 0
	Socket messages received: 0
	Signals delivered: 0
	Page size (bytes): 4096
	Exit status: 0
