[12 Dec 2019 00:48:00-hAd][cmd] /home/CSCScience.ca/apetkau/miniconda3/envs/bigsi_mccortex/bin/mccortex31 build --nkmers 340000000 --threads 1 --kmer 17 --mem 10G --sample ERR1713378 --seq metagenomics/kmer-counts-jellyfish/17/ERR1713378.kmer.gz metagenomics/bigsi/17/mccortex.ERR1713378.ctx
[12 Dec 2019 00:48:00-hAd][cwd] /home/CSCScience.ca/apetkau/workspace/comp7934-project
[12 Dec 2019 00:48:00-hAd][version] mccortex=v0.0.3-610-g400c0e3 zlib=1.2.11 htslib=1.8-17-g699ed53 ASSERTS=ON hash=Lookup3 CHECKS=ON k=3..31
[12 Dec 2019 00:48:00-hAd] Saving graph to: metagenomics/bigsi/17/mccortex.ERR1713378.ctx
[12 Dec 2019 00:48:00-hAd][sample] 0: ERR1713378
[12 Dec 2019 00:48:00-hAd][task] metagenomics/kmer-counts-jellyfish/17/ERR1713378.kmer.gz; FASTQ offset: auto-detect, threshold: off; cut homopolymers: off; remove PCR duplicates: no; colour: 0
[12 Dec 2019 00:48:00-hAd][memory] 104 bits per kmer
[12 Dec 2019 00:48:00-hAd] Note: Using less memory than requested (4.2GB < 10GB); allows for 343,932,928 kmers
[12 Dec 2019 00:48:00-hAd][memory] graph: 4.2GB
[12 Dec 2019 00:48:00-hAd][memory] total: 4.2GB of 62.6GB RAM
[12 Dec 2019 00:48:00-hAd] Writing 1 colour graph to metagenomics/bigsi/17/mccortex.ERR1713378.ctx
[12 Dec 2019 00:48:00-hAd][hasht] Allocating table with 343,932,928 entries, using 2.6GB
[12 Dec 2019 00:48:00-hAd][hasht]  number of buckets: 8,388,608, bucket size: 41
[12 Dec 2019 00:48:00-hAd][graph] kmer-size: 17; colours: 1; capacity: 343,932,928
[12 Dec 2019 00:48:00-hAd][hasht] buckets: 8,388,608 [2^23]; bucket size: 41; 
[12 Dec 2019 00:48:00-hAd][hasht] memory: 2.6GB; filled: 0 / 343,932,928 (0.00%)
[12 Dec 2019 00:48:00-hAd][asyncio] Inputs: 1; Threads: 1
[12 Dec 2019 00:48:00-hAd][seq] Parsing sequence file metagenomics/kmer-counts-jellyfish/17/ERR1713378.kmer.gz
[12 Dec 2019 00:48:13-hAd][BuildGraph] Read 5,000,000 entries (reads / read pairs)
[12 Dec 2019 00:48:20-hAd][seq] Loaded 8,656,312 reads and 0 reads pairs (file: metagenomics/kmer-counts-jellyfish/17/ERR1713378.kmer.gz)
[12 Dec 2019 00:48:20-hAd][hasht] buckets: 8,388,608 [2^23]; bucket size: 41; 
[12 Dec 2019 00:48:20-hAd][hasht] memory: 2.6GB; filled: 8,656,312 / 343,932,928 (2.52%)
[12 Dec 2019 00:48:20-hAd][hasht]  collisions  0: 8656312
[12 Dec 2019 00:48:20-hAd][task] input: metagenomics/kmer-counts-jellyfish/17/ERR1713378.kmer.gz colour: 0
[12 Dec 2019 00:48:20-hAd]  SE reads: 8,656,312  PE reads: 0
[12 Dec 2019 00:48:20-hAd]  good reads: 8,656,312  bad reads: 0
[12 Dec 2019 00:48:20-hAd]  dup SE reads: 0  dup PE pairs: 0
[12 Dec 2019 00:48:20-hAd]  bases read: 147,157,304  bases loaded: 147,157,304
[12 Dec 2019 00:48:20-hAd]  num contigs: 8,656,312  num kmers: 8,656,312 novel kmers: 8,656,312
[12 Dec 2019 00:48:20-hAd] Dumping graph...
[12 Dec 2019 00:48:20-hAd][graphwriter] Saving file to: metagenomics/bigsi/17/mccortex.ERR1713378.ctx
[12 Dec 2019 00:48:20-hAd][FileFilter] Writing graph  [1 src colour]
[12 Dec 2019 00:48:22-hAd][graphwriter] Dumped 8,656,312 kmers in 1 colour into: metagenomics/bigsi/17/mccortex.ERR1713378.ctx (ver: 6)
[12 Dec 2019 00:48:22-hAd][memory] We made 19 allocs
[12 Dec 2019 00:48:22-hAd] Done.
[12 Dec 2019 00:48:22-hAd][time] 22.00 seconds
	Command being timed: "mccortex 17 build --nkmers 340000000 --threads 1 --kmer 17 --mem 10G --sample ERR1713378 --seq metagenomics/kmer-counts-jellyfish/17/ERR1713378.kmer.gz metagenomics/bigsi/17/mccortex.ERR1713378.ctx"
	User time (seconds): 25.15
	System time (seconds): 12.40
	Percent of CPU this job got: 165%
	Elapsed (wall clock) time (h:mm:ss or m:ss): 0:22.71
	Average shared text size (kbytes): 0
	Average unshared data size (kbytes): 0
	Average stack size (kbytes): 0
	Average total size (kbytes): 0
	Maximum resident set size (kbytes): 4056844
	Average resident set size (kbytes): 0
	Major (requiring I/O) page faults: 0
	Minor (reclaiming a frame) page faults: 3995557
	Voluntary context switches: 1524605
	Involuntary context switches: 62547
	Swaps: 0
	File system inputs: 96384
	File system outputs: 219800
	Socket messages sent: 0
	Socket messages received: 0
	Signals delivered: 0
	Page size (bytes): 4096
	Exit status: 0
