[12 Dec 2019 00:47:41-DIz][cmd] /home/CSCScience.ca/apetkau/miniconda3/envs/bigsi_mccortex/bin/mccortex31 build --nkmers 340000000 --threads 1 --kmer 17 --mem 10G --sample ERR1713371 --seq metagenomics/kmer-counts-jellyfish/17/ERR1713371.kmer.gz metagenomics/bigsi/17/mccortex.ERR1713371.ctx
[12 Dec 2019 00:47:41-DIz][cwd] /home/CSCScience.ca/apetkau/workspace/comp7934-project
[12 Dec 2019 00:47:41-DIz][version] mccortex=v0.0.3-610-g400c0e3 zlib=1.2.11 htslib=1.8-17-g699ed53 ASSERTS=ON hash=Lookup3 CHECKS=ON k=3..31
[12 Dec 2019 00:47:41-DIz] Saving graph to: metagenomics/bigsi/17/mccortex.ERR1713371.ctx
[12 Dec 2019 00:47:41-DIz][sample] 0: ERR1713371
[12 Dec 2019 00:47:41-DIz][task] metagenomics/kmer-counts-jellyfish/17/ERR1713371.kmer.gz; FASTQ offset: auto-detect, threshold: off; cut homopolymers: off; remove PCR duplicates: no; colour: 0
[12 Dec 2019 00:47:41-DIz][memory] 104 bits per kmer
[12 Dec 2019 00:47:41-DIz] Note: Using less memory than requested (4.2GB < 10GB); allows for 343,932,928 kmers
[12 Dec 2019 00:47:41-DIz][memory] graph: 4.2GB
[12 Dec 2019 00:47:41-DIz][memory] total: 4.2GB of 62.6GB RAM
[12 Dec 2019 00:47:41-DIz] Writing 1 colour graph to metagenomics/bigsi/17/mccortex.ERR1713371.ctx
[12 Dec 2019 00:47:41-DIz][hasht] Allocating table with 343,932,928 entries, using 2.6GB
[12 Dec 2019 00:47:41-DIz][hasht]  number of buckets: 8,388,608, bucket size: 41
[12 Dec 2019 00:47:41-DIz][graph] kmer-size: 17; colours: 1; capacity: 343,932,928
[12 Dec 2019 00:47:41-DIz][hasht] buckets: 8,388,608 [2^23]; bucket size: 41; 
[12 Dec 2019 00:47:41-DIz][hasht] memory: 2.6GB; filled: 0 / 343,932,928 (0.00%)
[12 Dec 2019 00:47:41-DIz][asyncio] Inputs: 1; Threads: 1
[12 Dec 2019 00:47:41-DIz][seq] Parsing sequence file metagenomics/kmer-counts-jellyfish/17/ERR1713371.kmer.gz
[12 Dec 2019 00:47:55-DIz][BuildGraph] Read 5,000,000 entries (reads / read pairs)
[12 Dec 2019 00:48:00-DIz][seq] Loaded 7,898,388 reads and 0 reads pairs (file: metagenomics/kmer-counts-jellyfish/17/ERR1713371.kmer.gz)
[12 Dec 2019 00:48:00-DIz][hasht] buckets: 8,388,608 [2^23]; bucket size: 41; 
[12 Dec 2019 00:48:00-DIz][hasht] memory: 2.6GB; filled: 7,898,388 / 343,932,928 (2.30%)
[12 Dec 2019 00:48:00-DIz][hasht]  collisions  0: 7898388
[12 Dec 2019 00:48:00-DIz][task] input: metagenomics/kmer-counts-jellyfish/17/ERR1713371.kmer.gz colour: 0
[12 Dec 2019 00:48:00-DIz]  SE reads: 7,898,388  PE reads: 0
[12 Dec 2019 00:48:00-DIz]  good reads: 7,898,388  bad reads: 0
[12 Dec 2019 00:48:00-DIz]  dup SE reads: 0  dup PE pairs: 0
[12 Dec 2019 00:48:00-DIz]  bases read: 134,272,596  bases loaded: 134,272,596
[12 Dec 2019 00:48:00-DIz]  num contigs: 7,898,388  num kmers: 7,898,388 novel kmers: 7,898,388
[12 Dec 2019 00:48:00-DIz] Dumping graph...
[12 Dec 2019 00:48:00-DIz][graphwriter] Saving file to: metagenomics/bigsi/17/mccortex.ERR1713371.ctx
[12 Dec 2019 00:48:00-DIz][FileFilter] Writing graph  [1 src colour]
[12 Dec 2019 00:48:02-DIz][graphwriter] Dumped 7,898,388 kmers in 1 colour into: metagenomics/bigsi/17/mccortex.ERR1713371.ctx (ver: 6)
[12 Dec 2019 00:48:02-DIz][memory] We made 19 allocs
[12 Dec 2019 00:48:02-DIz] Done.
[12 Dec 2019 00:48:02-DIz][time] 21.00 seconds
	Command being timed: "mccortex 17 build --nkmers 340000000 --threads 1 --kmer 17 --mem 10G --sample ERR1713371 --seq metagenomics/kmer-counts-jellyfish/17/ERR1713371.kmer.gz metagenomics/bigsi/17/mccortex.ERR1713371.ctx"
	User time (seconds): 21.33
	System time (seconds): 14.52
	Percent of CPU this job got: 167%
	Elapsed (wall clock) time (h:mm:ss or m:ss): 0:21.35
	Average shared text size (kbytes): 0
	Average unshared data size (kbytes): 0
	Average stack size (kbytes): 0
	Average total size (kbytes): 0
	Maximum resident set size (kbytes): 4056792
	Average resident set size (kbytes): 0
	Major (requiring I/O) page faults: 0
	Minor (reclaiming a frame) page faults: 4920389
	Voluntary context switches: 2093864
	Involuntary context switches: 8435
	Swaps: 0
	File system inputs: 87744
	File system outputs: 200560
	Socket messages sent: 0
	Socket messages received: 0
	Signals delivered: 0
	Page size (bytes): 4096
	Exit status: 0
