[12 Dec 2019 00:39:28-kIF][cmd] /home/CSCScience.ca/apetkau/miniconda3/envs/bigsi_mccortex/bin/mccortex31 build --nkmers 340000000 --threads 1 --kmer 17 --mem 10G --sample ERR1713339 --seq metagenomics/kmer-counts-jellyfish/17/ERR1713339.kmer.gz metagenomics/bigsi/17/mccortex.ERR1713339.ctx
[12 Dec 2019 00:39:28-kIF][cwd] /home/CSCScience.ca/apetkau/workspace/comp7934-project
[12 Dec 2019 00:39:28-kIF][version] mccortex=v0.0.3-610-g400c0e3 zlib=1.2.11 htslib=1.8-17-g699ed53 ASSERTS=ON hash=Lookup3 CHECKS=ON k=3..31
[12 Dec 2019 00:39:28-kIF] Saving graph to: metagenomics/bigsi/17/mccortex.ERR1713339.ctx
[12 Dec 2019 00:39:28-kIF][sample] 0: ERR1713339
[12 Dec 2019 00:39:28-kIF][task] metagenomics/kmer-counts-jellyfish/17/ERR1713339.kmer.gz; FASTQ offset: auto-detect, threshold: off; cut homopolymers: off; remove PCR duplicates: no; colour: 0
[12 Dec 2019 00:39:28-kIF][memory] 104 bits per kmer
[12 Dec 2019 00:39:28-kIF] Note: Using less memory than requested (4.2GB < 10GB); allows for 343,932,928 kmers
[12 Dec 2019 00:39:28-kIF][memory] graph: 4.2GB
[12 Dec 2019 00:39:28-kIF][memory] total: 4.2GB of 62.6GB RAM
[12 Dec 2019 00:39:28-kIF] Writing 1 colour graph to metagenomics/bigsi/17/mccortex.ERR1713339.ctx
[12 Dec 2019 00:39:28-kIF][hasht] Allocating table with 343,932,928 entries, using 2.6GB
[12 Dec 2019 00:39:28-kIF][hasht]  number of buckets: 8,388,608, bucket size: 41
[12 Dec 2019 00:39:28-kIF][graph] kmer-size: 17; colours: 1; capacity: 343,932,928
[12 Dec 2019 00:39:28-kIF][hasht] buckets: 8,388,608 [2^23]; bucket size: 41; 
[12 Dec 2019 00:39:28-kIF][hasht] memory: 2.6GB; filled: 0 / 343,932,928 (0.00%)
[12 Dec 2019 00:39:28-kIF][asyncio] Inputs: 1; Threads: 1
[12 Dec 2019 00:39:28-kIF][seq] Parsing sequence file metagenomics/kmer-counts-jellyfish/17/ERR1713339.kmer.gz
[12 Dec 2019 00:39:42-kIF][BuildGraph] Read 5,000,000 entries (reads / read pairs)
[12 Dec 2019 00:39:49-kIF][seq] Loaded 8,391,216 reads and 0 reads pairs (file: metagenomics/kmer-counts-jellyfish/17/ERR1713339.kmer.gz)
[12 Dec 2019 00:39:49-kIF][hasht] buckets: 8,388,608 [2^23]; bucket size: 41; 
[12 Dec 2019 00:39:49-kIF][hasht] memory: 2.6GB; filled: 8,391,216 / 343,932,928 (2.44%)
[12 Dec 2019 00:39:49-kIF][hasht]  collisions  0: 8391216
[12 Dec 2019 00:39:49-kIF][task] input: metagenomics/kmer-counts-jellyfish/17/ERR1713339.kmer.gz colour: 0
[12 Dec 2019 00:39:49-kIF]  SE reads: 8,391,216  PE reads: 0
[12 Dec 2019 00:39:49-kIF]  good reads: 8,391,216  bad reads: 0
[12 Dec 2019 00:39:49-kIF]  dup SE reads: 0  dup PE pairs: 0
[12 Dec 2019 00:39:49-kIF]  bases read: 142,650,672  bases loaded: 142,650,672
[12 Dec 2019 00:39:49-kIF]  num contigs: 8,391,216  num kmers: 8,391,216 novel kmers: 8,391,216
[12 Dec 2019 00:39:49-kIF] Dumping graph...
[12 Dec 2019 00:39:49-kIF][graphwriter] Saving file to: metagenomics/bigsi/17/mccortex.ERR1713339.ctx
[12 Dec 2019 00:39:49-kIF][FileFilter] Writing graph  [1 src colour]
[12 Dec 2019 00:39:50-kIF][graphwriter] Dumped 8,391,216 kmers in 1 colour into: metagenomics/bigsi/17/mccortex.ERR1713339.ctx (ver: 6)
[12 Dec 2019 00:39:51-kIF][memory] We made 19 allocs
[12 Dec 2019 00:39:51-kIF] Done.
[12 Dec 2019 00:39:51-kIF][time] 23.00 seconds
	Command being timed: "mccortex 17 build --nkmers 340000000 --threads 1 --kmer 17 --mem 10G --sample ERR1713339 --seq metagenomics/kmer-counts-jellyfish/17/ERR1713339.kmer.gz metagenomics/bigsi/17/mccortex.ERR1713339.ctx"
	User time (seconds): 25.69
	System time (seconds): 12.13
	Percent of CPU this job got: 164%
	Elapsed (wall clock) time (h:mm:ss or m:ss): 0:23.06
	Average shared text size (kbytes): 0
	Average unshared data size (kbytes): 0
	Average stack size (kbytes): 0
	Average total size (kbytes): 0
	Maximum resident set size (kbytes): 4056936
	Average resident set size (kbytes): 0
	Major (requiring I/O) page faults: 0
	Minor (reclaiming a frame) page faults: 3412952
	Voluntary context switches: 1332924
	Involuntary context switches: 3114
	Swaps: 0
	File system inputs: 93584
	File system outputs: 213080
	Socket messages sent: 0
	Socket messages received: 0
	Signals delivered: 0
	Page size (bytes): 4096
	Exit status: 0
