[12 Dec 2019 00:47:47-NUf][cmd] /home/CSCScience.ca/apetkau/miniconda3/envs/bigsi_mccortex/bin/mccortex31 build --nkmers 340000000 --threads 1 --kmer 17 --mem 10G --sample ERR1713373 --seq metagenomics/kmer-counts-jellyfish/17/ERR1713373.kmer.gz metagenomics/bigsi/17/mccortex.ERR1713373.ctx
[12 Dec 2019 00:47:47-NUf][cwd] /home/CSCScience.ca/apetkau/workspace/comp7934-project
[12 Dec 2019 00:47:47-NUf][version] mccortex=v0.0.3-610-g400c0e3 zlib=1.2.11 htslib=1.8-17-g699ed53 ASSERTS=ON hash=Lookup3 CHECKS=ON k=3..31
[12 Dec 2019 00:47:47-NUf] Saving graph to: metagenomics/bigsi/17/mccortex.ERR1713373.ctx
[12 Dec 2019 00:47:47-NUf][sample] 0: ERR1713373
[12 Dec 2019 00:47:47-NUf][task] metagenomics/kmer-counts-jellyfish/17/ERR1713373.kmer.gz; FASTQ offset: auto-detect, threshold: off; cut homopolymers: off; remove PCR duplicates: no; colour: 0
[12 Dec 2019 00:47:47-NUf][memory] 104 bits per kmer
[12 Dec 2019 00:47:47-NUf] Note: Using less memory than requested (4.2GB < 10GB); allows for 343,932,928 kmers
[12 Dec 2019 00:47:47-NUf][memory] graph: 4.2GB
[12 Dec 2019 00:47:47-NUf][memory] total: 4.2GB of 62.6GB RAM
[12 Dec 2019 00:47:47-NUf] Writing 1 colour graph to metagenomics/bigsi/17/mccortex.ERR1713373.ctx
[12 Dec 2019 00:47:47-NUf][hasht] Allocating table with 343,932,928 entries, using 2.6GB
[12 Dec 2019 00:47:47-NUf][hasht]  number of buckets: 8,388,608, bucket size: 41
[12 Dec 2019 00:47:47-NUf][graph] kmer-size: 17; colours: 1; capacity: 343,932,928
[12 Dec 2019 00:47:47-NUf][hasht] buckets: 8,388,608 [2^23]; bucket size: 41; 
[12 Dec 2019 00:47:47-NUf][hasht] memory: 2.6GB; filled: 0 / 343,932,928 (0.00%)
[12 Dec 2019 00:47:47-NUf][asyncio] Inputs: 1; Threads: 1
[12 Dec 2019 00:47:47-NUf][seq] Parsing sequence file metagenomics/kmer-counts-jellyfish/17/ERR1713373.kmer.gz
[12 Dec 2019 00:47:59-NUf][BuildGraph] Read 5,000,000 entries (reads / read pairs)
[12 Dec 2019 00:48:05-NUf][seq] Loaded 8,558,250 reads and 0 reads pairs (file: metagenomics/kmer-counts-jellyfish/17/ERR1713373.kmer.gz)
[12 Dec 2019 00:48:05-NUf][hasht] buckets: 8,388,608 [2^23]; bucket size: 41; 
[12 Dec 2019 00:48:05-NUf][hasht] memory: 2.6GB; filled: 8,558,250 / 343,932,928 (2.49%)
[12 Dec 2019 00:48:05-NUf][hasht]  collisions  0: 8558250
[12 Dec 2019 00:48:05-NUf][task] input: metagenomics/kmer-counts-jellyfish/17/ERR1713373.kmer.gz colour: 0
[12 Dec 2019 00:48:05-NUf]  SE reads: 8,558,250  PE reads: 0
[12 Dec 2019 00:48:05-NUf]  good reads: 8,558,250  bad reads: 0
[12 Dec 2019 00:48:05-NUf]  dup SE reads: 0  dup PE pairs: 0
[12 Dec 2019 00:48:05-NUf]  bases read: 145,490,250  bases loaded: 145,490,250
[12 Dec 2019 00:48:05-NUf]  num contigs: 8,558,250  num kmers: 8,558,250 novel kmers: 8,558,250
[12 Dec 2019 00:48:05-NUf] Dumping graph...
[12 Dec 2019 00:48:05-NUf][graphwriter] Saving file to: metagenomics/bigsi/17/mccortex.ERR1713373.ctx
[12 Dec 2019 00:48:05-NUf][FileFilter] Writing graph  [1 src colour]
[12 Dec 2019 00:48:07-NUf][graphwriter] Dumped 8,558,250 kmers in 1 colour into: metagenomics/bigsi/17/mccortex.ERR1713373.ctx (ver: 6)
[12 Dec 2019 00:48:07-NUf][memory] We made 19 allocs
[12 Dec 2019 00:48:07-NUf] Done.
[12 Dec 2019 00:48:07-NUf][time] 20.00 seconds
	Command being timed: "mccortex 17 build --nkmers 340000000 --threads 1 --kmer 17 --mem 10G --sample ERR1713373 --seq metagenomics/kmer-counts-jellyfish/17/ERR1713373.kmer.gz metagenomics/bigsi/17/mccortex.ERR1713373.ctx"
	User time (seconds): 20.76
	System time (seconds): 12.71
	Percent of CPU this job got: 167%
	Elapsed (wall clock) time (h:mm:ss or m:ss): 0:20.03
	Average shared text size (kbytes): 0
	Average unshared data size (kbytes): 0
	Average stack size (kbytes): 0
	Average total size (kbytes): 0
	Maximum resident set size (kbytes): 4056748
	Average resident set size (kbytes): 0
	Major (requiring I/O) page faults: 0
	Minor (reclaiming a frame) page faults: 3899055
	Voluntary context switches: 1850780
	Involuntary context switches: 24659
	Swaps: 0
	File system inputs: 95432
	File system outputs: 217312
	Socket messages sent: 0
	Socket messages received: 0
	Signals delivered: 0
	Page size (bytes): 4096
	Exit status: 0
