[12 Dec 2019 00:53:44-tul][cmd] /home/CSCScience.ca/apetkau/miniconda3/envs/bigsi_mccortex/bin/mccortex31 build --nkmers 340000000 --threads 1 --kmer 17 --mem 10G --sample ERR1713405 --seq metagenomics/kmer-counts-jellyfish/17/ERR1713405.kmer.gz metagenomics/bigsi/17/mccortex.ERR1713405.ctx
[12 Dec 2019 00:53:44-tul][cwd] /home/CSCScience.ca/apetkau/workspace/comp7934-project
[12 Dec 2019 00:53:44-tul][version] mccortex=v0.0.3-610-g400c0e3 zlib=1.2.11 htslib=1.8-17-g699ed53 ASSERTS=ON hash=Lookup3 CHECKS=ON k=3..31
[12 Dec 2019 00:53:44-tul] Saving graph to: metagenomics/bigsi/17/mccortex.ERR1713405.ctx
[12 Dec 2019 00:53:44-tul][sample] 0: ERR1713405
[12 Dec 2019 00:53:44-tul][task] metagenomics/kmer-counts-jellyfish/17/ERR1713405.kmer.gz; FASTQ offset: auto-detect, threshold: off; cut homopolymers: off; remove PCR duplicates: no; colour: 0
[12 Dec 2019 00:53:44-tul][memory] 104 bits per kmer
[12 Dec 2019 00:53:44-tul] Note: Using less memory than requested (4.2GB < 10GB); allows for 343,932,928 kmers
[12 Dec 2019 00:53:44-tul][memory] graph: 4.2GB
[12 Dec 2019 00:53:44-tul][memory] total: 4.2GB of 62.6GB RAM
[12 Dec 2019 00:53:44-tul] Writing 1 colour graph to metagenomics/bigsi/17/mccortex.ERR1713405.ctx
[12 Dec 2019 00:53:44-tul][hasht] Allocating table with 343,932,928 entries, using 2.6GB
[12 Dec 2019 00:53:44-tul][hasht]  number of buckets: 8,388,608, bucket size: 41
[12 Dec 2019 00:53:44-tul][graph] kmer-size: 17; colours: 1; capacity: 343,932,928
[12 Dec 2019 00:53:44-tul][hasht] buckets: 8,388,608 [2^23]; bucket size: 41; 
[12 Dec 2019 00:53:44-tul][hasht] memory: 2.6GB; filled: 0 / 343,932,928 (0.00%)
[12 Dec 2019 00:53:44-tul][asyncio] Inputs: 1; Threads: 1
[12 Dec 2019 00:53:44-tul][seq] Parsing sequence file metagenomics/kmer-counts-jellyfish/17/ERR1713405.kmer.gz
[12 Dec 2019 00:53:56-tul][BuildGraph] Read 5,000,000 entries (reads / read pairs)
[12 Dec 2019 00:54:01-tul][seq] Loaded 8,682,703 reads and 0 reads pairs (file: metagenomics/kmer-counts-jellyfish/17/ERR1713405.kmer.gz)
[12 Dec 2019 00:54:01-tul][hasht] buckets: 8,388,608 [2^23]; bucket size: 41; 
[12 Dec 2019 00:54:01-tul][hasht] memory: 2.6GB; filled: 8,682,703 / 343,932,928 (2.52%)
[12 Dec 2019 00:54:01-tul][hasht]  collisions  0: 8682703
[12 Dec 2019 00:54:01-tul][task] input: metagenomics/kmer-counts-jellyfish/17/ERR1713405.kmer.gz colour: 0
[12 Dec 2019 00:54:01-tul]  SE reads: 8,682,703  PE reads: 0
[12 Dec 2019 00:54:01-tul]  good reads: 8,682,703  bad reads: 0
[12 Dec 2019 00:54:01-tul]  dup SE reads: 0  dup PE pairs: 0
[12 Dec 2019 00:54:01-tul]  bases read: 147,605,951  bases loaded: 147,605,951
[12 Dec 2019 00:54:01-tul]  num contigs: 8,682,703  num kmers: 8,682,703 novel kmers: 8,682,703
[12 Dec 2019 00:54:01-tul] Dumping graph...
[12 Dec 2019 00:54:01-tul][graphwriter] Saving file to: metagenomics/bigsi/17/mccortex.ERR1713405.ctx
[12 Dec 2019 00:54:01-tul][FileFilter] Writing graph  [1 src colour]
[12 Dec 2019 00:54:03-tul][graphwriter] Dumped 8,682,703 kmers in 1 colour into: metagenomics/bigsi/17/mccortex.ERR1713405.ctx (ver: 6)
[12 Dec 2019 00:54:03-tul][memory] We made 19 allocs
[12 Dec 2019 00:54:03-tul] Done.
[12 Dec 2019 00:54:03-tul][time] 19.00 seconds
	Command being timed: "mccortex 17 build --nkmers 340000000 --threads 1 --kmer 17 --mem 10G --sample ERR1713405 --seq metagenomics/kmer-counts-jellyfish/17/ERR1713405.kmer.gz metagenomics/bigsi/17/mccortex.ERR1713405.ctx"
	User time (seconds): 20.28
	System time (seconds): 11.76
	Percent of CPU this job got: 166%
	Elapsed (wall clock) time (h:mm:ss or m:ss): 0:19.24
	Average shared text size (kbytes): 0
	Average unshared data size (kbytes): 0
	Average stack size (kbytes): 0
	Average total size (kbytes): 0
	Maximum resident set size (kbytes): 4057008
	Average resident set size (kbytes): 0
	Major (requiring I/O) page faults: 0
	Minor (reclaiming a frame) page faults: 4140054
	Voluntary context switches: 1872857
	Involuntary context switches: 15826
	Swaps: 0
	File system inputs: 96816
	File system outputs: 220472
	Socket messages sent: 0
	Socket messages received: 0
	Signals delivered: 0
	Page size (bytes): 4096
	Exit status: 0
