[12 Dec 2019 00:53:31-CUS][cmd] /home/CSCScience.ca/apetkau/miniconda3/envs/bigsi_mccortex/bin/mccortex31 build --nkmers 340000000 --threads 1 --kmer 17 --mem 10G --sample ERR1713403 --seq metagenomics/kmer-counts-jellyfish/17/ERR1713403.kmer.gz metagenomics/bigsi/17/mccortex.ERR1713403.ctx
[12 Dec 2019 00:53:31-CUS][cwd] /home/CSCScience.ca/apetkau/workspace/comp7934-project
[12 Dec 2019 00:53:31-CUS][version] mccortex=v0.0.3-610-g400c0e3 zlib=1.2.11 htslib=1.8-17-g699ed53 ASSERTS=ON hash=Lookup3 CHECKS=ON k=3..31
[12 Dec 2019 00:53:31-CUS] Saving graph to: metagenomics/bigsi/17/mccortex.ERR1713403.ctx
[12 Dec 2019 00:53:31-CUS][sample] 0: ERR1713403
[12 Dec 2019 00:53:31-CUS][task] metagenomics/kmer-counts-jellyfish/17/ERR1713403.kmer.gz; FASTQ offset: auto-detect, threshold: off; cut homopolymers: off; remove PCR duplicates: no; colour: 0
[12 Dec 2019 00:53:31-CUS][memory] 104 bits per kmer
[12 Dec 2019 00:53:31-CUS] Note: Using less memory than requested (4.2GB < 10GB); allows for 343,932,928 kmers
[12 Dec 2019 00:53:31-CUS][memory] graph: 4.2GB
[12 Dec 2019 00:53:31-CUS][memory] total: 4.2GB of 62.6GB RAM
[12 Dec 2019 00:53:31-CUS] Writing 1 colour graph to metagenomics/bigsi/17/mccortex.ERR1713403.ctx
[12 Dec 2019 00:53:31-CUS][hasht] Allocating table with 343,932,928 entries, using 2.6GB
[12 Dec 2019 00:53:31-CUS][hasht]  number of buckets: 8,388,608, bucket size: 41
[12 Dec 2019 00:53:31-CUS][graph] kmer-size: 17; colours: 1; capacity: 343,932,928
[12 Dec 2019 00:53:31-CUS][hasht] buckets: 8,388,608 [2^23]; bucket size: 41; 
[12 Dec 2019 00:53:31-CUS][hasht] memory: 2.6GB; filled: 0 / 343,932,928 (0.00%)
[12 Dec 2019 00:53:31-CUS][asyncio] Inputs: 1; Threads: 1
[12 Dec 2019 00:53:31-CUS][seq] Parsing sequence file metagenomics/kmer-counts-jellyfish/17/ERR1713403.kmer.gz
[12 Dec 2019 00:53:43-CUS][BuildGraph] Read 5,000,000 entries (reads / read pairs)
[12 Dec 2019 00:53:48-CUS][seq] Loaded 8,411,799 reads and 0 reads pairs (file: metagenomics/kmer-counts-jellyfish/17/ERR1713403.kmer.gz)
[12 Dec 2019 00:53:48-CUS][hasht] buckets: 8,388,608 [2^23]; bucket size: 41; 
[12 Dec 2019 00:53:48-CUS][hasht] memory: 2.6GB; filled: 8,411,799 / 343,932,928 (2.45%)
[12 Dec 2019 00:53:48-CUS][hasht]  collisions  0: 8411799
[12 Dec 2019 00:53:48-CUS][task] input: metagenomics/kmer-counts-jellyfish/17/ERR1713403.kmer.gz colour: 0
[12 Dec 2019 00:53:48-CUS]  SE reads: 8,411,799  PE reads: 0
[12 Dec 2019 00:53:48-CUS]  good reads: 8,411,799  bad reads: 0
[12 Dec 2019 00:53:48-CUS]  dup SE reads: 0  dup PE pairs: 0
[12 Dec 2019 00:53:48-CUS]  bases read: 143,000,583  bases loaded: 143,000,583
[12 Dec 2019 00:53:48-CUS]  num contigs: 8,411,799  num kmers: 8,411,799 novel kmers: 8,411,799
[12 Dec 2019 00:53:48-CUS] Dumping graph...
[12 Dec 2019 00:53:48-CUS][graphwriter] Saving file to: metagenomics/bigsi/17/mccortex.ERR1713403.ctx
[12 Dec 2019 00:53:48-CUS][FileFilter] Writing graph  [1 src colour]
[12 Dec 2019 00:53:50-CUS][graphwriter] Dumped 8,411,799 kmers in 1 colour into: metagenomics/bigsi/17/mccortex.ERR1713403.ctx (ver: 6)
[12 Dec 2019 00:53:50-CUS][memory] We made 19 allocs
[12 Dec 2019 00:53:50-CUS] Done.
[12 Dec 2019 00:53:50-CUS][time] 19.00 seconds
	Command being timed: "mccortex 17 build --nkmers 340000000 --threads 1 --kmer 17 --mem 10G --sample ERR1713403 --seq metagenomics/kmer-counts-jellyfish/17/ERR1713403.kmer.gz metagenomics/bigsi/17/mccortex.ERR1713403.ctx"
	User time (seconds): 19.61
	System time (seconds): 11.42
	Percent of CPU this job got: 164%
	Elapsed (wall clock) time (h:mm:ss or m:ss): 0:18.91
	Average shared text size (kbytes): 0
	Average unshared data size (kbytes): 0
	Average stack size (kbytes): 0
	Average total size (kbytes): 0
	Maximum resident set size (kbytes): 4056884
	Average resident set size (kbytes): 0
	Major (requiring I/O) page faults: 0
	Minor (reclaiming a frame) page faults: 3833352
	Voluntary context switches: 1736641
	Involuntary context switches: 20525
	Swaps: 0
	File system inputs: 93808
	File system outputs: 213592
	Socket messages sent: 0
	Socket messages received: 0
	Signals delivered: 0
	Page size (bytes): 4096
	Exit status: 0
