[12 Dec 2019 00:53:01-WIX][cmd] /home/CSCScience.ca/apetkau/miniconda3/envs/bigsi_mccortex/bin/mccortex31 build --nkmers 340000000 --threads 1 --kmer 17 --mem 10G --sample ERR1713396 --seq metagenomics/kmer-counts-jellyfish/17/ERR1713396.kmer.gz metagenomics/bigsi/17/mccortex.ERR1713396.ctx
[12 Dec 2019 00:53:01-WIX][cwd] /home/CSCScience.ca/apetkau/workspace/comp7934-project
[12 Dec 2019 00:53:01-WIX][version] mccortex=v0.0.3-610-g400c0e3 zlib=1.2.11 htslib=1.8-17-g699ed53 ASSERTS=ON hash=Lookup3 CHECKS=ON k=3..31
[12 Dec 2019 00:53:01-WIX] Saving graph to: metagenomics/bigsi/17/mccortex.ERR1713396.ctx
[12 Dec 2019 00:53:01-WIX][sample] 0: ERR1713396
[12 Dec 2019 00:53:01-WIX][task] metagenomics/kmer-counts-jellyfish/17/ERR1713396.kmer.gz; FASTQ offset: auto-detect, threshold: off; cut homopolymers: off; remove PCR duplicates: no; colour: 0
[12 Dec 2019 00:53:01-WIX][memory] 104 bits per kmer
[12 Dec 2019 00:53:01-WIX] Note: Using less memory than requested (4.2GB < 10GB); allows for 343,932,928 kmers
[12 Dec 2019 00:53:01-WIX][memory] graph: 4.2GB
[12 Dec 2019 00:53:01-WIX][memory] total: 4.2GB of 62.6GB RAM
[12 Dec 2019 00:53:01-WIX] Writing 1 colour graph to metagenomics/bigsi/17/mccortex.ERR1713396.ctx
[12 Dec 2019 00:53:01-WIX][hasht] Allocating table with 343,932,928 entries, using 2.6GB
[12 Dec 2019 00:53:01-WIX][hasht]  number of buckets: 8,388,608, bucket size: 41
[12 Dec 2019 00:53:01-WIX][graph] kmer-size: 17; colours: 1; capacity: 343,932,928
[12 Dec 2019 00:53:01-WIX][hasht] buckets: 8,388,608 [2^23]; bucket size: 41; 
[12 Dec 2019 00:53:01-WIX][hasht] memory: 2.6GB; filled: 0 / 343,932,928 (0.00%)
[12 Dec 2019 00:53:01-WIX][asyncio] Inputs: 1; Threads: 1
[12 Dec 2019 00:53:01-WIX][seq] Parsing sequence file metagenomics/kmer-counts-jellyfish/17/ERR1713396.kmer.gz
[12 Dec 2019 00:53:16-WIX][BuildGraph] Read 5,000,000 entries (reads / read pairs)
[12 Dec 2019 00:53:22-WIX][seq] Loaded 8,703,311 reads and 0 reads pairs (file: metagenomics/kmer-counts-jellyfish/17/ERR1713396.kmer.gz)
[12 Dec 2019 00:53:22-WIX][hasht] buckets: 8,388,608 [2^23]; bucket size: 41; 
[12 Dec 2019 00:53:22-WIX][hasht] memory: 2.6GB; filled: 8,703,311 / 343,932,928 (2.53%)
[12 Dec 2019 00:53:22-WIX][hasht]  collisions  0: 8703311
[12 Dec 2019 00:53:22-WIX][task] input: metagenomics/kmer-counts-jellyfish/17/ERR1713396.kmer.gz colour: 0
[12 Dec 2019 00:53:22-WIX]  SE reads: 8,703,311  PE reads: 0
[12 Dec 2019 00:53:22-WIX]  good reads: 8,703,311  bad reads: 0
[12 Dec 2019 00:53:22-WIX]  dup SE reads: 0  dup PE pairs: 0
[12 Dec 2019 00:53:22-WIX]  bases read: 147,956,287  bases loaded: 147,956,287
[12 Dec 2019 00:53:22-WIX]  num contigs: 8,703,311  num kmers: 8,703,311 novel kmers: 8,703,311
[12 Dec 2019 00:53:22-WIX] Dumping graph...
[12 Dec 2019 00:53:22-WIX][graphwriter] Saving file to: metagenomics/bigsi/17/mccortex.ERR1713396.ctx
[12 Dec 2019 00:53:22-WIX][FileFilter] Writing graph  [1 src colour]
[12 Dec 2019 00:53:23-WIX][graphwriter] Dumped 8,703,311 kmers in 1 colour into: metagenomics/bigsi/17/mccortex.ERR1713396.ctx (ver: 6)
[12 Dec 2019 00:53:24-WIX][memory] We made 19 allocs
[12 Dec 2019 00:53:24-WIX] Done.
[12 Dec 2019 00:53:24-WIX][time] 23.00 seconds
	Command being timed: "mccortex 17 build --nkmers 340000000 --threads 1 --kmer 17 --mem 10G --sample ERR1713396 --seq metagenomics/kmer-counts-jellyfish/17/ERR1713396.kmer.gz metagenomics/bigsi/17/mccortex.ERR1713396.ctx"
	User time (seconds): 24.30
	System time (seconds): 13.45
	Percent of CPU this job got: 166%
	Elapsed (wall clock) time (h:mm:ss or m:ss): 0:22.73
	Average shared text size (kbytes): 0
	Average unshared data size (kbytes): 0
	Average stack size (kbytes): 0
	Average total size (kbytes): 0
	Maximum resident set size (kbytes): 4056920
	Average resident set size (kbytes): 0
	Major (requiring I/O) page faults: 0
	Minor (reclaiming a frame) page faults: 3944798
	Voluntary context switches: 1679595
	Involuntary context switches: 605
	Swaps: 0
	File system inputs: 97192
	File system outputs: 221000
	Socket messages sent: 0
	Socket messages received: 0
	Signals delivered: 0
	Page size (bytes): 4096
	Exit status: 0
