[12 Dec 2019 00:47:49-MeN][cmd] /home/CSCScience.ca/apetkau/miniconda3/envs/bigsi_mccortex/bin/mccortex31 build --nkmers 340000000 --threads 1 --kmer 17 --mem 10G --sample ERR1713374 --seq metagenomics/kmer-counts-jellyfish/17/ERR1713374.kmer.gz metagenomics/bigsi/17/mccortex.ERR1713374.ctx
[12 Dec 2019 00:47:49-MeN][cwd] /home/CSCScience.ca/apetkau/workspace/comp7934-project
[12 Dec 2019 00:47:49-MeN][version] mccortex=v0.0.3-610-g400c0e3 zlib=1.2.11 htslib=1.8-17-g699ed53 ASSERTS=ON hash=Lookup3 CHECKS=ON k=3..31
[12 Dec 2019 00:47:49-MeN] Saving graph to: metagenomics/bigsi/17/mccortex.ERR1713374.ctx
[12 Dec 2019 00:47:49-MeN][sample] 0: ERR1713374
[12 Dec 2019 00:47:49-MeN][task] metagenomics/kmer-counts-jellyfish/17/ERR1713374.kmer.gz; FASTQ offset: auto-detect, threshold: off; cut homopolymers: off; remove PCR duplicates: no; colour: 0
[12 Dec 2019 00:47:49-MeN][memory] 104 bits per kmer
[12 Dec 2019 00:47:49-MeN] Note: Using less memory than requested (4.2GB < 10GB); allows for 343,932,928 kmers
[12 Dec 2019 00:47:49-MeN][memory] graph: 4.2GB
[12 Dec 2019 00:47:49-MeN][memory] total: 4.2GB of 62.6GB RAM
[12 Dec 2019 00:47:49-MeN] Writing 1 colour graph to metagenomics/bigsi/17/mccortex.ERR1713374.ctx
[12 Dec 2019 00:47:49-MeN][hasht] Allocating table with 343,932,928 entries, using 2.6GB
[12 Dec 2019 00:47:49-MeN][hasht]  number of buckets: 8,388,608, bucket size: 41
[12 Dec 2019 00:47:49-MeN][graph] kmer-size: 17; colours: 1; capacity: 343,932,928
[12 Dec 2019 00:47:49-MeN][hasht] buckets: 8,388,608 [2^23]; bucket size: 41; 
[12 Dec 2019 00:47:49-MeN][hasht] memory: 2.6GB; filled: 0 / 343,932,928 (0.00%)
[12 Dec 2019 00:47:49-MeN][asyncio] Inputs: 1; Threads: 1
[12 Dec 2019 00:47:49-MeN][seq] Parsing sequence file metagenomics/kmer-counts-jellyfish/17/ERR1713374.kmer.gz
[12 Dec 2019 00:48:02-MeN][BuildGraph] Read 5,000,000 entries (reads / read pairs)
[12 Dec 2019 00:48:08-MeN][seq] Loaded 8,052,339 reads and 0 reads pairs (file: metagenomics/kmer-counts-jellyfish/17/ERR1713374.kmer.gz)
[12 Dec 2019 00:48:08-MeN][hasht] buckets: 8,388,608 [2^23]; bucket size: 41; 
[12 Dec 2019 00:48:08-MeN][hasht] memory: 2.6GB; filled: 8,052,339 / 343,932,928 (2.34%)
[12 Dec 2019 00:48:08-MeN][hasht]  collisions  0: 8052339
[12 Dec 2019 00:48:08-MeN][task] input: metagenomics/kmer-counts-jellyfish/17/ERR1713374.kmer.gz colour: 0
[12 Dec 2019 00:48:08-MeN]  SE reads: 8,052,339  PE reads: 0
[12 Dec 2019 00:48:08-MeN]  good reads: 8,052,339  bad reads: 0
[12 Dec 2019 00:48:08-MeN]  dup SE reads: 0  dup PE pairs: 0
[12 Dec 2019 00:48:08-MeN]  bases read: 136,889,763  bases loaded: 136,889,763
[12 Dec 2019 00:48:08-MeN]  num contigs: 8,052,339  num kmers: 8,052,339 novel kmers: 8,052,339
[12 Dec 2019 00:48:08-MeN] Dumping graph...
[12 Dec 2019 00:48:08-MeN][graphwriter] Saving file to: metagenomics/bigsi/17/mccortex.ERR1713374.ctx
[12 Dec 2019 00:48:08-MeN][FileFilter] Writing graph  [1 src colour]
[12 Dec 2019 00:48:09-MeN][graphwriter] Dumped 8,052,339 kmers in 1 colour into: metagenomics/bigsi/17/mccortex.ERR1713374.ctx (ver: 6)
[12 Dec 2019 00:48:10-MeN][memory] We made 19 allocs
[12 Dec 2019 00:48:10-MeN] Done.
[12 Dec 2019 00:48:10-MeN][time] 21.00 seconds
	Command being timed: "mccortex 17 build --nkmers 340000000 --threads 1 --kmer 17 --mem 10G --sample ERR1713374 --seq metagenomics/kmer-counts-jellyfish/17/ERR1713374.kmer.gz metagenomics/bigsi/17/mccortex.ERR1713374.ctx"
	User time (seconds): 22.58
	System time (seconds): 12.19
	Percent of CPU this job got: 164%
	Elapsed (wall clock) time (h:mm:ss or m:ss): 0:21.13
	Average shared text size (kbytes): 0
	Average unshared data size (kbytes): 0
	Average stack size (kbytes): 0
	Average total size (kbytes): 0
	Maximum resident set size (kbytes): 4056944
	Average resident set size (kbytes): 0
	Major (requiring I/O) page faults: 0
	Minor (reclaiming a frame) page faults: 3699856
	Voluntary context switches: 1404855
	Involuntary context switches: 8270
	Swaps: 0
	File system inputs: 89832
	File system outputs: 204464
	Socket messages sent: 0
	Socket messages received: 0
	Signals delivered: 0
	Page size (bytes): 4096
	Exit status: 0
