[12 Dec 2019 00:47:44-ceH][cmd] /home/CSCScience.ca/apetkau/miniconda3/envs/bigsi_mccortex/bin/mccortex31 build --nkmers 340000000 --threads 1 --kmer 17 --mem 10G --sample ERR1713372 --seq metagenomics/kmer-counts-jellyfish/17/ERR1713372.kmer.gz metagenomics/bigsi/17/mccortex.ERR1713372.ctx
[12 Dec 2019 00:47:44-ceH][cwd] /home/CSCScience.ca/apetkau/workspace/comp7934-project
[12 Dec 2019 00:47:44-ceH][version] mccortex=v0.0.3-610-g400c0e3 zlib=1.2.11 htslib=1.8-17-g699ed53 ASSERTS=ON hash=Lookup3 CHECKS=ON k=3..31
[12 Dec 2019 00:47:44-ceH] Saving graph to: metagenomics/bigsi/17/mccortex.ERR1713372.ctx
[12 Dec 2019 00:47:44-ceH][sample] 0: ERR1713372
[12 Dec 2019 00:47:44-ceH][task] metagenomics/kmer-counts-jellyfish/17/ERR1713372.kmer.gz; FASTQ offset: auto-detect, threshold: off; cut homopolymers: off; remove PCR duplicates: no; colour: 0
[12 Dec 2019 00:47:44-ceH][memory] 104 bits per kmer
[12 Dec 2019 00:47:44-ceH] Note: Using less memory than requested (4.2GB < 10GB); allows for 343,932,928 kmers
[12 Dec 2019 00:47:44-ceH][memory] graph: 4.2GB
[12 Dec 2019 00:47:44-ceH][memory] total: 4.2GB of 62.6GB RAM
[12 Dec 2019 00:47:44-ceH] Writing 1 colour graph to metagenomics/bigsi/17/mccortex.ERR1713372.ctx
[12 Dec 2019 00:47:44-ceH][hasht] Allocating table with 343,932,928 entries, using 2.6GB
[12 Dec 2019 00:47:44-ceH][hasht]  number of buckets: 8,388,608, bucket size: 41
[12 Dec 2019 00:47:44-ceH][graph] kmer-size: 17; colours: 1; capacity: 343,932,928
[12 Dec 2019 00:47:44-ceH][hasht] buckets: 8,388,608 [2^23]; bucket size: 41; 
[12 Dec 2019 00:47:44-ceH][hasht] memory: 2.6GB; filled: 0 / 343,932,928 (0.00%)
[12 Dec 2019 00:47:44-ceH][asyncio] Inputs: 1; Threads: 1
[12 Dec 2019 00:47:44-ceH][seq] Parsing sequence file metagenomics/kmer-counts-jellyfish/17/ERR1713372.kmer.gz
[12 Dec 2019 00:47:56-ceH][BuildGraph] Read 5,000,000 entries (reads / read pairs)
[12 Dec 2019 00:48:02-ceH][seq] Loaded 8,509,007 reads and 0 reads pairs (file: metagenomics/kmer-counts-jellyfish/17/ERR1713372.kmer.gz)
[12 Dec 2019 00:48:02-ceH][hasht] buckets: 8,388,608 [2^23]; bucket size: 41; 
[12 Dec 2019 00:48:02-ceH][hasht] memory: 2.6GB; filled: 8,509,007 / 343,932,928 (2.47%)
[12 Dec 2019 00:48:02-ceH][hasht]  collisions  0: 8509007
[12 Dec 2019 00:48:02-ceH][task] input: metagenomics/kmer-counts-jellyfish/17/ERR1713372.kmer.gz colour: 0
[12 Dec 2019 00:48:02-ceH]  SE reads: 8,509,007  PE reads: 0
[12 Dec 2019 00:48:02-ceH]  good reads: 8,509,007  bad reads: 0
[12 Dec 2019 00:48:02-ceH]  dup SE reads: 0  dup PE pairs: 0
[12 Dec 2019 00:48:02-ceH]  bases read: 144,653,119  bases loaded: 144,653,119
[12 Dec 2019 00:48:02-ceH]  num contigs: 8,509,007  num kmers: 8,509,007 novel kmers: 8,509,007
[12 Dec 2019 00:48:02-ceH] Dumping graph...
[12 Dec 2019 00:48:02-ceH][graphwriter] Saving file to: metagenomics/bigsi/17/mccortex.ERR1713372.ctx
[12 Dec 2019 00:48:02-ceH][FileFilter] Writing graph  [1 src colour]
[12 Dec 2019 00:48:03-ceH][graphwriter] Dumped 8,509,007 kmers in 1 colour into: metagenomics/bigsi/17/mccortex.ERR1713372.ctx (ver: 6)
[12 Dec 2019 00:48:04-ceH][memory] We made 19 allocs
[12 Dec 2019 00:48:04-ceH] Done.
[12 Dec 2019 00:48:04-ceH][time] 20.00 seconds
	Command being timed: "mccortex 17 build --nkmers 340000000 --threads 1 --kmer 17 --mem 10G --sample ERR1713372 --seq metagenomics/kmer-counts-jellyfish/17/ERR1713372.kmer.gz metagenomics/bigsi/17/mccortex.ERR1713372.ctx"
	User time (seconds): 20.69
	System time (seconds): 12.49
	Percent of CPU this job got: 168%
	Elapsed (wall clock) time (h:mm:ss or m:ss): 0:19.75
	Average shared text size (kbytes): 0
	Average unshared data size (kbytes): 0
	Average stack size (kbytes): 0
	Average total size (kbytes): 0
	Maximum resident set size (kbytes): 4056792
	Average resident set size (kbytes): 0
	Major (requiring I/O) page faults: 0
	Minor (reclaiming a frame) page faults: 3906935
	Voluntary context switches: 1824404
	Involuntary context switches: 4143
	Swaps: 0
	File system inputs: 94752
	File system outputs: 216064
	Socket messages sent: 0
	Socket messages received: 0
	Signals delivered: 0
	Page size (bytes): 4096
	Exit status: 0
