[12 Dec 2019 00:50:32-xoZ][cmd] /home/CSCScience.ca/apetkau/miniconda3/envs/bigsi_mccortex/bin/mccortex31 build --nkmers 340000000 --threads 1 --kmer 17 --mem 10G --sample ERR1713389 --seq metagenomics/kmer-counts-jellyfish/17/ERR1713389.kmer.gz metagenomics/bigsi/17/mccortex.ERR1713389.ctx
[12 Dec 2019 00:50:32-xoZ][cwd] /home/CSCScience.ca/apetkau/workspace/comp7934-project
[12 Dec 2019 00:50:32-xoZ][version] mccortex=v0.0.3-610-g400c0e3 zlib=1.2.11 htslib=1.8-17-g699ed53 ASSERTS=ON hash=Lookup3 CHECKS=ON k=3..31
[12 Dec 2019 00:50:32-xoZ] Saving graph to: metagenomics/bigsi/17/mccortex.ERR1713389.ctx
[12 Dec 2019 00:50:32-xoZ][sample] 0: ERR1713389
[12 Dec 2019 00:50:32-xoZ][task] metagenomics/kmer-counts-jellyfish/17/ERR1713389.kmer.gz; FASTQ offset: auto-detect, threshold: off; cut homopolymers: off; remove PCR duplicates: no; colour: 0
[12 Dec 2019 00:50:32-xoZ][memory] 104 bits per kmer
[12 Dec 2019 00:50:32-xoZ] Note: Using less memory than requested (4.2GB < 10GB); allows for 343,932,928 kmers
[12 Dec 2019 00:50:32-xoZ][memory] graph: 4.2GB
[12 Dec 2019 00:50:32-xoZ][memory] total: 4.2GB of 62.6GB RAM
[12 Dec 2019 00:50:32-xoZ] Writing 1 colour graph to metagenomics/bigsi/17/mccortex.ERR1713389.ctx
[12 Dec 2019 00:50:32-xoZ][hasht] Allocating table with 343,932,928 entries, using 2.6GB
[12 Dec 2019 00:50:32-xoZ][hasht]  number of buckets: 8,388,608, bucket size: 41
[12 Dec 2019 00:50:32-xoZ][graph] kmer-size: 17; colours: 1; capacity: 343,932,928
[12 Dec 2019 00:50:32-xoZ][hasht] buckets: 8,388,608 [2^23]; bucket size: 41; 
[12 Dec 2019 00:50:32-xoZ][hasht] memory: 2.6GB; filled: 0 / 343,932,928 (0.00%)
[12 Dec 2019 00:50:32-xoZ][asyncio] Inputs: 1; Threads: 1
[12 Dec 2019 00:50:32-xoZ][seq] Parsing sequence file metagenomics/kmer-counts-jellyfish/17/ERR1713389.kmer.gz
[12 Dec 2019 00:50:45-xoZ][BuildGraph] Read 5,000,000 entries (reads / read pairs)
[12 Dec 2019 00:50:53-xoZ][seq] Loaded 8,627,310 reads and 0 reads pairs (file: metagenomics/kmer-counts-jellyfish/17/ERR1713389.kmer.gz)
[12 Dec 2019 00:50:53-xoZ][hasht] buckets: 8,388,608 [2^23]; bucket size: 41; 
[12 Dec 2019 00:50:53-xoZ][hasht] memory: 2.6GB; filled: 8,627,310 / 343,932,928 (2.51%)
[12 Dec 2019 00:50:53-xoZ][hasht]  collisions  0: 8627310
[12 Dec 2019 00:50:53-xoZ][task] input: metagenomics/kmer-counts-jellyfish/17/ERR1713389.kmer.gz colour: 0
[12 Dec 2019 00:50:53-xoZ]  SE reads: 8,627,310  PE reads: 0
[12 Dec 2019 00:50:53-xoZ]  good reads: 8,627,310  bad reads: 0
[12 Dec 2019 00:50:53-xoZ]  dup SE reads: 0  dup PE pairs: 0
[12 Dec 2019 00:50:53-xoZ]  bases read: 146,664,270  bases loaded: 146,664,270
[12 Dec 2019 00:50:53-xoZ]  num contigs: 8,627,310  num kmers: 8,627,310 novel kmers: 8,627,310
[12 Dec 2019 00:50:53-xoZ] Dumping graph...
[12 Dec 2019 00:50:53-xoZ][graphwriter] Saving file to: metagenomics/bigsi/17/mccortex.ERR1713389.ctx
[12 Dec 2019 00:50:53-xoZ][FileFilter] Writing graph  [1 src colour]
[12 Dec 2019 00:50:55-xoZ][graphwriter] Dumped 8,627,310 kmers in 1 colour into: metagenomics/bigsi/17/mccortex.ERR1713389.ctx (ver: 6)
[12 Dec 2019 00:50:56-xoZ][memory] We made 19 allocs
[12 Dec 2019 00:50:56-xoZ] Done.
[12 Dec 2019 00:50:56-xoZ][time] 24.00 seconds
	Command being timed: "mccortex 17 build --nkmers 340000000 --threads 1 --kmer 17 --mem 10G --sample ERR1713389 --seq metagenomics/kmer-counts-jellyfish/17/ERR1713389.kmer.gz metagenomics/bigsi/17/mccortex.ERR1713389.ctx"
	User time (seconds): 27.01
	System time (seconds): 11.74
	Percent of CPU this job got: 165%
	Elapsed (wall clock) time (h:mm:ss or m:ss): 0:23.42
	Average shared text size (kbytes): 0
	Average unshared data size (kbytes): 0
	Average stack size (kbytes): 0
	Average total size (kbytes): 0
	Maximum resident set size (kbytes): 4056928
	Average resident set size (kbytes): 0
	Major (requiring I/O) page faults: 0
	Minor (reclaiming a frame) page faults: 4153404
	Voluntary context switches: 1252435
	Involuntary context switches: 22878
	Swaps: 0
	File system inputs: 96224
	File system outputs: 219064
	Socket messages sent: 0
	Socket messages received: 0
	Signals delivered: 0
	Page size (bytes): 4096
	Exit status: 0
