[12 Dec 2019 00:42:12-voS][cmd] /home/CSCScience.ca/apetkau/miniconda3/envs/bigsi_mccortex/bin/mccortex31 build --nkmers 340000000 --threads 1 --kmer 17 --mem 10G --sample ERR1713343 --seq metagenomics/kmer-counts-jellyfish/17/ERR1713343.kmer.gz metagenomics/bigsi/17/mccortex.ERR1713343.ctx
[12 Dec 2019 00:42:12-voS][cwd] /home/CSCScience.ca/apetkau/workspace/comp7934-project
[12 Dec 2019 00:42:12-voS][version] mccortex=v0.0.3-610-g400c0e3 zlib=1.2.11 htslib=1.8-17-g699ed53 ASSERTS=ON hash=Lookup3 CHECKS=ON k=3..31
[12 Dec 2019 00:42:12-voS] Saving graph to: metagenomics/bigsi/17/mccortex.ERR1713343.ctx
[12 Dec 2019 00:42:12-voS][sample] 0: ERR1713343
[12 Dec 2019 00:42:12-voS][task] metagenomics/kmer-counts-jellyfish/17/ERR1713343.kmer.gz; FASTQ offset: auto-detect, threshold: off; cut homopolymers: off; remove PCR duplicates: no; colour: 0
[12 Dec 2019 00:42:12-voS][memory] 104 bits per kmer
[12 Dec 2019 00:42:12-voS] Note: Using less memory than requested (4.2GB < 10GB); allows for 343,932,928 kmers
[12 Dec 2019 00:42:12-voS][memory] graph: 4.2GB
[12 Dec 2019 00:42:12-voS][memory] total: 4.2GB of 62.6GB RAM
[12 Dec 2019 00:42:12-voS] Writing 1 colour graph to metagenomics/bigsi/17/mccortex.ERR1713343.ctx
[12 Dec 2019 00:42:12-voS][hasht] Allocating table with 343,932,928 entries, using 2.6GB
[12 Dec 2019 00:42:12-voS][hasht]  number of buckets: 8,388,608, bucket size: 41
[12 Dec 2019 00:42:12-voS][graph] kmer-size: 17; colours: 1; capacity: 343,932,928
[12 Dec 2019 00:42:12-voS][hasht] buckets: 8,388,608 [2^23]; bucket size: 41; 
[12 Dec 2019 00:42:12-voS][hasht] memory: 2.6GB; filled: 0 / 343,932,928 (0.00%)
[12 Dec 2019 00:42:12-voS][asyncio] Inputs: 1; Threads: 1
[12 Dec 2019 00:42:12-voS][seq] Parsing sequence file metagenomics/kmer-counts-jellyfish/17/ERR1713343.kmer.gz
[12 Dec 2019 00:42:26-voS][BuildGraph] Read 5,000,000 entries (reads / read pairs)
[12 Dec 2019 00:42:32-voS][seq] Loaded 8,295,452 reads and 0 reads pairs (file: metagenomics/kmer-counts-jellyfish/17/ERR1713343.kmer.gz)
[12 Dec 2019 00:42:32-voS][hasht] buckets: 8,388,608 [2^23]; bucket size: 41; 
[12 Dec 2019 00:42:32-voS][hasht] memory: 2.6GB; filled: 8,295,452 / 343,932,928 (2.41%)
[12 Dec 2019 00:42:32-voS][hasht]  collisions  0: 8295452
[12 Dec 2019 00:42:32-voS][task] input: metagenomics/kmer-counts-jellyfish/17/ERR1713343.kmer.gz colour: 0
[12 Dec 2019 00:42:32-voS]  SE reads: 8,295,452  PE reads: 0
[12 Dec 2019 00:42:32-voS]  good reads: 8,295,452  bad reads: 0
[12 Dec 2019 00:42:32-voS]  dup SE reads: 0  dup PE pairs: 0
[12 Dec 2019 00:42:32-voS]  bases read: 141,022,684  bases loaded: 141,022,684
[12 Dec 2019 00:42:32-voS]  num contigs: 8,295,452  num kmers: 8,295,452 novel kmers: 8,295,452
[12 Dec 2019 00:42:32-voS] Dumping graph...
[12 Dec 2019 00:42:32-voS][graphwriter] Saving file to: metagenomics/bigsi/17/mccortex.ERR1713343.ctx
[12 Dec 2019 00:42:32-voS][FileFilter] Writing graph  [1 src colour]
[12 Dec 2019 00:42:33-voS][graphwriter] Dumped 8,295,452 kmers in 1 colour into: metagenomics/bigsi/17/mccortex.ERR1713343.ctx (ver: 6)
[12 Dec 2019 00:42:34-voS][memory] We made 19 allocs
[12 Dec 2019 00:42:34-voS] Done.
[12 Dec 2019 00:42:34-voS][time] 22.00 seconds
	Command being timed: "mccortex 17 build --nkmers 340000000 --threads 1 --kmer 17 --mem 10G --sample ERR1713343 --seq metagenomics/kmer-counts-jellyfish/17/ERR1713343.kmer.gz metagenomics/bigsi/17/mccortex.ERR1713343.ctx"
	User time (seconds): 22.94
	System time (seconds): 12.39
	Percent of CPU this job got: 163%
	Elapsed (wall clock) time (h:mm:ss or m:ss): 0:21.60
	Average shared text size (kbytes): 0
	Average unshared data size (kbytes): 0
	Average stack size (kbytes): 0
	Average total size (kbytes): 0
	Maximum resident set size (kbytes): 4056920
	Average resident set size (kbytes): 0
	Major (requiring I/O) page faults: 0
	Minor (reclaiming a frame) page faults: 3298448
	Voluntary context switches: 1403678
	Involuntary context switches: 6403
	Swaps: 0
	File system inputs: 92360
	File system outputs: 210648
	Socket messages sent: 0
	Socket messages received: 0
	Signals delivered: 0
	Page size (bytes): 4096
	Exit status: 0
