[12 Dec 2019 00:50:14-VoZ][cmd] /home/CSCScience.ca/apetkau/miniconda3/envs/bigsi_mccortex/bin/mccortex31 build --nkmers 340000000 --threads 1 --kmer 17 --mem 10G --sample ERR1713381 --seq metagenomics/kmer-counts-jellyfish/17/ERR1713381.kmer.gz metagenomics/bigsi/17/mccortex.ERR1713381.ctx
[12 Dec 2019 00:50:14-VoZ][cwd] /home/CSCScience.ca/apetkau/workspace/comp7934-project
[12 Dec 2019 00:50:14-VoZ][version] mccortex=v0.0.3-610-g400c0e3 zlib=1.2.11 htslib=1.8-17-g699ed53 ASSERTS=ON hash=Lookup3 CHECKS=ON k=3..31
[12 Dec 2019 00:50:14-VoZ] Saving graph to: metagenomics/bigsi/17/mccortex.ERR1713381.ctx
[12 Dec 2019 00:50:14-VoZ][sample] 0: ERR1713381
[12 Dec 2019 00:50:14-VoZ][task] metagenomics/kmer-counts-jellyfish/17/ERR1713381.kmer.gz; FASTQ offset: auto-detect, threshold: off; cut homopolymers: off; remove PCR duplicates: no; colour: 0
[12 Dec 2019 00:50:14-VoZ][memory] 104 bits per kmer
[12 Dec 2019 00:50:14-VoZ] Note: Using less memory than requested (4.2GB < 10GB); allows for 343,932,928 kmers
[12 Dec 2019 00:50:14-VoZ][memory] graph: 4.2GB
[12 Dec 2019 00:50:14-VoZ][memory] total: 4.2GB of 62.6GB RAM
[12 Dec 2019 00:50:14-VoZ] Writing 1 colour graph to metagenomics/bigsi/17/mccortex.ERR1713381.ctx
[12 Dec 2019 00:50:14-VoZ][hasht] Allocating table with 343,932,928 entries, using 2.6GB
[12 Dec 2019 00:50:14-VoZ][hasht]  number of buckets: 8,388,608, bucket size: 41
[12 Dec 2019 00:50:14-VoZ][graph] kmer-size: 17; colours: 1; capacity: 343,932,928
[12 Dec 2019 00:50:14-VoZ][hasht] buckets: 8,388,608 [2^23]; bucket size: 41; 
[12 Dec 2019 00:50:14-VoZ][hasht] memory: 2.6GB; filled: 0 / 343,932,928 (0.00%)
[12 Dec 2019 00:50:14-VoZ][asyncio] Inputs: 1; Threads: 1
[12 Dec 2019 00:50:14-VoZ][seq] Parsing sequence file metagenomics/kmer-counts-jellyfish/17/ERR1713381.kmer.gz
[12 Dec 2019 00:50:27-VoZ][BuildGraph] Read 5,000,000 entries (reads / read pairs)
[12 Dec 2019 00:50:33-VoZ][seq] Loaded 8,707,025 reads and 0 reads pairs (file: metagenomics/kmer-counts-jellyfish/17/ERR1713381.kmer.gz)
[12 Dec 2019 00:50:33-VoZ][hasht] buckets: 8,388,608 [2^23]; bucket size: 41; 
[12 Dec 2019 00:50:33-VoZ][hasht] memory: 2.6GB; filled: 8,707,025 / 343,932,928 (2.53%)
[12 Dec 2019 00:50:33-VoZ][hasht]  collisions  0: 8707025
[12 Dec 2019 00:50:33-VoZ][task] input: metagenomics/kmer-counts-jellyfish/17/ERR1713381.kmer.gz colour: 0
[12 Dec 2019 00:50:33-VoZ]  SE reads: 8,707,025  PE reads: 0
[12 Dec 2019 00:50:33-VoZ]  good reads: 8,707,025  bad reads: 0
[12 Dec 2019 00:50:33-VoZ]  dup SE reads: 0  dup PE pairs: 0
[12 Dec 2019 00:50:33-VoZ]  bases read: 148,019,425  bases loaded: 148,019,425
[12 Dec 2019 00:50:33-VoZ]  num contigs: 8,707,025  num kmers: 8,707,025 novel kmers: 8,707,025
[12 Dec 2019 00:50:33-VoZ] Dumping graph...
[12 Dec 2019 00:50:33-VoZ][graphwriter] Saving file to: metagenomics/bigsi/17/mccortex.ERR1713381.ctx
[12 Dec 2019 00:50:33-VoZ][FileFilter] Writing graph  [1 src colour]
[12 Dec 2019 00:50:34-VoZ][graphwriter] Dumped 8,707,025 kmers in 1 colour into: metagenomics/bigsi/17/mccortex.ERR1713381.ctx (ver: 6)
[12 Dec 2019 00:50:35-VoZ][memory] We made 19 allocs
[12 Dec 2019 00:50:35-VoZ] Done.
[12 Dec 2019 00:50:35-VoZ][time] 21.00 seconds
	Command being timed: "mccortex 17 build --nkmers 340000000 --threads 1 --kmer 17 --mem 10G --sample ERR1713381 --seq metagenomics/kmer-counts-jellyfish/17/ERR1713381.kmer.gz metagenomics/bigsi/17/mccortex.ERR1713381.ctx"
	User time (seconds): 20.72
	System time (seconds): 13.40
	Percent of CPU this job got: 164%
	Elapsed (wall clock) time (h:mm:ss or m:ss): 0:20.78
	Average shared text size (kbytes): 0
	Average unshared data size (kbytes): 0
	Average stack size (kbytes): 0
	Average total size (kbytes): 0
	Maximum resident set size (kbytes): 4056804
	Average resident set size (kbytes): 0
	Major (requiring I/O) page faults: 0
	Minor (reclaiming a frame) page faults: 3274557
	Voluntary context switches: 1689690
	Involuntary context switches: 116
	Swaps: 0
	File system inputs: 97248
	File system outputs: 221096
	Socket messages sent: 0
	Socket messages received: 0
	Signals delivered: 0
	Page size (bytes): 4096
	Exit status: 0
