[12 Dec 2019 00:45:01-deG][cmd] /home/CSCScience.ca/apetkau/miniconda3/envs/bigsi_mccortex/bin/mccortex31 build --nkmers 340000000 --threads 1 --kmer 17 --mem 10G --sample ERR1713358 --seq metagenomics/kmer-counts-jellyfish/17/ERR1713358.kmer.gz metagenomics/bigsi/17/mccortex.ERR1713358.ctx
[12 Dec 2019 00:45:01-deG][cwd] /home/CSCScience.ca/apetkau/workspace/comp7934-project
[12 Dec 2019 00:45:01-deG][version] mccortex=v0.0.3-610-g400c0e3 zlib=1.2.11 htslib=1.8-17-g699ed53 ASSERTS=ON hash=Lookup3 CHECKS=ON k=3..31
[12 Dec 2019 00:45:01-deG] Saving graph to: metagenomics/bigsi/17/mccortex.ERR1713358.ctx
[12 Dec 2019 00:45:01-deG][sample] 0: ERR1713358
[12 Dec 2019 00:45:01-deG][task] metagenomics/kmer-counts-jellyfish/17/ERR1713358.kmer.gz; FASTQ offset: auto-detect, threshold: off; cut homopolymers: off; remove PCR duplicates: no; colour: 0
[12 Dec 2019 00:45:01-deG][memory] 104 bits per kmer
[12 Dec 2019 00:45:01-deG] Note: Using less memory than requested (4.2GB < 10GB); allows for 343,932,928 kmers
[12 Dec 2019 00:45:01-deG][memory] graph: 4.2GB
[12 Dec 2019 00:45:01-deG][memory] total: 4.2GB of 62.6GB RAM
[12 Dec 2019 00:45:01-deG] Writing 1 colour graph to metagenomics/bigsi/17/mccortex.ERR1713358.ctx
[12 Dec 2019 00:45:01-deG][hasht] Allocating table with 343,932,928 entries, using 2.6GB
[12 Dec 2019 00:45:01-deG][hasht]  number of buckets: 8,388,608, bucket size: 41
[12 Dec 2019 00:45:01-deG][graph] kmer-size: 17; colours: 1; capacity: 343,932,928
[12 Dec 2019 00:45:01-deG][hasht] buckets: 8,388,608 [2^23]; bucket size: 41; 
[12 Dec 2019 00:45:01-deG][hasht] memory: 2.6GB; filled: 0 / 343,932,928 (0.00%)
[12 Dec 2019 00:45:01-deG][asyncio] Inputs: 1; Threads: 1
[12 Dec 2019 00:45:01-deG][seq] Parsing sequence file metagenomics/kmer-counts-jellyfish/17/ERR1713358.kmer.gz
[12 Dec 2019 00:45:13-deG][BuildGraph] Read 5,000,000 entries (reads / read pairs)
[12 Dec 2019 00:45:20-deG][seq] Loaded 8,584,767 reads and 0 reads pairs (file: metagenomics/kmer-counts-jellyfish/17/ERR1713358.kmer.gz)
[12 Dec 2019 00:45:20-deG][hasht] buckets: 8,388,608 [2^23]; bucket size: 41; 
[12 Dec 2019 00:45:20-deG][hasht] memory: 2.6GB; filled: 8,584,767 / 343,932,928 (2.50%)
[12 Dec 2019 00:45:20-deG][hasht]  collisions  0: 8584767
[12 Dec 2019 00:45:20-deG][task] input: metagenomics/kmer-counts-jellyfish/17/ERR1713358.kmer.gz colour: 0
[12 Dec 2019 00:45:20-deG]  SE reads: 8,584,767  PE reads: 0
[12 Dec 2019 00:45:20-deG]  good reads: 8,584,767  bad reads: 0
[12 Dec 2019 00:45:20-deG]  dup SE reads: 0  dup PE pairs: 0
[12 Dec 2019 00:45:20-deG]  bases read: 145,941,039  bases loaded: 145,941,039
[12 Dec 2019 00:45:20-deG]  num contigs: 8,584,767  num kmers: 8,584,767 novel kmers: 8,584,767
[12 Dec 2019 00:45:20-deG] Dumping graph...
[12 Dec 2019 00:45:20-deG][graphwriter] Saving file to: metagenomics/bigsi/17/mccortex.ERR1713358.ctx
[12 Dec 2019 00:45:20-deG][FileFilter] Writing graph  [1 src colour]
[12 Dec 2019 00:45:22-deG][graphwriter] Dumped 8,584,767 kmers in 1 colour into: metagenomics/bigsi/17/mccortex.ERR1713358.ctx (ver: 6)
[12 Dec 2019 00:45:22-deG][memory] We made 19 allocs
[12 Dec 2019 00:45:22-deG] Done.
[12 Dec 2019 00:45:22-deG][time] 21.00 seconds
	Command being timed: "mccortex 17 build --nkmers 340000000 --threads 1 --kmer 17 --mem 10G --sample ERR1713358 --seq metagenomics/kmer-counts-jellyfish/17/ERR1713358.kmer.gz metagenomics/bigsi/17/mccortex.ERR1713358.ctx"
	User time (seconds): 21.60
	System time (seconds): 13.36
	Percent of CPU this job got: 165%
	Elapsed (wall clock) time (h:mm:ss or m:ss): 0:21.14
	Average shared text size (kbytes): 0
	Average unshared data size (kbytes): 0
	Average stack size (kbytes): 0
	Average total size (kbytes): 0
	Maximum resident set size (kbytes): 4056948
	Average resident set size (kbytes): 0
	Major (requiring I/O) page faults: 0
	Minor (reclaiming a frame) page faults: 4064785
	Voluntary context switches: 1914797
	Involuntary context switches: 5417
	Swaps: 0
	File system inputs: 95632
	File system outputs: 217992
	Socket messages sent: 0
	Socket messages received: 0
	Signals delivered: 0
	Page size (bytes): 4096
	Exit status: 0
