[12 Dec 2019 00:53:16-NUc][cmd] /home/CSCScience.ca/apetkau/miniconda3/envs/bigsi_mccortex/bin/mccortex31 build --nkmers 340000000 --threads 1 --kmer 17 --mem 10G --sample ERR1713399 --seq metagenomics/kmer-counts-jellyfish/17/ERR1713399.kmer.gz metagenomics/bigsi/17/mccortex.ERR1713399.ctx
[12 Dec 2019 00:53:16-NUc][cwd] /home/CSCScience.ca/apetkau/workspace/comp7934-project
[12 Dec 2019 00:53:16-NUc][version] mccortex=v0.0.3-610-g400c0e3 zlib=1.2.11 htslib=1.8-17-g699ed53 ASSERTS=ON hash=Lookup3 CHECKS=ON k=3..31
[12 Dec 2019 00:53:16-NUc] Saving graph to: metagenomics/bigsi/17/mccortex.ERR1713399.ctx
[12 Dec 2019 00:53:16-NUc][sample] 0: ERR1713399
[12 Dec 2019 00:53:16-NUc][task] metagenomics/kmer-counts-jellyfish/17/ERR1713399.kmer.gz; FASTQ offset: auto-detect, threshold: off; cut homopolymers: off; remove PCR duplicates: no; colour: 0
[12 Dec 2019 00:53:16-NUc][memory] 104 bits per kmer
[12 Dec 2019 00:53:16-NUc] Note: Using less memory than requested (4.2GB < 10GB); allows for 343,932,928 kmers
[12 Dec 2019 00:53:16-NUc][memory] graph: 4.2GB
[12 Dec 2019 00:53:16-NUc][memory] total: 4.2GB of 62.6GB RAM
[12 Dec 2019 00:53:16-NUc] Writing 1 colour graph to metagenomics/bigsi/17/mccortex.ERR1713399.ctx
[12 Dec 2019 00:53:16-NUc][hasht] Allocating table with 343,932,928 entries, using 2.6GB
[12 Dec 2019 00:53:16-NUc][hasht]  number of buckets: 8,388,608, bucket size: 41
[12 Dec 2019 00:53:16-NUc][graph] kmer-size: 17; colours: 1; capacity: 343,932,928
[12 Dec 2019 00:53:16-NUc][hasht] buckets: 8,388,608 [2^23]; bucket size: 41; 
[12 Dec 2019 00:53:16-NUc][hasht] memory: 2.6GB; filled: 0 / 343,932,928 (0.00%)
[12 Dec 2019 00:53:16-NUc][asyncio] Inputs: 1; Threads: 1
[12 Dec 2019 00:53:16-NUc][seq] Parsing sequence file metagenomics/kmer-counts-jellyfish/17/ERR1713399.kmer.gz
[12 Dec 2019 00:53:29-NUc][BuildGraph] Read 5,000,000 entries (reads / read pairs)
[12 Dec 2019 00:53:34-NUc][seq] Loaded 8,591,875 reads and 0 reads pairs (file: metagenomics/kmer-counts-jellyfish/17/ERR1713399.kmer.gz)
[12 Dec 2019 00:53:34-NUc][hasht] buckets: 8,388,608 [2^23]; bucket size: 41; 
[12 Dec 2019 00:53:34-NUc][hasht] memory: 2.6GB; filled: 8,591,875 / 343,932,928 (2.50%)
[12 Dec 2019 00:53:34-NUc][hasht]  collisions  0: 8591875
[12 Dec 2019 00:53:34-NUc][task] input: metagenomics/kmer-counts-jellyfish/17/ERR1713399.kmer.gz colour: 0
[12 Dec 2019 00:53:34-NUc]  SE reads: 8,591,875  PE reads: 0
[12 Dec 2019 00:53:34-NUc]  good reads: 8,591,875  bad reads: 0
[12 Dec 2019 00:53:34-NUc]  dup SE reads: 0  dup PE pairs: 0
[12 Dec 2019 00:53:34-NUc]  bases read: 146,061,875  bases loaded: 146,061,875
[12 Dec 2019 00:53:34-NUc]  num contigs: 8,591,875  num kmers: 8,591,875 novel kmers: 8,591,875
[12 Dec 2019 00:53:34-NUc] Dumping graph...
[12 Dec 2019 00:53:34-NUc][graphwriter] Saving file to: metagenomics/bigsi/17/mccortex.ERR1713399.ctx
[12 Dec 2019 00:53:34-NUc][FileFilter] Writing graph  [1 src colour]
[12 Dec 2019 00:53:36-NUc][graphwriter] Dumped 8,591,875 kmers in 1 colour into: metagenomics/bigsi/17/mccortex.ERR1713399.ctx (ver: 6)
[12 Dec 2019 00:53:36-NUc][memory] We made 19 allocs
[12 Dec 2019 00:53:36-NUc] Done.
[12 Dec 2019 00:53:36-NUc][time] 20.00 seconds
	Command being timed: "mccortex 17 build --nkmers 340000000 --threads 1 --kmer 17 --mem 10G --sample ERR1713399 --seq metagenomics/kmer-counts-jellyfish/17/ERR1713399.kmer.gz metagenomics/bigsi/17/mccortex.ERR1713399.ctx"
	User time (seconds): 21.14
	System time (seconds): 12.42
	Percent of CPU this job got: 167%
	Elapsed (wall clock) time (h:mm:ss or m:ss): 0:20.08
	Average shared text size (kbytes): 0
	Average unshared data size (kbytes): 0
	Average stack size (kbytes): 0
	Average total size (kbytes): 0
	Maximum resident set size (kbytes): 4056996
	Average resident set size (kbytes): 0
	Major (requiring I/O) page faults: 0
	Minor (reclaiming a frame) page faults: 3901574
	Voluntary context switches: 1876486
	Involuntary context switches: 1253
	Swaps: 0
	File system inputs: 95824
	File system outputs: 218168
	Socket messages sent: 0
	Socket messages received: 0
	Signals delivered: 0
	Page size (bytes): 4096
	Exit status: 0
