[12 Dec 2019 00:50:25-XOz][cmd] /home/CSCScience.ca/apetkau/miniconda3/envs/bigsi_mccortex/bin/mccortex31 build --nkmers 340000000 --threads 1 --kmer 17 --mem 10G --sample ERR1713382 --seq metagenomics/kmer-counts-jellyfish/17/ERR1713382.kmer.gz metagenomics/bigsi/17/mccortex.ERR1713382.ctx
[12 Dec 2019 00:50:25-XOz][cwd] /home/CSCScience.ca/apetkau/workspace/comp7934-project
[12 Dec 2019 00:50:25-XOz][version] mccortex=v0.0.3-610-g400c0e3 zlib=1.2.11 htslib=1.8-17-g699ed53 ASSERTS=ON hash=Lookup3 CHECKS=ON k=3..31
[12 Dec 2019 00:50:25-XOz] Saving graph to: metagenomics/bigsi/17/mccortex.ERR1713382.ctx
[12 Dec 2019 00:50:25-XOz][sample] 0: ERR1713382
[12 Dec 2019 00:50:25-XOz][task] metagenomics/kmer-counts-jellyfish/17/ERR1713382.kmer.gz; FASTQ offset: auto-detect, threshold: off; cut homopolymers: off; remove PCR duplicates: no; colour: 0
[12 Dec 2019 00:50:25-XOz][memory] 104 bits per kmer
[12 Dec 2019 00:50:25-XOz] Note: Using less memory than requested (4.2GB < 10GB); allows for 343,932,928 kmers
[12 Dec 2019 00:50:25-XOz][memory] graph: 4.2GB
[12 Dec 2019 00:50:25-XOz][memory] total: 4.2GB of 62.6GB RAM
[12 Dec 2019 00:50:25-XOz] Writing 1 colour graph to metagenomics/bigsi/17/mccortex.ERR1713382.ctx
[12 Dec 2019 00:50:25-XOz][hasht] Allocating table with 343,932,928 entries, using 2.6GB
[12 Dec 2019 00:50:25-XOz][hasht]  number of buckets: 8,388,608, bucket size: 41
[12 Dec 2019 00:50:25-XOz][graph] kmer-size: 17; colours: 1; capacity: 343,932,928
[12 Dec 2019 00:50:25-XOz][hasht] buckets: 8,388,608 [2^23]; bucket size: 41; 
[12 Dec 2019 00:50:25-XOz][hasht] memory: 2.6GB; filled: 0 / 343,932,928 (0.00%)
[12 Dec 2019 00:50:25-XOz][asyncio] Inputs: 1; Threads: 1
[12 Dec 2019 00:50:25-XOz][seq] Parsing sequence file metagenomics/kmer-counts-jellyfish/17/ERR1713382.kmer.gz
[12 Dec 2019 00:50:40-XOz][BuildGraph] Read 5,000,000 entries (reads / read pairs)
[12 Dec 2019 00:50:45-XOz][seq] Loaded 8,536,637 reads and 0 reads pairs (file: metagenomics/kmer-counts-jellyfish/17/ERR1713382.kmer.gz)
[12 Dec 2019 00:50:45-XOz][hasht] buckets: 8,388,608 [2^23]; bucket size: 41; 
[12 Dec 2019 00:50:45-XOz][hasht] memory: 2.6GB; filled: 8,536,637 / 343,932,928 (2.48%)
[12 Dec 2019 00:50:45-XOz][hasht]  collisions  0: 8536637
[12 Dec 2019 00:50:45-XOz][task] input: metagenomics/kmer-counts-jellyfish/17/ERR1713382.kmer.gz colour: 0
[12 Dec 2019 00:50:45-XOz]  SE reads: 8,536,637  PE reads: 0
[12 Dec 2019 00:50:45-XOz]  good reads: 8,536,637  bad reads: 0
[12 Dec 2019 00:50:45-XOz]  dup SE reads: 0  dup PE pairs: 0
[12 Dec 2019 00:50:45-XOz]  bases read: 145,122,829  bases loaded: 145,122,829
[12 Dec 2019 00:50:45-XOz]  num contigs: 8,536,637  num kmers: 8,536,637 novel kmers: 8,536,637
[12 Dec 2019 00:50:45-XOz] Dumping graph...
[12 Dec 2019 00:50:45-XOz][graphwriter] Saving file to: metagenomics/bigsi/17/mccortex.ERR1713382.ctx
[12 Dec 2019 00:50:45-XOz][FileFilter] Writing graph  [1 src colour]
[12 Dec 2019 00:50:47-XOz][graphwriter] Dumped 8,536,637 kmers in 1 colour into: metagenomics/bigsi/17/mccortex.ERR1713382.ctx (ver: 6)
[12 Dec 2019 00:50:47-XOz][memory] We made 19 allocs
[12 Dec 2019 00:50:47-XOz] Done.
[12 Dec 2019 00:50:47-XOz][time] 22.00 seconds
	Command being timed: "mccortex 17 build --nkmers 340000000 --threads 1 --kmer 17 --mem 10G --sample ERR1713382 --seq metagenomics/kmer-counts-jellyfish/17/ERR1713382.kmer.gz metagenomics/bigsi/17/mccortex.ERR1713382.ctx"
	User time (seconds): 23.49
	System time (seconds): 13.54
	Percent of CPU this job got: 164%
	Elapsed (wall clock) time (h:mm:ss or m:ss): 0:22.50
	Average shared text size (kbytes): 0
	Average unshared data size (kbytes): 0
	Average stack size (kbytes): 0
	Average total size (kbytes): 0
	Maximum resident set size (kbytes): 4056780
	Average resident set size (kbytes): 0
	Major (requiring I/O) page faults: 0
	Minor (reclaiming a frame) page faults: 3927279
	Voluntary context switches: 1876703
	Involuntary context switches: 7055
	Swaps: 0
	File system inputs: 95184
	File system outputs: 216768
	Socket messages sent: 0
	Socket messages received: 0
	Signals delivered: 0
	Page size (bytes): 4096
	Exit status: 0
