[12 Dec 2019 00:42:10-RIp][cmd] /home/CSCScience.ca/apetkau/miniconda3/envs/bigsi_mccortex/bin/mccortex31 build --nkmers 340000000 --threads 1 --kmer 17 --mem 10G --sample ERR1713342 --seq metagenomics/kmer-counts-jellyfish/17/ERR1713342.kmer.gz metagenomics/bigsi/17/mccortex.ERR1713342.ctx
[12 Dec 2019 00:42:10-RIp][cwd] /home/CSCScience.ca/apetkau/workspace/comp7934-project
[12 Dec 2019 00:42:10-RIp][version] mccortex=v0.0.3-610-g400c0e3 zlib=1.2.11 htslib=1.8-17-g699ed53 ASSERTS=ON hash=Lookup3 CHECKS=ON k=3..31
[12 Dec 2019 00:42:10-RIp] Saving graph to: metagenomics/bigsi/17/mccortex.ERR1713342.ctx
[12 Dec 2019 00:42:10-RIp][sample] 0: ERR1713342
[12 Dec 2019 00:42:10-RIp][task] metagenomics/kmer-counts-jellyfish/17/ERR1713342.kmer.gz; FASTQ offset: auto-detect, threshold: off; cut homopolymers: off; remove PCR duplicates: no; colour: 0
[12 Dec 2019 00:42:10-RIp][memory] 104 bits per kmer
[12 Dec 2019 00:42:10-RIp] Note: Using less memory than requested (4.2GB < 10GB); allows for 343,932,928 kmers
[12 Dec 2019 00:42:10-RIp][memory] graph: 4.2GB
[12 Dec 2019 00:42:10-RIp][memory] total: 4.2GB of 62.6GB RAM
[12 Dec 2019 00:42:10-RIp] Writing 1 colour graph to metagenomics/bigsi/17/mccortex.ERR1713342.ctx
[12 Dec 2019 00:42:10-RIp][hasht] Allocating table with 343,932,928 entries, using 2.6GB
[12 Dec 2019 00:42:10-RIp][hasht]  number of buckets: 8,388,608, bucket size: 41
[12 Dec 2019 00:42:10-RIp][graph] kmer-size: 17; colours: 1; capacity: 343,932,928
[12 Dec 2019 00:42:10-RIp][hasht] buckets: 8,388,608 [2^23]; bucket size: 41; 
[12 Dec 2019 00:42:10-RIp][hasht] memory: 2.6GB; filled: 0 / 343,932,928 (0.00%)
[12 Dec 2019 00:42:10-RIp][asyncio] Inputs: 1; Threads: 1
[12 Dec 2019 00:42:10-RIp][seq] Parsing sequence file metagenomics/kmer-counts-jellyfish/17/ERR1713342.kmer.gz
[12 Dec 2019 00:42:26-RIp][BuildGraph] Read 5,000,000 entries (reads / read pairs)
[12 Dec 2019 00:42:32-RIp][seq] Loaded 8,601,202 reads and 0 reads pairs (file: metagenomics/kmer-counts-jellyfish/17/ERR1713342.kmer.gz)
[12 Dec 2019 00:42:32-RIp][hasht] buckets: 8,388,608 [2^23]; bucket size: 41; 
[12 Dec 2019 00:42:32-RIp][hasht] memory: 2.6GB; filled: 8,601,202 / 343,932,928 (2.50%)
[12 Dec 2019 00:42:32-RIp][hasht]  collisions  0: 8601202
[12 Dec 2019 00:42:32-RIp][task] input: metagenomics/kmer-counts-jellyfish/17/ERR1713342.kmer.gz colour: 0
[12 Dec 2019 00:42:32-RIp]  SE reads: 8,601,202  PE reads: 0
[12 Dec 2019 00:42:32-RIp]  good reads: 8,601,202  bad reads: 0
[12 Dec 2019 00:42:32-RIp]  dup SE reads: 0  dup PE pairs: 0
[12 Dec 2019 00:42:32-RIp]  bases read: 146,220,434  bases loaded: 146,220,434
[12 Dec 2019 00:42:32-RIp]  num contigs: 8,601,202  num kmers: 8,601,202 novel kmers: 8,601,202
[12 Dec 2019 00:42:32-RIp] Dumping graph...
[12 Dec 2019 00:42:32-RIp][graphwriter] Saving file to: metagenomics/bigsi/17/mccortex.ERR1713342.ctx
[12 Dec 2019 00:42:32-RIp][FileFilter] Writing graph  [1 src colour]
[12 Dec 2019 00:42:33-RIp][graphwriter] Dumped 8,601,202 kmers in 1 colour into: metagenomics/bigsi/17/mccortex.ERR1713342.ctx (ver: 6)
[12 Dec 2019 00:42:34-RIp][memory] We made 19 allocs
[12 Dec 2019 00:42:34-RIp] Done.
[12 Dec 2019 00:42:34-RIp][time] 24.00 seconds
	Command being timed: "mccortex 17 build --nkmers 340000000 --threads 1 --kmer 17 --mem 10G --sample ERR1713342 --seq metagenomics/kmer-counts-jellyfish/17/ERR1713342.kmer.gz metagenomics/bigsi/17/mccortex.ERR1713342.ctx"
	User time (seconds): 22.30
	System time (seconds): 16.55
	Percent of CPU this job got: 163%
	Elapsed (wall clock) time (h:mm:ss or m:ss): 0:23.69
	Average shared text size (kbytes): 0
	Average unshared data size (kbytes): 0
	Average stack size (kbytes): 0
	Average total size (kbytes): 0
	Maximum resident set size (kbytes): 4056920
	Average resident set size (kbytes): 0
	Major (requiring I/O) page faults: 0
	Minor (reclaiming a frame) page faults: 4059146
	Voluntary context switches: 2090164
	Involuntary context switches: 1774
	Swaps: 0
	File system inputs: 95792
	File system outputs: 218408
	Socket messages sent: 0
	Socket messages received: 0
	Signals delivered: 0
	Page size (bytes): 4096
	Exit status: 0
