[12 Dec 2019 00:42:13-yoS][cmd] /home/CSCScience.ca/apetkau/miniconda3/envs/bigsi_mccortex/bin/mccortex31 build --nkmers 340000000 --threads 1 --kmer 17 --mem 10G --sample ERR1713344 --seq metagenomics/kmer-counts-jellyfish/17/ERR1713344.kmer.gz metagenomics/bigsi/17/mccortex.ERR1713344.ctx
[12 Dec 2019 00:42:13-yoS][cwd] /home/CSCScience.ca/apetkau/workspace/comp7934-project
[12 Dec 2019 00:42:13-yoS][version] mccortex=v0.0.3-610-g400c0e3 zlib=1.2.11 htslib=1.8-17-g699ed53 ASSERTS=ON hash=Lookup3 CHECKS=ON k=3..31
[12 Dec 2019 00:42:13-yoS] Saving graph to: metagenomics/bigsi/17/mccortex.ERR1713344.ctx
[12 Dec 2019 00:42:13-yoS][sample] 0: ERR1713344
[12 Dec 2019 00:42:13-yoS][task] metagenomics/kmer-counts-jellyfish/17/ERR1713344.kmer.gz; FASTQ offset: auto-detect, threshold: off; cut homopolymers: off; remove PCR duplicates: no; colour: 0
[12 Dec 2019 00:42:13-yoS][memory] 104 bits per kmer
[12 Dec 2019 00:42:13-yoS] Note: Using less memory than requested (4.2GB < 10GB); allows for 343,932,928 kmers
[12 Dec 2019 00:42:13-yoS][memory] graph: 4.2GB
[12 Dec 2019 00:42:13-yoS][memory] total: 4.2GB of 62.6GB RAM
[12 Dec 2019 00:42:13-yoS] Writing 1 colour graph to metagenomics/bigsi/17/mccortex.ERR1713344.ctx
[12 Dec 2019 00:42:13-yoS][hasht] Allocating table with 343,932,928 entries, using 2.6GB
[12 Dec 2019 00:42:13-yoS][hasht]  number of buckets: 8,388,608, bucket size: 41
[12 Dec 2019 00:42:13-yoS][graph] kmer-size: 17; colours: 1; capacity: 343,932,928
[12 Dec 2019 00:42:13-yoS][hasht] buckets: 8,388,608 [2^23]; bucket size: 41; 
[12 Dec 2019 00:42:13-yoS][hasht] memory: 2.6GB; filled: 0 / 343,932,928 (0.00%)
[12 Dec 2019 00:42:13-yoS][asyncio] Inputs: 1; Threads: 1
[12 Dec 2019 00:42:13-yoS][seq] Parsing sequence file metagenomics/kmer-counts-jellyfish/17/ERR1713344.kmer.gz
[12 Dec 2019 00:42:29-yoS][BuildGraph] Read 5,000,000 entries (reads / read pairs)
[12 Dec 2019 00:42:37-yoS][seq] Loaded 8,805,005 reads and 0 reads pairs (file: metagenomics/kmer-counts-jellyfish/17/ERR1713344.kmer.gz)
[12 Dec 2019 00:42:37-yoS][hasht] buckets: 8,388,608 [2^23]; bucket size: 41; 
[12 Dec 2019 00:42:37-yoS][hasht] memory: 2.6GB; filled: 8,805,005 / 343,932,928 (2.56%)
[12 Dec 2019 00:42:37-yoS][hasht]  collisions  0: 8805005
[12 Dec 2019 00:42:37-yoS][task] input: metagenomics/kmer-counts-jellyfish/17/ERR1713344.kmer.gz colour: 0
[12 Dec 2019 00:42:37-yoS]  SE reads: 8,805,005  PE reads: 0
[12 Dec 2019 00:42:37-yoS]  good reads: 8,805,005  bad reads: 0
[12 Dec 2019 00:42:37-yoS]  dup SE reads: 0  dup PE pairs: 0
[12 Dec 2019 00:42:37-yoS]  bases read: 149,685,085  bases loaded: 149,685,085
[12 Dec 2019 00:42:37-yoS]  num contigs: 8,805,005  num kmers: 8,805,005 novel kmers: 8,805,005
[12 Dec 2019 00:42:37-yoS] Dumping graph...
[12 Dec 2019 00:42:37-yoS][graphwriter] Saving file to: metagenomics/bigsi/17/mccortex.ERR1713344.ctx
[12 Dec 2019 00:42:37-yoS][FileFilter] Writing graph  [1 src colour]
[12 Dec 2019 00:42:39-yoS][graphwriter] Dumped 8,805,005 kmers in 1 colour into: metagenomics/bigsi/17/mccortex.ERR1713344.ctx (ver: 6)
[12 Dec 2019 00:42:39-yoS][memory] We made 19 allocs
[12 Dec 2019 00:42:39-yoS] Done.
[12 Dec 2019 00:42:39-yoS][time] 26.00 seconds
	Command being timed: "mccortex 17 build --nkmers 340000000 --threads 1 --kmer 17 --mem 10G --sample ERR1713344 --seq metagenomics/kmer-counts-jellyfish/17/ERR1713344.kmer.gz metagenomics/bigsi/17/mccortex.ERR1713344.ctx"
	User time (seconds): 26.75
	System time (seconds): 15.41
	Percent of CPU this job got: 161%
	Elapsed (wall clock) time (h:mm:ss or m:ss): 0:26.08
	Average shared text size (kbytes): 0
	Average unshared data size (kbytes): 0
	Average stack size (kbytes): 0
	Average total size (kbytes): 0
	Maximum resident set size (kbytes): 4056796
	Average resident set size (kbytes): 0
	Major (requiring I/O) page faults: 0
	Minor (reclaiming a frame) page faults: 3896371
	Voluntary context switches: 1627210
	Involuntary context switches: 3969
	Swaps: 0
	File system inputs: 97960
	File system outputs: 223584
	Socket messages sent: 0
	Socket messages received: 0
	Signals delivered: 0
	Page size (bytes): 4096
	Exit status: 0
