[12 Dec 2019 00:55:53-wEq][cmd] /home/CSCScience.ca/apetkau/miniconda3/envs/bigsi_mccortex/bin/mccortex31 build --nkmers 340000000 --threads 1 --kmer 17 --mem 10G --sample ERR1713406 --seq metagenomics/kmer-counts-jellyfish/17/ERR1713406.kmer.gz metagenomics/bigsi/17/mccortex.ERR1713406.ctx
[12 Dec 2019 00:55:53-wEq][cwd] /home/CSCScience.ca/apetkau/workspace/comp7934-project
[12 Dec 2019 00:55:53-wEq][version] mccortex=v0.0.3-610-g400c0e3 zlib=1.2.11 htslib=1.8-17-g699ed53 ASSERTS=ON hash=Lookup3 CHECKS=ON k=3..31
[12 Dec 2019 00:55:53-wEq] Saving graph to: metagenomics/bigsi/17/mccortex.ERR1713406.ctx
[12 Dec 2019 00:55:53-wEq][sample] 0: ERR1713406
[12 Dec 2019 00:55:53-wEq][task] metagenomics/kmer-counts-jellyfish/17/ERR1713406.kmer.gz; FASTQ offset: auto-detect, threshold: off; cut homopolymers: off; remove PCR duplicates: no; colour: 0
[12 Dec 2019 00:55:53-wEq][memory] 104 bits per kmer
[12 Dec 2019 00:55:53-wEq] Note: Using less memory than requested (4.2GB < 10GB); allows for 343,932,928 kmers
[12 Dec 2019 00:55:53-wEq][memory] graph: 4.2GB
[12 Dec 2019 00:55:53-wEq][memory] total: 4.2GB of 62.6GB RAM
[12 Dec 2019 00:55:53-wEq] Writing 1 colour graph to metagenomics/bigsi/17/mccortex.ERR1713406.ctx
[12 Dec 2019 00:55:53-wEq][hasht] Allocating table with 343,932,928 entries, using 2.6GB
[12 Dec 2019 00:55:53-wEq][hasht]  number of buckets: 8,388,608, bucket size: 41
[12 Dec 2019 00:55:53-wEq][graph] kmer-size: 17; colours: 1; capacity: 343,932,928
[12 Dec 2019 00:55:53-wEq][hasht] buckets: 8,388,608 [2^23]; bucket size: 41; 
[12 Dec 2019 00:55:53-wEq][hasht] memory: 2.6GB; filled: 0 / 343,932,928 (0.00%)
[12 Dec 2019 00:55:53-wEq][asyncio] Inputs: 1; Threads: 1
[12 Dec 2019 00:55:53-wEq][seq] Parsing sequence file metagenomics/kmer-counts-jellyfish/17/ERR1713406.kmer.gz
[12 Dec 2019 00:56:09-wEq][BuildGraph] Read 5,000,000 entries (reads / read pairs)
[12 Dec 2019 00:56:18-wEq][seq] Loaded 8,705,395 reads and 0 reads pairs (file: metagenomics/kmer-counts-jellyfish/17/ERR1713406.kmer.gz)
[12 Dec 2019 00:56:18-wEq][hasht] buckets: 8,388,608 [2^23]; bucket size: 41; 
[12 Dec 2019 00:56:18-wEq][hasht] memory: 2.6GB; filled: 8,705,395 / 343,932,928 (2.53%)
[12 Dec 2019 00:56:18-wEq][hasht]  collisions  0: 8705395
[12 Dec 2019 00:56:18-wEq][task] input: metagenomics/kmer-counts-jellyfish/17/ERR1713406.kmer.gz colour: 0
[12 Dec 2019 00:56:18-wEq]  SE reads: 8,705,395  PE reads: 0
[12 Dec 2019 00:56:18-wEq]  good reads: 8,705,395  bad reads: 0
[12 Dec 2019 00:56:18-wEq]  dup SE reads: 0  dup PE pairs: 0
[12 Dec 2019 00:56:18-wEq]  bases read: 147,991,715  bases loaded: 147,991,715
[12 Dec 2019 00:56:18-wEq]  num contigs: 8,705,395  num kmers: 8,705,395 novel kmers: 8,705,395
[12 Dec 2019 00:56:18-wEq] Dumping graph...
[12 Dec 2019 00:56:18-wEq][graphwriter] Saving file to: metagenomics/bigsi/17/mccortex.ERR1713406.ctx
[12 Dec 2019 00:56:18-wEq][FileFilter] Writing graph  [1 src colour]
[12 Dec 2019 00:56:20-wEq][graphwriter] Dumped 8,705,395 kmers in 1 colour into: metagenomics/bigsi/17/mccortex.ERR1713406.ctx (ver: 6)
[12 Dec 2019 00:56:20-wEq][memory] We made 19 allocs
[12 Dec 2019 00:56:20-wEq] Done.
[12 Dec 2019 00:56:20-wEq][time] 27.00 seconds
	Command being timed: "mccortex 17 build --nkmers 340000000 --threads 1 --kmer 17 --mem 10G --sample ERR1713406 --seq metagenomics/kmer-counts-jellyfish/17/ERR1713406.kmer.gz metagenomics/bigsi/17/mccortex.ERR1713406.ctx"
	User time (seconds): 27.28
	System time (seconds): 16.59
	Percent of CPU this job got: 163%
	Elapsed (wall clock) time (h:mm:ss or m:ss): 0:26.80
	Average shared text size (kbytes): 0
	Average unshared data size (kbytes): 0
	Average stack size (kbytes): 0
	Average total size (kbytes): 0
	Maximum resident set size (kbytes): 4056868
	Average resident set size (kbytes): 0
	Major (requiring I/O) page faults: 0
	Minor (reclaiming a frame) page faults: 5702224
	Voluntary context switches: 1793079
	Involuntary context switches: 450
	Swaps: 0
	File system inputs: 96920
	File system outputs: 221064
	Socket messages sent: 0
	Socket messages received: 0
	Signals delivered: 0
	Page size (bytes): 4096
	Exit status: 0
