[12 Dec 2019 00:45:01-hAW][cmd] /home/CSCScience.ca/apetkau/miniconda3/envs/bigsi_mccortex/bin/mccortex31 build --nkmers 340000000 --threads 1 --kmer 17 --mem 10G --sample ERR1713359 --seq metagenomics/kmer-counts-jellyfish/17/ERR1713359.kmer.gz metagenomics/bigsi/17/mccortex.ERR1713359.ctx
[12 Dec 2019 00:45:01-hAW][cwd] /home/CSCScience.ca/apetkau/workspace/comp7934-project
[12 Dec 2019 00:45:01-hAW][version] mccortex=v0.0.3-610-g400c0e3 zlib=1.2.11 htslib=1.8-17-g699ed53 ASSERTS=ON hash=Lookup3 CHECKS=ON k=3..31
[12 Dec 2019 00:45:01-hAW] Saving graph to: metagenomics/bigsi/17/mccortex.ERR1713359.ctx
[12 Dec 2019 00:45:01-hAW][sample] 0: ERR1713359
[12 Dec 2019 00:45:01-hAW][task] metagenomics/kmer-counts-jellyfish/17/ERR1713359.kmer.gz; FASTQ offset: auto-detect, threshold: off; cut homopolymers: off; remove PCR duplicates: no; colour: 0
[12 Dec 2019 00:45:01-hAW][memory] 104 bits per kmer
[12 Dec 2019 00:45:01-hAW] Note: Using less memory than requested (4.2GB < 10GB); allows for 343,932,928 kmers
[12 Dec 2019 00:45:01-hAW][memory] graph: 4.2GB
[12 Dec 2019 00:45:01-hAW][memory] total: 4.2GB of 62.6GB RAM
[12 Dec 2019 00:45:01-hAW] Writing 1 colour graph to metagenomics/bigsi/17/mccortex.ERR1713359.ctx
[12 Dec 2019 00:45:01-hAW][hasht] Allocating table with 343,932,928 entries, using 2.6GB
[12 Dec 2019 00:45:01-hAW][hasht]  number of buckets: 8,388,608, bucket size: 41
[12 Dec 2019 00:45:01-hAW][graph] kmer-size: 17; colours: 1; capacity: 343,932,928
[12 Dec 2019 00:45:01-hAW][hasht] buckets: 8,388,608 [2^23]; bucket size: 41; 
[12 Dec 2019 00:45:01-hAW][hasht] memory: 2.6GB; filled: 0 / 343,932,928 (0.00%)
[12 Dec 2019 00:45:01-hAW][asyncio] Inputs: 1; Threads: 1
[12 Dec 2019 00:45:01-hAW][seq] Parsing sequence file metagenomics/kmer-counts-jellyfish/17/ERR1713359.kmer.gz
[12 Dec 2019 00:45:14-hAW][BuildGraph] Read 5,000,000 entries (reads / read pairs)
[12 Dec 2019 00:45:19-hAW][seq] Loaded 7,819,761 reads and 0 reads pairs (file: metagenomics/kmer-counts-jellyfish/17/ERR1713359.kmer.gz)
[12 Dec 2019 00:45:19-hAW][hasht] buckets: 8,388,608 [2^23]; bucket size: 41; 
[12 Dec 2019 00:45:19-hAW][hasht] memory: 2.6GB; filled: 7,819,761 / 343,932,928 (2.27%)
[12 Dec 2019 00:45:19-hAW][hasht]  collisions  0: 7819761
[12 Dec 2019 00:45:19-hAW][task] input: metagenomics/kmer-counts-jellyfish/17/ERR1713359.kmer.gz colour: 0
[12 Dec 2019 00:45:19-hAW]  SE reads: 7,819,761  PE reads: 0
[12 Dec 2019 00:45:19-hAW]  good reads: 7,819,761  bad reads: 0
[12 Dec 2019 00:45:19-hAW]  dup SE reads: 0  dup PE pairs: 0
[12 Dec 2019 00:45:19-hAW]  bases read: 132,935,937  bases loaded: 132,935,937
[12 Dec 2019 00:45:19-hAW]  num contigs: 7,819,761  num kmers: 7,819,761 novel kmers: 7,819,761
[12 Dec 2019 00:45:19-hAW] Dumping graph...
[12 Dec 2019 00:45:19-hAW][graphwriter] Saving file to: metagenomics/bigsi/17/mccortex.ERR1713359.ctx
[12 Dec 2019 00:45:19-hAW][FileFilter] Writing graph  [1 src colour]
[12 Dec 2019 00:45:21-hAW][graphwriter] Dumped 7,819,761 kmers in 1 colour into: metagenomics/bigsi/17/mccortex.ERR1713359.ctx (ver: 6)
[12 Dec 2019 00:45:21-hAW][memory] We made 19 allocs
[12 Dec 2019 00:45:21-hAW] Done.
[12 Dec 2019 00:45:21-hAW][time] 20.00 seconds
	Command being timed: "mccortex 17 build --nkmers 340000000 --threads 1 --kmer 17 --mem 10G --sample ERR1713359 --seq metagenomics/kmer-counts-jellyfish/17/ERR1713359.kmer.gz metagenomics/bigsi/17/mccortex.ERR1713359.ctx"
	User time (seconds): 19.77
	System time (seconds): 12.72
	Percent of CPU this job got: 163%
	Elapsed (wall clock) time (h:mm:ss or m:ss): 0:19.90
	Average shared text size (kbytes): 0
	Average unshared data size (kbytes): 0
	Average stack size (kbytes): 0
	Average total size (kbytes): 0
	Maximum resident set size (kbytes): 4056788
	Average resident set size (kbytes): 0
	Major (requiring I/O) page faults: 0
	Minor (reclaiming a frame) page faults: 3945966
	Voluntary context switches: 1818400
	Involuntary context switches: 16221
	Swaps: 0
	File system inputs: 87264
	File system outputs: 198568
	Socket messages sent: 0
	Socket messages received: 0
	Signals delivered: 0
	Page size (bytes): 4096
	Exit status: 0
