[12 Dec 2019 00:53:04-jAV][cmd] /home/CSCScience.ca/apetkau/miniconda3/envs/bigsi_mccortex/bin/mccortex31 build --nkmers 340000000 --threads 1 --kmer 17 --mem 10G --sample ERR1713397 --seq metagenomics/kmer-counts-jellyfish/17/ERR1713397.kmer.gz metagenomics/bigsi/17/mccortex.ERR1713397.ctx
[12 Dec 2019 00:53:04-jAV][cwd] /home/CSCScience.ca/apetkau/workspace/comp7934-project
[12 Dec 2019 00:53:04-jAV][version] mccortex=v0.0.3-610-g400c0e3 zlib=1.2.11 htslib=1.8-17-g699ed53 ASSERTS=ON hash=Lookup3 CHECKS=ON k=3..31
[12 Dec 2019 00:53:04-jAV] Saving graph to: metagenomics/bigsi/17/mccortex.ERR1713397.ctx
[12 Dec 2019 00:53:04-jAV][sample] 0: ERR1713397
[12 Dec 2019 00:53:04-jAV][task] metagenomics/kmer-counts-jellyfish/17/ERR1713397.kmer.gz; FASTQ offset: auto-detect, threshold: off; cut homopolymers: off; remove PCR duplicates: no; colour: 0
[12 Dec 2019 00:53:04-jAV][memory] 104 bits per kmer
[12 Dec 2019 00:53:04-jAV] Note: Using less memory than requested (4.2GB < 10GB); allows for 343,932,928 kmers
[12 Dec 2019 00:53:04-jAV][memory] graph: 4.2GB
[12 Dec 2019 00:53:04-jAV][memory] total: 4.2GB of 62.6GB RAM
[12 Dec 2019 00:53:04-jAV] Writing 1 colour graph to metagenomics/bigsi/17/mccortex.ERR1713397.ctx
[12 Dec 2019 00:53:04-jAV][hasht] Allocating table with 343,932,928 entries, using 2.6GB
[12 Dec 2019 00:53:04-jAV][hasht]  number of buckets: 8,388,608, bucket size: 41
[12 Dec 2019 00:53:04-jAV][graph] kmer-size: 17; colours: 1; capacity: 343,932,928
[12 Dec 2019 00:53:04-jAV][hasht] buckets: 8,388,608 [2^23]; bucket size: 41; 
[12 Dec 2019 00:53:04-jAV][hasht] memory: 2.6GB; filled: 0 / 343,932,928 (0.00%)
[12 Dec 2019 00:53:04-jAV][asyncio] Inputs: 1; Threads: 1
[12 Dec 2019 00:53:04-jAV][seq] Parsing sequence file metagenomics/kmer-counts-jellyfish/17/ERR1713397.kmer.gz
[12 Dec 2019 00:53:23-jAV][BuildGraph] Read 5,000,000 entries (reads / read pairs)
[12 Dec 2019 00:53:30-jAV][seq] Loaded 8,721,304 reads and 0 reads pairs (file: metagenomics/kmer-counts-jellyfish/17/ERR1713397.kmer.gz)
[12 Dec 2019 00:53:30-jAV][hasht] buckets: 8,388,608 [2^23]; bucket size: 41; 
[12 Dec 2019 00:53:30-jAV][hasht] memory: 2.6GB; filled: 8,721,304 / 343,932,928 (2.54%)
[12 Dec 2019 00:53:30-jAV][hasht]  collisions  0: 8721304
[12 Dec 2019 00:53:30-jAV][task] input: metagenomics/kmer-counts-jellyfish/17/ERR1713397.kmer.gz colour: 0
[12 Dec 2019 00:53:30-jAV]  SE reads: 8,721,304  PE reads: 0
[12 Dec 2019 00:53:30-jAV]  good reads: 8,721,304  bad reads: 0
[12 Dec 2019 00:53:30-jAV]  dup SE reads: 0  dup PE pairs: 0
[12 Dec 2019 00:53:30-jAV]  bases read: 148,262,168  bases loaded: 148,262,168
[12 Dec 2019 00:53:30-jAV]  num contigs: 8,721,304  num kmers: 8,721,304 novel kmers: 8,721,304
[12 Dec 2019 00:53:30-jAV] Dumping graph...
[12 Dec 2019 00:53:30-jAV][graphwriter] Saving file to: metagenomics/bigsi/17/mccortex.ERR1713397.ctx
[12 Dec 2019 00:53:30-jAV][FileFilter] Writing graph  [1 src colour]
[12 Dec 2019 00:53:31-jAV][graphwriter] Dumped 8,721,304 kmers in 1 colour into: metagenomics/bigsi/17/mccortex.ERR1713397.ctx (ver: 6)
[12 Dec 2019 00:53:31-jAV][memory] We made 19 allocs
[12 Dec 2019 00:53:31-jAV] Done.
[12 Dec 2019 00:53:31-jAV][time] 27.00 seconds
	Command being timed: "mccortex 17 build --nkmers 340000000 --threads 1 --kmer 17 --mem 10G --sample ERR1713397 --seq metagenomics/kmer-counts-jellyfish/17/ERR1713397.kmer.gz metagenomics/bigsi/17/mccortex.ERR1713397.ctx"
	User time (seconds): 28.13
	System time (seconds): 16.50
	Percent of CPU this job got: 164%
	Elapsed (wall clock) time (h:mm:ss or m:ss): 0:27.16
	Average shared text size (kbytes): 0
	Average unshared data size (kbytes): 0
	Average stack size (kbytes): 0
	Average total size (kbytes): 0
	Maximum resident set size (kbytes): 4056912
	Average resident set size (kbytes): 0
	Major (requiring I/O) page faults: 0
	Minor (reclaiming a frame) page faults: 3979304
	Voluntary context switches: 1879426
	Involuntary context switches: 1757
	Swaps: 0
	File system inputs: 97240
	File system outputs: 221448
	Socket messages sent: 0
	Socket messages received: 0
	Signals delivered: 0
	Page size (bytes): 4096
	Exit status: 0
