[12 Dec 2019 00:45:04-Cex][cmd] /home/CSCScience.ca/apetkau/miniconda3/envs/bigsi_mccortex/bin/mccortex31 build --nkmers 340000000 --threads 1 --kmer 17 --mem 10G --sample ERR1713361 --seq metagenomics/kmer-counts-jellyfish/17/ERR1713361.kmer.gz metagenomics/bigsi/17/mccortex.ERR1713361.ctx
[12 Dec 2019 00:45:04-Cex][cwd] /home/CSCScience.ca/apetkau/workspace/comp7934-project
[12 Dec 2019 00:45:04-Cex][version] mccortex=v0.0.3-610-g400c0e3 zlib=1.2.11 htslib=1.8-17-g699ed53 ASSERTS=ON hash=Lookup3 CHECKS=ON k=3..31
[12 Dec 2019 00:45:04-Cex] Saving graph to: metagenomics/bigsi/17/mccortex.ERR1713361.ctx
[12 Dec 2019 00:45:04-Cex][sample] 0: ERR1713361
[12 Dec 2019 00:45:04-Cex][task] metagenomics/kmer-counts-jellyfish/17/ERR1713361.kmer.gz; FASTQ offset: auto-detect, threshold: off; cut homopolymers: off; remove PCR duplicates: no; colour: 0
[12 Dec 2019 00:45:04-Cex][memory] 104 bits per kmer
[12 Dec 2019 00:45:04-Cex] Note: Using less memory than requested (4.2GB < 10GB); allows for 343,932,928 kmers
[12 Dec 2019 00:45:04-Cex][memory] graph: 4.2GB
[12 Dec 2019 00:45:04-Cex][memory] total: 4.2GB of 62.6GB RAM
[12 Dec 2019 00:45:04-Cex] Writing 1 colour graph to metagenomics/bigsi/17/mccortex.ERR1713361.ctx
[12 Dec 2019 00:45:04-Cex][hasht] Allocating table with 343,932,928 entries, using 2.6GB
[12 Dec 2019 00:45:04-Cex][hasht]  number of buckets: 8,388,608, bucket size: 41
[12 Dec 2019 00:45:04-Cex][graph] kmer-size: 17; colours: 1; capacity: 343,932,928
[12 Dec 2019 00:45:04-Cex][hasht] buckets: 8,388,608 [2^23]; bucket size: 41; 
[12 Dec 2019 00:45:04-Cex][hasht] memory: 2.6GB; filled: 0 / 343,932,928 (0.00%)
[12 Dec 2019 00:45:04-Cex][asyncio] Inputs: 1; Threads: 1
[12 Dec 2019 00:45:04-Cex][seq] Parsing sequence file metagenomics/kmer-counts-jellyfish/17/ERR1713361.kmer.gz
[12 Dec 2019 00:45:17-Cex][BuildGraph] Read 5,000,000 entries (reads / read pairs)
[12 Dec 2019 00:45:25-Cex][seq] Loaded 8,728,432 reads and 0 reads pairs (file: metagenomics/kmer-counts-jellyfish/17/ERR1713361.kmer.gz)
[12 Dec 2019 00:45:25-Cex][hasht] buckets: 8,388,608 [2^23]; bucket size: 41; 
[12 Dec 2019 00:45:25-Cex][hasht] memory: 2.6GB; filled: 8,728,432 / 343,932,928 (2.54%)
[12 Dec 2019 00:45:25-Cex][hasht]  collisions  0: 8728432
[12 Dec 2019 00:45:25-Cex][task] input: metagenomics/kmer-counts-jellyfish/17/ERR1713361.kmer.gz colour: 0
[12 Dec 2019 00:45:25-Cex]  SE reads: 8,728,432  PE reads: 0
[12 Dec 2019 00:45:25-Cex]  good reads: 8,728,432  bad reads: 0
[12 Dec 2019 00:45:25-Cex]  dup SE reads: 0  dup PE pairs: 0
[12 Dec 2019 00:45:25-Cex]  bases read: 148,383,344  bases loaded: 148,383,344
[12 Dec 2019 00:45:25-Cex]  num contigs: 8,728,432  num kmers: 8,728,432 novel kmers: 8,728,432
[12 Dec 2019 00:45:25-Cex] Dumping graph...
[12 Dec 2019 00:45:25-Cex][graphwriter] Saving file to: metagenomics/bigsi/17/mccortex.ERR1713361.ctx
[12 Dec 2019 00:45:25-Cex][FileFilter] Writing graph  [1 src colour]
[12 Dec 2019 00:45:26-Cex][graphwriter] Dumped 8,728,432 kmers in 1 colour into: metagenomics/bigsi/17/mccortex.ERR1713361.ctx (ver: 6)
[12 Dec 2019 00:45:27-Cex][memory] We made 19 allocs
[12 Dec 2019 00:45:27-Cex] Done.
[12 Dec 2019 00:45:27-Cex][time] 23.00 seconds
	Command being timed: "mccortex 17 build --nkmers 340000000 --threads 1 --kmer 17 --mem 10G --sample ERR1713361 --seq metagenomics/kmer-counts-jellyfish/17/ERR1713361.kmer.gz metagenomics/bigsi/17/mccortex.ERR1713361.ctx"
	User time (seconds): 24.53
	System time (seconds): 13.43
	Percent of CPU this job got: 164%
	Elapsed (wall clock) time (h:mm:ss or m:ss): 0:23.14
	Average shared text size (kbytes): 0
	Average unshared data size (kbytes): 0
	Average stack size (kbytes): 0
	Average total size (kbytes): 0
	Maximum resident set size (kbytes): 4056844
	Average resident set size (kbytes): 0
	Major (requiring I/O) page faults: 0
	Minor (reclaiming a frame) page faults: 4267914
	Voluntary context switches: 1831072
	Involuntary context switches: 17459
	Swaps: 0
	File system inputs: 97352
	File system outputs: 221640
	Socket messages sent: 0
	Socket messages received: 0
	Signals delivered: 0
	Page size (bytes): 4096
	Exit status: 0
