[12 Dec 2019 00:50:46-WIR][cmd] /home/CSCScience.ca/apetkau/miniconda3/envs/bigsi_mccortex/bin/mccortex31 build --nkmers 340000000 --threads 1 --kmer 17 --mem 10G --sample ERR1713391 --seq metagenomics/kmer-counts-jellyfish/17/ERR1713391.kmer.gz metagenomics/bigsi/17/mccortex.ERR1713391.ctx
[12 Dec 2019 00:50:46-WIR][cwd] /home/CSCScience.ca/apetkau/workspace/comp7934-project
[12 Dec 2019 00:50:46-WIR][version] mccortex=v0.0.3-610-g400c0e3 zlib=1.2.11 htslib=1.8-17-g699ed53 ASSERTS=ON hash=Lookup3 CHECKS=ON k=3..31
[12 Dec 2019 00:50:46-WIR] Saving graph to: metagenomics/bigsi/17/mccortex.ERR1713391.ctx
[12 Dec 2019 00:50:46-WIR][sample] 0: ERR1713391
[12 Dec 2019 00:50:46-WIR][task] metagenomics/kmer-counts-jellyfish/17/ERR1713391.kmer.gz; FASTQ offset: auto-detect, threshold: off; cut homopolymers: off; remove PCR duplicates: no; colour: 0
[12 Dec 2019 00:50:46-WIR][memory] 104 bits per kmer
[12 Dec 2019 00:50:46-WIR] Note: Using less memory than requested (4.2GB < 10GB); allows for 343,932,928 kmers
[12 Dec 2019 00:50:46-WIR][memory] graph: 4.2GB
[12 Dec 2019 00:50:46-WIR][memory] total: 4.2GB of 62.6GB RAM
[12 Dec 2019 00:50:46-WIR] Writing 1 colour graph to metagenomics/bigsi/17/mccortex.ERR1713391.ctx
[12 Dec 2019 00:50:46-WIR][hasht] Allocating table with 343,932,928 entries, using 2.6GB
[12 Dec 2019 00:50:46-WIR][hasht]  number of buckets: 8,388,608, bucket size: 41
[12 Dec 2019 00:50:46-WIR][graph] kmer-size: 17; colours: 1; capacity: 343,932,928
[12 Dec 2019 00:50:46-WIR][hasht] buckets: 8,388,608 [2^23]; bucket size: 41; 
[12 Dec 2019 00:50:46-WIR][hasht] memory: 2.6GB; filled: 0 / 343,932,928 (0.00%)
[12 Dec 2019 00:50:46-WIR][asyncio] Inputs: 1; Threads: 1
[12 Dec 2019 00:50:46-WIR][seq] Parsing sequence file metagenomics/kmer-counts-jellyfish/17/ERR1713391.kmer.gz
[12 Dec 2019 00:50:59-WIR][BuildGraph] Read 5,000,000 entries (reads / read pairs)
[12 Dec 2019 00:51:04-WIR][seq] Loaded 8,712,700 reads and 0 reads pairs (file: metagenomics/kmer-counts-jellyfish/17/ERR1713391.kmer.gz)
[12 Dec 2019 00:51:04-WIR][hasht] buckets: 8,388,608 [2^23]; bucket size: 41; 
[12 Dec 2019 00:51:04-WIR][hasht] memory: 2.6GB; filled: 8,712,700 / 343,932,928 (2.53%)
[12 Dec 2019 00:51:04-WIR][hasht]  collisions  0: 8712700
[12 Dec 2019 00:51:04-WIR][task] input: metagenomics/kmer-counts-jellyfish/17/ERR1713391.kmer.gz colour: 0
[12 Dec 2019 00:51:04-WIR]  SE reads: 8,712,700  PE reads: 0
[12 Dec 2019 00:51:04-WIR]  good reads: 8,712,700  bad reads: 0
[12 Dec 2019 00:51:04-WIR]  dup SE reads: 0  dup PE pairs: 0
[12 Dec 2019 00:51:04-WIR]  bases read: 148,115,900  bases loaded: 148,115,900
[12 Dec 2019 00:51:04-WIR]  num contigs: 8,712,700  num kmers: 8,712,700 novel kmers: 8,712,700
[12 Dec 2019 00:51:04-WIR] Dumping graph...
[12 Dec 2019 00:51:04-WIR][graphwriter] Saving file to: metagenomics/bigsi/17/mccortex.ERR1713391.ctx
[12 Dec 2019 00:51:04-WIR][FileFilter] Writing graph  [1 src colour]
[12 Dec 2019 00:51:05-WIR][graphwriter] Dumped 8,712,700 kmers in 1 colour into: metagenomics/bigsi/17/mccortex.ERR1713391.ctx (ver: 6)
[12 Dec 2019 00:51:06-WIR][memory] We made 19 allocs
[12 Dec 2019 00:51:06-WIR] Done.
[12 Dec 2019 00:51:06-WIR][time] 20.00 seconds
	Command being timed: "mccortex 17 build --nkmers 340000000 --threads 1 --kmer 17 --mem 10G --sample ERR1713391 --seq metagenomics/kmer-counts-jellyfish/17/ERR1713391.kmer.gz metagenomics/bigsi/17/mccortex.ERR1713391.ctx"
	User time (seconds): 20.14
	System time (seconds): 11.78
	Percent of CPU this job got: 165%
	Elapsed (wall clock) time (h:mm:ss or m:ss): 0:19.29
	Average shared text size (kbytes): 0
	Average unshared data size (kbytes): 0
	Average stack size (kbytes): 0
	Average total size (kbytes): 0
	Maximum resident set size (kbytes): 4056912
	Average resident set size (kbytes): 0
	Major (requiring I/O) page faults: 0
	Minor (reclaiming a frame) page faults: 3880262
	Voluntary context switches: 1741057
	Involuntary context switches: 6068
	Swaps: 0
	File system inputs: 97144
	File system outputs: 221232
	Socket messages sent: 0
	Socket messages received: 0
	Signals delivered: 0
	Page size (bytes): 4096
	Exit status: 0
