[12 Dec 2019 00:53:21-Pos][cmd] /home/CSCScience.ca/apetkau/miniconda3/envs/bigsi_mccortex/bin/mccortex31 build --nkmers 340000000 --threads 1 --kmer 17 --mem 10G --sample ERR1713400 --seq metagenomics/kmer-counts-jellyfish/17/ERR1713400.kmer.gz metagenomics/bigsi/17/mccortex.ERR1713400.ctx
[12 Dec 2019 00:53:21-Pos][cwd] /home/CSCScience.ca/apetkau/workspace/comp7934-project
[12 Dec 2019 00:53:21-Pos][version] mccortex=v0.0.3-610-g400c0e3 zlib=1.2.11 htslib=1.8-17-g699ed53 ASSERTS=ON hash=Lookup3 CHECKS=ON k=3..31
[12 Dec 2019 00:53:21-Pos] Saving graph to: metagenomics/bigsi/17/mccortex.ERR1713400.ctx
[12 Dec 2019 00:53:21-Pos][sample] 0: ERR1713400
[12 Dec 2019 00:53:21-Pos][task] metagenomics/kmer-counts-jellyfish/17/ERR1713400.kmer.gz; FASTQ offset: auto-detect, threshold: off; cut homopolymers: off; remove PCR duplicates: no; colour: 0
[12 Dec 2019 00:53:21-Pos][memory] 104 bits per kmer
[12 Dec 2019 00:53:21-Pos] Note: Using less memory than requested (4.2GB < 10GB); allows for 343,932,928 kmers
[12 Dec 2019 00:53:21-Pos][memory] graph: 4.2GB
[12 Dec 2019 00:53:21-Pos][memory] total: 4.2GB of 62.6GB RAM
[12 Dec 2019 00:53:21-Pos] Writing 1 colour graph to metagenomics/bigsi/17/mccortex.ERR1713400.ctx
[12 Dec 2019 00:53:21-Pos][hasht] Allocating table with 343,932,928 entries, using 2.6GB
[12 Dec 2019 00:53:21-Pos][hasht]  number of buckets: 8,388,608, bucket size: 41
[12 Dec 2019 00:53:21-Pos][graph] kmer-size: 17; colours: 1; capacity: 343,932,928
[12 Dec 2019 00:53:21-Pos][hasht] buckets: 8,388,608 [2^23]; bucket size: 41; 
[12 Dec 2019 00:53:21-Pos][hasht] memory: 2.6GB; filled: 0 / 343,932,928 (0.00%)
[12 Dec 2019 00:53:21-Pos][asyncio] Inputs: 1; Threads: 1
[12 Dec 2019 00:53:21-Pos][seq] Parsing sequence file metagenomics/kmer-counts-jellyfish/17/ERR1713400.kmer.gz
[12 Dec 2019 00:53:34-Pos][BuildGraph] Read 5,000,000 entries (reads / read pairs)
[12 Dec 2019 00:53:38-Pos][seq] Loaded 8,277,655 reads and 0 reads pairs (file: metagenomics/kmer-counts-jellyfish/17/ERR1713400.kmer.gz)
[12 Dec 2019 00:53:38-Pos][hasht] buckets: 8,388,608 [2^23]; bucket size: 41; 
[12 Dec 2019 00:53:38-Pos][hasht] memory: 2.6GB; filled: 8,277,655 / 343,932,928 (2.41%)
[12 Dec 2019 00:53:38-Pos][hasht]  collisions  0: 8277655
[12 Dec 2019 00:53:38-Pos][task] input: metagenomics/kmer-counts-jellyfish/17/ERR1713400.kmer.gz colour: 0
[12 Dec 2019 00:53:38-Pos]  SE reads: 8,277,655  PE reads: 0
[12 Dec 2019 00:53:38-Pos]  good reads: 8,277,655  bad reads: 0
[12 Dec 2019 00:53:38-Pos]  dup SE reads: 0  dup PE pairs: 0
[12 Dec 2019 00:53:38-Pos]  bases read: 140,720,135  bases loaded: 140,720,135
[12 Dec 2019 00:53:38-Pos]  num contigs: 8,277,655  num kmers: 8,277,655 novel kmers: 8,277,655
[12 Dec 2019 00:53:38-Pos] Dumping graph...
[12 Dec 2019 00:53:38-Pos][graphwriter] Saving file to: metagenomics/bigsi/17/mccortex.ERR1713400.ctx
[12 Dec 2019 00:53:38-Pos][FileFilter] Writing graph  [1 src colour]
[12 Dec 2019 00:53:40-Pos][graphwriter] Dumped 8,277,655 kmers in 1 colour into: metagenomics/bigsi/17/mccortex.ERR1713400.ctx (ver: 6)
[12 Dec 2019 00:53:40-Pos][memory] We made 19 allocs
[12 Dec 2019 00:53:40-Pos] Done.
[12 Dec 2019 00:53:40-Pos][time] 19.00 seconds
	Command being timed: "mccortex 17 build --nkmers 340000000 --threads 1 --kmer 17 --mem 10G --sample ERR1713400 --seq metagenomics/kmer-counts-jellyfish/17/ERR1713400.kmer.gz metagenomics/bigsi/17/mccortex.ERR1713400.ctx"
	User time (seconds): 19.22
	System time (seconds): 12.32
	Percent of CPU this job got: 166%
	Elapsed (wall clock) time (h:mm:ss or m:ss): 0:18.94
	Average shared text size (kbytes): 0
	Average unshared data size (kbytes): 0
	Average stack size (kbytes): 0
	Average total size (kbytes): 0
	Maximum resident set size (kbytes): 4056972
	Average resident set size (kbytes): 0
	Major (requiring I/O) page faults: 0
	Minor (reclaiming a frame) page faults: 3897350
	Voluntary context switches: 1794086
	Involuntary context switches: 10581
	Swaps: 0
	File system inputs: 92344
	File system outputs: 210184
	Socket messages sent: 0
	Socket messages received: 0
	Signals delivered: 0
	Page size (bytes): 4096
	Exit status: 0
