[12 Dec 2019 00:44:53-yoK][cmd] /home/CSCScience.ca/apetkau/miniconda3/envs/bigsi_mccortex/bin/mccortex31 build --nkmers 340000000 --threads 1 --kmer 17 --mem 10G --sample ERR1713353 --seq metagenomics/kmer-counts-jellyfish/17/ERR1713353.kmer.gz metagenomics/bigsi/17/mccortex.ERR1713353.ctx
[12 Dec 2019 00:44:53-yoK][cwd] /home/CSCScience.ca/apetkau/workspace/comp7934-project
[12 Dec 2019 00:44:53-yoK][version] mccortex=v0.0.3-610-g400c0e3 zlib=1.2.11 htslib=1.8-17-g699ed53 ASSERTS=ON hash=Lookup3 CHECKS=ON k=3..31
[12 Dec 2019 00:44:53-yoK] Saving graph to: metagenomics/bigsi/17/mccortex.ERR1713353.ctx
[12 Dec 2019 00:44:53-yoK][sample] 0: ERR1713353
[12 Dec 2019 00:44:53-yoK][task] metagenomics/kmer-counts-jellyfish/17/ERR1713353.kmer.gz; FASTQ offset: auto-detect, threshold: off; cut homopolymers: off; remove PCR duplicates: no; colour: 0
[12 Dec 2019 00:44:53-yoK][memory] 104 bits per kmer
[12 Dec 2019 00:44:53-yoK] Note: Using less memory than requested (4.2GB < 10GB); allows for 343,932,928 kmers
[12 Dec 2019 00:44:53-yoK][memory] graph: 4.2GB
[12 Dec 2019 00:44:53-yoK][memory] total: 4.2GB of 62.6GB RAM
[12 Dec 2019 00:44:53-yoK] Writing 1 colour graph to metagenomics/bigsi/17/mccortex.ERR1713353.ctx
[12 Dec 2019 00:44:53-yoK][hasht] Allocating table with 343,932,928 entries, using 2.6GB
[12 Dec 2019 00:44:53-yoK][hasht]  number of buckets: 8,388,608, bucket size: 41
[12 Dec 2019 00:44:53-yoK][graph] kmer-size: 17; colours: 1; capacity: 343,932,928
[12 Dec 2019 00:44:53-yoK][hasht] buckets: 8,388,608 [2^23]; bucket size: 41; 
[12 Dec 2019 00:44:53-yoK][hasht] memory: 2.6GB; filled: 0 / 343,932,928 (0.00%)
[12 Dec 2019 00:44:53-yoK][asyncio] Inputs: 1; Threads: 1
[12 Dec 2019 00:44:53-yoK][seq] Parsing sequence file metagenomics/kmer-counts-jellyfish/17/ERR1713353.kmer.gz
[12 Dec 2019 00:45:08-yoK][BuildGraph] Read 5,000,000 entries (reads / read pairs)
[12 Dec 2019 00:45:14-yoK][seq] Loaded 8,601,394 reads and 0 reads pairs (file: metagenomics/kmer-counts-jellyfish/17/ERR1713353.kmer.gz)
[12 Dec 2019 00:45:14-yoK][hasht] buckets: 8,388,608 [2^23]; bucket size: 41; 
[12 Dec 2019 00:45:14-yoK][hasht] memory: 2.6GB; filled: 8,601,394 / 343,932,928 (2.50%)
[12 Dec 2019 00:45:14-yoK][hasht]  collisions  0: 8601394
[12 Dec 2019 00:45:14-yoK][task] input: metagenomics/kmer-counts-jellyfish/17/ERR1713353.kmer.gz colour: 0
[12 Dec 2019 00:45:14-yoK]  SE reads: 8,601,394  PE reads: 0
[12 Dec 2019 00:45:14-yoK]  good reads: 8,601,394  bad reads: 0
[12 Dec 2019 00:45:14-yoK]  dup SE reads: 0  dup PE pairs: 0
[12 Dec 2019 00:45:14-yoK]  bases read: 146,223,698  bases loaded: 146,223,698
[12 Dec 2019 00:45:14-yoK]  num contigs: 8,601,394  num kmers: 8,601,394 novel kmers: 8,601,394
[12 Dec 2019 00:45:14-yoK] Dumping graph...
[12 Dec 2019 00:45:14-yoK][graphwriter] Saving file to: metagenomics/bigsi/17/mccortex.ERR1713353.ctx
[12 Dec 2019 00:45:14-yoK][FileFilter] Writing graph  [1 src colour]
[12 Dec 2019 00:45:16-yoK][graphwriter] Dumped 8,601,394 kmers in 1 colour into: metagenomics/bigsi/17/mccortex.ERR1713353.ctx (ver: 6)
[12 Dec 2019 00:45:16-yoK][memory] We made 19 allocs
[12 Dec 2019 00:45:16-yoK] Done.
[12 Dec 2019 00:45:16-yoK][time] 23.00 seconds
	Command being timed: "mccortex 17 build --nkmers 340000000 --threads 1 --kmer 17 --mem 10G --sample ERR1713353 --seq metagenomics/kmer-counts-jellyfish/17/ERR1713353.kmer.gz metagenomics/bigsi/17/mccortex.ERR1713353.ctx"
	User time (seconds): 24.53
	System time (seconds): 14.22
	Percent of CPU this job got: 164%
	Elapsed (wall clock) time (h:mm:ss or m:ss): 0:23.58
	Average shared text size (kbytes): 0
	Average unshared data size (kbytes): 0
	Average stack size (kbytes): 0
	Average total size (kbytes): 0
	Maximum resident set size (kbytes): 4056788
	Average resident set size (kbytes): 0
	Major (requiring I/O) page faults: 0
	Minor (reclaiming a frame) page faults: 3909067
	Voluntary context switches: 1744255
	Involuntary context switches: 248
	Swaps: 0
	File system inputs: 96016
	File system outputs: 218424
	Socket messages sent: 0
	Socket messages received: 0
	Signals delivered: 0
	Page size (bytes): 4096
	Exit status: 0
