/home/CSCScience.ca/apetkau/miniconda3/envs/bigsi_mccortex/lib/python3.7/site-packages/bigsi/__main__.py:45: YAMLLoadWarning: calling yaml.load() without Loader=... is deprecated, as the default Loader is unsafe. Please read https://msg.pyyaml.org/load for full details.
  config = yaml.load(infile)
	Command being timed: "bigsi bloom metagenomics/bigsi/13/mccortex.ERR1713375.ctx metagenomics/bigsi/13/bigsi.ERR1713375.bloom"
	User time (seconds): 102.38
	System time (seconds): 3.98
	Percent of CPU this job got: 105%
	Elapsed (wall clock) time (h:mm:ss or m:ss): 1:40.48
	Average shared text size (kbytes): 0
	Average unshared data size (kbytes): 0
	Average stack size (kbytes): 0
	Average total size (kbytes): 0
	Maximum resident set size (kbytes): 541768
	Average resident set size (kbytes): 0
	Major (requiring I/O) page faults: 0
	Minor (reclaiming a frame) page faults: 252878
	Voluntary context switches: 148
	Involuntary context switches: 403114
	Swaps: 0
	File system inputs: 0
	File system outputs: 8072
	Socket messages sent: 0
	Socket messages received: 0
	Signals delivered: 0
	Page size (bytes): 4096
	Exit status: 0
