/home/CSCScience.ca/apetkau/miniconda3/envs/bigsi_mccortex/lib/python3.7/site-packages/bigsi/__main__.py:45: YAMLLoadWarning: calling yaml.load() without Loader=... is deprecated, as the default Loader is unsafe. Please read https://msg.pyyaml.org/load for full details.
  config = yaml.load(infile)
	Command being timed: "bigsi bloom metagenomics/bigsi/13/mccortex.ERR1713371.ctx metagenomics/bigsi/13/bigsi.ERR1713371.bloom"
	User time (seconds): 91.84
	System time (seconds): 3.82
	Percent of CPU this job got: 105%
	Elapsed (wall clock) time (h:mm:ss or m:ss): 1:30.33
	Average shared text size (kbytes): 0
	Average unshared data size (kbytes): 0
	Average stack size (kbytes): 0
	Average total size (kbytes): 0
	Maximum resident set size (kbytes): 494844
	Average resident set size (kbytes): 0
	Major (requiring I/O) page faults: 64
	Minor (reclaiming a frame) page faults: 253246
	Voluntary context switches: 208
	Involuntary context switches: 536988
	Swaps: 0
	File system inputs: 4848
	File system outputs: 8072
	Socket messages sent: 0
	Socket messages received: 0
	Signals delivered: 0
	Page size (bytes): 4096
	Exit status: 0
