[11 Dec 2019 23:47:09-PUf][cmd] /home/CSCScience.ca/apetkau/miniconda3/envs/bigsi_mccortex/bin/mccortex31 build --nkmers 33000000 --threads 1 --kmer 13 --mem 10G --sample ERR1713389 --seq metagenomics/kmer-counts-jellyfish/13/ERR1713389.kmer.gz metagenomics/bigsi/13/mccortex.ERR1713389.ctx
[11 Dec 2019 23:47:09-PUf][cwd] /home/CSCScience.ca/apetkau/workspace/comp7934-project
[11 Dec 2019 23:47:09-PUf][version] mccortex=v0.0.3-610-g400c0e3 zlib=1.2.11 htslib=1.8-17-g699ed53 ASSERTS=ON hash=Lookup3 CHECKS=ON k=3..31
[11 Dec 2019 23:47:09-PUf] Saving graph to: metagenomics/bigsi/13/mccortex.ERR1713389.ctx
[11 Dec 2019 23:47:09-PUf][sample] 0: ERR1713389
[11 Dec 2019 23:47:09-PUf][task] metagenomics/kmer-counts-jellyfish/13/ERR1713389.kmer.gz; FASTQ offset: auto-detect, threshold: off; cut homopolymers: off; remove PCR duplicates: no; colour: 0
[11 Dec 2019 23:47:09-PUf][memory] 104 bits per kmer
[11 Dec 2019 23:47:09-PUf] Note: Using less memory than requested (418MB < 10GB); allows for 33,554,432 kmers
[11 Dec 2019 23:47:09-PUf][memory] graph: 418MB
[11 Dec 2019 23:47:09-PUf][memory] total: 418MB of 62.6GB RAM
[11 Dec 2019 23:47:09-PUf] Writing 1 colour graph to metagenomics/bigsi/13/mccortex.ERR1713389.ctx
[11 Dec 2019 23:47:09-PUf][hasht] Allocating table with 33,554,432 entries, using 258MB
[11 Dec 2019 23:47:09-PUf][hasht]  number of buckets: 1,048,576, bucket size: 32
[11 Dec 2019 23:47:09-PUf][graph] kmer-size: 13; colours: 1; capacity: 33,554,432
[11 Dec 2019 23:47:09-PUf][hasht] buckets: 1,048,576 [2^20]; bucket size: 32; 
[11 Dec 2019 23:47:09-PUf][hasht] memory: 258MB; filled: 0 / 33,554,432 (0.00%)
[11 Dec 2019 23:47:09-PUf][asyncio] Inputs: 1; Threads: 1
[11 Dec 2019 23:47:09-PUf][seq] Parsing sequence file metagenomics/kmer-counts-jellyfish/13/ERR1713389.kmer.gz
[11 Dec 2019 23:47:17-PUf][BuildGraph] Read 5,000,000 entries (reads / read pairs)
[11 Dec 2019 23:47:20-PUf][seq] Loaded 6,783,206 reads and 0 reads pairs (file: metagenomics/kmer-counts-jellyfish/13/ERR1713389.kmer.gz)
[11 Dec 2019 23:47:20-PUf][hasht] buckets: 1,048,576 [2^20]; bucket size: 32; 
[11 Dec 2019 23:47:20-PUf][hasht] memory: 258MB; filled: 6,783,206 / 33,554,432 (20.22%)
[11 Dec 2019 23:47:20-PUf][hasht]  collisions  0: 6783206
[11 Dec 2019 23:47:20-PUf][task] input: metagenomics/kmer-counts-jellyfish/13/ERR1713389.kmer.gz colour: 0
[11 Dec 2019 23:47:20-PUf]  SE reads: 6,783,206  PE reads: 0
[11 Dec 2019 23:47:20-PUf]  good reads: 6,783,206  bad reads: 0
[11 Dec 2019 23:47:20-PUf]  dup SE reads: 0  dup PE pairs: 0
[11 Dec 2019 23:47:20-PUf]  bases read: 88,181,678  bases loaded: 88,181,678
[11 Dec 2019 23:47:20-PUf]  num contigs: 6,783,206  num kmers: 6,783,206 novel kmers: 6,783,206
[11 Dec 2019 23:47:20-PUf] Dumping graph...
[11 Dec 2019 23:47:20-PUf][graphwriter] Saving file to: metagenomics/bigsi/13/mccortex.ERR1713389.ctx
[11 Dec 2019 23:47:20-PUf][FileFilter] Writing graph  [1 src colour]
[11 Dec 2019 23:47:20-PUf][graphwriter] Dumped 6,783,206 kmers in 1 colour into: metagenomics/bigsi/13/mccortex.ERR1713389.ctx (ver: 6)
[11 Dec 2019 23:47:20-PUf][memory] We made 19 allocs
[11 Dec 2019 23:47:20-PUf] Done.
[11 Dec 2019 23:47:20-PUf][time] 11.00 seconds
	Command being timed: "mccortex 13 build --nkmers 33000000 --threads 1 --kmer 13 --mem 10G --sample ERR1713389 --seq metagenomics/kmer-counts-jellyfish/13/ERR1713389.kmer.gz metagenomics/bigsi/13/mccortex.ERR1713389.ctx"
	User time (seconds): 16.64
	System time (seconds): 2.97
	Percent of CPU this job got: 177%
	Elapsed (wall clock) time (h:mm:ss or m:ss): 0:11.02
	Average shared text size (kbytes): 0
	Average unshared data size (kbytes): 0
	Average stack size (kbytes): 0
	Average total size (kbytes): 0
	Maximum resident set size (kbytes): 404452
	Average resident set size (kbytes): 0
	Major (requiring I/O) page faults: 0
	Minor (reclaiming a frame) page faults: 442852
	Voluntary context switches: 212717
	Involuntary context switches: 14076
	Swaps: 0
	File system inputs: 59104
	File system outputs: 172240
	Socket messages sent: 0
	Socket messages received: 0
	Signals delivered: 0
	Page size (bytes): 4096
	Exit status: 0
