[11 Dec 2019 23:41:37-cAk][cmd] /home/CSCScience.ca/apetkau/miniconda3/envs/bigsi_mccortex/bin/mccortex31 build --nkmers 33000000 --threads 1 --kmer 13 --mem 10G --sample ERR1713342 --seq metagenomics/kmer-counts-jellyfish/13/ERR1713342.kmer.gz metagenomics/bigsi/13/mccortex.ERR1713342.ctx
[11 Dec 2019 23:41:37-cAk][cwd] /home/CSCScience.ca/apetkau/workspace/comp7934-project
[11 Dec 2019 23:41:37-cAk][version] mccortex=v0.0.3-610-g400c0e3 zlib=1.2.11 htslib=1.8-17-g699ed53 ASSERTS=ON hash=Lookup3 CHECKS=ON k=3..31
[11 Dec 2019 23:41:37-cAk] Saving graph to: metagenomics/bigsi/13/mccortex.ERR1713342.ctx
[11 Dec 2019 23:41:37-cAk][sample] 0: ERR1713342
[11 Dec 2019 23:41:37-cAk][task] metagenomics/kmer-counts-jellyfish/13/ERR1713342.kmer.gz; FASTQ offset: auto-detect, threshold: off; cut homopolymers: off; remove PCR duplicates: no; colour: 0
[11 Dec 2019 23:41:37-cAk][memory] 104 bits per kmer
[11 Dec 2019 23:41:37-cAk] Note: Using less memory than requested (418MB < 10GB); allows for 33,554,432 kmers
[11 Dec 2019 23:41:37-cAk][memory] graph: 418MB
[11 Dec 2019 23:41:37-cAk][memory] total: 418MB of 62.6GB RAM
[11 Dec 2019 23:41:37-cAk] Writing 1 colour graph to metagenomics/bigsi/13/mccortex.ERR1713342.ctx
[11 Dec 2019 23:41:37-cAk][hasht] Allocating table with 33,554,432 entries, using 258MB
[11 Dec 2019 23:41:37-cAk][hasht]  number of buckets: 1,048,576, bucket size: 32
[11 Dec 2019 23:41:37-cAk][graph] kmer-size: 13; colours: 1; capacity: 33,554,432
[11 Dec 2019 23:41:37-cAk][hasht] buckets: 1,048,576 [2^20]; bucket size: 32; 
[11 Dec 2019 23:41:37-cAk][hasht] memory: 258MB; filled: 0 / 33,554,432 (0.00%)
[11 Dec 2019 23:41:37-cAk][asyncio] Inputs: 1; Threads: 1
[11 Dec 2019 23:41:37-cAk][seq] Parsing sequence file metagenomics/kmer-counts-jellyfish/13/ERR1713342.kmer.gz
[11 Dec 2019 23:41:44-cAk][BuildGraph] Read 5,000,000 entries (reads / read pairs)
[11 Dec 2019 23:41:46-cAk][seq] Loaded 6,656,571 reads and 0 reads pairs (file: metagenomics/kmer-counts-jellyfish/13/ERR1713342.kmer.gz)
[11 Dec 2019 23:41:46-cAk][hasht] buckets: 1,048,576 [2^20]; bucket size: 32; 
[11 Dec 2019 23:41:46-cAk][hasht] memory: 258MB; filled: 6,656,571 / 33,554,432 (19.84%)
[11 Dec 2019 23:41:46-cAk][hasht]  collisions  0: 6656571
[11 Dec 2019 23:41:46-cAk][task] input: metagenomics/kmer-counts-jellyfish/13/ERR1713342.kmer.gz colour: 0
[11 Dec 2019 23:41:46-cAk]  SE reads: 6,656,571  PE reads: 0
[11 Dec 2019 23:41:46-cAk]  good reads: 6,656,571  bad reads: 0
[11 Dec 2019 23:41:46-cAk]  dup SE reads: 0  dup PE pairs: 0
[11 Dec 2019 23:41:46-cAk]  bases read: 86,535,423  bases loaded: 86,535,423
[11 Dec 2019 23:41:46-cAk]  num contigs: 6,656,571  num kmers: 6,656,571 novel kmers: 6,656,571
[11 Dec 2019 23:41:46-cAk] Dumping graph...
[11 Dec 2019 23:41:46-cAk][graphwriter] Saving file to: metagenomics/bigsi/13/mccortex.ERR1713342.ctx
[11 Dec 2019 23:41:46-cAk][FileFilter] Writing graph  [1 src colour]
[11 Dec 2019 23:41:47-cAk][graphwriter] Dumped 6,656,571 kmers in 1 colour into: metagenomics/bigsi/13/mccortex.ERR1713342.ctx (ver: 6)
[11 Dec 2019 23:41:47-cAk][memory] We made 19 allocs
[11 Dec 2019 23:41:47-cAk] Done.
[11 Dec 2019 23:41:47-cAk][time] 10.00 seconds
	Command being timed: "mccortex 13 build --nkmers 33000000 --threads 1 --kmer 13 --mem 10G --sample ERR1713342 --seq metagenomics/kmer-counts-jellyfish/13/ERR1713342.kmer.gz metagenomics/bigsi/13/mccortex.ERR1713342.ctx"
	User time (seconds): 16.53
	System time (seconds): 2.81
	Percent of CPU this job got: 180%
	Elapsed (wall clock) time (h:mm:ss or m:ss): 0:10.69
	Average shared text size (kbytes): 0
	Average unshared data size (kbytes): 0
	Average stack size (kbytes): 0
	Average total size (kbytes): 0
	Maximum resident set size (kbytes): 404488
	Average resident set size (kbytes): 0
	Major (requiring I/O) page faults: 0
	Minor (reclaiming a frame) page faults: 498375
	Voluntary context switches: 248389
	Involuntary context switches: 191
	Swaps: 0
	File system inputs: 57936
	File system outputs: 169032
	Socket messages sent: 0
	Socket messages received: 0
	Signals delivered: 0
	Page size (bytes): 4096
	Exit status: 0
