[11 Dec 2019 23:48:58-sud][cmd] /home/CSCScience.ca/apetkau/miniconda3/envs/bigsi_mccortex/bin/mccortex31 build --nkmers 33000000 --threads 1 --kmer 13 --mem 10G --sample ERR1713400 --seq metagenomics/kmer-counts-jellyfish/13/ERR1713400.kmer.gz metagenomics/bigsi/13/mccortex.ERR1713400.ctx
[11 Dec 2019 23:48:58-sud][cwd] /home/CSCScience.ca/apetkau/workspace/comp7934-project
[11 Dec 2019 23:48:58-sud][version] mccortex=v0.0.3-610-g400c0e3 zlib=1.2.11 htslib=1.8-17-g699ed53 ASSERTS=ON hash=Lookup3 CHECKS=ON k=3..31
[11 Dec 2019 23:48:58-sud] Saving graph to: metagenomics/bigsi/13/mccortex.ERR1713400.ctx
[11 Dec 2019 23:48:58-sud][sample] 0: ERR1713400
[11 Dec 2019 23:48:58-sud][task] metagenomics/kmer-counts-jellyfish/13/ERR1713400.kmer.gz; FASTQ offset: auto-detect, threshold: off; cut homopolymers: off; remove PCR duplicates: no; colour: 0
[11 Dec 2019 23:48:58-sud][memory] 104 bits per kmer
[11 Dec 2019 23:48:58-sud] Note: Using less memory than requested (418MB < 10GB); allows for 33,554,432 kmers
[11 Dec 2019 23:48:58-sud][memory] graph: 418MB
[11 Dec 2019 23:48:58-sud][memory] total: 418MB of 62.6GB RAM
[11 Dec 2019 23:48:58-sud] Writing 1 colour graph to metagenomics/bigsi/13/mccortex.ERR1713400.ctx
[11 Dec 2019 23:48:58-sud][hasht] Allocating table with 33,554,432 entries, using 258MB
[11 Dec 2019 23:48:58-sud][hasht]  number of buckets: 1,048,576, bucket size: 32
[11 Dec 2019 23:48:58-sud][graph] kmer-size: 13; colours: 1; capacity: 33,554,432
[11 Dec 2019 23:48:58-sud][hasht] buckets: 1,048,576 [2^20]; bucket size: 32; 
[11 Dec 2019 23:48:58-sud][hasht] memory: 258MB; filled: 0 / 33,554,432 (0.00%)
[11 Dec 2019 23:48:58-sud][asyncio] Inputs: 1; Threads: 1
[11 Dec 2019 23:48:58-sud][seq] Parsing sequence file metagenomics/kmer-counts-jellyfish/13/ERR1713400.kmer.gz
[11 Dec 2019 23:49:04-sud][BuildGraph] Read 5,000,000 entries (reads / read pairs)
[11 Dec 2019 23:49:05-sud][seq] Loaded 6,621,236 reads and 0 reads pairs (file: metagenomics/kmer-counts-jellyfish/13/ERR1713400.kmer.gz)
[11 Dec 2019 23:49:05-sud][hasht] buckets: 1,048,576 [2^20]; bucket size: 32; 
[11 Dec 2019 23:49:05-sud][hasht] memory: 258MB; filled: 6,621,236 / 33,554,432 (19.73%)
[11 Dec 2019 23:49:05-sud][hasht]  collisions  0: 6621236
[11 Dec 2019 23:49:05-sud][task] input: metagenomics/kmer-counts-jellyfish/13/ERR1713400.kmer.gz colour: 0
[11 Dec 2019 23:49:05-sud]  SE reads: 6,621,236  PE reads: 0
[11 Dec 2019 23:49:05-sud]  good reads: 6,621,236  bad reads: 0
[11 Dec 2019 23:49:05-sud]  dup SE reads: 0  dup PE pairs: 0
[11 Dec 2019 23:49:05-sud]  bases read: 86,076,068  bases loaded: 86,076,068
[11 Dec 2019 23:49:05-sud]  num contigs: 6,621,236  num kmers: 6,621,236 novel kmers: 6,621,236
[11 Dec 2019 23:49:05-sud] Dumping graph...
[11 Dec 2019 23:49:05-sud][graphwriter] Saving file to: metagenomics/bigsi/13/mccortex.ERR1713400.ctx
[11 Dec 2019 23:49:05-sud][FileFilter] Writing graph  [1 src colour]
[11 Dec 2019 23:49:06-sud][graphwriter] Dumped 6,621,236 kmers in 1 colour into: metagenomics/bigsi/13/mccortex.ERR1713400.ctx (ver: 6)
[11 Dec 2019 23:49:06-sud][memory] We made 19 allocs
[11 Dec 2019 23:49:06-sud] Done.
[11 Dec 2019 23:49:06-sud][time] 8.00 seconds
	Command being timed: "mccortex 13 build --nkmers 33000000 --threads 1 --kmer 13 --mem 10G --sample ERR1713400 --seq metagenomics/kmer-counts-jellyfish/13/ERR1713400.kmer.gz metagenomics/bigsi/13/mccortex.ERR1713400.ctx"
	User time (seconds): 11.07
	System time (seconds): 2.89
	Percent of CPU this job got: 172%
	Elapsed (wall clock) time (h:mm:ss or m:ss): 0:08.10
	Average shared text size (kbytes): 0
	Average unshared data size (kbytes): 0
	Average stack size (kbytes): 0
	Average total size (kbytes): 0
	Maximum resident set size (kbytes): 404412
	Average resident set size (kbytes): 0
	Major (requiring I/O) page faults: 0
	Minor (reclaiming a frame) page faults: 643190
	Voluntary context switches: 326537
	Involuntary context switches: 10537
	Swaps: 0
	File system inputs: 57688
	File system outputs: 168128
	Socket messages sent: 0
	Socket messages received: 0
	Signals delivered: 0
	Page size (bytes): 4096
	Exit status: 0
