[11 Dec 2019 23:49:00-Cod][cmd] /home/CSCScience.ca/apetkau/miniconda3/envs/bigsi_mccortex/bin/mccortex31 build --nkmers 33000000 --threads 1 --kmer 13 --mem 10G --sample ERR1713402 --seq metagenomics/kmer-counts-jellyfish/13/ERR1713402.kmer.gz metagenomics/bigsi/13/mccortex.ERR1713402.ctx
[11 Dec 2019 23:49:00-Cod][cwd] /home/CSCScience.ca/apetkau/workspace/comp7934-project
[11 Dec 2019 23:49:00-Cod][version] mccortex=v0.0.3-610-g400c0e3 zlib=1.2.11 htslib=1.8-17-g699ed53 ASSERTS=ON hash=Lookup3 CHECKS=ON k=3..31
[11 Dec 2019 23:49:00-Cod] Saving graph to: metagenomics/bigsi/13/mccortex.ERR1713402.ctx
[11 Dec 2019 23:49:00-Cod][sample] 0: ERR1713402
[11 Dec 2019 23:49:00-Cod][task] metagenomics/kmer-counts-jellyfish/13/ERR1713402.kmer.gz; FASTQ offset: auto-detect, threshold: off; cut homopolymers: off; remove PCR duplicates: no; colour: 0
[11 Dec 2019 23:49:00-Cod][memory] 104 bits per kmer
[11 Dec 2019 23:49:00-Cod] Note: Using less memory than requested (418MB < 10GB); allows for 33,554,432 kmers
[11 Dec 2019 23:49:00-Cod][memory] graph: 418MB
[11 Dec 2019 23:49:00-Cod][memory] total: 418MB of 62.6GB RAM
[11 Dec 2019 23:49:00-Cod] Writing 1 colour graph to metagenomics/bigsi/13/mccortex.ERR1713402.ctx
[11 Dec 2019 23:49:00-Cod][hasht] Allocating table with 33,554,432 entries, using 258MB
[11 Dec 2019 23:49:00-Cod][hasht]  number of buckets: 1,048,576, bucket size: 32
[11 Dec 2019 23:49:00-Cod][graph] kmer-size: 13; colours: 1; capacity: 33,554,432
[11 Dec 2019 23:49:00-Cod][hasht] buckets: 1,048,576 [2^20]; bucket size: 32; 
[11 Dec 2019 23:49:00-Cod][hasht] memory: 258MB; filled: 0 / 33,554,432 (0.00%)
[11 Dec 2019 23:49:00-Cod][asyncio] Inputs: 1; Threads: 1
[11 Dec 2019 23:49:00-Cod][seq] Parsing sequence file metagenomics/kmer-counts-jellyfish/13/ERR1713402.kmer.gz
[11 Dec 2019 23:49:05-Cod][BuildGraph] Read 5,000,000 entries (reads / read pairs)
[11 Dec 2019 23:49:07-Cod][seq] Loaded 6,819,703 reads and 0 reads pairs (file: metagenomics/kmer-counts-jellyfish/13/ERR1713402.kmer.gz)
[11 Dec 2019 23:49:07-Cod][hasht] buckets: 1,048,576 [2^20]; bucket size: 32; 
[11 Dec 2019 23:49:07-Cod][hasht] memory: 258MB; filled: 6,819,703 / 33,554,432 (20.32%)
[11 Dec 2019 23:49:07-Cod][hasht]  collisions  0: 6819703
[11 Dec 2019 23:49:07-Cod][task] input: metagenomics/kmer-counts-jellyfish/13/ERR1713402.kmer.gz colour: 0
[11 Dec 2019 23:49:07-Cod]  SE reads: 6,819,703  PE reads: 0
[11 Dec 2019 23:49:07-Cod]  good reads: 6,819,703  bad reads: 0
[11 Dec 2019 23:49:07-Cod]  dup SE reads: 0  dup PE pairs: 0
[11 Dec 2019 23:49:07-Cod]  bases read: 88,656,139  bases loaded: 88,656,139
[11 Dec 2019 23:49:07-Cod]  num contigs: 6,819,703  num kmers: 6,819,703 novel kmers: 6,819,703
[11 Dec 2019 23:49:07-Cod] Dumping graph...
[11 Dec 2019 23:49:07-Cod][graphwriter] Saving file to: metagenomics/bigsi/13/mccortex.ERR1713402.ctx
[11 Dec 2019 23:49:07-Cod][FileFilter] Writing graph  [1 src colour]
[11 Dec 2019 23:49:07-Cod][graphwriter] Dumped 6,819,703 kmers in 1 colour into: metagenomics/bigsi/13/mccortex.ERR1713402.ctx (ver: 6)
[11 Dec 2019 23:49:07-Cod][memory] We made 19 allocs
[11 Dec 2019 23:49:07-Cod] Done.
[11 Dec 2019 23:49:07-Cod][time] 7.00 seconds
	Command being timed: "mccortex 13 build --nkmers 33000000 --threads 1 --kmer 13 --mem 10G --sample ERR1713402 --seq metagenomics/kmer-counts-jellyfish/13/ERR1713402.kmer.gz metagenomics/bigsi/13/mccortex.ERR1713402.ctx"
	User time (seconds): 10.58
	System time (seconds): 2.71
	Percent of CPU this job got: 172%
	Elapsed (wall clock) time (h:mm:ss or m:ss): 0:07.68
	Average shared text size (kbytes): 0
	Average unshared data size (kbytes): 0
	Average stack size (kbytes): 0
	Average total size (kbytes): 0
	Maximum resident set size (kbytes): 404596
	Average resident set size (kbytes): 0
	Major (requiring I/O) page faults: 0
	Minor (reclaiming a frame) page faults: 542917
	Voluntary context switches: 261901
	Involuntary context switches: 14019
	Swaps: 0
	File system inputs: 59424
	File system outputs: 173168
	Socket messages sent: 0
	Socket messages received: 0
	Signals delivered: 0
	Page size (bytes): 4096
	Exit status: 0
