[11 Dec 2019 23:39:50-CED][cmd] /home/CSCScience.ca/apetkau/miniconda3/envs/bigsi_mccortex/bin/mccortex31 build --nkmers 33000000 --threads 1 --kmer 13 --mem 10G --sample ERR1713333 --seq metagenomics/kmer-counts-jellyfish/13/ERR1713333.kmer.gz metagenomics/bigsi/13/mccortex.ERR1713333.ctx
[11 Dec 2019 23:39:50-CED][cwd] /home/CSCScience.ca/apetkau/workspace/comp7934-project
[11 Dec 2019 23:39:50-CED][version] mccortex=v0.0.3-610-g400c0e3 zlib=1.2.11 htslib=1.8-17-g699ed53 ASSERTS=ON hash=Lookup3 CHECKS=ON k=3..31
[11 Dec 2019 23:39:50-CED] Saving graph to: metagenomics/bigsi/13/mccortex.ERR1713333.ctx
[11 Dec 2019 23:39:50-CED][sample] 0: ERR1713333
[11 Dec 2019 23:39:50-CED][task] metagenomics/kmer-counts-jellyfish/13/ERR1713333.kmer.gz; FASTQ offset: auto-detect, threshold: off; cut homopolymers: off; remove PCR duplicates: no; colour: 0
[11 Dec 2019 23:39:50-CED][memory] 104 bits per kmer
[11 Dec 2019 23:39:50-CED] Note: Using less memory than requested (418MB < 10GB); allows for 33,554,432 kmers
[11 Dec 2019 23:39:50-CED][memory] graph: 418MB
[11 Dec 2019 23:39:50-CED][memory] total: 418MB of 62.6GB RAM
[11 Dec 2019 23:39:50-CED] Writing 1 colour graph to metagenomics/bigsi/13/mccortex.ERR1713333.ctx
[11 Dec 2019 23:39:50-CED][hasht] Allocating table with 33,554,432 entries, using 258MB
[11 Dec 2019 23:39:50-CED][hasht]  number of buckets: 1,048,576, bucket size: 32
[11 Dec 2019 23:39:50-CED][graph] kmer-size: 13; colours: 1; capacity: 33,554,432
[11 Dec 2019 23:39:50-CED][hasht] buckets: 1,048,576 [2^20]; bucket size: 32; 
[11 Dec 2019 23:39:50-CED][hasht] memory: 258MB; filled: 0 / 33,554,432 (0.00%)
[11 Dec 2019 23:39:50-CED][asyncio] Inputs: 1; Threads: 1
[11 Dec 2019 23:39:50-CED][seq] Parsing sequence file metagenomics/kmer-counts-jellyfish/13/ERR1713333.kmer.gz
[11 Dec 2019 23:39:59-CED][BuildGraph] Read 5,000,000 entries (reads / read pairs)
[11 Dec 2019 23:40:01-CED][seq] Loaded 6,648,892 reads and 0 reads pairs (file: metagenomics/kmer-counts-jellyfish/13/ERR1713333.kmer.gz)
[11 Dec 2019 23:40:01-CED][hasht] buckets: 1,048,576 [2^20]; bucket size: 32; 
[11 Dec 2019 23:40:01-CED][hasht] memory: 258MB; filled: 6,648,892 / 33,554,432 (19.82%)
[11 Dec 2019 23:40:01-CED][hasht]  collisions  0: 6648892
[11 Dec 2019 23:40:01-CED][task] input: metagenomics/kmer-counts-jellyfish/13/ERR1713333.kmer.gz colour: 0
[11 Dec 2019 23:40:01-CED]  SE reads: 6,648,892  PE reads: 0
[11 Dec 2019 23:40:01-CED]  good reads: 6,648,892  bad reads: 0
[11 Dec 2019 23:40:01-CED]  dup SE reads: 0  dup PE pairs: 0
[11 Dec 2019 23:40:01-CED]  bases read: 86,435,596  bases loaded: 86,435,596
[11 Dec 2019 23:40:01-CED]  num contigs: 6,648,892  num kmers: 6,648,892 novel kmers: 6,648,892
[11 Dec 2019 23:40:01-CED] Dumping graph...
[11 Dec 2019 23:40:01-CED][graphwriter] Saving file to: metagenomics/bigsi/13/mccortex.ERR1713333.ctx
[11 Dec 2019 23:40:01-CED][FileFilter] Writing graph  [1 src colour]
[11 Dec 2019 23:40:01-CED][graphwriter] Dumped 6,648,892 kmers in 1 colour into: metagenomics/bigsi/13/mccortex.ERR1713333.ctx (ver: 6)
[11 Dec 2019 23:40:01-CED][memory] We made 19 allocs
[11 Dec 2019 23:40:01-CED] Done.
[11 Dec 2019 23:40:01-CED][time] 11.00 seconds
	Command being timed: "mccortex 13 build --nkmers 33000000 --threads 1 --kmer 13 --mem 10G --sample ERR1713333 --seq metagenomics/kmer-counts-jellyfish/13/ERR1713333.kmer.gz metagenomics/bigsi/13/mccortex.ERR1713333.ctx"
	User time (seconds): 15.98
	System time (seconds): 3.37
	Percent of CPU this job got: 173%
	Elapsed (wall clock) time (h:mm:ss or m:ss): 0:11.13
	Average shared text size (kbytes): 0
	Average unshared data size (kbytes): 0
	Average stack size (kbytes): 0
	Average total size (kbytes): 0
	Maximum resident set size (kbytes): 404472
	Average resident set size (kbytes): 0
	Major (requiring I/O) page faults: 0
	Minor (reclaiming a frame) page faults: 442861
	Voluntary context switches: 243983
	Involuntary context switches: 1325
	Swaps: 0
	File system inputs: 57952
	File system outputs: 168832
	Socket messages sent: 0
	Socket messages received: 0
	Signals delivered: 0
	Page size (bytes): 4096
	Exit status: 0
