[11 Dec 2019 23:39:50-YUS][cmd] /home/CSCScience.ca/apetkau/miniconda3/envs/bigsi_mccortex/bin/mccortex31 build --nkmers 33000000 --threads 1 --kmer 13 --mem 10G --sample ERR1713337 --seq metagenomics/kmer-counts-jellyfish/13/ERR1713337.kmer.gz metagenomics/bigsi/13/mccortex.ERR1713337.ctx
[11 Dec 2019 23:39:50-YUS][cwd] /home/CSCScience.ca/apetkau/workspace/comp7934-project
[11 Dec 2019 23:39:50-YUS][version] mccortex=v0.0.3-610-g400c0e3 zlib=1.2.11 htslib=1.8-17-g699ed53 ASSERTS=ON hash=Lookup3 CHECKS=ON k=3..31
[11 Dec 2019 23:39:50-YUS] Saving graph to: metagenomics/bigsi/13/mccortex.ERR1713337.ctx
[11 Dec 2019 23:39:50-YUS][sample] 0: ERR1713337
[11 Dec 2019 23:39:50-YUS][task] metagenomics/kmer-counts-jellyfish/13/ERR1713337.kmer.gz; FASTQ offset: auto-detect, threshold: off; cut homopolymers: off; remove PCR duplicates: no; colour: 0
[11 Dec 2019 23:39:50-YUS][memory] 104 bits per kmer
[11 Dec 2019 23:39:50-YUS] Note: Using less memory than requested (418MB < 10GB); allows for 33,554,432 kmers
[11 Dec 2019 23:39:50-YUS][memory] graph: 418MB
[11 Dec 2019 23:39:50-YUS][memory] total: 418MB of 62.6GB RAM
[11 Dec 2019 23:39:50-YUS] Writing 1 colour graph to metagenomics/bigsi/13/mccortex.ERR1713337.ctx
[11 Dec 2019 23:39:50-YUS][hasht] Allocating table with 33,554,432 entries, using 258MB
[11 Dec 2019 23:39:50-YUS][hasht]  number of buckets: 1,048,576, bucket size: 32
[11 Dec 2019 23:39:50-YUS][graph] kmer-size: 13; colours: 1; capacity: 33,554,432
[11 Dec 2019 23:39:50-YUS][hasht] buckets: 1,048,576 [2^20]; bucket size: 32; 
[11 Dec 2019 23:39:50-YUS][hasht] memory: 258MB; filled: 0 / 33,554,432 (0.00%)
[11 Dec 2019 23:39:50-YUS][asyncio] Inputs: 1; Threads: 1
[11 Dec 2019 23:39:50-YUS][seq] Parsing sequence file metagenomics/kmer-counts-jellyfish/13/ERR1713337.kmer.gz
[11 Dec 2019 23:39:56-YUS][BuildGraph] Read 5,000,000 entries (reads / read pairs)
[11 Dec 2019 23:39:57-YUS][seq] Loaded 6,924,445 reads and 0 reads pairs (file: metagenomics/kmer-counts-jellyfish/13/ERR1713337.kmer.gz)
[11 Dec 2019 23:39:57-YUS][hasht] buckets: 1,048,576 [2^20]; bucket size: 32; 
[11 Dec 2019 23:39:57-YUS][hasht] memory: 258MB; filled: 6,924,445 / 33,554,432 (20.64%)
[11 Dec 2019 23:39:57-YUS][hasht]  collisions  0: 6924445
[11 Dec 2019 23:39:57-YUS][task] input: metagenomics/kmer-counts-jellyfish/13/ERR1713337.kmer.gz colour: 0
[11 Dec 2019 23:39:57-YUS]  SE reads: 6,924,445  PE reads: 0
[11 Dec 2019 23:39:57-YUS]  good reads: 6,924,445  bad reads: 0
[11 Dec 2019 23:39:57-YUS]  dup SE reads: 0  dup PE pairs: 0
[11 Dec 2019 23:39:57-YUS]  bases read: 90,017,785  bases loaded: 90,017,785
[11 Dec 2019 23:39:57-YUS]  num contigs: 6,924,445  num kmers: 6,924,445 novel kmers: 6,924,445
[11 Dec 2019 23:39:57-YUS] Dumping graph...
[11 Dec 2019 23:39:57-YUS][graphwriter] Saving file to: metagenomics/bigsi/13/mccortex.ERR1713337.ctx
[11 Dec 2019 23:39:57-YUS][FileFilter] Writing graph  [1 src colour]
[11 Dec 2019 23:39:59-YUS][graphwriter] Dumped 6,924,445 kmers in 1 colour into: metagenomics/bigsi/13/mccortex.ERR1713337.ctx (ver: 6)
[11 Dec 2019 23:39:59-YUS][memory] We made 19 allocs
[11 Dec 2019 23:39:59-YUS] Done.
[11 Dec 2019 23:39:59-YUS][time] 9.00 seconds
	Command being timed: "mccortex 13 build --nkmers 33000000 --threads 1 --kmer 13 --mem 10G --sample ERR1713337 --seq metagenomics/kmer-counts-jellyfish/13/ERR1713337.kmer.gz metagenomics/bigsi/13/mccortex.ERR1713337.ctx"
	User time (seconds): 11.13
	System time (seconds): 3.04
	Percent of CPU this job got: 170%
	Elapsed (wall clock) time (h:mm:ss or m:ss): 0:08.29
	Average shared text size (kbytes): 0
	Average unshared data size (kbytes): 0
	Average stack size (kbytes): 0
	Average total size (kbytes): 0
	Maximum resident set size (kbytes): 404396
	Average resident set size (kbytes): 0
	Major (requiring I/O) page faults: 0
	Minor (reclaiming a frame) page faults: 543033
	Voluntary context switches: 285496
	Involuntary context switches: 598
	Swaps: 0
	File system inputs: 60352
	File system outputs: 175832
	Socket messages sent: 0
	Socket messages received: 0
	Signals delivered: 0
	Page size (bytes): 4096
	Exit status: 0
