[11 Dec 2019 23:48:57-nUH][cmd] /home/CSCScience.ca/apetkau/miniconda3/envs/bigsi_mccortex/bin/mccortex31 build --nkmers 33000000 --threads 1 --kmer 13 --mem 10G --sample ERR1713399 --seq metagenomics/kmer-counts-jellyfish/13/ERR1713399.kmer.gz metagenomics/bigsi/13/mccortex.ERR1713399.ctx
[11 Dec 2019 23:48:57-nUH][cwd] /home/CSCScience.ca/apetkau/workspace/comp7934-project
[11 Dec 2019 23:48:57-nUH][version] mccortex=v0.0.3-610-g400c0e3 zlib=1.2.11 htslib=1.8-17-g699ed53 ASSERTS=ON hash=Lookup3 CHECKS=ON k=3..31
[11 Dec 2019 23:48:57-nUH] Saving graph to: metagenomics/bigsi/13/mccortex.ERR1713399.ctx
[11 Dec 2019 23:48:57-nUH][sample] 0: ERR1713399
[11 Dec 2019 23:48:57-nUH][task] metagenomics/kmer-counts-jellyfish/13/ERR1713399.kmer.gz; FASTQ offset: auto-detect, threshold: off; cut homopolymers: off; remove PCR duplicates: no; colour: 0
[11 Dec 2019 23:48:57-nUH][memory] 104 bits per kmer
[11 Dec 2019 23:48:57-nUH] Note: Using less memory than requested (418MB < 10GB); allows for 33,554,432 kmers
[11 Dec 2019 23:48:57-nUH][memory] graph: 418MB
[11 Dec 2019 23:48:57-nUH][memory] total: 418MB of 62.6GB RAM
[11 Dec 2019 23:48:57-nUH] Writing 1 colour graph to metagenomics/bigsi/13/mccortex.ERR1713399.ctx
[11 Dec 2019 23:48:57-nUH][hasht] Allocating table with 33,554,432 entries, using 258MB
[11 Dec 2019 23:48:57-nUH][hasht]  number of buckets: 1,048,576, bucket size: 32
[11 Dec 2019 23:48:57-nUH][graph] kmer-size: 13; colours: 1; capacity: 33,554,432
[11 Dec 2019 23:48:57-nUH][hasht] buckets: 1,048,576 [2^20]; bucket size: 32; 
[11 Dec 2019 23:48:57-nUH][hasht] memory: 258MB; filled: 0 / 33,554,432 (0.00%)
[11 Dec 2019 23:48:57-nUH][asyncio] Inputs: 1; Threads: 1
[11 Dec 2019 23:48:57-nUH][seq] Parsing sequence file metagenomics/kmer-counts-jellyfish/13/ERR1713399.kmer.gz
[11 Dec 2019 23:49:02-nUH][BuildGraph] Read 5,000,000 entries (reads / read pairs)
[11 Dec 2019 23:49:04-nUH][seq] Loaded 6,820,776 reads and 0 reads pairs (file: metagenomics/kmer-counts-jellyfish/13/ERR1713399.kmer.gz)
[11 Dec 2019 23:49:04-nUH][hasht] buckets: 1,048,576 [2^20]; bucket size: 32; 
[11 Dec 2019 23:49:04-nUH][hasht] memory: 258MB; filled: 6,820,776 / 33,554,432 (20.33%)
[11 Dec 2019 23:49:04-nUH][hasht]  collisions  0: 6820776
[11 Dec 2019 23:49:04-nUH][task] input: metagenomics/kmer-counts-jellyfish/13/ERR1713399.kmer.gz colour: 0
[11 Dec 2019 23:49:04-nUH]  SE reads: 6,820,776  PE reads: 0
[11 Dec 2019 23:49:04-nUH]  good reads: 6,820,776  bad reads: 0
[11 Dec 2019 23:49:04-nUH]  dup SE reads: 0  dup PE pairs: 0
[11 Dec 2019 23:49:04-nUH]  bases read: 88,670,088  bases loaded: 88,670,088
[11 Dec 2019 23:49:04-nUH]  num contigs: 6,820,776  num kmers: 6,820,776 novel kmers: 6,820,776
[11 Dec 2019 23:49:04-nUH] Dumping graph...
[11 Dec 2019 23:49:04-nUH][graphwriter] Saving file to: metagenomics/bigsi/13/mccortex.ERR1713399.ctx
[11 Dec 2019 23:49:04-nUH][FileFilter] Writing graph  [1 src colour]
[11 Dec 2019 23:49:04-nUH][graphwriter] Dumped 6,820,776 kmers in 1 colour into: metagenomics/bigsi/13/mccortex.ERR1713399.ctx (ver: 6)
[11 Dec 2019 23:49:04-nUH][memory] We made 19 allocs
[11 Dec 2019 23:49:04-nUH] Done.
[11 Dec 2019 23:49:04-nUH][time] 7.00 seconds
	Command being timed: "mccortex 13 build --nkmers 33000000 --threads 1 --kmer 13 --mem 10G --sample ERR1713399 --seq metagenomics/kmer-counts-jellyfish/13/ERR1713399.kmer.gz metagenomics/bigsi/13/mccortex.ERR1713399.ctx"
	User time (seconds): 9.81
	System time (seconds): 2.49
	Percent of CPU this job got: 174%
	Elapsed (wall clock) time (h:mm:ss or m:ss): 0:07.07
	Average shared text size (kbytes): 0
	Average unshared data size (kbytes): 0
	Average stack size (kbytes): 0
	Average total size (kbytes): 0
	Maximum resident set size (kbytes): 404528
	Average resident set size (kbytes): 0
	Major (requiring I/O) page faults: 0
	Minor (reclaiming a frame) page faults: 498178
	Voluntary context switches: 242644
	Involuntary context switches: 5011
	Swaps: 0
	File system inputs: 59416
	File system outputs: 173192
	Socket messages sent: 0
	Socket messages received: 0
	Signals delivered: 0
	Page size (bytes): 4096
	Exit status: 0
