[11 Dec 2019 23:45:27-yUz][cmd] /home/CSCScience.ca/apetkau/miniconda3/envs/bigsi_mccortex/bin/mccortex31 build --nkmers 33000000 --threads 1 --kmer 13 --mem 10G --sample ERR1713376 --seq metagenomics/kmer-counts-jellyfish/13/ERR1713376.kmer.gz metagenomics/bigsi/13/mccortex.ERR1713376.ctx
[11 Dec 2019 23:45:27-yUz][cwd] /home/CSCScience.ca/apetkau/workspace/comp7934-project
[11 Dec 2019 23:45:27-yUz][version] mccortex=v0.0.3-610-g400c0e3 zlib=1.2.11 htslib=1.8-17-g699ed53 ASSERTS=ON hash=Lookup3 CHECKS=ON k=3..31
[11 Dec 2019 23:45:27-yUz] Saving graph to: metagenomics/bigsi/13/mccortex.ERR1713376.ctx
[11 Dec 2019 23:45:27-yUz][sample] 0: ERR1713376
[11 Dec 2019 23:45:27-yUz][task] metagenomics/kmer-counts-jellyfish/13/ERR1713376.kmer.gz; FASTQ offset: auto-detect, threshold: off; cut homopolymers: off; remove PCR duplicates: no; colour: 0
[11 Dec 2019 23:45:27-yUz][memory] 104 bits per kmer
[11 Dec 2019 23:45:27-yUz] Note: Using less memory than requested (418MB < 10GB); allows for 33,554,432 kmers
[11 Dec 2019 23:45:27-yUz][memory] graph: 418MB
[11 Dec 2019 23:45:27-yUz][memory] total: 418MB of 62.6GB RAM
[11 Dec 2019 23:45:27-yUz] Writing 1 colour graph to metagenomics/bigsi/13/mccortex.ERR1713376.ctx
[11 Dec 2019 23:45:27-yUz][hasht] Allocating table with 33,554,432 entries, using 258MB
[11 Dec 2019 23:45:27-yUz][hasht]  number of buckets: 1,048,576, bucket size: 32
[11 Dec 2019 23:45:27-yUz][graph] kmer-size: 13; colours: 1; capacity: 33,554,432
[11 Dec 2019 23:45:27-yUz][hasht] buckets: 1,048,576 [2^20]; bucket size: 32; 
[11 Dec 2019 23:45:27-yUz][hasht] memory: 258MB; filled: 0 / 33,554,432 (0.00%)
[11 Dec 2019 23:45:27-yUz][asyncio] Inputs: 1; Threads: 1
[11 Dec 2019 23:45:27-yUz][seq] Parsing sequence file metagenomics/kmer-counts-jellyfish/13/ERR1713376.kmer.gz
[11 Dec 2019 23:45:33-yUz][BuildGraph] Read 5,000,000 entries (reads / read pairs)
[11 Dec 2019 23:45:34-yUz][seq] Loaded 6,724,106 reads and 0 reads pairs (file: metagenomics/kmer-counts-jellyfish/13/ERR1713376.kmer.gz)
[11 Dec 2019 23:45:34-yUz][hasht] buckets: 1,048,576 [2^20]; bucket size: 32; 
[11 Dec 2019 23:45:34-yUz][hasht] memory: 258MB; filled: 6,724,106 / 33,554,432 (20.04%)
[11 Dec 2019 23:45:34-yUz][hasht]  collisions  0: 6724106
[11 Dec 2019 23:45:34-yUz][task] input: metagenomics/kmer-counts-jellyfish/13/ERR1713376.kmer.gz colour: 0
[11 Dec 2019 23:45:34-yUz]  SE reads: 6,724,106  PE reads: 0
[11 Dec 2019 23:45:34-yUz]  good reads: 6,724,106  bad reads: 0
[11 Dec 2019 23:45:34-yUz]  dup SE reads: 0  dup PE pairs: 0
[11 Dec 2019 23:45:34-yUz]  bases read: 87,413,378  bases loaded: 87,413,378
[11 Dec 2019 23:45:34-yUz]  num contigs: 6,724,106  num kmers: 6,724,106 novel kmers: 6,724,106
[11 Dec 2019 23:45:34-yUz] Dumping graph...
[11 Dec 2019 23:45:34-yUz][graphwriter] Saving file to: metagenomics/bigsi/13/mccortex.ERR1713376.ctx
[11 Dec 2019 23:45:34-yUz][FileFilter] Writing graph  [1 src colour]
[11 Dec 2019 23:45:35-yUz][graphwriter] Dumped 6,724,106 kmers in 1 colour into: metagenomics/bigsi/13/mccortex.ERR1713376.ctx (ver: 6)
[11 Dec 2019 23:45:35-yUz][memory] We made 19 allocs
[11 Dec 2019 23:45:35-yUz] Done.
[11 Dec 2019 23:45:35-yUz][time] 8.00 seconds
	Command being timed: "mccortex 13 build --nkmers 33000000 --threads 1 --kmer 13 --mem 10G --sample ERR1713376 --seq metagenomics/kmer-counts-jellyfish/13/ERR1713376.kmer.gz metagenomics/bigsi/13/mccortex.ERR1713376.ctx"
	User time (seconds): 11.21
	System time (seconds): 2.67
	Percent of CPU this job got: 174%
	Elapsed (wall clock) time (h:mm:ss or m:ss): 0:07.94
	Average shared text size (kbytes): 0
	Average unshared data size (kbytes): 0
	Average stack size (kbytes): 0
	Average total size (kbytes): 0
	Maximum resident set size (kbytes): 404376
	Average resident set size (kbytes): 0
	Major (requiring I/O) page faults: 0
	Minor (reclaiming a frame) page faults: 543055
	Voluntary context switches: 282072
	Involuntary context switches: 1649
	Swaps: 0
	File system inputs: 58600
	File system outputs: 170744
	Socket messages sent: 0
	Socket messages received: 0
	Signals delivered: 0
	Page size (bytes): 4096
	Exit status: 0
