[11 Dec 2019 23:45:14-Qob][cmd] /home/CSCScience.ca/apetkau/miniconda3/envs/bigsi_mccortex/bin/mccortex31 build --nkmers 33000000 --threads 1 --kmer 13 --mem 10G --sample ERR1713372 --seq metagenomics/kmer-counts-jellyfish/13/ERR1713372.kmer.gz metagenomics/bigsi/13/mccortex.ERR1713372.ctx
[11 Dec 2019 23:45:14-Qob][cwd] /home/CSCScience.ca/apetkau/workspace/comp7934-project
[11 Dec 2019 23:45:14-Qob][version] mccortex=v0.0.3-610-g400c0e3 zlib=1.2.11 htslib=1.8-17-g699ed53 ASSERTS=ON hash=Lookup3 CHECKS=ON k=3..31
[11 Dec 2019 23:45:14-Qob] Saving graph to: metagenomics/bigsi/13/mccortex.ERR1713372.ctx
[11 Dec 2019 23:45:14-Qob][sample] 0: ERR1713372
[11 Dec 2019 23:45:14-Qob][task] metagenomics/kmer-counts-jellyfish/13/ERR1713372.kmer.gz; FASTQ offset: auto-detect, threshold: off; cut homopolymers: off; remove PCR duplicates: no; colour: 0
[11 Dec 2019 23:45:14-Qob][memory] 104 bits per kmer
[11 Dec 2019 23:45:14-Qob] Note: Using less memory than requested (418MB < 10GB); allows for 33,554,432 kmers
[11 Dec 2019 23:45:14-Qob][memory] graph: 418MB
[11 Dec 2019 23:45:14-Qob][memory] total: 418MB of 62.6GB RAM
[11 Dec 2019 23:45:14-Qob] Writing 1 colour graph to metagenomics/bigsi/13/mccortex.ERR1713372.ctx
[11 Dec 2019 23:45:14-Qob][hasht] Allocating table with 33,554,432 entries, using 258MB
[11 Dec 2019 23:45:14-Qob][hasht]  number of buckets: 1,048,576, bucket size: 32
[11 Dec 2019 23:45:14-Qob][graph] kmer-size: 13; colours: 1; capacity: 33,554,432
[11 Dec 2019 23:45:14-Qob][hasht] buckets: 1,048,576 [2^20]; bucket size: 32; 
[11 Dec 2019 23:45:14-Qob][hasht] memory: 258MB; filled: 0 / 33,554,432 (0.00%)
[11 Dec 2019 23:45:14-Qob][asyncio] Inputs: 1; Threads: 1
[11 Dec 2019 23:45:14-Qob][seq] Parsing sequence file metagenomics/kmer-counts-jellyfish/13/ERR1713372.kmer.gz
[11 Dec 2019 23:45:19-Qob][BuildGraph] Read 5,000,000 entries (reads / read pairs)
[11 Dec 2019 23:45:21-Qob][seq] Loaded 6,577,554 reads and 0 reads pairs (file: metagenomics/kmer-counts-jellyfish/13/ERR1713372.kmer.gz)
[11 Dec 2019 23:45:21-Qob][hasht] buckets: 1,048,576 [2^20]; bucket size: 32; 
[11 Dec 2019 23:45:21-Qob][hasht] memory: 258MB; filled: 6,577,554 / 33,554,432 (19.60%)
[11 Dec 2019 23:45:21-Qob][hasht]  collisions  0: 6577554
[11 Dec 2019 23:45:21-Qob][task] input: metagenomics/kmer-counts-jellyfish/13/ERR1713372.kmer.gz colour: 0
[11 Dec 2019 23:45:21-Qob]  SE reads: 6,577,554  PE reads: 0
[11 Dec 2019 23:45:21-Qob]  good reads: 6,577,554  bad reads: 0
[11 Dec 2019 23:45:21-Qob]  dup SE reads: 0  dup PE pairs: 0
[11 Dec 2019 23:45:21-Qob]  bases read: 85,508,202  bases loaded: 85,508,202
[11 Dec 2019 23:45:21-Qob]  num contigs: 6,577,554  num kmers: 6,577,554 novel kmers: 6,577,554
[11 Dec 2019 23:45:21-Qob] Dumping graph...
[11 Dec 2019 23:45:21-Qob][graphwriter] Saving file to: metagenomics/bigsi/13/mccortex.ERR1713372.ctx
[11 Dec 2019 23:45:21-Qob][FileFilter] Writing graph  [1 src colour]
[11 Dec 2019 23:45:21-Qob][graphwriter] Dumped 6,577,554 kmers in 1 colour into: metagenomics/bigsi/13/mccortex.ERR1713372.ctx (ver: 6)
[11 Dec 2019 23:45:21-Qob][memory] We made 19 allocs
[11 Dec 2019 23:45:21-Qob] Done.
[11 Dec 2019 23:45:21-Qob][time] 7.00 seconds
	Command being timed: "mccortex 13 build --nkmers 33000000 --threads 1 --kmer 13 --mem 10G --sample ERR1713372 --seq metagenomics/kmer-counts-jellyfish/13/ERR1713372.kmer.gz metagenomics/bigsi/13/mccortex.ERR1713372.ctx"
	User time (seconds): 9.46
	System time (seconds): 2.48
	Percent of CPU this job got: 173%
	Elapsed (wall clock) time (h:mm:ss or m:ss): 0:06.89
	Average shared text size (kbytes): 0
	Average unshared data size (kbytes): 0
	Average stack size (kbytes): 0
	Average total size (kbytes): 0
	Maximum resident set size (kbytes): 404548
	Average resident set size (kbytes): 0
	Major (requiring I/O) page faults: 0
	Minor (reclaiming a frame) page faults: 498305
	Voluntary context switches: 224930
	Involuntary context switches: 18
	Swaps: 0
	File system inputs: 57264
	File system outputs: 167032
	Socket messages sent: 0
	Socket messages received: 0
	Signals delivered: 0
	Page size (bytes): 4096
	Exit status: 0
