[11 Dec 2019 23:47:18-wus][cmd] /home/CSCScience.ca/apetkau/miniconda3/envs/bigsi_mccortex/bin/mccortex31 build --nkmers 33000000 --threads 1 --kmer 13 --mem 10G --sample ERR1713395 --seq metagenomics/kmer-counts-jellyfish/13/ERR1713395.kmer.gz metagenomics/bigsi/13/mccortex.ERR1713395.ctx
[11 Dec 2019 23:47:18-wus][cwd] /home/CSCScience.ca/apetkau/workspace/comp7934-project
[11 Dec 2019 23:47:18-wus][version] mccortex=v0.0.3-610-g400c0e3 zlib=1.2.11 htslib=1.8-17-g699ed53 ASSERTS=ON hash=Lookup3 CHECKS=ON k=3..31
[11 Dec 2019 23:47:18-wus] Saving graph to: metagenomics/bigsi/13/mccortex.ERR1713395.ctx
[11 Dec 2019 23:47:18-wus][sample] 0: ERR1713395
[11 Dec 2019 23:47:18-wus][task] metagenomics/kmer-counts-jellyfish/13/ERR1713395.kmer.gz; FASTQ offset: auto-detect, threshold: off; cut homopolymers: off; remove PCR duplicates: no; colour: 0
[11 Dec 2019 23:47:18-wus][memory] 104 bits per kmer
[11 Dec 2019 23:47:18-wus] Note: Using less memory than requested (418MB < 10GB); allows for 33,554,432 kmers
[11 Dec 2019 23:47:18-wus][memory] graph: 418MB
[11 Dec 2019 23:47:18-wus][memory] total: 418MB of 62.6GB RAM
[11 Dec 2019 23:47:18-wus] Writing 1 colour graph to metagenomics/bigsi/13/mccortex.ERR1713395.ctx
[11 Dec 2019 23:47:18-wus][hasht] Allocating table with 33,554,432 entries, using 258MB
[11 Dec 2019 23:47:18-wus][hasht]  number of buckets: 1,048,576, bucket size: 32
[11 Dec 2019 23:47:18-wus][graph] kmer-size: 13; colours: 1; capacity: 33,554,432
[11 Dec 2019 23:47:18-wus][hasht] buckets: 1,048,576 [2^20]; bucket size: 32; 
[11 Dec 2019 23:47:18-wus][hasht] memory: 258MB; filled: 0 / 33,554,432 (0.00%)
[11 Dec 2019 23:47:18-wus][asyncio] Inputs: 1; Threads: 1
[11 Dec 2019 23:47:18-wus][seq] Parsing sequence file metagenomics/kmer-counts-jellyfish/13/ERR1713395.kmer.gz
[11 Dec 2019 23:47:23-wus][BuildGraph] Read 5,000,000 entries (reads / read pairs)
[11 Dec 2019 23:47:25-wus][seq] Loaded 6,668,743 reads and 0 reads pairs (file: metagenomics/kmer-counts-jellyfish/13/ERR1713395.kmer.gz)
[11 Dec 2019 23:47:25-wus][hasht] buckets: 1,048,576 [2^20]; bucket size: 32; 
[11 Dec 2019 23:47:25-wus][hasht] memory: 258MB; filled: 6,668,743 / 33,554,432 (19.87%)
[11 Dec 2019 23:47:25-wus][hasht]  collisions  0: 6668743
[11 Dec 2019 23:47:25-wus][task] input: metagenomics/kmer-counts-jellyfish/13/ERR1713395.kmer.gz colour: 0
[11 Dec 2019 23:47:25-wus]  SE reads: 6,668,743  PE reads: 0
[11 Dec 2019 23:47:25-wus]  good reads: 6,668,743  bad reads: 0
[11 Dec 2019 23:47:25-wus]  dup SE reads: 0  dup PE pairs: 0
[11 Dec 2019 23:47:25-wus]  bases read: 86,693,659  bases loaded: 86,693,659
[11 Dec 2019 23:47:25-wus]  num contigs: 6,668,743  num kmers: 6,668,743 novel kmers: 6,668,743
[11 Dec 2019 23:47:25-wus] Dumping graph...
[11 Dec 2019 23:47:25-wus][graphwriter] Saving file to: metagenomics/bigsi/13/mccortex.ERR1713395.ctx
[11 Dec 2019 23:47:25-wus][FileFilter] Writing graph  [1 src colour]
[11 Dec 2019 23:47:26-wus][graphwriter] Dumped 6,668,743 kmers in 1 colour into: metagenomics/bigsi/13/mccortex.ERR1713395.ctx (ver: 6)
[11 Dec 2019 23:47:26-wus][memory] We made 19 allocs
[11 Dec 2019 23:47:26-wus] Done.
[11 Dec 2019 23:47:26-wus][time] 8.00 seconds
	Command being timed: "mccortex 13 build --nkmers 33000000 --threads 1 --kmer 13 --mem 10G --sample ERR1713395 --seq metagenomics/kmer-counts-jellyfish/13/ERR1713395.kmer.gz metagenomics/bigsi/13/mccortex.ERR1713395.ctx"
	User time (seconds): 10.29
	System time (seconds): 2.71
	Percent of CPU this job got: 175%
	Elapsed (wall clock) time (h:mm:ss or m:ss): 0:07.42
	Average shared text size (kbytes): 0
	Average unshared data size (kbytes): 0
	Average stack size (kbytes): 0
	Average total size (kbytes): 0
	Maximum resident set size (kbytes): 404504
	Average resident set size (kbytes): 0
	Major (requiring I/O) page faults: 0
	Minor (reclaiming a frame) page faults: 498602
	Voluntary context switches: 249457
	Involuntary context switches: 7402
	Swaps: 0
	File system inputs: 58080
	File system outputs: 169336
	Socket messages sent: 0
	Socket messages received: 0
	Signals delivered: 0
	Page size (bytes): 4096
	Exit status: 0
