[11 Dec 2019 23:39:50-faD][cmd] /home/CSCScience.ca/apetkau/miniconda3/envs/bigsi_mccortex/bin/mccortex31 build --nkmers 33000000 --threads 1 --kmer 13 --mem 10G --sample ERR1713339 --seq metagenomics/kmer-counts-jellyfish/13/ERR1713339.kmer.gz metagenomics/bigsi/13/mccortex.ERR1713339.ctx
[11 Dec 2019 23:39:50-faD][cwd] /home/CSCScience.ca/apetkau/workspace/comp7934-project
[11 Dec 2019 23:39:50-faD][version] mccortex=v0.0.3-610-g400c0e3 zlib=1.2.11 htslib=1.8-17-g699ed53 ASSERTS=ON hash=Lookup3 CHECKS=ON k=3..31
[11 Dec 2019 23:39:50-faD] Saving graph to: metagenomics/bigsi/13/mccortex.ERR1713339.ctx
[11 Dec 2019 23:39:50-faD][sample] 0: ERR1713339
[11 Dec 2019 23:39:50-faD][task] metagenomics/kmer-counts-jellyfish/13/ERR1713339.kmer.gz; FASTQ offset: auto-detect, threshold: off; cut homopolymers: off; remove PCR duplicates: no; colour: 0
[11 Dec 2019 23:39:50-faD][memory] 104 bits per kmer
[11 Dec 2019 23:39:50-faD] Note: Using less memory than requested (418MB < 10GB); allows for 33,554,432 kmers
[11 Dec 2019 23:39:50-faD][memory] graph: 418MB
[11 Dec 2019 23:39:50-faD][memory] total: 418MB of 62.6GB RAM
[11 Dec 2019 23:39:50-faD] Writing 1 colour graph to metagenomics/bigsi/13/mccortex.ERR1713339.ctx
[11 Dec 2019 23:39:50-faD][hasht] Allocating table with 33,554,432 entries, using 258MB
[11 Dec 2019 23:39:50-faD][hasht]  number of buckets: 1,048,576, bucket size: 32
[11 Dec 2019 23:39:50-faD][graph] kmer-size: 13; colours: 1; capacity: 33,554,432
[11 Dec 2019 23:39:50-faD][hasht] buckets: 1,048,576 [2^20]; bucket size: 32; 
[11 Dec 2019 23:39:50-faD][hasht] memory: 258MB; filled: 0 / 33,554,432 (0.00%)
[11 Dec 2019 23:39:50-faD][asyncio] Inputs: 1; Threads: 1
[11 Dec 2019 23:39:50-faD][seq] Parsing sequence file metagenomics/kmer-counts-jellyfish/13/ERR1713339.kmer.gz
[11 Dec 2019 23:39:56-faD][BuildGraph] Read 5,000,000 entries (reads / read pairs)
[11 Dec 2019 23:39:57-faD][seq] Loaded 6,653,574 reads and 0 reads pairs (file: metagenomics/kmer-counts-jellyfish/13/ERR1713339.kmer.gz)
[11 Dec 2019 23:39:57-faD][hasht] buckets: 1,048,576 [2^20]; bucket size: 32; 
[11 Dec 2019 23:39:57-faD][hasht] memory: 258MB; filled: 6,653,574 / 33,554,432 (19.83%)
[11 Dec 2019 23:39:57-faD][hasht]  collisions  0: 6653574
[11 Dec 2019 23:39:57-faD][task] input: metagenomics/kmer-counts-jellyfish/13/ERR1713339.kmer.gz colour: 0
[11 Dec 2019 23:39:57-faD]  SE reads: 6,653,574  PE reads: 0
[11 Dec 2019 23:39:57-faD]  good reads: 6,653,574  bad reads: 0
[11 Dec 2019 23:39:57-faD]  dup SE reads: 0  dup PE pairs: 0
[11 Dec 2019 23:39:57-faD]  bases read: 86,496,462  bases loaded: 86,496,462
[11 Dec 2019 23:39:57-faD]  num contigs: 6,653,574  num kmers: 6,653,574 novel kmers: 6,653,574
[11 Dec 2019 23:39:57-faD] Dumping graph...
[11 Dec 2019 23:39:57-faD][graphwriter] Saving file to: metagenomics/bigsi/13/mccortex.ERR1713339.ctx
[11 Dec 2019 23:39:57-faD][FileFilter] Writing graph  [1 src colour]
[11 Dec 2019 23:39:58-faD][graphwriter] Dumped 6,653,574 kmers in 1 colour into: metagenomics/bigsi/13/mccortex.ERR1713339.ctx (ver: 6)
[11 Dec 2019 23:39:58-faD][memory] We made 19 allocs
[11 Dec 2019 23:39:58-faD] Done.
[11 Dec 2019 23:39:58-faD][time] 8.00 seconds
	Command being timed: "mccortex 13 build --nkmers 33000000 --threads 1 --kmer 13 --mem 10G --sample ERR1713339 --seq metagenomics/kmer-counts-jellyfish/13/ERR1713339.kmer.gz metagenomics/bigsi/13/mccortex.ERR1713339.ctx"
	User time (seconds): 11.07
	System time (seconds): 2.86
	Percent of CPU this job got: 171%
	Elapsed (wall clock) time (h:mm:ss or m:ss): 0:08.11
	Average shared text size (kbytes): 0
	Average unshared data size (kbytes): 0
	Average stack size (kbytes): 0
	Average total size (kbytes): 0
	Maximum resident set size (kbytes): 404344
	Average resident set size (kbytes): 0
	Major (requiring I/O) page faults: 0
	Minor (reclaiming a frame) page faults: 543038
	Voluntary context switches: 279725
	Involuntary context switches: 26
	Swaps: 0
	File system inputs: 57976
	File system outputs: 168952
	Socket messages sent: 0
	Socket messages received: 0
	Signals delivered: 0
	Page size (bytes): 4096
	Exit status: 0
