[11 Dec 2019 23:43:34-jaj][cmd] /home/CSCScience.ca/apetkau/miniconda3/envs/bigsi_mccortex/bin/mccortex31 build --nkmers 33000000 --threads 1 --kmer 13 --mem 10G --sample ERR1713363 --seq metagenomics/kmer-counts-jellyfish/13/ERR1713363.kmer.gz metagenomics/bigsi/13/mccortex.ERR1713363.ctx
[11 Dec 2019 23:43:34-jaj][cwd] /home/CSCScience.ca/apetkau/workspace/comp7934-project
[11 Dec 2019 23:43:34-jaj][version] mccortex=v0.0.3-610-g400c0e3 zlib=1.2.11 htslib=1.8-17-g699ed53 ASSERTS=ON hash=Lookup3 CHECKS=ON k=3..31
[11 Dec 2019 23:43:34-jaj] Saving graph to: metagenomics/bigsi/13/mccortex.ERR1713363.ctx
[11 Dec 2019 23:43:34-jaj][sample] 0: ERR1713363
[11 Dec 2019 23:43:34-jaj][task] metagenomics/kmer-counts-jellyfish/13/ERR1713363.kmer.gz; FASTQ offset: auto-detect, threshold: off; cut homopolymers: off; remove PCR duplicates: no; colour: 0
[11 Dec 2019 23:43:34-jaj][memory] 104 bits per kmer
[11 Dec 2019 23:43:34-jaj] Note: Using less memory than requested (418MB < 10GB); allows for 33,554,432 kmers
[11 Dec 2019 23:43:34-jaj][memory] graph: 418MB
[11 Dec 2019 23:43:34-jaj][memory] total: 418MB of 62.6GB RAM
[11 Dec 2019 23:43:34-jaj] Writing 1 colour graph to metagenomics/bigsi/13/mccortex.ERR1713363.ctx
[11 Dec 2019 23:43:34-jaj][hasht] Allocating table with 33,554,432 entries, using 258MB
[11 Dec 2019 23:43:34-jaj][hasht]  number of buckets: 1,048,576, bucket size: 32
[11 Dec 2019 23:43:34-jaj][graph] kmer-size: 13; colours: 1; capacity: 33,554,432
[11 Dec 2019 23:43:34-jaj][hasht] buckets: 1,048,576 [2^20]; bucket size: 32; 
[11 Dec 2019 23:43:34-jaj][hasht] memory: 258MB; filled: 0 / 33,554,432 (0.00%)
[11 Dec 2019 23:43:34-jaj][asyncio] Inputs: 1; Threads: 1
[11 Dec 2019 23:43:34-jaj][seq] Parsing sequence file metagenomics/kmer-counts-jellyfish/13/ERR1713363.kmer.gz
[11 Dec 2019 23:43:43-jaj][BuildGraph] Read 5,000,000 entries (reads / read pairs)
[11 Dec 2019 23:43:44-jaj][seq] Loaded 6,712,592 reads and 0 reads pairs (file: metagenomics/kmer-counts-jellyfish/13/ERR1713363.kmer.gz)
[11 Dec 2019 23:43:44-jaj][hasht] buckets: 1,048,576 [2^20]; bucket size: 32; 
[11 Dec 2019 23:43:44-jaj][hasht] memory: 258MB; filled: 6,712,592 / 33,554,432 (20.01%)
[11 Dec 2019 23:43:44-jaj][hasht]  collisions  0: 6712592
[11 Dec 2019 23:43:44-jaj][task] input: metagenomics/kmer-counts-jellyfish/13/ERR1713363.kmer.gz colour: 0
[11 Dec 2019 23:43:44-jaj]  SE reads: 6,712,592  PE reads: 0
[11 Dec 2019 23:43:44-jaj]  good reads: 6,712,592  bad reads: 0
[11 Dec 2019 23:43:44-jaj]  dup SE reads: 0  dup PE pairs: 0
[11 Dec 2019 23:43:44-jaj]  bases read: 87,263,696  bases loaded: 87,263,696
[11 Dec 2019 23:43:44-jaj]  num contigs: 6,712,592  num kmers: 6,712,592 novel kmers: 6,712,592
[11 Dec 2019 23:43:44-jaj] Dumping graph...
[11 Dec 2019 23:43:44-jaj][graphwriter] Saving file to: metagenomics/bigsi/13/mccortex.ERR1713363.ctx
[11 Dec 2019 23:43:44-jaj][FileFilter] Writing graph  [1 src colour]
[11 Dec 2019 23:43:45-jaj][graphwriter] Dumped 6,712,592 kmers in 1 colour into: metagenomics/bigsi/13/mccortex.ERR1713363.ctx (ver: 6)
[11 Dec 2019 23:43:45-jaj][memory] We made 19 allocs
[11 Dec 2019 23:43:45-jaj] Done.
[11 Dec 2019 23:43:45-jaj][time] 11.00 seconds
	Command being timed: "mccortex 13 build --nkmers 33000000 --threads 1 --kmer 13 --mem 10G --sample ERR1713363 --seq metagenomics/kmer-counts-jellyfish/13/ERR1713363.kmer.gz metagenomics/bigsi/13/mccortex.ERR1713363.ctx"
	User time (seconds): 16.24
	System time (seconds): 2.96
	Percent of CPU this job got: 174%
	Elapsed (wall clock) time (h:mm:ss or m:ss): 0:10.98
	Average shared text size (kbytes): 0
	Average unshared data size (kbytes): 0
	Average stack size (kbytes): 0
	Average total size (kbytes): 0
	Maximum resident set size (kbytes): 404348
	Average resident set size (kbytes): 0
	Major (requiring I/O) page faults: 0
	Minor (reclaiming a frame) page faults: 442857
	Voluntary context switches: 218283
	Involuntary context switches: 14757
	Swaps: 0
	File system inputs: 58488
	File system outputs: 170448
	Socket messages sent: 0
	Socket messages received: 0
	Signals delivered: 0
	Page size (bytes): 4096
	Exit status: 0
