[11 Dec 2019 23:39:50-XaB][cmd] /home/CSCScience.ca/apetkau/miniconda3/envs/bigsi_mccortex/bin/mccortex31 build --nkmers 33000000 --threads 1 --kmer 13 --mem 10G --sample ERR1713336 --seq metagenomics/kmer-counts-jellyfish/13/ERR1713336.kmer.gz metagenomics/bigsi/13/mccortex.ERR1713336.ctx
[11 Dec 2019 23:39:50-XaB][cwd] /home/CSCScience.ca/apetkau/workspace/comp7934-project
[11 Dec 2019 23:39:50-XaB][version] mccortex=v0.0.3-610-g400c0e3 zlib=1.2.11 htslib=1.8-17-g699ed53 ASSERTS=ON hash=Lookup3 CHECKS=ON k=3..31
[11 Dec 2019 23:39:50-XaB] Saving graph to: metagenomics/bigsi/13/mccortex.ERR1713336.ctx
[11 Dec 2019 23:39:50-XaB][sample] 0: ERR1713336
[11 Dec 2019 23:39:50-XaB][task] metagenomics/kmer-counts-jellyfish/13/ERR1713336.kmer.gz; FASTQ offset: auto-detect, threshold: off; cut homopolymers: off; remove PCR duplicates: no; colour: 0
[11 Dec 2019 23:39:50-XaB][memory] 104 bits per kmer
[11 Dec 2019 23:39:50-XaB] Note: Using less memory than requested (418MB < 10GB); allows for 33,554,432 kmers
[11 Dec 2019 23:39:50-XaB][memory] graph: 418MB
[11 Dec 2019 23:39:50-XaB][memory] total: 418MB of 62.6GB RAM
[11 Dec 2019 23:39:50-XaB] Writing 1 colour graph to metagenomics/bigsi/13/mccortex.ERR1713336.ctx
[11 Dec 2019 23:39:50-XaB][hasht] Allocating table with 33,554,432 entries, using 258MB
[11 Dec 2019 23:39:50-XaB][hasht]  number of buckets: 1,048,576, bucket size: 32
[11 Dec 2019 23:39:50-XaB][graph] kmer-size: 13; colours: 1; capacity: 33,554,432
[11 Dec 2019 23:39:50-XaB][hasht] buckets: 1,048,576 [2^20]; bucket size: 32; 
[11 Dec 2019 23:39:50-XaB][hasht] memory: 258MB; filled: 0 / 33,554,432 (0.00%)
[11 Dec 2019 23:39:50-XaB][asyncio] Inputs: 1; Threads: 1
[11 Dec 2019 23:39:50-XaB][seq] Parsing sequence file metagenomics/kmer-counts-jellyfish/13/ERR1713336.kmer.gz
[11 Dec 2019 23:39:56-XaB][BuildGraph] Read 5,000,000 entries (reads / read pairs)
[11 Dec 2019 23:39:57-XaB][seq] Loaded 6,516,403 reads and 0 reads pairs (file: metagenomics/kmer-counts-jellyfish/13/ERR1713336.kmer.gz)
[11 Dec 2019 23:39:57-XaB][hasht] buckets: 1,048,576 [2^20]; bucket size: 32; 
[11 Dec 2019 23:39:57-XaB][hasht] memory: 258MB; filled: 6,516,403 / 33,554,432 (19.42%)
[11 Dec 2019 23:39:57-XaB][hasht]  collisions  0: 6516403
[11 Dec 2019 23:39:57-XaB][task] input: metagenomics/kmer-counts-jellyfish/13/ERR1713336.kmer.gz colour: 0
[11 Dec 2019 23:39:57-XaB]  SE reads: 6,516,403  PE reads: 0
[11 Dec 2019 23:39:57-XaB]  good reads: 6,516,403  bad reads: 0
[11 Dec 2019 23:39:57-XaB]  dup SE reads: 0  dup PE pairs: 0
[11 Dec 2019 23:39:57-XaB]  bases read: 84,713,239  bases loaded: 84,713,239
[11 Dec 2019 23:39:57-XaB]  num contigs: 6,516,403  num kmers: 6,516,403 novel kmers: 6,516,403
[11 Dec 2019 23:39:57-XaB] Dumping graph...
[11 Dec 2019 23:39:57-XaB][graphwriter] Saving file to: metagenomics/bigsi/13/mccortex.ERR1713336.ctx
[11 Dec 2019 23:39:57-XaB][FileFilter] Writing graph  [1 src colour]
[11 Dec 2019 23:39:58-XaB][graphwriter] Dumped 6,516,403 kmers in 1 colour into: metagenomics/bigsi/13/mccortex.ERR1713336.ctx (ver: 6)
[11 Dec 2019 23:39:58-XaB][memory] We made 19 allocs
[11 Dec 2019 23:39:58-XaB] Done.
[11 Dec 2019 23:39:58-XaB][time] 8.00 seconds
	Command being timed: "mccortex 13 build --nkmers 33000000 --threads 1 --kmer 13 --mem 10G --sample ERR1713336 --seq metagenomics/kmer-counts-jellyfish/13/ERR1713336.kmer.gz metagenomics/bigsi/13/mccortex.ERR1713336.ctx"
	User time (seconds): 10.62
	System time (seconds): 2.85
	Percent of CPU this job got: 175%
	Elapsed (wall clock) time (h:mm:ss or m:ss): 0:07.69
	Average shared text size (kbytes): 0
	Average unshared data size (kbytes): 0
	Average stack size (kbytes): 0
	Average total size (kbytes): 0
	Maximum resident set size (kbytes): 404348
	Average resident set size (kbytes): 0
	Major (requiring I/O) page faults: 0
	Minor (reclaiming a frame) page faults: 543038
	Voluntary context switches: 288697
	Involuntary context switches: 231
	Swaps: 0
	File system inputs: 56760
	File system outputs: 165464
	Socket messages sent: 0
	Socket messages received: 0
	Signals delivered: 0
	Page size (bytes): 4096
	Exit status: 0
