[11 Dec 2019 23:45:11-vES][cmd] /home/CSCScience.ca/apetkau/miniconda3/envs/bigsi_mccortex/bin/mccortex31 build --nkmers 33000000 --threads 1 --kmer 13 --mem 10G --sample ERR1713366 --seq metagenomics/kmer-counts-jellyfish/13/ERR1713366.kmer.gz metagenomics/bigsi/13/mccortex.ERR1713366.ctx
[11 Dec 2019 23:45:11-vES][cwd] /home/CSCScience.ca/apetkau/workspace/comp7934-project
[11 Dec 2019 23:45:11-vES][version] mccortex=v0.0.3-610-g400c0e3 zlib=1.2.11 htslib=1.8-17-g699ed53 ASSERTS=ON hash=Lookup3 CHECKS=ON k=3..31
[11 Dec 2019 23:45:11-vES] Saving graph to: metagenomics/bigsi/13/mccortex.ERR1713366.ctx
[11 Dec 2019 23:45:11-vES][sample] 0: ERR1713366
[11 Dec 2019 23:45:11-vES][task] metagenomics/kmer-counts-jellyfish/13/ERR1713366.kmer.gz; FASTQ offset: auto-detect, threshold: off; cut homopolymers: off; remove PCR duplicates: no; colour: 0
[11 Dec 2019 23:45:11-vES][memory] 104 bits per kmer
[11 Dec 2019 23:45:11-vES] Note: Using less memory than requested (418MB < 10GB); allows for 33,554,432 kmers
[11 Dec 2019 23:45:11-vES][memory] graph: 418MB
[11 Dec 2019 23:45:11-vES][memory] total: 418MB of 62.6GB RAM
[11 Dec 2019 23:45:11-vES] Writing 1 colour graph to metagenomics/bigsi/13/mccortex.ERR1713366.ctx
[11 Dec 2019 23:45:11-vES][hasht] Allocating table with 33,554,432 entries, using 258MB
[11 Dec 2019 23:45:11-vES][hasht]  number of buckets: 1,048,576, bucket size: 32
[11 Dec 2019 23:45:11-vES][graph] kmer-size: 13; colours: 1; capacity: 33,554,432
[11 Dec 2019 23:45:11-vES][hasht] buckets: 1,048,576 [2^20]; bucket size: 32; 
[11 Dec 2019 23:45:11-vES][hasht] memory: 258MB; filled: 0 / 33,554,432 (0.00%)
[11 Dec 2019 23:45:11-vES][asyncio] Inputs: 1; Threads: 1
[11 Dec 2019 23:45:11-vES][seq] Parsing sequence file metagenomics/kmer-counts-jellyfish/13/ERR1713366.kmer.gz
[11 Dec 2019 23:45:18-vES][BuildGraph] Read 5,000,000 entries (reads / read pairs)
[11 Dec 2019 23:45:19-vES][seq] Loaded 6,401,424 reads and 0 reads pairs (file: metagenomics/kmer-counts-jellyfish/13/ERR1713366.kmer.gz)
[11 Dec 2019 23:45:19-vES][hasht] buckets: 1,048,576 [2^20]; bucket size: 32; 
[11 Dec 2019 23:45:19-vES][hasht] memory: 258MB; filled: 6,401,424 / 33,554,432 (19.08%)
[11 Dec 2019 23:45:19-vES][hasht]  collisions  0: 6401424
[11 Dec 2019 23:45:19-vES][task] input: metagenomics/kmer-counts-jellyfish/13/ERR1713366.kmer.gz colour: 0
[11 Dec 2019 23:45:19-vES]  SE reads: 6,401,424  PE reads: 0
[11 Dec 2019 23:45:19-vES]  good reads: 6,401,424  bad reads: 0
[11 Dec 2019 23:45:19-vES]  dup SE reads: 0  dup PE pairs: 0
[11 Dec 2019 23:45:19-vES]  bases read: 83,218,512  bases loaded: 83,218,512
[11 Dec 2019 23:45:19-vES]  num contigs: 6,401,424  num kmers: 6,401,424 novel kmers: 6,401,424
[11 Dec 2019 23:45:19-vES] Dumping graph...
[11 Dec 2019 23:45:19-vES][graphwriter] Saving file to: metagenomics/bigsi/13/mccortex.ERR1713366.ctx
[11 Dec 2019 23:45:19-vES][FileFilter] Writing graph  [1 src colour]
[11 Dec 2019 23:45:20-vES][graphwriter] Dumped 6,401,424 kmers in 1 colour into: metagenomics/bigsi/13/mccortex.ERR1713366.ctx (ver: 6)
[11 Dec 2019 23:45:20-vES][memory] We made 19 allocs
[11 Dec 2019 23:45:20-vES] Done.
[11 Dec 2019 23:45:20-vES][time] 9.00 seconds
	Command being timed: "mccortex 13 build --nkmers 33000000 --threads 1 --kmer 13 --mem 10G --sample ERR1713366 --seq metagenomics/kmer-counts-jellyfish/13/ERR1713366.kmer.gz metagenomics/bigsi/13/mccortex.ERR1713366.ctx"
	User time (seconds): 13.82
	System time (seconds): 2.84
	Percent of CPU this job got: 178%
	Elapsed (wall clock) time (h:mm:ss or m:ss): 0:09.33
	Average shared text size (kbytes): 0
	Average unshared data size (kbytes): 0
	Average stack size (kbytes): 0
	Average total size (kbytes): 0
	Maximum resident set size (kbytes): 404344
	Average resident set size (kbytes): 0
	Major (requiring I/O) page faults: 0
	Minor (reclaiming a frame) page faults: 698560
	Voluntary context switches: 280566
	Involuntary context switches: 156
	Swaps: 0
	File system inputs: 55808
	File system outputs: 162560
	Socket messages sent: 0
	Socket messages received: 0
	Signals delivered: 0
	Page size (bytes): 4096
	Exit status: 0
