[11 Dec 2019 23:47:00-QEZ][cmd] /home/CSCScience.ca/apetkau/miniconda3/envs/bigsi_mccortex/bin/mccortex31 build --nkmers 33000000 --threads 1 --kmer 13 --mem 10G --sample ERR1713381 --seq metagenomics/kmer-counts-jellyfish/13/ERR1713381.kmer.gz metagenomics/bigsi/13/mccortex.ERR1713381.ctx
[11 Dec 2019 23:47:00-QEZ][cwd] /home/CSCScience.ca/apetkau/workspace/comp7934-project
[11 Dec 2019 23:47:00-QEZ][version] mccortex=v0.0.3-610-g400c0e3 zlib=1.2.11 htslib=1.8-17-g699ed53 ASSERTS=ON hash=Lookup3 CHECKS=ON k=3..31
[11 Dec 2019 23:47:00-QEZ] Saving graph to: metagenomics/bigsi/13/mccortex.ERR1713381.ctx
[11 Dec 2019 23:47:00-QEZ][sample] 0: ERR1713381
[11 Dec 2019 23:47:00-QEZ][task] metagenomics/kmer-counts-jellyfish/13/ERR1713381.kmer.gz; FASTQ offset: auto-detect, threshold: off; cut homopolymers: off; remove PCR duplicates: no; colour: 0
[11 Dec 2019 23:47:00-QEZ][memory] 104 bits per kmer
[11 Dec 2019 23:47:00-QEZ] Note: Using less memory than requested (418MB < 10GB); allows for 33,554,432 kmers
[11 Dec 2019 23:47:00-QEZ][memory] graph: 418MB
[11 Dec 2019 23:47:00-QEZ][memory] total: 418MB of 62.6GB RAM
[11 Dec 2019 23:47:00-QEZ] Writing 1 colour graph to metagenomics/bigsi/13/mccortex.ERR1713381.ctx
[11 Dec 2019 23:47:00-QEZ][hasht] Allocating table with 33,554,432 entries, using 258MB
[11 Dec 2019 23:47:00-QEZ][hasht]  number of buckets: 1,048,576, bucket size: 32
[11 Dec 2019 23:47:00-QEZ][graph] kmer-size: 13; colours: 1; capacity: 33,554,432
[11 Dec 2019 23:47:00-QEZ][hasht] buckets: 1,048,576 [2^20]; bucket size: 32; 
[11 Dec 2019 23:47:00-QEZ][hasht] memory: 258MB; filled: 0 / 33,554,432 (0.00%)
[11 Dec 2019 23:47:00-QEZ][asyncio] Inputs: 1; Threads: 1
[11 Dec 2019 23:47:00-QEZ][seq] Parsing sequence file metagenomics/kmer-counts-jellyfish/13/ERR1713381.kmer.gz
[11 Dec 2019 23:47:08-QEZ][BuildGraph] Read 5,000,000 entries (reads / read pairs)
[11 Dec 2019 23:47:10-QEZ][seq] Loaded 6,976,598 reads and 0 reads pairs (file: metagenomics/kmer-counts-jellyfish/13/ERR1713381.kmer.gz)
[11 Dec 2019 23:47:10-QEZ][hasht] buckets: 1,048,576 [2^20]; bucket size: 32; 
[11 Dec 2019 23:47:10-QEZ][hasht] memory: 258MB; filled: 6,976,598 / 33,554,432 (20.79%)
[11 Dec 2019 23:47:10-QEZ][hasht]  collisions  0: 6976598
[11 Dec 2019 23:47:10-QEZ][task] input: metagenomics/kmer-counts-jellyfish/13/ERR1713381.kmer.gz colour: 0
[11 Dec 2019 23:47:10-QEZ]  SE reads: 6,976,598  PE reads: 0
[11 Dec 2019 23:47:10-QEZ]  good reads: 6,976,598  bad reads: 0
[11 Dec 2019 23:47:10-QEZ]  dup SE reads: 0  dup PE pairs: 0
[11 Dec 2019 23:47:10-QEZ]  bases read: 90,695,774  bases loaded: 90,695,774
[11 Dec 2019 23:47:10-QEZ]  num contigs: 6,976,598  num kmers: 6,976,598 novel kmers: 6,976,598
[11 Dec 2019 23:47:10-QEZ] Dumping graph...
[11 Dec 2019 23:47:10-QEZ][graphwriter] Saving file to: metagenomics/bigsi/13/mccortex.ERR1713381.ctx
[11 Dec 2019 23:47:10-QEZ][FileFilter] Writing graph  [1 src colour]
[11 Dec 2019 23:47:11-QEZ][graphwriter] Dumped 6,976,598 kmers in 1 colour into: metagenomics/bigsi/13/mccortex.ERR1713381.ctx (ver: 6)
[11 Dec 2019 23:47:11-QEZ][memory] We made 19 allocs
[11 Dec 2019 23:47:11-QEZ] Done.
[11 Dec 2019 23:47:11-QEZ][time] 11.00 seconds
	Command being timed: "mccortex 13 build --nkmers 33000000 --threads 1 --kmer 13 --mem 10G --sample ERR1713381 --seq metagenomics/kmer-counts-jellyfish/13/ERR1713381.kmer.gz metagenomics/bigsi/13/mccortex.ERR1713381.ctx"
	User time (seconds): 17.42
	System time (seconds): 2.71
	Percent of CPU this job got: 180%
	Elapsed (wall clock) time (h:mm:ss or m:ss): 0:11.14
	Average shared text size (kbytes): 0
	Average unshared data size (kbytes): 0
	Average stack size (kbytes): 0
	Average total size (kbytes): 0
	Maximum resident set size (kbytes): 404600
	Average resident set size (kbytes): 0
	Major (requiring I/O) page faults: 0
	Minor (reclaiming a frame) page faults: 643155
	Voluntary context switches: 225481
	Involuntary context switches: 322
	Swaps: 0
	File system inputs: 60832
	File system outputs: 177152
	Socket messages sent: 0
	Socket messages received: 0
	Signals delivered: 0
	Page size (bytes): 4096
	Exit status: 0
