[11 Dec 2019 23:43:25-sEg][cmd] /home/CSCScience.ca/apetkau/miniconda3/envs/bigsi_mccortex/bin/mccortex31 build --nkmers 33000000 --threads 1 --kmer 13 --mem 10G --sample ERR1713353 --seq metagenomics/kmer-counts-jellyfish/13/ERR1713353.kmer.gz metagenomics/bigsi/13/mccortex.ERR1713353.ctx
[11 Dec 2019 23:43:25-sEg][cwd] /home/CSCScience.ca/apetkau/workspace/comp7934-project
[11 Dec 2019 23:43:25-sEg][version] mccortex=v0.0.3-610-g400c0e3 zlib=1.2.11 htslib=1.8-17-g699ed53 ASSERTS=ON hash=Lookup3 CHECKS=ON k=3..31
[11 Dec 2019 23:43:25-sEg] Saving graph to: metagenomics/bigsi/13/mccortex.ERR1713353.ctx
[11 Dec 2019 23:43:25-sEg][sample] 0: ERR1713353
[11 Dec 2019 23:43:25-sEg][task] metagenomics/kmer-counts-jellyfish/13/ERR1713353.kmer.gz; FASTQ offset: auto-detect, threshold: off; cut homopolymers: off; remove PCR duplicates: no; colour: 0
[11 Dec 2019 23:43:25-sEg][memory] 104 bits per kmer
[11 Dec 2019 23:43:25-sEg] Note: Using less memory than requested (418MB < 10GB); allows for 33,554,432 kmers
[11 Dec 2019 23:43:25-sEg][memory] graph: 418MB
[11 Dec 2019 23:43:25-sEg][memory] total: 418MB of 62.6GB RAM
[11 Dec 2019 23:43:25-sEg] Writing 1 colour graph to metagenomics/bigsi/13/mccortex.ERR1713353.ctx
[11 Dec 2019 23:43:25-sEg][hasht] Allocating table with 33,554,432 entries, using 258MB
[11 Dec 2019 23:43:25-sEg][hasht]  number of buckets: 1,048,576, bucket size: 32
[11 Dec 2019 23:43:25-sEg][graph] kmer-size: 13; colours: 1; capacity: 33,554,432
[11 Dec 2019 23:43:25-sEg][hasht] buckets: 1,048,576 [2^20]; bucket size: 32; 
[11 Dec 2019 23:43:25-sEg][hasht] memory: 258MB; filled: 0 / 33,554,432 (0.00%)
[11 Dec 2019 23:43:25-sEg][asyncio] Inputs: 1; Threads: 1
[11 Dec 2019 23:43:25-sEg][seq] Parsing sequence file metagenomics/kmer-counts-jellyfish/13/ERR1713353.kmer.gz
[11 Dec 2019 23:43:30-sEg][BuildGraph] Read 5,000,000 entries (reads / read pairs)
[11 Dec 2019 23:43:31-sEg][seq] Loaded 6,887,956 reads and 0 reads pairs (file: metagenomics/kmer-counts-jellyfish/13/ERR1713353.kmer.gz)
[11 Dec 2019 23:43:31-sEg][hasht] buckets: 1,048,576 [2^20]; bucket size: 32; 
[11 Dec 2019 23:43:31-sEg][hasht] memory: 258MB; filled: 6,887,956 / 33,554,432 (20.53%)
[11 Dec 2019 23:43:31-sEg][hasht]  collisions  0: 6887956
[11 Dec 2019 23:43:31-sEg][task] input: metagenomics/kmer-counts-jellyfish/13/ERR1713353.kmer.gz colour: 0
[11 Dec 2019 23:43:31-sEg]  SE reads: 6,887,956  PE reads: 0
[11 Dec 2019 23:43:31-sEg]  good reads: 6,887,956  bad reads: 0
[11 Dec 2019 23:43:31-sEg]  dup SE reads: 0  dup PE pairs: 0
[11 Dec 2019 23:43:31-sEg]  bases read: 89,543,428  bases loaded: 89,543,428
[11 Dec 2019 23:43:31-sEg]  num contigs: 6,887,956  num kmers: 6,887,956 novel kmers: 6,887,956
[11 Dec 2019 23:43:31-sEg] Dumping graph...
[11 Dec 2019 23:43:31-sEg][graphwriter] Saving file to: metagenomics/bigsi/13/mccortex.ERR1713353.ctx
[11 Dec 2019 23:43:31-sEg][FileFilter] Writing graph  [1 src colour]
[11 Dec 2019 23:43:32-sEg][graphwriter] Dumped 6,887,956 kmers in 1 colour into: metagenomics/bigsi/13/mccortex.ERR1713353.ctx (ver: 6)
[11 Dec 2019 23:43:32-sEg][memory] We made 19 allocs
[11 Dec 2019 23:43:32-sEg] Done.
[11 Dec 2019 23:43:32-sEg][time] 7.00 seconds
	Command being timed: "mccortex 13 build --nkmers 33000000 --threads 1 --kmer 13 --mem 10G --sample ERR1713353 --seq metagenomics/kmer-counts-jellyfish/13/ERR1713353.kmer.gz metagenomics/bigsi/13/mccortex.ERR1713353.ctx"
	User time (seconds): 10.61
	System time (seconds): 2.54
	Percent of CPU this job got: 176%
	Elapsed (wall clock) time (h:mm:ss or m:ss): 0:07.47
	Average shared text size (kbytes): 0
	Average unshared data size (kbytes): 0
	Average stack size (kbytes): 0
	Average total size (kbytes): 0
	Maximum resident set size (kbytes): 404348
	Average resident set size (kbytes): 0
	Major (requiring I/O) page faults: 0
	Minor (reclaiming a frame) page faults: 542828
	Voluntary context switches: 237366
	Involuntary context switches: 35
	Swaps: 0
	File system inputs: 60048
	File system outputs: 174912
	Socket messages sent: 0
	Socket messages received: 0
	Signals delivered: 0
	Page size (bytes): 4096
	Exit status: 0
