[11 Dec 2019 23:45:23-ZAd][cmd] /home/CSCScience.ca/apetkau/miniconda3/envs/bigsi_mccortex/bin/mccortex31 build --nkmers 33000000 --threads 1 --kmer 13 --mem 10G --sample ERR1713374 --seq metagenomics/kmer-counts-jellyfish/13/ERR1713374.kmer.gz metagenomics/bigsi/13/mccortex.ERR1713374.ctx
[11 Dec 2019 23:45:23-ZAd][cwd] /home/CSCScience.ca/apetkau/workspace/comp7934-project
[11 Dec 2019 23:45:23-ZAd][version] mccortex=v0.0.3-610-g400c0e3 zlib=1.2.11 htslib=1.8-17-g699ed53 ASSERTS=ON hash=Lookup3 CHECKS=ON k=3..31
[11 Dec 2019 23:45:23-ZAd] Saving graph to: metagenomics/bigsi/13/mccortex.ERR1713374.ctx
[11 Dec 2019 23:45:23-ZAd][sample] 0: ERR1713374
[11 Dec 2019 23:45:23-ZAd][task] metagenomics/kmer-counts-jellyfish/13/ERR1713374.kmer.gz; FASTQ offset: auto-detect, threshold: off; cut homopolymers: off; remove PCR duplicates: no; colour: 0
[11 Dec 2019 23:45:23-ZAd][memory] 104 bits per kmer
[11 Dec 2019 23:45:23-ZAd] Note: Using less memory than requested (418MB < 10GB); allows for 33,554,432 kmers
[11 Dec 2019 23:45:23-ZAd][memory] graph: 418MB
[11 Dec 2019 23:45:23-ZAd][memory] total: 418MB of 62.6GB RAM
[11 Dec 2019 23:45:23-ZAd] Writing 1 colour graph to metagenomics/bigsi/13/mccortex.ERR1713374.ctx
[11 Dec 2019 23:45:23-ZAd][hasht] Allocating table with 33,554,432 entries, using 258MB
[11 Dec 2019 23:45:23-ZAd][hasht]  number of buckets: 1,048,576, bucket size: 32
[11 Dec 2019 23:45:23-ZAd][graph] kmer-size: 13; colours: 1; capacity: 33,554,432
[11 Dec 2019 23:45:23-ZAd][hasht] buckets: 1,048,576 [2^20]; bucket size: 32; 
[11 Dec 2019 23:45:23-ZAd][hasht] memory: 258MB; filled: 0 / 33,554,432 (0.00%)
[11 Dec 2019 23:45:23-ZAd][asyncio] Inputs: 1; Threads: 1
[11 Dec 2019 23:45:23-ZAd][seq] Parsing sequence file metagenomics/kmer-counts-jellyfish/13/ERR1713374.kmer.gz
[11 Dec 2019 23:45:30-ZAd][BuildGraph] Read 5,000,000 entries (reads / read pairs)
[11 Dec 2019 23:45:31-ZAd][seq] Loaded 6,424,350 reads and 0 reads pairs (file: metagenomics/kmer-counts-jellyfish/13/ERR1713374.kmer.gz)
[11 Dec 2019 23:45:31-ZAd][hasht] buckets: 1,048,576 [2^20]; bucket size: 32; 
[11 Dec 2019 23:45:31-ZAd][hasht] memory: 258MB; filled: 6,424,350 / 33,554,432 (19.15%)
[11 Dec 2019 23:45:31-ZAd][hasht]  collisions  0: 6424350
[11 Dec 2019 23:45:31-ZAd][task] input: metagenomics/kmer-counts-jellyfish/13/ERR1713374.kmer.gz colour: 0
[11 Dec 2019 23:45:31-ZAd]  SE reads: 6,424,350  PE reads: 0
[11 Dec 2019 23:45:31-ZAd]  good reads: 6,424,350  bad reads: 0
[11 Dec 2019 23:45:31-ZAd]  dup SE reads: 0  dup PE pairs: 0
[11 Dec 2019 23:45:31-ZAd]  bases read: 83,516,550  bases loaded: 83,516,550
[11 Dec 2019 23:45:31-ZAd]  num contigs: 6,424,350  num kmers: 6,424,350 novel kmers: 6,424,350
[11 Dec 2019 23:45:31-ZAd] Dumping graph...
[11 Dec 2019 23:45:31-ZAd][graphwriter] Saving file to: metagenomics/bigsi/13/mccortex.ERR1713374.ctx
[11 Dec 2019 23:45:31-ZAd][FileFilter] Writing graph  [1 src colour]
[11 Dec 2019 23:45:32-ZAd][graphwriter] Dumped 6,424,350 kmers in 1 colour into: metagenomics/bigsi/13/mccortex.ERR1713374.ctx (ver: 6)
[11 Dec 2019 23:45:32-ZAd][memory] We made 19 allocs
[11 Dec 2019 23:45:32-ZAd] Done.
[11 Dec 2019 23:45:32-ZAd][time] 9.00 seconds
	Command being timed: "mccortex 13 build --nkmers 33000000 --threads 1 --kmer 13 --mem 10G --sample ERR1713374 --seq metagenomics/kmer-counts-jellyfish/13/ERR1713374.kmer.gz metagenomics/bigsi/13/mccortex.ERR1713374.ctx"
	User time (seconds): 12.51
	System time (seconds): 2.36
	Percent of CPU this job got: 176%
	Elapsed (wall clock) time (h:mm:ss or m:ss): 0:08.41
	Average shared text size (kbytes): 0
	Average unshared data size (kbytes): 0
	Average stack size (kbytes): 0
	Average total size (kbytes): 0
	Maximum resident set size (kbytes): 404376
	Average resident set size (kbytes): 0
	Major (requiring I/O) page faults: 0
	Minor (reclaiming a frame) page faults: 543002
	Voluntary context switches: 202147
	Involuntary context switches: 155
	Swaps: 0
	File system inputs: 55984
	File system outputs: 163128
	Socket messages sent: 0
	Socket messages received: 0
	Signals delivered: 0
	Page size (bytes): 4096
	Exit status: 0
