[11 Dec 2019 23:48:59-LAS][cmd] /home/CSCScience.ca/apetkau/miniconda3/envs/bigsi_mccortex/bin/mccortex31 build --nkmers 33000000 --threads 1 --kmer 13 --mem 10G --sample ERR1713401 --seq metagenomics/kmer-counts-jellyfish/13/ERR1713401.kmer.gz metagenomics/bigsi/13/mccortex.ERR1713401.ctx
[11 Dec 2019 23:48:59-LAS][cwd] /home/CSCScience.ca/apetkau/workspace/comp7934-project
[11 Dec 2019 23:48:59-LAS][version] mccortex=v0.0.3-610-g400c0e3 zlib=1.2.11 htslib=1.8-17-g699ed53 ASSERTS=ON hash=Lookup3 CHECKS=ON k=3..31
[11 Dec 2019 23:48:59-LAS] Saving graph to: metagenomics/bigsi/13/mccortex.ERR1713401.ctx
[11 Dec 2019 23:48:59-LAS][sample] 0: ERR1713401
[11 Dec 2019 23:48:59-LAS][task] metagenomics/kmer-counts-jellyfish/13/ERR1713401.kmer.gz; FASTQ offset: auto-detect, threshold: off; cut homopolymers: off; remove PCR duplicates: no; colour: 0
[11 Dec 2019 23:48:59-LAS][memory] 104 bits per kmer
[11 Dec 2019 23:48:59-LAS] Note: Using less memory than requested (418MB < 10GB); allows for 33,554,432 kmers
[11 Dec 2019 23:48:59-LAS][memory] graph: 418MB
[11 Dec 2019 23:48:59-LAS][memory] total: 418MB of 62.6GB RAM
[11 Dec 2019 23:48:59-LAS] Writing 1 colour graph to metagenomics/bigsi/13/mccortex.ERR1713401.ctx
[11 Dec 2019 23:48:59-LAS][hasht] Allocating table with 33,554,432 entries, using 258MB
[11 Dec 2019 23:48:59-LAS][hasht]  number of buckets: 1,048,576, bucket size: 32
[11 Dec 2019 23:48:59-LAS][graph] kmer-size: 13; colours: 1; capacity: 33,554,432
[11 Dec 2019 23:48:59-LAS][hasht] buckets: 1,048,576 [2^20]; bucket size: 32; 
[11 Dec 2019 23:48:59-LAS][hasht] memory: 258MB; filled: 0 / 33,554,432 (0.00%)
[11 Dec 2019 23:48:59-LAS][asyncio] Inputs: 1; Threads: 1
[11 Dec 2019 23:48:59-LAS][seq] Parsing sequence file metagenomics/kmer-counts-jellyfish/13/ERR1713401.kmer.gz
[11 Dec 2019 23:49:04-LAS][BuildGraph] Read 5,000,000 entries (reads / read pairs)
[11 Dec 2019 23:49:06-LAS][seq] Loaded 6,750,356 reads and 0 reads pairs (file: metagenomics/kmer-counts-jellyfish/13/ERR1713401.kmer.gz)
[11 Dec 2019 23:49:06-LAS][hasht] buckets: 1,048,576 [2^20]; bucket size: 32; 
[11 Dec 2019 23:49:06-LAS][hasht] memory: 258MB; filled: 6,750,356 / 33,554,432 (20.12%)
[11 Dec 2019 23:49:06-LAS][hasht]  collisions  0: 6750356
[11 Dec 2019 23:49:06-LAS][task] input: metagenomics/kmer-counts-jellyfish/13/ERR1713401.kmer.gz colour: 0
[11 Dec 2019 23:49:06-LAS]  SE reads: 6,750,356  PE reads: 0
[11 Dec 2019 23:49:06-LAS]  good reads: 6,750,356  bad reads: 0
[11 Dec 2019 23:49:06-LAS]  dup SE reads: 0  dup PE pairs: 0
[11 Dec 2019 23:49:06-LAS]  bases read: 87,754,628  bases loaded: 87,754,628
[11 Dec 2019 23:49:06-LAS]  num contigs: 6,750,356  num kmers: 6,750,356 novel kmers: 6,750,356
[11 Dec 2019 23:49:06-LAS] Dumping graph...
[11 Dec 2019 23:49:06-LAS][graphwriter] Saving file to: metagenomics/bigsi/13/mccortex.ERR1713401.ctx
[11 Dec 2019 23:49:06-LAS][FileFilter] Writing graph  [1 src colour]
[11 Dec 2019 23:49:07-LAS][graphwriter] Dumped 6,750,356 kmers in 1 colour into: metagenomics/bigsi/13/mccortex.ERR1713401.ctx (ver: 6)
[11 Dec 2019 23:49:07-LAS][memory] We made 19 allocs
[11 Dec 2019 23:49:07-LAS] Done.
[11 Dec 2019 23:49:07-LAS][time] 8.00 seconds
	Command being timed: "mccortex 13 build --nkmers 33000000 --threads 1 --kmer 13 --mem 10G --sample ERR1713401 --seq metagenomics/kmer-counts-jellyfish/13/ERR1713401.kmer.gz metagenomics/bigsi/13/mccortex.ERR1713401.ctx"
	User time (seconds): 10.34
	System time (seconds): 2.58
	Percent of CPU this job got: 170%
	Elapsed (wall clock) time (h:mm:ss or m:ss): 0:07.57
	Average shared text size (kbytes): 0
	Average unshared data size (kbytes): 0
	Average stack size (kbytes): 0
	Average total size (kbytes): 0
	Maximum resident set size (kbytes): 404472
	Average resident set size (kbytes): 0
	Major (requiring I/O) page faults: 0
	Minor (reclaiming a frame) page faults: 498328
	Voluntary context switches: 243711
	Involuntary context switches: 9238
	Swaps: 0
	File system inputs: 58832
	File system outputs: 171408
	Socket messages sent: 0
	Socket messages received: 0
	Signals delivered: 0
	Page size (bytes): 4096
	Exit status: 0
