[11 Dec 2019 23:47:02-sEf][cmd] /home/CSCScience.ca/apetkau/miniconda3/envs/bigsi_mccortex/bin/mccortex31 build --nkmers 33000000 --threads 1 --kmer 13 --mem 10G --sample ERR1713382 --seq metagenomics/kmer-counts-jellyfish/13/ERR1713382.kmer.gz metagenomics/bigsi/13/mccortex.ERR1713382.ctx
[11 Dec 2019 23:47:02-sEf][cwd] /home/CSCScience.ca/apetkau/workspace/comp7934-project
[11 Dec 2019 23:47:02-sEf][version] mccortex=v0.0.3-610-g400c0e3 zlib=1.2.11 htslib=1.8-17-g699ed53 ASSERTS=ON hash=Lookup3 CHECKS=ON k=3..31
[11 Dec 2019 23:47:02-sEf] Saving graph to: metagenomics/bigsi/13/mccortex.ERR1713382.ctx
[11 Dec 2019 23:47:02-sEf][sample] 0: ERR1713382
[11 Dec 2019 23:47:02-sEf][task] metagenomics/kmer-counts-jellyfish/13/ERR1713382.kmer.gz; FASTQ offset: auto-detect, threshold: off; cut homopolymers: off; remove PCR duplicates: no; colour: 0
[11 Dec 2019 23:47:02-sEf][memory] 104 bits per kmer
[11 Dec 2019 23:47:02-sEf] Note: Using less memory than requested (418MB < 10GB); allows for 33,554,432 kmers
[11 Dec 2019 23:47:02-sEf][memory] graph: 418MB
[11 Dec 2019 23:47:02-sEf][memory] total: 418MB of 62.6GB RAM
[11 Dec 2019 23:47:02-sEf] Writing 1 colour graph to metagenomics/bigsi/13/mccortex.ERR1713382.ctx
[11 Dec 2019 23:47:02-sEf][hasht] Allocating table with 33,554,432 entries, using 258MB
[11 Dec 2019 23:47:02-sEf][hasht]  number of buckets: 1,048,576, bucket size: 32
[11 Dec 2019 23:47:02-sEf][graph] kmer-size: 13; colours: 1; capacity: 33,554,432
[11 Dec 2019 23:47:02-sEf][hasht] buckets: 1,048,576 [2^20]; bucket size: 32; 
[11 Dec 2019 23:47:02-sEf][hasht] memory: 258MB; filled: 0 / 33,554,432 (0.00%)
[11 Dec 2019 23:47:02-sEf][asyncio] Inputs: 1; Threads: 1
[11 Dec 2019 23:47:02-sEf][seq] Parsing sequence file metagenomics/kmer-counts-jellyfish/13/ERR1713382.kmer.gz
[11 Dec 2019 23:47:07-sEf][BuildGraph] Read 5,000,000 entries (reads / read pairs)
[11 Dec 2019 23:47:08-sEf][seq] Loaded 6,726,347 reads and 0 reads pairs (file: metagenomics/kmer-counts-jellyfish/13/ERR1713382.kmer.gz)
[11 Dec 2019 23:47:08-sEf][hasht] buckets: 1,048,576 [2^20]; bucket size: 32; 
[11 Dec 2019 23:47:08-sEf][hasht] memory: 258MB; filled: 6,726,347 / 33,554,432 (20.05%)
[11 Dec 2019 23:47:08-sEf][hasht]  collisions  0: 6726347
[11 Dec 2019 23:47:08-sEf][task] input: metagenomics/kmer-counts-jellyfish/13/ERR1713382.kmer.gz colour: 0
[11 Dec 2019 23:47:08-sEf]  SE reads: 6,726,347  PE reads: 0
[11 Dec 2019 23:47:08-sEf]  good reads: 6,726,347  bad reads: 0
[11 Dec 2019 23:47:08-sEf]  dup SE reads: 0  dup PE pairs: 0
[11 Dec 2019 23:47:08-sEf]  bases read: 87,442,511  bases loaded: 87,442,511
[11 Dec 2019 23:47:08-sEf]  num contigs: 6,726,347  num kmers: 6,726,347 novel kmers: 6,726,347
[11 Dec 2019 23:47:08-sEf] Dumping graph...
[11 Dec 2019 23:47:08-sEf][graphwriter] Saving file to: metagenomics/bigsi/13/mccortex.ERR1713382.ctx
[11 Dec 2019 23:47:08-sEf][FileFilter] Writing graph  [1 src colour]
[11 Dec 2019 23:47:09-sEf][graphwriter] Dumped 6,726,347 kmers in 1 colour into: metagenomics/bigsi/13/mccortex.ERR1713382.ctx (ver: 6)
[11 Dec 2019 23:47:09-sEf][memory] We made 19 allocs
[11 Dec 2019 23:47:09-sEf] Done.
[11 Dec 2019 23:47:09-sEf][time] 7.00 seconds
	Command being timed: "mccortex 13 build --nkmers 33000000 --threads 1 --kmer 13 --mem 10G --sample ERR1713382 --seq metagenomics/kmer-counts-jellyfish/13/ERR1713382.kmer.gz metagenomics/bigsi/13/mccortex.ERR1713382.ctx"
	User time (seconds): 10.67
	System time (seconds): 2.43
	Percent of CPU this job got: 177%
	Elapsed (wall clock) time (h:mm:ss or m:ss): 0:07.36
	Average shared text size (kbytes): 0
	Average unshared data size (kbytes): 0
	Average stack size (kbytes): 0
	Average total size (kbytes): 0
	Maximum resident set size (kbytes): 404348
	Average resident set size (kbytes): 0
	Major (requiring I/O) page faults: 0
	Minor (reclaiming a frame) page faults: 543012
	Voluntary context switches: 249810
	Involuntary context switches: 27
	Swaps: 0
	File system inputs: 58592
	File system outputs: 170800
	Socket messages sent: 0
	Socket messages received: 0
	Signals delivered: 0
	Page size (bytes): 4096
	Exit status: 0
