[11 Dec 2019 23:43:27-Zew][cmd] /home/CSCScience.ca/apetkau/miniconda3/envs/bigsi_mccortex/bin/mccortex31 build --nkmers 33000000 --threads 1 --kmer 13 --mem 10G --sample ERR1713358 --seq metagenomics/kmer-counts-jellyfish/13/ERR1713358.kmer.gz metagenomics/bigsi/13/mccortex.ERR1713358.ctx
[11 Dec 2019 23:43:27-Zew][cwd] /home/CSCScience.ca/apetkau/workspace/comp7934-project
[11 Dec 2019 23:43:27-Zew][version] mccortex=v0.0.3-610-g400c0e3 zlib=1.2.11 htslib=1.8-17-g699ed53 ASSERTS=ON hash=Lookup3 CHECKS=ON k=3..31
[11 Dec 2019 23:43:27-Zew] Saving graph to: metagenomics/bigsi/13/mccortex.ERR1713358.ctx
[11 Dec 2019 23:43:27-Zew][sample] 0: ERR1713358
[11 Dec 2019 23:43:27-Zew][task] metagenomics/kmer-counts-jellyfish/13/ERR1713358.kmer.gz; FASTQ offset: auto-detect, threshold: off; cut homopolymers: off; remove PCR duplicates: no; colour: 0
[11 Dec 2019 23:43:27-Zew][memory] 104 bits per kmer
[11 Dec 2019 23:43:27-Zew] Note: Using less memory than requested (418MB < 10GB); allows for 33,554,432 kmers
[11 Dec 2019 23:43:27-Zew][memory] graph: 418MB
[11 Dec 2019 23:43:27-Zew][memory] total: 418MB of 62.6GB RAM
[11 Dec 2019 23:43:27-Zew] Writing 1 colour graph to metagenomics/bigsi/13/mccortex.ERR1713358.ctx
[11 Dec 2019 23:43:27-Zew][hasht] Allocating table with 33,554,432 entries, using 258MB
[11 Dec 2019 23:43:27-Zew][hasht]  number of buckets: 1,048,576, bucket size: 32
[11 Dec 2019 23:43:27-Zew][graph] kmer-size: 13; colours: 1; capacity: 33,554,432
[11 Dec 2019 23:43:27-Zew][hasht] buckets: 1,048,576 [2^20]; bucket size: 32; 
[11 Dec 2019 23:43:27-Zew][hasht] memory: 258MB; filled: 0 / 33,554,432 (0.00%)
[11 Dec 2019 23:43:27-Zew][asyncio] Inputs: 1; Threads: 1
[11 Dec 2019 23:43:27-Zew][seq] Parsing sequence file metagenomics/kmer-counts-jellyfish/13/ERR1713358.kmer.gz
[11 Dec 2019 23:43:32-Zew][BuildGraph] Read 5,000,000 entries (reads / read pairs)
[11 Dec 2019 23:43:34-Zew][seq] Loaded 6,705,070 reads and 0 reads pairs (file: metagenomics/kmer-counts-jellyfish/13/ERR1713358.kmer.gz)
[11 Dec 2019 23:43:34-Zew][hasht] buckets: 1,048,576 [2^20]; bucket size: 32; 
[11 Dec 2019 23:43:34-Zew][hasht] memory: 258MB; filled: 6,705,070 / 33,554,432 (19.98%)
[11 Dec 2019 23:43:34-Zew][hasht]  collisions  0: 6705070
[11 Dec 2019 23:43:34-Zew][task] input: metagenomics/kmer-counts-jellyfish/13/ERR1713358.kmer.gz colour: 0
[11 Dec 2019 23:43:34-Zew]  SE reads: 6,705,070  PE reads: 0
[11 Dec 2019 23:43:34-Zew]  good reads: 6,705,070  bad reads: 0
[11 Dec 2019 23:43:34-Zew]  dup SE reads: 0  dup PE pairs: 0
[11 Dec 2019 23:43:34-Zew]  bases read: 87,165,910  bases loaded: 87,165,910
[11 Dec 2019 23:43:34-Zew]  num contigs: 6,705,070  num kmers: 6,705,070 novel kmers: 6,705,070
[11 Dec 2019 23:43:34-Zew] Dumping graph...
[11 Dec 2019 23:43:34-Zew][graphwriter] Saving file to: metagenomics/bigsi/13/mccortex.ERR1713358.ctx
[11 Dec 2019 23:43:34-Zew][FileFilter] Writing graph  [1 src colour]
[11 Dec 2019 23:43:35-Zew][graphwriter] Dumped 6,705,070 kmers in 1 colour into: metagenomics/bigsi/13/mccortex.ERR1713358.ctx (ver: 6)
[11 Dec 2019 23:43:35-Zew][memory] We made 19 allocs
[11 Dec 2019 23:43:35-Zew] Done.
[11 Dec 2019 23:43:35-Zew][time] 8.00 seconds
	Command being timed: "mccortex 13 build --nkmers 33000000 --threads 1 --kmer 13 --mem 10G --sample ERR1713358 --seq metagenomics/kmer-counts-jellyfish/13/ERR1713358.kmer.gz metagenomics/bigsi/13/mccortex.ERR1713358.ctx"
	User time (seconds): 9.96
	System time (seconds): 2.60
	Percent of CPU this job got: 173%
	Elapsed (wall clock) time (h:mm:ss or m:ss): 0:07.25
	Average shared text size (kbytes): 0
	Average unshared data size (kbytes): 0
	Average stack size (kbytes): 0
	Average total size (kbytes): 0
	Maximum resident set size (kbytes): 404496
	Average resident set size (kbytes): 0
	Major (requiring I/O) page faults: 0
	Minor (reclaiming a frame) page faults: 398477
	Voluntary context switches: 184423
	Involuntary context switches: 7702
	Swaps: 0
	File system inputs: 58344
	File system outputs: 170264
	Socket messages sent: 0
	Socket messages received: 0
	Signals delivered: 0
	Page size (bytes): 4096
	Exit status: 0
