[11 Dec 2019 23:41:43-Gaq][cmd] /home/CSCScience.ca/apetkau/miniconda3/envs/bigsi_mccortex/bin/mccortex31 build --nkmers 33000000 --threads 1 --kmer 13 --mem 10G --sample ERR1713351 --seq metagenomics/kmer-counts-jellyfish/13/ERR1713351.kmer.gz metagenomics/bigsi/13/mccortex.ERR1713351.ctx
[11 Dec 2019 23:41:43-Gaq][cwd] /home/CSCScience.ca/apetkau/workspace/comp7934-project
[11 Dec 2019 23:41:43-Gaq][version] mccortex=v0.0.3-610-g400c0e3 zlib=1.2.11 htslib=1.8-17-g699ed53 ASSERTS=ON hash=Lookup3 CHECKS=ON k=3..31
[11 Dec 2019 23:41:43-Gaq] Saving graph to: metagenomics/bigsi/13/mccortex.ERR1713351.ctx
[11 Dec 2019 23:41:43-Gaq][sample] 0: ERR1713351
[11 Dec 2019 23:41:43-Gaq][task] metagenomics/kmer-counts-jellyfish/13/ERR1713351.kmer.gz; FASTQ offset: auto-detect, threshold: off; cut homopolymers: off; remove PCR duplicates: no; colour: 0
[11 Dec 2019 23:41:43-Gaq][memory] 104 bits per kmer
[11 Dec 2019 23:41:43-Gaq] Note: Using less memory than requested (418MB < 10GB); allows for 33,554,432 kmers
[11 Dec 2019 23:41:43-Gaq][memory] graph: 418MB
[11 Dec 2019 23:41:43-Gaq][memory] total: 418MB of 62.6GB RAM
[11 Dec 2019 23:41:43-Gaq] Writing 1 colour graph to metagenomics/bigsi/13/mccortex.ERR1713351.ctx
[11 Dec 2019 23:41:43-Gaq][hasht] Allocating table with 33,554,432 entries, using 258MB
[11 Dec 2019 23:41:43-Gaq][hasht]  number of buckets: 1,048,576, bucket size: 32
[11 Dec 2019 23:41:43-Gaq][graph] kmer-size: 13; colours: 1; capacity: 33,554,432
[11 Dec 2019 23:41:43-Gaq][hasht] buckets: 1,048,576 [2^20]; bucket size: 32; 
[11 Dec 2019 23:41:43-Gaq][hasht] memory: 258MB; filled: 0 / 33,554,432 (0.00%)
[11 Dec 2019 23:41:43-Gaq][asyncio] Inputs: 1; Threads: 1
[11 Dec 2019 23:41:43-Gaq][seq] Parsing sequence file metagenomics/kmer-counts-jellyfish/13/ERR1713351.kmer.gz
[11 Dec 2019 23:41:48-Gaq][BuildGraph] Read 5,000,000 entries (reads / read pairs)
[11 Dec 2019 23:41:50-Gaq][seq] Loaded 6,748,120 reads and 0 reads pairs (file: metagenomics/kmer-counts-jellyfish/13/ERR1713351.kmer.gz)
[11 Dec 2019 23:41:50-Gaq][hasht] buckets: 1,048,576 [2^20]; bucket size: 32; 
[11 Dec 2019 23:41:50-Gaq][hasht] memory: 258MB; filled: 6,748,120 / 33,554,432 (20.11%)
[11 Dec 2019 23:41:50-Gaq][hasht]  collisions  0: 6748120
[11 Dec 2019 23:41:50-Gaq][task] input: metagenomics/kmer-counts-jellyfish/13/ERR1713351.kmer.gz colour: 0
[11 Dec 2019 23:41:50-Gaq]  SE reads: 6,748,120  PE reads: 0
[11 Dec 2019 23:41:50-Gaq]  good reads: 6,748,120  bad reads: 0
[11 Dec 2019 23:41:50-Gaq]  dup SE reads: 0  dup PE pairs: 0
[11 Dec 2019 23:41:50-Gaq]  bases read: 87,725,560  bases loaded: 87,725,560
[11 Dec 2019 23:41:50-Gaq]  num contigs: 6,748,120  num kmers: 6,748,120 novel kmers: 6,748,120
[11 Dec 2019 23:41:50-Gaq] Dumping graph...
[11 Dec 2019 23:41:50-Gaq][graphwriter] Saving file to: metagenomics/bigsi/13/mccortex.ERR1713351.ctx
[11 Dec 2019 23:41:50-Gaq][FileFilter] Writing graph  [1 src colour]
[11 Dec 2019 23:41:51-Gaq][graphwriter] Dumped 6,748,120 kmers in 1 colour into: metagenomics/bigsi/13/mccortex.ERR1713351.ctx (ver: 6)
[11 Dec 2019 23:41:51-Gaq][memory] We made 19 allocs
[11 Dec 2019 23:41:51-Gaq] Done.
[11 Dec 2019 23:41:51-Gaq][time] 8.00 seconds
	Command being timed: "mccortex 13 build --nkmers 33000000 --threads 1 --kmer 13 --mem 10G --sample ERR1713351 --seq metagenomics/kmer-counts-jellyfish/13/ERR1713351.kmer.gz metagenomics/bigsi/13/mccortex.ERR1713351.ctx"
	User time (seconds): 10.79
	System time (seconds): 2.92
	Percent of CPU this job got: 169%
	Elapsed (wall clock) time (h:mm:ss or m:ss): 0:08.08
	Average shared text size (kbytes): 0
	Average unshared data size (kbytes): 0
	Average stack size (kbytes): 0
	Average total size (kbytes): 0
	Maximum resident set size (kbytes): 404404
	Average resident set size (kbytes): 0
	Major (requiring I/O) page faults: 0
	Minor (reclaiming a frame) page faults: 543037
	Voluntary context switches: 285239
	Involuntary context switches: 12880
	Swaps: 0
	File system inputs: 58752
	File system outputs: 171352
	Socket messages sent: 0
	Socket messages received: 0
	Signals delivered: 0
	Page size (bytes): 4096
	Exit status: 0
