[11 Dec 2019 23:50:39-non][cmd] /home/CSCScience.ca/apetkau/miniconda3/envs/bigsi_mccortex/bin/mccortex31 build --nkmers 33000000 --threads 1 --kmer 13 --mem 10G --sample ERR1713406 --seq metagenomics/kmer-counts-jellyfish/13/ERR1713406.kmer.gz metagenomics/bigsi/13/mccortex.ERR1713406.ctx
[11 Dec 2019 23:50:39-non][cwd] /home/CSCScience.ca/apetkau/workspace/comp7934-project
[11 Dec 2019 23:50:39-non][version] mccortex=v0.0.3-610-g400c0e3 zlib=1.2.11 htslib=1.8-17-g699ed53 ASSERTS=ON hash=Lookup3 CHECKS=ON k=3..31
[11 Dec 2019 23:50:39-non] Saving graph to: metagenomics/bigsi/13/mccortex.ERR1713406.ctx
[11 Dec 2019 23:50:39-non][sample] 0: ERR1713406
[11 Dec 2019 23:50:39-non][task] metagenomics/kmer-counts-jellyfish/13/ERR1713406.kmer.gz; FASTQ offset: auto-detect, threshold: off; cut homopolymers: off; remove PCR duplicates: no; colour: 0
[11 Dec 2019 23:50:39-non][memory] 104 bits per kmer
[11 Dec 2019 23:50:39-non] Note: Using less memory than requested (418MB < 10GB); allows for 33,554,432 kmers
[11 Dec 2019 23:50:39-non][memory] graph: 418MB
[11 Dec 2019 23:50:39-non][memory] total: 418MB of 62.6GB RAM
[11 Dec 2019 23:50:39-non] Writing 1 colour graph to metagenomics/bigsi/13/mccortex.ERR1713406.ctx
[11 Dec 2019 23:50:39-non][hasht] Allocating table with 33,554,432 entries, using 258MB
[11 Dec 2019 23:50:39-non][hasht]  number of buckets: 1,048,576, bucket size: 32
[11 Dec 2019 23:50:39-non][graph] kmer-size: 13; colours: 1; capacity: 33,554,432
[11 Dec 2019 23:50:39-non][hasht] buckets: 1,048,576 [2^20]; bucket size: 32; 
[11 Dec 2019 23:50:39-non][hasht] memory: 258MB; filled: 0 / 33,554,432 (0.00%)
[11 Dec 2019 23:50:39-non][asyncio] Inputs: 1; Threads: 1
[11 Dec 2019 23:50:39-non][seq] Parsing sequence file metagenomics/kmer-counts-jellyfish/13/ERR1713406.kmer.gz
[11 Dec 2019 23:50:47-non][BuildGraph] Read 5,000,000 entries (reads / read pairs)
[11 Dec 2019 23:50:49-non][seq] Loaded 6,693,111 reads and 0 reads pairs (file: metagenomics/kmer-counts-jellyfish/13/ERR1713406.kmer.gz)
[11 Dec 2019 23:50:49-non][hasht] buckets: 1,048,576 [2^20]; bucket size: 32; 
[11 Dec 2019 23:50:49-non][hasht] memory: 258MB; filled: 6,693,111 / 33,554,432 (19.95%)
[11 Dec 2019 23:50:49-non][hasht]  collisions  0: 6693111
[11 Dec 2019 23:50:49-non][task] input: metagenomics/kmer-counts-jellyfish/13/ERR1713406.kmer.gz colour: 0
[11 Dec 2019 23:50:49-non]  SE reads: 6,693,111  PE reads: 0
[11 Dec 2019 23:50:49-non]  good reads: 6,693,111  bad reads: 0
[11 Dec 2019 23:50:49-non]  dup SE reads: 0  dup PE pairs: 0
[11 Dec 2019 23:50:49-non]  bases read: 87,010,443  bases loaded: 87,010,443
[11 Dec 2019 23:50:49-non]  num contigs: 6,693,111  num kmers: 6,693,111 novel kmers: 6,693,111
[11 Dec 2019 23:50:49-non] Dumping graph...
[11 Dec 2019 23:50:49-non][graphwriter] Saving file to: metagenomics/bigsi/13/mccortex.ERR1713406.ctx
[11 Dec 2019 23:50:49-non][FileFilter] Writing graph  [1 src colour]
[11 Dec 2019 23:50:50-non][graphwriter] Dumped 6,693,111 kmers in 1 colour into: metagenomics/bigsi/13/mccortex.ERR1713406.ctx (ver: 6)
[11 Dec 2019 23:50:50-non][memory] We made 19 allocs
[11 Dec 2019 23:50:50-non] Done.
[11 Dec 2019 23:50:50-non][time] 11.00 seconds
	Command being timed: "mccortex 13 build --nkmers 33000000 --threads 1 --kmer 13 --mem 10G --sample ERR1713406 --seq metagenomics/kmer-counts-jellyfish/13/ERR1713406.kmer.gz metagenomics/bigsi/13/mccortex.ERR1713406.ctx"
	User time (seconds): 17.29
	System time (seconds): 2.33
	Percent of CPU this job got: 183%
	Elapsed (wall clock) time (h:mm:ss or m:ss): 0:10.72
	Average shared text size (kbytes): 0
	Average unshared data size (kbytes): 0
	Average stack size (kbytes): 0
	Average total size (kbytes): 0
	Maximum resident set size (kbytes): 404348
	Average resident set size (kbytes): 0
	Major (requiring I/O) page faults: 0
	Minor (reclaiming a frame) page faults: 442864
	Voluntary context switches: 181327
	Involuntary context switches: 248
	Swaps: 0
	File system inputs: 58232
	File system outputs: 169968
	Socket messages sent: 0
	Socket messages received: 0
	Signals delivered: 0
	Page size (bytes): 4096
	Exit status: 0
