[11 Dec 2019 23:45:12-tUP][cmd] /home/CSCScience.ca/apetkau/miniconda3/envs/bigsi_mccortex/bin/mccortex31 build --nkmers 33000000 --threads 1 --kmer 13 --mem 10G --sample ERR1713371 --seq metagenomics/kmer-counts-jellyfish/13/ERR1713371.kmer.gz metagenomics/bigsi/13/mccortex.ERR1713371.ctx
[11 Dec 2019 23:45:12-tUP][cwd] /home/CSCScience.ca/apetkau/workspace/comp7934-project
[11 Dec 2019 23:45:12-tUP][version] mccortex=v0.0.3-610-g400c0e3 zlib=1.2.11 htslib=1.8-17-g699ed53 ASSERTS=ON hash=Lookup3 CHECKS=ON k=3..31
[11 Dec 2019 23:45:12-tUP] Saving graph to: metagenomics/bigsi/13/mccortex.ERR1713371.ctx
[11 Dec 2019 23:45:12-tUP][sample] 0: ERR1713371
[11 Dec 2019 23:45:12-tUP][task] metagenomics/kmer-counts-jellyfish/13/ERR1713371.kmer.gz; FASTQ offset: auto-detect, threshold: off; cut homopolymers: off; remove PCR duplicates: no; colour: 0
[11 Dec 2019 23:45:12-tUP][memory] 104 bits per kmer
[11 Dec 2019 23:45:12-tUP] Note: Using less memory than requested (418MB < 10GB); allows for 33,554,432 kmers
[11 Dec 2019 23:45:12-tUP][memory] graph: 418MB
[11 Dec 2019 23:45:12-tUP][memory] total: 418MB of 62.6GB RAM
[11 Dec 2019 23:45:12-tUP] Writing 1 colour graph to metagenomics/bigsi/13/mccortex.ERR1713371.ctx
[11 Dec 2019 23:45:12-tUP][hasht] Allocating table with 33,554,432 entries, using 258MB
[11 Dec 2019 23:45:12-tUP][hasht]  number of buckets: 1,048,576, bucket size: 32
[11 Dec 2019 23:45:12-tUP][graph] kmer-size: 13; colours: 1; capacity: 33,554,432
[11 Dec 2019 23:45:12-tUP][hasht] buckets: 1,048,576 [2^20]; bucket size: 32; 
[11 Dec 2019 23:45:12-tUP][hasht] memory: 258MB; filled: 0 / 33,554,432 (0.00%)
[11 Dec 2019 23:45:12-tUP][asyncio] Inputs: 1; Threads: 1
[11 Dec 2019 23:45:12-tUP][seq] Parsing sequence file metagenomics/kmer-counts-jellyfish/13/ERR1713371.kmer.gz
[11 Dec 2019 23:45:18-tUP][BuildGraph] Read 5,000,000 entries (reads / read pairs)
[11 Dec 2019 23:45:19-tUP][seq] Loaded 6,016,159 reads and 0 reads pairs (file: metagenomics/kmer-counts-jellyfish/13/ERR1713371.kmer.gz)
[11 Dec 2019 23:45:19-tUP][hasht] buckets: 1,048,576 [2^20]; bucket size: 32; 
[11 Dec 2019 23:45:19-tUP][hasht] memory: 258MB; filled: 6,016,159 / 33,554,432 (17.93%)
[11 Dec 2019 23:45:19-tUP][hasht]  collisions  0: 6016159
[11 Dec 2019 23:45:19-tUP][task] input: metagenomics/kmer-counts-jellyfish/13/ERR1713371.kmer.gz colour: 0
[11 Dec 2019 23:45:19-tUP]  SE reads: 6,016,159  PE reads: 0
[11 Dec 2019 23:45:19-tUP]  good reads: 6,016,159  bad reads: 0
[11 Dec 2019 23:45:19-tUP]  dup SE reads: 0  dup PE pairs: 0
[11 Dec 2019 23:45:19-tUP]  bases read: 78,210,067  bases loaded: 78,210,067
[11 Dec 2019 23:45:19-tUP]  num contigs: 6,016,159  num kmers: 6,016,159 novel kmers: 6,016,159
[11 Dec 2019 23:45:19-tUP] Dumping graph...
[11 Dec 2019 23:45:19-tUP][graphwriter] Saving file to: metagenomics/bigsi/13/mccortex.ERR1713371.ctx
[11 Dec 2019 23:45:19-tUP][FileFilter] Writing graph  [1 src colour]
[11 Dec 2019 23:45:19-tUP][graphwriter] Dumped 6,016,159 kmers in 1 colour into: metagenomics/bigsi/13/mccortex.ERR1713371.ctx (ver: 6)
[11 Dec 2019 23:45:19-tUP][memory] We made 19 allocs
[11 Dec 2019 23:45:19-tUP] Done.
[11 Dec 2019 23:45:19-tUP][time] 7.00 seconds
	Command being timed: "mccortex 13 build --nkmers 33000000 --threads 1 --kmer 13 --mem 10G --sample ERR1713371 --seq metagenomics/kmer-counts-jellyfish/13/ERR1713371.kmer.gz metagenomics/bigsi/13/mccortex.ERR1713371.ctx"
	User time (seconds): 10.02
	System time (seconds): 2.72
	Percent of CPU this job got: 175%
	Elapsed (wall clock) time (h:mm:ss or m:ss): 0:07.26
	Average shared text size (kbytes): 0
	Average unshared data size (kbytes): 0
	Average stack size (kbytes): 0
	Average total size (kbytes): 0
	Maximum resident set size (kbytes): 404488
	Average resident set size (kbytes): 0
	Major (requiring I/O) page faults: 0
	Minor (reclaiming a frame) page faults: 398013
	Voluntary context switches: 224121
	Involuntary context switches: 226
	Swaps: 0
	File system inputs: 52240
	File system outputs: 152776
	Socket messages sent: 0
	Socket messages received: 0
	Signals delivered: 0
	Page size (bytes): 4096
	Exit status: 0
