[11 Dec 2019 23:48:52-FiX][cmd] /home/CSCScience.ca/apetkau/miniconda3/envs/bigsi_mccortex/bin/mccortex31 build --nkmers 33000000 --threads 1 --kmer 13 --mem 10G --sample ERR1713397 --seq metagenomics/kmer-counts-jellyfish/13/ERR1713397.kmer.gz metagenomics/bigsi/13/mccortex.ERR1713397.ctx
[11 Dec 2019 23:48:52-FiX][cwd] /home/CSCScience.ca/apetkau/workspace/comp7934-project
[11 Dec 2019 23:48:52-FiX][version] mccortex=v0.0.3-610-g400c0e3 zlib=1.2.11 htslib=1.8-17-g699ed53 ASSERTS=ON hash=Lookup3 CHECKS=ON k=3..31
[11 Dec 2019 23:48:52-FiX] Saving graph to: metagenomics/bigsi/13/mccortex.ERR1713397.ctx
[11 Dec 2019 23:48:52-FiX][sample] 0: ERR1713397
[11 Dec 2019 23:48:52-FiX][task] metagenomics/kmer-counts-jellyfish/13/ERR1713397.kmer.gz; FASTQ offset: auto-detect, threshold: off; cut homopolymers: off; remove PCR duplicates: no; colour: 0
[11 Dec 2019 23:48:52-FiX][memory] 104 bits per kmer
[11 Dec 2019 23:48:52-FiX] Note: Using less memory than requested (418MB < 10GB); allows for 33,554,432 kmers
[11 Dec 2019 23:48:52-FiX][memory] graph: 418MB
[11 Dec 2019 23:48:52-FiX][memory] total: 418MB of 62.6GB RAM
[11 Dec 2019 23:48:52-FiX] Writing 1 colour graph to metagenomics/bigsi/13/mccortex.ERR1713397.ctx
[11 Dec 2019 23:48:52-FiX][hasht] Allocating table with 33,554,432 entries, using 258MB
[11 Dec 2019 23:48:52-FiX][hasht]  number of buckets: 1,048,576, bucket size: 32
[11 Dec 2019 23:48:52-FiX][graph] kmer-size: 13; colours: 1; capacity: 33,554,432
[11 Dec 2019 23:48:52-FiX][hasht] buckets: 1,048,576 [2^20]; bucket size: 32; 
[11 Dec 2019 23:48:52-FiX][hasht] memory: 258MB; filled: 0 / 33,554,432 (0.00%)
[11 Dec 2019 23:48:52-FiX][asyncio] Inputs: 1; Threads: 1
[11 Dec 2019 23:48:52-FiX][seq] Parsing sequence file metagenomics/kmer-counts-jellyfish/13/ERR1713397.kmer.gz
[11 Dec 2019 23:49:00-FiX][BuildGraph] Read 5,000,000 entries (reads / read pairs)
[11 Dec 2019 23:49:01-FiX][seq] Loaded 6,806,879 reads and 0 reads pairs (file: metagenomics/kmer-counts-jellyfish/13/ERR1713397.kmer.gz)
[11 Dec 2019 23:49:01-FiX][hasht] buckets: 1,048,576 [2^20]; bucket size: 32; 
[11 Dec 2019 23:49:01-FiX][hasht] memory: 258MB; filled: 6,806,879 / 33,554,432 (20.29%)
[11 Dec 2019 23:49:01-FiX][hasht]  collisions  0: 6806879
[11 Dec 2019 23:49:01-FiX][task] input: metagenomics/kmer-counts-jellyfish/13/ERR1713397.kmer.gz colour: 0
[11 Dec 2019 23:49:01-FiX]  SE reads: 6,806,879  PE reads: 0
[11 Dec 2019 23:49:01-FiX]  good reads: 6,806,879  bad reads: 0
[11 Dec 2019 23:49:01-FiX]  dup SE reads: 0  dup PE pairs: 0
[11 Dec 2019 23:49:01-FiX]  bases read: 88,489,427  bases loaded: 88,489,427
[11 Dec 2019 23:49:01-FiX]  num contigs: 6,806,879  num kmers: 6,806,879 novel kmers: 6,806,879
[11 Dec 2019 23:49:01-FiX] Dumping graph...
[11 Dec 2019 23:49:01-FiX][graphwriter] Saving file to: metagenomics/bigsi/13/mccortex.ERR1713397.ctx
[11 Dec 2019 23:49:01-FiX][FileFilter] Writing graph  [1 src colour]
[11 Dec 2019 23:49:02-FiX][graphwriter] Dumped 6,806,879 kmers in 1 colour into: metagenomics/bigsi/13/mccortex.ERR1713397.ctx (ver: 6)
[11 Dec 2019 23:49:02-FiX][memory] We made 19 allocs
[11 Dec 2019 23:49:02-FiX] Done.
[11 Dec 2019 23:49:02-FiX][time] 10.00 seconds
	Command being timed: "mccortex 13 build --nkmers 33000000 --threads 1 --kmer 13 --mem 10G --sample ERR1713397 --seq metagenomics/kmer-counts-jellyfish/13/ERR1713397.kmer.gz metagenomics/bigsi/13/mccortex.ERR1713397.ctx"
	User time (seconds): 16.06
	System time (seconds): 2.88
	Percent of CPU this job got: 179%
	Elapsed (wall clock) time (h:mm:ss or m:ss): 0:10.54
	Average shared text size (kbytes): 0
	Average unshared data size (kbytes): 0
	Average stack size (kbytes): 0
	Average total size (kbytes): 0
	Maximum resident set size (kbytes): 404432
	Average resident set size (kbytes): 0
	Major (requiring I/O) page faults: 0
	Minor (reclaiming a frame) page faults: 643172
	Voluntary context switches: 264136
	Involuntary context switches: 93
	Swaps: 0
	File system inputs: 59296
	File system outputs: 172840
	Socket messages sent: 0
	Socket messages received: 0
	Signals delivered: 0
	Page size (bytes): 4096
	Exit status: 0
