[11 Dec 2019 23:41:35-zaz][cmd] /home/CSCScience.ca/apetkau/miniconda3/envs/bigsi_mccortex/bin/mccortex31 build --nkmers 33000000 --threads 1 --kmer 13 --mem 10G --sample ERR1713340 --seq metagenomics/kmer-counts-jellyfish/13/ERR1713340.kmer.gz metagenomics/bigsi/13/mccortex.ERR1713340.ctx
[11 Dec 2019 23:41:35-zaz][cwd] /home/CSCScience.ca/apetkau/workspace/comp7934-project
[11 Dec 2019 23:41:35-zaz][version] mccortex=v0.0.3-610-g400c0e3 zlib=1.2.11 htslib=1.8-17-g699ed53 ASSERTS=ON hash=Lookup3 CHECKS=ON k=3..31
[11 Dec 2019 23:41:35-zaz] Saving graph to: metagenomics/bigsi/13/mccortex.ERR1713340.ctx
[11 Dec 2019 23:41:35-zaz][sample] 0: ERR1713340
[11 Dec 2019 23:41:35-zaz][task] metagenomics/kmer-counts-jellyfish/13/ERR1713340.kmer.gz; FASTQ offset: auto-detect, threshold: off; cut homopolymers: off; remove PCR duplicates: no; colour: 0
[11 Dec 2019 23:41:35-zaz][memory] 104 bits per kmer
[11 Dec 2019 23:41:35-zaz] Note: Using less memory than requested (418MB < 10GB); allows for 33,554,432 kmers
[11 Dec 2019 23:41:35-zaz][memory] graph: 418MB
[11 Dec 2019 23:41:35-zaz][memory] total: 418MB of 62.6GB RAM
[11 Dec 2019 23:41:35-zaz] Writing 1 colour graph to metagenomics/bigsi/13/mccortex.ERR1713340.ctx
[11 Dec 2019 23:41:35-zaz][hasht] Allocating table with 33,554,432 entries, using 258MB
[11 Dec 2019 23:41:35-zaz][hasht]  number of buckets: 1,048,576, bucket size: 32
[11 Dec 2019 23:41:35-zaz][graph] kmer-size: 13; colours: 1; capacity: 33,554,432
[11 Dec 2019 23:41:35-zaz][hasht] buckets: 1,048,576 [2^20]; bucket size: 32; 
[11 Dec 2019 23:41:35-zaz][hasht] memory: 258MB; filled: 0 / 33,554,432 (0.00%)
[11 Dec 2019 23:41:35-zaz][asyncio] Inputs: 1; Threads: 1
[11 Dec 2019 23:41:35-zaz][seq] Parsing sequence file metagenomics/kmer-counts-jellyfish/13/ERR1713340.kmer.gz
[11 Dec 2019 23:41:42-zaz][BuildGraph] Read 5,000,000 entries (reads / read pairs)
[11 Dec 2019 23:41:44-zaz][seq] Loaded 6,759,420 reads and 0 reads pairs (file: metagenomics/kmer-counts-jellyfish/13/ERR1713340.kmer.gz)
[11 Dec 2019 23:41:44-zaz][hasht] buckets: 1,048,576 [2^20]; bucket size: 32; 
[11 Dec 2019 23:41:44-zaz][hasht] memory: 258MB; filled: 6,759,420 / 33,554,432 (20.14%)
[11 Dec 2019 23:41:44-zaz][hasht]  collisions  0: 6759420
[11 Dec 2019 23:41:44-zaz][task] input: metagenomics/kmer-counts-jellyfish/13/ERR1713340.kmer.gz colour: 0
[11 Dec 2019 23:41:44-zaz]  SE reads: 6,759,420  PE reads: 0
[11 Dec 2019 23:41:44-zaz]  good reads: 6,759,420  bad reads: 0
[11 Dec 2019 23:41:44-zaz]  dup SE reads: 0  dup PE pairs: 0
[11 Dec 2019 23:41:44-zaz]  bases read: 87,872,460  bases loaded: 87,872,460
[11 Dec 2019 23:41:44-zaz]  num contigs: 6,759,420  num kmers: 6,759,420 novel kmers: 6,759,420
[11 Dec 2019 23:41:44-zaz] Dumping graph...
[11 Dec 2019 23:41:44-zaz][graphwriter] Saving file to: metagenomics/bigsi/13/mccortex.ERR1713340.ctx
[11 Dec 2019 23:41:44-zaz][FileFilter] Writing graph  [1 src colour]
[11 Dec 2019 23:41:45-zaz][graphwriter] Dumped 6,759,420 kmers in 1 colour into: metagenomics/bigsi/13/mccortex.ERR1713340.ctx (ver: 6)
[11 Dec 2019 23:41:45-zaz][memory] We made 19 allocs
[11 Dec 2019 23:41:45-zaz] Done.
[11 Dec 2019 23:41:45-zaz][time] 10.00 seconds
	Command being timed: "mccortex 13 build --nkmers 33000000 --threads 1 --kmer 13 --mem 10G --sample ERR1713340 --seq metagenomics/kmer-counts-jellyfish/13/ERR1713340.kmer.gz metagenomics/bigsi/13/mccortex.ERR1713340.ctx"
	User time (seconds): 14.77
	System time (seconds): 2.98
	Percent of CPU this job got: 180%
	Elapsed (wall clock) time (h:mm:ss or m:ss): 0:09.86
	Average shared text size (kbytes): 0
	Average unshared data size (kbytes): 0
	Average stack size (kbytes): 0
	Average total size (kbytes): 0
	Maximum resident set size (kbytes): 404412
	Average resident set size (kbytes): 0
	Major (requiring I/O) page faults: 0
	Minor (reclaiming a frame) page faults: 442844
	Voluntary context switches: 216956
	Involuntary context switches: 352
	Swaps: 0
	File system inputs: 58904
	File system outputs: 171648
	Socket messages sent: 0
	Socket messages received: 0
	Signals delivered: 0
	Page size (bytes): 4096
	Exit status: 0
