[11 Dec 2019 23:50:46-kIL][cmd] /home/CSCScience.ca/apetkau/miniconda3/envs/bigsi_mccortex/bin/mccortex31 build --nkmers 33000000 --threads 1 --kmer 13 --mem 10G --sample ERR1713409 --seq metagenomics/kmer-counts-jellyfish/13/ERR1713409.kmer.gz metagenomics/bigsi/13/mccortex.ERR1713409.ctx
[11 Dec 2019 23:50:46-kIL][cwd] /home/CSCScience.ca/apetkau/workspace/comp7934-project
[11 Dec 2019 23:50:46-kIL][version] mccortex=v0.0.3-610-g400c0e3 zlib=1.2.11 htslib=1.8-17-g699ed53 ASSERTS=ON hash=Lookup3 CHECKS=ON k=3..31
[11 Dec 2019 23:50:46-kIL] Saving graph to: metagenomics/bigsi/13/mccortex.ERR1713409.ctx
[11 Dec 2019 23:50:46-kIL][sample] 0: ERR1713409
[11 Dec 2019 23:50:46-kIL][task] metagenomics/kmer-counts-jellyfish/13/ERR1713409.kmer.gz; FASTQ offset: auto-detect, threshold: off; cut homopolymers: off; remove PCR duplicates: no; colour: 0
[11 Dec 2019 23:50:46-kIL][memory] 104 bits per kmer
[11 Dec 2019 23:50:46-kIL] Note: Using less memory than requested (418MB < 10GB); allows for 33,554,432 kmers
[11 Dec 2019 23:50:46-kIL][memory] graph: 418MB
[11 Dec 2019 23:50:46-kIL][memory] total: 418MB of 62.6GB RAM
[11 Dec 2019 23:50:46-kIL] Writing 1 colour graph to metagenomics/bigsi/13/mccortex.ERR1713409.ctx
[11 Dec 2019 23:50:46-kIL][hasht] Allocating table with 33,554,432 entries, using 258MB
[11 Dec 2019 23:50:46-kIL][hasht]  number of buckets: 1,048,576, bucket size: 32
[11 Dec 2019 23:50:46-kIL][graph] kmer-size: 13; colours: 1; capacity: 33,554,432
[11 Dec 2019 23:50:46-kIL][hasht] buckets: 1,048,576 [2^20]; bucket size: 32; 
[11 Dec 2019 23:50:46-kIL][hasht] memory: 258MB; filled: 0 / 33,554,432 (0.00%)
[11 Dec 2019 23:50:46-kIL][asyncio] Inputs: 1; Threads: 1
[11 Dec 2019 23:50:46-kIL][seq] Parsing sequence file metagenomics/kmer-counts-jellyfish/13/ERR1713409.kmer.gz
[11 Dec 2019 23:50:52-kIL][BuildGraph] Read 5,000,000 entries (reads / read pairs)
[11 Dec 2019 23:50:53-kIL][seq] Loaded 6,678,697 reads and 0 reads pairs (file: metagenomics/kmer-counts-jellyfish/13/ERR1713409.kmer.gz)
[11 Dec 2019 23:50:53-kIL][hasht] buckets: 1,048,576 [2^20]; bucket size: 32; 
[11 Dec 2019 23:50:53-kIL][hasht] memory: 258MB; filled: 6,678,697 / 33,554,432 (19.90%)
[11 Dec 2019 23:50:53-kIL][hasht]  collisions  0: 6678697
[11 Dec 2019 23:50:53-kIL][task] input: metagenomics/kmer-counts-jellyfish/13/ERR1713409.kmer.gz colour: 0
[11 Dec 2019 23:50:53-kIL]  SE reads: 6,678,697  PE reads: 0
[11 Dec 2019 23:50:53-kIL]  good reads: 6,678,697  bad reads: 0
[11 Dec 2019 23:50:53-kIL]  dup SE reads: 0  dup PE pairs: 0
[11 Dec 2019 23:50:53-kIL]  bases read: 86,823,061  bases loaded: 86,823,061
[11 Dec 2019 23:50:53-kIL]  num contigs: 6,678,697  num kmers: 6,678,697 novel kmers: 6,678,697
[11 Dec 2019 23:50:53-kIL] Dumping graph...
[11 Dec 2019 23:50:53-kIL][graphwriter] Saving file to: metagenomics/bigsi/13/mccortex.ERR1713409.ctx
[11 Dec 2019 23:50:53-kIL][FileFilter] Writing graph  [1 src colour]
[11 Dec 2019 23:50:54-kIL][graphwriter] Dumped 6,678,697 kmers in 1 colour into: metagenomics/bigsi/13/mccortex.ERR1713409.ctx (ver: 6)
[11 Dec 2019 23:50:54-kIL][memory] We made 19 allocs
[11 Dec 2019 23:50:54-kIL] Done.
[11 Dec 2019 23:50:54-kIL][time] 8.00 seconds
	Command being timed: "mccortex 13 build --nkmers 33000000 --threads 1 --kmer 13 --mem 10G --sample ERR1713409 --seq metagenomics/kmer-counts-jellyfish/13/ERR1713409.kmer.gz metagenomics/bigsi/13/mccortex.ERR1713409.ctx"
	User time (seconds): 11.75
	System time (seconds): 2.93
	Percent of CPU this job got: 175%
	Elapsed (wall clock) time (h:mm:ss or m:ss): 0:08.38
	Average shared text size (kbytes): 0
	Average unshared data size (kbytes): 0
	Average stack size (kbytes): 0
	Average total size (kbytes): 0
	Maximum resident set size (kbytes): 404536
	Average resident set size (kbytes): 0
	Major (requiring I/O) page faults: 0
	Minor (reclaiming a frame) page faults: 398461
	Voluntary context switches: 214674
	Involuntary context switches: 105
	Swaps: 0
	File system inputs: 58184
	File system outputs: 169600
	Socket messages sent: 0
	Socket messages received: 0
	Signals delivered: 0
	Page size (bytes): 4096
	Exit status: 0
