[11 Dec 2019 23:43:32-TOr][cmd] /home/CSCScience.ca/apetkau/miniconda3/envs/bigsi_mccortex/bin/mccortex31 build --nkmers 33000000 --threads 1 --kmer 13 --mem 10G --sample ERR1713361 --seq metagenomics/kmer-counts-jellyfish/13/ERR1713361.kmer.gz metagenomics/bigsi/13/mccortex.ERR1713361.ctx
[11 Dec 2019 23:43:32-TOr][cwd] /home/CSCScience.ca/apetkau/workspace/comp7934-project
[11 Dec 2019 23:43:32-TOr][version] mccortex=v0.0.3-610-g400c0e3 zlib=1.2.11 htslib=1.8-17-g699ed53 ASSERTS=ON hash=Lookup3 CHECKS=ON k=3..31
[11 Dec 2019 23:43:32-TOr] Saving graph to: metagenomics/bigsi/13/mccortex.ERR1713361.ctx
[11 Dec 2019 23:43:32-TOr][sample] 0: ERR1713361
[11 Dec 2019 23:43:32-TOr][task] metagenomics/kmer-counts-jellyfish/13/ERR1713361.kmer.gz; FASTQ offset: auto-detect, threshold: off; cut homopolymers: off; remove PCR duplicates: no; colour: 0
[11 Dec 2019 23:43:32-TOr][memory] 104 bits per kmer
[11 Dec 2019 23:43:32-TOr] Note: Using less memory than requested (418MB < 10GB); allows for 33,554,432 kmers
[11 Dec 2019 23:43:32-TOr][memory] graph: 418MB
[11 Dec 2019 23:43:32-TOr][memory] total: 418MB of 62.6GB RAM
[11 Dec 2019 23:43:32-TOr] Writing 1 colour graph to metagenomics/bigsi/13/mccortex.ERR1713361.ctx
[11 Dec 2019 23:43:32-TOr][hasht] Allocating table with 33,554,432 entries, using 258MB
[11 Dec 2019 23:43:32-TOr][hasht]  number of buckets: 1,048,576, bucket size: 32
[11 Dec 2019 23:43:32-TOr][graph] kmer-size: 13; colours: 1; capacity: 33,554,432
[11 Dec 2019 23:43:32-TOr][hasht] buckets: 1,048,576 [2^20]; bucket size: 32; 
[11 Dec 2019 23:43:32-TOr][hasht] memory: 258MB; filled: 0 / 33,554,432 (0.00%)
[11 Dec 2019 23:43:32-TOr][asyncio] Inputs: 1; Threads: 1
[11 Dec 2019 23:43:32-TOr][seq] Parsing sequence file metagenomics/kmer-counts-jellyfish/13/ERR1713361.kmer.gz
[11 Dec 2019 23:43:38-TOr][BuildGraph] Read 5,000,000 entries (reads / read pairs)
[11 Dec 2019 23:43:39-TOr][seq] Loaded 6,861,977 reads and 0 reads pairs (file: metagenomics/kmer-counts-jellyfish/13/ERR1713361.kmer.gz)
[11 Dec 2019 23:43:39-TOr][hasht] buckets: 1,048,576 [2^20]; bucket size: 32; 
[11 Dec 2019 23:43:39-TOr][hasht] memory: 258MB; filled: 6,861,977 / 33,554,432 (20.45%)
[11 Dec 2019 23:43:39-TOr][hasht]  collisions  0: 6861977
[11 Dec 2019 23:43:39-TOr][task] input: metagenomics/kmer-counts-jellyfish/13/ERR1713361.kmer.gz colour: 0
[11 Dec 2019 23:43:39-TOr]  SE reads: 6,861,977  PE reads: 0
[11 Dec 2019 23:43:39-TOr]  good reads: 6,861,977  bad reads: 0
[11 Dec 2019 23:43:39-TOr]  dup SE reads: 0  dup PE pairs: 0
[11 Dec 2019 23:43:39-TOr]  bases read: 89,205,701  bases loaded: 89,205,701
[11 Dec 2019 23:43:39-TOr]  num contigs: 6,861,977  num kmers: 6,861,977 novel kmers: 6,861,977
[11 Dec 2019 23:43:39-TOr] Dumping graph...
[11 Dec 2019 23:43:39-TOr][graphwriter] Saving file to: metagenomics/bigsi/13/mccortex.ERR1713361.ctx
[11 Dec 2019 23:43:39-TOr][FileFilter] Writing graph  [1 src colour]
[11 Dec 2019 23:43:40-TOr][graphwriter] Dumped 6,861,977 kmers in 1 colour into: metagenomics/bigsi/13/mccortex.ERR1713361.ctx (ver: 6)
[11 Dec 2019 23:43:40-TOr][memory] We made 19 allocs
[11 Dec 2019 23:43:40-TOr] Done.
[11 Dec 2019 23:43:40-TOr][time] 8.00 seconds
	Command being timed: "mccortex 13 build --nkmers 33000000 --threads 1 --kmer 13 --mem 10G --sample ERR1713361 --seq metagenomics/kmer-counts-jellyfish/13/ERR1713361.kmer.gz metagenomics/bigsi/13/mccortex.ERR1713361.ctx"
	User time (seconds): 11.26
	System time (seconds): 2.76
	Percent of CPU this job got: 171%
	Elapsed (wall clock) time (h:mm:ss or m:ss): 0:08.19
	Average shared text size (kbytes): 0
	Average unshared data size (kbytes): 0
	Average stack size (kbytes): 0
	Average total size (kbytes): 0
	Maximum resident set size (kbytes): 404416
	Average resident set size (kbytes): 0
	Major (requiring I/O) page faults: 0
	Minor (reclaiming a frame) page faults: 442815
	Voluntary context switches: 220737
	Involuntary context switches: 9159
	Swaps: 0
	File system inputs: 59784
	File system outputs: 174240
	Socket messages sent: 0
	Socket messages received: 0
	Signals delivered: 0
	Page size (bytes): 4096
	Exit status: 0
