[11 Dec 2019 23:39:50-vAK][cmd] /home/CSCScience.ca/apetkau/miniconda3/envs/bigsi_mccortex/bin/mccortex31 build --nkmers 33000000 --threads 1 --kmer 13 --mem 10G --sample ERR1713334 --seq metagenomics/kmer-counts-jellyfish/13/ERR1713334.kmer.gz metagenomics/bigsi/13/mccortex.ERR1713334.ctx
[11 Dec 2019 23:39:50-vAK][cwd] /home/CSCScience.ca/apetkau/workspace/comp7934-project
[11 Dec 2019 23:39:50-vAK][version] mccortex=v0.0.3-610-g400c0e3 zlib=1.2.11 htslib=1.8-17-g699ed53 ASSERTS=ON hash=Lookup3 CHECKS=ON k=3..31
[11 Dec 2019 23:39:50-vAK] Saving graph to: metagenomics/bigsi/13/mccortex.ERR1713334.ctx
[11 Dec 2019 23:39:50-vAK][sample] 0: ERR1713334
[11 Dec 2019 23:39:50-vAK][task] metagenomics/kmer-counts-jellyfish/13/ERR1713334.kmer.gz; FASTQ offset: auto-detect, threshold: off; cut homopolymers: off; remove PCR duplicates: no; colour: 0
[11 Dec 2019 23:39:50-vAK][memory] 104 bits per kmer
[11 Dec 2019 23:39:50-vAK] Note: Using less memory than requested (418MB < 10GB); allows for 33,554,432 kmers
[11 Dec 2019 23:39:50-vAK][memory] graph: 418MB
[11 Dec 2019 23:39:50-vAK][memory] total: 418MB of 62.6GB RAM
[11 Dec 2019 23:39:50-vAK] Writing 1 colour graph to metagenomics/bigsi/13/mccortex.ERR1713334.ctx
[11 Dec 2019 23:39:50-vAK][hasht] Allocating table with 33,554,432 entries, using 258MB
[11 Dec 2019 23:39:50-vAK][hasht]  number of buckets: 1,048,576, bucket size: 32
[11 Dec 2019 23:39:50-vAK][graph] kmer-size: 13; colours: 1; capacity: 33,554,432
[11 Dec 2019 23:39:50-vAK][hasht] buckets: 1,048,576 [2^20]; bucket size: 32; 
[11 Dec 2019 23:39:50-vAK][hasht] memory: 258MB; filled: 0 / 33,554,432 (0.00%)
[11 Dec 2019 23:39:50-vAK][asyncio] Inputs: 1; Threads: 1
[11 Dec 2019 23:39:50-vAK][seq] Parsing sequence file metagenomics/kmer-counts-jellyfish/13/ERR1713334.kmer.gz
[11 Dec 2019 23:39:56-vAK][BuildGraph] Read 5,000,000 entries (reads / read pairs)
[11 Dec 2019 23:39:57-vAK][seq] Loaded 6,842,297 reads and 0 reads pairs (file: metagenomics/kmer-counts-jellyfish/13/ERR1713334.kmer.gz)
[11 Dec 2019 23:39:57-vAK][hasht] buckets: 1,048,576 [2^20]; bucket size: 32; 
[11 Dec 2019 23:39:57-vAK][hasht] memory: 258MB; filled: 6,842,297 / 33,554,432 (20.39%)
[11 Dec 2019 23:39:57-vAK][hasht]  collisions  0: 6842297
[11 Dec 2019 23:39:57-vAK][task] input: metagenomics/kmer-counts-jellyfish/13/ERR1713334.kmer.gz colour: 0
[11 Dec 2019 23:39:57-vAK]  SE reads: 6,842,297  PE reads: 0
[11 Dec 2019 23:39:57-vAK]  good reads: 6,842,297  bad reads: 0
[11 Dec 2019 23:39:57-vAK]  dup SE reads: 0  dup PE pairs: 0
[11 Dec 2019 23:39:57-vAK]  bases read: 88,949,861  bases loaded: 88,949,861
[11 Dec 2019 23:39:57-vAK]  num contigs: 6,842,297  num kmers: 6,842,297 novel kmers: 6,842,297
[11 Dec 2019 23:39:57-vAK] Dumping graph...
[11 Dec 2019 23:39:57-vAK][graphwriter] Saving file to: metagenomics/bigsi/13/mccortex.ERR1713334.ctx
[11 Dec 2019 23:39:57-vAK][FileFilter] Writing graph  [1 src colour]
[11 Dec 2019 23:39:58-vAK][graphwriter] Dumped 6,842,297 kmers in 1 colour into: metagenomics/bigsi/13/mccortex.ERR1713334.ctx (ver: 6)
[11 Dec 2019 23:39:58-vAK][memory] We made 19 allocs
[11 Dec 2019 23:39:58-vAK] Done.
[11 Dec 2019 23:39:58-vAK][time] 8.00 seconds
	Command being timed: "mccortex 13 build --nkmers 33000000 --threads 1 --kmer 13 --mem 10G --sample ERR1713334 --seq metagenomics/kmer-counts-jellyfish/13/ERR1713334.kmer.gz metagenomics/bigsi/13/mccortex.ERR1713334.ctx"
	User time (seconds): 11.16
	System time (seconds): 2.85
	Percent of CPU this job got: 173%
	Elapsed (wall clock) time (h:mm:ss or m:ss): 0:08.08
	Average shared text size (kbytes): 0
	Average unshared data size (kbytes): 0
	Average stack size (kbytes): 0
	Average total size (kbytes): 0
	Maximum resident set size (kbytes): 404600
	Average resident set size (kbytes): 0
	Major (requiring I/O) page faults: 0
	Minor (reclaiming a frame) page faults: 543035
	Voluntary context switches: 290898
	Involuntary context switches: 237
	Swaps: 0
	File system inputs: 59616
	File system outputs: 173744
	Socket messages sent: 0
	Socket messages received: 0
	Signals delivered: 0
	Page size (bytes): 4096
	Exit status: 0
