[11 Dec 2019 23:43:28-HoN][cmd] /home/CSCScience.ca/apetkau/miniconda3/envs/bigsi_mccortex/bin/mccortex31 build --nkmers 33000000 --threads 1 --kmer 13 --mem 10G --sample ERR1713359 --seq metagenomics/kmer-counts-jellyfish/13/ERR1713359.kmer.gz metagenomics/bigsi/13/mccortex.ERR1713359.ctx
[11 Dec 2019 23:43:28-HoN][cwd] /home/CSCScience.ca/apetkau/workspace/comp7934-project
[11 Dec 2019 23:43:28-HoN][version] mccortex=v0.0.3-610-g400c0e3 zlib=1.2.11 htslib=1.8-17-g699ed53 ASSERTS=ON hash=Lookup3 CHECKS=ON k=3..31
[11 Dec 2019 23:43:28-HoN] Saving graph to: metagenomics/bigsi/13/mccortex.ERR1713359.ctx
[11 Dec 2019 23:43:28-HoN][sample] 0: ERR1713359
[11 Dec 2019 23:43:28-HoN][task] metagenomics/kmer-counts-jellyfish/13/ERR1713359.kmer.gz; FASTQ offset: auto-detect, threshold: off; cut homopolymers: off; remove PCR duplicates: no; colour: 0
[11 Dec 2019 23:43:28-HoN][memory] 104 bits per kmer
[11 Dec 2019 23:43:28-HoN] Note: Using less memory than requested (418MB < 10GB); allows for 33,554,432 kmers
[11 Dec 2019 23:43:28-HoN][memory] graph: 418MB
[11 Dec 2019 23:43:28-HoN][memory] total: 418MB of 62.6GB RAM
[11 Dec 2019 23:43:28-HoN] Writing 1 colour graph to metagenomics/bigsi/13/mccortex.ERR1713359.ctx
[11 Dec 2019 23:43:28-HoN][hasht] Allocating table with 33,554,432 entries, using 258MB
[11 Dec 2019 23:43:28-HoN][hasht]  number of buckets: 1,048,576, bucket size: 32
[11 Dec 2019 23:43:28-HoN][graph] kmer-size: 13; colours: 1; capacity: 33,554,432
[11 Dec 2019 23:43:28-HoN][hasht] buckets: 1,048,576 [2^20]; bucket size: 32; 
[11 Dec 2019 23:43:28-HoN][hasht] memory: 258MB; filled: 0 / 33,554,432 (0.00%)
[11 Dec 2019 23:43:28-HoN][asyncio] Inputs: 1; Threads: 1
[11 Dec 2019 23:43:28-HoN][seq] Parsing sequence file metagenomics/kmer-counts-jellyfish/13/ERR1713359.kmer.gz
[11 Dec 2019 23:43:33-HoN][BuildGraph] Read 5,000,000 entries (reads / read pairs)
[11 Dec 2019 23:43:34-HoN][seq] Loaded 6,344,604 reads and 0 reads pairs (file: metagenomics/kmer-counts-jellyfish/13/ERR1713359.kmer.gz)
[11 Dec 2019 23:43:34-HoN][hasht] buckets: 1,048,576 [2^20]; bucket size: 32; 
[11 Dec 2019 23:43:34-HoN][hasht] memory: 258MB; filled: 6,344,604 / 33,554,432 (18.91%)
[11 Dec 2019 23:43:34-HoN][hasht]  collisions  0: 6344604
[11 Dec 2019 23:43:34-HoN][task] input: metagenomics/kmer-counts-jellyfish/13/ERR1713359.kmer.gz colour: 0
[11 Dec 2019 23:43:34-HoN]  SE reads: 6,344,604  PE reads: 0
[11 Dec 2019 23:43:34-HoN]  good reads: 6,344,604  bad reads: 0
[11 Dec 2019 23:43:34-HoN]  dup SE reads: 0  dup PE pairs: 0
[11 Dec 2019 23:43:34-HoN]  bases read: 82,479,852  bases loaded: 82,479,852
[11 Dec 2019 23:43:34-HoN]  num contigs: 6,344,604  num kmers: 6,344,604 novel kmers: 6,344,604
[11 Dec 2019 23:43:34-HoN] Dumping graph...
[11 Dec 2019 23:43:34-HoN][graphwriter] Saving file to: metagenomics/bigsi/13/mccortex.ERR1713359.ctx
[11 Dec 2019 23:43:34-HoN][FileFilter] Writing graph  [1 src colour]
[11 Dec 2019 23:43:35-HoN][graphwriter] Dumped 6,344,604 kmers in 1 colour into: metagenomics/bigsi/13/mccortex.ERR1713359.ctx (ver: 6)
[11 Dec 2019 23:43:35-HoN][memory] We made 19 allocs
[11 Dec 2019 23:43:35-HoN] Done.
[11 Dec 2019 23:43:35-HoN][time] 7.00 seconds
	Command being timed: "mccortex 13 build --nkmers 33000000 --threads 1 --kmer 13 --mem 10G --sample ERR1713359 --seq metagenomics/kmer-counts-jellyfish/13/ERR1713359.kmer.gz metagenomics/bigsi/13/mccortex.ERR1713359.ctx"
	User time (seconds): 9.90
	System time (seconds): 2.44
	Percent of CPU this job got: 171%
	Elapsed (wall clock) time (h:mm:ss or m:ss): 0:07.20
	Average shared text size (kbytes): 0
	Average unshared data size (kbytes): 0
	Average stack size (kbytes): 0
	Average total size (kbytes): 0
	Maximum resident set size (kbytes): 404552
	Average resident set size (kbytes): 0
	Major (requiring I/O) page faults: 0
	Minor (reclaiming a frame) page faults: 498312
	Voluntary context switches: 225567
	Involuntary context switches: 8235
	Swaps: 0
	File system inputs: 55264
	File system outputs: 161104
	Socket messages sent: 0
	Socket messages received: 0
	Signals delivered: 0
	Page size (bytes): 4096
	Exit status: 0
