[11 Dec 2019 23:39:50-fAy][cmd] /home/CSCScience.ca/apetkau/miniconda3/envs/bigsi_mccortex/bin/mccortex31 build --nkmers 33000000 --threads 1 --kmer 13 --mem 10G --sample ERR1713332 --seq metagenomics/kmer-counts-jellyfish/13/ERR1713332.kmer.gz metagenomics/bigsi/13/mccortex.ERR1713332.ctx
[11 Dec 2019 23:39:50-fAy][cwd] /home/CSCScience.ca/apetkau/workspace/comp7934-project
[11 Dec 2019 23:39:50-fAy][version] mccortex=v0.0.3-610-g400c0e3 zlib=1.2.11 htslib=1.8-17-g699ed53 ASSERTS=ON hash=Lookup3 CHECKS=ON k=3..31
[11 Dec 2019 23:39:50-fAy] Saving graph to: metagenomics/bigsi/13/mccortex.ERR1713332.ctx
[11 Dec 2019 23:39:50-fAy][sample] 0: ERR1713332
[11 Dec 2019 23:39:50-fAy][task] metagenomics/kmer-counts-jellyfish/13/ERR1713332.kmer.gz; FASTQ offset: auto-detect, threshold: off; cut homopolymers: off; remove PCR duplicates: no; colour: 0
[11 Dec 2019 23:39:50-fAy][memory] 104 bits per kmer
[11 Dec 2019 23:39:50-fAy] Note: Using less memory than requested (418MB < 10GB); allows for 33,554,432 kmers
[11 Dec 2019 23:39:50-fAy][memory] graph: 418MB
[11 Dec 2019 23:39:50-fAy][memory] total: 418MB of 62.6GB RAM
[11 Dec 2019 23:39:50-fAy] Writing 1 colour graph to metagenomics/bigsi/13/mccortex.ERR1713332.ctx
[11 Dec 2019 23:39:50-fAy][hasht] Allocating table with 33,554,432 entries, using 258MB
[11 Dec 2019 23:39:50-fAy][hasht]  number of buckets: 1,048,576, bucket size: 32
[11 Dec 2019 23:39:50-fAy][graph] kmer-size: 13; colours: 1; capacity: 33,554,432
[11 Dec 2019 23:39:50-fAy][hasht] buckets: 1,048,576 [2^20]; bucket size: 32; 
[11 Dec 2019 23:39:50-fAy][hasht] memory: 258MB; filled: 0 / 33,554,432 (0.00%)
[11 Dec 2019 23:39:50-fAy][asyncio] Inputs: 1; Threads: 1
[11 Dec 2019 23:39:50-fAy][seq] Parsing sequence file metagenomics/kmer-counts-jellyfish/13/ERR1713332.kmer.gz
[11 Dec 2019 23:39:56-fAy][BuildGraph] Read 5,000,000 entries (reads / read pairs)
[11 Dec 2019 23:39:57-fAy][seq] Loaded 6,545,980 reads and 0 reads pairs (file: metagenomics/kmer-counts-jellyfish/13/ERR1713332.kmer.gz)
[11 Dec 2019 23:39:57-fAy][hasht] buckets: 1,048,576 [2^20]; bucket size: 32; 
[11 Dec 2019 23:39:57-fAy][hasht] memory: 258MB; filled: 6,545,980 / 33,554,432 (19.51%)
[11 Dec 2019 23:39:57-fAy][hasht]  collisions  0: 6545980
[11 Dec 2019 23:39:57-fAy][task] input: metagenomics/kmer-counts-jellyfish/13/ERR1713332.kmer.gz colour: 0
[11 Dec 2019 23:39:57-fAy]  SE reads: 6,545,980  PE reads: 0
[11 Dec 2019 23:39:57-fAy]  good reads: 6,545,980  bad reads: 0
[11 Dec 2019 23:39:57-fAy]  dup SE reads: 0  dup PE pairs: 0
[11 Dec 2019 23:39:57-fAy]  bases read: 85,097,740  bases loaded: 85,097,740
[11 Dec 2019 23:39:57-fAy]  num contigs: 6,545,980  num kmers: 6,545,980 novel kmers: 6,545,980
[11 Dec 2019 23:39:57-fAy] Dumping graph...
[11 Dec 2019 23:39:57-fAy][graphwriter] Saving file to: metagenomics/bigsi/13/mccortex.ERR1713332.ctx
[11 Dec 2019 23:39:57-fAy][FileFilter] Writing graph  [1 src colour]
[11 Dec 2019 23:39:58-fAy][graphwriter] Dumped 6,545,980 kmers in 1 colour into: metagenomics/bigsi/13/mccortex.ERR1713332.ctx (ver: 6)
[11 Dec 2019 23:39:58-fAy][memory] We made 19 allocs
[11 Dec 2019 23:39:58-fAy] Done.
[11 Dec 2019 23:39:58-fAy][time] 8.00 seconds
	Command being timed: "mccortex 13 build --nkmers 33000000 --threads 1 --kmer 13 --mem 10G --sample ERR1713332 --seq metagenomics/kmer-counts-jellyfish/13/ERR1713332.kmer.gz metagenomics/bigsi/13/mccortex.ERR1713332.ctx"
	User time (seconds): 10.82
	System time (seconds): 2.65
	Percent of CPU this job got: 176%
	Elapsed (wall clock) time (h:mm:ss or m:ss): 0:07.63
	Average shared text size (kbytes): 0
	Average unshared data size (kbytes): 0
	Average stack size (kbytes): 0
	Average total size (kbytes): 0
	Maximum resident set size (kbytes): 404484
	Average resident set size (kbytes): 0
	Major (requiring I/O) page faults: 0
	Minor (reclaiming a frame) page faults: 543026
	Voluntary context switches: 252859
	Involuntary context switches: 218
	Swaps: 0
	File system inputs: 57032
	File system outputs: 166216
	Socket messages sent: 0
	Socket messages received: 0
	Signals delivered: 0
	Page size (bytes): 4096
	Exit status: 0
