[11 Dec 2019 23:46:50-VEs][cmd] /home/CSCScience.ca/apetkau/miniconda3/envs/bigsi_mccortex/bin/mccortex31 build --nkmers 33000000 --threads 1 --kmer 13 --mem 10G --sample ERR1713379 --seq metagenomics/kmer-counts-jellyfish/13/ERR1713379.kmer.gz metagenomics/bigsi/13/mccortex.ERR1713379.ctx
[11 Dec 2019 23:46:50-VEs][cwd] /home/CSCScience.ca/apetkau/workspace/comp7934-project
[11 Dec 2019 23:46:50-VEs][version] mccortex=v0.0.3-610-g400c0e3 zlib=1.2.11 htslib=1.8-17-g699ed53 ASSERTS=ON hash=Lookup3 CHECKS=ON k=3..31
[11 Dec 2019 23:46:50-VEs] Saving graph to: metagenomics/bigsi/13/mccortex.ERR1713379.ctx
[11 Dec 2019 23:46:50-VEs][sample] 0: ERR1713379
[11 Dec 2019 23:46:50-VEs][task] metagenomics/kmer-counts-jellyfish/13/ERR1713379.kmer.gz; FASTQ offset: auto-detect, threshold: off; cut homopolymers: off; remove PCR duplicates: no; colour: 0
[11 Dec 2019 23:46:50-VEs][memory] 104 bits per kmer
[11 Dec 2019 23:46:50-VEs] Note: Using less memory than requested (418MB < 10GB); allows for 33,554,432 kmers
[11 Dec 2019 23:46:50-VEs][memory] graph: 418MB
[11 Dec 2019 23:46:50-VEs][memory] total: 418MB of 62.6GB RAM
[11 Dec 2019 23:46:50-VEs] Writing 1 colour graph to metagenomics/bigsi/13/mccortex.ERR1713379.ctx
[11 Dec 2019 23:46:50-VEs][hasht] Allocating table with 33,554,432 entries, using 258MB
[11 Dec 2019 23:46:50-VEs][hasht]  number of buckets: 1,048,576, bucket size: 32
[11 Dec 2019 23:46:50-VEs][graph] kmer-size: 13; colours: 1; capacity: 33,554,432
[11 Dec 2019 23:46:50-VEs][hasht] buckets: 1,048,576 [2^20]; bucket size: 32; 
[11 Dec 2019 23:46:50-VEs][hasht] memory: 258MB; filled: 0 / 33,554,432 (0.00%)
[11 Dec 2019 23:46:50-VEs][asyncio] Inputs: 1; Threads: 1
[11 Dec 2019 23:46:50-VEs][seq] Parsing sequence file metagenomics/kmer-counts-jellyfish/13/ERR1713379.kmer.gz
[11 Dec 2019 23:46:58-VEs][BuildGraph] Read 5,000,000 entries (reads / read pairs)
[11 Dec 2019 23:47:00-VEs][seq] Loaded 6,832,757 reads and 0 reads pairs (file: metagenomics/kmer-counts-jellyfish/13/ERR1713379.kmer.gz)
[11 Dec 2019 23:47:00-VEs][hasht] buckets: 1,048,576 [2^20]; bucket size: 32; 
[11 Dec 2019 23:47:00-VEs][hasht] memory: 258MB; filled: 6,832,757 / 33,554,432 (20.36%)
[11 Dec 2019 23:47:00-VEs][hasht]  collisions  0: 6832757
[11 Dec 2019 23:47:00-VEs][task] input: metagenomics/kmer-counts-jellyfish/13/ERR1713379.kmer.gz colour: 0
[11 Dec 2019 23:47:00-VEs]  SE reads: 6,832,757  PE reads: 0
[11 Dec 2019 23:47:00-VEs]  good reads: 6,832,757  bad reads: 0
[11 Dec 2019 23:47:00-VEs]  dup SE reads: 0  dup PE pairs: 0
[11 Dec 2019 23:47:00-VEs]  bases read: 88,825,841  bases loaded: 88,825,841
[11 Dec 2019 23:47:00-VEs]  num contigs: 6,832,757  num kmers: 6,832,757 novel kmers: 6,832,757
[11 Dec 2019 23:47:00-VEs] Dumping graph...
[11 Dec 2019 23:47:00-VEs][graphwriter] Saving file to: metagenomics/bigsi/13/mccortex.ERR1713379.ctx
[11 Dec 2019 23:47:00-VEs][FileFilter] Writing graph  [1 src colour]
[11 Dec 2019 23:47:01-VEs][graphwriter] Dumped 6,832,757 kmers in 1 colour into: metagenomics/bigsi/13/mccortex.ERR1713379.ctx (ver: 6)
[11 Dec 2019 23:47:01-VEs][memory] We made 19 allocs
[11 Dec 2019 23:47:01-VEs] Done.
[11 Dec 2019 23:47:01-VEs][time] 11.00 seconds
	Command being timed: "mccortex 13 build --nkmers 33000000 --threads 1 --kmer 13 --mem 10G --sample ERR1713379 --seq metagenomics/kmer-counts-jellyfish/13/ERR1713379.kmer.gz metagenomics/bigsi/13/mccortex.ERR1713379.ctx"
	User time (seconds): 17.02
	System time (seconds): 2.61
	Percent of CPU this job got: 181%
	Elapsed (wall clock) time (h:mm:ss or m:ss): 0:10.83
	Average shared text size (kbytes): 0
	Average unshared data size (kbytes): 0
	Average stack size (kbytes): 0
	Average total size (kbytes): 0
	Maximum resident set size (kbytes): 404408
	Average resident set size (kbytes): 0
	Major (requiring I/O) page faults: 0
	Minor (reclaiming a frame) page faults: 442849
	Voluntary context switches: 183137
	Involuntary context switches: 172
	Swaps: 0
	File system inputs: 59528
	File system outputs: 173520
	Socket messages sent: 0
	Socket messages received: 0
	Signals delivered: 0
	Page size (bytes): 4096
	Exit status: 0
