[11 Dec 2019 23:49:02-pul][cmd] /home/CSCScience.ca/apetkau/miniconda3/envs/bigsi_mccortex/bin/mccortex31 build --nkmers 33000000 --threads 1 --kmer 13 --mem 10G --sample ERR1713403 --seq metagenomics/kmer-counts-jellyfish/13/ERR1713403.kmer.gz metagenomics/bigsi/13/mccortex.ERR1713403.ctx
[11 Dec 2019 23:49:02-pul][cwd] /home/CSCScience.ca/apetkau/workspace/comp7934-project
[11 Dec 2019 23:49:02-pul][version] mccortex=v0.0.3-610-g400c0e3 zlib=1.2.11 htslib=1.8-17-g699ed53 ASSERTS=ON hash=Lookup3 CHECKS=ON k=3..31
[11 Dec 2019 23:49:02-pul] Saving graph to: metagenomics/bigsi/13/mccortex.ERR1713403.ctx
[11 Dec 2019 23:49:02-pul][sample] 0: ERR1713403
[11 Dec 2019 23:49:02-pul][task] metagenomics/kmer-counts-jellyfish/13/ERR1713403.kmer.gz; FASTQ offset: auto-detect, threshold: off; cut homopolymers: off; remove PCR duplicates: no; colour: 0
[11 Dec 2019 23:49:02-pul][memory] 104 bits per kmer
[11 Dec 2019 23:49:02-pul] Note: Using less memory than requested (418MB < 10GB); allows for 33,554,432 kmers
[11 Dec 2019 23:49:02-pul][memory] graph: 418MB
[11 Dec 2019 23:49:02-pul][memory] total: 418MB of 62.6GB RAM
[11 Dec 2019 23:49:02-pul] Writing 1 colour graph to metagenomics/bigsi/13/mccortex.ERR1713403.ctx
[11 Dec 2019 23:49:02-pul][hasht] Allocating table with 33,554,432 entries, using 258MB
[11 Dec 2019 23:49:02-pul][hasht]  number of buckets: 1,048,576, bucket size: 32
[11 Dec 2019 23:49:02-pul][graph] kmer-size: 13; colours: 1; capacity: 33,554,432
[11 Dec 2019 23:49:02-pul][hasht] buckets: 1,048,576 [2^20]; bucket size: 32; 
[11 Dec 2019 23:49:02-pul][hasht] memory: 258MB; filled: 0 / 33,554,432 (0.00%)
[11 Dec 2019 23:49:02-pul][asyncio] Inputs: 1; Threads: 1
[11 Dec 2019 23:49:02-pul][seq] Parsing sequence file metagenomics/kmer-counts-jellyfish/13/ERR1713403.kmer.gz
[11 Dec 2019 23:49:09-pul][BuildGraph] Read 5,000,000 entries (reads / read pairs)
[11 Dec 2019 23:49:10-pul][seq] Loaded 6,679,306 reads and 0 reads pairs (file: metagenomics/kmer-counts-jellyfish/13/ERR1713403.kmer.gz)
[11 Dec 2019 23:49:10-pul][hasht] buckets: 1,048,576 [2^20]; bucket size: 32; 
[11 Dec 2019 23:49:10-pul][hasht] memory: 258MB; filled: 6,679,306 / 33,554,432 (19.91%)
[11 Dec 2019 23:49:10-pul][hasht]  collisions  0: 6679306
[11 Dec 2019 23:49:10-pul][task] input: metagenomics/kmer-counts-jellyfish/13/ERR1713403.kmer.gz colour: 0
[11 Dec 2019 23:49:10-pul]  SE reads: 6,679,306  PE reads: 0
[11 Dec 2019 23:49:10-pul]  good reads: 6,679,306  bad reads: 0
[11 Dec 2019 23:49:10-pul]  dup SE reads: 0  dup PE pairs: 0
[11 Dec 2019 23:49:10-pul]  bases read: 86,830,978  bases loaded: 86,830,978
[11 Dec 2019 23:49:10-pul]  num contigs: 6,679,306  num kmers: 6,679,306 novel kmers: 6,679,306
[11 Dec 2019 23:49:10-pul] Dumping graph...
[11 Dec 2019 23:49:10-pul][graphwriter] Saving file to: metagenomics/bigsi/13/mccortex.ERR1713403.ctx
[11 Dec 2019 23:49:10-pul][FileFilter] Writing graph  [1 src colour]
[11 Dec 2019 23:49:11-pul][graphwriter] Dumped 6,679,306 kmers in 1 colour into: metagenomics/bigsi/13/mccortex.ERR1713403.ctx (ver: 6)
[11 Dec 2019 23:49:11-pul][memory] We made 19 allocs
[11 Dec 2019 23:49:11-pul] Done.
[11 Dec 2019 23:49:11-pul][time] 9.00 seconds
	Command being timed: "mccortex 13 build --nkmers 33000000 --threads 1 --kmer 13 --mem 10G --sample ERR1713403 --seq metagenomics/kmer-counts-jellyfish/13/ERR1713403.kmer.gz metagenomics/bigsi/13/mccortex.ERR1713403.ctx"
	User time (seconds): 11.81
	System time (seconds): 3.27
	Percent of CPU this job got: 166%
	Elapsed (wall clock) time (h:mm:ss or m:ss): 0:09.03
	Average shared text size (kbytes): 0
	Average unshared data size (kbytes): 0
	Average stack size (kbytes): 0
	Average total size (kbytes): 0
	Maximum resident set size (kbytes): 404432
	Average resident set size (kbytes): 0
	Major (requiring I/O) page faults: 0
	Minor (reclaiming a frame) page faults: 442820
	Voluntary context switches: 229852
	Involuntary context switches: 18895
	Swaps: 0
	File system inputs: 58208
	File system outputs: 169600
	Socket messages sent: 0
	Socket messages received: 0
	Signals delivered: 0
	Page size (bytes): 4096
	Exit status: 0
