[11 Dec 2019 23:47:08-KaS][cmd] /home/CSCScience.ca/apetkau/miniconda3/envs/bigsi_mccortex/bin/mccortex31 build --nkmers 33000000 --threads 1 --kmer 13 --mem 10G --sample ERR1713388 --seq metagenomics/kmer-counts-jellyfish/13/ERR1713388.kmer.gz metagenomics/bigsi/13/mccortex.ERR1713388.ctx
[11 Dec 2019 23:47:08-KaS][cwd] /home/CSCScience.ca/apetkau/workspace/comp7934-project
[11 Dec 2019 23:47:08-KaS][version] mccortex=v0.0.3-610-g400c0e3 zlib=1.2.11 htslib=1.8-17-g699ed53 ASSERTS=ON hash=Lookup3 CHECKS=ON k=3..31
[11 Dec 2019 23:47:08-KaS] Saving graph to: metagenomics/bigsi/13/mccortex.ERR1713388.ctx
[11 Dec 2019 23:47:08-KaS][sample] 0: ERR1713388
[11 Dec 2019 23:47:08-KaS][task] metagenomics/kmer-counts-jellyfish/13/ERR1713388.kmer.gz; FASTQ offset: auto-detect, threshold: off; cut homopolymers: off; remove PCR duplicates: no; colour: 0
[11 Dec 2019 23:47:08-KaS][memory] 104 bits per kmer
[11 Dec 2019 23:47:08-KaS] Note: Using less memory than requested (418MB < 10GB); allows for 33,554,432 kmers
[11 Dec 2019 23:47:08-KaS][memory] graph: 418MB
[11 Dec 2019 23:47:08-KaS][memory] total: 418MB of 62.6GB RAM
[11 Dec 2019 23:47:08-KaS] Writing 1 colour graph to metagenomics/bigsi/13/mccortex.ERR1713388.ctx
[11 Dec 2019 23:47:08-KaS][hasht] Allocating table with 33,554,432 entries, using 258MB
[11 Dec 2019 23:47:08-KaS][hasht]  number of buckets: 1,048,576, bucket size: 32
[11 Dec 2019 23:47:08-KaS][graph] kmer-size: 13; colours: 1; capacity: 33,554,432
[11 Dec 2019 23:47:08-KaS][hasht] buckets: 1,048,576 [2^20]; bucket size: 32; 
[11 Dec 2019 23:47:08-KaS][hasht] memory: 258MB; filled: 0 / 33,554,432 (0.00%)
[11 Dec 2019 23:47:08-KaS][asyncio] Inputs: 1; Threads: 1
[11 Dec 2019 23:47:08-KaS][seq] Parsing sequence file metagenomics/kmer-counts-jellyfish/13/ERR1713388.kmer.gz
[11 Dec 2019 23:47:13-KaS][BuildGraph] Read 5,000,000 entries (reads / read pairs)
[11 Dec 2019 23:47:15-KaS][seq] Loaded 6,699,459 reads and 0 reads pairs (file: metagenomics/kmer-counts-jellyfish/13/ERR1713388.kmer.gz)
[11 Dec 2019 23:47:15-KaS][hasht] buckets: 1,048,576 [2^20]; bucket size: 32; 
[11 Dec 2019 23:47:15-KaS][hasht] memory: 258MB; filled: 6,699,459 / 33,554,432 (19.97%)
[11 Dec 2019 23:47:15-KaS][hasht]  collisions  0: 6699459
[11 Dec 2019 23:47:15-KaS][task] input: metagenomics/kmer-counts-jellyfish/13/ERR1713388.kmer.gz colour: 0
[11 Dec 2019 23:47:15-KaS]  SE reads: 6,699,459  PE reads: 0
[11 Dec 2019 23:47:15-KaS]  good reads: 6,699,459  bad reads: 0
[11 Dec 2019 23:47:15-KaS]  dup SE reads: 0  dup PE pairs: 0
[11 Dec 2019 23:47:15-KaS]  bases read: 87,092,967  bases loaded: 87,092,967
[11 Dec 2019 23:47:15-KaS]  num contigs: 6,699,459  num kmers: 6,699,459 novel kmers: 6,699,459
[11 Dec 2019 23:47:15-KaS] Dumping graph...
[11 Dec 2019 23:47:15-KaS][graphwriter] Saving file to: metagenomics/bigsi/13/mccortex.ERR1713388.ctx
[11 Dec 2019 23:47:15-KaS][FileFilter] Writing graph  [1 src colour]
[11 Dec 2019 23:47:16-KaS][graphwriter] Dumped 6,699,459 kmers in 1 colour into: metagenomics/bigsi/13/mccortex.ERR1713388.ctx (ver: 6)
[11 Dec 2019 23:47:16-KaS][memory] We made 19 allocs
[11 Dec 2019 23:47:16-KaS] Done.
[11 Dec 2019 23:47:16-KaS][time] 8.00 seconds
	Command being timed: "mccortex 13 build --nkmers 33000000 --threads 1 --kmer 13 --mem 10G --sample ERR1713388 --seq metagenomics/kmer-counts-jellyfish/13/ERR1713388.kmer.gz metagenomics/bigsi/13/mccortex.ERR1713388.ctx"
	User time (seconds): 10.62
	System time (seconds): 2.60
	Percent of CPU this job got: 173%
	Elapsed (wall clock) time (h:mm:ss or m:ss): 0:07.63
	Average shared text size (kbytes): 0
	Average unshared data size (kbytes): 0
	Average stack size (kbytes): 0
	Average total size (kbytes): 0
	Maximum resident set size (kbytes): 404340
	Average resident set size (kbytes): 0
	Major (requiring I/O) page faults: 0
	Minor (reclaiming a frame) page faults: 598532
	Voluntary context switches: 291453
	Involuntary context switches: 5902
	Swaps: 0
	File system inputs: 58368
	File system outputs: 170112
	Socket messages sent: 0
	Socket messages received: 0
	Signals delivered: 0
	Page size (bytes): 4096
	Exit status: 0
