[11 Dec 2019 23:47:17-TiJ][cmd] /home/CSCScience.ca/apetkau/miniconda3/envs/bigsi_mccortex/bin/mccortex31 build --nkmers 33000000 --threads 1 --kmer 13 --mem 10G --sample ERR1713393 --seq metagenomics/kmer-counts-jellyfish/13/ERR1713393.kmer.gz metagenomics/bigsi/13/mccortex.ERR1713393.ctx
[11 Dec 2019 23:47:17-TiJ][cwd] /home/CSCScience.ca/apetkau/workspace/comp7934-project
[11 Dec 2019 23:47:17-TiJ][version] mccortex=v0.0.3-610-g400c0e3 zlib=1.2.11 htslib=1.8-17-g699ed53 ASSERTS=ON hash=Lookup3 CHECKS=ON k=3..31
[11 Dec 2019 23:47:17-TiJ] Saving graph to: metagenomics/bigsi/13/mccortex.ERR1713393.ctx
[11 Dec 2019 23:47:17-TiJ][sample] 0: ERR1713393
[11 Dec 2019 23:47:17-TiJ][task] metagenomics/kmer-counts-jellyfish/13/ERR1713393.kmer.gz; FASTQ offset: auto-detect, threshold: off; cut homopolymers: off; remove PCR duplicates: no; colour: 0
[11 Dec 2019 23:47:17-TiJ][memory] 104 bits per kmer
[11 Dec 2019 23:47:17-TiJ] Note: Using less memory than requested (418MB < 10GB); allows for 33,554,432 kmers
[11 Dec 2019 23:47:17-TiJ][memory] graph: 418MB
[11 Dec 2019 23:47:17-TiJ][memory] total: 418MB of 62.6GB RAM
[11 Dec 2019 23:47:17-TiJ] Writing 1 colour graph to metagenomics/bigsi/13/mccortex.ERR1713393.ctx
[11 Dec 2019 23:47:17-TiJ][hasht] Allocating table with 33,554,432 entries, using 258MB
[11 Dec 2019 23:47:17-TiJ][hasht]  number of buckets: 1,048,576, bucket size: 32
[11 Dec 2019 23:47:17-TiJ][graph] kmer-size: 13; colours: 1; capacity: 33,554,432
[11 Dec 2019 23:47:17-TiJ][hasht] buckets: 1,048,576 [2^20]; bucket size: 32; 
[11 Dec 2019 23:47:17-TiJ][hasht] memory: 258MB; filled: 0 / 33,554,432 (0.00%)
[11 Dec 2019 23:47:17-TiJ][asyncio] Inputs: 1; Threads: 1
[11 Dec 2019 23:47:17-TiJ][seq] Parsing sequence file metagenomics/kmer-counts-jellyfish/13/ERR1713393.kmer.gz
[11 Dec 2019 23:47:22-TiJ][BuildGraph] Read 5,000,000 entries (reads / read pairs)
[11 Dec 2019 23:47:23-TiJ][seq] Loaded 6,324,603 reads and 0 reads pairs (file: metagenomics/kmer-counts-jellyfish/13/ERR1713393.kmer.gz)
[11 Dec 2019 23:47:23-TiJ][hasht] buckets: 1,048,576 [2^20]; bucket size: 32; 
[11 Dec 2019 23:47:23-TiJ][hasht] memory: 258MB; filled: 6,324,603 / 33,554,432 (18.85%)
[11 Dec 2019 23:47:23-TiJ][hasht]  collisions  0: 6324603
[11 Dec 2019 23:47:23-TiJ][task] input: metagenomics/kmer-counts-jellyfish/13/ERR1713393.kmer.gz colour: 0
[11 Dec 2019 23:47:23-TiJ]  SE reads: 6,324,603  PE reads: 0
[11 Dec 2019 23:47:23-TiJ]  good reads: 6,324,603  bad reads: 0
[11 Dec 2019 23:47:23-TiJ]  dup SE reads: 0  dup PE pairs: 0
[11 Dec 2019 23:47:23-TiJ]  bases read: 82,219,839  bases loaded: 82,219,839
[11 Dec 2019 23:47:23-TiJ]  num contigs: 6,324,603  num kmers: 6,324,603 novel kmers: 6,324,603
[11 Dec 2019 23:47:23-TiJ] Dumping graph...
[11 Dec 2019 23:47:23-TiJ][graphwriter] Saving file to: metagenomics/bigsi/13/mccortex.ERR1713393.ctx
[11 Dec 2019 23:47:23-TiJ][FileFilter] Writing graph  [1 src colour]
[11 Dec 2019 23:47:24-TiJ][graphwriter] Dumped 6,324,603 kmers in 1 colour into: metagenomics/bigsi/13/mccortex.ERR1713393.ctx (ver: 6)
[11 Dec 2019 23:47:24-TiJ][memory] We made 19 allocs
[11 Dec 2019 23:47:24-TiJ] Done.
[11 Dec 2019 23:47:24-TiJ][time] 7.00 seconds
	Command being timed: "mccortex 13 build --nkmers 33000000 --threads 1 --kmer 13 --mem 10G --sample ERR1713393 --seq metagenomics/kmer-counts-jellyfish/13/ERR1713393.kmer.gz metagenomics/bigsi/13/mccortex.ERR1713393.ctx"
	User time (seconds): 9.11
	System time (seconds): 2.36
	Percent of CPU this job got: 171%
	Elapsed (wall clock) time (h:mm:ss or m:ss): 0:06.67
	Average shared text size (kbytes): 0
	Average unshared data size (kbytes): 0
	Average stack size (kbytes): 0
	Average total size (kbytes): 0
	Maximum resident set size (kbytes): 404532
	Average resident set size (kbytes): 0
	Major (requiring I/O) page faults: 0
	Minor (reclaiming a frame) page faults: 498411
	Voluntary context switches: 233696
	Involuntary context switches: 4526
	Swaps: 0
	File system inputs: 55112
	File system outputs: 160600
	Socket messages sent: 0
	Socket messages received: 0
	Signals delivered: 0
	Page size (bytes): 4096
	Exit status: 0
