[11 Dec 2019 23:43:32-SiN][cmd] /home/CSCScience.ca/apetkau/miniconda3/envs/bigsi_mccortex/bin/mccortex31 build --nkmers 33000000 --threads 1 --kmer 13 --mem 10G --sample ERR1713362 --seq metagenomics/kmer-counts-jellyfish/13/ERR1713362.kmer.gz metagenomics/bigsi/13/mccortex.ERR1713362.ctx
[11 Dec 2019 23:43:32-SiN][cwd] /home/CSCScience.ca/apetkau/workspace/comp7934-project
[11 Dec 2019 23:43:32-SiN][version] mccortex=v0.0.3-610-g400c0e3 zlib=1.2.11 htslib=1.8-17-g699ed53 ASSERTS=ON hash=Lookup3 CHECKS=ON k=3..31
[11 Dec 2019 23:43:32-SiN] Saving graph to: metagenomics/bigsi/13/mccortex.ERR1713362.ctx
[11 Dec 2019 23:43:32-SiN][sample] 0: ERR1713362
[11 Dec 2019 23:43:32-SiN][task] metagenomics/kmer-counts-jellyfish/13/ERR1713362.kmer.gz; FASTQ offset: auto-detect, threshold: off; cut homopolymers: off; remove PCR duplicates: no; colour: 0
[11 Dec 2019 23:43:32-SiN][memory] 104 bits per kmer
[11 Dec 2019 23:43:32-SiN] Note: Using less memory than requested (418MB < 10GB); allows for 33,554,432 kmers
[11 Dec 2019 23:43:32-SiN][memory] graph: 418MB
[11 Dec 2019 23:43:32-SiN][memory] total: 418MB of 62.6GB RAM
[11 Dec 2019 23:43:32-SiN] Writing 1 colour graph to metagenomics/bigsi/13/mccortex.ERR1713362.ctx
[11 Dec 2019 23:43:32-SiN][hasht] Allocating table with 33,554,432 entries, using 258MB
[11 Dec 2019 23:43:32-SiN][hasht]  number of buckets: 1,048,576, bucket size: 32
[11 Dec 2019 23:43:32-SiN][graph] kmer-size: 13; colours: 1; capacity: 33,554,432
[11 Dec 2019 23:43:32-SiN][hasht] buckets: 1,048,576 [2^20]; bucket size: 32; 
[11 Dec 2019 23:43:32-SiN][hasht] memory: 258MB; filled: 0 / 33,554,432 (0.00%)
[11 Dec 2019 23:43:32-SiN][asyncio] Inputs: 1; Threads: 1
[11 Dec 2019 23:43:32-SiN][seq] Parsing sequence file metagenomics/kmer-counts-jellyfish/13/ERR1713362.kmer.gz
[11 Dec 2019 23:43:38-SiN][BuildGraph] Read 5,000,000 entries (reads / read pairs)
[11 Dec 2019 23:43:40-SiN][seq] Loaded 7,065,252 reads and 0 reads pairs (file: metagenomics/kmer-counts-jellyfish/13/ERR1713362.kmer.gz)
[11 Dec 2019 23:43:40-SiN][hasht] buckets: 1,048,576 [2^20]; bucket size: 32; 
[11 Dec 2019 23:43:40-SiN][hasht] memory: 258MB; filled: 7,065,252 / 33,554,432 (21.06%)
[11 Dec 2019 23:43:40-SiN][hasht]  collisions  0: 7065252
[11 Dec 2019 23:43:40-SiN][task] input: metagenomics/kmer-counts-jellyfish/13/ERR1713362.kmer.gz colour: 0
[11 Dec 2019 23:43:40-SiN]  SE reads: 7,065,252  PE reads: 0
[11 Dec 2019 23:43:40-SiN]  good reads: 7,065,252  bad reads: 0
[11 Dec 2019 23:43:40-SiN]  dup SE reads: 0  dup PE pairs: 0
[11 Dec 2019 23:43:40-SiN]  bases read: 91,848,276  bases loaded: 91,848,276
[11 Dec 2019 23:43:40-SiN]  num contigs: 7,065,252  num kmers: 7,065,252 novel kmers: 7,065,252
[11 Dec 2019 23:43:40-SiN] Dumping graph...
[11 Dec 2019 23:43:40-SiN][graphwriter] Saving file to: metagenomics/bigsi/13/mccortex.ERR1713362.ctx
[11 Dec 2019 23:43:40-SiN][FileFilter] Writing graph  [1 src colour]
[11 Dec 2019 23:43:41-SiN][graphwriter] Dumped 7,065,252 kmers in 1 colour into: metagenomics/bigsi/13/mccortex.ERR1713362.ctx (ver: 6)
[11 Dec 2019 23:43:41-SiN][memory] We made 19 allocs
[11 Dec 2019 23:43:41-SiN] Done.
[11 Dec 2019 23:43:41-SiN][time] 9.00 seconds
	Command being timed: "mccortex 13 build --nkmers 33000000 --threads 1 --kmer 13 --mem 10G --sample ERR1713362 --seq metagenomics/kmer-counts-jellyfish/13/ERR1713362.kmer.gz metagenomics/bigsi/13/mccortex.ERR1713362.ctx"
	User time (seconds): 10.71
	System time (seconds): 2.98
	Percent of CPU this job got: 168%
	Elapsed (wall clock) time (h:mm:ss or m:ss): 0:08.14
	Average shared text size (kbytes): 0
	Average unshared data size (kbytes): 0
	Average stack size (kbytes): 0
	Average total size (kbytes): 0
	Maximum resident set size (kbytes): 404348
	Average resident set size (kbytes): 0
	Major (requiring I/O) page faults: 0
	Minor (reclaiming a frame) page faults: 442844
	Voluntary context switches: 230170
	Involuntary context switches: 18853
	Swaps: 0
	File system inputs: 61576
	File system outputs: 179400
	Socket messages sent: 0
	Socket messages received: 0
	Signals delivered: 0
	Page size (bytes): 4096
	Exit status: 0
