	Command being timed: "gzip -d --stdout /home/CSCScience.ca/apetkau/workspace/comp7934-project/human/kmer-counts-jellyfish/15/SRR1033463.kmer.gz"
	User time (seconds): 0.88
	System time (seconds): 0.10
	Percent of CPU this job got: 81%
	Elapsed (wall clock) time (h:mm:ss or m:ss): 0:01.22
	Average shared text size (kbytes): 0
	Average unshared data size (kbytes): 0
	Average stack size (kbytes): 0
	Average total size (kbytes): 0
	Maximum resident set size (kbytes): 1660
	Average resident set size (kbytes): 0
	Major (requiring I/O) page faults: 0
	Minor (reclaiming a frame) page faults: 94
	Voluntary context switches: 166
	Involuntary context switches: 31
	Swaps: 0
	File system inputs: 68784
	File system outputs: 217208
	Socket messages sent: 0
	Socket messages received: 0
	Signals delivered: 0
	Page size (bytes): 4096
	Exit status: 0
