[12 Dec 2019 00:01:04-rAp][cmd] /home/CSCScience.ca/apetkau/miniconda3/envs/bigsi_mccortex/bin/mccortex31 build --nkmers 24000000 --threads 1 --kmer 13 --mem 5G --sample SRR1313216 --seq human/kmer-counts-jellyfish/13/SRR1313216.kmer.gz human/bigsi/13/mccortex.SRR1313216.ctx
[12 Dec 2019 00:01:04-rAp][cwd] /home/CSCScience.ca/apetkau/workspace/comp7934-project
[12 Dec 2019 00:01:04-rAp][version] mccortex=v0.0.3-610-g400c0e3 zlib=1.2.11 htslib=1.8-17-g699ed53 ASSERTS=ON hash=Lookup3 CHECKS=ON k=3..31
[12 Dec 2019 00:01:04-rAp] Saving graph to: human/bigsi/13/mccortex.SRR1313216.ctx
[12 Dec 2019 00:01:04-rAp][sample] 0: SRR1313216
[12 Dec 2019 00:01:04-rAp][task] human/kmer-counts-jellyfish/13/SRR1313216.kmer.gz; FASTQ offset: auto-detect, threshold: off; cut homopolymers: off; remove PCR duplicates: no; colour: 0
[12 Dec 2019 00:01:04-rAp][memory] 104 bits per kmer
[12 Dec 2019 00:01:04-rAp] Note: Using less memory than requested (300MB < 5GB); allows for 24,117,248 kmers
[12 Dec 2019 00:01:04-rAp][memory] graph: 300MB
[12 Dec 2019 00:01:04-rAp][memory] total: 300MB of 62.6GB RAM
[12 Dec 2019 00:01:04-rAp] Writing 1 colour graph to human/bigsi/13/mccortex.SRR1313216.ctx
[12 Dec 2019 00:01:04-rAp][hasht] Allocating table with 24,117,248 entries, using 185MB
[12 Dec 2019 00:01:04-rAp][hasht]  number of buckets: 524,288, bucket size: 46
[12 Dec 2019 00:01:04-rAp][graph] kmer-size: 13; colours: 1; capacity: 24,117,248
[12 Dec 2019 00:01:04-rAp][hasht] buckets: 524,288 [2^19]; bucket size: 46; 
[12 Dec 2019 00:01:04-rAp][hasht] memory: 185MB; filled: 0 / 24,117,248 (0.00%)
[12 Dec 2019 00:01:04-rAp][asyncio] Inputs: 1; Threads: 1
[12 Dec 2019 00:01:04-rAp][seq] Parsing sequence file human/kmer-counts-jellyfish/13/SRR1313216.kmer.gz
[12 Dec 2019 00:01:08-rAp][seq] Loaded 4,348,103 reads and 0 reads pairs (file: human/kmer-counts-jellyfish/13/SRR1313216.kmer.gz)
[12 Dec 2019 00:01:08-rAp][hasht] buckets: 524,288 [2^19]; bucket size: 46; 
[12 Dec 2019 00:01:08-rAp][hasht] memory: 185MB; filled: 4,348,103 / 24,117,248 (18.03%)
[12 Dec 2019 00:01:08-rAp][hasht]  collisions  0: 4348103
[12 Dec 2019 00:01:08-rAp][task] input: human/kmer-counts-jellyfish/13/SRR1313216.kmer.gz colour: 0
[12 Dec 2019 00:01:08-rAp]  SE reads: 4,348,103  PE reads: 0
[12 Dec 2019 00:01:08-rAp]  good reads: 4,348,103  bad reads: 0
[12 Dec 2019 00:01:08-rAp]  dup SE reads: 0  dup PE pairs: 0
[12 Dec 2019 00:01:08-rAp]  bases read: 56,525,339  bases loaded: 56,525,339
[12 Dec 2019 00:01:08-rAp]  num contigs: 4,348,103  num kmers: 4,348,103 novel kmers: 4,348,103
[12 Dec 2019 00:01:08-rAp] Dumping graph...
[12 Dec 2019 00:01:08-rAp][graphwriter] Saving file to: human/bigsi/13/mccortex.SRR1313216.ctx
[12 Dec 2019 00:01:08-rAp][FileFilter] Writing graph  [1 src colour]
[12 Dec 2019 00:01:09-rAp][graphwriter] Dumped 4,348,103 kmers in 1 colour into: human/bigsi/13/mccortex.SRR1313216.ctx (ver: 6)
[12 Dec 2019 00:01:09-rAp][memory] We made 19 allocs
[12 Dec 2019 00:01:09-rAp] Done.
[12 Dec 2019 00:01:09-rAp][time] 5.00 seconds
	Command being timed: "mccortex 13 build --nkmers 24000000 --threads 1 --kmer 13 --mem 5G --sample SRR1313216 --seq human/kmer-counts-jellyfish/13/SRR1313216.kmer.gz human/bigsi/13/mccortex.SRR1313216.ctx"
	User time (seconds): 6.33
	System time (seconds): 1.23
	Percent of CPU this job got: 174%
	Elapsed (wall clock) time (h:mm:ss or m:ss): 0:04.35
	Average shared text size (kbytes): 0
	Average unshared data size (kbytes): 0
	Average stack size (kbytes): 0
	Average total size (kbytes): 0
	Maximum resident set size (kbytes): 292692
	Average resident set size (kbytes): 0
	Major (requiring I/O) page faults: 0
	Minor (reclaiming a frame) page faults: 247133
	Voluntary context switches: 102595
	Involuntary context switches: 21
	Swaps: 0
	File system inputs: 37784
	File system outputs: 110416
	Socket messages sent: 0
	Socket messages received: 0
	Signals delivered: 0
	Page size (bytes): 4096
	Exit status: 0
