[11 Dec 2019 23:59:44-CuR][cmd] /home/CSCScience.ca/apetkau/miniconda3/envs/bigsi_mccortex/bin/mccortex31 build --nkmers 24000000 --threads 1 --kmer 13 --mem 5G --sample SRR1012332 --seq human/kmer-counts-jellyfish/13/SRR1012332.kmer.gz human/bigsi/13/mccortex.SRR1012332.ctx
[11 Dec 2019 23:59:44-CuR][cwd] /home/CSCScience.ca/apetkau/workspace/comp7934-project
[11 Dec 2019 23:59:44-CuR][version] mccortex=v0.0.3-610-g400c0e3 zlib=1.2.11 htslib=1.8-17-g699ed53 ASSERTS=ON hash=Lookup3 CHECKS=ON k=3..31
[11 Dec 2019 23:59:44-CuR] Saving graph to: human/bigsi/13/mccortex.SRR1012332.ctx
[11 Dec 2019 23:59:44-CuR][sample] 0: SRR1012332
[11 Dec 2019 23:59:44-CuR][task] human/kmer-counts-jellyfish/13/SRR1012332.kmer.gz; FASTQ offset: auto-detect, threshold: off; cut homopolymers: off; remove PCR duplicates: no; colour: 0
[11 Dec 2019 23:59:44-CuR][memory] 104 bits per kmer
[11 Dec 2019 23:59:44-CuR] Note: Using less memory than requested (300MB < 5GB); allows for 24,117,248 kmers
[11 Dec 2019 23:59:44-CuR][memory] graph: 300MB
[11 Dec 2019 23:59:44-CuR][memory] total: 300MB of 62.6GB RAM
[11 Dec 2019 23:59:44-CuR] Writing 1 colour graph to human/bigsi/13/mccortex.SRR1012332.ctx
[11 Dec 2019 23:59:44-CuR][hasht] Allocating table with 24,117,248 entries, using 185MB
[11 Dec 2019 23:59:44-CuR][hasht]  number of buckets: 524,288, bucket size: 46
[11 Dec 2019 23:59:44-CuR][graph] kmer-size: 13; colours: 1; capacity: 24,117,248
[11 Dec 2019 23:59:44-CuR][hasht] buckets: 524,288 [2^19]; bucket size: 46; 
[11 Dec 2019 23:59:44-CuR][hasht] memory: 185MB; filled: 0 / 24,117,248 (0.00%)
[11 Dec 2019 23:59:44-CuR][asyncio] Inputs: 1; Threads: 1
[11 Dec 2019 23:59:44-CuR][seq] Parsing sequence file human/kmer-counts-jellyfish/13/SRR1012332.kmer.gz
[11 Dec 2019 23:59:44-CuR][seq] Loaded 210,208 reads and 0 reads pairs (file: human/kmer-counts-jellyfish/13/SRR1012332.kmer.gz)
[11 Dec 2019 23:59:44-CuR][hasht] buckets: 524,288 [2^19]; bucket size: 46; 
[11 Dec 2019 23:59:44-CuR][hasht] memory: 185MB; filled: 210,208 / 24,117,248 (0.87%)
[11 Dec 2019 23:59:44-CuR][hasht]  collisions  0: 210208
[11 Dec 2019 23:59:44-CuR][task] input: human/kmer-counts-jellyfish/13/SRR1012332.kmer.gz colour: 0
[11 Dec 2019 23:59:44-CuR]  SE reads: 210,208  PE reads: 0
[11 Dec 2019 23:59:44-CuR]  good reads: 210,208  bad reads: 0
[11 Dec 2019 23:59:44-CuR]  dup SE reads: 0  dup PE pairs: 0
[11 Dec 2019 23:59:44-CuR]  bases read: 2,732,704  bases loaded: 2,732,704
[11 Dec 2019 23:59:44-CuR]  num contigs: 210,208  num kmers: 210,208 novel kmers: 210,208
[11 Dec 2019 23:59:44-CuR] Dumping graph...
[11 Dec 2019 23:59:44-CuR][graphwriter] Saving file to: human/bigsi/13/mccortex.SRR1012332.ctx
[11 Dec 2019 23:59:44-CuR][FileFilter] Writing graph  [1 src colour]
[11 Dec 2019 23:59:44-CuR][graphwriter] Dumped 210,208 kmers in 1 colour into: human/bigsi/13/mccortex.SRR1012332.ctx (ver: 6)
[11 Dec 2019 23:59:44-CuR][memory] We made 19 allocs
[11 Dec 2019 23:59:44-CuR] Done.
[11 Dec 2019 23:59:44-CuR][time] 0.00 seconds
	Command being timed: "mccortex 13 build --nkmers 24000000 --threads 1 --kmer 13 --mem 5G --sample SRR1012332 --seq human/kmer-counts-jellyfish/13/SRR1012332.kmer.gz human/bigsi/13/mccortex.SRR1012332.ctx"
	User time (seconds): 0.48
	System time (seconds): 0.47
	Percent of CPU this job got: 157%
	Elapsed (wall clock) time (h:mm:ss or m:ss): 0:00.60
	Average shared text size (kbytes): 0
	Average unshared data size (kbytes): 0
	Average stack size (kbytes): 0
	Average total size (kbytes): 0
	Maximum resident set size (kbytes): 290296
	Average resident set size (kbytes): 0
	Major (requiring I/O) page faults: 0
	Minor (reclaiming a frame) page faults: 102039
	Voluntary context switches: 37198
	Involuntary context switches: 9
	Swaps: 0
	File system inputs: 1800
	File system outputs: 5352
	Socket messages sent: 0
	Socket messages received: 0
	Signals delivered: 0
	Page size (bytes): 4096
	Exit status: 0
