[11 Dec 2019 23:59:44-vir][cmd] /home/CSCScience.ca/apetkau/miniconda3/envs/bigsi_mccortex/bin/mccortex31 build --nkmers 24000000 --threads 1 --kmer 13 --mem 5G --sample SRR039632 --seq human/kmer-counts-jellyfish/13/SRR039632.kmer.gz human/bigsi/13/mccortex.SRR039632.ctx
[11 Dec 2019 23:59:44-vir][cwd] /home/CSCScience.ca/apetkau/workspace/comp7934-project
[11 Dec 2019 23:59:44-vir][version] mccortex=v0.0.3-610-g400c0e3 zlib=1.2.11 htslib=1.8-17-g699ed53 ASSERTS=ON hash=Lookup3 CHECKS=ON k=3..31
[11 Dec 2019 23:59:44-vir] Saving graph to: human/bigsi/13/mccortex.SRR039632.ctx
[11 Dec 2019 23:59:44-vir][sample] 0: SRR039632
[11 Dec 2019 23:59:44-vir][task] human/kmer-counts-jellyfish/13/SRR039632.kmer.gz; FASTQ offset: auto-detect, threshold: off; cut homopolymers: off; remove PCR duplicates: no; colour: 0
[11 Dec 2019 23:59:44-vir][memory] 104 bits per kmer
[11 Dec 2019 23:59:44-vir] Note: Using less memory than requested (300MB < 5GB); allows for 24,117,248 kmers
[11 Dec 2019 23:59:44-vir][memory] graph: 300MB
[11 Dec 2019 23:59:44-vir][memory] total: 300MB of 62.6GB RAM
[11 Dec 2019 23:59:44-vir] Writing 1 colour graph to human/bigsi/13/mccortex.SRR039632.ctx
[11 Dec 2019 23:59:44-vir][hasht] Allocating table with 24,117,248 entries, using 185MB
[11 Dec 2019 23:59:44-vir][hasht]  number of buckets: 524,288, bucket size: 46
[11 Dec 2019 23:59:44-vir][graph] kmer-size: 13; colours: 1; capacity: 24,117,248
[11 Dec 2019 23:59:44-vir][hasht] buckets: 524,288 [2^19]; bucket size: 46; 
[11 Dec 2019 23:59:44-vir][hasht] memory: 185MB; filled: 0 / 24,117,248 (0.00%)
[11 Dec 2019 23:59:44-vir][asyncio] Inputs: 1; Threads: 1
[11 Dec 2019 23:59:44-vir][seq] Parsing sequence file human/kmer-counts-jellyfish/13/SRR039632.kmer.gz
[11 Dec 2019 23:59:48-vir][seq] Loaded 4,152,730 reads and 0 reads pairs (file: human/kmer-counts-jellyfish/13/SRR039632.kmer.gz)
[11 Dec 2019 23:59:48-vir][hasht] buckets: 524,288 [2^19]; bucket size: 46; 
[11 Dec 2019 23:59:48-vir][hasht] memory: 185MB; filled: 4,152,730 / 24,117,248 (17.22%)
[11 Dec 2019 23:59:48-vir][hasht]  collisions  0: 4152730
[11 Dec 2019 23:59:48-vir][task] input: human/kmer-counts-jellyfish/13/SRR039632.kmer.gz colour: 0
[11 Dec 2019 23:59:48-vir]  SE reads: 4,152,730  PE reads: 0
[11 Dec 2019 23:59:48-vir]  good reads: 4,152,730  bad reads: 0
[11 Dec 2019 23:59:48-vir]  dup SE reads: 0  dup PE pairs: 0
[11 Dec 2019 23:59:48-vir]  bases read: 53,985,490  bases loaded: 53,985,490
[11 Dec 2019 23:59:48-vir]  num contigs: 4,152,730  num kmers: 4,152,730 novel kmers: 4,152,730
[11 Dec 2019 23:59:48-vir] Dumping graph...
[11 Dec 2019 23:59:48-vir][graphwriter] Saving file to: human/bigsi/13/mccortex.SRR039632.ctx
[11 Dec 2019 23:59:48-vir][FileFilter] Writing graph  [1 src colour]
[11 Dec 2019 23:59:49-vir][graphwriter] Dumped 4,152,730 kmers in 1 colour into: human/bigsi/13/mccortex.SRR039632.ctx (ver: 6)
[11 Dec 2019 23:59:49-vir][memory] We made 19 allocs
[11 Dec 2019 23:59:49-vir] Done.
[11 Dec 2019 23:59:49-vir][time] 5.00 seconds
	Command being timed: "mccortex 13 build --nkmers 24000000 --threads 1 --kmer 13 --mem 5G --sample SRR039632 --seq human/kmer-counts-jellyfish/13/SRR039632.kmer.gz human/bigsi/13/mccortex.SRR039632.ctx"
	User time (seconds): 6.56
	System time (seconds): 1.73
	Percent of CPU this job got: 165%
	Elapsed (wall clock) time (h:mm:ss or m:ss): 0:05.00
	Average shared text size (kbytes): 0
	Average unshared data size (kbytes): 0
	Average stack size (kbytes): 0
	Average total size (kbytes): 0
	Maximum resident set size (kbytes): 292664
	Average resident set size (kbytes): 0
	Major (requiring I/O) page faults: 0
	Minor (reclaiming a frame) page faults: 305055
	Voluntary context switches: 131516
	Involuntary context switches: 18125
	Swaps: 0
	File system inputs: 36064
	File system outputs: 105456
	Socket messages sent: 0
	Socket messages received: 0
	Signals delivered: 0
	Page size (bytes): 4096
	Exit status: 0
