[12 Dec 2019 00:01:36-QUc][cmd] /home/CSCScience.ca/apetkau/miniconda3/envs/bigsi_mccortex/bin/mccortex31 build --nkmers 24000000 --threads 1 --kmer 13 --mem 5G --sample SRR191563 --seq human/kmer-counts-jellyfish/13/SRR191563.kmer.gz human/bigsi/13/mccortex.SRR191563.ctx
[12 Dec 2019 00:01:36-QUc][cwd] /home/CSCScience.ca/apetkau/workspace/comp7934-project
[12 Dec 2019 00:01:36-QUc][version] mccortex=v0.0.3-610-g400c0e3 zlib=1.2.11 htslib=1.8-17-g699ed53 ASSERTS=ON hash=Lookup3 CHECKS=ON k=3..31
[12 Dec 2019 00:01:36-QUc] Saving graph to: human/bigsi/13/mccortex.SRR191563.ctx
[12 Dec 2019 00:01:36-QUc][sample] 0: SRR191563
[12 Dec 2019 00:01:36-QUc][task] human/kmer-counts-jellyfish/13/SRR191563.kmer.gz; FASTQ offset: auto-detect, threshold: off; cut homopolymers: off; remove PCR duplicates: no; colour: 0
[12 Dec 2019 00:01:36-QUc][memory] 104 bits per kmer
[12 Dec 2019 00:01:36-QUc] Note: Using less memory than requested (300MB < 5GB); allows for 24,117,248 kmers
[12 Dec 2019 00:01:36-QUc][memory] graph: 300MB
[12 Dec 2019 00:01:36-QUc][memory] total: 300MB of 62.6GB RAM
[12 Dec 2019 00:01:36-QUc] Writing 1 colour graph to human/bigsi/13/mccortex.SRR191563.ctx
[12 Dec 2019 00:01:36-QUc][hasht] Allocating table with 24,117,248 entries, using 185MB
[12 Dec 2019 00:01:36-QUc][hasht]  number of buckets: 524,288, bucket size: 46
[12 Dec 2019 00:01:36-QUc][graph] kmer-size: 13; colours: 1; capacity: 24,117,248
[12 Dec 2019 00:01:36-QUc][hasht] buckets: 524,288 [2^19]; bucket size: 46; 
[12 Dec 2019 00:01:36-QUc][hasht] memory: 185MB; filled: 0 / 24,117,248 (0.00%)
[12 Dec 2019 00:01:36-QUc][asyncio] Inputs: 1; Threads: 1
[12 Dec 2019 00:01:36-QUc][seq] Parsing sequence file human/kmer-counts-jellyfish/13/SRR191563.kmer.gz
[12 Dec 2019 00:01:37-QUc][seq] Loaded 159,987 reads and 0 reads pairs (file: human/kmer-counts-jellyfish/13/SRR191563.kmer.gz)
[12 Dec 2019 00:01:37-QUc][hasht] buckets: 524,288 [2^19]; bucket size: 46; 
[12 Dec 2019 00:01:37-QUc][hasht] memory: 185MB; filled: 159,987 / 24,117,248 (0.66%)
[12 Dec 2019 00:01:37-QUc][hasht]  collisions  0: 159987
[12 Dec 2019 00:01:37-QUc][task] input: human/kmer-counts-jellyfish/13/SRR191563.kmer.gz colour: 0
[12 Dec 2019 00:01:37-QUc]  SE reads: 159,987  PE reads: 0
[12 Dec 2019 00:01:37-QUc]  good reads: 159,987  bad reads: 0
[12 Dec 2019 00:01:37-QUc]  dup SE reads: 0  dup PE pairs: 0
[12 Dec 2019 00:01:37-QUc]  bases read: 2,079,831  bases loaded: 2,079,831
[12 Dec 2019 00:01:37-QUc]  num contigs: 159,987  num kmers: 159,987 novel kmers: 159,987
[12 Dec 2019 00:01:37-QUc] Dumping graph...
[12 Dec 2019 00:01:37-QUc][graphwriter] Saving file to: human/bigsi/13/mccortex.SRR191563.ctx
[12 Dec 2019 00:01:37-QUc][FileFilter] Writing graph  [1 src colour]
[12 Dec 2019 00:01:37-QUc][graphwriter] Dumped 159,987 kmers in 1 colour into: human/bigsi/13/mccortex.SRR191563.ctx (ver: 6)
[12 Dec 2019 00:01:37-QUc][memory] We made 19 allocs
[12 Dec 2019 00:01:37-QUc] Done.
[12 Dec 2019 00:01:37-QUc][time] 1.00 seconds
	Command being timed: "mccortex 13 build --nkmers 24000000 --threads 1 --kmer 13 --mem 5G --sample SRR191563 --seq human/kmer-counts-jellyfish/13/SRR191563.kmer.gz human/bigsi/13/mccortex.SRR191563.ctx"
	User time (seconds): 0.53
	System time (seconds): 0.37
	Percent of CPU this job got: 140%
	Elapsed (wall clock) time (h:mm:ss or m:ss): 0:00.65
	Average shared text size (kbytes): 0
	Average unshared data size (kbytes): 0
	Average stack size (kbytes): 0
	Average total size (kbytes): 0
	Maximum resident set size (kbytes): 286072
	Average resident set size (kbytes): 0
	Major (requiring I/O) page faults: 0
	Minor (reclaiming a frame) page faults: 100955
	Voluntary context switches: 30535
	Involuntary context switches: 14
	Swaps: 0
	File system inputs: 1368
	File system outputs: 4072
	Socket messages sent: 0
	Socket messages received: 0
	Signals delivered: 0
	Page size (bytes): 4096
	Exit status: 0
