[11 Dec 2019 23:59:44-DaN][cmd] /home/CSCScience.ca/apetkau/miniconda3/envs/bigsi_mccortex/bin/mccortex31 build --nkmers 24000000 --threads 1 --kmer 13 --mem 5G --sample SRR1174334 --seq human/kmer-counts-jellyfish/13/SRR1174334.kmer.gz human/bigsi/13/mccortex.SRR1174334.ctx
[11 Dec 2019 23:59:44-DaN][cwd] /home/CSCScience.ca/apetkau/workspace/comp7934-project
[11 Dec 2019 23:59:44-DaN][version] mccortex=v0.0.3-610-g400c0e3 zlib=1.2.11 htslib=1.8-17-g699ed53 ASSERTS=ON hash=Lookup3 CHECKS=ON k=3..31
[11 Dec 2019 23:59:44-DaN] Saving graph to: human/bigsi/13/mccortex.SRR1174334.ctx
[11 Dec 2019 23:59:44-DaN][sample] 0: SRR1174334
[11 Dec 2019 23:59:44-DaN][task] human/kmer-counts-jellyfish/13/SRR1174334.kmer.gz; FASTQ offset: auto-detect, threshold: off; cut homopolymers: off; remove PCR duplicates: no; colour: 0
[11 Dec 2019 23:59:44-DaN][memory] 104 bits per kmer
[11 Dec 2019 23:59:44-DaN] Note: Using less memory than requested (300MB < 5GB); allows for 24,117,248 kmers
[11 Dec 2019 23:59:44-DaN][memory] graph: 300MB
[11 Dec 2019 23:59:44-DaN][memory] total: 300MB of 62.6GB RAM
[11 Dec 2019 23:59:44-DaN] Writing 1 colour graph to human/bigsi/13/mccortex.SRR1174334.ctx
[11 Dec 2019 23:59:44-DaN][hasht] Allocating table with 24,117,248 entries, using 185MB
[11 Dec 2019 23:59:44-DaN][hasht]  number of buckets: 524,288, bucket size: 46
[11 Dec 2019 23:59:44-DaN][graph] kmer-size: 13; colours: 1; capacity: 24,117,248
[11 Dec 2019 23:59:44-DaN][hasht] buckets: 524,288 [2^19]; bucket size: 46; 
[11 Dec 2019 23:59:44-DaN][hasht] memory: 185MB; filled: 0 / 24,117,248 (0.00%)
[11 Dec 2019 23:59:44-DaN][asyncio] Inputs: 1; Threads: 1
[11 Dec 2019 23:59:44-DaN][seq] Parsing sequence file human/kmer-counts-jellyfish/13/SRR1174334.kmer.gz
[11 Dec 2019 23:59:49-DaN][seq] Loaded 4,214,865 reads and 0 reads pairs (file: human/kmer-counts-jellyfish/13/SRR1174334.kmer.gz)
[11 Dec 2019 23:59:49-DaN][hasht] buckets: 524,288 [2^19]; bucket size: 46; 
[11 Dec 2019 23:59:49-DaN][hasht] memory: 185MB; filled: 4,214,865 / 24,117,248 (17.48%)
[11 Dec 2019 23:59:49-DaN][hasht]  collisions  0: 4214865
[11 Dec 2019 23:59:49-DaN][task] input: human/kmer-counts-jellyfish/13/SRR1174334.kmer.gz colour: 0
[11 Dec 2019 23:59:49-DaN]  SE reads: 4,214,865  PE reads: 0
[11 Dec 2019 23:59:49-DaN]  good reads: 4,214,865  bad reads: 0
[11 Dec 2019 23:59:49-DaN]  dup SE reads: 0  dup PE pairs: 0
[11 Dec 2019 23:59:49-DaN]  bases read: 54,793,245  bases loaded: 54,793,245
[11 Dec 2019 23:59:49-DaN]  num contigs: 4,214,865  num kmers: 4,214,865 novel kmers: 4,214,865
[11 Dec 2019 23:59:49-DaN] Dumping graph...
[11 Dec 2019 23:59:49-DaN][graphwriter] Saving file to: human/bigsi/13/mccortex.SRR1174334.ctx
[11 Dec 2019 23:59:49-DaN][FileFilter] Writing graph  [1 src colour]
[11 Dec 2019 23:59:49-DaN][graphwriter] Dumped 4,214,865 kmers in 1 colour into: human/bigsi/13/mccortex.SRR1174334.ctx (ver: 6)
[11 Dec 2019 23:59:49-DaN][memory] We made 19 allocs
[11 Dec 2019 23:59:49-DaN] Done.
[11 Dec 2019 23:59:49-DaN][time] 5.00 seconds
	Command being timed: "mccortex 13 build --nkmers 24000000 --threads 1 --kmer 13 --mem 5G --sample SRR1174334 --seq human/kmer-counts-jellyfish/13/SRR1174334.kmer.gz human/bigsi/13/mccortex.SRR1174334.ctx"
	User time (seconds): 7.32
	System time (seconds): 1.85
	Percent of CPU this job got: 162%
	Elapsed (wall clock) time (h:mm:ss or m:ss): 0:05.66
	Average shared text size (kbytes): 0
	Average unshared data size (kbytes): 0
	Average stack size (kbytes): 0
	Average total size (kbytes): 0
	Maximum resident set size (kbytes): 292864
	Average resident set size (kbytes): 0
	Major (requiring I/O) page faults: 0
	Minor (reclaiming a frame) page faults: 304788
	Voluntary context switches: 144309
	Involuntary context switches: 21023
	Swaps: 0
	File system inputs: 36656
	File system outputs: 107032
	Socket messages sent: 0
	Socket messages received: 0
	Signals delivered: 0
	Page size (bytes): 4096
	Exit status: 0
