[11 Dec 2019 23:59:44-ROY][cmd] /home/CSCScience.ca/apetkau/miniconda3/envs/bigsi_mccortex/bin/mccortex31 build --nkmers 24000000 --threads 1 --kmer 13 --mem 5G --sample SRR1292581 --seq human/kmer-counts-jellyfish/13/SRR1292581.kmer.gz human/bigsi/13/mccortex.SRR1292581.ctx
[11 Dec 2019 23:59:44-ROY][cwd] /home/CSCScience.ca/apetkau/workspace/comp7934-project
[11 Dec 2019 23:59:44-ROY][version] mccortex=v0.0.3-610-g400c0e3 zlib=1.2.11 htslib=1.8-17-g699ed53 ASSERTS=ON hash=Lookup3 CHECKS=ON k=3..31
[11 Dec 2019 23:59:44-ROY] Saving graph to: human/bigsi/13/mccortex.SRR1292581.ctx
[11 Dec 2019 23:59:44-ROY][sample] 0: SRR1292581
[11 Dec 2019 23:59:44-ROY][task] human/kmer-counts-jellyfish/13/SRR1292581.kmer.gz; FASTQ offset: auto-detect, threshold: off; cut homopolymers: off; remove PCR duplicates: no; colour: 0
[11 Dec 2019 23:59:44-ROY][memory] 104 bits per kmer
[11 Dec 2019 23:59:44-ROY] Note: Using less memory than requested (300MB < 5GB); allows for 24,117,248 kmers
[11 Dec 2019 23:59:44-ROY][memory] graph: 300MB
[11 Dec 2019 23:59:44-ROY][memory] total: 300MB of 62.6GB RAM
[11 Dec 2019 23:59:44-ROY] Writing 1 colour graph to human/bigsi/13/mccortex.SRR1292581.ctx
[11 Dec 2019 23:59:44-ROY][hasht] Allocating table with 24,117,248 entries, using 185MB
[11 Dec 2019 23:59:44-ROY][hasht]  number of buckets: 524,288, bucket size: 46
[11 Dec 2019 23:59:44-ROY][graph] kmer-size: 13; colours: 1; capacity: 24,117,248
[11 Dec 2019 23:59:44-ROY][hasht] buckets: 524,288 [2^19]; bucket size: 46; 
[11 Dec 2019 23:59:44-ROY][hasht] memory: 185MB; filled: 0 / 24,117,248 (0.00%)
[11 Dec 2019 23:59:44-ROY][asyncio] Inputs: 1; Threads: 1
[11 Dec 2019 23:59:44-ROY][seq] Parsing sequence file human/kmer-counts-jellyfish/13/SRR1292581.kmer.gz
[11 Dec 2019 23:59:49-ROY][seq] Loaded 4,948,099 reads and 0 reads pairs (file: human/kmer-counts-jellyfish/13/SRR1292581.kmer.gz)
[11 Dec 2019 23:59:49-ROY][hasht] buckets: 524,288 [2^19]; bucket size: 46; 
[11 Dec 2019 23:59:49-ROY][hasht] memory: 185MB; filled: 4,948,099 / 24,117,248 (20.52%)
[11 Dec 2019 23:59:49-ROY][hasht]  collisions  0: 4948099
[11 Dec 2019 23:59:49-ROY][task] input: human/kmer-counts-jellyfish/13/SRR1292581.kmer.gz colour: 0
[11 Dec 2019 23:59:49-ROY]  SE reads: 4,948,099  PE reads: 0
[11 Dec 2019 23:59:49-ROY]  good reads: 4,948,099  bad reads: 0
[11 Dec 2019 23:59:49-ROY]  dup SE reads: 0  dup PE pairs: 0
[11 Dec 2019 23:59:49-ROY]  bases read: 64,325,287  bases loaded: 64,325,287
[11 Dec 2019 23:59:49-ROY]  num contigs: 4,948,099  num kmers: 4,948,099 novel kmers: 4,948,099
[11 Dec 2019 23:59:49-ROY] Dumping graph...
[11 Dec 2019 23:59:49-ROY][graphwriter] Saving file to: human/bigsi/13/mccortex.SRR1292581.ctx
[11 Dec 2019 23:59:49-ROY][FileFilter] Writing graph  [1 src colour]
[11 Dec 2019 23:59:50-ROY][graphwriter] Dumped 4,948,099 kmers in 1 colour into: human/bigsi/13/mccortex.SRR1292581.ctx (ver: 6)
[11 Dec 2019 23:59:50-ROY][memory] We made 19 allocs
[11 Dec 2019 23:59:50-ROY] Done.
[11 Dec 2019 23:59:50-ROY][time] 6.00 seconds
	Command being timed: "mccortex 13 build --nkmers 24000000 --threads 1 --kmer 13 --mem 5G --sample SRR1292581 --seq human/kmer-counts-jellyfish/13/SRR1292581.kmer.gz human/bigsi/13/mccortex.SRR1292581.ctx"
	User time (seconds): 7.84
	System time (seconds): 2.08
	Percent of CPU this job got: 165%
	Elapsed (wall clock) time (h:mm:ss or m:ss): 0:06.01
	Average shared text size (kbytes): 0
	Average unshared data size (kbytes): 0
	Average stack size (kbytes): 0
	Average total size (kbytes): 0
	Maximum resident set size (kbytes): 292664
	Average resident set size (kbytes): 0
	Major (requiring I/O) page faults: 0
	Minor (reclaiming a frame) page faults: 319366
	Voluntary context switches: 155348
	Involuntary context switches: 33806
	Swaps: 0
	File system inputs: 43016
	File system outputs: 125648
	Socket messages sent: 0
	Socket messages received: 0
	Signals delivered: 0
	Page size (bytes): 4096
	Exit status: 0
