[11 Dec 2019 23:59:44-sIQ][cmd] /home/CSCScience.ca/apetkau/miniconda3/envs/bigsi_mccortex/bin/mccortex31 build --nkmers 24000000 --threads 1 --kmer 13 --mem 5G --sample SRR1024141 --seq human/kmer-counts-jellyfish/13/SRR1024141.kmer.gz human/bigsi/13/mccortex.SRR1024141.ctx
[11 Dec 2019 23:59:44-sIQ][cwd] /home/CSCScience.ca/apetkau/workspace/comp7934-project
[11 Dec 2019 23:59:44-sIQ][version] mccortex=v0.0.3-610-g400c0e3 zlib=1.2.11 htslib=1.8-17-g699ed53 ASSERTS=ON hash=Lookup3 CHECKS=ON k=3..31
[11 Dec 2019 23:59:44-sIQ] Saving graph to: human/bigsi/13/mccortex.SRR1024141.ctx
[11 Dec 2019 23:59:44-sIQ][sample] 0: SRR1024141
[11 Dec 2019 23:59:44-sIQ][task] human/kmer-counts-jellyfish/13/SRR1024141.kmer.gz; FASTQ offset: auto-detect, threshold: off; cut homopolymers: off; remove PCR duplicates: no; colour: 0
[11 Dec 2019 23:59:44-sIQ][memory] 104 bits per kmer
[11 Dec 2019 23:59:44-sIQ] Note: Using less memory than requested (300MB < 5GB); allows for 24,117,248 kmers
[11 Dec 2019 23:59:44-sIQ][memory] graph: 300MB
[11 Dec 2019 23:59:44-sIQ][memory] total: 300MB of 62.6GB RAM
[11 Dec 2019 23:59:44-sIQ] Writing 1 colour graph to human/bigsi/13/mccortex.SRR1024141.ctx
[11 Dec 2019 23:59:44-sIQ][hasht] Allocating table with 24,117,248 entries, using 185MB
[11 Dec 2019 23:59:44-sIQ][hasht]  number of buckets: 524,288, bucket size: 46
[11 Dec 2019 23:59:44-sIQ][graph] kmer-size: 13; colours: 1; capacity: 24,117,248
[11 Dec 2019 23:59:44-sIQ][hasht] buckets: 524,288 [2^19]; bucket size: 46; 
[11 Dec 2019 23:59:44-sIQ][hasht] memory: 185MB; filled: 0 / 24,117,248 (0.00%)
[11 Dec 2019 23:59:44-sIQ][asyncio] Inputs: 1; Threads: 1
[11 Dec 2019 23:59:44-sIQ][seq] Parsing sequence file human/kmer-counts-jellyfish/13/SRR1024141.kmer.gz
[11 Dec 2019 23:59:46-sIQ][seq] Loaded 1,028,782 reads and 0 reads pairs (file: human/kmer-counts-jellyfish/13/SRR1024141.kmer.gz)
[11 Dec 2019 23:59:46-sIQ][hasht] buckets: 524,288 [2^19]; bucket size: 46; 
[11 Dec 2019 23:59:46-sIQ][hasht] memory: 185MB; filled: 1,028,782 / 24,117,248 (4.27%)
[11 Dec 2019 23:59:46-sIQ][hasht]  collisions  0: 1028782
[11 Dec 2019 23:59:46-sIQ][task] input: human/kmer-counts-jellyfish/13/SRR1024141.kmer.gz colour: 0
[11 Dec 2019 23:59:46-sIQ]  SE reads: 1,028,782  PE reads: 0
[11 Dec 2019 23:59:46-sIQ]  good reads: 1,028,782  bad reads: 0
[11 Dec 2019 23:59:46-sIQ]  dup SE reads: 0  dup PE pairs: 0
[11 Dec 2019 23:59:46-sIQ]  bases read: 13,374,166  bases loaded: 13,374,166
[11 Dec 2019 23:59:46-sIQ]  num contigs: 1,028,782  num kmers: 1,028,782 novel kmers: 1,028,782
[11 Dec 2019 23:59:46-sIQ] Dumping graph...
[11 Dec 2019 23:59:46-sIQ][graphwriter] Saving file to: human/bigsi/13/mccortex.SRR1024141.ctx
[11 Dec 2019 23:59:46-sIQ][FileFilter] Writing graph  [1 src colour]
[11 Dec 2019 23:59:46-sIQ][graphwriter] Dumped 1,028,782 kmers in 1 colour into: human/bigsi/13/mccortex.SRR1024141.ctx (ver: 6)
[11 Dec 2019 23:59:46-sIQ][memory] We made 19 allocs
[11 Dec 2019 23:59:46-sIQ] Done.
[11 Dec 2019 23:59:46-sIQ][time] 2.00 seconds
	Command being timed: "mccortex 13 build --nkmers 24000000 --threads 1 --kmer 13 --mem 5G --sample SRR1024141 --seq human/kmer-counts-jellyfish/13/SRR1024141.kmer.gz human/bigsi/13/mccortex.SRR1024141.ctx"
	User time (seconds): 2.25
	System time (seconds): 1.27
	Percent of CPU this job got: 164%
	Elapsed (wall clock) time (h:mm:ss or m:ss): 0:02.13
	Average shared text size (kbytes): 0
	Average unshared data size (kbytes): 0
	Average stack size (kbytes): 0
	Average total size (kbytes): 0
	Maximum resident set size (kbytes): 292864
	Average resident set size (kbytes): 0
	Major (requiring I/O) page faults: 0
	Minor (reclaiming a frame) page faults: 174878
	Voluntary context switches: 104199
	Involuntary context switches: 1043
	Swaps: 0
	File system inputs: 8864
	File system outputs: 26136
	Socket messages sent: 0
	Socket messages received: 0
	Signals delivered: 0
	Page size (bytes): 4096
	Exit status: 0
