[12 Dec 2019 00:00:51-QOd][cmd] /home/CSCScience.ca/apetkau/miniconda3/envs/bigsi_mccortex/bin/mccortex31 build --nkmers 24000000 --threads 1 --kmer 13 --mem 5G --sample SRR1313105 --seq human/kmer-counts-jellyfish/13/SRR1313105.kmer.gz human/bigsi/13/mccortex.SRR1313105.ctx
[12 Dec 2019 00:00:51-QOd][cwd] /home/CSCScience.ca/apetkau/workspace/comp7934-project
[12 Dec 2019 00:00:51-QOd][version] mccortex=v0.0.3-610-g400c0e3 zlib=1.2.11 htslib=1.8-17-g699ed53 ASSERTS=ON hash=Lookup3 CHECKS=ON k=3..31
[12 Dec 2019 00:00:51-QOd] Saving graph to: human/bigsi/13/mccortex.SRR1313105.ctx
[12 Dec 2019 00:00:51-QOd][sample] 0: SRR1313105
[12 Dec 2019 00:00:51-QOd][task] human/kmer-counts-jellyfish/13/SRR1313105.kmer.gz; FASTQ offset: auto-detect, threshold: off; cut homopolymers: off; remove PCR duplicates: no; colour: 0
[12 Dec 2019 00:00:51-QOd][memory] 104 bits per kmer
[12 Dec 2019 00:00:51-QOd] Note: Using less memory than requested (300MB < 5GB); allows for 24,117,248 kmers
[12 Dec 2019 00:00:51-QOd][memory] graph: 300MB
[12 Dec 2019 00:00:51-QOd][memory] total: 300MB of 62.6GB RAM
[12 Dec 2019 00:00:51-QOd] Writing 1 colour graph to human/bigsi/13/mccortex.SRR1313105.ctx
[12 Dec 2019 00:00:51-QOd][hasht] Allocating table with 24,117,248 entries, using 185MB
[12 Dec 2019 00:00:51-QOd][hasht]  number of buckets: 524,288, bucket size: 46
[12 Dec 2019 00:00:51-QOd][graph] kmer-size: 13; colours: 1; capacity: 24,117,248
[12 Dec 2019 00:00:51-QOd][hasht] buckets: 524,288 [2^19]; bucket size: 46; 
[12 Dec 2019 00:00:51-QOd][hasht] memory: 185MB; filled: 0 / 24,117,248 (0.00%)
[12 Dec 2019 00:00:51-QOd][asyncio] Inputs: 1; Threads: 1
[12 Dec 2019 00:00:51-QOd][seq] Parsing sequence file human/kmer-counts-jellyfish/13/SRR1313105.kmer.gz
[12 Dec 2019 00:00:55-QOd][seq] Loaded 4,496,869 reads and 0 reads pairs (file: human/kmer-counts-jellyfish/13/SRR1313105.kmer.gz)
[12 Dec 2019 00:00:55-QOd][hasht] buckets: 524,288 [2^19]; bucket size: 46; 
[12 Dec 2019 00:00:55-QOd][hasht] memory: 185MB; filled: 4,496,869 / 24,117,248 (18.65%)
[12 Dec 2019 00:00:55-QOd][hasht]  collisions  0: 4496869
[12 Dec 2019 00:00:55-QOd][task] input: human/kmer-counts-jellyfish/13/SRR1313105.kmer.gz colour: 0
[12 Dec 2019 00:00:55-QOd]  SE reads: 4,496,869  PE reads: 0
[12 Dec 2019 00:00:55-QOd]  good reads: 4,496,869  bad reads: 0
[12 Dec 2019 00:00:55-QOd]  dup SE reads: 0  dup PE pairs: 0
[12 Dec 2019 00:00:55-QOd]  bases read: 58,459,297  bases loaded: 58,459,297
[12 Dec 2019 00:00:55-QOd]  num contigs: 4,496,869  num kmers: 4,496,869 novel kmers: 4,496,869
[12 Dec 2019 00:00:55-QOd] Dumping graph...
[12 Dec 2019 00:00:55-QOd][graphwriter] Saving file to: human/bigsi/13/mccortex.SRR1313105.ctx
[12 Dec 2019 00:00:55-QOd][FileFilter] Writing graph  [1 src colour]
[12 Dec 2019 00:00:55-QOd][graphwriter] Dumped 4,496,869 kmers in 1 colour into: human/bigsi/13/mccortex.SRR1313105.ctx (ver: 6)
[12 Dec 2019 00:00:55-QOd][memory] We made 19 allocs
[12 Dec 2019 00:00:55-QOd] Done.
[12 Dec 2019 00:00:55-QOd][time] 4.00 seconds
	Command being timed: "mccortex 13 build --nkmers 24000000 --threads 1 --kmer 13 --mem 5G --sample SRR1313105 --seq human/kmer-counts-jellyfish/13/SRR1313105.kmer.gz human/bigsi/13/mccortex.SRR1313105.ctx"
	User time (seconds): 6.49
	System time (seconds): 1.45
	Percent of CPU this job got: 172%
	Elapsed (wall clock) time (h:mm:ss or m:ss): 0:04.60
	Average shared text size (kbytes): 0
	Average unshared data size (kbytes): 0
	Average stack size (kbytes): 0
	Average total size (kbytes): 0
	Maximum resident set size (kbytes): 292668
	Average resident set size (kbytes): 0
	Major (requiring I/O) page faults: 0
	Minor (reclaiming a frame) page faults: 305066
	Voluntary context switches: 115545
	Involuntary context switches: 172
	Swaps: 0
	File system inputs: 39048
	File system outputs: 114192
	Socket messages sent: 0
	Socket messages received: 0
	Signals delivered: 0
	Page size (bytes): 4096
	Exit status: 0
