[12 Dec 2019 00:01:55-qac][cmd] /home/CSCScience.ca/apetkau/miniconda3/envs/bigsi_mccortex/bin/mccortex31 build --nkmers 24000000 --threads 1 --kmer 13 --mem 5G --sample SRR191693 --seq human/kmer-counts-jellyfish/13/SRR191693.kmer.gz human/bigsi/13/mccortex.SRR191693.ctx
[12 Dec 2019 00:01:55-qac][cwd] /home/CSCScience.ca/apetkau/workspace/comp7934-project
[12 Dec 2019 00:01:55-qac][version] mccortex=v0.0.3-610-g400c0e3 zlib=1.2.11 htslib=1.8-17-g699ed53 ASSERTS=ON hash=Lookup3 CHECKS=ON k=3..31
[12 Dec 2019 00:01:55-qac] Saving graph to: human/bigsi/13/mccortex.SRR191693.ctx
[12 Dec 2019 00:01:55-qac][sample] 0: SRR191693
[12 Dec 2019 00:01:55-qac][task] human/kmer-counts-jellyfish/13/SRR191693.kmer.gz; FASTQ offset: auto-detect, threshold: off; cut homopolymers: off; remove PCR duplicates: no; colour: 0
[12 Dec 2019 00:01:55-qac][memory] 104 bits per kmer
[12 Dec 2019 00:01:55-qac] Note: Using less memory than requested (300MB < 5GB); allows for 24,117,248 kmers
[12 Dec 2019 00:01:55-qac][memory] graph: 300MB
[12 Dec 2019 00:01:55-qac][memory] total: 300MB of 62.6GB RAM
[12 Dec 2019 00:01:55-qac] Writing 1 colour graph to human/bigsi/13/mccortex.SRR191693.ctx
[12 Dec 2019 00:01:55-qac][hasht] Allocating table with 24,117,248 entries, using 185MB
[12 Dec 2019 00:01:55-qac][hasht]  number of buckets: 524,288, bucket size: 46
[12 Dec 2019 00:01:55-qac][graph] kmer-size: 13; colours: 1; capacity: 24,117,248
[12 Dec 2019 00:01:55-qac][hasht] buckets: 524,288 [2^19]; bucket size: 46; 
[12 Dec 2019 00:01:55-qac][hasht] memory: 185MB; filled: 0 / 24,117,248 (0.00%)
[12 Dec 2019 00:01:55-qac][asyncio] Inputs: 1; Threads: 1
[12 Dec 2019 00:01:55-qac][seq] Parsing sequence file human/kmer-counts-jellyfish/13/SRR191693.kmer.gz
[12 Dec 2019 00:01:56-qac][seq] Loaded 1,551,478 reads and 0 reads pairs (file: human/kmer-counts-jellyfish/13/SRR191693.kmer.gz)
[12 Dec 2019 00:01:56-qac][hasht] buckets: 524,288 [2^19]; bucket size: 46; 
[12 Dec 2019 00:01:56-qac][hasht] memory: 185MB; filled: 1,551,478 / 24,117,248 (6.43%)
[12 Dec 2019 00:01:56-qac][hasht]  collisions  0: 1551478
[12 Dec 2019 00:01:56-qac][task] input: human/kmer-counts-jellyfish/13/SRR191693.kmer.gz colour: 0
[12 Dec 2019 00:01:56-qac]  SE reads: 1,551,478  PE reads: 0
[12 Dec 2019 00:01:56-qac]  good reads: 1,551,478  bad reads: 0
[12 Dec 2019 00:01:56-qac]  dup SE reads: 0  dup PE pairs: 0
[12 Dec 2019 00:01:56-qac]  bases read: 20,169,214  bases loaded: 20,169,214
[12 Dec 2019 00:01:56-qac]  num contigs: 1,551,478  num kmers: 1,551,478 novel kmers: 1,551,478
[12 Dec 2019 00:01:56-qac] Dumping graph...
[12 Dec 2019 00:01:56-qac][graphwriter] Saving file to: human/bigsi/13/mccortex.SRR191693.ctx
[12 Dec 2019 00:01:56-qac][FileFilter] Writing graph  [1 src colour]
[12 Dec 2019 00:01:56-qac][graphwriter] Dumped 1,551,478 kmers in 1 colour into: human/bigsi/13/mccortex.SRR191693.ctx (ver: 6)
[12 Dec 2019 00:01:56-qac][memory] We made 19 allocs
[12 Dec 2019 00:01:56-qac] Done.
[12 Dec 2019 00:01:56-qac][time] 1.00 seconds
	Command being timed: "mccortex 13 build --nkmers 24000000 --threads 1 --kmer 13 --mem 5G --sample SRR191693 --seq human/kmer-counts-jellyfish/13/SRR191693.kmer.gz human/bigsi/13/mccortex.SRR191693.ctx"
	User time (seconds): 2.21
	System time (seconds): 0.62
	Percent of CPU this job got: 172%
	Elapsed (wall clock) time (h:mm:ss or m:ss): 0:01.64
	Average shared text size (kbytes): 0
	Average unshared data size (kbytes): 0
	Average stack size (kbytes): 0
	Average total size (kbytes): 0
	Maximum resident set size (kbytes): 292804
	Average resident set size (kbytes): 0
	Major (requiring I/O) page faults: 0
	Minor (reclaiming a frame) page faults: 160473
	Voluntary context switches: 58707
	Involuntary context switches: 67
	Swaps: 0
	File system inputs: 13400
	File system outputs: 39408
	Socket messages sent: 0
	Socket messages received: 0
	Signals delivered: 0
	Page size (bytes): 4096
	Exit status: 0
