[12 Dec 2019 00:01:40-Tuh][cmd] /home/CSCScience.ca/apetkau/miniconda3/envs/bigsi_mccortex/bin/mccortex31 build --nkmers 24000000 --threads 1 --kmer 13 --mem 5G --sample SRR191646 --seq human/kmer-counts-jellyfish/13/SRR191646.kmer.gz human/bigsi/13/mccortex.SRR191646.ctx
[12 Dec 2019 00:01:40-Tuh][cwd] /home/CSCScience.ca/apetkau/workspace/comp7934-project
[12 Dec 2019 00:01:40-Tuh][version] mccortex=v0.0.3-610-g400c0e3 zlib=1.2.11 htslib=1.8-17-g699ed53 ASSERTS=ON hash=Lookup3 CHECKS=ON k=3..31
[12 Dec 2019 00:01:40-Tuh] Saving graph to: human/bigsi/13/mccortex.SRR191646.ctx
[12 Dec 2019 00:01:40-Tuh][sample] 0: SRR191646
[12 Dec 2019 00:01:40-Tuh][task] human/kmer-counts-jellyfish/13/SRR191646.kmer.gz; FASTQ offset: auto-detect, threshold: off; cut homopolymers: off; remove PCR duplicates: no; colour: 0
[12 Dec 2019 00:01:40-Tuh][memory] 104 bits per kmer
[12 Dec 2019 00:01:40-Tuh] Note: Using less memory than requested (300MB < 5GB); allows for 24,117,248 kmers
[12 Dec 2019 00:01:40-Tuh][memory] graph: 300MB
[12 Dec 2019 00:01:40-Tuh][memory] total: 300MB of 62.6GB RAM
[12 Dec 2019 00:01:40-Tuh] Writing 1 colour graph to human/bigsi/13/mccortex.SRR191646.ctx
[12 Dec 2019 00:01:40-Tuh][hasht] Allocating table with 24,117,248 entries, using 185MB
[12 Dec 2019 00:01:40-Tuh][hasht]  number of buckets: 524,288, bucket size: 46
[12 Dec 2019 00:01:40-Tuh][graph] kmer-size: 13; colours: 1; capacity: 24,117,248
[12 Dec 2019 00:01:40-Tuh][hasht] buckets: 524,288 [2^19]; bucket size: 46; 
[12 Dec 2019 00:01:40-Tuh][hasht] memory: 185MB; filled: 0 / 24,117,248 (0.00%)
[12 Dec 2019 00:01:40-Tuh][asyncio] Inputs: 1; Threads: 1
[12 Dec 2019 00:01:40-Tuh][seq] Parsing sequence file human/kmer-counts-jellyfish/13/SRR191646.kmer.gz
[12 Dec 2019 00:01:42-Tuh][seq] Loaded 1,047,448 reads and 0 reads pairs (file: human/kmer-counts-jellyfish/13/SRR191646.kmer.gz)
[12 Dec 2019 00:01:42-Tuh][hasht] buckets: 524,288 [2^19]; bucket size: 46; 
[12 Dec 2019 00:01:42-Tuh][hasht] memory: 185MB; filled: 1,047,448 / 24,117,248 (4.34%)
[12 Dec 2019 00:01:42-Tuh][hasht]  collisions  0: 1047448
[12 Dec 2019 00:01:42-Tuh][task] input: human/kmer-counts-jellyfish/13/SRR191646.kmer.gz colour: 0
[12 Dec 2019 00:01:42-Tuh]  SE reads: 1,047,448  PE reads: 0
[12 Dec 2019 00:01:42-Tuh]  good reads: 1,047,448  bad reads: 0
[12 Dec 2019 00:01:42-Tuh]  dup SE reads: 0  dup PE pairs: 0
[12 Dec 2019 00:01:42-Tuh]  bases read: 13,616,824  bases loaded: 13,616,824
[12 Dec 2019 00:01:42-Tuh]  num contigs: 1,047,448  num kmers: 1,047,448 novel kmers: 1,047,448
[12 Dec 2019 00:01:42-Tuh] Dumping graph...
[12 Dec 2019 00:01:42-Tuh][graphwriter] Saving file to: human/bigsi/13/mccortex.SRR191646.ctx
[12 Dec 2019 00:01:42-Tuh][FileFilter] Writing graph  [1 src colour]
[12 Dec 2019 00:01:43-Tuh][graphwriter] Dumped 1,047,448 kmers in 1 colour into: human/bigsi/13/mccortex.SRR191646.ctx (ver: 6)
[12 Dec 2019 00:01:43-Tuh][memory] We made 19 allocs
[12 Dec 2019 00:01:43-Tuh] Done.
[12 Dec 2019 00:01:43-Tuh][time] 3.00 seconds
	Command being timed: "mccortex 13 build --nkmers 24000000 --threads 1 --kmer 13 --mem 5G --sample SRR191646 --seq human/kmer-counts-jellyfish/13/SRR191646.kmer.gz human/bigsi/13/mccortex.SRR191646.ctx"
	User time (seconds): 3.13
	System time (seconds): 1.10
	Percent of CPU this job got: 171%
	Elapsed (wall clock) time (h:mm:ss or m:ss): 0:02.47
	Average shared text size (kbytes): 0
	Average unshared data size (kbytes): 0
	Average stack size (kbytes): 0
	Average total size (kbytes): 0
	Maximum resident set size (kbytes): 292748
	Average resident set size (kbytes): 0
	Major (requiring I/O) page faults: 0
	Minor (reclaiming a frame) page faults: 174882
	Voluntary context switches: 90544
	Involuntary context switches: 44
	Swaps: 0
	File system inputs: 9048
	File system outputs: 26608
	Socket messages sent: 0
	Socket messages received: 0
	Signals delivered: 0
	Page size (bytes): 4096
	Exit status: 0
