[12 Dec 2019 00:01:34-waM][cmd] /home/CSCScience.ca/apetkau/miniconda3/envs/bigsi_mccortex/bin/mccortex31 build --nkmers 24000000 --threads 1 --kmer 13 --mem 5G --sample SRR191527 --seq human/kmer-counts-jellyfish/13/SRR191527.kmer.gz human/bigsi/13/mccortex.SRR191527.ctx
[12 Dec 2019 00:01:34-waM][cwd] /home/CSCScience.ca/apetkau/workspace/comp7934-project
[12 Dec 2019 00:01:34-waM][version] mccortex=v0.0.3-610-g400c0e3 zlib=1.2.11 htslib=1.8-17-g699ed53 ASSERTS=ON hash=Lookup3 CHECKS=ON k=3..31
[12 Dec 2019 00:01:34-waM] Saving graph to: human/bigsi/13/mccortex.SRR191527.ctx
[12 Dec 2019 00:01:34-waM][sample] 0: SRR191527
[12 Dec 2019 00:01:34-waM][task] human/kmer-counts-jellyfish/13/SRR191527.kmer.gz; FASTQ offset: auto-detect, threshold: off; cut homopolymers: off; remove PCR duplicates: no; colour: 0
[12 Dec 2019 00:01:34-waM][memory] 104 bits per kmer
[12 Dec 2019 00:01:34-waM] Note: Using less memory than requested (300MB < 5GB); allows for 24,117,248 kmers
[12 Dec 2019 00:01:34-waM][memory] graph: 300MB
[12 Dec 2019 00:01:34-waM][memory] total: 300MB of 62.6GB RAM
[12 Dec 2019 00:01:34-waM] Writing 1 colour graph to human/bigsi/13/mccortex.SRR191527.ctx
[12 Dec 2019 00:01:34-waM][hasht] Allocating table with 24,117,248 entries, using 185MB
[12 Dec 2019 00:01:34-waM][hasht]  number of buckets: 524,288, bucket size: 46
[12 Dec 2019 00:01:34-waM][graph] kmer-size: 13; colours: 1; capacity: 24,117,248
[12 Dec 2019 00:01:34-waM][hasht] buckets: 524,288 [2^19]; bucket size: 46; 
[12 Dec 2019 00:01:34-waM][hasht] memory: 185MB; filled: 0 / 24,117,248 (0.00%)
[12 Dec 2019 00:01:34-waM][asyncio] Inputs: 1; Threads: 1
[12 Dec 2019 00:01:34-waM][seq] Parsing sequence file human/kmer-counts-jellyfish/13/SRR191527.kmer.gz
[12 Dec 2019 00:01:35-waM][seq] Loaded 65,255 reads and 0 reads pairs (file: human/kmer-counts-jellyfish/13/SRR191527.kmer.gz)
[12 Dec 2019 00:01:35-waM][hasht] buckets: 524,288 [2^19]; bucket size: 46; 
[12 Dec 2019 00:01:35-waM][hasht] memory: 185MB; filled: 65,255 / 24,117,248 (0.27%)
[12 Dec 2019 00:01:35-waM][hasht]  collisions  0: 65255
[12 Dec 2019 00:01:35-waM][task] input: human/kmer-counts-jellyfish/13/SRR191527.kmer.gz colour: 0
[12 Dec 2019 00:01:35-waM]  SE reads: 65,255  PE reads: 0
[12 Dec 2019 00:01:35-waM]  good reads: 65,255  bad reads: 0
[12 Dec 2019 00:01:35-waM]  dup SE reads: 0  dup PE pairs: 0
[12 Dec 2019 00:01:35-waM]  bases read: 848,315  bases loaded: 848,315
[12 Dec 2019 00:01:35-waM]  num contigs: 65,255  num kmers: 65,255 novel kmers: 65,255
[12 Dec 2019 00:01:35-waM] Dumping graph...
[12 Dec 2019 00:01:35-waM][graphwriter] Saving file to: human/bigsi/13/mccortex.SRR191527.ctx
[12 Dec 2019 00:01:35-waM][FileFilter] Writing graph  [1 src colour]
[12 Dec 2019 00:01:35-waM][graphwriter] Dumped 65,255 kmers in 1 colour into: human/bigsi/13/mccortex.SRR191527.ctx (ver: 6)
[12 Dec 2019 00:01:35-waM][memory] We made 19 allocs
[12 Dec 2019 00:01:35-waM] Done.
[12 Dec 2019 00:01:35-waM][time] 1.00 seconds
	Command being timed: "mccortex 13 build --nkmers 24000000 --threads 1 --kmer 13 --mem 5G --sample SRR191527 --seq human/kmer-counts-jellyfish/13/SRR191527.kmer.gz human/bigsi/13/mccortex.SRR191527.ctx"
	User time (seconds): 0.20
	System time (seconds): 0.29
	Percent of CPU this job got: 148%
	Elapsed (wall clock) time (h:mm:ss or m:ss): 0:00.33
	Average shared text size (kbytes): 0
	Average unshared data size (kbytes): 0
	Average stack size (kbytes): 0
	Average total size (kbytes): 0
	Maximum resident set size (kbytes): 239568
	Average resident set size (kbytes): 0
	Major (requiring I/O) page faults: 0
	Minor (reclaiming a frame) page faults: 87862
	Voluntary context switches: 27532
	Involuntary context switches: 7
	Swaps: 0
	File system inputs: 552
	File system outputs: 1672
	Socket messages sent: 0
	Socket messages received: 0
	Signals delivered: 0
	Page size (bytes): 4096
	Exit status: 0
