[12 Dec 2019 00:00:46-CAw][cmd] /home/CSCScience.ca/apetkau/miniconda3/envs/bigsi_mccortex/bin/mccortex31 build --nkmers 24000000 --threads 1 --kmer 13 --mem 5G --sample SRR1313097 --seq human/kmer-counts-jellyfish/13/SRR1313097.kmer.gz human/bigsi/13/mccortex.SRR1313097.ctx
[12 Dec 2019 00:00:46-CAw][cwd] /home/CSCScience.ca/apetkau/workspace/comp7934-project
[12 Dec 2019 00:00:46-CAw][version] mccortex=v0.0.3-610-g400c0e3 zlib=1.2.11 htslib=1.8-17-g699ed53 ASSERTS=ON hash=Lookup3 CHECKS=ON k=3..31
[12 Dec 2019 00:00:46-CAw] Saving graph to: human/bigsi/13/mccortex.SRR1313097.ctx
[12 Dec 2019 00:00:46-CAw][sample] 0: SRR1313097
[12 Dec 2019 00:00:46-CAw][task] human/kmer-counts-jellyfish/13/SRR1313097.kmer.gz; FASTQ offset: auto-detect, threshold: off; cut homopolymers: off; remove PCR duplicates: no; colour: 0
[12 Dec 2019 00:00:46-CAw][memory] 104 bits per kmer
[12 Dec 2019 00:00:46-CAw] Note: Using less memory than requested (300MB < 5GB); allows for 24,117,248 kmers
[12 Dec 2019 00:00:46-CAw][memory] graph: 300MB
[12 Dec 2019 00:00:46-CAw][memory] total: 300MB of 62.6GB RAM
[12 Dec 2019 00:00:46-CAw] Writing 1 colour graph to human/bigsi/13/mccortex.SRR1313097.ctx
[12 Dec 2019 00:00:46-CAw][hasht] Allocating table with 24,117,248 entries, using 185MB
[12 Dec 2019 00:00:46-CAw][hasht]  number of buckets: 524,288, bucket size: 46
[12 Dec 2019 00:00:46-CAw][graph] kmer-size: 13; colours: 1; capacity: 24,117,248
[12 Dec 2019 00:00:46-CAw][hasht] buckets: 524,288 [2^19]; bucket size: 46; 
[12 Dec 2019 00:00:46-CAw][hasht] memory: 185MB; filled: 0 / 24,117,248 (0.00%)
[12 Dec 2019 00:00:46-CAw][asyncio] Inputs: 1; Threads: 1
[12 Dec 2019 00:00:46-CAw][seq] Parsing sequence file human/kmer-counts-jellyfish/13/SRR1313097.kmer.gz
[12 Dec 2019 00:00:50-CAw][seq] Loaded 4,728,303 reads and 0 reads pairs (file: human/kmer-counts-jellyfish/13/SRR1313097.kmer.gz)
[12 Dec 2019 00:00:50-CAw][hasht] buckets: 524,288 [2^19]; bucket size: 46; 
[12 Dec 2019 00:00:50-CAw][hasht] memory: 185MB; filled: 4,728,303 / 24,117,248 (19.61%)
[12 Dec 2019 00:00:50-CAw][hasht]  collisions  0: 4728303
[12 Dec 2019 00:00:50-CAw][task] input: human/kmer-counts-jellyfish/13/SRR1313097.kmer.gz colour: 0
[12 Dec 2019 00:00:50-CAw]  SE reads: 4,728,303  PE reads: 0
[12 Dec 2019 00:00:50-CAw]  good reads: 4,728,303  bad reads: 0
[12 Dec 2019 00:00:50-CAw]  dup SE reads: 0  dup PE pairs: 0
[12 Dec 2019 00:00:50-CAw]  bases read: 61,467,939  bases loaded: 61,467,939
[12 Dec 2019 00:00:50-CAw]  num contigs: 4,728,303  num kmers: 4,728,303 novel kmers: 4,728,303
[12 Dec 2019 00:00:50-CAw] Dumping graph...
[12 Dec 2019 00:00:50-CAw][graphwriter] Saving file to: human/bigsi/13/mccortex.SRR1313097.ctx
[12 Dec 2019 00:00:50-CAw][FileFilter] Writing graph  [1 src colour]
[12 Dec 2019 00:00:51-CAw][graphwriter] Dumped 4,728,303 kmers in 1 colour into: human/bigsi/13/mccortex.SRR1313097.ctx (ver: 6)
[12 Dec 2019 00:00:51-CAw][memory] We made 19 allocs
[12 Dec 2019 00:00:51-CAw] Done.
[12 Dec 2019 00:00:51-CAw][time] 5.00 seconds
	Command being timed: "mccortex 13 build --nkmers 24000000 --threads 1 --kmer 13 --mem 5G --sample SRR1313097 --seq human/kmer-counts-jellyfish/13/SRR1313097.kmer.gz human/bigsi/13/mccortex.SRR1313097.ctx"
	User time (seconds): 7.23
	System time (seconds): 1.52
	Percent of CPU this job got: 175%
	Elapsed (wall clock) time (h:mm:ss or m:ss): 0:05.00
	Average shared text size (kbytes): 0
	Average unshared data size (kbytes): 0
	Average stack size (kbytes): 0
	Average total size (kbytes): 0
	Maximum resident set size (kbytes): 292912
	Average resident set size (kbytes): 0
	Major (requiring I/O) page faults: 0
	Minor (reclaiming a frame) page faults: 319361
	Voluntary context switches: 136541
	Involuntary context switches: 172
	Swaps: 0
	File system inputs: 41048
	File system outputs: 120072
	Socket messages sent: 0
	Socket messages received: 0
	Signals delivered: 0
	Page size (bytes): 4096
	Exit status: 0
