[12 Dec 2019 00:01:22-GEG][cmd] /home/CSCScience.ca/apetkau/miniconda3/envs/bigsi_mccortex/bin/mccortex31 build --nkmers 24000000 --threads 1 --kmer 13 --mem 5G --sample SRR191403 --seq human/kmer-counts-jellyfish/13/SRR191403.kmer.gz human/bigsi/13/mccortex.SRR191403.ctx
[12 Dec 2019 00:01:22-GEG][cwd] /home/CSCScience.ca/apetkau/workspace/comp7934-project
[12 Dec 2019 00:01:22-GEG][version] mccortex=v0.0.3-610-g400c0e3 zlib=1.2.11 htslib=1.8-17-g699ed53 ASSERTS=ON hash=Lookup3 CHECKS=ON k=3..31
[12 Dec 2019 00:01:22-GEG] Saving graph to: human/bigsi/13/mccortex.SRR191403.ctx
[12 Dec 2019 00:01:22-GEG][sample] 0: SRR191403
[12 Dec 2019 00:01:22-GEG][task] human/kmer-counts-jellyfish/13/SRR191403.kmer.gz; FASTQ offset: auto-detect, threshold: off; cut homopolymers: off; remove PCR duplicates: no; colour: 0
[12 Dec 2019 00:01:22-GEG][memory] 104 bits per kmer
[12 Dec 2019 00:01:22-GEG] Note: Using less memory than requested (300MB < 5GB); allows for 24,117,248 kmers
[12 Dec 2019 00:01:22-GEG][memory] graph: 300MB
[12 Dec 2019 00:01:22-GEG][memory] total: 300MB of 62.6GB RAM
[12 Dec 2019 00:01:22-GEG] Writing 1 colour graph to human/bigsi/13/mccortex.SRR191403.ctx
[12 Dec 2019 00:01:22-GEG][hasht] Allocating table with 24,117,248 entries, using 185MB
[12 Dec 2019 00:01:22-GEG][hasht]  number of buckets: 524,288, bucket size: 46
[12 Dec 2019 00:01:22-GEG][graph] kmer-size: 13; colours: 1; capacity: 24,117,248
[12 Dec 2019 00:01:22-GEG][hasht] buckets: 524,288 [2^19]; bucket size: 46; 
[12 Dec 2019 00:01:22-GEG][hasht] memory: 185MB; filled: 0 / 24,117,248 (0.00%)
[12 Dec 2019 00:01:22-GEG][asyncio] Inputs: 1; Threads: 1
[12 Dec 2019 00:01:22-GEG][seq] Parsing sequence file human/kmer-counts-jellyfish/13/SRR191403.kmer.gz
[12 Dec 2019 00:01:22-GEG][seq] Loaded 117,934 reads and 0 reads pairs (file: human/kmer-counts-jellyfish/13/SRR191403.kmer.gz)
[12 Dec 2019 00:01:22-GEG][hasht] buckets: 524,288 [2^19]; bucket size: 46; 
[12 Dec 2019 00:01:22-GEG][hasht] memory: 185MB; filled: 117,934 / 24,117,248 (0.49%)
[12 Dec 2019 00:01:22-GEG][hasht]  collisions  0: 117934
[12 Dec 2019 00:01:22-GEG][task] input: human/kmer-counts-jellyfish/13/SRR191403.kmer.gz colour: 0
[12 Dec 2019 00:01:22-GEG]  SE reads: 117,934  PE reads: 0
[12 Dec 2019 00:01:22-GEG]  good reads: 117,934  bad reads: 0
[12 Dec 2019 00:01:22-GEG]  dup SE reads: 0  dup PE pairs: 0
[12 Dec 2019 00:01:22-GEG]  bases read: 1,533,142  bases loaded: 1,533,142
[12 Dec 2019 00:01:22-GEG]  num contigs: 117,934  num kmers: 117,934 novel kmers: 117,934
[12 Dec 2019 00:01:22-GEG] Dumping graph...
[12 Dec 2019 00:01:22-GEG][graphwriter] Saving file to: human/bigsi/13/mccortex.SRR191403.ctx
[12 Dec 2019 00:01:22-GEG][FileFilter] Writing graph  [1 src colour]
[12 Dec 2019 00:01:22-GEG][graphwriter] Dumped 117,934 kmers in 1 colour into: human/bigsi/13/mccortex.SRR191403.ctx (ver: 6)
[12 Dec 2019 00:01:23-GEG][memory] We made 19 allocs
[12 Dec 2019 00:01:23-GEG] Done.
[12 Dec 2019 00:01:23-GEG][time] 1.00 seconds
	Command being timed: "mccortex 13 build --nkmers 24000000 --threads 1 --kmer 13 --mem 5G --sample SRR191403 --seq human/kmer-counts-jellyfish/13/SRR191403.kmer.gz human/bigsi/13/mccortex.SRR191403.ctx"
	User time (seconds): 0.34
	System time (seconds): 0.40
	Percent of CPU this job got: 150%
	Elapsed (wall clock) time (h:mm:ss or m:ss): 0:00.50
	Average shared text size (kbytes): 0
	Average unshared data size (kbytes): 0
	Average stack size (kbytes): 0
	Average total size (kbytes): 0
	Maximum resident set size (kbytes): 276604
	Average resident set size (kbytes): 0
	Major (requiring I/O) page faults: 0
	Minor (reclaiming a frame) page faults: 98488
	Voluntary context switches: 32313
	Involuntary context switches: 1
	Swaps: 0
	File system inputs: 1008
	File system outputs: 3008
	Socket messages sent: 0
	Socket messages received: 0
	Signals delivered: 0
	Page size (bytes): 4096
	Exit status: 0
