[11 Dec 2019 23:59:44-Cah][cmd] /home/CSCScience.ca/apetkau/miniconda3/envs/bigsi_mccortex/bin/mccortex31 build --nkmers 24000000 --threads 1 --kmer 13 --mem 5G --sample SRR1047817 --seq human/kmer-counts-jellyfish/13/SRR1047817.kmer.gz human/bigsi/13/mccortex.SRR1047817.ctx
[11 Dec 2019 23:59:44-Cah][cwd] /home/CSCScience.ca/apetkau/workspace/comp7934-project
[11 Dec 2019 23:59:44-Cah][version] mccortex=v0.0.3-610-g400c0e3 zlib=1.2.11 htslib=1.8-17-g699ed53 ASSERTS=ON hash=Lookup3 CHECKS=ON k=3..31
[11 Dec 2019 23:59:44-Cah] Saving graph to: human/bigsi/13/mccortex.SRR1047817.ctx
[11 Dec 2019 23:59:44-Cah][sample] 0: SRR1047817
[11 Dec 2019 23:59:44-Cah][task] human/kmer-counts-jellyfish/13/SRR1047817.kmer.gz; FASTQ offset: auto-detect, threshold: off; cut homopolymers: off; remove PCR duplicates: no; colour: 0
[11 Dec 2019 23:59:44-Cah][memory] 104 bits per kmer
[11 Dec 2019 23:59:44-Cah] Note: Using less memory than requested (300MB < 5GB); allows for 24,117,248 kmers
[11 Dec 2019 23:59:44-Cah][memory] graph: 300MB
[11 Dec 2019 23:59:44-Cah][memory] total: 300MB of 62.6GB RAM
[11 Dec 2019 23:59:44-Cah] Writing 1 colour graph to human/bigsi/13/mccortex.SRR1047817.ctx
[11 Dec 2019 23:59:44-Cah][hasht] Allocating table with 24,117,248 entries, using 185MB
[11 Dec 2019 23:59:44-Cah][hasht]  number of buckets: 524,288, bucket size: 46
[11 Dec 2019 23:59:44-Cah][graph] kmer-size: 13; colours: 1; capacity: 24,117,248
[11 Dec 2019 23:59:44-Cah][hasht] buckets: 524,288 [2^19]; bucket size: 46; 
[11 Dec 2019 23:59:44-Cah][hasht] memory: 185MB; filled: 0 / 24,117,248 (0.00%)
[11 Dec 2019 23:59:44-Cah][asyncio] Inputs: 1; Threads: 1
[11 Dec 2019 23:59:44-Cah][seq] Parsing sequence file human/kmer-counts-jellyfish/13/SRR1047817.kmer.gz
[11 Dec 2019 23:59:49-Cah][seq] Loaded 4,311,170 reads and 0 reads pairs (file: human/kmer-counts-jellyfish/13/SRR1047817.kmer.gz)
[11 Dec 2019 23:59:49-Cah][hasht] buckets: 524,288 [2^19]; bucket size: 46; 
[11 Dec 2019 23:59:49-Cah][hasht] memory: 185MB; filled: 4,311,170 / 24,117,248 (17.88%)
[11 Dec 2019 23:59:49-Cah][hasht]  collisions  0: 4311170
[11 Dec 2019 23:59:49-Cah][task] input: human/kmer-counts-jellyfish/13/SRR1047817.kmer.gz colour: 0
[11 Dec 2019 23:59:49-Cah]  SE reads: 4,311,170  PE reads: 0
[11 Dec 2019 23:59:49-Cah]  good reads: 4,311,170  bad reads: 0
[11 Dec 2019 23:59:49-Cah]  dup SE reads: 0  dup PE pairs: 0
[11 Dec 2019 23:59:49-Cah]  bases read: 56,045,210  bases loaded: 56,045,210
[11 Dec 2019 23:59:49-Cah]  num contigs: 4,311,170  num kmers: 4,311,170 novel kmers: 4,311,170
[11 Dec 2019 23:59:49-Cah] Dumping graph...
[11 Dec 2019 23:59:49-Cah][graphwriter] Saving file to: human/bigsi/13/mccortex.SRR1047817.ctx
[11 Dec 2019 23:59:49-Cah][FileFilter] Writing graph  [1 src colour]
[11 Dec 2019 23:59:49-Cah][graphwriter] Dumped 4,311,170 kmers in 1 colour into: human/bigsi/13/mccortex.SRR1047817.ctx (ver: 6)
[11 Dec 2019 23:59:49-Cah][memory] We made 19 allocs
[11 Dec 2019 23:59:49-Cah] Done.
[11 Dec 2019 23:59:49-Cah][time] 5.00 seconds
	Command being timed: "mccortex 13 build --nkmers 24000000 --threads 1 --kmer 13 --mem 5G --sample SRR1047817 --seq human/kmer-counts-jellyfish/13/SRR1047817.kmer.gz human/bigsi/13/mccortex.SRR1047817.ctx"
	User time (seconds): 6.95
	System time (seconds): 1.97
	Percent of CPU this job got: 166%
	Elapsed (wall clock) time (h:mm:ss or m:ss): 0:05.38
	Average shared text size (kbytes): 0
	Average unshared data size (kbytes): 0
	Average stack size (kbytes): 0
	Average total size (kbytes): 0
	Maximum resident set size (kbytes): 292812
	Average resident set size (kbytes): 0
	Major (requiring I/O) page faults: 0
	Minor (reclaiming a frame) page faults: 304947
	Voluntary context switches: 145137
	Involuntary context switches: 18245
	Swaps: 0
	File system inputs: 37448
	File system outputs: 109472
	Socket messages sent: 0
	Socket messages received: 0
	Signals delivered: 0
	Page size (bytes): 4096
	Exit status: 0
