[11 Dec 2019 23:59:49-fUT][cmd] /home/CSCScience.ca/apetkau/miniconda3/envs/bigsi_mccortex/bin/mccortex31 build --nkmers 24000000 --threads 1 --kmer 13 --mem 5G --sample SRR1303626 --seq human/kmer-counts-jellyfish/13/SRR1303626.kmer.gz human/bigsi/13/mccortex.SRR1303626.ctx
[11 Dec 2019 23:59:49-fUT][cwd] /home/CSCScience.ca/apetkau/workspace/comp7934-project
[11 Dec 2019 23:59:49-fUT][version] mccortex=v0.0.3-610-g400c0e3 zlib=1.2.11 htslib=1.8-17-g699ed53 ASSERTS=ON hash=Lookup3 CHECKS=ON k=3..31
[11 Dec 2019 23:59:49-fUT] Saving graph to: human/bigsi/13/mccortex.SRR1303626.ctx
[11 Dec 2019 23:59:49-fUT][sample] 0: SRR1303626
[11 Dec 2019 23:59:49-fUT][task] human/kmer-counts-jellyfish/13/SRR1303626.kmer.gz; FASTQ offset: auto-detect, threshold: off; cut homopolymers: off; remove PCR duplicates: no; colour: 0
[11 Dec 2019 23:59:49-fUT][memory] 104 bits per kmer
[11 Dec 2019 23:59:49-fUT] Note: Using less memory than requested (300MB < 5GB); allows for 24,117,248 kmers
[11 Dec 2019 23:59:49-fUT][memory] graph: 300MB
[11 Dec 2019 23:59:49-fUT][memory] total: 300MB of 62.6GB RAM
[11 Dec 2019 23:59:49-fUT] Writing 1 colour graph to human/bigsi/13/mccortex.SRR1303626.ctx
[11 Dec 2019 23:59:49-fUT][hasht] Allocating table with 24,117,248 entries, using 185MB
[11 Dec 2019 23:59:49-fUT][hasht]  number of buckets: 524,288, bucket size: 46
[11 Dec 2019 23:59:49-fUT][graph] kmer-size: 13; colours: 1; capacity: 24,117,248
[11 Dec 2019 23:59:49-fUT][hasht] buckets: 524,288 [2^19]; bucket size: 46; 
[11 Dec 2019 23:59:49-fUT][hasht] memory: 185MB; filled: 0 / 24,117,248 (0.00%)
[11 Dec 2019 23:59:49-fUT][asyncio] Inputs: 1; Threads: 1
[11 Dec 2019 23:59:49-fUT][seq] Parsing sequence file human/kmer-counts-jellyfish/13/SRR1303626.kmer.gz
[11 Dec 2019 23:59:53-fUT][seq] Loaded 4,024,267 reads and 0 reads pairs (file: human/kmer-counts-jellyfish/13/SRR1303626.kmer.gz)
[11 Dec 2019 23:59:53-fUT][hasht] buckets: 524,288 [2^19]; bucket size: 46; 
[11 Dec 2019 23:59:53-fUT][hasht] memory: 185MB; filled: 4,024,267 / 24,117,248 (16.69%)
[11 Dec 2019 23:59:53-fUT][hasht]  collisions  0: 4024267
[11 Dec 2019 23:59:53-fUT][task] input: human/kmer-counts-jellyfish/13/SRR1303626.kmer.gz colour: 0
[11 Dec 2019 23:59:53-fUT]  SE reads: 4,024,267  PE reads: 0
[11 Dec 2019 23:59:53-fUT]  good reads: 4,024,267  bad reads: 0
[11 Dec 2019 23:59:53-fUT]  dup SE reads: 0  dup PE pairs: 0
[11 Dec 2019 23:59:53-fUT]  bases read: 52,315,471  bases loaded: 52,315,471
[11 Dec 2019 23:59:53-fUT]  num contigs: 4,024,267  num kmers: 4,024,267 novel kmers: 4,024,267
[11 Dec 2019 23:59:53-fUT] Dumping graph...
[11 Dec 2019 23:59:53-fUT][graphwriter] Saving file to: human/bigsi/13/mccortex.SRR1303626.ctx
[11 Dec 2019 23:59:53-fUT][FileFilter] Writing graph  [1 src colour]
[11 Dec 2019 23:59:54-fUT][graphwriter] Dumped 4,024,267 kmers in 1 colour into: human/bigsi/13/mccortex.SRR1303626.ctx (ver: 6)
[11 Dec 2019 23:59:54-fUT][memory] We made 19 allocs
[11 Dec 2019 23:59:54-fUT] Done.
[11 Dec 2019 23:59:54-fUT][time] 5.00 seconds
	Command being timed: "mccortex 13 build --nkmers 24000000 --threads 1 --kmer 13 --mem 5G --sample SRR1303626 --seq human/kmer-counts-jellyfish/13/SRR1303626.kmer.gz human/bigsi/13/mccortex.SRR1303626.ctx"
	User time (seconds): 6.22
	System time (seconds): 1.59
	Percent of CPU this job got: 163%
	Elapsed (wall clock) time (h:mm:ss or m:ss): 0:04.78
	Average shared text size (kbytes): 0
	Average unshared data size (kbytes): 0
	Average stack size (kbytes): 0
	Average total size (kbytes): 0
	Maximum resident set size (kbytes): 292780
	Average resident set size (kbytes): 0
	Major (requiring I/O) page faults: 0
	Minor (reclaiming a frame) page faults: 305180
	Voluntary context switches: 136030
	Involuntary context switches: 24543
	Swaps: 0
	File system inputs: 34904
	File system outputs: 102192
	Socket messages sent: 0
	Socket messages received: 0
	Signals delivered: 0
	Page size (bytes): 4096
	Exit status: 0
