[12 Dec 2019 00:02:02-doj][cmd] /home/CSCScience.ca/apetkau/miniconda3/envs/bigsi_mccortex/bin/mccortex31 build --nkmers 24000000 --threads 1 --kmer 13 --mem 5G --sample SRR299111 --seq human/kmer-counts-jellyfish/13/SRR299111.kmer.gz human/bigsi/13/mccortex.SRR299111.ctx
[12 Dec 2019 00:02:02-doj][cwd] /home/CSCScience.ca/apetkau/workspace/comp7934-project
[12 Dec 2019 00:02:02-doj][version] mccortex=v0.0.3-610-g400c0e3 zlib=1.2.11 htslib=1.8-17-g699ed53 ASSERTS=ON hash=Lookup3 CHECKS=ON k=3..31
[12 Dec 2019 00:02:02-doj] Saving graph to: human/bigsi/13/mccortex.SRR299111.ctx
[12 Dec 2019 00:02:02-doj][sample] 0: SRR299111
[12 Dec 2019 00:02:02-doj][task] human/kmer-counts-jellyfish/13/SRR299111.kmer.gz; FASTQ offset: auto-detect, threshold: off; cut homopolymers: off; remove PCR duplicates: no; colour: 0
[12 Dec 2019 00:02:02-doj][memory] 104 bits per kmer
[12 Dec 2019 00:02:02-doj] Note: Using less memory than requested (300MB < 5GB); allows for 24,117,248 kmers
[12 Dec 2019 00:02:02-doj][memory] graph: 300MB
[12 Dec 2019 00:02:02-doj][memory] total: 300MB of 62.6GB RAM
[12 Dec 2019 00:02:02-doj] Writing 1 colour graph to human/bigsi/13/mccortex.SRR299111.ctx
[12 Dec 2019 00:02:02-doj][hasht] Allocating table with 24,117,248 entries, using 185MB
[12 Dec 2019 00:02:02-doj][hasht]  number of buckets: 524,288, bucket size: 46
[12 Dec 2019 00:02:02-doj][graph] kmer-size: 13; colours: 1; capacity: 24,117,248
[12 Dec 2019 00:02:02-doj][hasht] buckets: 524,288 [2^19]; bucket size: 46; 
[12 Dec 2019 00:02:02-doj][hasht] memory: 185MB; filled: 0 / 24,117,248 (0.00%)
[12 Dec 2019 00:02:02-doj][asyncio] Inputs: 1; Threads: 1
[12 Dec 2019 00:02:02-doj][seq] Parsing sequence file human/kmer-counts-jellyfish/13/SRR299111.kmer.gz
[12 Dec 2019 00:02:03-doj][seq] Loaded 1,438,220 reads and 0 reads pairs (file: human/kmer-counts-jellyfish/13/SRR299111.kmer.gz)
[12 Dec 2019 00:02:03-doj][hasht] buckets: 524,288 [2^19]; bucket size: 46; 
[12 Dec 2019 00:02:03-doj][hasht] memory: 185MB; filled: 1,438,220 / 24,117,248 (5.96%)
[12 Dec 2019 00:02:03-doj][hasht]  collisions  0: 1438220
[12 Dec 2019 00:02:03-doj][task] input: human/kmer-counts-jellyfish/13/SRR299111.kmer.gz colour: 0
[12 Dec 2019 00:02:03-doj]  SE reads: 1,438,220  PE reads: 0
[12 Dec 2019 00:02:03-doj]  good reads: 1,438,220  bad reads: 0
[12 Dec 2019 00:02:03-doj]  dup SE reads: 0  dup PE pairs: 0
[12 Dec 2019 00:02:03-doj]  bases read: 18,696,860  bases loaded: 18,696,860
[12 Dec 2019 00:02:03-doj]  num contigs: 1,438,220  num kmers: 1,438,220 novel kmers: 1,438,220
[12 Dec 2019 00:02:03-doj] Dumping graph...
[12 Dec 2019 00:02:03-doj][graphwriter] Saving file to: human/bigsi/13/mccortex.SRR299111.ctx
[12 Dec 2019 00:02:03-doj][FileFilter] Writing graph  [1 src colour]
[12 Dec 2019 00:02:03-doj][graphwriter] Dumped 1,438,220 kmers in 1 colour into: human/bigsi/13/mccortex.SRR299111.ctx (ver: 6)
[12 Dec 2019 00:02:03-doj][memory] We made 19 allocs
[12 Dec 2019 00:02:03-doj] Done.
[12 Dec 2019 00:02:03-doj][time] 1.00 seconds
	Command being timed: "mccortex 13 build --nkmers 24000000 --threads 1 --kmer 13 --mem 5G --sample SRR299111 --seq human/kmer-counts-jellyfish/13/SRR299111.kmer.gz human/bigsi/13/mccortex.SRR299111.ctx"
	User time (seconds): 2.15
	System time (seconds): 0.65
	Percent of CPU this job got: 169%
	Elapsed (wall clock) time (h:mm:ss or m:ss): 0:01.65
	Average shared text size (kbytes): 0
	Average unshared data size (kbytes): 0
	Average stack size (kbytes): 0
	Average total size (kbytes): 0
	Maximum resident set size (kbytes): 292664
	Average resident set size (kbytes): 0
	Major (requiring I/O) page faults: 0
	Minor (reclaiming a frame) page faults: 160575
	Voluntary context switches: 57400
	Involuntary context switches: 12
	Swaps: 0
	File system inputs: 12408
	File system outputs: 36528
	Socket messages sent: 0
	Socket messages received: 0
	Signals delivered: 0
	Page size (bytes): 4096
	Exit status: 0
