[12 Dec 2019 00:01:25-xar][cmd] /home/CSCScience.ca/apetkau/miniconda3/envs/bigsi_mccortex/bin/mccortex31 build --nkmers 24000000 --threads 1 --kmer 13 --mem 5G --sample SRR191429 --seq human/kmer-counts-jellyfish/13/SRR191429.kmer.gz human/bigsi/13/mccortex.SRR191429.ctx
[12 Dec 2019 00:01:25-xar][cwd] /home/CSCScience.ca/apetkau/workspace/comp7934-project
[12 Dec 2019 00:01:25-xar][version] mccortex=v0.0.3-610-g400c0e3 zlib=1.2.11 htslib=1.8-17-g699ed53 ASSERTS=ON hash=Lookup3 CHECKS=ON k=3..31
[12 Dec 2019 00:01:25-xar] Saving graph to: human/bigsi/13/mccortex.SRR191429.ctx
[12 Dec 2019 00:01:25-xar][sample] 0: SRR191429
[12 Dec 2019 00:01:25-xar][task] human/kmer-counts-jellyfish/13/SRR191429.kmer.gz; FASTQ offset: auto-detect, threshold: off; cut homopolymers: off; remove PCR duplicates: no; colour: 0
[12 Dec 2019 00:01:25-xar][memory] 104 bits per kmer
[12 Dec 2019 00:01:25-xar] Note: Using less memory than requested (300MB < 5GB); allows for 24,117,248 kmers
[12 Dec 2019 00:01:25-xar][memory] graph: 300MB
[12 Dec 2019 00:01:25-xar][memory] total: 300MB of 62.6GB RAM
[12 Dec 2019 00:01:25-xar] Writing 1 colour graph to human/bigsi/13/mccortex.SRR191429.ctx
[12 Dec 2019 00:01:25-xar][hasht] Allocating table with 24,117,248 entries, using 185MB
[12 Dec 2019 00:01:25-xar][hasht]  number of buckets: 524,288, bucket size: 46
[12 Dec 2019 00:01:25-xar][graph] kmer-size: 13; colours: 1; capacity: 24,117,248
[12 Dec 2019 00:01:25-xar][hasht] buckets: 524,288 [2^19]; bucket size: 46; 
[12 Dec 2019 00:01:25-xar][hasht] memory: 185MB; filled: 0 / 24,117,248 (0.00%)
[12 Dec 2019 00:01:25-xar][asyncio] Inputs: 1; Threads: 1
[12 Dec 2019 00:01:25-xar][seq] Parsing sequence file human/kmer-counts-jellyfish/13/SRR191429.kmer.gz
[12 Dec 2019 00:01:25-xar][seq] Loaded 149,537 reads and 0 reads pairs (file: human/kmer-counts-jellyfish/13/SRR191429.kmer.gz)
[12 Dec 2019 00:01:25-xar][hasht] buckets: 524,288 [2^19]; bucket size: 46; 
[12 Dec 2019 00:01:25-xar][hasht] memory: 185MB; filled: 149,537 / 24,117,248 (0.62%)
[12 Dec 2019 00:01:25-xar][hasht]  collisions  0: 149537
[12 Dec 2019 00:01:25-xar][task] input: human/kmer-counts-jellyfish/13/SRR191429.kmer.gz colour: 0
[12 Dec 2019 00:01:25-xar]  SE reads: 149,537  PE reads: 0
[12 Dec 2019 00:01:25-xar]  good reads: 149,537  bad reads: 0
[12 Dec 2019 00:01:25-xar]  dup SE reads: 0  dup PE pairs: 0
[12 Dec 2019 00:01:25-xar]  bases read: 1,943,981  bases loaded: 1,943,981
[12 Dec 2019 00:01:25-xar]  num contigs: 149,537  num kmers: 149,537 novel kmers: 149,537
[12 Dec 2019 00:01:25-xar] Dumping graph...
[12 Dec 2019 00:01:25-xar][graphwriter] Saving file to: human/bigsi/13/mccortex.SRR191429.ctx
[12 Dec 2019 00:01:25-xar][FileFilter] Writing graph  [1 src colour]
[12 Dec 2019 00:01:25-xar][graphwriter] Dumped 149,537 kmers in 1 colour into: human/bigsi/13/mccortex.SRR191429.ctx (ver: 6)
[12 Dec 2019 00:01:26-xar][memory] We made 19 allocs
[12 Dec 2019 00:01:26-xar] Done.
[12 Dec 2019 00:01:26-xar][time] 1.00 seconds
	Command being timed: "mccortex 13 build --nkmers 24000000 --threads 1 --kmer 13 --mem 5G --sample SRR191429 --seq human/kmer-counts-jellyfish/13/SRR191429.kmer.gz human/bigsi/13/mccortex.SRR191429.ctx"
	User time (seconds): 0.53
	System time (seconds): 0.29
	Percent of CPU this job got: 155%
	Elapsed (wall clock) time (h:mm:ss or m:ss): 0:00.53
	Average shared text size (kbytes): 0
	Average unshared data size (kbytes): 0
	Average stack size (kbytes): 0
	Average total size (kbytes): 0
	Maximum resident set size (kbytes): 284572
	Average resident set size (kbytes): 0
	Major (requiring I/O) page faults: 0
	Minor (reclaiming a frame) page faults: 100552
	Voluntary context switches: 34963
	Involuntary context switches: 11
	Swaps: 0
	File system inputs: 1272
	File system outputs: 3808
	Socket messages sent: 0
	Socket messages received: 0
	Signals delivered: 0
	Page size (bytes): 4096
	Exit status: 0
