[12 Dec 2019 00:00:57-qOk][cmd] /home/CSCScience.ca/apetkau/miniconda3/envs/bigsi_mccortex/bin/mccortex31 build --nkmers 24000000 --threads 1 --kmer 13 --mem 5G --sample SRR1313198 --seq human/kmer-counts-jellyfish/13/SRR1313198.kmer.gz human/bigsi/13/mccortex.SRR1313198.ctx
[12 Dec 2019 00:00:57-qOk][cwd] /home/CSCScience.ca/apetkau/workspace/comp7934-project
[12 Dec 2019 00:00:57-qOk][version] mccortex=v0.0.3-610-g400c0e3 zlib=1.2.11 htslib=1.8-17-g699ed53 ASSERTS=ON hash=Lookup3 CHECKS=ON k=3..31
[12 Dec 2019 00:00:57-qOk] Saving graph to: human/bigsi/13/mccortex.SRR1313198.ctx
[12 Dec 2019 00:00:57-qOk][sample] 0: SRR1313198
[12 Dec 2019 00:00:57-qOk][task] human/kmer-counts-jellyfish/13/SRR1313198.kmer.gz; FASTQ offset: auto-detect, threshold: off; cut homopolymers: off; remove PCR duplicates: no; colour: 0
[12 Dec 2019 00:00:57-qOk][memory] 104 bits per kmer
[12 Dec 2019 00:00:57-qOk] Note: Using less memory than requested (300MB < 5GB); allows for 24,117,248 kmers
[12 Dec 2019 00:00:57-qOk][memory] graph: 300MB
[12 Dec 2019 00:00:57-qOk][memory] total: 300MB of 62.6GB RAM
[12 Dec 2019 00:00:57-qOk] Writing 1 colour graph to human/bigsi/13/mccortex.SRR1313198.ctx
[12 Dec 2019 00:00:57-qOk][hasht] Allocating table with 24,117,248 entries, using 185MB
[12 Dec 2019 00:00:57-qOk][hasht]  number of buckets: 524,288, bucket size: 46
[12 Dec 2019 00:00:57-qOk][graph] kmer-size: 13; colours: 1; capacity: 24,117,248
[12 Dec 2019 00:00:57-qOk][hasht] buckets: 524,288 [2^19]; bucket size: 46; 
[12 Dec 2019 00:00:57-qOk][hasht] memory: 185MB; filled: 0 / 24,117,248 (0.00%)
[12 Dec 2019 00:00:57-qOk][asyncio] Inputs: 1; Threads: 1
[12 Dec 2019 00:00:57-qOk][seq] Parsing sequence file human/kmer-counts-jellyfish/13/SRR1313198.kmer.gz
[12 Dec 2019 00:01:04-qOk][seq] Loaded 4,576,502 reads and 0 reads pairs (file: human/kmer-counts-jellyfish/13/SRR1313198.kmer.gz)
[12 Dec 2019 00:01:04-qOk][hasht] buckets: 524,288 [2^19]; bucket size: 46; 
[12 Dec 2019 00:01:04-qOk][hasht] memory: 185MB; filled: 4,576,502 / 24,117,248 (18.98%)
[12 Dec 2019 00:01:04-qOk][hasht]  collisions  0: 4576502
[12 Dec 2019 00:01:04-qOk][task] input: human/kmer-counts-jellyfish/13/SRR1313198.kmer.gz colour: 0
[12 Dec 2019 00:01:04-qOk]  SE reads: 4,576,502  PE reads: 0
[12 Dec 2019 00:01:04-qOk]  good reads: 4,576,502  bad reads: 0
[12 Dec 2019 00:01:04-qOk]  dup SE reads: 0  dup PE pairs: 0
[12 Dec 2019 00:01:04-qOk]  bases read: 59,494,526  bases loaded: 59,494,526
[12 Dec 2019 00:01:04-qOk]  num contigs: 4,576,502  num kmers: 4,576,502 novel kmers: 4,576,502
[12 Dec 2019 00:01:04-qOk] Dumping graph...
[12 Dec 2019 00:01:04-qOk][graphwriter] Saving file to: human/bigsi/13/mccortex.SRR1313198.ctx
[12 Dec 2019 00:01:04-qOk][FileFilter] Writing graph  [1 src colour]
[12 Dec 2019 00:01:05-qOk][graphwriter] Dumped 4,576,502 kmers in 1 colour into: human/bigsi/13/mccortex.SRR1313198.ctx (ver: 6)
[12 Dec 2019 00:01:05-qOk][memory] We made 19 allocs
[12 Dec 2019 00:01:05-qOk] Done.
[12 Dec 2019 00:01:05-qOk][time] 8.00 seconds
	Command being timed: "mccortex 13 build --nkmers 24000000 --threads 1 --kmer 13 --mem 5G --sample SRR1313198 --seq human/kmer-counts-jellyfish/13/SRR1313198.kmer.gz human/bigsi/13/mccortex.SRR1313198.ctx"
	User time (seconds): 13.11
	System time (seconds): 1.49
	Percent of CPU this job got: 181%
	Elapsed (wall clock) time (h:mm:ss or m:ss): 0:08.05
	Average shared text size (kbytes): 0
	Average unshared data size (kbytes): 0
	Average stack size (kbytes): 0
	Average total size (kbytes): 0
	Maximum resident set size (kbytes): 292864
	Average resident set size (kbytes): 0
	Major (requiring I/O) page faults: 0
	Minor (reclaiming a frame) page faults: 319362
	Voluntary context switches: 107652
	Involuntary context switches: 3235
	Swaps: 0
	File system inputs: 39768
	File system outputs: 116216
	Socket messages sent: 0
	Socket messages received: 0
	Signals delivered: 0
	Page size (bytes): 4096
	Exit status: 0
