[11 Dec 2019 23:59:44-yoW][cmd] /home/CSCScience.ca/apetkau/miniconda3/envs/bigsi_mccortex/bin/mccortex31 build --nkmers 24000000 --threads 1 --kmer 13 --mem 5G --sample SRR038300 --seq human/kmer-counts-jellyfish/13/SRR038300.kmer.gz human/bigsi/13/mccortex.SRR038300.ctx
[11 Dec 2019 23:59:44-yoW][cwd] /home/CSCScience.ca/apetkau/workspace/comp7934-project
[11 Dec 2019 23:59:44-yoW][version] mccortex=v0.0.3-610-g400c0e3 zlib=1.2.11 htslib=1.8-17-g699ed53 ASSERTS=ON hash=Lookup3 CHECKS=ON k=3..31
[11 Dec 2019 23:59:44-yoW] Saving graph to: human/bigsi/13/mccortex.SRR038300.ctx
[11 Dec 2019 23:59:44-yoW][sample] 0: SRR038300
[11 Dec 2019 23:59:44-yoW][task] human/kmer-counts-jellyfish/13/SRR038300.kmer.gz; FASTQ offset: auto-detect, threshold: off; cut homopolymers: off; remove PCR duplicates: no; colour: 0
[11 Dec 2019 23:59:44-yoW][memory] 104 bits per kmer
[11 Dec 2019 23:59:44-yoW] Note: Using less memory than requested (300MB < 5GB); allows for 24,117,248 kmers
[11 Dec 2019 23:59:44-yoW][memory] graph: 300MB
[11 Dec 2019 23:59:44-yoW][memory] total: 300MB of 62.6GB RAM
[11 Dec 2019 23:59:44-yoW] Writing 1 colour graph to human/bigsi/13/mccortex.SRR038300.ctx
[11 Dec 2019 23:59:44-yoW][hasht] Allocating table with 24,117,248 entries, using 185MB
[11 Dec 2019 23:59:44-yoW][hasht]  number of buckets: 524,288, bucket size: 46
[11 Dec 2019 23:59:44-yoW][graph] kmer-size: 13; colours: 1; capacity: 24,117,248
[11 Dec 2019 23:59:44-yoW][hasht] buckets: 524,288 [2^19]; bucket size: 46; 
[11 Dec 2019 23:59:44-yoW][hasht] memory: 185MB; filled: 0 / 24,117,248 (0.00%)
[11 Dec 2019 23:59:44-yoW][asyncio] Inputs: 1; Threads: 1
[11 Dec 2019 23:59:44-yoW][seq] Parsing sequence file human/kmer-counts-jellyfish/13/SRR038300.kmer.gz
[11 Dec 2019 23:59:48-yoW][seq] Loaded 3,593,476 reads and 0 reads pairs (file: human/kmer-counts-jellyfish/13/SRR038300.kmer.gz)
[11 Dec 2019 23:59:48-yoW][hasht] buckets: 524,288 [2^19]; bucket size: 46; 
[11 Dec 2019 23:59:48-yoW][hasht] memory: 185MB; filled: 3,593,476 / 24,117,248 (14.90%)
[11 Dec 2019 23:59:48-yoW][hasht]  collisions  0: 3593476
[11 Dec 2019 23:59:48-yoW][task] input: human/kmer-counts-jellyfish/13/SRR038300.kmer.gz colour: 0
[11 Dec 2019 23:59:48-yoW]  SE reads: 3,593,476  PE reads: 0
[11 Dec 2019 23:59:48-yoW]  good reads: 3,593,476  bad reads: 0
[11 Dec 2019 23:59:48-yoW]  dup SE reads: 0  dup PE pairs: 0
[11 Dec 2019 23:59:48-yoW]  bases read: 46,715,188  bases loaded: 46,715,188
[11 Dec 2019 23:59:48-yoW]  num contigs: 3,593,476  num kmers: 3,593,476 novel kmers: 3,593,476
[11 Dec 2019 23:59:48-yoW] Dumping graph...
[11 Dec 2019 23:59:48-yoW][graphwriter] Saving file to: human/bigsi/13/mccortex.SRR038300.ctx
[11 Dec 2019 23:59:48-yoW][FileFilter] Writing graph  [1 src colour]
[11 Dec 2019 23:59:48-yoW][graphwriter] Dumped 3,593,476 kmers in 1 colour into: human/bigsi/13/mccortex.SRR038300.ctx (ver: 6)
[11 Dec 2019 23:59:48-yoW][memory] We made 19 allocs
[11 Dec 2019 23:59:48-yoW] Done.
[11 Dec 2019 23:59:48-yoW][time] 4.00 seconds
	Command being timed: "mccortex 13 build --nkmers 24000000 --threads 1 --kmer 13 --mem 5G --sample SRR038300 --seq human/kmer-counts-jellyfish/13/SRR038300.kmer.gz human/bigsi/13/mccortex.SRR038300.ctx"
	User time (seconds): 6.10
	System time (seconds): 1.37
	Percent of CPU this job got: 169%
	Elapsed (wall clock) time (h:mm:ss or m:ss): 0:04.40
	Average shared text size (kbytes): 0
	Average unshared data size (kbytes): 0
	Average stack size (kbytes): 0
	Average total size (kbytes): 0
	Maximum resident set size (kbytes): 292664
	Average resident set size (kbytes): 0
	Major (requiring I/O) page faults: 0
	Minor (reclaiming a frame) page faults: 247123
	Voluntary context switches: 97022
	Involuntary context switches: 20150
	Swaps: 0
	File system inputs: 31248
	File system outputs: 91256
	Socket messages sent: 0
	Socket messages received: 0
	Signals delivered: 0
	Page size (bytes): 4096
	Exit status: 0
