[12 Dec 2019 00:02:06-CIj][cmd] /home/CSCScience.ca/apetkau/miniconda3/envs/bigsi_mccortex/bin/mccortex31 build --nkmers 24000000 --threads 1 --kmer 13 --mem 5G --sample SRR353653 --seq human/kmer-counts-jellyfish/13/SRR353653.kmer.gz human/bigsi/13/mccortex.SRR353653.ctx
[12 Dec 2019 00:02:06-CIj][cwd] /home/CSCScience.ca/apetkau/workspace/comp7934-project
[12 Dec 2019 00:02:06-CIj][version] mccortex=v0.0.3-610-g400c0e3 zlib=1.2.11 htslib=1.8-17-g699ed53 ASSERTS=ON hash=Lookup3 CHECKS=ON k=3..31
[12 Dec 2019 00:02:06-CIj] Saving graph to: human/bigsi/13/mccortex.SRR353653.ctx
[12 Dec 2019 00:02:06-CIj][sample] 0: SRR353653
[12 Dec 2019 00:02:06-CIj][task] human/kmer-counts-jellyfish/13/SRR353653.kmer.gz; FASTQ offset: auto-detect, threshold: off; cut homopolymers: off; remove PCR duplicates: no; colour: 0
[12 Dec 2019 00:02:06-CIj][memory] 104 bits per kmer
[12 Dec 2019 00:02:06-CIj] Note: Using less memory than requested (300MB < 5GB); allows for 24,117,248 kmers
[12 Dec 2019 00:02:06-CIj][memory] graph: 300MB
[12 Dec 2019 00:02:06-CIj][memory] total: 300MB of 62.6GB RAM
[12 Dec 2019 00:02:06-CIj] Writing 1 colour graph to human/bigsi/13/mccortex.SRR353653.ctx
[12 Dec 2019 00:02:06-CIj][hasht] Allocating table with 24,117,248 entries, using 185MB
[12 Dec 2019 00:02:06-CIj][hasht]  number of buckets: 524,288, bucket size: 46
[12 Dec 2019 00:02:06-CIj][graph] kmer-size: 13; colours: 1; capacity: 24,117,248
[12 Dec 2019 00:02:06-CIj][hasht] buckets: 524,288 [2^19]; bucket size: 46; 
[12 Dec 2019 00:02:06-CIj][hasht] memory: 185MB; filled: 0 / 24,117,248 (0.00%)
[12 Dec 2019 00:02:06-CIj][asyncio] Inputs: 1; Threads: 1
[12 Dec 2019 00:02:06-CIj][seq] Parsing sequence file human/kmer-counts-jellyfish/13/SRR353653.kmer.gz
[12 Dec 2019 00:02:09-CIj][seq] Loaded 3,083,493 reads and 0 reads pairs (file: human/kmer-counts-jellyfish/13/SRR353653.kmer.gz)
[12 Dec 2019 00:02:09-CIj][hasht] buckets: 524,288 [2^19]; bucket size: 46; 
[12 Dec 2019 00:02:09-CIj][hasht] memory: 185MB; filled: 3,083,493 / 24,117,248 (12.79%)
[12 Dec 2019 00:02:09-CIj][hasht]  collisions  0: 3083493
[12 Dec 2019 00:02:09-CIj][task] input: human/kmer-counts-jellyfish/13/SRR353653.kmer.gz colour: 0
[12 Dec 2019 00:02:09-CIj]  SE reads: 3,083,493  PE reads: 0
[12 Dec 2019 00:02:09-CIj]  good reads: 3,083,493  bad reads: 0
[12 Dec 2019 00:02:09-CIj]  dup SE reads: 0  dup PE pairs: 0
[12 Dec 2019 00:02:09-CIj]  bases read: 40,085,409  bases loaded: 40,085,409
[12 Dec 2019 00:02:09-CIj]  num contigs: 3,083,493  num kmers: 3,083,493 novel kmers: 3,083,493
[12 Dec 2019 00:02:09-CIj] Dumping graph...
[12 Dec 2019 00:02:09-CIj][graphwriter] Saving file to: human/bigsi/13/mccortex.SRR353653.ctx
[12 Dec 2019 00:02:09-CIj][FileFilter] Writing graph  [1 src colour]
[12 Dec 2019 00:02:09-CIj][graphwriter] Dumped 3,083,493 kmers in 1 colour into: human/bigsi/13/mccortex.SRR353653.ctx (ver: 6)
[12 Dec 2019 00:02:09-CIj][memory] We made 19 allocs
[12 Dec 2019 00:02:09-CIj] Done.
[12 Dec 2019 00:02:09-CIj][time] 3.00 seconds
	Command being timed: "mccortex 13 build --nkmers 24000000 --threads 1 --kmer 13 --mem 5G --sample SRR353653 --seq human/kmer-counts-jellyfish/13/SRR353653.kmer.gz human/bigsi/13/mccortex.SRR353653.ctx"
	User time (seconds): 4.17
	System time (seconds): 1.15
	Percent of CPU this job got: 168%
	Elapsed (wall clock) time (h:mm:ss or m:ss): 0:03.17
	Average shared text size (kbytes): 0
	Average unshared data size (kbytes): 0
	Average stack size (kbytes): 0
	Average total size (kbytes): 0
	Maximum resident set size (kbytes): 292728
	Average resident set size (kbytes): 0
	Major (requiring I/O) page faults: 0
	Minor (reclaiming a frame) page faults: 232595
	Voluntary context switches: 92041
	Involuntary context switches: 4258
	Swaps: 0
	File system inputs: 26800
	File system outputs: 78304
	Socket messages sent: 0
	Socket messages received: 0
	Signals delivered: 0
	Page size (bytes): 4096
	Exit status: 0
