[12 Dec 2019 00:00:56-Xib][cmd] /home/CSCScience.ca/apetkau/miniconda3/envs/bigsi_mccortex/bin/mccortex31 build --nkmers 24000000 --threads 1 --kmer 13 --mem 5G --sample SRR1313156 --seq human/kmer-counts-jellyfish/13/SRR1313156.kmer.gz human/bigsi/13/mccortex.SRR1313156.ctx
[12 Dec 2019 00:00:56-Xib][cwd] /home/CSCScience.ca/apetkau/workspace/comp7934-project
[12 Dec 2019 00:00:56-Xib][version] mccortex=v0.0.3-610-g400c0e3 zlib=1.2.11 htslib=1.8-17-g699ed53 ASSERTS=ON hash=Lookup3 CHECKS=ON k=3..31
[12 Dec 2019 00:00:56-Xib] Saving graph to: human/bigsi/13/mccortex.SRR1313156.ctx
[12 Dec 2019 00:00:56-Xib][sample] 0: SRR1313156
[12 Dec 2019 00:00:56-Xib][task] human/kmer-counts-jellyfish/13/SRR1313156.kmer.gz; FASTQ offset: auto-detect, threshold: off; cut homopolymers: off; remove PCR duplicates: no; colour: 0
[12 Dec 2019 00:00:56-Xib][memory] 104 bits per kmer
[12 Dec 2019 00:00:56-Xib] Note: Using less memory than requested (300MB < 5GB); allows for 24,117,248 kmers
[12 Dec 2019 00:00:56-Xib][memory] graph: 300MB
[12 Dec 2019 00:00:56-Xib][memory] total: 300MB of 62.6GB RAM
[12 Dec 2019 00:00:56-Xib] Writing 1 colour graph to human/bigsi/13/mccortex.SRR1313156.ctx
[12 Dec 2019 00:00:56-Xib][hasht] Allocating table with 24,117,248 entries, using 185MB
[12 Dec 2019 00:00:56-Xib][hasht]  number of buckets: 524,288, bucket size: 46
[12 Dec 2019 00:00:56-Xib][graph] kmer-size: 13; colours: 1; capacity: 24,117,248
[12 Dec 2019 00:00:56-Xib][hasht] buckets: 524,288 [2^19]; bucket size: 46; 
[12 Dec 2019 00:00:56-Xib][hasht] memory: 185MB; filled: 0 / 24,117,248 (0.00%)
[12 Dec 2019 00:00:56-Xib][asyncio] Inputs: 1; Threads: 1
[12 Dec 2019 00:00:56-Xib][seq] Parsing sequence file human/kmer-counts-jellyfish/13/SRR1313156.kmer.gz
[12 Dec 2019 00:01:00-Xib][seq] Loaded 3,851,243 reads and 0 reads pairs (file: human/kmer-counts-jellyfish/13/SRR1313156.kmer.gz)
[12 Dec 2019 00:01:00-Xib][hasht] buckets: 524,288 [2^19]; bucket size: 46; 
[12 Dec 2019 00:01:00-Xib][hasht] memory: 185MB; filled: 3,851,243 / 24,117,248 (15.97%)
[12 Dec 2019 00:01:00-Xib][hasht]  collisions  0: 3851243
[12 Dec 2019 00:01:00-Xib][task] input: human/kmer-counts-jellyfish/13/SRR1313156.kmer.gz colour: 0
[12 Dec 2019 00:01:00-Xib]  SE reads: 3,851,243  PE reads: 0
[12 Dec 2019 00:01:00-Xib]  good reads: 3,851,243  bad reads: 0
[12 Dec 2019 00:01:00-Xib]  dup SE reads: 0  dup PE pairs: 0
[12 Dec 2019 00:01:00-Xib]  bases read: 50,066,159  bases loaded: 50,066,159
[12 Dec 2019 00:01:00-Xib]  num contigs: 3,851,243  num kmers: 3,851,243 novel kmers: 3,851,243
[12 Dec 2019 00:01:00-Xib] Dumping graph...
[12 Dec 2019 00:01:00-Xib][graphwriter] Saving file to: human/bigsi/13/mccortex.SRR1313156.ctx
[12 Dec 2019 00:01:00-Xib][FileFilter] Writing graph  [1 src colour]
[12 Dec 2019 00:01:00-Xib][graphwriter] Dumped 3,851,243 kmers in 1 colour into: human/bigsi/13/mccortex.SRR1313156.ctx (ver: 6)
[12 Dec 2019 00:01:00-Xib][memory] We made 19 allocs
[12 Dec 2019 00:01:00-Xib] Done.
[12 Dec 2019 00:01:00-Xib][time] 4.00 seconds
	Command being timed: "mccortex 13 build --nkmers 24000000 --threads 1 --kmer 13 --mem 5G --sample SRR1313156 --seq human/kmer-counts-jellyfish/13/SRR1313156.kmer.gz human/bigsi/13/mccortex.SRR1313156.ctx"
	User time (seconds): 5.53
	System time (seconds): 1.34
	Percent of CPU this job got: 168%
	Elapsed (wall clock) time (h:mm:ss or m:ss): 0:04.09
	Average shared text size (kbytes): 0
	Average unshared data size (kbytes): 0
	Average stack size (kbytes): 0
	Average total size (kbytes): 0
	Maximum resident set size (kbytes): 292800
	Average resident set size (kbytes): 0
	Major (requiring I/O) page faults: 0
	Minor (reclaiming a frame) page faults: 247125
	Voluntary context switches: 102220
	Involuntary context switches: 7157
	Swaps: 0
	File system inputs: 33440
	File system outputs: 97800
	Socket messages sent: 0
	Socket messages received: 0
	Signals delivered: 0
	Page size (bytes): 4096
	Exit status: 0
