[12 Dec 2019 00:02:10-yOB][cmd] /home/CSCScience.ca/apetkau/miniconda3/envs/bigsi_mccortex/bin/mccortex31 build --nkmers 24000000 --threads 1 --kmer 13 --mem 5G --sample SRR496397 --seq human/kmer-counts-jellyfish/13/SRR496397.kmer.gz human/bigsi/13/mccortex.SRR496397.ctx
[12 Dec 2019 00:02:10-yOB][cwd] /home/CSCScience.ca/apetkau/workspace/comp7934-project
[12 Dec 2019 00:02:10-yOB][version] mccortex=v0.0.3-610-g400c0e3 zlib=1.2.11 htslib=1.8-17-g699ed53 ASSERTS=ON hash=Lookup3 CHECKS=ON k=3..31
[12 Dec 2019 00:02:10-yOB] Saving graph to: human/bigsi/13/mccortex.SRR496397.ctx
[12 Dec 2019 00:02:10-yOB][sample] 0: SRR496397
[12 Dec 2019 00:02:10-yOB][task] human/kmer-counts-jellyfish/13/SRR496397.kmer.gz; FASTQ offset: auto-detect, threshold: off; cut homopolymers: off; remove PCR duplicates: no; colour: 0
[12 Dec 2019 00:02:10-yOB][memory] 104 bits per kmer
[12 Dec 2019 00:02:10-yOB] Note: Using less memory than requested (300MB < 5GB); allows for 24,117,248 kmers
[12 Dec 2019 00:02:10-yOB][memory] graph: 300MB
[12 Dec 2019 00:02:10-yOB][memory] total: 300MB of 62.6GB RAM
[12 Dec 2019 00:02:10-yOB] Writing 1 colour graph to human/bigsi/13/mccortex.SRR496397.ctx
[12 Dec 2019 00:02:10-yOB][hasht] Allocating table with 24,117,248 entries, using 185MB
[12 Dec 2019 00:02:10-yOB][hasht]  number of buckets: 524,288, bucket size: 46
[12 Dec 2019 00:02:10-yOB][graph] kmer-size: 13; colours: 1; capacity: 24,117,248
[12 Dec 2019 00:02:10-yOB][hasht] buckets: 524,288 [2^19]; bucket size: 46; 
[12 Dec 2019 00:02:10-yOB][hasht] memory: 185MB; filled: 0 / 24,117,248 (0.00%)
[12 Dec 2019 00:02:10-yOB][asyncio] Inputs: 1; Threads: 1
[12 Dec 2019 00:02:10-yOB][seq] Parsing sequence file human/kmer-counts-jellyfish/13/SRR496397.kmer.gz
[12 Dec 2019 00:02:15-yOB][seq] Loaded 4,712,589 reads and 0 reads pairs (file: human/kmer-counts-jellyfish/13/SRR496397.kmer.gz)
[12 Dec 2019 00:02:15-yOB][hasht] buckets: 524,288 [2^19]; bucket size: 46; 
[12 Dec 2019 00:02:15-yOB][hasht] memory: 185MB; filled: 4,712,589 / 24,117,248 (19.54%)
[12 Dec 2019 00:02:15-yOB][hasht]  collisions  0: 4712589
[12 Dec 2019 00:02:15-yOB][task] input: human/kmer-counts-jellyfish/13/SRR496397.kmer.gz colour: 0
[12 Dec 2019 00:02:15-yOB]  SE reads: 4,712,589  PE reads: 0
[12 Dec 2019 00:02:15-yOB]  good reads: 4,712,589  bad reads: 0
[12 Dec 2019 00:02:15-yOB]  dup SE reads: 0  dup PE pairs: 0
[12 Dec 2019 00:02:15-yOB]  bases read: 61,263,657  bases loaded: 61,263,657
[12 Dec 2019 00:02:15-yOB]  num contigs: 4,712,589  num kmers: 4,712,589 novel kmers: 4,712,589
[12 Dec 2019 00:02:15-yOB] Dumping graph...
[12 Dec 2019 00:02:15-yOB][graphwriter] Saving file to: human/bigsi/13/mccortex.SRR496397.ctx
[12 Dec 2019 00:02:15-yOB][FileFilter] Writing graph  [1 src colour]
[12 Dec 2019 00:02:15-yOB][graphwriter] Dumped 4,712,589 kmers in 1 colour into: human/bigsi/13/mccortex.SRR496397.ctx (ver: 6)
[12 Dec 2019 00:02:15-yOB][memory] We made 19 allocs
[12 Dec 2019 00:02:15-yOB] Done.
[12 Dec 2019 00:02:15-yOB][time] 5.00 seconds
	Command being timed: "mccortex 13 build --nkmers 24000000 --threads 1 --kmer 13 --mem 5G --sample SRR496397 --seq human/kmer-counts-jellyfish/13/SRR496397.kmer.gz human/bigsi/13/mccortex.SRR496397.ctx"
	User time (seconds): 7.50
	System time (seconds): 1.60
	Percent of CPU this job got: 169%
	Elapsed (wall clock) time (h:mm:ss or m:ss): 0:05.37
	Average shared text size (kbytes): 0
	Average unshared data size (kbytes): 0
	Average stack size (kbytes): 0
	Average total size (kbytes): 0
	Maximum resident set size (kbytes): 292692
	Average resident set size (kbytes): 0
	Major (requiring I/O) page faults: 0
	Minor (reclaiming a frame) page faults: 247113
	Voluntary context switches: 115012
	Involuntary context switches: 21423
	Swaps: 0
	File system inputs: 40928
	File system outputs: 119664
	Socket messages sent: 0
	Socket messages received: 0
	Signals delivered: 0
	Page size (bytes): 4096
	Exit status: 0
