[12 Dec 2019 00:00:55-GAl][cmd] /home/CSCScience.ca/apetkau/miniconda3/envs/bigsi_mccortex/bin/mccortex31 build --nkmers 24000000 --threads 1 --kmer 13 --mem 5G --sample SRR1313154 --seq human/kmer-counts-jellyfish/13/SRR1313154.kmer.gz human/bigsi/13/mccortex.SRR1313154.ctx
[12 Dec 2019 00:00:55-GAl][cwd] /home/CSCScience.ca/apetkau/workspace/comp7934-project
[12 Dec 2019 00:00:55-GAl][version] mccortex=v0.0.3-610-g400c0e3 zlib=1.2.11 htslib=1.8-17-g699ed53 ASSERTS=ON hash=Lookup3 CHECKS=ON k=3..31
[12 Dec 2019 00:00:55-GAl] Saving graph to: human/bigsi/13/mccortex.SRR1313154.ctx
[12 Dec 2019 00:00:55-GAl][sample] 0: SRR1313154
[12 Dec 2019 00:00:55-GAl][task] human/kmer-counts-jellyfish/13/SRR1313154.kmer.gz; FASTQ offset: auto-detect, threshold: off; cut homopolymers: off; remove PCR duplicates: no; colour: 0
[12 Dec 2019 00:00:55-GAl][memory] 104 bits per kmer
[12 Dec 2019 00:00:55-GAl] Note: Using less memory than requested (300MB < 5GB); allows for 24,117,248 kmers
[12 Dec 2019 00:00:55-GAl][memory] graph: 300MB
[12 Dec 2019 00:00:55-GAl][memory] total: 300MB of 62.6GB RAM
[12 Dec 2019 00:00:55-GAl] Writing 1 colour graph to human/bigsi/13/mccortex.SRR1313154.ctx
[12 Dec 2019 00:00:55-GAl][hasht] Allocating table with 24,117,248 entries, using 185MB
[12 Dec 2019 00:00:55-GAl][hasht]  number of buckets: 524,288, bucket size: 46
[12 Dec 2019 00:00:55-GAl][graph] kmer-size: 13; colours: 1; capacity: 24,117,248
[12 Dec 2019 00:00:55-GAl][hasht] buckets: 524,288 [2^19]; bucket size: 46; 
[12 Dec 2019 00:00:55-GAl][hasht] memory: 185MB; filled: 0 / 24,117,248 (0.00%)
[12 Dec 2019 00:00:55-GAl][asyncio] Inputs: 1; Threads: 1
[12 Dec 2019 00:00:55-GAl][seq] Parsing sequence file human/kmer-counts-jellyfish/13/SRR1313154.kmer.gz
[12 Dec 2019 00:00:59-GAl][seq] Loaded 4,073,299 reads and 0 reads pairs (file: human/kmer-counts-jellyfish/13/SRR1313154.kmer.gz)
[12 Dec 2019 00:00:59-GAl][hasht] buckets: 524,288 [2^19]; bucket size: 46; 
[12 Dec 2019 00:00:59-GAl][hasht] memory: 185MB; filled: 4,073,299 / 24,117,248 (16.89%)
[12 Dec 2019 00:00:59-GAl][hasht]  collisions  0: 4073299
[12 Dec 2019 00:00:59-GAl][task] input: human/kmer-counts-jellyfish/13/SRR1313154.kmer.gz colour: 0
[12 Dec 2019 00:00:59-GAl]  SE reads: 4,073,299  PE reads: 0
[12 Dec 2019 00:00:59-GAl]  good reads: 4,073,299  bad reads: 0
[12 Dec 2019 00:00:59-GAl]  dup SE reads: 0  dup PE pairs: 0
[12 Dec 2019 00:00:59-GAl]  bases read: 52,952,887  bases loaded: 52,952,887
[12 Dec 2019 00:00:59-GAl]  num contigs: 4,073,299  num kmers: 4,073,299 novel kmers: 4,073,299
[12 Dec 2019 00:00:59-GAl] Dumping graph...
[12 Dec 2019 00:00:59-GAl][graphwriter] Saving file to: human/bigsi/13/mccortex.SRR1313154.ctx
[12 Dec 2019 00:00:59-GAl][FileFilter] Writing graph  [1 src colour]
[12 Dec 2019 00:01:00-GAl][graphwriter] Dumped 4,073,299 kmers in 1 colour into: human/bigsi/13/mccortex.SRR1313154.ctx (ver: 6)
[12 Dec 2019 00:01:00-GAl][memory] We made 19 allocs
[12 Dec 2019 00:01:00-GAl] Done.
[12 Dec 2019 00:01:00-GAl][time] 5.00 seconds
	Command being timed: "mccortex 13 build --nkmers 24000000 --threads 1 --kmer 13 --mem 5G --sample SRR1313154 --seq human/kmer-counts-jellyfish/13/SRR1313154.kmer.gz human/bigsi/13/mccortex.SRR1313154.ctx"
	User time (seconds): 5.93
	System time (seconds): 1.42
	Percent of CPU this job got: 170%
	Elapsed (wall clock) time (h:mm:ss or m:ss): 0:04.31
	Average shared text size (kbytes): 0
	Average unshared data size (kbytes): 0
	Average stack size (kbytes): 0
	Average total size (kbytes): 0
	Maximum resident set size (kbytes): 292704
	Average resident set size (kbytes): 0
	Major (requiring I/O) page faults: 0
	Minor (reclaiming a frame) page faults: 247128
	Voluntary context switches: 100797
	Involuntary context switches: 2436
	Swaps: 0
	File system inputs: 35344
	File system outputs: 103432
	Socket messages sent: 0
	Socket messages received: 0
	Signals delivered: 0
	Page size (bytes): 4096
	Exit status: 0
