[12 Dec 2019 00:02:04-fEV][cmd] /home/CSCScience.ca/apetkau/miniconda3/envs/bigsi_mccortex/bin/mccortex31 build --nkmers 24000000 --threads 1 --kmer 13 --mem 5G --sample SRR306849 --seq human/kmer-counts-jellyfish/13/SRR306849.kmer.gz human/bigsi/13/mccortex.SRR306849.ctx
[12 Dec 2019 00:02:04-fEV][cwd] /home/CSCScience.ca/apetkau/workspace/comp7934-project
[12 Dec 2019 00:02:04-fEV][version] mccortex=v0.0.3-610-g400c0e3 zlib=1.2.11 htslib=1.8-17-g699ed53 ASSERTS=ON hash=Lookup3 CHECKS=ON k=3..31
[12 Dec 2019 00:02:04-fEV] Saving graph to: human/bigsi/13/mccortex.SRR306849.ctx
[12 Dec 2019 00:02:04-fEV][sample] 0: SRR306849
[12 Dec 2019 00:02:04-fEV][task] human/kmer-counts-jellyfish/13/SRR306849.kmer.gz; FASTQ offset: auto-detect, threshold: off; cut homopolymers: off; remove PCR duplicates: no; colour: 0
[12 Dec 2019 00:02:04-fEV][memory] 104 bits per kmer
[12 Dec 2019 00:02:04-fEV] Note: Using less memory than requested (300MB < 5GB); allows for 24,117,248 kmers
[12 Dec 2019 00:02:04-fEV][memory] graph: 300MB
[12 Dec 2019 00:02:04-fEV][memory] total: 300MB of 62.6GB RAM
[12 Dec 2019 00:02:04-fEV] Writing 1 colour graph to human/bigsi/13/mccortex.SRR306849.ctx
[12 Dec 2019 00:02:04-fEV][hasht] Allocating table with 24,117,248 entries, using 185MB
[12 Dec 2019 00:02:04-fEV][hasht]  number of buckets: 524,288, bucket size: 46
[12 Dec 2019 00:02:04-fEV][graph] kmer-size: 13; colours: 1; capacity: 24,117,248
[12 Dec 2019 00:02:04-fEV][hasht] buckets: 524,288 [2^19]; bucket size: 46; 
[12 Dec 2019 00:02:04-fEV][hasht] memory: 185MB; filled: 0 / 24,117,248 (0.00%)
[12 Dec 2019 00:02:04-fEV][asyncio] Inputs: 1; Threads: 1
[12 Dec 2019 00:02:04-fEV][seq] Parsing sequence file human/kmer-counts-jellyfish/13/SRR306849.kmer.gz
[12 Dec 2019 00:02:08-fEV][seq] Loaded 3,455,711 reads and 0 reads pairs (file: human/kmer-counts-jellyfish/13/SRR306849.kmer.gz)
[12 Dec 2019 00:02:08-fEV][hasht] buckets: 524,288 [2^19]; bucket size: 46; 
[12 Dec 2019 00:02:08-fEV][hasht] memory: 185MB; filled: 3,455,711 / 24,117,248 (14.33%)
[12 Dec 2019 00:02:08-fEV][hasht]  collisions  0: 3455711
[12 Dec 2019 00:02:08-fEV][task] input: human/kmer-counts-jellyfish/13/SRR306849.kmer.gz colour: 0
[12 Dec 2019 00:02:08-fEV]  SE reads: 3,455,711  PE reads: 0
[12 Dec 2019 00:02:08-fEV]  good reads: 3,455,711  bad reads: 0
[12 Dec 2019 00:02:08-fEV]  dup SE reads: 0  dup PE pairs: 0
[12 Dec 2019 00:02:08-fEV]  bases read: 44,924,243  bases loaded: 44,924,243
[12 Dec 2019 00:02:08-fEV]  num contigs: 3,455,711  num kmers: 3,455,711 novel kmers: 3,455,711
[12 Dec 2019 00:02:08-fEV] Dumping graph...
[12 Dec 2019 00:02:08-fEV][graphwriter] Saving file to: human/bigsi/13/mccortex.SRR306849.ctx
[12 Dec 2019 00:02:08-fEV][FileFilter] Writing graph  [1 src colour]
[12 Dec 2019 00:02:08-fEV][graphwriter] Dumped 3,455,711 kmers in 1 colour into: human/bigsi/13/mccortex.SRR306849.ctx (ver: 6)
[12 Dec 2019 00:02:08-fEV][memory] We made 19 allocs
[12 Dec 2019 00:02:08-fEV] Done.
[12 Dec 2019 00:02:08-fEV][time] 4.00 seconds
	Command being timed: "mccortex 13 build --nkmers 24000000 --threads 1 --kmer 13 --mem 5G --sample SRR306849 --seq human/kmer-counts-jellyfish/13/SRR306849.kmer.gz human/bigsi/13/mccortex.SRR306849.ctx"
	User time (seconds): 5.22
	System time (seconds): 1.14
	Percent of CPU this job got: 176%
	Elapsed (wall clock) time (h:mm:ss or m:ss): 0:03.60
	Average shared text size (kbytes): 0
	Average unshared data size (kbytes): 0
	Average stack size (kbytes): 0
	Average total size (kbytes): 0
	Maximum resident set size (kbytes): 292720
	Average resident set size (kbytes): 0
	Major (requiring I/O) page faults: 0
	Minor (reclaiming a frame) page faults: 247122
	Voluntary context switches: 108023
	Involuntary context switches: 60
	Swaps: 0
	File system inputs: 30024
	File system outputs: 87752
	Socket messages sent: 0
	Socket messages received: 0
	Signals delivered: 0
	Page size (bytes): 4096
	Exit status: 0
