[12 Dec 2019 00:00:45-luj][cmd] /home/CSCScience.ca/apetkau/miniconda3/envs/bigsi_mccortex/bin/mccortex31 build --nkmers 24000000 --threads 1 --kmer 13 --mem 5G --sample SRR1313092 --seq human/kmer-counts-jellyfish/13/SRR1313092.kmer.gz human/bigsi/13/mccortex.SRR1313092.ctx
[12 Dec 2019 00:00:45-luj][cwd] /home/CSCScience.ca/apetkau/workspace/comp7934-project
[12 Dec 2019 00:00:45-luj][version] mccortex=v0.0.3-610-g400c0e3 zlib=1.2.11 htslib=1.8-17-g699ed53 ASSERTS=ON hash=Lookup3 CHECKS=ON k=3..31
[12 Dec 2019 00:00:45-luj] Saving graph to: human/bigsi/13/mccortex.SRR1313092.ctx
[12 Dec 2019 00:00:45-luj][sample] 0: SRR1313092
[12 Dec 2019 00:00:45-luj][task] human/kmer-counts-jellyfish/13/SRR1313092.kmer.gz; FASTQ offset: auto-detect, threshold: off; cut homopolymers: off; remove PCR duplicates: no; colour: 0
[12 Dec 2019 00:00:45-luj][memory] 104 bits per kmer
[12 Dec 2019 00:00:45-luj] Note: Using less memory than requested (300MB < 5GB); allows for 24,117,248 kmers
[12 Dec 2019 00:00:45-luj][memory] graph: 300MB
[12 Dec 2019 00:00:45-luj][memory] total: 300MB of 62.6GB RAM
[12 Dec 2019 00:00:45-luj] Writing 1 colour graph to human/bigsi/13/mccortex.SRR1313092.ctx
[12 Dec 2019 00:00:45-luj][hasht] Allocating table with 24,117,248 entries, using 185MB
[12 Dec 2019 00:00:45-luj][hasht]  number of buckets: 524,288, bucket size: 46
[12 Dec 2019 00:00:45-luj][graph] kmer-size: 13; colours: 1; capacity: 24,117,248
[12 Dec 2019 00:00:45-luj][hasht] buckets: 524,288 [2^19]; bucket size: 46; 
[12 Dec 2019 00:00:45-luj][hasht] memory: 185MB; filled: 0 / 24,117,248 (0.00%)
[12 Dec 2019 00:00:45-luj][asyncio] Inputs: 1; Threads: 1
[12 Dec 2019 00:00:45-luj][seq] Parsing sequence file human/kmer-counts-jellyfish/13/SRR1313092.kmer.gz
[12 Dec 2019 00:00:50-luj][seq] Loaded 4,021,893 reads and 0 reads pairs (file: human/kmer-counts-jellyfish/13/SRR1313092.kmer.gz)
[12 Dec 2019 00:00:50-luj][hasht] buckets: 524,288 [2^19]; bucket size: 46; 
[12 Dec 2019 00:00:50-luj][hasht] memory: 185MB; filled: 4,021,893 / 24,117,248 (16.68%)
[12 Dec 2019 00:00:50-luj][hasht]  collisions  0: 4021893
[12 Dec 2019 00:00:50-luj][task] input: human/kmer-counts-jellyfish/13/SRR1313092.kmer.gz colour: 0
[12 Dec 2019 00:00:50-luj]  SE reads: 4,021,893  PE reads: 0
[12 Dec 2019 00:00:50-luj]  good reads: 4,021,893  bad reads: 0
[12 Dec 2019 00:00:50-luj]  dup SE reads: 0  dup PE pairs: 0
[12 Dec 2019 00:00:50-luj]  bases read: 52,284,609  bases loaded: 52,284,609
[12 Dec 2019 00:00:50-luj]  num contigs: 4,021,893  num kmers: 4,021,893 novel kmers: 4,021,893
[12 Dec 2019 00:00:50-luj] Dumping graph...
[12 Dec 2019 00:00:50-luj][graphwriter] Saving file to: human/bigsi/13/mccortex.SRR1313092.ctx
[12 Dec 2019 00:00:50-luj][FileFilter] Writing graph  [1 src colour]
[12 Dec 2019 00:00:51-luj][graphwriter] Dumped 4,021,893 kmers in 1 colour into: human/bigsi/13/mccortex.SRR1313092.ctx (ver: 6)
[12 Dec 2019 00:00:51-luj][memory] We made 19 allocs
[12 Dec 2019 00:00:51-luj] Done.
[12 Dec 2019 00:00:51-luj][time] 6.00 seconds
	Command being timed: "mccortex 13 build --nkmers 24000000 --threads 1 --kmer 13 --mem 5G --sample SRR1313092 --seq human/kmer-counts-jellyfish/13/SRR1313092.kmer.gz human/bigsi/13/mccortex.SRR1313092.ctx"
	User time (seconds): 8.11
	System time (seconds): 2.04
	Percent of CPU this job got: 175%
	Elapsed (wall clock) time (h:mm:ss or m:ss): 0:05.78
	Average shared text size (kbytes): 0
	Average unshared data size (kbytes): 0
	Average stack size (kbytes): 0
	Average total size (kbytes): 0
	Maximum resident set size (kbytes): 292868
	Average resident set size (kbytes): 0
	Major (requiring I/O) page faults: 0
	Minor (reclaiming a frame) page faults: 319371
	Voluntary context switches: 149850
	Involuntary context switches: 25
	Swaps: 0
	File system inputs: 34928
	File system outputs: 102136
	Socket messages sent: 0
	Socket messages received: 0
	Signals delivered: 0
	Page size (bytes): 4096
	Exit status: 0
