[12 Dec 2019 00:02:00-NuB][cmd] /home/CSCScience.ca/apetkau/miniconda3/envs/bigsi_mccortex/bin/mccortex31 build --nkmers 24000000 --threads 1 --kmer 13 --mem 5G --sample SRR191696 --seq human/kmer-counts-jellyfish/13/SRR191696.kmer.gz human/bigsi/13/mccortex.SRR191696.ctx
[12 Dec 2019 00:02:00-NuB][cwd] /home/CSCScience.ca/apetkau/workspace/comp7934-project
[12 Dec 2019 00:02:00-NuB][version] mccortex=v0.0.3-610-g400c0e3 zlib=1.2.11 htslib=1.8-17-g699ed53 ASSERTS=ON hash=Lookup3 CHECKS=ON k=3..31
[12 Dec 2019 00:02:00-NuB] Saving graph to: human/bigsi/13/mccortex.SRR191696.ctx
[12 Dec 2019 00:02:00-NuB][sample] 0: SRR191696
[12 Dec 2019 00:02:00-NuB][task] human/kmer-counts-jellyfish/13/SRR191696.kmer.gz; FASTQ offset: auto-detect, threshold: off; cut homopolymers: off; remove PCR duplicates: no; colour: 0
[12 Dec 2019 00:02:00-NuB][memory] 104 bits per kmer
[12 Dec 2019 00:02:00-NuB] Note: Using less memory than requested (300MB < 5GB); allows for 24,117,248 kmers
[12 Dec 2019 00:02:00-NuB][memory] graph: 300MB
[12 Dec 2019 00:02:00-NuB][memory] total: 300MB of 62.6GB RAM
[12 Dec 2019 00:02:00-NuB] Writing 1 colour graph to human/bigsi/13/mccortex.SRR191696.ctx
[12 Dec 2019 00:02:00-NuB][hasht] Allocating table with 24,117,248 entries, using 185MB
[12 Dec 2019 00:02:00-NuB][hasht]  number of buckets: 524,288, bucket size: 46
[12 Dec 2019 00:02:00-NuB][graph] kmer-size: 13; colours: 1; capacity: 24,117,248
[12 Dec 2019 00:02:00-NuB][hasht] buckets: 524,288 [2^19]; bucket size: 46; 
[12 Dec 2019 00:02:00-NuB][hasht] memory: 185MB; filled: 0 / 24,117,248 (0.00%)
[12 Dec 2019 00:02:00-NuB][asyncio] Inputs: 1; Threads: 1
[12 Dec 2019 00:02:00-NuB][seq] Parsing sequence file human/kmer-counts-jellyfish/13/SRR191696.kmer.gz
[12 Dec 2019 00:02:00-NuB][seq] Loaded 468,979 reads and 0 reads pairs (file: human/kmer-counts-jellyfish/13/SRR191696.kmer.gz)
[12 Dec 2019 00:02:00-NuB][hasht] buckets: 524,288 [2^19]; bucket size: 46; 
[12 Dec 2019 00:02:00-NuB][hasht] memory: 185MB; filled: 468,979 / 24,117,248 (1.94%)
[12 Dec 2019 00:02:00-NuB][hasht]  collisions  0: 468979
[12 Dec 2019 00:02:00-NuB][task] input: human/kmer-counts-jellyfish/13/SRR191696.kmer.gz colour: 0
[12 Dec 2019 00:02:00-NuB]  SE reads: 468,979  PE reads: 0
[12 Dec 2019 00:02:00-NuB]  good reads: 468,979  bad reads: 0
[12 Dec 2019 00:02:00-NuB]  dup SE reads: 0  dup PE pairs: 0
[12 Dec 2019 00:02:00-NuB]  bases read: 6,096,727  bases loaded: 6,096,727
[12 Dec 2019 00:02:00-NuB]  num contigs: 468,979  num kmers: 468,979 novel kmers: 468,979
[12 Dec 2019 00:02:00-NuB] Dumping graph...
[12 Dec 2019 00:02:00-NuB][graphwriter] Saving file to: human/bigsi/13/mccortex.SRR191696.ctx
[12 Dec 2019 00:02:00-NuB][FileFilter] Writing graph  [1 src colour]
[12 Dec 2019 00:02:00-NuB][graphwriter] Dumped 468,979 kmers in 1 colour into: human/bigsi/13/mccortex.SRR191696.ctx (ver: 6)
[12 Dec 2019 00:02:00-NuB][memory] We made 19 allocs
[12 Dec 2019 00:02:00-NuB] Done.
[12 Dec 2019 00:02:00-NuB][time] 0.00 seconds
	Command being timed: "mccortex 13 build --nkmers 24000000 --threads 1 --kmer 13 --mem 5G --sample SRR191696 --seq human/kmer-counts-jellyfish/13/SRR191696.kmer.gz human/bigsi/13/mccortex.SRR191696.ctx"
	User time (seconds): 0.85
	System time (seconds): 0.29
	Percent of CPU this job got: 162%
	Elapsed (wall clock) time (h:mm:ss or m:ss): 0:00.70
	Average shared text size (kbytes): 0
	Average unshared data size (kbytes): 0
	Average stack size (kbytes): 0
	Average total size (kbytes): 0
	Maximum resident set size (kbytes): 292492
	Average resident set size (kbytes): 0
	Major (requiring I/O) page faults: 0
	Minor (reclaiming a frame) page faults: 102610
	Voluntary context switches: 36711
	Involuntary context switches: 17
	Swaps: 0
	File system inputs: 4040
	File system outputs: 11920
	Socket messages sent: 0
	Socket messages received: 0
	Signals delivered: 0
	Page size (bytes): 4096
	Exit status: 0
