[12 Dec 2019 00:01:18-HOF][cmd] /home/CSCScience.ca/apetkau/miniconda3/envs/bigsi_mccortex/bin/mccortex31 build --nkmers 24000000 --threads 1 --kmer 13 --mem 5G --sample SRR1519066 --seq human/kmer-counts-jellyfish/13/SRR1519066.kmer.gz human/bigsi/13/mccortex.SRR1519066.ctx
[12 Dec 2019 00:01:18-HOF][cwd] /home/CSCScience.ca/apetkau/workspace/comp7934-project
[12 Dec 2019 00:01:18-HOF][version] mccortex=v0.0.3-610-g400c0e3 zlib=1.2.11 htslib=1.8-17-g699ed53 ASSERTS=ON hash=Lookup3 CHECKS=ON k=3..31
[12 Dec 2019 00:01:18-HOF] Saving graph to: human/bigsi/13/mccortex.SRR1519066.ctx
[12 Dec 2019 00:01:18-HOF][sample] 0: SRR1519066
[12 Dec 2019 00:01:18-HOF][task] human/kmer-counts-jellyfish/13/SRR1519066.kmer.gz; FASTQ offset: auto-detect, threshold: off; cut homopolymers: off; remove PCR duplicates: no; colour: 0
[12 Dec 2019 00:01:18-HOF][memory] 104 bits per kmer
[12 Dec 2019 00:01:18-HOF] Note: Using less memory than requested (300MB < 5GB); allows for 24,117,248 kmers
[12 Dec 2019 00:01:18-HOF][memory] graph: 300MB
[12 Dec 2019 00:01:18-HOF][memory] total: 300MB of 62.6GB RAM
[12 Dec 2019 00:01:18-HOF] Writing 1 colour graph to human/bigsi/13/mccortex.SRR1519066.ctx
[12 Dec 2019 00:01:18-HOF][hasht] Allocating table with 24,117,248 entries, using 185MB
[12 Dec 2019 00:01:18-HOF][hasht]  number of buckets: 524,288, bucket size: 46
[12 Dec 2019 00:01:18-HOF][graph] kmer-size: 13; colours: 1; capacity: 24,117,248
[12 Dec 2019 00:01:18-HOF][hasht] buckets: 524,288 [2^19]; bucket size: 46; 
[12 Dec 2019 00:01:18-HOF][hasht] memory: 185MB; filled: 0 / 24,117,248 (0.00%)
[12 Dec 2019 00:01:18-HOF][asyncio] Inputs: 1; Threads: 1
[12 Dec 2019 00:01:18-HOF][seq] Parsing sequence file human/kmer-counts-jellyfish/13/SRR1519066.kmer.gz
[12 Dec 2019 00:01:24-HOF][seq] Loaded 4,760,563 reads and 0 reads pairs (file: human/kmer-counts-jellyfish/13/SRR1519066.kmer.gz)
[12 Dec 2019 00:01:24-HOF][hasht] buckets: 524,288 [2^19]; bucket size: 46; 
[12 Dec 2019 00:01:24-HOF][hasht] memory: 185MB; filled: 4,760,563 / 24,117,248 (19.74%)
[12 Dec 2019 00:01:24-HOF][hasht]  collisions  0: 4760563
[12 Dec 2019 00:01:24-HOF][task] input: human/kmer-counts-jellyfish/13/SRR1519066.kmer.gz colour: 0
[12 Dec 2019 00:01:24-HOF]  SE reads: 4,760,563  PE reads: 0
[12 Dec 2019 00:01:24-HOF]  good reads: 4,760,563  bad reads: 0
[12 Dec 2019 00:01:24-HOF]  dup SE reads: 0  dup PE pairs: 0
[12 Dec 2019 00:01:24-HOF]  bases read: 61,887,319  bases loaded: 61,887,319
[12 Dec 2019 00:01:24-HOF]  num contigs: 4,760,563  num kmers: 4,760,563 novel kmers: 4,760,563
[12 Dec 2019 00:01:24-HOF] Dumping graph...
[12 Dec 2019 00:01:24-HOF][graphwriter] Saving file to: human/bigsi/13/mccortex.SRR1519066.ctx
[12 Dec 2019 00:01:24-HOF][FileFilter] Writing graph  [1 src colour]
[12 Dec 2019 00:01:24-HOF][graphwriter] Dumped 4,760,563 kmers in 1 colour into: human/bigsi/13/mccortex.SRR1519066.ctx (ver: 6)
[12 Dec 2019 00:01:24-HOF][memory] We made 19 allocs
[12 Dec 2019 00:01:24-HOF] Done.
[12 Dec 2019 00:01:24-HOF][time] 6.00 seconds
	Command being timed: "mccortex 13 build --nkmers 24000000 --threads 1 --kmer 13 --mem 5G --sample SRR1519066 --seq human/kmer-counts-jellyfish/13/SRR1519066.kmer.gz human/bigsi/13/mccortex.SRR1519066.ctx"
	User time (seconds): 10.46
	System time (seconds): 1.41
	Percent of CPU this job got: 180%
	Elapsed (wall clock) time (h:mm:ss or m:ss): 0:06.58
	Average shared text size (kbytes): 0
	Average unshared data size (kbytes): 0
	Average stack size (kbytes): 0
	Average total size (kbytes): 0
	Maximum resident set size (kbytes): 292756
	Average resident set size (kbytes): 0
	Major (requiring I/O) page faults: 0
	Minor (reclaiming a frame) page faults: 377059
	Voluntary context switches: 126806
	Involuntary context switches: 108
	Swaps: 0
	File system inputs: 41368
	File system outputs: 120888
	Socket messages sent: 0
	Socket messages received: 0
	Signals delivered: 0
	Page size (bytes): 4096
	Exit status: 0
