[12 Dec 2019 00:02:20-jAT][cmd] /home/CSCScience.ca/apetkau/miniconda3/envs/bigsi_mccortex/bin/mccortex31 build --nkmers 24000000 --threads 1 --kmer 13 --mem 5G --sample SRR537114 --seq human/kmer-counts-jellyfish/13/SRR537114.kmer.gz human/bigsi/13/mccortex.SRR537114.ctx
[12 Dec 2019 00:02:20-jAT][cwd] /home/CSCScience.ca/apetkau/workspace/comp7934-project
[12 Dec 2019 00:02:20-jAT][version] mccortex=v0.0.3-610-g400c0e3 zlib=1.2.11 htslib=1.8-17-g699ed53 ASSERTS=ON hash=Lookup3 CHECKS=ON k=3..31
[12 Dec 2019 00:02:20-jAT] Saving graph to: human/bigsi/13/mccortex.SRR537114.ctx
[12 Dec 2019 00:02:20-jAT][sample] 0: SRR537114
[12 Dec 2019 00:02:20-jAT][task] human/kmer-counts-jellyfish/13/SRR537114.kmer.gz; FASTQ offset: auto-detect, threshold: off; cut homopolymers: off; remove PCR duplicates: no; colour: 0
[12 Dec 2019 00:02:20-jAT][memory] 104 bits per kmer
[12 Dec 2019 00:02:20-jAT] Note: Using less memory than requested (300MB < 5GB); allows for 24,117,248 kmers
[12 Dec 2019 00:02:20-jAT][memory] graph: 300MB
[12 Dec 2019 00:02:20-jAT][memory] total: 300MB of 62.6GB RAM
[12 Dec 2019 00:02:20-jAT] Writing 1 colour graph to human/bigsi/13/mccortex.SRR537114.ctx
[12 Dec 2019 00:02:20-jAT][hasht] Allocating table with 24,117,248 entries, using 185MB
[12 Dec 2019 00:02:20-jAT][hasht]  number of buckets: 524,288, bucket size: 46
[12 Dec 2019 00:02:20-jAT][graph] kmer-size: 13; colours: 1; capacity: 24,117,248
[12 Dec 2019 00:02:20-jAT][hasht] buckets: 524,288 [2^19]; bucket size: 46; 
[12 Dec 2019 00:02:20-jAT][hasht] memory: 185MB; filled: 0 / 24,117,248 (0.00%)
[12 Dec 2019 00:02:20-jAT][asyncio] Inputs: 1; Threads: 1
[12 Dec 2019 00:02:20-jAT][seq] Parsing sequence file human/kmer-counts-jellyfish/13/SRR537114.kmer.gz
[12 Dec 2019 00:02:21-jAT][seq] Loaded 465,312 reads and 0 reads pairs (file: human/kmer-counts-jellyfish/13/SRR537114.kmer.gz)
[12 Dec 2019 00:02:21-jAT][hasht] buckets: 524,288 [2^19]; bucket size: 46; 
[12 Dec 2019 00:02:21-jAT][hasht] memory: 185MB; filled: 465,312 / 24,117,248 (1.93%)
[12 Dec 2019 00:02:21-jAT][hasht]  collisions  0: 465312
[12 Dec 2019 00:02:21-jAT][task] input: human/kmer-counts-jellyfish/13/SRR537114.kmer.gz colour: 0
[12 Dec 2019 00:02:21-jAT]  SE reads: 465,312  PE reads: 0
[12 Dec 2019 00:02:21-jAT]  good reads: 465,312  bad reads: 0
[12 Dec 2019 00:02:21-jAT]  dup SE reads: 0  dup PE pairs: 0
[12 Dec 2019 00:02:21-jAT]  bases read: 6,049,056  bases loaded: 6,049,056
[12 Dec 2019 00:02:21-jAT]  num contigs: 465,312  num kmers: 465,312 novel kmers: 465,312
[12 Dec 2019 00:02:21-jAT] Dumping graph...
[12 Dec 2019 00:02:21-jAT][graphwriter] Saving file to: human/bigsi/13/mccortex.SRR537114.ctx
[12 Dec 2019 00:02:21-jAT][FileFilter] Writing graph  [1 src colour]
[12 Dec 2019 00:02:21-jAT][graphwriter] Dumped 465,312 kmers in 1 colour into: human/bigsi/13/mccortex.SRR537114.ctx (ver: 6)
[12 Dec 2019 00:02:21-jAT][memory] We made 19 allocs
[12 Dec 2019 00:02:21-jAT] Done.
[12 Dec 2019 00:02:21-jAT][time] 1.00 seconds
	Command being timed: "mccortex 13 build --nkmers 24000000 --threads 1 --kmer 13 --mem 5G --sample SRR537114 --seq human/kmer-counts-jellyfish/13/SRR537114.kmer.gz human/bigsi/13/mccortex.SRR537114.ctx"
	User time (seconds): 0.83
	System time (seconds): 0.36
	Percent of CPU this job got: 161%
	Elapsed (wall clock) time (h:mm:ss or m:ss): 0:00.74
	Average shared text size (kbytes): 0
	Average unshared data size (kbytes): 0
	Average stack size (kbytes): 0
	Average total size (kbytes): 0
	Maximum resident set size (kbytes): 292704
	Average resident set size (kbytes): 0
	Major (requiring I/O) page faults: 0
	Minor (reclaiming a frame) page faults: 102620
	Voluntary context switches: 36055
	Involuntary context switches: 17
	Swaps: 0
	File system inputs: 4032
	File system outputs: 11824
	Socket messages sent: 0
	Socket messages received: 0
	Signals delivered: 0
	Page size (bytes): 4096
	Exit status: 0
