[12 Dec 2019 00:00:14-CuV][cmd] /home/CSCScience.ca/apetkau/miniconda3/envs/bigsi_mccortex/bin/mccortex31 build --nkmers 24000000 --threads 1 --kmer 13 --mem 5G --sample SRR1313078 --seq human/kmer-counts-jellyfish/13/SRR1313078.kmer.gz human/bigsi/13/mccortex.SRR1313078.ctx
[12 Dec 2019 00:00:14-CuV][cwd] /home/CSCScience.ca/apetkau/workspace/comp7934-project
[12 Dec 2019 00:00:14-CuV][version] mccortex=v0.0.3-610-g400c0e3 zlib=1.2.11 htslib=1.8-17-g699ed53 ASSERTS=ON hash=Lookup3 CHECKS=ON k=3..31
[12 Dec 2019 00:00:14-CuV] Saving graph to: human/bigsi/13/mccortex.SRR1313078.ctx
[12 Dec 2019 00:00:14-CuV][sample] 0: SRR1313078
[12 Dec 2019 00:00:14-CuV][task] human/kmer-counts-jellyfish/13/SRR1313078.kmer.gz; FASTQ offset: auto-detect, threshold: off; cut homopolymers: off; remove PCR duplicates: no; colour: 0
[12 Dec 2019 00:00:14-CuV][memory] 104 bits per kmer
[12 Dec 2019 00:00:14-CuV] Note: Using less memory than requested (300MB < 5GB); allows for 24,117,248 kmers
[12 Dec 2019 00:00:14-CuV][memory] graph: 300MB
[12 Dec 2019 00:00:14-CuV][memory] total: 300MB of 62.6GB RAM
[12 Dec 2019 00:00:14-CuV] Writing 1 colour graph to human/bigsi/13/mccortex.SRR1313078.ctx
[12 Dec 2019 00:00:14-CuV][hasht] Allocating table with 24,117,248 entries, using 185MB
[12 Dec 2019 00:00:14-CuV][hasht]  number of buckets: 524,288, bucket size: 46
[12 Dec 2019 00:00:14-CuV][graph] kmer-size: 13; colours: 1; capacity: 24,117,248
[12 Dec 2019 00:00:14-CuV][hasht] buckets: 524,288 [2^19]; bucket size: 46; 
[12 Dec 2019 00:00:14-CuV][hasht] memory: 185MB; filled: 0 / 24,117,248 (0.00%)
[12 Dec 2019 00:00:14-CuV][asyncio] Inputs: 1; Threads: 1
[12 Dec 2019 00:00:14-CuV][seq] Parsing sequence file human/kmer-counts-jellyfish/13/SRR1313078.kmer.gz
[12 Dec 2019 00:00:19-CuV][seq] Loaded 4,325,444 reads and 0 reads pairs (file: human/kmer-counts-jellyfish/13/SRR1313078.kmer.gz)
[12 Dec 2019 00:00:19-CuV][hasht] buckets: 524,288 [2^19]; bucket size: 46; 
[12 Dec 2019 00:00:19-CuV][hasht] memory: 185MB; filled: 4,325,444 / 24,117,248 (17.94%)
[12 Dec 2019 00:00:19-CuV][hasht]  collisions  0: 4325444
[12 Dec 2019 00:00:19-CuV][task] input: human/kmer-counts-jellyfish/13/SRR1313078.kmer.gz colour: 0
[12 Dec 2019 00:00:19-CuV]  SE reads: 4,325,444  PE reads: 0
[12 Dec 2019 00:00:19-CuV]  good reads: 4,325,444  bad reads: 0
[12 Dec 2019 00:00:19-CuV]  dup SE reads: 0  dup PE pairs: 0
[12 Dec 2019 00:00:19-CuV]  bases read: 56,230,772  bases loaded: 56,230,772
[12 Dec 2019 00:00:19-CuV]  num contigs: 4,325,444  num kmers: 4,325,444 novel kmers: 4,325,444
[12 Dec 2019 00:00:19-CuV] Dumping graph...
[12 Dec 2019 00:00:19-CuV][graphwriter] Saving file to: human/bigsi/13/mccortex.SRR1313078.ctx
[12 Dec 2019 00:00:19-CuV][FileFilter] Writing graph  [1 src colour]
[12 Dec 2019 00:00:20-CuV][graphwriter] Dumped 4,325,444 kmers in 1 colour into: human/bigsi/13/mccortex.SRR1313078.ctx (ver: 6)
[12 Dec 2019 00:00:20-CuV][memory] We made 19 allocs
[12 Dec 2019 00:00:20-CuV] Done.
[12 Dec 2019 00:00:20-CuV][time] 6.00 seconds
	Command being timed: "mccortex 13 build --nkmers 24000000 --threads 1 --kmer 13 --mem 5G --sample SRR1313078 --seq human/kmer-counts-jellyfish/13/SRR1313078.kmer.gz human/bigsi/13/mccortex.SRR1313078.ctx"
	User time (seconds): 9.10
	System time (seconds): 1.67
	Percent of CPU this job got: 177%
	Elapsed (wall clock) time (h:mm:ss or m:ss): 0:06.07
	Average shared text size (kbytes): 0
	Average unshared data size (kbytes): 0
	Average stack size (kbytes): 0
	Average total size (kbytes): 0
	Maximum resident set size (kbytes): 292780
	Average resident set size (kbytes): 0
	Major (requiring I/O) page faults: 0
	Minor (reclaiming a frame) page faults: 247126
	Voluntary context switches: 106812
	Involuntary context switches: 80
	Swaps: 0
	File system inputs: 37520
	File system outputs: 109840
	Socket messages sent: 0
	Socket messages received: 0
	Signals delivered: 0
	Page size (bytes): 4096
	Exit status: 0
