[12 Dec 2019 00:01:39-guj][cmd] /home/CSCScience.ca/apetkau/miniconda3/envs/bigsi_mccortex/bin/mccortex31 build --nkmers 24000000 --threads 1 --kmer 13 --mem 5G --sample SRR191621 --seq human/kmer-counts-jellyfish/13/SRR191621.kmer.gz human/bigsi/13/mccortex.SRR191621.ctx
[12 Dec 2019 00:01:39-guj][cwd] /home/CSCScience.ca/apetkau/workspace/comp7934-project
[12 Dec 2019 00:01:39-guj][version] mccortex=v0.0.3-610-g400c0e3 zlib=1.2.11 htslib=1.8-17-g699ed53 ASSERTS=ON hash=Lookup3 CHECKS=ON k=3..31
[12 Dec 2019 00:01:39-guj] Saving graph to: human/bigsi/13/mccortex.SRR191621.ctx
[12 Dec 2019 00:01:39-guj][sample] 0: SRR191621
[12 Dec 2019 00:01:39-guj][task] human/kmer-counts-jellyfish/13/SRR191621.kmer.gz; FASTQ offset: auto-detect, threshold: off; cut homopolymers: off; remove PCR duplicates: no; colour: 0
[12 Dec 2019 00:01:39-guj][memory] 104 bits per kmer
[12 Dec 2019 00:01:39-guj] Note: Using less memory than requested (300MB < 5GB); allows for 24,117,248 kmers
[12 Dec 2019 00:01:39-guj][memory] graph: 300MB
[12 Dec 2019 00:01:39-guj][memory] total: 300MB of 62.6GB RAM
[12 Dec 2019 00:01:39-guj] Writing 1 colour graph to human/bigsi/13/mccortex.SRR191621.ctx
[12 Dec 2019 00:01:39-guj][hasht] Allocating table with 24,117,248 entries, using 185MB
[12 Dec 2019 00:01:39-guj][hasht]  number of buckets: 524,288, bucket size: 46
[12 Dec 2019 00:01:39-guj][graph] kmer-size: 13; colours: 1; capacity: 24,117,248
[12 Dec 2019 00:01:39-guj][hasht] buckets: 524,288 [2^19]; bucket size: 46; 
[12 Dec 2019 00:01:39-guj][hasht] memory: 185MB; filled: 0 / 24,117,248 (0.00%)
[12 Dec 2019 00:01:39-guj][asyncio] Inputs: 1; Threads: 1
[12 Dec 2019 00:01:39-guj][seq] Parsing sequence file human/kmer-counts-jellyfish/13/SRR191621.kmer.gz
[12 Dec 2019 00:01:40-guj][seq] Loaded 173,725 reads and 0 reads pairs (file: human/kmer-counts-jellyfish/13/SRR191621.kmer.gz)
[12 Dec 2019 00:01:40-guj][hasht] buckets: 524,288 [2^19]; bucket size: 46; 
[12 Dec 2019 00:01:40-guj][hasht] memory: 185MB; filled: 173,725 / 24,117,248 (0.72%)
[12 Dec 2019 00:01:40-guj][hasht]  collisions  0: 173725
[12 Dec 2019 00:01:40-guj][task] input: human/kmer-counts-jellyfish/13/SRR191621.kmer.gz colour: 0
[12 Dec 2019 00:01:40-guj]  SE reads: 173,725  PE reads: 0
[12 Dec 2019 00:01:40-guj]  good reads: 173,725  bad reads: 0
[12 Dec 2019 00:01:40-guj]  dup SE reads: 0  dup PE pairs: 0
[12 Dec 2019 00:01:40-guj]  bases read: 2,258,425  bases loaded: 2,258,425
[12 Dec 2019 00:01:40-guj]  num contigs: 173,725  num kmers: 173,725 novel kmers: 173,725
[12 Dec 2019 00:01:40-guj] Dumping graph...
[12 Dec 2019 00:01:40-guj][graphwriter] Saving file to: human/bigsi/13/mccortex.SRR191621.ctx
[12 Dec 2019 00:01:40-guj][FileFilter] Writing graph  [1 src colour]
[12 Dec 2019 00:01:40-guj][graphwriter] Dumped 173,725 kmers in 1 colour into: human/bigsi/13/mccortex.SRR191621.ctx (ver: 6)
[12 Dec 2019 00:01:40-guj][memory] We made 19 allocs
[12 Dec 2019 00:01:40-guj] Done.
[12 Dec 2019 00:01:40-guj][time] 1.00 seconds
	Command being timed: "mccortex 13 build --nkmers 24000000 --threads 1 --kmer 13 --mem 5G --sample SRR191621 --seq human/kmer-counts-jellyfish/13/SRR191621.kmer.gz human/bigsi/13/mccortex.SRR191621.ctx"
	User time (seconds): 0.58
	System time (seconds): 0.37
	Percent of CPU this job got: 154%
	Elapsed (wall clock) time (h:mm:ss or m:ss): 0:00.62
	Average shared text size (kbytes): 0
	Average unshared data size (kbytes): 0
	Average stack size (kbytes): 0
	Average total size (kbytes): 0
	Maximum resident set size (kbytes): 287664
	Average resident set size (kbytes): 0
	Major (requiring I/O) page faults: 0
	Minor (reclaiming a frame) page faults: 101331
	Voluntary context switches: 30219
	Involuntary context switches: 8
	Swaps: 0
	File system inputs: 1488
	File system outputs: 4424
	Socket messages sent: 0
	Socket messages received: 0
	Signals delivered: 0
	Page size (bytes): 4096
	Exit status: 0
