[11 Dec 2019 23:59:44-TAc][cmd] /home/CSCScience.ca/apetkau/miniconda3/envs/bigsi_mccortex/bin/mccortex31 build --nkmers 24000000 --threads 1 --kmer 13 --mem 5G --sample SRR1193574 --seq human/kmer-counts-jellyfish/13/SRR1193574.kmer.gz human/bigsi/13/mccortex.SRR1193574.ctx
[11 Dec 2019 23:59:44-TAc][cwd] /home/CSCScience.ca/apetkau/workspace/comp7934-project
[11 Dec 2019 23:59:44-TAc][version] mccortex=v0.0.3-610-g400c0e3 zlib=1.2.11 htslib=1.8-17-g699ed53 ASSERTS=ON hash=Lookup3 CHECKS=ON k=3..31
[11 Dec 2019 23:59:44-TAc] Saving graph to: human/bigsi/13/mccortex.SRR1193574.ctx
[11 Dec 2019 23:59:44-TAc][sample] 0: SRR1193574
[11 Dec 2019 23:59:44-TAc][task] human/kmer-counts-jellyfish/13/SRR1193574.kmer.gz; FASTQ offset: auto-detect, threshold: off; cut homopolymers: off; remove PCR duplicates: no; colour: 0
[11 Dec 2019 23:59:44-TAc][memory] 104 bits per kmer
[11 Dec 2019 23:59:44-TAc] Note: Using less memory than requested (300MB < 5GB); allows for 24,117,248 kmers
[11 Dec 2019 23:59:44-TAc][memory] graph: 300MB
[11 Dec 2019 23:59:44-TAc][memory] total: 300MB of 62.6GB RAM
[11 Dec 2019 23:59:44-TAc] Writing 1 colour graph to human/bigsi/13/mccortex.SRR1193574.ctx
[11 Dec 2019 23:59:44-TAc][hasht] Allocating table with 24,117,248 entries, using 185MB
[11 Dec 2019 23:59:44-TAc][hasht]  number of buckets: 524,288, bucket size: 46
[11 Dec 2019 23:59:44-TAc][graph] kmer-size: 13; colours: 1; capacity: 24,117,248
[11 Dec 2019 23:59:44-TAc][hasht] buckets: 524,288 [2^19]; bucket size: 46; 
[11 Dec 2019 23:59:44-TAc][hasht] memory: 185MB; filled: 0 / 24,117,248 (0.00%)
[11 Dec 2019 23:59:44-TAc][asyncio] Inputs: 1; Threads: 1
[11 Dec 2019 23:59:44-TAc][seq] Parsing sequence file human/kmer-counts-jellyfish/13/SRR1193574.kmer.gz
[11 Dec 2019 23:59:48-TAc][seq] Loaded 3,682,550 reads and 0 reads pairs (file: human/kmer-counts-jellyfish/13/SRR1193574.kmer.gz)
[11 Dec 2019 23:59:48-TAc][hasht] buckets: 524,288 [2^19]; bucket size: 46; 
[11 Dec 2019 23:59:48-TAc][hasht] memory: 185MB; filled: 3,682,550 / 24,117,248 (15.27%)
[11 Dec 2019 23:59:48-TAc][hasht]  collisions  0: 3682550
[11 Dec 2019 23:59:48-TAc][task] input: human/kmer-counts-jellyfish/13/SRR1193574.kmer.gz colour: 0
[11 Dec 2019 23:59:48-TAc]  SE reads: 3,682,550  PE reads: 0
[11 Dec 2019 23:59:48-TAc]  good reads: 3,682,550  bad reads: 0
[11 Dec 2019 23:59:48-TAc]  dup SE reads: 0  dup PE pairs: 0
[11 Dec 2019 23:59:48-TAc]  bases read: 47,873,150  bases loaded: 47,873,150
[11 Dec 2019 23:59:48-TAc]  num contigs: 3,682,550  num kmers: 3,682,550 novel kmers: 3,682,550
[11 Dec 2019 23:59:48-TAc] Dumping graph...
[11 Dec 2019 23:59:48-TAc][graphwriter] Saving file to: human/bigsi/13/mccortex.SRR1193574.ctx
[11 Dec 2019 23:59:48-TAc][FileFilter] Writing graph  [1 src colour]
[11 Dec 2019 23:59:48-TAc][graphwriter] Dumped 3,682,550 kmers in 1 colour into: human/bigsi/13/mccortex.SRR1193574.ctx (ver: 6)
[11 Dec 2019 23:59:48-TAc][memory] We made 19 allocs
[11 Dec 2019 23:59:48-TAc] Done.
[11 Dec 2019 23:59:48-TAc][time] 4.00 seconds
	Command being timed: "mccortex 13 build --nkmers 24000000 --threads 1 --kmer 13 --mem 5G --sample SRR1193574 --seq human/kmer-counts-jellyfish/13/SRR1193574.kmer.gz human/bigsi/13/mccortex.SRR1193574.ctx"
	User time (seconds): 6.29
	System time (seconds): 1.53
	Percent of CPU this job got: 168%
	Elapsed (wall clock) time (h:mm:ss or m:ss): 0:04.63
	Average shared text size (kbytes): 0
	Average unshared data size (kbytes): 0
	Average stack size (kbytes): 0
	Average total size (kbytes): 0
	Maximum resident set size (kbytes): 292668
	Average resident set size (kbytes): 0
	Major (requiring I/O) page faults: 0
	Minor (reclaiming a frame) page faults: 247119
	Voluntary context switches: 105876
	Involuntary context switches: 7631
	Swaps: 0
	File system inputs: 31992
	File system outputs: 93512
	Socket messages sent: 0
	Socket messages received: 0
	Signals delivered: 0
	Page size (bytes): 4096
	Exit status: 0
