[12 Dec 2019 00:02:07-cit][cmd] /home/CSCScience.ca/apetkau/miniconda3/envs/bigsi_mccortex/bin/mccortex31 build --nkmers 24000000 --threads 1 --kmer 13 --mem 5G --sample SRR393767 --seq human/kmer-counts-jellyfish/13/SRR393767.kmer.gz human/bigsi/13/mccortex.SRR393767.ctx
[12 Dec 2019 00:02:07-cit][cwd] /home/CSCScience.ca/apetkau/workspace/comp7934-project
[12 Dec 2019 00:02:07-cit][version] mccortex=v0.0.3-610-g400c0e3 zlib=1.2.11 htslib=1.8-17-g699ed53 ASSERTS=ON hash=Lookup3 CHECKS=ON k=3..31
[12 Dec 2019 00:02:07-cit] Saving graph to: human/bigsi/13/mccortex.SRR393767.ctx
[12 Dec 2019 00:02:07-cit][sample] 0: SRR393767
[12 Dec 2019 00:02:07-cit][task] human/kmer-counts-jellyfish/13/SRR393767.kmer.gz; FASTQ offset: auto-detect, threshold: off; cut homopolymers: off; remove PCR duplicates: no; colour: 0
[12 Dec 2019 00:02:07-cit][memory] 104 bits per kmer
[12 Dec 2019 00:02:07-cit] Note: Using less memory than requested (300MB < 5GB); allows for 24,117,248 kmers
[12 Dec 2019 00:02:07-cit][memory] graph: 300MB
[12 Dec 2019 00:02:07-cit][memory] total: 300MB of 62.6GB RAM
[12 Dec 2019 00:02:07-cit] Writing 1 colour graph to human/bigsi/13/mccortex.SRR393767.ctx
[12 Dec 2019 00:02:07-cit][hasht] Allocating table with 24,117,248 entries, using 185MB
[12 Dec 2019 00:02:07-cit][hasht]  number of buckets: 524,288, bucket size: 46
[12 Dec 2019 00:02:07-cit][graph] kmer-size: 13; colours: 1; capacity: 24,117,248
[12 Dec 2019 00:02:07-cit][hasht] buckets: 524,288 [2^19]; bucket size: 46; 
[12 Dec 2019 00:02:07-cit][hasht] memory: 185MB; filled: 0 / 24,117,248 (0.00%)
[12 Dec 2019 00:02:07-cit][asyncio] Inputs: 1; Threads: 1
[12 Dec 2019 00:02:07-cit][seq] Parsing sequence file human/kmer-counts-jellyfish/13/SRR393767.kmer.gz
[12 Dec 2019 00:02:12-cit][seq] Loaded 4,552,893 reads and 0 reads pairs (file: human/kmer-counts-jellyfish/13/SRR393767.kmer.gz)
[12 Dec 2019 00:02:12-cit][hasht] buckets: 524,288 [2^19]; bucket size: 46; 
[12 Dec 2019 00:02:12-cit][hasht] memory: 185MB; filled: 4,552,893 / 24,117,248 (18.88%)
[12 Dec 2019 00:02:12-cit][hasht]  collisions  0: 4552893
[12 Dec 2019 00:02:12-cit][task] input: human/kmer-counts-jellyfish/13/SRR393767.kmer.gz colour: 0
[12 Dec 2019 00:02:12-cit]  SE reads: 4,552,893  PE reads: 0
[12 Dec 2019 00:02:12-cit]  good reads: 4,552,893  bad reads: 0
[12 Dec 2019 00:02:12-cit]  dup SE reads: 0  dup PE pairs: 0
[12 Dec 2019 00:02:12-cit]  bases read: 59,187,609  bases loaded: 59,187,609
[12 Dec 2019 00:02:12-cit]  num contigs: 4,552,893  num kmers: 4,552,893 novel kmers: 4,552,893
[12 Dec 2019 00:02:12-cit] Dumping graph...
[12 Dec 2019 00:02:12-cit][graphwriter] Saving file to: human/bigsi/13/mccortex.SRR393767.ctx
[12 Dec 2019 00:02:12-cit][FileFilter] Writing graph  [1 src colour]
[12 Dec 2019 00:02:12-cit][graphwriter] Dumped 4,552,893 kmers in 1 colour into: human/bigsi/13/mccortex.SRR393767.ctx (ver: 6)
[12 Dec 2019 00:02:12-cit][memory] We made 19 allocs
[12 Dec 2019 00:02:12-cit] Done.
[12 Dec 2019 00:02:12-cit][time] 5.00 seconds
	Command being timed: "mccortex 13 build --nkmers 24000000 --threads 1 --kmer 13 --mem 5G --sample SRR393767 --seq human/kmer-counts-jellyfish/13/SRR393767.kmer.gz human/bigsi/13/mccortex.SRR393767.ctx"
	User time (seconds): 6.83
	System time (seconds): 1.67
	Percent of CPU this job got: 172%
	Elapsed (wall clock) time (h:mm:ss or m:ss): 0:04.93
	Average shared text size (kbytes): 0
	Average unshared data size (kbytes): 0
	Average stack size (kbytes): 0
	Average total size (kbytes): 0
	Maximum resident set size (kbytes): 292748
	Average resident set size (kbytes): 0
	Major (requiring I/O) page faults: 0
	Minor (reclaiming a frame) page faults: 304935
	Voluntary context switches: 127405
	Involuntary context switches: 5106
	Swaps: 0
	File system inputs: 39560
	File system outputs: 115616
	Socket messages sent: 0
	Socket messages received: 0
	Signals delivered: 0
	Page size (bytes): 4096
	Exit status: 0
