[12 Dec 2019 00:01:28-xiS][cmd] /home/CSCScience.ca/apetkau/miniconda3/envs/bigsi_mccortex/bin/mccortex31 build --nkmers 24000000 --threads 1 --kmer 13 --mem 5G --sample SRR191455 --seq human/kmer-counts-jellyfish/13/SRR191455.kmer.gz human/bigsi/13/mccortex.SRR191455.ctx
[12 Dec 2019 00:01:28-xiS][cwd] /home/CSCScience.ca/apetkau/workspace/comp7934-project
[12 Dec 2019 00:01:28-xiS][version] mccortex=v0.0.3-610-g400c0e3 zlib=1.2.11 htslib=1.8-17-g699ed53 ASSERTS=ON hash=Lookup3 CHECKS=ON k=3..31
[12 Dec 2019 00:01:28-xiS] Saving graph to: human/bigsi/13/mccortex.SRR191455.ctx
[12 Dec 2019 00:01:28-xiS][sample] 0: SRR191455
[12 Dec 2019 00:01:28-xiS][task] human/kmer-counts-jellyfish/13/SRR191455.kmer.gz; FASTQ offset: auto-detect, threshold: off; cut homopolymers: off; remove PCR duplicates: no; colour: 0
[12 Dec 2019 00:01:28-xiS][memory] 104 bits per kmer
[12 Dec 2019 00:01:28-xiS] Note: Using less memory than requested (300MB < 5GB); allows for 24,117,248 kmers
[12 Dec 2019 00:01:28-xiS][memory] graph: 300MB
[12 Dec 2019 00:01:28-xiS][memory] total: 300MB of 62.6GB RAM
[12 Dec 2019 00:01:28-xiS] Writing 1 colour graph to human/bigsi/13/mccortex.SRR191455.ctx
[12 Dec 2019 00:01:28-xiS][hasht] Allocating table with 24,117,248 entries, using 185MB
[12 Dec 2019 00:01:28-xiS][hasht]  number of buckets: 524,288, bucket size: 46
[12 Dec 2019 00:01:28-xiS][graph] kmer-size: 13; colours: 1; capacity: 24,117,248
[12 Dec 2019 00:01:28-xiS][hasht] buckets: 524,288 [2^19]; bucket size: 46; 
[12 Dec 2019 00:01:28-xiS][hasht] memory: 185MB; filled: 0 / 24,117,248 (0.00%)
[12 Dec 2019 00:01:28-xiS][asyncio] Inputs: 1; Threads: 1
[12 Dec 2019 00:01:28-xiS][seq] Parsing sequence file human/kmer-counts-jellyfish/13/SRR191455.kmer.gz
[12 Dec 2019 00:01:29-xiS][seq] Loaded 152,968 reads and 0 reads pairs (file: human/kmer-counts-jellyfish/13/SRR191455.kmer.gz)
[12 Dec 2019 00:01:29-xiS][hasht] buckets: 524,288 [2^19]; bucket size: 46; 
[12 Dec 2019 00:01:29-xiS][hasht] memory: 185MB; filled: 152,968 / 24,117,248 (0.63%)
[12 Dec 2019 00:01:29-xiS][hasht]  collisions  0: 152968
[12 Dec 2019 00:01:29-xiS][task] input: human/kmer-counts-jellyfish/13/SRR191455.kmer.gz colour: 0
[12 Dec 2019 00:01:29-xiS]  SE reads: 152,968  PE reads: 0
[12 Dec 2019 00:01:29-xiS]  good reads: 152,968  bad reads: 0
[12 Dec 2019 00:01:29-xiS]  dup SE reads: 0  dup PE pairs: 0
[12 Dec 2019 00:01:29-xiS]  bases read: 1,988,584  bases loaded: 1,988,584
[12 Dec 2019 00:01:29-xiS]  num contigs: 152,968  num kmers: 152,968 novel kmers: 152,968
[12 Dec 2019 00:01:29-xiS] Dumping graph...
[12 Dec 2019 00:01:29-xiS][graphwriter] Saving file to: human/bigsi/13/mccortex.SRR191455.ctx
[12 Dec 2019 00:01:29-xiS][FileFilter] Writing graph  [1 src colour]
[12 Dec 2019 00:01:29-xiS][graphwriter] Dumped 152,968 kmers in 1 colour into: human/bigsi/13/mccortex.SRR191455.ctx (ver: 6)
[12 Dec 2019 00:01:29-xiS][memory] We made 19 allocs
[12 Dec 2019 00:01:29-xiS] Done.
[12 Dec 2019 00:01:29-xiS][time] 1.00 seconds
	Command being timed: "mccortex 13 build --nkmers 24000000 --threads 1 --kmer 13 --mem 5G --sample SRR191455 --seq human/kmer-counts-jellyfish/13/SRR191455.kmer.gz human/bigsi/13/mccortex.SRR191455.ctx"
	User time (seconds): 0.52
	System time (seconds): 0.33
	Percent of CPU this job got: 157%
	Elapsed (wall clock) time (h:mm:ss or m:ss): 0:00.54
	Average shared text size (kbytes): 0
	Average unshared data size (kbytes): 0
	Average stack size (kbytes): 0
	Average total size (kbytes): 0
	Maximum resident set size (kbytes): 285080
	Average resident set size (kbytes): 0
	Major (requiring I/O) page faults: 0
	Minor (reclaiming a frame) page faults: 100695
	Voluntary context switches: 30910
	Involuntary context switches: 8
	Swaps: 0
	File system inputs: 1312
	File system outputs: 3896
	Socket messages sent: 0
	Socket messages received: 0
	Signals delivered: 0
	Page size (bytes): 4096
	Exit status: 0
