[12 Dec 2019 00:01:43-Waq][cmd] /home/CSCScience.ca/apetkau/miniconda3/envs/bigsi_mccortex/bin/mccortex31 build --nkmers 24000000 --threads 1 --kmer 13 --mem 5G --sample SRR191675 --seq human/kmer-counts-jellyfish/13/SRR191675.kmer.gz human/bigsi/13/mccortex.SRR191675.ctx
[12 Dec 2019 00:01:43-Waq][cwd] /home/CSCScience.ca/apetkau/workspace/comp7934-project
[12 Dec 2019 00:01:43-Waq][version] mccortex=v0.0.3-610-g400c0e3 zlib=1.2.11 htslib=1.8-17-g699ed53 ASSERTS=ON hash=Lookup3 CHECKS=ON k=3..31
[12 Dec 2019 00:01:43-Waq] Saving graph to: human/bigsi/13/mccortex.SRR191675.ctx
[12 Dec 2019 00:01:43-Waq][sample] 0: SRR191675
[12 Dec 2019 00:01:43-Waq][task] human/kmer-counts-jellyfish/13/SRR191675.kmer.gz; FASTQ offset: auto-detect, threshold: off; cut homopolymers: off; remove PCR duplicates: no; colour: 0
[12 Dec 2019 00:01:43-Waq][memory] 104 bits per kmer
[12 Dec 2019 00:01:43-Waq] Note: Using less memory than requested (300MB < 5GB); allows for 24,117,248 kmers
[12 Dec 2019 00:01:43-Waq][memory] graph: 300MB
[12 Dec 2019 00:01:43-Waq][memory] total: 300MB of 62.6GB RAM
[12 Dec 2019 00:01:43-Waq] Writing 1 colour graph to human/bigsi/13/mccortex.SRR191675.ctx
[12 Dec 2019 00:01:43-Waq][hasht] Allocating table with 24,117,248 entries, using 185MB
[12 Dec 2019 00:01:43-Waq][hasht]  number of buckets: 524,288, bucket size: 46
[12 Dec 2019 00:01:43-Waq][graph] kmer-size: 13; colours: 1; capacity: 24,117,248
[12 Dec 2019 00:01:43-Waq][hasht] buckets: 524,288 [2^19]; bucket size: 46; 
[12 Dec 2019 00:01:43-Waq][hasht] memory: 185MB; filled: 0 / 24,117,248 (0.00%)
[12 Dec 2019 00:01:43-Waq][asyncio] Inputs: 1; Threads: 1
[12 Dec 2019 00:01:43-Waq][seq] Parsing sequence file human/kmer-counts-jellyfish/13/SRR191675.kmer.gz
[12 Dec 2019 00:01:46-Waq][seq] Loaded 1,241,164 reads and 0 reads pairs (file: human/kmer-counts-jellyfish/13/SRR191675.kmer.gz)
[12 Dec 2019 00:01:46-Waq][hasht] buckets: 524,288 [2^19]; bucket size: 46; 
[12 Dec 2019 00:01:46-Waq][hasht] memory: 185MB; filled: 1,241,164 / 24,117,248 (5.15%)
[12 Dec 2019 00:01:46-Waq][hasht]  collisions  0: 1241164
[12 Dec 2019 00:01:46-Waq][task] input: human/kmer-counts-jellyfish/13/SRR191675.kmer.gz colour: 0
[12 Dec 2019 00:01:46-Waq]  SE reads: 1,241,164  PE reads: 0
[12 Dec 2019 00:01:46-Waq]  good reads: 1,241,164  bad reads: 0
[12 Dec 2019 00:01:46-Waq]  dup SE reads: 0  dup PE pairs: 0
[12 Dec 2019 00:01:46-Waq]  bases read: 16,135,132  bases loaded: 16,135,132
[12 Dec 2019 00:01:46-Waq]  num contigs: 1,241,164  num kmers: 1,241,164 novel kmers: 1,241,164
[12 Dec 2019 00:01:46-Waq] Dumping graph...
[12 Dec 2019 00:01:46-Waq][graphwriter] Saving file to: human/bigsi/13/mccortex.SRR191675.ctx
[12 Dec 2019 00:01:46-Waq][FileFilter] Writing graph  [1 src colour]
[12 Dec 2019 00:01:46-Waq][graphwriter] Dumped 1,241,164 kmers in 1 colour into: human/bigsi/13/mccortex.SRR191675.ctx (ver: 6)
[12 Dec 2019 00:01:46-Waq][memory] We made 19 allocs
[12 Dec 2019 00:01:46-Waq] Done.
[12 Dec 2019 00:01:46-Waq][time] 3.00 seconds
	Command being timed: "mccortex 13 build --nkmers 24000000 --threads 1 --kmer 13 --mem 5G --sample SRR191675 --seq human/kmer-counts-jellyfish/13/SRR191675.kmer.gz human/bigsi/13/mccortex.SRR191675.ctx"
	User time (seconds): 3.68
	System time (seconds): 1.04
	Percent of CPU this job got: 172%
	Elapsed (wall clock) time (h:mm:ss or m:ss): 0:02.73
	Average shared text size (kbytes): 0
	Average unshared data size (kbytes): 0
	Average stack size (kbytes): 0
	Average total size (kbytes): 0
	Maximum resident set size (kbytes): 292728
	Average resident set size (kbytes): 0
	Major (requiring I/O) page faults: 0
	Minor (reclaiming a frame) page faults: 174884
	Voluntary context switches: 84924
	Involuntary context switches: 49
	Swaps: 0
	File system inputs: 10720
	File system outputs: 31528
	Socket messages sent: 0
	Socket messages received: 0
	Signals delivered: 0
	Page size (bytes): 4096
	Exit status: 0
