[12 Dec 2019 00:01:32-wAb][cmd] /home/CSCScience.ca/apetkau/miniconda3/envs/bigsi_mccortex/bin/mccortex31 build --nkmers 24000000 --threads 1 --kmer 13 --mem 5G --sample SRR191480 --seq human/kmer-counts-jellyfish/13/SRR191480.kmer.gz human/bigsi/13/mccortex.SRR191480.ctx
[12 Dec 2019 00:01:32-wAb][cwd] /home/CSCScience.ca/apetkau/workspace/comp7934-project
[12 Dec 2019 00:01:32-wAb][version] mccortex=v0.0.3-610-g400c0e3 zlib=1.2.11 htslib=1.8-17-g699ed53 ASSERTS=ON hash=Lookup3 CHECKS=ON k=3..31
[12 Dec 2019 00:01:32-wAb] Saving graph to: human/bigsi/13/mccortex.SRR191480.ctx
[12 Dec 2019 00:01:32-wAb][sample] 0: SRR191480
[12 Dec 2019 00:01:32-wAb][task] human/kmer-counts-jellyfish/13/SRR191480.kmer.gz; FASTQ offset: auto-detect, threshold: off; cut homopolymers: off; remove PCR duplicates: no; colour: 0
[12 Dec 2019 00:01:32-wAb][memory] 104 bits per kmer
[12 Dec 2019 00:01:32-wAb] Note: Using less memory than requested (300MB < 5GB); allows for 24,117,248 kmers
[12 Dec 2019 00:01:32-wAb][memory] graph: 300MB
[12 Dec 2019 00:01:32-wAb][memory] total: 300MB of 62.6GB RAM
[12 Dec 2019 00:01:32-wAb] Writing 1 colour graph to human/bigsi/13/mccortex.SRR191480.ctx
[12 Dec 2019 00:01:32-wAb][hasht] Allocating table with 24,117,248 entries, using 185MB
[12 Dec 2019 00:01:32-wAb][hasht]  number of buckets: 524,288, bucket size: 46
[12 Dec 2019 00:01:32-wAb][graph] kmer-size: 13; colours: 1; capacity: 24,117,248
[12 Dec 2019 00:01:32-wAb][hasht] buckets: 524,288 [2^19]; bucket size: 46; 
[12 Dec 2019 00:01:32-wAb][hasht] memory: 185MB; filled: 0 / 24,117,248 (0.00%)
[12 Dec 2019 00:01:32-wAb][asyncio] Inputs: 1; Threads: 1
[12 Dec 2019 00:01:32-wAb][seq] Parsing sequence file human/kmer-counts-jellyfish/13/SRR191480.kmer.gz
[12 Dec 2019 00:01:32-wAb][seq] Loaded 116,183 reads and 0 reads pairs (file: human/kmer-counts-jellyfish/13/SRR191480.kmer.gz)
[12 Dec 2019 00:01:32-wAb][hasht] buckets: 524,288 [2^19]; bucket size: 46; 
[12 Dec 2019 00:01:32-wAb][hasht] memory: 185MB; filled: 116,183 / 24,117,248 (0.48%)
[12 Dec 2019 00:01:32-wAb][hasht]  collisions  0: 116183
[12 Dec 2019 00:01:32-wAb][task] input: human/kmer-counts-jellyfish/13/SRR191480.kmer.gz colour: 0
[12 Dec 2019 00:01:32-wAb]  SE reads: 116,183  PE reads: 0
[12 Dec 2019 00:01:32-wAb]  good reads: 116,183  bad reads: 0
[12 Dec 2019 00:01:32-wAb]  dup SE reads: 0  dup PE pairs: 0
[12 Dec 2019 00:01:32-wAb]  bases read: 1,510,379  bases loaded: 1,510,379
[12 Dec 2019 00:01:32-wAb]  num contigs: 116,183  num kmers: 116,183 novel kmers: 116,183
[12 Dec 2019 00:01:32-wAb] Dumping graph...
[12 Dec 2019 00:01:32-wAb][graphwriter] Saving file to: human/bigsi/13/mccortex.SRR191480.ctx
[12 Dec 2019 00:01:32-wAb][FileFilter] Writing graph  [1 src colour]
[12 Dec 2019 00:01:32-wAb][graphwriter] Dumped 116,183 kmers in 1 colour into: human/bigsi/13/mccortex.SRR191480.ctx (ver: 6)
[12 Dec 2019 00:01:32-wAb][memory] We made 19 allocs
[12 Dec 2019 00:01:32-wAb] Done.
[12 Dec 2019 00:01:32-wAb][time] 0.00 seconds
	Command being timed: "mccortex 13 build --nkmers 24000000 --threads 1 --kmer 13 --mem 5G --sample SRR191480 --seq human/kmer-counts-jellyfish/13/SRR191480.kmer.gz human/bigsi/13/mccortex.SRR191480.ctx"
	User time (seconds): 0.46
	System time (seconds): 0.28
	Percent of CPU this job got: 155%
	Elapsed (wall clock) time (h:mm:ss or m:ss): 0:00.48
	Average shared text size (kbytes): 0
	Average unshared data size (kbytes): 0
	Average stack size (kbytes): 0
	Average total size (kbytes): 0
	Maximum resident set size (kbytes): 275756
	Average resident set size (kbytes): 0
	Major (requiring I/O) page faults: 0
	Minor (reclaiming a frame) page faults: 98188
	Voluntary context switches: 29082
	Involuntary context switches: 7
	Swaps: 0
	File system inputs: 992
	File system outputs: 2960
	Socket messages sent: 0
	Socket messages received: 0
	Signals delivered: 0
	Page size (bytes): 4096
	Exit status: 0
