[12 Dec 2019 00:01:36-qIn][cmd] /home/CSCScience.ca/apetkau/miniconda3/envs/bigsi_mccortex/bin/mccortex31 build --nkmers 24000000 --threads 1 --kmer 13 --mem 5G --sample SRR191555 --seq human/kmer-counts-jellyfish/13/SRR191555.kmer.gz human/bigsi/13/mccortex.SRR191555.ctx
[12 Dec 2019 00:01:36-qIn][cwd] /home/CSCScience.ca/apetkau/workspace/comp7934-project
[12 Dec 2019 00:01:36-qIn][version] mccortex=v0.0.3-610-g400c0e3 zlib=1.2.11 htslib=1.8-17-g699ed53 ASSERTS=ON hash=Lookup3 CHECKS=ON k=3..31
[12 Dec 2019 00:01:36-qIn] Saving graph to: human/bigsi/13/mccortex.SRR191555.ctx
[12 Dec 2019 00:01:36-qIn][sample] 0: SRR191555
[12 Dec 2019 00:01:36-qIn][task] human/kmer-counts-jellyfish/13/SRR191555.kmer.gz; FASTQ offset: auto-detect, threshold: off; cut homopolymers: off; remove PCR duplicates: no; colour: 0
[12 Dec 2019 00:01:36-qIn][memory] 104 bits per kmer
[12 Dec 2019 00:01:36-qIn] Note: Using less memory than requested (300MB < 5GB); allows for 24,117,248 kmers
[12 Dec 2019 00:01:36-qIn][memory] graph: 300MB
[12 Dec 2019 00:01:36-qIn][memory] total: 300MB of 62.6GB RAM
[12 Dec 2019 00:01:36-qIn] Writing 1 colour graph to human/bigsi/13/mccortex.SRR191555.ctx
[12 Dec 2019 00:01:36-qIn][hasht] Allocating table with 24,117,248 entries, using 185MB
[12 Dec 2019 00:01:36-qIn][hasht]  number of buckets: 524,288, bucket size: 46
[12 Dec 2019 00:01:36-qIn][graph] kmer-size: 13; colours: 1; capacity: 24,117,248
[12 Dec 2019 00:01:36-qIn][hasht] buckets: 524,288 [2^19]; bucket size: 46; 
[12 Dec 2019 00:01:36-qIn][hasht] memory: 185MB; filled: 0 / 24,117,248 (0.00%)
[12 Dec 2019 00:01:36-qIn][asyncio] Inputs: 1; Threads: 1
[12 Dec 2019 00:01:36-qIn][seq] Parsing sequence file human/kmer-counts-jellyfish/13/SRR191555.kmer.gz
[12 Dec 2019 00:01:36-qIn][seq] Loaded 120,803 reads and 0 reads pairs (file: human/kmer-counts-jellyfish/13/SRR191555.kmer.gz)
[12 Dec 2019 00:01:36-qIn][hasht] buckets: 524,288 [2^19]; bucket size: 46; 
[12 Dec 2019 00:01:36-qIn][hasht] memory: 185MB; filled: 120,803 / 24,117,248 (0.50%)
[12 Dec 2019 00:01:36-qIn][hasht]  collisions  0: 120803
[12 Dec 2019 00:01:36-qIn][task] input: human/kmer-counts-jellyfish/13/SRR191555.kmer.gz colour: 0
[12 Dec 2019 00:01:36-qIn]  SE reads: 120,803  PE reads: 0
[12 Dec 2019 00:01:36-qIn]  good reads: 120,803  bad reads: 0
[12 Dec 2019 00:01:36-qIn]  dup SE reads: 0  dup PE pairs: 0
[12 Dec 2019 00:01:36-qIn]  bases read: 1,570,439  bases loaded: 1,570,439
[12 Dec 2019 00:01:36-qIn]  num contigs: 120,803  num kmers: 120,803 novel kmers: 120,803
[12 Dec 2019 00:01:36-qIn] Dumping graph...
[12 Dec 2019 00:01:36-qIn][graphwriter] Saving file to: human/bigsi/13/mccortex.SRR191555.ctx
[12 Dec 2019 00:01:36-qIn][FileFilter] Writing graph  [1 src colour]
[12 Dec 2019 00:01:36-qIn][graphwriter] Dumped 120,803 kmers in 1 colour into: human/bigsi/13/mccortex.SRR191555.ctx (ver: 6)
[12 Dec 2019 00:01:36-qIn][memory] We made 19 allocs
[12 Dec 2019 00:01:36-qIn] Done.
[12 Dec 2019 00:01:36-qIn][time] 0.00 seconds
	Command being timed: "mccortex 13 build --nkmers 24000000 --threads 1 --kmer 13 --mem 5G --sample SRR191555 --seq human/kmer-counts-jellyfish/13/SRR191555.kmer.gz human/bigsi/13/mccortex.SRR191555.ctx"
	User time (seconds): 0.34
	System time (seconds): 0.29
	Percent of CPU this job got: 152%
	Elapsed (wall clock) time (h:mm:ss or m:ss): 0:00.42
	Average shared text size (kbytes): 0
	Average unshared data size (kbytes): 0
	Average stack size (kbytes): 0
	Average total size (kbytes): 0
	Maximum resident set size (kbytes): 277408
	Average resident set size (kbytes): 0
	Major (requiring I/O) page faults: 0
	Minor (reclaiming a frame) page faults: 98659
	Voluntary context switches: 33340
	Involuntary context switches: 7
	Swaps: 0
	File system inputs: 1032
	File system outputs: 3080
	Socket messages sent: 0
	Socket messages received: 0
	Signals delivered: 0
	Page size (bytes): 4096
	Exit status: 0
