[11 Dec 2019 23:59:44-huY][cmd] /home/CSCScience.ca/apetkau/miniconda3/envs/bigsi_mccortex/bin/mccortex31 build --nkmers 24000000 --threads 1 --kmer 13 --mem 5G --sample SRR1294106 --seq human/kmer-counts-jellyfish/13/SRR1294106.kmer.gz human/bigsi/13/mccortex.SRR1294106.ctx
[11 Dec 2019 23:59:44-huY][cwd] /home/CSCScience.ca/apetkau/workspace/comp7934-project
[11 Dec 2019 23:59:44-huY][version] mccortex=v0.0.3-610-g400c0e3 zlib=1.2.11 htslib=1.8-17-g699ed53 ASSERTS=ON hash=Lookup3 CHECKS=ON k=3..31
[11 Dec 2019 23:59:44-huY] Saving graph to: human/bigsi/13/mccortex.SRR1294106.ctx
[11 Dec 2019 23:59:44-huY][sample] 0: SRR1294106
[11 Dec 2019 23:59:44-huY][task] human/kmer-counts-jellyfish/13/SRR1294106.kmer.gz; FASTQ offset: auto-detect, threshold: off; cut homopolymers: off; remove PCR duplicates: no; colour: 0
[11 Dec 2019 23:59:44-huY][memory] 104 bits per kmer
[11 Dec 2019 23:59:44-huY] Note: Using less memory than requested (300MB < 5GB); allows for 24,117,248 kmers
[11 Dec 2019 23:59:44-huY][memory] graph: 300MB
[11 Dec 2019 23:59:44-huY][memory] total: 300MB of 62.6GB RAM
[11 Dec 2019 23:59:44-huY] Writing 1 colour graph to human/bigsi/13/mccortex.SRR1294106.ctx
[11 Dec 2019 23:59:44-huY][hasht] Allocating table with 24,117,248 entries, using 185MB
[11 Dec 2019 23:59:44-huY][hasht]  number of buckets: 524,288, bucket size: 46
[11 Dec 2019 23:59:44-huY][graph] kmer-size: 13; colours: 1; capacity: 24,117,248
[11 Dec 2019 23:59:44-huY][hasht] buckets: 524,288 [2^19]; bucket size: 46; 
[11 Dec 2019 23:59:44-huY][hasht] memory: 185MB; filled: 0 / 24,117,248 (0.00%)
[11 Dec 2019 23:59:44-huY][asyncio] Inputs: 1; Threads: 1
[11 Dec 2019 23:59:44-huY][seq] Parsing sequence file human/kmer-counts-jellyfish/13/SRR1294106.kmer.gz
[11 Dec 2019 23:59:49-huY][seq] Loaded 4,791,710 reads and 0 reads pairs (file: human/kmer-counts-jellyfish/13/SRR1294106.kmer.gz)
[11 Dec 2019 23:59:49-huY][hasht] buckets: 524,288 [2^19]; bucket size: 46; 
[11 Dec 2019 23:59:49-huY][hasht] memory: 185MB; filled: 4,791,710 / 24,117,248 (19.87%)
[11 Dec 2019 23:59:49-huY][hasht]  collisions  0: 4791710
[11 Dec 2019 23:59:49-huY][task] input: human/kmer-counts-jellyfish/13/SRR1294106.kmer.gz colour: 0
[11 Dec 2019 23:59:49-huY]  SE reads: 4,791,710  PE reads: 0
[11 Dec 2019 23:59:49-huY]  good reads: 4,791,710  bad reads: 0
[11 Dec 2019 23:59:49-huY]  dup SE reads: 0  dup PE pairs: 0
[11 Dec 2019 23:59:49-huY]  bases read: 62,292,230  bases loaded: 62,292,230
[11 Dec 2019 23:59:49-huY]  num contigs: 4,791,710  num kmers: 4,791,710 novel kmers: 4,791,710
[11 Dec 2019 23:59:49-huY] Dumping graph...
[11 Dec 2019 23:59:49-huY][graphwriter] Saving file to: human/bigsi/13/mccortex.SRR1294106.ctx
[11 Dec 2019 23:59:49-huY][FileFilter] Writing graph  [1 src colour]
[11 Dec 2019 23:59:49-huY][graphwriter] Dumped 4,791,710 kmers in 1 colour into: human/bigsi/13/mccortex.SRR1294106.ctx (ver: 6)
[11 Dec 2019 23:59:49-huY][memory] We made 19 allocs
[11 Dec 2019 23:59:49-huY] Done.
[11 Dec 2019 23:59:50-huY][time] 5.00 seconds
	Command being timed: "mccortex 13 build --nkmers 24000000 --threads 1 --kmer 13 --mem 5G --sample SRR1294106 --seq human/kmer-counts-jellyfish/13/SRR1294106.kmer.gz human/bigsi/13/mccortex.SRR1294106.ctx"
	User time (seconds): 7.52
	System time (seconds): 1.81
	Percent of CPU this job got: 164%
	Elapsed (wall clock) time (h:mm:ss or m:ss): 0:05.66
	Average shared text size (kbytes): 0
	Average unshared data size (kbytes): 0
	Average stack size (kbytes): 0
	Average total size (kbytes): 0
	Maximum resident set size (kbytes): 292832
	Average resident set size (kbytes): 0
	Major (requiring I/O) page faults: 0
	Minor (reclaiming a frame) page faults: 305176
	Voluntary context switches: 135957
	Involuntary context switches: 21149
	Swaps: 0
	File system inputs: 41640
	File system outputs: 121680
	Socket messages sent: 0
	Socket messages received: 0
	Signals delivered: 0
	Page size (bytes): 4096
	Exit status: 0
