[11 Dec 2019 23:59:44-BuY][cmd] /home/CSCScience.ca/apetkau/miniconda3/envs/bigsi_mccortex/bin/mccortex31 build --nkmers 24000000 --threads 1 --kmer 13 --mem 5G --sample SRR1035695 --seq human/kmer-counts-jellyfish/13/SRR1035695.kmer.gz human/bigsi/13/mccortex.SRR1035695.ctx
[11 Dec 2019 23:59:44-BuY][cwd] /home/CSCScience.ca/apetkau/workspace/comp7934-project
[11 Dec 2019 23:59:44-BuY][version] mccortex=v0.0.3-610-g400c0e3 zlib=1.2.11 htslib=1.8-17-g699ed53 ASSERTS=ON hash=Lookup3 CHECKS=ON k=3..31
[11 Dec 2019 23:59:44-BuY] Saving graph to: human/bigsi/13/mccortex.SRR1035695.ctx
[11 Dec 2019 23:59:44-BuY][sample] 0: SRR1035695
[11 Dec 2019 23:59:44-BuY][task] human/kmer-counts-jellyfish/13/SRR1035695.kmer.gz; FASTQ offset: auto-detect, threshold: off; cut homopolymers: off; remove PCR duplicates: no; colour: 0
[11 Dec 2019 23:59:44-BuY][memory] 104 bits per kmer
[11 Dec 2019 23:59:44-BuY] Note: Using less memory than requested (300MB < 5GB); allows for 24,117,248 kmers
[11 Dec 2019 23:59:44-BuY][memory] graph: 300MB
[11 Dec 2019 23:59:44-BuY][memory] total: 300MB of 62.6GB RAM
[11 Dec 2019 23:59:44-BuY] Writing 1 colour graph to human/bigsi/13/mccortex.SRR1035695.ctx
[11 Dec 2019 23:59:44-BuY][hasht] Allocating table with 24,117,248 entries, using 185MB
[11 Dec 2019 23:59:44-BuY][hasht]  number of buckets: 524,288, bucket size: 46
[11 Dec 2019 23:59:44-BuY][graph] kmer-size: 13; colours: 1; capacity: 24,117,248
[11 Dec 2019 23:59:44-BuY][hasht] buckets: 524,288 [2^19]; bucket size: 46; 
[11 Dec 2019 23:59:44-BuY][hasht] memory: 185MB; filled: 0 / 24,117,248 (0.00%)
[11 Dec 2019 23:59:44-BuY][asyncio] Inputs: 1; Threads: 1
[11 Dec 2019 23:59:44-BuY][seq] Parsing sequence file human/kmer-counts-jellyfish/13/SRR1035695.kmer.gz
[11 Dec 2019 23:59:48-BuY][seq] Loaded 3,962,099 reads and 0 reads pairs (file: human/kmer-counts-jellyfish/13/SRR1035695.kmer.gz)
[11 Dec 2019 23:59:48-BuY][hasht] buckets: 524,288 [2^19]; bucket size: 46; 
[11 Dec 2019 23:59:48-BuY][hasht] memory: 185MB; filled: 3,962,099 / 24,117,248 (16.43%)
[11 Dec 2019 23:59:48-BuY][hasht]  collisions  0: 3962099
[11 Dec 2019 23:59:48-BuY][task] input: human/kmer-counts-jellyfish/13/SRR1035695.kmer.gz colour: 0
[11 Dec 2019 23:59:48-BuY]  SE reads: 3,962,099  PE reads: 0
[11 Dec 2019 23:59:48-BuY]  good reads: 3,962,099  bad reads: 0
[11 Dec 2019 23:59:48-BuY]  dup SE reads: 0  dup PE pairs: 0
[11 Dec 2019 23:59:48-BuY]  bases read: 51,507,287  bases loaded: 51,507,287
[11 Dec 2019 23:59:48-BuY]  num contigs: 3,962,099  num kmers: 3,962,099 novel kmers: 3,962,099
[11 Dec 2019 23:59:48-BuY] Dumping graph...
[11 Dec 2019 23:59:48-BuY][graphwriter] Saving file to: human/bigsi/13/mccortex.SRR1035695.ctx
[11 Dec 2019 23:59:48-BuY][FileFilter] Writing graph  [1 src colour]
[11 Dec 2019 23:59:49-BuY][graphwriter] Dumped 3,962,099 kmers in 1 colour into: human/bigsi/13/mccortex.SRR1035695.ctx (ver: 6)
[11 Dec 2019 23:59:49-BuY][memory] We made 19 allocs
[11 Dec 2019 23:59:49-BuY] Done.
[11 Dec 2019 23:59:49-BuY][time] 5.00 seconds
	Command being timed: "mccortex 13 build --nkmers 24000000 --threads 1 --kmer 13 --mem 5G --sample SRR1035695 --seq human/kmer-counts-jellyfish/13/SRR1035695.kmer.gz human/bigsi/13/mccortex.SRR1035695.ctx"
	User time (seconds): 6.73
	System time (seconds): 1.75
	Percent of CPU this job got: 170%
	Elapsed (wall clock) time (h:mm:ss or m:ss): 0:04.98
	Average shared text size (kbytes): 0
	Average unshared data size (kbytes): 0
	Average stack size (kbytes): 0
	Average total size (kbytes): 0
	Maximum resident set size (kbytes): 292660
	Average resident set size (kbytes): 0
	Major (requiring I/O) page faults: 0
	Minor (reclaiming a frame) page faults: 304728
	Voluntary context switches: 130255
	Involuntary context switches: 8500
	Swaps: 0
	File system inputs: 34440
	File system outputs: 100616
	Socket messages sent: 0
	Socket messages received: 0
	Signals delivered: 0
	Page size (bytes): 4096
	Exit status: 0
