[12 Dec 2019 00:02:07-gek][cmd] /home/CSCScience.ca/apetkau/miniconda3/envs/bigsi_mccortex/bin/mccortex31 build --nkmers 24000000 --threads 1 --kmer 13 --mem 5G --sample SRR387778 --seq human/kmer-counts-jellyfish/13/SRR387778.kmer.gz human/bigsi/13/mccortex.SRR387778.ctx
[12 Dec 2019 00:02:07-gek][cwd] /home/CSCScience.ca/apetkau/workspace/comp7934-project
[12 Dec 2019 00:02:07-gek][version] mccortex=v0.0.3-610-g400c0e3 zlib=1.2.11 htslib=1.8-17-g699ed53 ASSERTS=ON hash=Lookup3 CHECKS=ON k=3..31
[12 Dec 2019 00:02:07-gek] Saving graph to: human/bigsi/13/mccortex.SRR387778.ctx
[12 Dec 2019 00:02:07-gek][sample] 0: SRR387778
[12 Dec 2019 00:02:07-gek][task] human/kmer-counts-jellyfish/13/SRR387778.kmer.gz; FASTQ offset: auto-detect, threshold: off; cut homopolymers: off; remove PCR duplicates: no; colour: 0
[12 Dec 2019 00:02:07-gek][memory] 104 bits per kmer
[12 Dec 2019 00:02:07-gek] Note: Using less memory than requested (300MB < 5GB); allows for 24,117,248 kmers
[12 Dec 2019 00:02:07-gek][memory] graph: 300MB
[12 Dec 2019 00:02:07-gek][memory] total: 300MB of 62.6GB RAM
[12 Dec 2019 00:02:07-gek] Writing 1 colour graph to human/bigsi/13/mccortex.SRR387778.ctx
[12 Dec 2019 00:02:07-gek][hasht] Allocating table with 24,117,248 entries, using 185MB
[12 Dec 2019 00:02:07-gek][hasht]  number of buckets: 524,288, bucket size: 46
[12 Dec 2019 00:02:07-gek][graph] kmer-size: 13; colours: 1; capacity: 24,117,248
[12 Dec 2019 00:02:07-gek][hasht] buckets: 524,288 [2^19]; bucket size: 46; 
[12 Dec 2019 00:02:07-gek][hasht] memory: 185MB; filled: 0 / 24,117,248 (0.00%)
[12 Dec 2019 00:02:07-gek][asyncio] Inputs: 1; Threads: 1
[12 Dec 2019 00:02:07-gek][seq] Parsing sequence file human/kmer-counts-jellyfish/13/SRR387778.kmer.gz
[12 Dec 2019 00:02:10-gek][seq] Loaded 3,424,085 reads and 0 reads pairs (file: human/kmer-counts-jellyfish/13/SRR387778.kmer.gz)
[12 Dec 2019 00:02:10-gek][hasht] buckets: 524,288 [2^19]; bucket size: 46; 
[12 Dec 2019 00:02:10-gek][hasht] memory: 185MB; filled: 3,424,085 / 24,117,248 (14.20%)
[12 Dec 2019 00:02:10-gek][hasht]  collisions  0: 3424085
[12 Dec 2019 00:02:10-gek][task] input: human/kmer-counts-jellyfish/13/SRR387778.kmer.gz colour: 0
[12 Dec 2019 00:02:10-gek]  SE reads: 3,424,085  PE reads: 0
[12 Dec 2019 00:02:10-gek]  good reads: 3,424,085  bad reads: 0
[12 Dec 2019 00:02:10-gek]  dup SE reads: 0  dup PE pairs: 0
[12 Dec 2019 00:02:10-gek]  bases read: 44,513,105  bases loaded: 44,513,105
[12 Dec 2019 00:02:10-gek]  num contigs: 3,424,085  num kmers: 3,424,085 novel kmers: 3,424,085
[12 Dec 2019 00:02:10-gek] Dumping graph...
[12 Dec 2019 00:02:10-gek][graphwriter] Saving file to: human/bigsi/13/mccortex.SRR387778.ctx
[12 Dec 2019 00:02:10-gek][FileFilter] Writing graph  [1 src colour]
[12 Dec 2019 00:02:11-gek][graphwriter] Dumped 3,424,085 kmers in 1 colour into: human/bigsi/13/mccortex.SRR387778.ctx (ver: 6)
[12 Dec 2019 00:02:11-gek][memory] We made 19 allocs
[12 Dec 2019 00:02:11-gek] Done.
[12 Dec 2019 00:02:11-gek][time] 4.00 seconds
	Command being timed: "mccortex 13 build --nkmers 24000000 --threads 1 --kmer 13 --mem 5G --sample SRR387778 --seq human/kmer-counts-jellyfish/13/SRR387778.kmer.gz human/bigsi/13/mccortex.SRR387778.ctx"
	User time (seconds): 4.87
	System time (seconds): 1.31
	Percent of CPU this job got: 168%
	Elapsed (wall clock) time (h:mm:ss or m:ss): 0:03.66
	Average shared text size (kbytes): 0
	Average unshared data size (kbytes): 0
	Average stack size (kbytes): 0
	Average total size (kbytes): 0
	Maximum resident set size (kbytes): 292796
	Average resident set size (kbytes): 0
	Major (requiring I/O) page faults: 0
	Minor (reclaiming a frame) page faults: 247123
	Voluntary context switches: 106313
	Involuntary context switches: 1960
	Swaps: 0
	File system inputs: 29752
	File system outputs: 86952
	Socket messages sent: 0
	Socket messages received: 0
	Signals delivered: 0
	Page size (bytes): 4096
	Exit status: 0
