[12 Dec 2019 00:01:32-ZoR][cmd] /home/CSCScience.ca/apetkau/miniconda3/envs/bigsi_mccortex/bin/mccortex31 build --nkmers 24000000 --threads 1 --kmer 13 --mem 5G --sample SRR191487 --seq human/kmer-counts-jellyfish/13/SRR191487.kmer.gz human/bigsi/13/mccortex.SRR191487.ctx
[12 Dec 2019 00:01:32-ZoR][cwd] /home/CSCScience.ca/apetkau/workspace/comp7934-project
[12 Dec 2019 00:01:32-ZoR][version] mccortex=v0.0.3-610-g400c0e3 zlib=1.2.11 htslib=1.8-17-g699ed53 ASSERTS=ON hash=Lookup3 CHECKS=ON k=3..31
[12 Dec 2019 00:01:32-ZoR] Saving graph to: human/bigsi/13/mccortex.SRR191487.ctx
[12 Dec 2019 00:01:32-ZoR][sample] 0: SRR191487
[12 Dec 2019 00:01:32-ZoR][task] human/kmer-counts-jellyfish/13/SRR191487.kmer.gz; FASTQ offset: auto-detect, threshold: off; cut homopolymers: off; remove PCR duplicates: no; colour: 0
[12 Dec 2019 00:01:32-ZoR][memory] 104 bits per kmer
[12 Dec 2019 00:01:32-ZoR] Note: Using less memory than requested (300MB < 5GB); allows for 24,117,248 kmers
[12 Dec 2019 00:01:32-ZoR][memory] graph: 300MB
[12 Dec 2019 00:01:32-ZoR][memory] total: 300MB of 62.6GB RAM
[12 Dec 2019 00:01:32-ZoR] Writing 1 colour graph to human/bigsi/13/mccortex.SRR191487.ctx
[12 Dec 2019 00:01:32-ZoR][hasht] Allocating table with 24,117,248 entries, using 185MB
[12 Dec 2019 00:01:32-ZoR][hasht]  number of buckets: 524,288, bucket size: 46
[12 Dec 2019 00:01:32-ZoR][graph] kmer-size: 13; colours: 1; capacity: 24,117,248
[12 Dec 2019 00:01:32-ZoR][hasht] buckets: 524,288 [2^19]; bucket size: 46; 
[12 Dec 2019 00:01:32-ZoR][hasht] memory: 185MB; filled: 0 / 24,117,248 (0.00%)
[12 Dec 2019 00:01:32-ZoR][asyncio] Inputs: 1; Threads: 1
[12 Dec 2019 00:01:32-ZoR][seq] Parsing sequence file human/kmer-counts-jellyfish/13/SRR191487.kmer.gz
[12 Dec 2019 00:01:32-ZoR][seq] Loaded 67,635 reads and 0 reads pairs (file: human/kmer-counts-jellyfish/13/SRR191487.kmer.gz)
[12 Dec 2019 00:01:32-ZoR][hasht] buckets: 524,288 [2^19]; bucket size: 46; 
[12 Dec 2019 00:01:32-ZoR][hasht] memory: 185MB; filled: 67,635 / 24,117,248 (0.28%)
[12 Dec 2019 00:01:32-ZoR][hasht]  collisions  0: 67635
[12 Dec 2019 00:01:32-ZoR][task] input: human/kmer-counts-jellyfish/13/SRR191487.kmer.gz colour: 0
[12 Dec 2019 00:01:32-ZoR]  SE reads: 67,635  PE reads: 0
[12 Dec 2019 00:01:32-ZoR]  good reads: 67,635  bad reads: 0
[12 Dec 2019 00:01:32-ZoR]  dup SE reads: 0  dup PE pairs: 0
[12 Dec 2019 00:01:32-ZoR]  bases read: 879,255  bases loaded: 879,255
[12 Dec 2019 00:01:32-ZoR]  num contigs: 67,635  num kmers: 67,635 novel kmers: 67,635
[12 Dec 2019 00:01:32-ZoR] Dumping graph...
[12 Dec 2019 00:01:32-ZoR][graphwriter] Saving file to: human/bigsi/13/mccortex.SRR191487.ctx
[12 Dec 2019 00:01:32-ZoR][FileFilter] Writing graph  [1 src colour]
[12 Dec 2019 00:01:32-ZoR][graphwriter] Dumped 67,635 kmers in 1 colour into: human/bigsi/13/mccortex.SRR191487.ctx (ver: 6)
[12 Dec 2019 00:01:32-ZoR][memory] We made 19 allocs
[12 Dec 2019 00:01:32-ZoR] Done.
[12 Dec 2019 00:01:32-ZoR][time] 0.00 seconds
	Command being timed: "mccortex 13 build --nkmers 24000000 --threads 1 --kmer 13 --mem 5G --sample SRR191487 --seq human/kmer-counts-jellyfish/13/SRR191487.kmer.gz human/bigsi/13/mccortex.SRR191487.ctx"
	User time (seconds): 0.28
	System time (seconds): 0.32
	Percent of CPU this job got: 131%
	Elapsed (wall clock) time (h:mm:ss or m:ss): 0:00.46
	Average shared text size (kbytes): 0
	Average unshared data size (kbytes): 0
	Average stack size (kbytes): 0
	Average total size (kbytes): 0
	Maximum resident set size (kbytes): 242656
	Average resident set size (kbytes): 0
	Major (requiring I/O) page faults: 0
	Minor (reclaiming a frame) page faults: 88802
	Voluntary context switches: 25470
	Involuntary context switches: 9
	Swaps: 0
	File system inputs: 576
	File system outputs: 1728
	Socket messages sent: 0
	Socket messages received: 0
	Signals delivered: 0
	Page size (bytes): 4096
	Exit status: 0
