[12 Dec 2019 00:00:54-cUc][cmd] /home/CSCScience.ca/apetkau/miniconda3/envs/bigsi_mccortex/bin/mccortex31 build --nkmers 24000000 --threads 1 --kmer 13 --mem 5G --sample SRR1313120 --seq human/kmer-counts-jellyfish/13/SRR1313120.kmer.gz human/bigsi/13/mccortex.SRR1313120.ctx
[12 Dec 2019 00:00:54-cUc][cwd] /home/CSCScience.ca/apetkau/workspace/comp7934-project
[12 Dec 2019 00:00:54-cUc][version] mccortex=v0.0.3-610-g400c0e3 zlib=1.2.11 htslib=1.8-17-g699ed53 ASSERTS=ON hash=Lookup3 CHECKS=ON k=3..31
[12 Dec 2019 00:00:54-cUc] Saving graph to: human/bigsi/13/mccortex.SRR1313120.ctx
[12 Dec 2019 00:00:54-cUc][sample] 0: SRR1313120
[12 Dec 2019 00:00:54-cUc][task] human/kmer-counts-jellyfish/13/SRR1313120.kmer.gz; FASTQ offset: auto-detect, threshold: off; cut homopolymers: off; remove PCR duplicates: no; colour: 0
[12 Dec 2019 00:00:54-cUc][memory] 104 bits per kmer
[12 Dec 2019 00:00:54-cUc] Note: Using less memory than requested (300MB < 5GB); allows for 24,117,248 kmers
[12 Dec 2019 00:00:54-cUc][memory] graph: 300MB
[12 Dec 2019 00:00:54-cUc][memory] total: 300MB of 62.6GB RAM
[12 Dec 2019 00:00:54-cUc] Writing 1 colour graph to human/bigsi/13/mccortex.SRR1313120.ctx
[12 Dec 2019 00:00:54-cUc][hasht] Allocating table with 24,117,248 entries, using 185MB
[12 Dec 2019 00:00:54-cUc][hasht]  number of buckets: 524,288, bucket size: 46
[12 Dec 2019 00:00:54-cUc][graph] kmer-size: 13; colours: 1; capacity: 24,117,248
[12 Dec 2019 00:00:54-cUc][hasht] buckets: 524,288 [2^19]; bucket size: 46; 
[12 Dec 2019 00:00:54-cUc][hasht] memory: 185MB; filled: 0 / 24,117,248 (0.00%)
[12 Dec 2019 00:00:54-cUc][asyncio] Inputs: 1; Threads: 1
[12 Dec 2019 00:00:54-cUc][seq] Parsing sequence file human/kmer-counts-jellyfish/13/SRR1313120.kmer.gz
[12 Dec 2019 00:00:59-cUc][seq] Loaded 4,388,892 reads and 0 reads pairs (file: human/kmer-counts-jellyfish/13/SRR1313120.kmer.gz)
[12 Dec 2019 00:00:59-cUc][hasht] buckets: 524,288 [2^19]; bucket size: 46; 
[12 Dec 2019 00:00:59-cUc][hasht] memory: 185MB; filled: 4,388,892 / 24,117,248 (18.20%)
[12 Dec 2019 00:00:59-cUc][hasht]  collisions  0: 4388892
[12 Dec 2019 00:00:59-cUc][task] input: human/kmer-counts-jellyfish/13/SRR1313120.kmer.gz colour: 0
[12 Dec 2019 00:00:59-cUc]  SE reads: 4,388,892  PE reads: 0
[12 Dec 2019 00:00:59-cUc]  good reads: 4,388,892  bad reads: 0
[12 Dec 2019 00:00:59-cUc]  dup SE reads: 0  dup PE pairs: 0
[12 Dec 2019 00:00:59-cUc]  bases read: 57,055,596  bases loaded: 57,055,596
[12 Dec 2019 00:00:59-cUc]  num contigs: 4,388,892  num kmers: 4,388,892 novel kmers: 4,388,892
[12 Dec 2019 00:00:59-cUc] Dumping graph...
[12 Dec 2019 00:00:59-cUc][graphwriter] Saving file to: human/bigsi/13/mccortex.SRR1313120.ctx
[12 Dec 2019 00:00:59-cUc][FileFilter] Writing graph  [1 src colour]
[12 Dec 2019 00:00:59-cUc][graphwriter] Dumped 4,388,892 kmers in 1 colour into: human/bigsi/13/mccortex.SRR1313120.ctx (ver: 6)
[12 Dec 2019 00:00:59-cUc][memory] We made 19 allocs
[12 Dec 2019 00:00:59-cUc] Done.
[12 Dec 2019 00:00:59-cUc][time] 5.00 seconds
	Command being timed: "mccortex 13 build --nkmers 24000000 --threads 1 --kmer 13 --mem 5G --sample SRR1313120 --seq human/kmer-counts-jellyfish/13/SRR1313120.kmer.gz human/bigsi/13/mccortex.SRR1313120.ctx"
	User time (seconds): 6.62
	System time (seconds): 1.69
	Percent of CPU this job got: 176%
	Elapsed (wall clock) time (h:mm:ss or m:ss): 0:04.71
	Average shared text size (kbytes): 0
	Average unshared data size (kbytes): 0
	Average stack size (kbytes): 0
	Average total size (kbytes): 0
	Maximum resident set size (kbytes): 292752
	Average resident set size (kbytes): 0
	Major (requiring I/O) page faults: 0
	Minor (reclaiming a frame) page faults: 319361
	Voluntary context switches: 141557
	Involuntary context switches: 21
	Swaps: 0
	File system inputs: 38096
	File system outputs: 111448
	Socket messages sent: 0
	Socket messages received: 0
	Signals delivered: 0
	Page size (bytes): 4096
	Exit status: 0
