[12 Dec 2019 00:01:07-MIW][cmd] /home/CSCScience.ca/apetkau/miniconda3/envs/bigsi_mccortex/bin/mccortex31 build --nkmers 24000000 --threads 1 --kmer 13 --mem 5G --sample SRR1313228 --seq human/kmer-counts-jellyfish/13/SRR1313228.kmer.gz human/bigsi/13/mccortex.SRR1313228.ctx
[12 Dec 2019 00:01:07-MIW][cwd] /home/CSCScience.ca/apetkau/workspace/comp7934-project
[12 Dec 2019 00:01:07-MIW][version] mccortex=v0.0.3-610-g400c0e3 zlib=1.2.11 htslib=1.8-17-g699ed53 ASSERTS=ON hash=Lookup3 CHECKS=ON k=3..31
[12 Dec 2019 00:01:07-MIW] Saving graph to: human/bigsi/13/mccortex.SRR1313228.ctx
[12 Dec 2019 00:01:07-MIW][sample] 0: SRR1313228
[12 Dec 2019 00:01:07-MIW][task] human/kmer-counts-jellyfish/13/SRR1313228.kmer.gz; FASTQ offset: auto-detect, threshold: off; cut homopolymers: off; remove PCR duplicates: no; colour: 0
[12 Dec 2019 00:01:07-MIW][memory] 104 bits per kmer
[12 Dec 2019 00:01:07-MIW] Note: Using less memory than requested (300MB < 5GB); allows for 24,117,248 kmers
[12 Dec 2019 00:01:07-MIW][memory] graph: 300MB
[12 Dec 2019 00:01:07-MIW][memory] total: 300MB of 62.6GB RAM
[12 Dec 2019 00:01:07-MIW] Writing 1 colour graph to human/bigsi/13/mccortex.SRR1313228.ctx
[12 Dec 2019 00:01:07-MIW][hasht] Allocating table with 24,117,248 entries, using 185MB
[12 Dec 2019 00:01:07-MIW][hasht]  number of buckets: 524,288, bucket size: 46
[12 Dec 2019 00:01:07-MIW][graph] kmer-size: 13; colours: 1; capacity: 24,117,248
[12 Dec 2019 00:01:07-MIW][hasht] buckets: 524,288 [2^19]; bucket size: 46; 
[12 Dec 2019 00:01:07-MIW][hasht] memory: 185MB; filled: 0 / 24,117,248 (0.00%)
[12 Dec 2019 00:01:07-MIW][asyncio] Inputs: 1; Threads: 1
[12 Dec 2019 00:01:07-MIW][seq] Parsing sequence file human/kmer-counts-jellyfish/13/SRR1313228.kmer.gz
[12 Dec 2019 00:01:10-MIW][seq] Loaded 4,325,798 reads and 0 reads pairs (file: human/kmer-counts-jellyfish/13/SRR1313228.kmer.gz)
[12 Dec 2019 00:01:10-MIW][hasht] buckets: 524,288 [2^19]; bucket size: 46; 
[12 Dec 2019 00:01:10-MIW][hasht] memory: 185MB; filled: 4,325,798 / 24,117,248 (17.94%)
[12 Dec 2019 00:01:10-MIW][hasht]  collisions  0: 4325798
[12 Dec 2019 00:01:10-MIW][task] input: human/kmer-counts-jellyfish/13/SRR1313228.kmer.gz colour: 0
[12 Dec 2019 00:01:10-MIW]  SE reads: 4,325,798  PE reads: 0
[12 Dec 2019 00:01:10-MIW]  good reads: 4,325,798  bad reads: 0
[12 Dec 2019 00:01:10-MIW]  dup SE reads: 0  dup PE pairs: 0
[12 Dec 2019 00:01:10-MIW]  bases read: 56,235,374  bases loaded: 56,235,374
[12 Dec 2019 00:01:10-MIW]  num contigs: 4,325,798  num kmers: 4,325,798 novel kmers: 4,325,798
[12 Dec 2019 00:01:10-MIW] Dumping graph...
[12 Dec 2019 00:01:10-MIW][graphwriter] Saving file to: human/bigsi/13/mccortex.SRR1313228.ctx
[12 Dec 2019 00:01:10-MIW][FileFilter] Writing graph  [1 src colour]
[12 Dec 2019 00:01:11-MIW][graphwriter] Dumped 4,325,798 kmers in 1 colour into: human/bigsi/13/mccortex.SRR1313228.ctx (ver: 6)
[12 Dec 2019 00:01:11-MIW][memory] We made 19 allocs
[12 Dec 2019 00:01:11-MIW] Done.
[12 Dec 2019 00:01:11-MIW][time] 4.00 seconds
	Command being timed: "mccortex 13 build --nkmers 24000000 --threads 1 --kmer 13 --mem 5G --sample SRR1313228 --seq human/kmer-counts-jellyfish/13/SRR1313228.kmer.gz human/bigsi/13/mccortex.SRR1313228.ctx"
	User time (seconds): 6.04
	System time (seconds): 1.33
	Percent of CPU this job got: 175%
	Elapsed (wall clock) time (h:mm:ss or m:ss): 0:04.20
	Average shared text size (kbytes): 0
	Average unshared data size (kbytes): 0
	Average stack size (kbytes): 0
	Average total size (kbytes): 0
	Maximum resident set size (kbytes): 292664
	Average resident set size (kbytes): 0
	Major (requiring I/O) page faults: 0
	Minor (reclaiming a frame) page faults: 247128
	Voluntary context switches: 106545
	Involuntary context switches: 11412
	Swaps: 0
	File system inputs: 37592
	File system outputs: 109848
	Socket messages sent: 0
	Socket messages received: 0
	Signals delivered: 0
	Page size (bytes): 4096
	Exit status: 0
