[12 Dec 2019 00:01:34-ZOQ][cmd] /home/CSCScience.ca/apetkau/miniconda3/envs/bigsi_mccortex/bin/mccortex31 build --nkmers 24000000 --threads 1 --kmer 13 --mem 5G --sample SRR191494 --seq human/kmer-counts-jellyfish/13/SRR191494.kmer.gz human/bigsi/13/mccortex.SRR191494.ctx
[12 Dec 2019 00:01:34-ZOQ][cwd] /home/CSCScience.ca/apetkau/workspace/comp7934-project
[12 Dec 2019 00:01:34-ZOQ][version] mccortex=v0.0.3-610-g400c0e3 zlib=1.2.11 htslib=1.8-17-g699ed53 ASSERTS=ON hash=Lookup3 CHECKS=ON k=3..31
[12 Dec 2019 00:01:34-ZOQ] Saving graph to: human/bigsi/13/mccortex.SRR191494.ctx
[12 Dec 2019 00:01:34-ZOQ][sample] 0: SRR191494
[12 Dec 2019 00:01:34-ZOQ][task] human/kmer-counts-jellyfish/13/SRR191494.kmer.gz; FASTQ offset: auto-detect, threshold: off; cut homopolymers: off; remove PCR duplicates: no; colour: 0
[12 Dec 2019 00:01:34-ZOQ][memory] 104 bits per kmer
[12 Dec 2019 00:01:34-ZOQ] Note: Using less memory than requested (300MB < 5GB); allows for 24,117,248 kmers
[12 Dec 2019 00:01:34-ZOQ][memory] graph: 300MB
[12 Dec 2019 00:01:34-ZOQ][memory] total: 300MB of 62.6GB RAM
[12 Dec 2019 00:01:34-ZOQ] Writing 1 colour graph to human/bigsi/13/mccortex.SRR191494.ctx
[12 Dec 2019 00:01:34-ZOQ][hasht] Allocating table with 24,117,248 entries, using 185MB
[12 Dec 2019 00:01:34-ZOQ][hasht]  number of buckets: 524,288, bucket size: 46
[12 Dec 2019 00:01:34-ZOQ][graph] kmer-size: 13; colours: 1; capacity: 24,117,248
[12 Dec 2019 00:01:34-ZOQ][hasht] buckets: 524,288 [2^19]; bucket size: 46; 
[12 Dec 2019 00:01:34-ZOQ][hasht] memory: 185MB; filled: 0 / 24,117,248 (0.00%)
[12 Dec 2019 00:01:34-ZOQ][asyncio] Inputs: 1; Threads: 1
[12 Dec 2019 00:01:34-ZOQ][seq] Parsing sequence file human/kmer-counts-jellyfish/13/SRR191494.kmer.gz
[12 Dec 2019 00:01:34-ZOQ][seq] Loaded 83,099 reads and 0 reads pairs (file: human/kmer-counts-jellyfish/13/SRR191494.kmer.gz)
[12 Dec 2019 00:01:34-ZOQ][hasht] buckets: 524,288 [2^19]; bucket size: 46; 
[12 Dec 2019 00:01:34-ZOQ][hasht] memory: 185MB; filled: 83,099 / 24,117,248 (0.34%)
[12 Dec 2019 00:01:34-ZOQ][hasht]  collisions  0: 83099
[12 Dec 2019 00:01:34-ZOQ][task] input: human/kmer-counts-jellyfish/13/SRR191494.kmer.gz colour: 0
[12 Dec 2019 00:01:34-ZOQ]  SE reads: 83,099  PE reads: 0
[12 Dec 2019 00:01:34-ZOQ]  good reads: 83,099  bad reads: 0
[12 Dec 2019 00:01:34-ZOQ]  dup SE reads: 0  dup PE pairs: 0
[12 Dec 2019 00:01:34-ZOQ]  bases read: 1,080,287  bases loaded: 1,080,287
[12 Dec 2019 00:01:34-ZOQ]  num contigs: 83,099  num kmers: 83,099 novel kmers: 83,099
[12 Dec 2019 00:01:34-ZOQ] Dumping graph...
[12 Dec 2019 00:01:34-ZOQ][graphwriter] Saving file to: human/bigsi/13/mccortex.SRR191494.ctx
[12 Dec 2019 00:01:34-ZOQ][FileFilter] Writing graph  [1 src colour]
[12 Dec 2019 00:01:34-ZOQ][graphwriter] Dumped 83,099 kmers in 1 colour into: human/bigsi/13/mccortex.SRR191494.ctx (ver: 6)
[12 Dec 2019 00:01:34-ZOQ][memory] We made 19 allocs
[12 Dec 2019 00:01:34-ZOQ] Done.
[12 Dec 2019 00:01:34-ZOQ][time] 0.00 seconds
	Command being timed: "mccortex 13 build --nkmers 24000000 --threads 1 --kmer 13 --mem 5G --sample SRR191494 --seq human/kmer-counts-jellyfish/13/SRR191494.kmer.gz human/bigsi/13/mccortex.SRR191494.ctx"
	User time (seconds): 0.27
	System time (seconds): 0.26
	Percent of CPU this job got: 146%
	Elapsed (wall clock) time (h:mm:ss or m:ss): 0:00.36
	Average shared text size (kbytes): 0
	Average unshared data size (kbytes): 0
	Average stack size (kbytes): 0
	Average total size (kbytes): 0
	Maximum resident set size (kbytes): 257656
	Average resident set size (kbytes): 0
	Major (requiring I/O) page faults: 0
	Minor (reclaiming a frame) page faults: 93148
	Voluntary context switches: 29765
	Involuntary context switches: 12
	Swaps: 0
	File system inputs: 704
	File system outputs: 2120
	Socket messages sent: 0
	Socket messages received: 0
	Signals delivered: 0
	Page size (bytes): 4096
	Exit status: 0
