[11 Dec 2019 23:59:44-WuZ][cmd] /home/CSCScience.ca/apetkau/miniconda3/envs/bigsi_mccortex/bin/mccortex31 build --nkmers 24000000 --threads 1 --kmer 13 --mem 5G --sample SRR1033463 --seq human/kmer-counts-jellyfish/13/SRR1033463.kmer.gz human/bigsi/13/mccortex.SRR1033463.ctx
[11 Dec 2019 23:59:44-WuZ][cwd] /home/CSCScience.ca/apetkau/workspace/comp7934-project
[11 Dec 2019 23:59:44-WuZ][version] mccortex=v0.0.3-610-g400c0e3 zlib=1.2.11 htslib=1.8-17-g699ed53 ASSERTS=ON hash=Lookup3 CHECKS=ON k=3..31
[11 Dec 2019 23:59:44-WuZ] Saving graph to: human/bigsi/13/mccortex.SRR1033463.ctx
[11 Dec 2019 23:59:44-WuZ][sample] 0: SRR1033463
[11 Dec 2019 23:59:44-WuZ][task] human/kmer-counts-jellyfish/13/SRR1033463.kmer.gz; FASTQ offset: auto-detect, threshold: off; cut homopolymers: off; remove PCR duplicates: no; colour: 0
[11 Dec 2019 23:59:44-WuZ][memory] 104 bits per kmer
[11 Dec 2019 23:59:44-WuZ] Note: Using less memory than requested (300MB < 5GB); allows for 24,117,248 kmers
[11 Dec 2019 23:59:44-WuZ][memory] graph: 300MB
[11 Dec 2019 23:59:44-WuZ][memory] total: 300MB of 62.6GB RAM
[11 Dec 2019 23:59:44-WuZ] Writing 1 colour graph to human/bigsi/13/mccortex.SRR1033463.ctx
[11 Dec 2019 23:59:44-WuZ][hasht] Allocating table with 24,117,248 entries, using 185MB
[11 Dec 2019 23:59:44-WuZ][hasht]  number of buckets: 524,288, bucket size: 46
[11 Dec 2019 23:59:44-WuZ][graph] kmer-size: 13; colours: 1; capacity: 24,117,248
[11 Dec 2019 23:59:44-WuZ][hasht] buckets: 524,288 [2^19]; bucket size: 46; 
[11 Dec 2019 23:59:44-WuZ][hasht] memory: 185MB; filled: 0 / 24,117,248 (0.00%)
[11 Dec 2019 23:59:44-WuZ][asyncio] Inputs: 1; Threads: 1
[11 Dec 2019 23:59:44-WuZ][seq] Parsing sequence file human/kmer-counts-jellyfish/13/SRR1033463.kmer.gz
[11 Dec 2019 23:59:50-WuZ][BuildGraph] Read 5,000,000 entries (reads / read pairs)
[11 Dec 2019 23:59:50-WuZ][seq] Loaded 5,580,834 reads and 0 reads pairs (file: human/kmer-counts-jellyfish/13/SRR1033463.kmer.gz)
[11 Dec 2019 23:59:50-WuZ][hasht] buckets: 524,288 [2^19]; bucket size: 46; 
[11 Dec 2019 23:59:50-WuZ][hasht] memory: 185MB; filled: 5,580,834 / 24,117,248 (23.14%)
[11 Dec 2019 23:59:50-WuZ][hasht]  collisions  0: 5580834
[11 Dec 2019 23:59:50-WuZ][task] input: human/kmer-counts-jellyfish/13/SRR1033463.kmer.gz colour: 0
[11 Dec 2019 23:59:50-WuZ]  SE reads: 5,580,834  PE reads: 0
[11 Dec 2019 23:59:50-WuZ]  good reads: 5,580,834  bad reads: 0
[11 Dec 2019 23:59:50-WuZ]  dup SE reads: 0  dup PE pairs: 0
[11 Dec 2019 23:59:50-WuZ]  bases read: 72,550,842  bases loaded: 72,550,842
[11 Dec 2019 23:59:50-WuZ]  num contigs: 5,580,834  num kmers: 5,580,834 novel kmers: 5,580,834
[11 Dec 2019 23:59:50-WuZ] Dumping graph...
[11 Dec 2019 23:59:50-WuZ][graphwriter] Saving file to: human/bigsi/13/mccortex.SRR1033463.ctx
[11 Dec 2019 23:59:50-WuZ][FileFilter] Writing graph  [1 src colour]
[11 Dec 2019 23:59:51-WuZ][graphwriter] Dumped 5,580,834 kmers in 1 colour into: human/bigsi/13/mccortex.SRR1033463.ctx (ver: 6)
[11 Dec 2019 23:59:51-WuZ][memory] We made 19 allocs
[11 Dec 2019 23:59:51-WuZ] Done.
[11 Dec 2019 23:59:51-WuZ][time] 7.00 seconds
	Command being timed: "mccortex 13 build --nkmers 24000000 --threads 1 --kmer 13 --mem 5G --sample SRR1033463 --seq human/kmer-counts-jellyfish/13/SRR1033463.kmer.gz human/bigsi/13/mccortex.SRR1033463.ctx"
	User time (seconds): 9.19
	System time (seconds): 2.43
	Percent of CPU this job got: 160%
	Elapsed (wall clock) time (h:mm:ss or m:ss): 0:07.25
	Average shared text size (kbytes): 0
	Average unshared data size (kbytes): 0
	Average stack size (kbytes): 0
	Average total size (kbytes): 0
	Maximum resident set size (kbytes): 292728
	Average resident set size (kbytes): 0
	Major (requiring I/O) page faults: 0
	Minor (reclaiming a frame) page faults: 377392
	Voluntary context switches: 175555
	Involuntary context switches: 38446
	Swaps: 0
	File system inputs: 48448
	File system outputs: 141712
	Socket messages sent: 0
	Socket messages received: 0
	Signals delivered: 0
	Page size (bytes): 4096
	Exit status: 0
