/home/CSCScience.ca/apetkau/miniconda3/envs/bigsi_mccortex/lib/python3.7/site-packages/bigsi/__main__.py:45: YAMLLoadWarning: calling yaml.load() without Loader=... is deprecated, as the default Loader is unsafe. Please read https://msg.pyyaml.org/load for full details.
  config = yaml.load(infile)
	Command being timed: "bigsi bloom human/bigsi/15/mccortex.SRR191480.ctx human/bigsi/15/bigsi.SRR191480.bloom"
	User time (seconds): 4.91
	System time (seconds): 3.20
	Percent of CPU this job got: 272%
	Elapsed (wall clock) time (h:mm:ss or m:ss): 0:02.98
	Average shared text size (kbytes): 0
	Average unshared data size (kbytes): 0
	Average stack size (kbytes): 0
	Average total size (kbytes): 0
	Maximum resident set size (kbytes): 79312
	Average resident set size (kbytes): 0
	Major (requiring I/O) page faults: 0
	Minor (reclaiming a frame) page faults: 28312
	Voluntary context switches: 121
	Involuntary context switches: 549200
	Swaps: 0
	File system inputs: 0
	File system outputs: 17592
	Socket messages sent: 0
	Socket messages received: 0
	Signals delivered: 0
	Page size (bytes): 4096
	Exit status: 0
