[11 Dec 2019 22:33:45-pon][cmd] /home/CSCScience.ca/apetkau/miniconda3/envs/bigsi_mccortex/bin/mccortex31 build --nkmers 72000000 --threads 1 --kmer 15 --mem 5G --sample SRR1313154 --seq human/kmer-counts-jellyfish/15/SRR1313154.kmer.gz human/bigsi/15/mccortex.SRR1313154.ctx
[11 Dec 2019 22:33:45-pon][cwd] /home/CSCScience.ca/apetkau/workspace/comp7934-project
[11 Dec 2019 22:33:45-pon][version] mccortex=v0.0.3-610-g400c0e3 zlib=1.2.11 htslib=1.8-17-g699ed53 ASSERTS=ON hash=Lookup3 CHECKS=ON k=3..31
[11 Dec 2019 22:33:45-pon] Saving graph to: human/bigsi/15/mccortex.SRR1313154.ctx
[11 Dec 2019 22:33:45-pon][sample] 0: SRR1313154
[11 Dec 2019 22:33:45-pon][task] human/kmer-counts-jellyfish/15/SRR1313154.kmer.gz; FASTQ offset: auto-detect, threshold: off; cut homopolymers: off; remove PCR duplicates: no; colour: 0
[11 Dec 2019 22:33:45-pon][memory] 104 bits per kmer
[11 Dec 2019 22:33:45-pon] Note: Using less memory than requested (914MB < 5GB); allows for 73,400,320 kmers
[11 Dec 2019 22:33:45-pon][memory] graph: 914MB
[11 Dec 2019 22:33:45-pon][memory] total: 914MB of 62.6GB RAM
[11 Dec 2019 22:33:45-pon] Writing 1 colour graph to human/bigsi/15/mccortex.SRR1313154.ctx
[11 Dec 2019 22:33:45-pon][hasht] Allocating table with 73,400,320 entries, using 564MB
[11 Dec 2019 22:33:45-pon][hasht]  number of buckets: 2,097,152, bucket size: 35
[11 Dec 2019 22:33:45-pon][graph] kmer-size: 15; colours: 1; capacity: 73,400,320
[11 Dec 2019 22:33:45-pon][hasht] buckets: 2,097,152 [2^21]; bucket size: 35; 
[11 Dec 2019 22:33:45-pon][hasht] memory: 564MB; filled: 0 / 73,400,320 (0.00%)
[11 Dec 2019 22:33:45-pon][asyncio] Inputs: 1; Threads: 1
[11 Dec 2019 22:33:45-pon][seq] Parsing sequence file human/kmer-counts-jellyfish/15/SRR1313154.kmer.gz
[11 Dec 2019 22:33:51-pon][seq] Loaded 4,668,431 reads and 0 reads pairs (file: human/kmer-counts-jellyfish/15/SRR1313154.kmer.gz)
[11 Dec 2019 22:33:51-pon][hasht] buckets: 2,097,152 [2^21]; bucket size: 35; 
[11 Dec 2019 22:33:51-pon][hasht] memory: 564MB; filled: 4,668,431 / 73,400,320 (6.36%)
[11 Dec 2019 22:33:51-pon][hasht]  collisions  0: 4668431
[11 Dec 2019 22:33:51-pon][task] input: human/kmer-counts-jellyfish/15/SRR1313154.kmer.gz colour: 0
[11 Dec 2019 22:33:51-pon]  SE reads: 4,668,431  PE reads: 0
[11 Dec 2019 22:33:51-pon]  good reads: 4,668,431  bad reads: 0
[11 Dec 2019 22:33:51-pon]  dup SE reads: 0  dup PE pairs: 0
[11 Dec 2019 22:33:51-pon]  bases read: 70,026,465  bases loaded: 70,026,465
[11 Dec 2019 22:33:51-pon]  num contigs: 4,668,431  num kmers: 4,668,431 novel kmers: 4,668,431
[11 Dec 2019 22:33:51-pon] Dumping graph...
[11 Dec 2019 22:33:51-pon][graphwriter] Saving file to: human/bigsi/15/mccortex.SRR1313154.ctx
[11 Dec 2019 22:33:51-pon][FileFilter] Writing graph  [1 src colour]
[11 Dec 2019 22:33:52-pon][graphwriter] Dumped 4,668,431 kmers in 1 colour into: human/bigsi/15/mccortex.SRR1313154.ctx (ver: 6)
[11 Dec 2019 22:33:52-pon][memory] We made 19 allocs
[11 Dec 2019 22:33:52-pon] Done.
[11 Dec 2019 22:33:52-pon][time] 7.00 seconds
	Command being timed: "mccortex 15 build --nkmers 72000000 --threads 1 --kmer 15 --mem 5G --sample SRR1313154 --seq human/kmer-counts-jellyfish/15/SRR1313154.kmer.gz human/bigsi/15/mccortex.SRR1313154.ctx"
	User time (seconds): 8.43
	System time (seconds): 4.02
	Percent of CPU this job got: 171%
	Elapsed (wall clock) time (h:mm:ss or m:ss): 0:07.26
	Average shared text size (kbytes): 0
	Average unshared data size (kbytes): 0
	Average stack size (kbytes): 0
	Average total size (kbytes): 0
	Maximum resident set size (kbytes): 873704
	Average resident set size (kbytes): 0
	Major (requiring I/O) page faults: 0
	Minor (reclaiming a frame) page faults: 1134005
	Voluntary context switches: 526046
	Involuntary context switches: 5609
	Swaps: 0
	File system inputs: 8
	File system outputs: 118544
	Socket messages sent: 0
	Socket messages received: 0
	Signals delivered: 0
	Page size (bytes): 4096
	Exit status: 0
