[11 Dec 2019 22:32:14-QOc][cmd] /home/CSCScience.ca/apetkau/miniconda3/envs/bigsi_mccortex/bin/mccortex31 build --nkmers 72000000 --threads 1 --kmer 15 --mem 5G --sample SRR1060774 --seq human/kmer-counts-jellyfish/15/SRR1060774.kmer.gz human/bigsi/15/mccortex.SRR1060774.ctx
[11 Dec 2019 22:32:14-QOc][cwd] /home/CSCScience.ca/apetkau/workspace/comp7934-project
[11 Dec 2019 22:32:14-QOc][version] mccortex=v0.0.3-610-g400c0e3 zlib=1.2.11 htslib=1.8-17-g699ed53 ASSERTS=ON hash=Lookup3 CHECKS=ON k=3..31
[11 Dec 2019 22:32:14-QOc] Saving graph to: human/bigsi/15/mccortex.SRR1060774.ctx
[11 Dec 2019 22:32:14-QOc][sample] 0: SRR1060774
[11 Dec 2019 22:32:14-QOc][task] human/kmer-counts-jellyfish/15/SRR1060774.kmer.gz; FASTQ offset: auto-detect, threshold: off; cut homopolymers: off; remove PCR duplicates: no; colour: 0
[11 Dec 2019 22:32:14-QOc][memory] 104 bits per kmer
[11 Dec 2019 22:32:14-QOc] Note: Using less memory than requested (914MB < 5GB); allows for 73,400,320 kmers
[11 Dec 2019 22:32:14-QOc][memory] graph: 914MB
[11 Dec 2019 22:32:14-QOc][memory] total: 914MB of 62.6GB RAM
[11 Dec 2019 22:32:14-QOc] Writing 1 colour graph to human/bigsi/15/mccortex.SRR1060774.ctx
[11 Dec 2019 22:32:14-QOc][hasht] Allocating table with 73,400,320 entries, using 564MB
[11 Dec 2019 22:32:14-QOc][hasht]  number of buckets: 2,097,152, bucket size: 35
[11 Dec 2019 22:32:14-QOc][graph] kmer-size: 15; colours: 1; capacity: 73,400,320
[11 Dec 2019 22:32:14-QOc][hasht] buckets: 2,097,152 [2^21]; bucket size: 35; 
[11 Dec 2019 22:32:14-QOc][hasht] memory: 564MB; filled: 0 / 73,400,320 (0.00%)
[11 Dec 2019 22:32:14-QOc][asyncio] Inputs: 1; Threads: 1
[11 Dec 2019 22:32:14-QOc][seq] Parsing sequence file human/kmer-counts-jellyfish/15/SRR1060774.kmer.gz
[11 Dec 2019 22:32:19-QOc][seq] Loaded 1,696,898 reads and 0 reads pairs (file: human/kmer-counts-jellyfish/15/SRR1060774.kmer.gz)
[11 Dec 2019 22:32:19-QOc][hasht] buckets: 2,097,152 [2^21]; bucket size: 35; 
[11 Dec 2019 22:32:19-QOc][hasht] memory: 564MB; filled: 1,696,898 / 73,400,320 (2.31%)
[11 Dec 2019 22:32:19-QOc][hasht]  collisions  0: 1696898
[11 Dec 2019 22:32:19-QOc][task] input: human/kmer-counts-jellyfish/15/SRR1060774.kmer.gz colour: 0
[11 Dec 2019 22:32:19-QOc]  SE reads: 1,696,898  PE reads: 0
[11 Dec 2019 22:32:19-QOc]  good reads: 1,696,898  bad reads: 0
[11 Dec 2019 22:32:19-QOc]  dup SE reads: 0  dup PE pairs: 0
[11 Dec 2019 22:32:19-QOc]  bases read: 25,453,470  bases loaded: 25,453,470
[11 Dec 2019 22:32:19-QOc]  num contigs: 1,696,898  num kmers: 1,696,898 novel kmers: 1,696,898
[11 Dec 2019 22:32:19-QOc] Dumping graph...
[11 Dec 2019 22:32:19-QOc][graphwriter] Saving file to: human/bigsi/15/mccortex.SRR1060774.ctx
[11 Dec 2019 22:32:19-QOc][FileFilter] Writing graph  [1 src colour]
[11 Dec 2019 22:32:19-QOc][graphwriter] Dumped 1,696,898 kmers in 1 colour into: human/bigsi/15/mccortex.SRR1060774.ctx (ver: 6)
[11 Dec 2019 22:32:19-QOc][memory] We made 19 allocs
[11 Dec 2019 22:32:19-QOc] Done.
[11 Dec 2019 22:32:19-QOc][time] 5.00 seconds
	Command being timed: "mccortex 15 build --nkmers 72000000 --threads 1 --kmer 15 --mem 5G --sample SRR1060774 --seq human/kmer-counts-jellyfish/15/SRR1060774.kmer.gz human/bigsi/15/mccortex.SRR1060774.ctx"
	User time (seconds): 5.83
	System time (seconds): 2.84
	Percent of CPU this job got: 164%
	Elapsed (wall clock) time (h:mm:ss or m:ss): 0:05.26
	Average shared text size (kbytes): 0
	Average unshared data size (kbytes): 0
	Average stack size (kbytes): 0
	Average total size (kbytes): 0
	Maximum resident set size (kbytes): 873444
	Average resident set size (kbytes): 0
	Major (requiring I/O) page faults: 0
	Minor (reclaiming a frame) page faults: 687935
	Voluntary context switches: 247658
	Involuntary context switches: 9319
	Swaps: 0
	File system inputs: 12888
	File system outputs: 43096
	Socket messages sent: 0
	Socket messages received: 0
	Signals delivered: 0
	Page size (bytes): 4096
	Exit status: 0
