[11 Dec 2019 22:33:23-Mig][cmd] /home/CSCScience.ca/apetkau/miniconda3/envs/bigsi_mccortex/bin/mccortex31 build --nkmers 72000000 --threads 1 --kmer 15 --mem 5G --sample SRR1313092 --seq human/kmer-counts-jellyfish/15/SRR1313092.kmer.gz human/bigsi/15/mccortex.SRR1313092.ctx
[11 Dec 2019 22:33:23-Mig][cwd] /home/CSCScience.ca/apetkau/workspace/comp7934-project
[11 Dec 2019 22:33:23-Mig][version] mccortex=v0.0.3-610-g400c0e3 zlib=1.2.11 htslib=1.8-17-g699ed53 ASSERTS=ON hash=Lookup3 CHECKS=ON k=3..31
[11 Dec 2019 22:33:23-Mig] Saving graph to: human/bigsi/15/mccortex.SRR1313092.ctx
[11 Dec 2019 22:33:23-Mig][sample] 0: SRR1313092
[11 Dec 2019 22:33:23-Mig][task] human/kmer-counts-jellyfish/15/SRR1313092.kmer.gz; FASTQ offset: auto-detect, threshold: off; cut homopolymers: off; remove PCR duplicates: no; colour: 0
[11 Dec 2019 22:33:23-Mig][memory] 104 bits per kmer
[11 Dec 2019 22:33:23-Mig] Note: Using less memory than requested (914MB < 5GB); allows for 73,400,320 kmers
[11 Dec 2019 22:33:23-Mig][memory] graph: 914MB
[11 Dec 2019 22:33:23-Mig][memory] total: 914MB of 62.6GB RAM
[11 Dec 2019 22:33:23-Mig] Writing 1 colour graph to human/bigsi/15/mccortex.SRR1313092.ctx
[11 Dec 2019 22:33:23-Mig][hasht] Allocating table with 73,400,320 entries, using 564MB
[11 Dec 2019 22:33:23-Mig][hasht]  number of buckets: 2,097,152, bucket size: 35
[11 Dec 2019 22:33:23-Mig][graph] kmer-size: 15; colours: 1; capacity: 73,400,320
[11 Dec 2019 22:33:23-Mig][hasht] buckets: 2,097,152 [2^21]; bucket size: 35; 
[11 Dec 2019 22:33:23-Mig][hasht] memory: 564MB; filled: 0 / 73,400,320 (0.00%)
[11 Dec 2019 22:33:23-Mig][asyncio] Inputs: 1; Threads: 1
[11 Dec 2019 22:33:23-Mig][seq] Parsing sequence file human/kmer-counts-jellyfish/15/SRR1313092.kmer.gz
[11 Dec 2019 22:33:30-Mig][seq] Loaded 4,531,576 reads and 0 reads pairs (file: human/kmer-counts-jellyfish/15/SRR1313092.kmer.gz)
[11 Dec 2019 22:33:30-Mig][hasht] buckets: 2,097,152 [2^21]; bucket size: 35; 
[11 Dec 2019 22:33:30-Mig][hasht] memory: 564MB; filled: 4,531,576 / 73,400,320 (6.17%)
[11 Dec 2019 22:33:30-Mig][hasht]  collisions  0: 4531576
[11 Dec 2019 22:33:30-Mig][task] input: human/kmer-counts-jellyfish/15/SRR1313092.kmer.gz colour: 0
[11 Dec 2019 22:33:30-Mig]  SE reads: 4,531,576  PE reads: 0
[11 Dec 2019 22:33:30-Mig]  good reads: 4,531,576  bad reads: 0
[11 Dec 2019 22:33:30-Mig]  dup SE reads: 0  dup PE pairs: 0
[11 Dec 2019 22:33:30-Mig]  bases read: 67,973,640  bases loaded: 67,973,640
[11 Dec 2019 22:33:30-Mig]  num contigs: 4,531,576  num kmers: 4,531,576 novel kmers: 4,531,576
[11 Dec 2019 22:33:30-Mig] Dumping graph...
[11 Dec 2019 22:33:30-Mig][graphwriter] Saving file to: human/bigsi/15/mccortex.SRR1313092.ctx
[11 Dec 2019 22:33:30-Mig][FileFilter] Writing graph  [1 src colour]
[11 Dec 2019 22:33:31-Mig][graphwriter] Dumped 4,531,576 kmers in 1 colour into: human/bigsi/15/mccortex.SRR1313092.ctx (ver: 6)
[11 Dec 2019 22:33:31-Mig][memory] We made 19 allocs
[11 Dec 2019 22:33:31-Mig] Done.
[11 Dec 2019 22:33:31-Mig][time] 8.00 seconds
	Command being timed: "mccortex 15 build --nkmers 72000000 --threads 1 --kmer 15 --mem 5G --sample SRR1313092 --seq human/kmer-counts-jellyfish/15/SRR1313092.kmer.gz human/bigsi/15/mccortex.SRR1313092.ctx"
	User time (seconds): 9.17
	System time (seconds): 3.76
	Percent of CPU this job got: 168%
	Elapsed (wall clock) time (h:mm:ss or m:ss): 0:07.68
	Average shared text size (kbytes): 0
	Average unshared data size (kbytes): 0
	Average stack size (kbytes): 0
	Average total size (kbytes): 0
	Maximum resident set size (kbytes): 873592
	Average resident set size (kbytes): 0
	Major (requiring I/O) page faults: 0
	Minor (reclaiming a frame) page faults: 797222
	Voluntary context switches: 377569
	Involuntary context switches: 23
	Swaps: 0
	File system inputs: 8
	File system outputs: 115080
	Socket messages sent: 0
	Socket messages received: 0
	Signals delivered: 0
	Page size (bytes): 4096
	Exit status: 0
