[11 Dec 2019 22:34:20-leg][cmd] /home/CSCScience.ca/apetkau/miniconda3/envs/bigsi_mccortex/bin/mccortex31 build --nkmers 72000000 --threads 1 --kmer 15 --mem 5G --sample SRR191455 --seq human/kmer-counts-jellyfish/15/SRR191455.kmer.gz human/bigsi/15/mccortex.SRR191455.ctx
[11 Dec 2019 22:34:20-leg][cwd] /home/CSCScience.ca/apetkau/workspace/comp7934-project
[11 Dec 2019 22:34:20-leg][version] mccortex=v0.0.3-610-g400c0e3 zlib=1.2.11 htslib=1.8-17-g699ed53 ASSERTS=ON hash=Lookup3 CHECKS=ON k=3..31
[11 Dec 2019 22:34:20-leg] Saving graph to: human/bigsi/15/mccortex.SRR191455.ctx
[11 Dec 2019 22:34:20-leg][sample] 0: SRR191455
[11 Dec 2019 22:34:20-leg][task] human/kmer-counts-jellyfish/15/SRR191455.kmer.gz; FASTQ offset: auto-detect, threshold: off; cut homopolymers: off; remove PCR duplicates: no; colour: 0
[11 Dec 2019 22:34:20-leg][memory] 104 bits per kmer
[11 Dec 2019 22:34:20-leg] Note: Using less memory than requested (914MB < 5GB); allows for 73,400,320 kmers
[11 Dec 2019 22:34:20-leg][memory] graph: 914MB
[11 Dec 2019 22:34:20-leg][memory] total: 914MB of 62.6GB RAM
[11 Dec 2019 22:34:20-leg] Writing 1 colour graph to human/bigsi/15/mccortex.SRR191455.ctx
[11 Dec 2019 22:34:20-leg][hasht] Allocating table with 73,400,320 entries, using 564MB
[11 Dec 2019 22:34:20-leg][hasht]  number of buckets: 2,097,152, bucket size: 35
[11 Dec 2019 22:34:20-leg][graph] kmer-size: 15; colours: 1; capacity: 73,400,320
[11 Dec 2019 22:34:20-leg][hasht] buckets: 2,097,152 [2^21]; bucket size: 35; 
[11 Dec 2019 22:34:20-leg][hasht] memory: 564MB; filled: 0 / 73,400,320 (0.00%)
[11 Dec 2019 22:34:20-leg][asyncio] Inputs: 1; Threads: 1
[11 Dec 2019 22:34:20-leg][seq] Parsing sequence file human/kmer-counts-jellyfish/15/SRR191455.kmer.gz
[11 Dec 2019 22:34:21-leg][seq] Loaded 181,294 reads and 0 reads pairs (file: human/kmer-counts-jellyfish/15/SRR191455.kmer.gz)
[11 Dec 2019 22:34:21-leg][hasht] buckets: 2,097,152 [2^21]; bucket size: 35; 
[11 Dec 2019 22:34:21-leg][hasht] memory: 564MB; filled: 181,294 / 73,400,320 (0.25%)
[11 Dec 2019 22:34:21-leg][hasht]  collisions  0: 181294
[11 Dec 2019 22:34:21-leg][task] input: human/kmer-counts-jellyfish/15/SRR191455.kmer.gz colour: 0
[11 Dec 2019 22:34:21-leg]  SE reads: 181,294  PE reads: 0
[11 Dec 2019 22:34:21-leg]  good reads: 181,294  bad reads: 0
[11 Dec 2019 22:34:21-leg]  dup SE reads: 0  dup PE pairs: 0
[11 Dec 2019 22:34:21-leg]  bases read: 2,719,410  bases loaded: 2,719,410
[11 Dec 2019 22:34:21-leg]  num contigs: 181,294  num kmers: 181,294 novel kmers: 181,294
[11 Dec 2019 22:34:21-leg] Dumping graph...
[11 Dec 2019 22:34:21-leg][graphwriter] Saving file to: human/bigsi/15/mccortex.SRR191455.ctx
[11 Dec 2019 22:34:21-leg][FileFilter] Writing graph  [1 src colour]
[11 Dec 2019 22:34:21-leg][graphwriter] Dumped 181,294 kmers in 1 colour into: human/bigsi/15/mccortex.SRR191455.ctx (ver: 6)
[11 Dec 2019 22:34:21-leg][memory] We made 19 allocs
[11 Dec 2019 22:34:21-leg] Done.
[11 Dec 2019 22:34:21-leg][time] 1.00 seconds
	Command being timed: "mccortex 15 build --nkmers 72000000 --threads 1 --kmer 15 --mem 5G --sample SRR191455 --seq human/kmer-counts-jellyfish/15/SRR191455.kmer.gz human/bigsi/15/mccortex.SRR191455.ctx"
	User time (seconds): 0.63
	System time (seconds): 0.73
	Percent of CPU this job got: 155%
	Elapsed (wall clock) time (h:mm:ss or m:ss): 0:00.88
	Average shared text size (kbytes): 0
	Average unshared data size (kbytes): 0
	Average stack size (kbytes): 0
	Average total size (kbytes): 0
	Maximum resident set size (kbytes): 689852
	Average resident set size (kbytes): 0
	Major (requiring I/O) page faults: 0
	Minor (reclaiming a frame) page faults: 257390
	Voluntary context switches: 78710
	Involuntary context switches: 12
	Swaps: 0
	File system inputs: 1728
	File system outputs: 4616
	Socket messages sent: 0
	Socket messages received: 0
	Signals delivered: 0
	Page size (bytes): 4096
	Exit status: 0
