[11 Dec 2019 22:32:36-YuG][cmd] /home/CSCScience.ca/apetkau/miniconda3/envs/bigsi_mccortex/bin/mccortex31 build --nkmers 72000000 --threads 1 --kmer 15 --mem 5G --sample SRR1313077 --seq human/kmer-counts-jellyfish/15/SRR1313077.kmer.gz human/bigsi/15/mccortex.SRR1313077.ctx
[11 Dec 2019 22:32:36-YuG][cwd] /home/CSCScience.ca/apetkau/workspace/comp7934-project
[11 Dec 2019 22:32:36-YuG][version] mccortex=v0.0.3-610-g400c0e3 zlib=1.2.11 htslib=1.8-17-g699ed53 ASSERTS=ON hash=Lookup3 CHECKS=ON k=3..31
[11 Dec 2019 22:32:36-YuG] Saving graph to: human/bigsi/15/mccortex.SRR1313077.ctx
[11 Dec 2019 22:32:36-YuG][sample] 0: SRR1313077
[11 Dec 2019 22:32:36-YuG][task] human/kmer-counts-jellyfish/15/SRR1313077.kmer.gz; FASTQ offset: auto-detect, threshold: off; cut homopolymers: off; remove PCR duplicates: no; colour: 0
[11 Dec 2019 22:32:36-YuG][memory] 104 bits per kmer
[11 Dec 2019 22:32:36-YuG] Note: Using less memory than requested (914MB < 5GB); allows for 73,400,320 kmers
[11 Dec 2019 22:32:36-YuG][memory] graph: 914MB
[11 Dec 2019 22:32:36-YuG][memory] total: 914MB of 62.6GB RAM
[11 Dec 2019 22:32:36-YuG] Writing 1 colour graph to human/bigsi/15/mccortex.SRR1313077.ctx
[11 Dec 2019 22:32:36-YuG][hasht] Allocating table with 73,400,320 entries, using 564MB
[11 Dec 2019 22:32:36-YuG][hasht]  number of buckets: 2,097,152, bucket size: 35
[11 Dec 2019 22:32:36-YuG][graph] kmer-size: 15; colours: 1; capacity: 73,400,320
[11 Dec 2019 22:32:36-YuG][hasht] buckets: 2,097,152 [2^21]; bucket size: 35; 
[11 Dec 2019 22:32:36-YuG][hasht] memory: 564MB; filled: 0 / 73,400,320 (0.00%)
[11 Dec 2019 22:32:36-YuG][asyncio] Inputs: 1; Threads: 1
[11 Dec 2019 22:32:36-YuG][seq] Parsing sequence file human/kmer-counts-jellyfish/15/SRR1313077.kmer.gz
[11 Dec 2019 22:32:43-YuG][BuildGraph] Read 5,000,000 entries (reads / read pairs)
[11 Dec 2019 22:32:43-YuG][seq] Loaded 5,392,385 reads and 0 reads pairs (file: human/kmer-counts-jellyfish/15/SRR1313077.kmer.gz)
[11 Dec 2019 22:32:43-YuG][hasht] buckets: 2,097,152 [2^21]; bucket size: 35; 
[11 Dec 2019 22:32:43-YuG][hasht] memory: 564MB; filled: 5,392,385 / 73,400,320 (7.35%)
[11 Dec 2019 22:32:43-YuG][hasht]  collisions  0: 5392385
[11 Dec 2019 22:32:43-YuG][task] input: human/kmer-counts-jellyfish/15/SRR1313077.kmer.gz colour: 0
[11 Dec 2019 22:32:43-YuG]  SE reads: 5,392,385  PE reads: 0
[11 Dec 2019 22:32:43-YuG]  good reads: 5,392,385  bad reads: 0
[11 Dec 2019 22:32:43-YuG]  dup SE reads: 0  dup PE pairs: 0
[11 Dec 2019 22:32:43-YuG]  bases read: 80,885,775  bases loaded: 80,885,775
[11 Dec 2019 22:32:43-YuG]  num contigs: 5,392,385  num kmers: 5,392,385 novel kmers: 5,392,385
[11 Dec 2019 22:32:43-YuG] Dumping graph...
[11 Dec 2019 22:32:43-YuG][graphwriter] Saving file to: human/bigsi/15/mccortex.SRR1313077.ctx
[11 Dec 2019 22:32:43-YuG][FileFilter] Writing graph  [1 src colour]
[11 Dec 2019 22:32:44-YuG][graphwriter] Dumped 5,392,385 kmers in 1 colour into: human/bigsi/15/mccortex.SRR1313077.ctx (ver: 6)
[11 Dec 2019 22:32:44-YuG][memory] We made 19 allocs
[11 Dec 2019 22:32:44-YuG] Done.
[11 Dec 2019 22:32:44-YuG][time] 8.00 seconds
	Command being timed: "mccortex 15 build --nkmers 72000000 --threads 1 --kmer 15 --mem 5G --sample SRR1313077 --seq human/kmer-counts-jellyfish/15/SRR1313077.kmer.gz human/bigsi/15/mccortex.SRR1313077.ctx"
	User time (seconds): 9.26
	System time (seconds): 3.48
	Percent of CPU this job got: 173%
	Elapsed (wall clock) time (h:mm:ss or m:ss): 0:07.32
	Average shared text size (kbytes): 0
	Average unshared data size (kbytes): 0
	Average stack size (kbytes): 0
	Average total size (kbytes): 0
	Maximum resident set size (kbytes): 873540
	Average resident set size (kbytes): 0
	Major (requiring I/O) page faults: 0
	Minor (reclaiming a frame) page faults: 1136146
	Voluntary context switches: 532866
	Involuntary context switches: 209
	Swaps: 0
	File system inputs: 53320
	File system outputs: 136928
	Socket messages sent: 0
	Socket messages received: 0
	Signals delivered: 0
	Page size (bytes): 4096
	Exit status: 0
