[11 Dec 2019 22:34:16-ROv][cmd] /home/CSCScience.ca/apetkau/miniconda3/envs/bigsi_mccortex/bin/mccortex31 build --nkmers 72000000 --threads 1 --kmer 15 --mem 5G --sample SRR191403 --seq human/kmer-counts-jellyfish/15/SRR191403.kmer.gz human/bigsi/15/mccortex.SRR191403.ctx
[11 Dec 2019 22:34:16-ROv][cwd] /home/CSCScience.ca/apetkau/workspace/comp7934-project
[11 Dec 2019 22:34:16-ROv][version] mccortex=v0.0.3-610-g400c0e3 zlib=1.2.11 htslib=1.8-17-g699ed53 ASSERTS=ON hash=Lookup3 CHECKS=ON k=3..31
[11 Dec 2019 22:34:16-ROv] Saving graph to: human/bigsi/15/mccortex.SRR191403.ctx
[11 Dec 2019 22:34:16-ROv][sample] 0: SRR191403
[11 Dec 2019 22:34:16-ROv][task] human/kmer-counts-jellyfish/15/SRR191403.kmer.gz; FASTQ offset: auto-detect, threshold: off; cut homopolymers: off; remove PCR duplicates: no; colour: 0
[11 Dec 2019 22:34:16-ROv][memory] 104 bits per kmer
[11 Dec 2019 22:34:16-ROv] Note: Using less memory than requested (914MB < 5GB); allows for 73,400,320 kmers
[11 Dec 2019 22:34:16-ROv][memory] graph: 914MB
[11 Dec 2019 22:34:16-ROv][memory] total: 914MB of 62.6GB RAM
[11 Dec 2019 22:34:16-ROv] Writing 1 colour graph to human/bigsi/15/mccortex.SRR191403.ctx
[11 Dec 2019 22:34:16-ROv][hasht] Allocating table with 73,400,320 entries, using 564MB
[11 Dec 2019 22:34:16-ROv][hasht]  number of buckets: 2,097,152, bucket size: 35
[11 Dec 2019 22:34:16-ROv][graph] kmer-size: 15; colours: 1; capacity: 73,400,320
[11 Dec 2019 22:34:16-ROv][hasht] buckets: 2,097,152 [2^21]; bucket size: 35; 
[11 Dec 2019 22:34:16-ROv][hasht] memory: 564MB; filled: 0 / 73,400,320 (0.00%)
[11 Dec 2019 22:34:16-ROv][asyncio] Inputs: 1; Threads: 1
[11 Dec 2019 22:34:16-ROv][seq] Parsing sequence file human/kmer-counts-jellyfish/15/SRR191403.kmer.gz
[11 Dec 2019 22:34:17-ROv][seq] Loaded 134,822 reads and 0 reads pairs (file: human/kmer-counts-jellyfish/15/SRR191403.kmer.gz)
[11 Dec 2019 22:34:17-ROv][hasht] buckets: 2,097,152 [2^21]; bucket size: 35; 
[11 Dec 2019 22:34:17-ROv][hasht] memory: 564MB; filled: 134,822 / 73,400,320 (0.18%)
[11 Dec 2019 22:34:17-ROv][hasht]  collisions  0: 134822
[11 Dec 2019 22:34:17-ROv][task] input: human/kmer-counts-jellyfish/15/SRR191403.kmer.gz colour: 0
[11 Dec 2019 22:34:17-ROv]  SE reads: 134,822  PE reads: 0
[11 Dec 2019 22:34:17-ROv]  good reads: 134,822  bad reads: 0
[11 Dec 2019 22:34:17-ROv]  dup SE reads: 0  dup PE pairs: 0
[11 Dec 2019 22:34:17-ROv]  bases read: 2,022,330  bases loaded: 2,022,330
[11 Dec 2019 22:34:17-ROv]  num contigs: 134,822  num kmers: 134,822 novel kmers: 134,822
[11 Dec 2019 22:34:17-ROv] Dumping graph...
[11 Dec 2019 22:34:17-ROv][graphwriter] Saving file to: human/bigsi/15/mccortex.SRR191403.ctx
[11 Dec 2019 22:34:17-ROv][FileFilter] Writing graph  [1 src colour]
[11 Dec 2019 22:34:17-ROv][graphwriter] Dumped 134,822 kmers in 1 colour into: human/bigsi/15/mccortex.SRR191403.ctx (ver: 6)
[11 Dec 2019 22:34:17-ROv][memory] We made 19 allocs
[11 Dec 2019 22:34:17-ROv] Done.
[11 Dec 2019 22:34:17-ROv][time] 1.00 seconds
	Command being timed: "mccortex 15 build --nkmers 72000000 --threads 1 --kmer 15 --mem 5G --sample SRR191403 --seq human/kmer-counts-jellyfish/15/SRR191403.kmer.gz human/bigsi/15/mccortex.SRR191403.ctx"
	User time (seconds): 0.62
	System time (seconds): 0.73
	Percent of CPU this job got: 148%
	Elapsed (wall clock) time (h:mm:ss or m:ss): 0:00.92
	Average shared text size (kbytes): 0
	Average unshared data size (kbytes): 0
	Average stack size (kbytes): 0
	Average total size (kbytes): 0
	Maximum resident set size (kbytes): 606436
	Average resident set size (kbytes): 0
	Major (requiring I/O) page faults: 0
	Minor (reclaiming a frame) page faults: 231102
	Voluntary context switches: 64524
	Involuntary context switches: 1
	Swaps: 0
	File system inputs: 0
	File system outputs: 3432
	Socket messages sent: 0
	Socket messages received: 0
	Signals delivered: 0
	Page size (bytes): 4096
	Exit status: 0
