[11 Dec 2019 22:35:11-Sal][cmd] /home/CSCScience.ca/apetkau/miniconda3/envs/bigsi_mccortex/bin/mccortex31 build --nkmers 72000000 --threads 1 --kmer 15 --mem 5G --sample SRR393767 --seq human/kmer-counts-jellyfish/15/SRR393767.kmer.gz human/bigsi/15/mccortex.SRR393767.ctx
[11 Dec 2019 22:35:11-Sal][cwd] /home/CSCScience.ca/apetkau/workspace/comp7934-project
[11 Dec 2019 22:35:11-Sal][version] mccortex=v0.0.3-610-g400c0e3 zlib=1.2.11 htslib=1.8-17-g699ed53 ASSERTS=ON hash=Lookup3 CHECKS=ON k=3..31
[11 Dec 2019 22:35:11-Sal] Saving graph to: human/bigsi/15/mccortex.SRR393767.ctx
[11 Dec 2019 22:35:11-Sal][sample] 0: SRR393767
[11 Dec 2019 22:35:11-Sal][task] human/kmer-counts-jellyfish/15/SRR393767.kmer.gz; FASTQ offset: auto-detect, threshold: off; cut homopolymers: off; remove PCR duplicates: no; colour: 0
[11 Dec 2019 22:35:11-Sal][memory] 104 bits per kmer
[11 Dec 2019 22:35:11-Sal] Note: Using less memory than requested (914MB < 5GB); allows for 73,400,320 kmers
[11 Dec 2019 22:35:11-Sal][memory] graph: 914MB
[11 Dec 2019 22:35:11-Sal][memory] total: 914MB of 62.6GB RAM
[11 Dec 2019 22:35:11-Sal] Writing 1 colour graph to human/bigsi/15/mccortex.SRR393767.ctx
[11 Dec 2019 22:35:11-Sal][hasht] Allocating table with 73,400,320 entries, using 564MB
[11 Dec 2019 22:35:11-Sal][hasht]  number of buckets: 2,097,152, bucket size: 35
[11 Dec 2019 22:35:11-Sal][graph] kmer-size: 15; colours: 1; capacity: 73,400,320
[11 Dec 2019 22:35:11-Sal][hasht] buckets: 2,097,152 [2^21]; bucket size: 35; 
[11 Dec 2019 22:35:11-Sal][hasht] memory: 564MB; filled: 0 / 73,400,320 (0.00%)
[11 Dec 2019 22:35:11-Sal][asyncio] Inputs: 1; Threads: 1
[11 Dec 2019 22:35:11-Sal][seq] Parsing sequence file human/kmer-counts-jellyfish/15/SRR393767.kmer.gz
[11 Dec 2019 22:35:18-Sal][BuildGraph] Read 5,000,000 entries (reads / read pairs)
[11 Dec 2019 22:35:19-Sal][seq] Loaded 5,328,671 reads and 0 reads pairs (file: human/kmer-counts-jellyfish/15/SRR393767.kmer.gz)
[11 Dec 2019 22:35:19-Sal][hasht] buckets: 2,097,152 [2^21]; bucket size: 35; 
[11 Dec 2019 22:35:19-Sal][hasht] memory: 564MB; filled: 5,328,671 / 73,400,320 (7.26%)
[11 Dec 2019 22:35:19-Sal][hasht]  collisions  0: 5328671
[11 Dec 2019 22:35:19-Sal][task] input: human/kmer-counts-jellyfish/15/SRR393767.kmer.gz colour: 0
[11 Dec 2019 22:35:19-Sal]  SE reads: 5,328,671  PE reads: 0
[11 Dec 2019 22:35:19-Sal]  good reads: 5,328,671  bad reads: 0
[11 Dec 2019 22:35:19-Sal]  dup SE reads: 0  dup PE pairs: 0
[11 Dec 2019 22:35:19-Sal]  bases read: 79,930,065  bases loaded: 79,930,065
[11 Dec 2019 22:35:19-Sal]  num contigs: 5,328,671  num kmers: 5,328,671 novel kmers: 5,328,671
[11 Dec 2019 22:35:19-Sal] Dumping graph...
[11 Dec 2019 22:35:19-Sal][graphwriter] Saving file to: human/bigsi/15/mccortex.SRR393767.ctx
[11 Dec 2019 22:35:19-Sal][FileFilter] Writing graph  [1 src colour]
[11 Dec 2019 22:35:19-Sal][graphwriter] Dumped 5,328,671 kmers in 1 colour into: human/bigsi/15/mccortex.SRR393767.ctx (ver: 6)
[11 Dec 2019 22:35:19-Sal][memory] We made 19 allocs
[11 Dec 2019 22:35:19-Sal] Done.
[11 Dec 2019 22:35:19-Sal][time] 8.00 seconds
	Command being timed: "mccortex 15 build --nkmers 72000000 --threads 1 --kmer 15 --mem 5G --sample SRR393767 --seq human/kmer-counts-jellyfish/15/SRR393767.kmer.gz human/bigsi/15/mccortex.SRR393767.ctx"
	User time (seconds): 9.85
	System time (seconds): 4.14
	Percent of CPU this job got: 171%
	Elapsed (wall clock) time (h:mm:ss or m:ss): 0:08.17
	Average shared text size (kbytes): 0
	Average unshared data size (kbytes): 0
	Average stack size (kbytes): 0
	Average total size (kbytes): 0
	Maximum resident set size (kbytes): 873500
	Average resident set size (kbytes): 0
	Major (requiring I/O) page faults: 0
	Minor (reclaiming a frame) page faults: 1134581
	Voluntary context switches: 577463
	Involuntary context switches: 27260
	Swaps: 0
	File system inputs: 0
	File system outputs: 135312
	Socket messages sent: 0
	Socket messages received: 0
	Signals delivered: 0
	Page size (bytes): 4096
	Exit status: 0
