[11 Dec 2019 22:34:27-deF][cmd] /home/CSCScience.ca/apetkau/miniconda3/envs/bigsi_mccortex/bin/mccortex31 build --nkmers 72000000 --threads 1 --kmer 15 --mem 5G --sample SRR191487 --seq human/kmer-counts-jellyfish/15/SRR191487.kmer.gz human/bigsi/15/mccortex.SRR191487.ctx
[11 Dec 2019 22:34:27-deF][cwd] /home/CSCScience.ca/apetkau/workspace/comp7934-project
[11 Dec 2019 22:34:27-deF][version] mccortex=v0.0.3-610-g400c0e3 zlib=1.2.11 htslib=1.8-17-g699ed53 ASSERTS=ON hash=Lookup3 CHECKS=ON k=3..31
[11 Dec 2019 22:34:27-deF] Saving graph to: human/bigsi/15/mccortex.SRR191487.ctx
[11 Dec 2019 22:34:27-deF][sample] 0: SRR191487
[11 Dec 2019 22:34:27-deF][task] human/kmer-counts-jellyfish/15/SRR191487.kmer.gz; FASTQ offset: auto-detect, threshold: off; cut homopolymers: off; remove PCR duplicates: no; colour: 0
[11 Dec 2019 22:34:27-deF][memory] 104 bits per kmer
[11 Dec 2019 22:34:27-deF] Note: Using less memory than requested (914MB < 5GB); allows for 73,400,320 kmers
[11 Dec 2019 22:34:27-deF][memory] graph: 914MB
[11 Dec 2019 22:34:27-deF][memory] total: 914MB of 62.6GB RAM
[11 Dec 2019 22:34:27-deF] Writing 1 colour graph to human/bigsi/15/mccortex.SRR191487.ctx
[11 Dec 2019 22:34:27-deF][hasht] Allocating table with 73,400,320 entries, using 564MB
[11 Dec 2019 22:34:27-deF][hasht]  number of buckets: 2,097,152, bucket size: 35
[11 Dec 2019 22:34:27-deF][graph] kmer-size: 15; colours: 1; capacity: 73,400,320
[11 Dec 2019 22:34:27-deF][hasht] buckets: 2,097,152 [2^21]; bucket size: 35; 
[11 Dec 2019 22:34:27-deF][hasht] memory: 564MB; filled: 0 / 73,400,320 (0.00%)
[11 Dec 2019 22:34:27-deF][asyncio] Inputs: 1; Threads: 1
[11 Dec 2019 22:34:27-deF][seq] Parsing sequence file human/kmer-counts-jellyfish/15/SRR191487.kmer.gz
[11 Dec 2019 22:34:28-deF][seq] Loaded 78,909 reads and 0 reads pairs (file: human/kmer-counts-jellyfish/15/SRR191487.kmer.gz)
[11 Dec 2019 22:34:28-deF][hasht] buckets: 2,097,152 [2^21]; bucket size: 35; 
[11 Dec 2019 22:34:28-deF][hasht] memory: 564MB; filled: 78,909 / 73,400,320 (0.11%)
[11 Dec 2019 22:34:28-deF][hasht]  collisions  0: 78909
[11 Dec 2019 22:34:28-deF][task] input: human/kmer-counts-jellyfish/15/SRR191487.kmer.gz colour: 0
[11 Dec 2019 22:34:28-deF]  SE reads: 78,909  PE reads: 0
[11 Dec 2019 22:34:28-deF]  good reads: 78,909  bad reads: 0
[11 Dec 2019 22:34:28-deF]  dup SE reads: 0  dup PE pairs: 0
[11 Dec 2019 22:34:28-deF]  bases read: 1,183,635  bases loaded: 1,183,635
[11 Dec 2019 22:34:28-deF]  num contigs: 78,909  num kmers: 78,909 novel kmers: 78,909
[11 Dec 2019 22:34:28-deF] Dumping graph...
[11 Dec 2019 22:34:28-deF][graphwriter] Saving file to: human/bigsi/15/mccortex.SRR191487.ctx
[11 Dec 2019 22:34:28-deF][FileFilter] Writing graph  [1 src colour]
[11 Dec 2019 22:34:28-deF][graphwriter] Dumped 78,909 kmers in 1 colour into: human/bigsi/15/mccortex.SRR191487.ctx (ver: 6)
[11 Dec 2019 22:34:28-deF][memory] We made 19 allocs
[11 Dec 2019 22:34:28-deF] Done.
[11 Dec 2019 22:34:28-deF][time] 1.00 seconds
	Command being timed: "mccortex 15 build --nkmers 72000000 --threads 1 --kmer 15 --mem 5G --sample SRR191487 --seq human/kmer-counts-jellyfish/15/SRR191487.kmer.gz human/bigsi/15/mccortex.SRR191487.ctx"
	User time (seconds): 0.31
	System time (seconds): 0.51
	Percent of CPU this job got: 149%
	Elapsed (wall clock) time (h:mm:ss or m:ss): 0:00.55
	Average shared text size (kbytes): 0
	Average unshared data size (kbytes): 0
	Average stack size (kbytes): 0
	Average total size (kbytes): 0
	Maximum resident set size (kbytes): 448388
	Average resident set size (kbytes): 0
	Major (requiring I/O) page faults: 0
	Minor (reclaiming a frame) page faults: 178650
	Voluntary context switches: 50296
	Involuntary context switches: 0
	Swaps: 0
	File system inputs: 0
	File system outputs: 2016
	Socket messages sent: 0
	Socket messages received: 0
	Signals delivered: 0
	Page size (bytes): 4096
	Exit status: 0
