[11 Dec 2019 22:33:50-FIz][cmd] /home/CSCScience.ca/apetkau/miniconda3/envs/bigsi_mccortex/bin/mccortex31 build --nkmers 72000000 --threads 1 --kmer 15 --mem 5G --sample SRR1313198 --seq human/kmer-counts-jellyfish/15/SRR1313198.kmer.gz human/bigsi/15/mccortex.SRR1313198.ctx
[11 Dec 2019 22:33:50-FIz][cwd] /home/CSCScience.ca/apetkau/workspace/comp7934-project
[11 Dec 2019 22:33:50-FIz][version] mccortex=v0.0.3-610-g400c0e3 zlib=1.2.11 htslib=1.8-17-g699ed53 ASSERTS=ON hash=Lookup3 CHECKS=ON k=3..31
[11 Dec 2019 22:33:50-FIz] Saving graph to: human/bigsi/15/mccortex.SRR1313198.ctx
[11 Dec 2019 22:33:50-FIz][sample] 0: SRR1313198
[11 Dec 2019 22:33:50-FIz][task] human/kmer-counts-jellyfish/15/SRR1313198.kmer.gz; FASTQ offset: auto-detect, threshold: off; cut homopolymers: off; remove PCR duplicates: no; colour: 0
[11 Dec 2019 22:33:50-FIz][memory] 104 bits per kmer
[11 Dec 2019 22:33:50-FIz] Note: Using less memory than requested (914MB < 5GB); allows for 73,400,320 kmers
[11 Dec 2019 22:33:50-FIz][memory] graph: 914MB
[11 Dec 2019 22:33:50-FIz][memory] total: 914MB of 62.6GB RAM
[11 Dec 2019 22:33:50-FIz] Writing 1 colour graph to human/bigsi/15/mccortex.SRR1313198.ctx
[11 Dec 2019 22:33:50-FIz][hasht] Allocating table with 73,400,320 entries, using 564MB
[11 Dec 2019 22:33:50-FIz][hasht]  number of buckets: 2,097,152, bucket size: 35
[11 Dec 2019 22:33:50-FIz][graph] kmer-size: 15; colours: 1; capacity: 73,400,320
[11 Dec 2019 22:33:50-FIz][hasht] buckets: 2,097,152 [2^21]; bucket size: 35; 
[11 Dec 2019 22:33:50-FIz][hasht] memory: 564MB; filled: 0 / 73,400,320 (0.00%)
[11 Dec 2019 22:33:50-FIz][asyncio] Inputs: 1; Threads: 1
[11 Dec 2019 22:33:50-FIz][seq] Parsing sequence file human/kmer-counts-jellyfish/15/SRR1313198.kmer.gz
[11 Dec 2019 22:33:57-FIz][BuildGraph] Read 5,000,000 entries (reads / read pairs)
[11 Dec 2019 22:33:57-FIz][seq] Loaded 5,261,669 reads and 0 reads pairs (file: human/kmer-counts-jellyfish/15/SRR1313198.kmer.gz)
[11 Dec 2019 22:33:57-FIz][hasht] buckets: 2,097,152 [2^21]; bucket size: 35; 
[11 Dec 2019 22:33:57-FIz][hasht] memory: 564MB; filled: 5,261,669 / 73,400,320 (7.17%)
[11 Dec 2019 22:33:57-FIz][hasht]  collisions  0: 5261669
[11 Dec 2019 22:33:57-FIz][task] input: human/kmer-counts-jellyfish/15/SRR1313198.kmer.gz colour: 0
[11 Dec 2019 22:33:57-FIz]  SE reads: 5,261,669  PE reads: 0
[11 Dec 2019 22:33:57-FIz]  good reads: 5,261,669  bad reads: 0
[11 Dec 2019 22:33:57-FIz]  dup SE reads: 0  dup PE pairs: 0
[11 Dec 2019 22:33:57-FIz]  bases read: 78,925,035  bases loaded: 78,925,035
[11 Dec 2019 22:33:57-FIz]  num contigs: 5,261,669  num kmers: 5,261,669 novel kmers: 5,261,669
[11 Dec 2019 22:33:57-FIz] Dumping graph...
[11 Dec 2019 22:33:57-FIz][graphwriter] Saving file to: human/bigsi/15/mccortex.SRR1313198.ctx
[11 Dec 2019 22:33:57-FIz][FileFilter] Writing graph  [1 src colour]
[11 Dec 2019 22:33:58-FIz][graphwriter] Dumped 5,261,669 kmers in 1 colour into: human/bigsi/15/mccortex.SRR1313198.ctx (ver: 6)
[11 Dec 2019 22:33:58-FIz][memory] We made 19 allocs
[11 Dec 2019 22:33:58-FIz] Done.
[11 Dec 2019 22:33:58-FIz][time] 8.00 seconds
	Command being timed: "mccortex 15 build --nkmers 72000000 --threads 1 --kmer 15 --mem 5G --sample SRR1313198 --seq human/kmer-counts-jellyfish/15/SRR1313198.kmer.gz human/bigsi/15/mccortex.SRR1313198.ctx"
	User time (seconds): 9.73
	System time (seconds): 3.68
	Percent of CPU this job got: 171%
	Elapsed (wall clock) time (h:mm:ss or m:ss): 0:07.84
	Average shared text size (kbytes): 0
	Average unshared data size (kbytes): 0
	Average stack size (kbytes): 0
	Average total size (kbytes): 0
	Maximum resident set size (kbytes): 873568
	Average resident set size (kbytes): 0
	Major (requiring I/O) page faults: 0
	Minor (reclaiming a frame) page faults: 1135594
	Voluntary context switches: 544541
	Involuntary context switches: 8072
	Swaps: 0
	File system inputs: 8
	File system outputs: 133608
	Socket messages sent: 0
	Socket messages received: 0
	Signals delivered: 0
	Page size (bytes): 4096
	Exit status: 0
