[11 Dec 2019 22:35:10-HIx][cmd] /home/CSCScience.ca/apetkau/miniconda3/envs/bigsi_mccortex/bin/mccortex31 build --nkmers 72000000 --threads 1 --kmer 15 --mem 5G --sample SRR387778 --seq human/kmer-counts-jellyfish/15/SRR387778.kmer.gz human/bigsi/15/mccortex.SRR387778.ctx
[11 Dec 2019 22:35:10-HIx][cwd] /home/CSCScience.ca/apetkau/workspace/comp7934-project
[11 Dec 2019 22:35:10-HIx][version] mccortex=v0.0.3-610-g400c0e3 zlib=1.2.11 htslib=1.8-17-g699ed53 ASSERTS=ON hash=Lookup3 CHECKS=ON k=3..31
[11 Dec 2019 22:35:10-HIx] Saving graph to: human/bigsi/15/mccortex.SRR387778.ctx
[11 Dec 2019 22:35:10-HIx][sample] 0: SRR387778
[11 Dec 2019 22:35:10-HIx][task] human/kmer-counts-jellyfish/15/SRR387778.kmer.gz; FASTQ offset: auto-detect, threshold: off; cut homopolymers: off; remove PCR duplicates: no; colour: 0
[11 Dec 2019 22:35:10-HIx][memory] 104 bits per kmer
[11 Dec 2019 22:35:10-HIx] Note: Using less memory than requested (914MB < 5GB); allows for 73,400,320 kmers
[11 Dec 2019 22:35:10-HIx][memory] graph: 914MB
[11 Dec 2019 22:35:10-HIx][memory] total: 914MB of 62.6GB RAM
[11 Dec 2019 22:35:10-HIx] Writing 1 colour graph to human/bigsi/15/mccortex.SRR387778.ctx
[11 Dec 2019 22:35:10-HIx][hasht] Allocating table with 73,400,320 entries, using 564MB
[11 Dec 2019 22:35:10-HIx][hasht]  number of buckets: 2,097,152, bucket size: 35
[11 Dec 2019 22:35:10-HIx][graph] kmer-size: 15; colours: 1; capacity: 73,400,320
[11 Dec 2019 22:35:10-HIx][hasht] buckets: 2,097,152 [2^21]; bucket size: 35; 
[11 Dec 2019 22:35:10-HIx][hasht] memory: 564MB; filled: 0 / 73,400,320 (0.00%)
[11 Dec 2019 22:35:10-HIx][asyncio] Inputs: 1; Threads: 1
[11 Dec 2019 22:35:10-HIx][seq] Parsing sequence file human/kmer-counts-jellyfish/15/SRR387778.kmer.gz
[11 Dec 2019 22:35:15-HIx][seq] Loaded 3,612,850 reads and 0 reads pairs (file: human/kmer-counts-jellyfish/15/SRR387778.kmer.gz)
[11 Dec 2019 22:35:15-HIx][hasht] buckets: 2,097,152 [2^21]; bucket size: 35; 
[11 Dec 2019 22:35:15-HIx][hasht] memory: 564MB; filled: 3,612,850 / 73,400,320 (4.92%)
[11 Dec 2019 22:35:15-HIx][hasht]  collisions  0: 3612850
[11 Dec 2019 22:35:15-HIx][task] input: human/kmer-counts-jellyfish/15/SRR387778.kmer.gz colour: 0
[11 Dec 2019 22:35:15-HIx]  SE reads: 3,612,850  PE reads: 0
[11 Dec 2019 22:35:15-HIx]  good reads: 3,612,850  bad reads: 0
[11 Dec 2019 22:35:15-HIx]  dup SE reads: 0  dup PE pairs: 0
[11 Dec 2019 22:35:15-HIx]  bases read: 54,192,750  bases loaded: 54,192,750
[11 Dec 2019 22:35:15-HIx]  num contigs: 3,612,850  num kmers: 3,612,850 novel kmers: 3,612,850
[11 Dec 2019 22:35:15-HIx] Dumping graph...
[11 Dec 2019 22:35:15-HIx][graphwriter] Saving file to: human/bigsi/15/mccortex.SRR387778.ctx
[11 Dec 2019 22:35:15-HIx][FileFilter] Writing graph  [1 src colour]
[11 Dec 2019 22:35:15-HIx][graphwriter] Dumped 3,612,850 kmers in 1 colour into: human/bigsi/15/mccortex.SRR387778.ctx (ver: 6)
[11 Dec 2019 22:35:16-HIx][memory] We made 19 allocs
[11 Dec 2019 22:35:16-HIx] Done.
[11 Dec 2019 22:35:16-HIx][time] 6.00 seconds
	Command being timed: "mccortex 15 build --nkmers 72000000 --threads 1 --kmer 15 --mem 5G --sample SRR387778 --seq human/kmer-counts-jellyfish/15/SRR387778.kmer.gz human/bigsi/15/mccortex.SRR387778.ctx"
	User time (seconds): 7.10
	System time (seconds): 3.11
	Percent of CPU this job got: 170%
	Elapsed (wall clock) time (h:mm:ss or m:ss): 0:05.98
	Average shared text size (kbytes): 0
	Average unshared data size (kbytes): 0
	Average stack size (kbytes): 0
	Average total size (kbytes): 0
	Maximum resident set size (kbytes): 873596
	Average resident set size (kbytes): 0
	Major (requiring I/O) page faults: 0
	Minor (reclaiming a frame) page faults: 917358
	Voluntary context switches: 472962
	Involuntary context switches: 7124
	Swaps: 0
	File system inputs: 0
	File system outputs: 91744
	Socket messages sent: 0
	Socket messages received: 0
	Signals delivered: 0
	Page size (bytes): 4096
	Exit status: 0
