[11 Dec 2019 22:33:46-xup][cmd] /home/CSCScience.ca/apetkau/miniconda3/envs/bigsi_mccortex/bin/mccortex31 build --nkmers 72000000 --threads 1 --kmer 15 --mem 5G --sample SRR1313156 --seq human/kmer-counts-jellyfish/15/SRR1313156.kmer.gz human/bigsi/15/mccortex.SRR1313156.ctx
[11 Dec 2019 22:33:46-xup][cwd] /home/CSCScience.ca/apetkau/workspace/comp7934-project
[11 Dec 2019 22:33:46-xup][version] mccortex=v0.0.3-610-g400c0e3 zlib=1.2.11 htslib=1.8-17-g699ed53 ASSERTS=ON hash=Lookup3 CHECKS=ON k=3..31
[11 Dec 2019 22:33:46-xup] Saving graph to: human/bigsi/15/mccortex.SRR1313156.ctx
[11 Dec 2019 22:33:46-xup][sample] 0: SRR1313156
[11 Dec 2019 22:33:46-xup][task] human/kmer-counts-jellyfish/15/SRR1313156.kmer.gz; FASTQ offset: auto-detect, threshold: off; cut homopolymers: off; remove PCR duplicates: no; colour: 0
[11 Dec 2019 22:33:46-xup][memory] 104 bits per kmer
[11 Dec 2019 22:33:46-xup] Note: Using less memory than requested (914MB < 5GB); allows for 73,400,320 kmers
[11 Dec 2019 22:33:46-xup][memory] graph: 914MB
[11 Dec 2019 22:33:46-xup][memory] total: 914MB of 62.6GB RAM
[11 Dec 2019 22:33:46-xup] Writing 1 colour graph to human/bigsi/15/mccortex.SRR1313156.ctx
[11 Dec 2019 22:33:46-xup][hasht] Allocating table with 73,400,320 entries, using 564MB
[11 Dec 2019 22:33:46-xup][hasht]  number of buckets: 2,097,152, bucket size: 35
[11 Dec 2019 22:33:46-xup][graph] kmer-size: 15; colours: 1; capacity: 73,400,320
[11 Dec 2019 22:33:46-xup][hasht] buckets: 2,097,152 [2^21]; bucket size: 35; 
[11 Dec 2019 22:33:46-xup][hasht] memory: 564MB; filled: 0 / 73,400,320 (0.00%)
[11 Dec 2019 22:33:46-xup][asyncio] Inputs: 1; Threads: 1
[11 Dec 2019 22:33:46-xup][seq] Parsing sequence file human/kmer-counts-jellyfish/15/SRR1313156.kmer.gz
[11 Dec 2019 22:33:55-xup][seq] Loaded 4,344,740 reads and 0 reads pairs (file: human/kmer-counts-jellyfish/15/SRR1313156.kmer.gz)
[11 Dec 2019 22:33:55-xup][hasht] buckets: 2,097,152 [2^21]; bucket size: 35; 
[11 Dec 2019 22:33:55-xup][hasht] memory: 564MB; filled: 4,344,740 / 73,400,320 (5.92%)
[11 Dec 2019 22:33:55-xup][hasht]  collisions  0: 4344740
[11 Dec 2019 22:33:55-xup][task] input: human/kmer-counts-jellyfish/15/SRR1313156.kmer.gz colour: 0
[11 Dec 2019 22:33:55-xup]  SE reads: 4,344,740  PE reads: 0
[11 Dec 2019 22:33:55-xup]  good reads: 4,344,740  bad reads: 0
[11 Dec 2019 22:33:55-xup]  dup SE reads: 0  dup PE pairs: 0
[11 Dec 2019 22:33:55-xup]  bases read: 65,171,100  bases loaded: 65,171,100
[11 Dec 2019 22:33:55-xup]  num contigs: 4,344,740  num kmers: 4,344,740 novel kmers: 4,344,740
[11 Dec 2019 22:33:55-xup] Dumping graph...
[11 Dec 2019 22:33:55-xup][graphwriter] Saving file to: human/bigsi/15/mccortex.SRR1313156.ctx
[11 Dec 2019 22:33:55-xup][FileFilter] Writing graph  [1 src colour]
[11 Dec 2019 22:33:56-xup][graphwriter] Dumped 4,344,740 kmers in 1 colour into: human/bigsi/15/mccortex.SRR1313156.ctx (ver: 6)
[11 Dec 2019 22:33:56-xup][memory] We made 19 allocs
[11 Dec 2019 22:33:56-xup] Done.
[11 Dec 2019 22:33:56-xup][time] 10.00 seconds
	Command being timed: "mccortex 15 build --nkmers 72000000 --threads 1 --kmer 15 --mem 5G --sample SRR1313156 --seq human/kmer-counts-jellyfish/15/SRR1313156.kmer.gz human/bigsi/15/mccortex.SRR1313156.ctx"
	User time (seconds): 13.31
	System time (seconds): 3.68
	Percent of CPU this job got: 174%
	Elapsed (wall clock) time (h:mm:ss or m:ss): 0:09.74
	Average shared text size (kbytes): 0
	Average unshared data size (kbytes): 0
	Average stack size (kbytes): 0
	Average total size (kbytes): 0
	Maximum resident set size (kbytes): 873460
	Average resident set size (kbytes): 0
	Major (requiring I/O) page faults: 0
	Minor (reclaiming a frame) page faults: 844094
	Voluntary context switches: 358441
	Involuntary context switches: 4267
	Swaps: 0
	File system inputs: 0
	File system outputs: 110328
	Socket messages sent: 0
	Socket messages received: 0
	Signals delivered: 0
	Page size (bytes): 4096
	Exit status: 0
