[11 Dec 2019 22:34:23-xeV][cmd] /home/CSCScience.ca/apetkau/miniconda3/envs/bigsi_mccortex/bin/mccortex31 build --nkmers 72000000 --threads 1 --kmer 15 --mem 5G --sample SRR191463 --seq human/kmer-counts-jellyfish/15/SRR191463.kmer.gz human/bigsi/15/mccortex.SRR191463.ctx
[11 Dec 2019 22:34:23-xeV][cwd] /home/CSCScience.ca/apetkau/workspace/comp7934-project
[11 Dec 2019 22:34:23-xeV][version] mccortex=v0.0.3-610-g400c0e3 zlib=1.2.11 htslib=1.8-17-g699ed53 ASSERTS=ON hash=Lookup3 CHECKS=ON k=3..31
[11 Dec 2019 22:34:23-xeV] Saving graph to: human/bigsi/15/mccortex.SRR191463.ctx
[11 Dec 2019 22:34:23-xeV][sample] 0: SRR191463
[11 Dec 2019 22:34:23-xeV][task] human/kmer-counts-jellyfish/15/SRR191463.kmer.gz; FASTQ offset: auto-detect, threshold: off; cut homopolymers: off; remove PCR duplicates: no; colour: 0
[11 Dec 2019 22:34:23-xeV][memory] 104 bits per kmer
[11 Dec 2019 22:34:23-xeV] Note: Using less memory than requested (914MB < 5GB); allows for 73,400,320 kmers
[11 Dec 2019 22:34:23-xeV][memory] graph: 914MB
[11 Dec 2019 22:34:23-xeV][memory] total: 914MB of 62.6GB RAM
[11 Dec 2019 22:34:23-xeV] Writing 1 colour graph to human/bigsi/15/mccortex.SRR191463.ctx
[11 Dec 2019 22:34:23-xeV][hasht] Allocating table with 73,400,320 entries, using 564MB
[11 Dec 2019 22:34:23-xeV][hasht]  number of buckets: 2,097,152, bucket size: 35
[11 Dec 2019 22:34:23-xeV][graph] kmer-size: 15; colours: 1; capacity: 73,400,320
[11 Dec 2019 22:34:23-xeV][hasht] buckets: 2,097,152 [2^21]; bucket size: 35; 
[11 Dec 2019 22:34:23-xeV][hasht] memory: 564MB; filled: 0 / 73,400,320 (0.00%)
[11 Dec 2019 22:34:23-xeV][asyncio] Inputs: 1; Threads: 1
[11 Dec 2019 22:34:23-xeV][seq] Parsing sequence file human/kmer-counts-jellyfish/15/SRR191463.kmer.gz
[11 Dec 2019 22:34:24-xeV][seq] Loaded 158,739 reads and 0 reads pairs (file: human/kmer-counts-jellyfish/15/SRR191463.kmer.gz)
[11 Dec 2019 22:34:24-xeV][hasht] buckets: 2,097,152 [2^21]; bucket size: 35; 
[11 Dec 2019 22:34:24-xeV][hasht] memory: 564MB; filled: 158,739 / 73,400,320 (0.22%)
[11 Dec 2019 22:34:24-xeV][hasht]  collisions  0: 158739
[11 Dec 2019 22:34:24-xeV][task] input: human/kmer-counts-jellyfish/15/SRR191463.kmer.gz colour: 0
[11 Dec 2019 22:34:24-xeV]  SE reads: 158,739  PE reads: 0
[11 Dec 2019 22:34:24-xeV]  good reads: 158,739  bad reads: 0
[11 Dec 2019 22:34:24-xeV]  dup SE reads: 0  dup PE pairs: 0
[11 Dec 2019 22:34:24-xeV]  bases read: 2,381,085  bases loaded: 2,381,085
[11 Dec 2019 22:34:24-xeV]  num contigs: 158,739  num kmers: 158,739 novel kmers: 158,739
[11 Dec 2019 22:34:24-xeV] Dumping graph...
[11 Dec 2019 22:34:24-xeV][graphwriter] Saving file to: human/bigsi/15/mccortex.SRR191463.ctx
[11 Dec 2019 22:34:24-xeV][FileFilter] Writing graph  [1 src colour]
[11 Dec 2019 22:34:24-xeV][graphwriter] Dumped 158,739 kmers in 1 colour into: human/bigsi/15/mccortex.SRR191463.ctx (ver: 6)
[11 Dec 2019 22:34:24-xeV][memory] We made 19 allocs
[11 Dec 2019 22:34:24-xeV] Done.
[11 Dec 2019 22:34:24-xeV][time] 1.00 seconds
	Command being timed: "mccortex 15 build --nkmers 72000000 --threads 1 --kmer 15 --mem 5G --sample SRR191463 --seq human/kmer-counts-jellyfish/15/SRR191463.kmer.gz human/bigsi/15/mccortex.SRR191463.ctx"
	User time (seconds): 0.55
	System time (seconds): 0.71
	Percent of CPU this job got: 152%
	Elapsed (wall clock) time (h:mm:ss or m:ss): 0:00.83
	Average shared text size (kbytes): 0
	Average unshared data size (kbytes): 0
	Average stack size (kbytes): 0
	Average total size (kbytes): 0
	Maximum resident set size (kbytes): 652012
	Average resident set size (kbytes): 0
	Major (requiring I/O) page faults: 0
	Minor (reclaiming a frame) page faults: 245563
	Voluntary context switches: 76457
	Involuntary context switches: 3
	Swaps: 0
	File system inputs: 0
	File system outputs: 4040
	Socket messages sent: 0
	Socket messages received: 0
	Signals delivered: 0
	Page size (bytes): 4096
	Exit status: 0
