[11 Dec 2019 22:33:38-moK][cmd] /home/CSCScience.ca/apetkau/miniconda3/envs/bigsi_mccortex/bin/mccortex31 build --nkmers 72000000 --threads 1 --kmer 15 --mem 5G --sample SRR1313105 --seq human/kmer-counts-jellyfish/15/SRR1313105.kmer.gz human/bigsi/15/mccortex.SRR1313105.ctx
[11 Dec 2019 22:33:38-moK][cwd] /home/CSCScience.ca/apetkau/workspace/comp7934-project
[11 Dec 2019 22:33:38-moK][version] mccortex=v0.0.3-610-g400c0e3 zlib=1.2.11 htslib=1.8-17-g699ed53 ASSERTS=ON hash=Lookup3 CHECKS=ON k=3..31
[11 Dec 2019 22:33:38-moK] Saving graph to: human/bigsi/15/mccortex.SRR1313105.ctx
[11 Dec 2019 22:33:38-moK][sample] 0: SRR1313105
[11 Dec 2019 22:33:38-moK][task] human/kmer-counts-jellyfish/15/SRR1313105.kmer.gz; FASTQ offset: auto-detect, threshold: off; cut homopolymers: off; remove PCR duplicates: no; colour: 0
[11 Dec 2019 22:33:38-moK][memory] 104 bits per kmer
[11 Dec 2019 22:33:38-moK] Note: Using less memory than requested (914MB < 5GB); allows for 73,400,320 kmers
[11 Dec 2019 22:33:38-moK][memory] graph: 914MB
[11 Dec 2019 22:33:38-moK][memory] total: 914MB of 62.6GB RAM
[11 Dec 2019 22:33:38-moK] Writing 1 colour graph to human/bigsi/15/mccortex.SRR1313105.ctx
[11 Dec 2019 22:33:38-moK][hasht] Allocating table with 73,400,320 entries, using 564MB
[11 Dec 2019 22:33:38-moK][hasht]  number of buckets: 2,097,152, bucket size: 35
[11 Dec 2019 22:33:38-moK][graph] kmer-size: 15; colours: 1; capacity: 73,400,320
[11 Dec 2019 22:33:38-moK][hasht] buckets: 2,097,152 [2^21]; bucket size: 35; 
[11 Dec 2019 22:33:38-moK][hasht] memory: 564MB; filled: 0 / 73,400,320 (0.00%)
[11 Dec 2019 22:33:38-moK][asyncio] Inputs: 1; Threads: 1
[11 Dec 2019 22:33:38-moK][seq] Parsing sequence file human/kmer-counts-jellyfish/15/SRR1313105.kmer.gz
[11 Dec 2019 22:33:44-moK][BuildGraph] Read 5,000,000 entries (reads / read pairs)
[11 Dec 2019 22:33:45-moK][seq] Loaded 5,221,856 reads and 0 reads pairs (file: human/kmer-counts-jellyfish/15/SRR1313105.kmer.gz)
[11 Dec 2019 22:33:45-moK][hasht] buckets: 2,097,152 [2^21]; bucket size: 35; 
[11 Dec 2019 22:33:45-moK][hasht] memory: 564MB; filled: 5,221,856 / 73,400,320 (7.11%)
[11 Dec 2019 22:33:45-moK][hasht]  collisions  0: 5221856
[11 Dec 2019 22:33:45-moK][task] input: human/kmer-counts-jellyfish/15/SRR1313105.kmer.gz colour: 0
[11 Dec 2019 22:33:45-moK]  SE reads: 5,221,856  PE reads: 0
[11 Dec 2019 22:33:45-moK]  good reads: 5,221,856  bad reads: 0
[11 Dec 2019 22:33:45-moK]  dup SE reads: 0  dup PE pairs: 0
[11 Dec 2019 22:33:45-moK]  bases read: 78,327,840  bases loaded: 78,327,840
[11 Dec 2019 22:33:45-moK]  num contigs: 5,221,856  num kmers: 5,221,856 novel kmers: 5,221,856
[11 Dec 2019 22:33:45-moK] Dumping graph...
[11 Dec 2019 22:33:45-moK][graphwriter] Saving file to: human/bigsi/15/mccortex.SRR1313105.ctx
[11 Dec 2019 22:33:45-moK][FileFilter] Writing graph  [1 src colour]
[11 Dec 2019 22:33:45-moK][graphwriter] Dumped 5,221,856 kmers in 1 colour into: human/bigsi/15/mccortex.SRR1313105.ctx (ver: 6)
[11 Dec 2019 22:33:45-moK][memory] We made 19 allocs
[11 Dec 2019 22:33:45-moK] Done.
[11 Dec 2019 22:33:45-moK][time] 7.00 seconds
	Command being timed: "mccortex 15 build --nkmers 72000000 --threads 1 --kmer 15 --mem 5G --sample SRR1313105 --seq human/kmer-counts-jellyfish/15/SRR1313105.kmer.gz human/bigsi/15/mccortex.SRR1313105.ctx"
	User time (seconds): 8.84
	System time (seconds): 3.46
	Percent of CPU this job got: 172%
	Elapsed (wall clock) time (h:mm:ss or m:ss): 0:07.15
	Average shared text size (kbytes): 0
	Average unshared data size (kbytes): 0
	Average stack size (kbytes): 0
	Average total size (kbytes): 0
	Maximum resident set size (kbytes): 873540
	Average resident set size (kbytes): 0
	Major (requiring I/O) page faults: 0
	Minor (reclaiming a frame) page faults: 1070700
	Voluntary context switches: 524917
	Involuntary context switches: 211
	Swaps: 0
	File system inputs: 51632
	File system outputs: 132600
	Socket messages sent: 0
	Socket messages received: 0
	Signals delivered: 0
	Page size (bytes): 4096
	Exit status: 0
