[11 Dec 2019 22:34:37-YAQ][cmd] /home/CSCScience.ca/apetkau/miniconda3/envs/bigsi_mccortex/bin/mccortex31 build --nkmers 72000000 --threads 1 --kmer 15 --mem 5G --sample SRR191646 --seq human/kmer-counts-jellyfish/15/SRR191646.kmer.gz human/bigsi/15/mccortex.SRR191646.ctx
[11 Dec 2019 22:34:37-YAQ][cwd] /home/CSCScience.ca/apetkau/workspace/comp7934-project
[11 Dec 2019 22:34:37-YAQ][version] mccortex=v0.0.3-610-g400c0e3 zlib=1.2.11 htslib=1.8-17-g699ed53 ASSERTS=ON hash=Lookup3 CHECKS=ON k=3..31
[11 Dec 2019 22:34:37-YAQ] Saving graph to: human/bigsi/15/mccortex.SRR191646.ctx
[11 Dec 2019 22:34:37-YAQ][sample] 0: SRR191646
[11 Dec 2019 22:34:37-YAQ][task] human/kmer-counts-jellyfish/15/SRR191646.kmer.gz; FASTQ offset: auto-detect, threshold: off; cut homopolymers: off; remove PCR duplicates: no; colour: 0
[11 Dec 2019 22:34:37-YAQ][memory] 104 bits per kmer
[11 Dec 2019 22:34:37-YAQ] Note: Using less memory than requested (914MB < 5GB); allows for 73,400,320 kmers
[11 Dec 2019 22:34:37-YAQ][memory] graph: 914MB
[11 Dec 2019 22:34:37-YAQ][memory] total: 914MB of 62.6GB RAM
[11 Dec 2019 22:34:37-YAQ] Writing 1 colour graph to human/bigsi/15/mccortex.SRR191646.ctx
[11 Dec 2019 22:34:37-YAQ][hasht] Allocating table with 73,400,320 entries, using 564MB
[11 Dec 2019 22:34:37-YAQ][hasht]  number of buckets: 2,097,152, bucket size: 35
[11 Dec 2019 22:34:37-YAQ][graph] kmer-size: 15; colours: 1; capacity: 73,400,320
[11 Dec 2019 22:34:37-YAQ][hasht] buckets: 2,097,152 [2^21]; bucket size: 35; 
[11 Dec 2019 22:34:37-YAQ][hasht] memory: 564MB; filled: 0 / 73,400,320 (0.00%)
[11 Dec 2019 22:34:37-YAQ][asyncio] Inputs: 1; Threads: 1
[11 Dec 2019 22:34:37-YAQ][seq] Parsing sequence file human/kmer-counts-jellyfish/15/SRR191646.kmer.gz
[11 Dec 2019 22:34:39-YAQ][seq] Loaded 1,083,121 reads and 0 reads pairs (file: human/kmer-counts-jellyfish/15/SRR191646.kmer.gz)
[11 Dec 2019 22:34:39-YAQ][hasht] buckets: 2,097,152 [2^21]; bucket size: 35; 
[11 Dec 2019 22:34:39-YAQ][hasht] memory: 564MB; filled: 1,083,121 / 73,400,320 (1.48%)
[11 Dec 2019 22:34:39-YAQ][hasht]  collisions  0: 1083121
[11 Dec 2019 22:34:39-YAQ][task] input: human/kmer-counts-jellyfish/15/SRR191646.kmer.gz colour: 0
[11 Dec 2019 22:34:39-YAQ]  SE reads: 1,083,121  PE reads: 0
[11 Dec 2019 22:34:39-YAQ]  good reads: 1,083,121  bad reads: 0
[11 Dec 2019 22:34:39-YAQ]  dup SE reads: 0  dup PE pairs: 0
[11 Dec 2019 22:34:39-YAQ]  bases read: 16,246,815  bases loaded: 16,246,815
[11 Dec 2019 22:34:39-YAQ]  num contigs: 1,083,121  num kmers: 1,083,121 novel kmers: 1,083,121
[11 Dec 2019 22:34:39-YAQ] Dumping graph...
[11 Dec 2019 22:34:39-YAQ][graphwriter] Saving file to: human/bigsi/15/mccortex.SRR191646.ctx
[11 Dec 2019 22:34:39-YAQ][FileFilter] Writing graph  [1 src colour]
[11 Dec 2019 22:34:40-YAQ][graphwriter] Dumped 1,083,121 kmers in 1 colour into: human/bigsi/15/mccortex.SRR191646.ctx (ver: 6)
[11 Dec 2019 22:34:40-YAQ][memory] We made 19 allocs
[11 Dec 2019 22:34:40-YAQ] Done.
[11 Dec 2019 22:34:40-YAQ][time] 3.00 seconds
	Command being timed: "mccortex 15 build --nkmers 72000000 --threads 1 --kmer 15 --mem 5G --sample SRR191646 --seq human/kmer-counts-jellyfish/15/SRR191646.kmer.gz human/bigsi/15/mccortex.SRR191646.ctx"
	User time (seconds): 2.42
	System time (seconds): 1.50
	Percent of CPU this job got: 164%
	Elapsed (wall clock) time (h:mm:ss or m:ss): 0:02.38
	Average shared text size (kbytes): 0
	Average unshared data size (kbytes): 0
	Average stack size (kbytes): 0
	Average total size (kbytes): 0
	Maximum resident set size (kbytes): 873224
	Average resident set size (kbytes): 0
	Major (requiring I/O) page faults: 0
	Minor (reclaiming a frame) page faults: 524254
	Voluntary context switches: 206685
	Involuntary context switches: 6
	Swaps: 0
	File system inputs: 0
	File system outputs: 27512
	Socket messages sent: 0
	Socket messages received: 0
	Signals delivered: 0
	Page size (bytes): 4096
	Exit status: 0
