[11 Dec 2019 22:32:14-dIC][cmd] /home/CSCScience.ca/apetkau/miniconda3/envs/bigsi_mccortex/bin/mccortex31 build --nkmers 72000000 --threads 1 --kmer 15 --mem 5G --sample SRR1047817 --seq human/kmer-counts-jellyfish/15/SRR1047817.kmer.gz human/bigsi/15/mccortex.SRR1047817.ctx
[11 Dec 2019 22:32:14-dIC][cwd] /home/CSCScience.ca/apetkau/workspace/comp7934-project
[11 Dec 2019 22:32:14-dIC][version] mccortex=v0.0.3-610-g400c0e3 zlib=1.2.11 htslib=1.8-17-g699ed53 ASSERTS=ON hash=Lookup3 CHECKS=ON k=3..31
[11 Dec 2019 22:32:14-dIC] Saving graph to: human/bigsi/15/mccortex.SRR1047817.ctx
[11 Dec 2019 22:32:14-dIC][sample] 0: SRR1047817
[11 Dec 2019 22:32:14-dIC][task] human/kmer-counts-jellyfish/15/SRR1047817.kmer.gz; FASTQ offset: auto-detect, threshold: off; cut homopolymers: off; remove PCR duplicates: no; colour: 0
[11 Dec 2019 22:32:14-dIC][memory] 104 bits per kmer
[11 Dec 2019 22:32:14-dIC] Note: Using less memory than requested (914MB < 5GB); allows for 73,400,320 kmers
[11 Dec 2019 22:32:14-dIC][memory] graph: 914MB
[11 Dec 2019 22:32:14-dIC][memory] total: 914MB of 62.6GB RAM
[11 Dec 2019 22:32:14-dIC] Writing 1 colour graph to human/bigsi/15/mccortex.SRR1047817.ctx
[11 Dec 2019 22:32:14-dIC][hasht] Allocating table with 73,400,320 entries, using 564MB
[11 Dec 2019 22:32:14-dIC][hasht]  number of buckets: 2,097,152, bucket size: 35
[11 Dec 2019 22:32:14-dIC][graph] kmer-size: 15; colours: 1; capacity: 73,400,320
[11 Dec 2019 22:32:14-dIC][hasht] buckets: 2,097,152 [2^21]; bucket size: 35; 
[11 Dec 2019 22:32:14-dIC][hasht] memory: 564MB; filled: 0 / 73,400,320 (0.00%)
[11 Dec 2019 22:32:14-dIC][asyncio] Inputs: 1; Threads: 1
[11 Dec 2019 22:32:14-dIC][seq] Parsing sequence file human/kmer-counts-jellyfish/15/SRR1047817.kmer.gz
[11 Dec 2019 22:32:21-dIC][seq] Loaded 4,940,164 reads and 0 reads pairs (file: human/kmer-counts-jellyfish/15/SRR1047817.kmer.gz)
[11 Dec 2019 22:32:21-dIC][hasht] buckets: 2,097,152 [2^21]; bucket size: 35; 
[11 Dec 2019 22:32:21-dIC][hasht] memory: 564MB; filled: 4,940,164 / 73,400,320 (6.73%)
[11 Dec 2019 22:32:21-dIC][hasht]  collisions  0: 4940164
[11 Dec 2019 22:32:21-dIC][task] input: human/kmer-counts-jellyfish/15/SRR1047817.kmer.gz colour: 0
[11 Dec 2019 22:32:21-dIC]  SE reads: 4,940,164  PE reads: 0
[11 Dec 2019 22:32:21-dIC]  good reads: 4,940,164  bad reads: 0
[11 Dec 2019 22:32:21-dIC]  dup SE reads: 0  dup PE pairs: 0
[11 Dec 2019 22:32:21-dIC]  bases read: 74,102,460  bases loaded: 74,102,460
[11 Dec 2019 22:32:21-dIC]  num contigs: 4,940,164  num kmers: 4,940,164 novel kmers: 4,940,164
[11 Dec 2019 22:32:21-dIC] Dumping graph...
[11 Dec 2019 22:32:21-dIC][graphwriter] Saving file to: human/bigsi/15/mccortex.SRR1047817.ctx
[11 Dec 2019 22:32:21-dIC][FileFilter] Writing graph  [1 src colour]
[11 Dec 2019 22:32:22-dIC][graphwriter] Dumped 4,940,164 kmers in 1 colour into: human/bigsi/15/mccortex.SRR1047817.ctx (ver: 6)
[11 Dec 2019 22:32:22-dIC][memory] We made 19 allocs
[11 Dec 2019 22:32:22-dIC] Done.
[11 Dec 2019 22:32:22-dIC][time] 8.00 seconds
	Command being timed: "mccortex 15 build --nkmers 72000000 --threads 1 --kmer 15 --mem 5G --sample SRR1047817 --seq human/kmer-counts-jellyfish/15/SRR1047817.kmer.gz human/bigsi/15/mccortex.SRR1047817.ctx"
	User time (seconds): 9.67
	System time (seconds): 4.38
	Percent of CPU this job got: 169%
	Elapsed (wall clock) time (h:mm:ss or m:ss): 0:08.26
	Average shared text size (kbytes): 0
	Average unshared data size (kbytes): 0
	Average stack size (kbytes): 0
	Average total size (kbytes): 0
	Maximum resident set size (kbytes): 873584
	Average resident set size (kbytes): 0
	Major (requiring I/O) page faults: 0
	Minor (reclaiming a frame) page faults: 1020457
	Voluntary context switches: 550650
	Involuntary context switches: 34890
	Swaps: 0
	File system inputs: 0
	File system outputs: 125448
	Socket messages sent: 0
	Socket messages received: 0
	Signals delivered: 0
	Page size (bytes): 4096
	Exit status: 0
