[11 Dec 2019 22:34:32-zoG][cmd] /home/CSCScience.ca/apetkau/miniconda3/envs/bigsi_mccortex/bin/mccortex31 build --nkmers 72000000 --threads 1 --kmer 15 --mem 5G --sample SRR191563 --seq human/kmer-counts-jellyfish/15/SRR191563.kmer.gz human/bigsi/15/mccortex.SRR191563.ctx
[11 Dec 2019 22:34:32-zoG][cwd] /home/CSCScience.ca/apetkau/workspace/comp7934-project
[11 Dec 2019 22:34:32-zoG][version] mccortex=v0.0.3-610-g400c0e3 zlib=1.2.11 htslib=1.8-17-g699ed53 ASSERTS=ON hash=Lookup3 CHECKS=ON k=3..31
[11 Dec 2019 22:34:32-zoG] Saving graph to: human/bigsi/15/mccortex.SRR191563.ctx
[11 Dec 2019 22:34:32-zoG][sample] 0: SRR191563
[11 Dec 2019 22:34:32-zoG][task] human/kmer-counts-jellyfish/15/SRR191563.kmer.gz; FASTQ offset: auto-detect, threshold: off; cut homopolymers: off; remove PCR duplicates: no; colour: 0
[11 Dec 2019 22:34:32-zoG][memory] 104 bits per kmer
[11 Dec 2019 22:34:32-zoG] Note: Using less memory than requested (914MB < 5GB); allows for 73,400,320 kmers
[11 Dec 2019 22:34:32-zoG][memory] graph: 914MB
[11 Dec 2019 22:34:32-zoG][memory] total: 914MB of 62.6GB RAM
[11 Dec 2019 22:34:32-zoG] Writing 1 colour graph to human/bigsi/15/mccortex.SRR191563.ctx
[11 Dec 2019 22:34:32-zoG][hasht] Allocating table with 73,400,320 entries, using 564MB
[11 Dec 2019 22:34:32-zoG][hasht]  number of buckets: 2,097,152, bucket size: 35
[11 Dec 2019 22:34:32-zoG][graph] kmer-size: 15; colours: 1; capacity: 73,400,320
[11 Dec 2019 22:34:32-zoG][hasht] buckets: 2,097,152 [2^21]; bucket size: 35; 
[11 Dec 2019 22:34:32-zoG][hasht] memory: 564MB; filled: 0 / 73,400,320 (0.00%)
[11 Dec 2019 22:34:32-zoG][asyncio] Inputs: 1; Threads: 1
[11 Dec 2019 22:34:32-zoG][seq] Parsing sequence file human/kmer-counts-jellyfish/15/SRR191563.kmer.gz
[11 Dec 2019 22:34:33-zoG][seq] Loaded 185,352 reads and 0 reads pairs (file: human/kmer-counts-jellyfish/15/SRR191563.kmer.gz)
[11 Dec 2019 22:34:33-zoG][hasht] buckets: 2,097,152 [2^21]; bucket size: 35; 
[11 Dec 2019 22:34:33-zoG][hasht] memory: 564MB; filled: 185,352 / 73,400,320 (0.25%)
[11 Dec 2019 22:34:33-zoG][hasht]  collisions  0: 185352
[11 Dec 2019 22:34:33-zoG][task] input: human/kmer-counts-jellyfish/15/SRR191563.kmer.gz colour: 0
[11 Dec 2019 22:34:33-zoG]  SE reads: 185,352  PE reads: 0
[11 Dec 2019 22:34:33-zoG]  good reads: 185,352  bad reads: 0
[11 Dec 2019 22:34:33-zoG]  dup SE reads: 0  dup PE pairs: 0
[11 Dec 2019 22:34:33-zoG]  bases read: 2,780,280  bases loaded: 2,780,280
[11 Dec 2019 22:34:33-zoG]  num contigs: 185,352  num kmers: 185,352 novel kmers: 185,352
[11 Dec 2019 22:34:33-zoG] Dumping graph...
[11 Dec 2019 22:34:33-zoG][graphwriter] Saving file to: human/bigsi/15/mccortex.SRR191563.ctx
[11 Dec 2019 22:34:33-zoG][FileFilter] Writing graph  [1 src colour]
[11 Dec 2019 22:34:33-zoG][graphwriter] Dumped 185,352 kmers in 1 colour into: human/bigsi/15/mccortex.SRR191563.ctx (ver: 6)
[11 Dec 2019 22:34:34-zoG][memory] We made 19 allocs
[11 Dec 2019 22:34:34-zoG] Done.
[11 Dec 2019 22:34:34-zoG][time] 2.00 seconds
	Command being timed: "mccortex 15 build --nkmers 72000000 --threads 1 --kmer 15 --mem 5G --sample SRR191563 --seq human/kmer-counts-jellyfish/15/SRR191563.kmer.gz human/bigsi/15/mccortex.SRR191563.ctx"
	User time (seconds): 0.70
	System time (seconds): 0.94
	Percent of CPU this job got: 148%
	Elapsed (wall clock) time (h:mm:ss or m:ss): 0:01.10
	Average shared text size (kbytes): 0
	Average unshared data size (kbytes): 0
	Average stack size (kbytes): 0
	Average total size (kbytes): 0
	Maximum resident set size (kbytes): 695016
	Average resident set size (kbytes): 0
	Major (requiring I/O) page faults: 0
	Minor (reclaiming a frame) page faults: 258779
	Voluntary context switches: 73144
	Involuntary context switches: 3197
	Swaps: 0
	File system inputs: 1760
	File system outputs: 4720
	Socket messages sent: 0
	Socket messages received: 0
	Signals delivered: 0
	Page size (bytes): 4096
	Exit status: 0
