[11 Dec 2019 22:32:20-mUl][cmd] /home/CSCScience.ca/apetkau/miniconda3/envs/bigsi_mccortex/bin/mccortex31 build --nkmers 72000000 --threads 1 --kmer 15 --mem 5G --sample SRR1303626 --seq human/kmer-counts-jellyfish/15/SRR1303626.kmer.gz human/bigsi/15/mccortex.SRR1303626.ctx
[11 Dec 2019 22:32:20-mUl][cwd] /home/CSCScience.ca/apetkau/workspace/comp7934-project
[11 Dec 2019 22:32:20-mUl][version] mccortex=v0.0.3-610-g400c0e3 zlib=1.2.11 htslib=1.8-17-g699ed53 ASSERTS=ON hash=Lookup3 CHECKS=ON k=3..31
[11 Dec 2019 22:32:20-mUl] Saving graph to: human/bigsi/15/mccortex.SRR1303626.ctx
[11 Dec 2019 22:32:20-mUl][sample] 0: SRR1303626
[11 Dec 2019 22:32:20-mUl][task] human/kmer-counts-jellyfish/15/SRR1303626.kmer.gz; FASTQ offset: auto-detect, threshold: off; cut homopolymers: off; remove PCR duplicates: no; colour: 0
[11 Dec 2019 22:32:20-mUl][memory] 104 bits per kmer
[11 Dec 2019 22:32:20-mUl] Note: Using less memory than requested (914MB < 5GB); allows for 73,400,320 kmers
[11 Dec 2019 22:32:20-mUl][memory] graph: 914MB
[11 Dec 2019 22:32:20-mUl][memory] total: 914MB of 62.6GB RAM
[11 Dec 2019 22:32:20-mUl] Writing 1 colour graph to human/bigsi/15/mccortex.SRR1303626.ctx
[11 Dec 2019 22:32:20-mUl][hasht] Allocating table with 73,400,320 entries, using 564MB
[11 Dec 2019 22:32:20-mUl][hasht]  number of buckets: 2,097,152, bucket size: 35
[11 Dec 2019 22:32:20-mUl][graph] kmer-size: 15; colours: 1; capacity: 73,400,320
[11 Dec 2019 22:32:20-mUl][hasht] buckets: 2,097,152 [2^21]; bucket size: 35; 
[11 Dec 2019 22:32:20-mUl][hasht] memory: 564MB; filled: 0 / 73,400,320 (0.00%)
[11 Dec 2019 22:32:20-mUl][asyncio] Inputs: 1; Threads: 1
[11 Dec 2019 22:32:20-mUl][seq] Parsing sequence file human/kmer-counts-jellyfish/15/SRR1303626.kmer.gz
[11 Dec 2019 22:32:30-mUl][seq] Loaded 4,816,448 reads and 0 reads pairs (file: human/kmer-counts-jellyfish/15/SRR1303626.kmer.gz)
[11 Dec 2019 22:32:30-mUl][hasht] buckets: 2,097,152 [2^21]; bucket size: 35; 
[11 Dec 2019 22:32:30-mUl][hasht] memory: 564MB; filled: 4,816,448 / 73,400,320 (6.56%)
[11 Dec 2019 22:32:30-mUl][hasht]  collisions  0: 4816448
[11 Dec 2019 22:32:30-mUl][task] input: human/kmer-counts-jellyfish/15/SRR1303626.kmer.gz colour: 0
[11 Dec 2019 22:32:30-mUl]  SE reads: 4,816,448  PE reads: 0
[11 Dec 2019 22:32:30-mUl]  good reads: 4,816,448  bad reads: 0
[11 Dec 2019 22:32:30-mUl]  dup SE reads: 0  dup PE pairs: 0
[11 Dec 2019 22:32:30-mUl]  bases read: 72,246,720  bases loaded: 72,246,720
[11 Dec 2019 22:32:30-mUl]  num contigs: 4,816,448  num kmers: 4,816,448 novel kmers: 4,816,448
[11 Dec 2019 22:32:30-mUl] Dumping graph...
[11 Dec 2019 22:32:30-mUl][graphwriter] Saving file to: human/bigsi/15/mccortex.SRR1303626.ctx
[11 Dec 2019 22:32:30-mUl][FileFilter] Writing graph  [1 src colour]
[11 Dec 2019 22:32:30-mUl][graphwriter] Dumped 4,816,448 kmers in 1 colour into: human/bigsi/15/mccortex.SRR1303626.ctx (ver: 6)
[11 Dec 2019 22:32:30-mUl][memory] We made 19 allocs
[11 Dec 2019 22:32:30-mUl] Done.
[11 Dec 2019 22:32:30-mUl][time] 10.00 seconds
	Command being timed: "mccortex 15 build --nkmers 72000000 --threads 1 --kmer 15 --mem 5G --sample SRR1303626 --seq human/kmer-counts-jellyfish/15/SRR1303626.kmer.gz human/bigsi/15/mccortex.SRR1303626.ctx"
	User time (seconds): 11.22
	System time (seconds): 5.51
	Percent of CPU this job got: 160%
	Elapsed (wall clock) time (h:mm:ss or m:ss): 0:10.40
	Average shared text size (kbytes): 0
	Average unshared data size (kbytes): 0
	Average stack size (kbytes): 0
	Average total size (kbytes): 0
	Maximum resident set size (kbytes): 873396
	Average resident set size (kbytes): 0
	Major (requiring I/O) page faults: 0
	Minor (reclaiming a frame) page faults: 1257903
	Voluntary context switches: 526531
	Involuntary context switches: 23221
	Swaps: 0
	File system inputs: 27496
	File system outputs: 122304
	Socket messages sent: 0
	Socket messages received: 0
	Signals delivered: 0
	Page size (bytes): 4096
	Exit status: 0
