[11 Dec 2019 22:34:46-Duy][cmd] /home/CSCScience.ca/apetkau/miniconda3/envs/bigsi_mccortex/bin/mccortex31 build --nkmers 72000000 --threads 1 --kmer 15 --mem 5G --sample SRR191693 --seq human/kmer-counts-jellyfish/15/SRR191693.kmer.gz human/bigsi/15/mccortex.SRR191693.ctx
[11 Dec 2019 22:34:46-Duy][cwd] /home/CSCScience.ca/apetkau/workspace/comp7934-project
[11 Dec 2019 22:34:46-Duy][version] mccortex=v0.0.3-610-g400c0e3 zlib=1.2.11 htslib=1.8-17-g699ed53 ASSERTS=ON hash=Lookup3 CHECKS=ON k=3..31
[11 Dec 2019 22:34:46-Duy] Saving graph to: human/bigsi/15/mccortex.SRR191693.ctx
[11 Dec 2019 22:34:46-Duy][sample] 0: SRR191693
[11 Dec 2019 22:34:46-Duy][task] human/kmer-counts-jellyfish/15/SRR191693.kmer.gz; FASTQ offset: auto-detect, threshold: off; cut homopolymers: off; remove PCR duplicates: no; colour: 0
[11 Dec 2019 22:34:46-Duy][memory] 104 bits per kmer
[11 Dec 2019 22:34:46-Duy] Note: Using less memory than requested (914MB < 5GB); allows for 73,400,320 kmers
[11 Dec 2019 22:34:46-Duy][memory] graph: 914MB
[11 Dec 2019 22:34:46-Duy][memory] total: 914MB of 62.6GB RAM
[11 Dec 2019 22:34:46-Duy] Writing 1 colour graph to human/bigsi/15/mccortex.SRR191693.ctx
[11 Dec 2019 22:34:46-Duy][hasht] Allocating table with 73,400,320 entries, using 564MB
[11 Dec 2019 22:34:46-Duy][hasht]  number of buckets: 2,097,152, bucket size: 35
[11 Dec 2019 22:34:46-Duy][graph] kmer-size: 15; colours: 1; capacity: 73,400,320
[11 Dec 2019 22:34:46-Duy][hasht] buckets: 2,097,152 [2^21]; bucket size: 35; 
[11 Dec 2019 22:34:46-Duy][hasht] memory: 564MB; filled: 0 / 73,400,320 (0.00%)
[11 Dec 2019 22:34:46-Duy][asyncio] Inputs: 1; Threads: 1
[11 Dec 2019 22:34:46-Duy][seq] Parsing sequence file human/kmer-counts-jellyfish/15/SRR191693.kmer.gz
[11 Dec 2019 22:34:48-Duy][seq] Loaded 1,645,255 reads and 0 reads pairs (file: human/kmer-counts-jellyfish/15/SRR191693.kmer.gz)
[11 Dec 2019 22:34:48-Duy][hasht] buckets: 2,097,152 [2^21]; bucket size: 35; 
[11 Dec 2019 22:34:48-Duy][hasht] memory: 564MB; filled: 1,645,255 / 73,400,320 (2.24%)
[11 Dec 2019 22:34:48-Duy][hasht]  collisions  0: 1645255
[11 Dec 2019 22:34:48-Duy][task] input: human/kmer-counts-jellyfish/15/SRR191693.kmer.gz colour: 0
[11 Dec 2019 22:34:48-Duy]  SE reads: 1,645,255  PE reads: 0
[11 Dec 2019 22:34:48-Duy]  good reads: 1,645,255  bad reads: 0
[11 Dec 2019 22:34:48-Duy]  dup SE reads: 0  dup PE pairs: 0
[11 Dec 2019 22:34:48-Duy]  bases read: 24,678,825  bases loaded: 24,678,825
[11 Dec 2019 22:34:48-Duy]  num contigs: 1,645,255  num kmers: 1,645,255 novel kmers: 1,645,255
[11 Dec 2019 22:34:48-Duy] Dumping graph...
[11 Dec 2019 22:34:48-Duy][graphwriter] Saving file to: human/bigsi/15/mccortex.SRR191693.ctx
[11 Dec 2019 22:34:48-Duy][FileFilter] Writing graph  [1 src colour]
[11 Dec 2019 22:34:49-Duy][graphwriter] Dumped 1,645,255 kmers in 1 colour into: human/bigsi/15/mccortex.SRR191693.ctx (ver: 6)
[11 Dec 2019 22:34:49-Duy][memory] We made 19 allocs
[11 Dec 2019 22:34:49-Duy] Done.
[11 Dec 2019 22:34:49-Duy][time] 3.00 seconds
	Command being timed: "mccortex 15 build --nkmers 72000000 --threads 1 --kmer 15 --mem 5G --sample SRR191693 --seq human/kmer-counts-jellyfish/15/SRR191693.kmer.gz human/bigsi/15/mccortex.SRR191693.ctx"
	User time (seconds): 3.54
	System time (seconds): 1.80
	Percent of CPU this job got: 166%
	Elapsed (wall clock) time (h:mm:ss or m:ss): 0:03.21
	Average shared text size (kbytes): 0
	Average unshared data size (kbytes): 0
	Average stack size (kbytes): 0
	Average total size (kbytes): 0
	Maximum resident set size (kbytes): 873532
	Average resident set size (kbytes): 0
	Major (requiring I/O) page faults: 0
	Minor (reclaiming a frame) page faults: 635882
	Voluntary context switches: 267125
	Involuntary context switches: 14
	Swaps: 0
	File system inputs: 0
	File system outputs: 41784
	Socket messages sent: 0
	Socket messages received: 0
	Signals delivered: 0
	Page size (bytes): 4096
	Exit status: 0
