[11 Dec 2019 22:32:14-pEX][cmd] /home/CSCScience.ca/apetkau/miniconda3/envs/bigsi_mccortex/bin/mccortex31 build --nkmers 72000000 --threads 1 --kmer 15 --mem 5G --sample SRR1024141 --seq human/kmer-counts-jellyfish/15/SRR1024141.kmer.gz human/bigsi/15/mccortex.SRR1024141.ctx
[11 Dec 2019 22:32:14-pEX][cwd] /home/CSCScience.ca/apetkau/workspace/comp7934-project
[11 Dec 2019 22:32:14-pEX][version] mccortex=v0.0.3-610-g400c0e3 zlib=1.2.11 htslib=1.8-17-g699ed53 ASSERTS=ON hash=Lookup3 CHECKS=ON k=3..31
[11 Dec 2019 22:32:14-pEX] Saving graph to: human/bigsi/15/mccortex.SRR1024141.ctx
[11 Dec 2019 22:32:14-pEX][sample] 0: SRR1024141
[11 Dec 2019 22:32:14-pEX][task] human/kmer-counts-jellyfish/15/SRR1024141.kmer.gz; FASTQ offset: auto-detect, threshold: off; cut homopolymers: off; remove PCR duplicates: no; colour: 0
[11 Dec 2019 22:32:14-pEX][memory] 104 bits per kmer
[11 Dec 2019 22:32:14-pEX] Note: Using less memory than requested (914MB < 5GB); allows for 73,400,320 kmers
[11 Dec 2019 22:32:14-pEX][memory] graph: 914MB
[11 Dec 2019 22:32:14-pEX][memory] total: 914MB of 62.6GB RAM
[11 Dec 2019 22:32:14-pEX] Writing 1 colour graph to human/bigsi/15/mccortex.SRR1024141.ctx
[11 Dec 2019 22:32:14-pEX][hasht] Allocating table with 73,400,320 entries, using 564MB
[11 Dec 2019 22:32:14-pEX][hasht]  number of buckets: 2,097,152, bucket size: 35
[11 Dec 2019 22:32:14-pEX][graph] kmer-size: 15; colours: 1; capacity: 73,400,320
[11 Dec 2019 22:32:14-pEX][hasht] buckets: 2,097,152 [2^21]; bucket size: 35; 
[11 Dec 2019 22:32:14-pEX][hasht] memory: 564MB; filled: 0 / 73,400,320 (0.00%)
[11 Dec 2019 22:32:14-pEX][asyncio] Inputs: 1; Threads: 1
[11 Dec 2019 22:32:14-pEX][seq] Parsing sequence file human/kmer-counts-jellyfish/15/SRR1024141.kmer.gz
[11 Dec 2019 22:32:16-pEX][seq] Loaded 1,090,914 reads and 0 reads pairs (file: human/kmer-counts-jellyfish/15/SRR1024141.kmer.gz)
[11 Dec 2019 22:32:16-pEX][hasht] buckets: 2,097,152 [2^21]; bucket size: 35; 
[11 Dec 2019 22:32:16-pEX][hasht] memory: 564MB; filled: 1,090,914 / 73,400,320 (1.49%)
[11 Dec 2019 22:32:16-pEX][hasht]  collisions  0: 1090914
[11 Dec 2019 22:32:16-pEX][task] input: human/kmer-counts-jellyfish/15/SRR1024141.kmer.gz colour: 0
[11 Dec 2019 22:32:16-pEX]  SE reads: 1,090,914  PE reads: 0
[11 Dec 2019 22:32:16-pEX]  good reads: 1,090,914  bad reads: 0
[11 Dec 2019 22:32:16-pEX]  dup SE reads: 0  dup PE pairs: 0
[11 Dec 2019 22:32:16-pEX]  bases read: 16,363,710  bases loaded: 16,363,710
[11 Dec 2019 22:32:16-pEX]  num contigs: 1,090,914  num kmers: 1,090,914 novel kmers: 1,090,914
[11 Dec 2019 22:32:16-pEX] Dumping graph...
[11 Dec 2019 22:32:16-pEX][graphwriter] Saving file to: human/bigsi/15/mccortex.SRR1024141.ctx
[11 Dec 2019 22:32:16-pEX][FileFilter] Writing graph  [1 src colour]
[11 Dec 2019 22:32:17-pEX][graphwriter] Dumped 1,090,914 kmers in 1 colour into: human/bigsi/15/mccortex.SRR1024141.ctx (ver: 6)
[11 Dec 2019 22:32:17-pEX][memory] We made 19 allocs
[11 Dec 2019 22:32:17-pEX] Done.
[11 Dec 2019 22:32:17-pEX][time] 3.00 seconds
	Command being timed: "mccortex 15 build --nkmers 72000000 --threads 1 --kmer 15 --mem 5G --sample SRR1024141 --seq human/kmer-counts-jellyfish/15/SRR1024141.kmer.gz human/bigsi/15/mccortex.SRR1024141.ctx"
	User time (seconds): 3.05
	System time (seconds): 2.13
	Percent of CPU this job got: 161%
	Elapsed (wall clock) time (h:mm:ss or m:ss): 0:03.21
	Average shared text size (kbytes): 0
	Average unshared data size (kbytes): 0
	Average stack size (kbytes): 0
	Average total size (kbytes): 0
	Maximum resident set size (kbytes): 873444
	Average resident set size (kbytes): 0
	Major (requiring I/O) page faults: 0
	Minor (reclaiming a frame) page faults: 581526
	Voluntary context switches: 234176
	Involuntary context switches: 3596
	Swaps: 0
	File system inputs: 8
	File system outputs: 27712
	Socket messages sent: 0
	Socket messages received: 0
	Signals delivered: 0
	Page size (bytes): 4096
	Exit status: 0
