[11 Dec 2019 22:34:41-TEw][cmd] /home/CSCScience.ca/apetkau/miniconda3/envs/bigsi_mccortex/bin/mccortex31 build --nkmers 72000000 --threads 1 --kmer 15 --mem 5G --sample SRR191675 --seq human/kmer-counts-jellyfish/15/SRR191675.kmer.gz human/bigsi/15/mccortex.SRR191675.ctx
[11 Dec 2019 22:34:41-TEw][cwd] /home/CSCScience.ca/apetkau/workspace/comp7934-project
[11 Dec 2019 22:34:41-TEw][version] mccortex=v0.0.3-610-g400c0e3 zlib=1.2.11 htslib=1.8-17-g699ed53 ASSERTS=ON hash=Lookup3 CHECKS=ON k=3..31
[11 Dec 2019 22:34:41-TEw] Saving graph to: human/bigsi/15/mccortex.SRR191675.ctx
[11 Dec 2019 22:34:41-TEw][sample] 0: SRR191675
[11 Dec 2019 22:34:41-TEw][task] human/kmer-counts-jellyfish/15/SRR191675.kmer.gz; FASTQ offset: auto-detect, threshold: off; cut homopolymers: off; remove PCR duplicates: no; colour: 0
[11 Dec 2019 22:34:41-TEw][memory] 104 bits per kmer
[11 Dec 2019 22:34:41-TEw] Note: Using less memory than requested (914MB < 5GB); allows for 73,400,320 kmers
[11 Dec 2019 22:34:41-TEw][memory] graph: 914MB
[11 Dec 2019 22:34:41-TEw][memory] total: 914MB of 62.6GB RAM
[11 Dec 2019 22:34:41-TEw] Writing 1 colour graph to human/bigsi/15/mccortex.SRR191675.ctx
[11 Dec 2019 22:34:41-TEw][hasht] Allocating table with 73,400,320 entries, using 564MB
[11 Dec 2019 22:34:41-TEw][hasht]  number of buckets: 2,097,152, bucket size: 35
[11 Dec 2019 22:34:41-TEw][graph] kmer-size: 15; colours: 1; capacity: 73,400,320
[11 Dec 2019 22:34:41-TEw][hasht] buckets: 2,097,152 [2^21]; bucket size: 35; 
[11 Dec 2019 22:34:41-TEw][hasht] memory: 564MB; filled: 0 / 73,400,320 (0.00%)
[11 Dec 2019 22:34:41-TEw][asyncio] Inputs: 1; Threads: 1
[11 Dec 2019 22:34:41-TEw][seq] Parsing sequence file human/kmer-counts-jellyfish/15/SRR191675.kmer.gz
[11 Dec 2019 22:34:43-TEw][seq] Loaded 1,314,019 reads and 0 reads pairs (file: human/kmer-counts-jellyfish/15/SRR191675.kmer.gz)
[11 Dec 2019 22:34:43-TEw][hasht] buckets: 2,097,152 [2^21]; bucket size: 35; 
[11 Dec 2019 22:34:43-TEw][hasht] memory: 564MB; filled: 1,314,019 / 73,400,320 (1.79%)
[11 Dec 2019 22:34:43-TEw][hasht]  collisions  0: 1314019
[11 Dec 2019 22:34:43-TEw][task] input: human/kmer-counts-jellyfish/15/SRR191675.kmer.gz colour: 0
[11 Dec 2019 22:34:43-TEw]  SE reads: 1,314,019  PE reads: 0
[11 Dec 2019 22:34:43-TEw]  good reads: 1,314,019  bad reads: 0
[11 Dec 2019 22:34:43-TEw]  dup SE reads: 0  dup PE pairs: 0
[11 Dec 2019 22:34:43-TEw]  bases read: 19,710,285  bases loaded: 19,710,285
[11 Dec 2019 22:34:43-TEw]  num contigs: 1,314,019  num kmers: 1,314,019 novel kmers: 1,314,019
[11 Dec 2019 22:34:43-TEw] Dumping graph...
[11 Dec 2019 22:34:43-TEw][graphwriter] Saving file to: human/bigsi/15/mccortex.SRR191675.ctx
[11 Dec 2019 22:34:43-TEw][FileFilter] Writing graph  [1 src colour]
[11 Dec 2019 22:34:43-TEw][graphwriter] Dumped 1,314,019 kmers in 1 colour into: human/bigsi/15/mccortex.SRR191675.ctx (ver: 6)
[11 Dec 2019 22:34:43-TEw][memory] We made 19 allocs
[11 Dec 2019 22:34:43-TEw] Done.
[11 Dec 2019 22:34:43-TEw][time] 2.00 seconds
	Command being timed: "mccortex 15 build --nkmers 72000000 --threads 1 --kmer 15 --mem 5G --sample SRR191675 --seq human/kmer-counts-jellyfish/15/SRR191675.kmer.gz human/bigsi/15/mccortex.SRR191675.ctx"
	User time (seconds): 2.70
	System time (seconds): 1.78
	Percent of CPU this job got: 164%
	Elapsed (wall clock) time (h:mm:ss or m:ss): 0:02.72
	Average shared text size (kbytes): 0
	Average unshared data size (kbytes): 0
	Average stack size (kbytes): 0
	Average total size (kbytes): 0
	Maximum resident set size (kbytes): 873620
	Average resident set size (kbytes): 0
	Major (requiring I/O) page faults: 0
	Minor (reclaiming a frame) page faults: 587681
	Voluntary context switches: 241983
	Involuntary context switches: 7
	Swaps: 0
	File system inputs: 0
	File system outputs: 33376
	Socket messages sent: 0
	Socket messages received: 0
	Signals delivered: 0
	Page size (bytes): 4096
	Exit status: 0
