[11 Dec 2019 22:34:30-nIJ][cmd] /home/CSCScience.ca/apetkau/miniconda3/envs/bigsi_mccortex/bin/mccortex31 build --nkmers 72000000 --threads 1 --kmer 15 --mem 5G --sample SRR191527 --seq human/kmer-counts-jellyfish/15/SRR191527.kmer.gz human/bigsi/15/mccortex.SRR191527.ctx
[11 Dec 2019 22:34:30-nIJ][cwd] /home/CSCScience.ca/apetkau/workspace/comp7934-project
[11 Dec 2019 22:34:30-nIJ][version] mccortex=v0.0.3-610-g400c0e3 zlib=1.2.11 htslib=1.8-17-g699ed53 ASSERTS=ON hash=Lookup3 CHECKS=ON k=3..31
[11 Dec 2019 22:34:30-nIJ] Saving graph to: human/bigsi/15/mccortex.SRR191527.ctx
[11 Dec 2019 22:34:30-nIJ][sample] 0: SRR191527
[11 Dec 2019 22:34:30-nIJ][task] human/kmer-counts-jellyfish/15/SRR191527.kmer.gz; FASTQ offset: auto-detect, threshold: off; cut homopolymers: off; remove PCR duplicates: no; colour: 0
[11 Dec 2019 22:34:30-nIJ][memory] 104 bits per kmer
[11 Dec 2019 22:34:30-nIJ] Note: Using less memory than requested (914MB < 5GB); allows for 73,400,320 kmers
[11 Dec 2019 22:34:30-nIJ][memory] graph: 914MB
[11 Dec 2019 22:34:30-nIJ][memory] total: 914MB of 62.6GB RAM
[11 Dec 2019 22:34:30-nIJ] Writing 1 colour graph to human/bigsi/15/mccortex.SRR191527.ctx
[11 Dec 2019 22:34:30-nIJ][hasht] Allocating table with 73,400,320 entries, using 564MB
[11 Dec 2019 22:34:30-nIJ][hasht]  number of buckets: 2,097,152, bucket size: 35
[11 Dec 2019 22:34:30-nIJ][graph] kmer-size: 15; colours: 1; capacity: 73,400,320
[11 Dec 2019 22:34:30-nIJ][hasht] buckets: 2,097,152 [2^21]; bucket size: 35; 
[11 Dec 2019 22:34:30-nIJ][hasht] memory: 564MB; filled: 0 / 73,400,320 (0.00%)
[11 Dec 2019 22:34:30-nIJ][asyncio] Inputs: 1; Threads: 1
[11 Dec 2019 22:34:30-nIJ][seq] Parsing sequence file human/kmer-counts-jellyfish/15/SRR191527.kmer.gz
[11 Dec 2019 22:34:30-nIJ][seq] Loaded 75,921 reads and 0 reads pairs (file: human/kmer-counts-jellyfish/15/SRR191527.kmer.gz)
[11 Dec 2019 22:34:30-nIJ][hasht] buckets: 2,097,152 [2^21]; bucket size: 35; 
[11 Dec 2019 22:34:30-nIJ][hasht] memory: 564MB; filled: 75,921 / 73,400,320 (0.10%)
[11 Dec 2019 22:34:30-nIJ][hasht]  collisions  0: 75921
[11 Dec 2019 22:34:30-nIJ][task] input: human/kmer-counts-jellyfish/15/SRR191527.kmer.gz colour: 0
[11 Dec 2019 22:34:30-nIJ]  SE reads: 75,921  PE reads: 0
[11 Dec 2019 22:34:30-nIJ]  good reads: 75,921  bad reads: 0
[11 Dec 2019 22:34:30-nIJ]  dup SE reads: 0  dup PE pairs: 0
[11 Dec 2019 22:34:30-nIJ]  bases read: 1,138,815  bases loaded: 1,138,815
[11 Dec 2019 22:34:30-nIJ]  num contigs: 75,921  num kmers: 75,921 novel kmers: 75,921
[11 Dec 2019 22:34:30-nIJ] Dumping graph...
[11 Dec 2019 22:34:30-nIJ][graphwriter] Saving file to: human/bigsi/15/mccortex.SRR191527.ctx
[11 Dec 2019 22:34:30-nIJ][FileFilter] Writing graph  [1 src colour]
[11 Dec 2019 22:34:31-nIJ][graphwriter] Dumped 75,921 kmers in 1 colour into: human/bigsi/15/mccortex.SRR191527.ctx (ver: 6)
[11 Dec 2019 22:34:31-nIJ][memory] We made 19 allocs
[11 Dec 2019 22:34:31-nIJ] Done.
[11 Dec 2019 22:34:31-nIJ][time] 1.00 seconds
	Command being timed: "mccortex 15 build --nkmers 72000000 --threads 1 --kmer 15 --mem 5G --sample SRR191527 --seq human/kmer-counts-jellyfish/15/SRR191527.kmer.gz human/bigsi/15/mccortex.SRR191527.ctx"
	User time (seconds): 0.27
	System time (seconds): 0.54
	Percent of CPU this job got: 150%
	Elapsed (wall clock) time (h:mm:ss or m:ss): 0:00.54
	Average shared text size (kbytes): 0
	Average unshared data size (kbytes): 0
	Average stack size (kbytes): 0
	Average total size (kbytes): 0
	Maximum resident set size (kbytes): 435904
	Average resident set size (kbytes): 0
	Major (requiring I/O) page faults: 0
	Minor (reclaiming a frame) page faults: 174219
	Voluntary context switches: 48669
	Involuntary context switches: 1
	Swaps: 0
	File system inputs: 0
	File system outputs: 1936
	Socket messages sent: 0
	Socket messages received: 0
	Signals delivered: 0
	Page size (bytes): 4096
	Exit status: 0
