[11 Dec 2019 22:35:06-geN][cmd] /home/CSCScience.ca/apetkau/miniconda3/envs/bigsi_mccortex/bin/mccortex31 build --nkmers 72000000 --threads 1 --kmer 15 --mem 5G --sample SRR299111 --seq human/kmer-counts-jellyfish/15/SRR299111.kmer.gz human/bigsi/15/mccortex.SRR299111.ctx
[11 Dec 2019 22:35:06-geN][cwd] /home/CSCScience.ca/apetkau/workspace/comp7934-project
[11 Dec 2019 22:35:06-geN][version] mccortex=v0.0.3-610-g400c0e3 zlib=1.2.11 htslib=1.8-17-g699ed53 ASSERTS=ON hash=Lookup3 CHECKS=ON k=3..31
[11 Dec 2019 22:35:06-geN] Saving graph to: human/bigsi/15/mccortex.SRR299111.ctx
[11 Dec 2019 22:35:06-geN][sample] 0: SRR299111
[11 Dec 2019 22:35:06-geN][task] human/kmer-counts-jellyfish/15/SRR299111.kmer.gz; FASTQ offset: auto-detect, threshold: off; cut homopolymers: off; remove PCR duplicates: no; colour: 0
[11 Dec 2019 22:35:06-geN][memory] 104 bits per kmer
[11 Dec 2019 22:35:06-geN] Note: Using less memory than requested (914MB < 5GB); allows for 73,400,320 kmers
[11 Dec 2019 22:35:06-geN][memory] graph: 914MB
[11 Dec 2019 22:35:06-geN][memory] total: 914MB of 62.6GB RAM
[11 Dec 2019 22:35:06-geN] Writing 1 colour graph to human/bigsi/15/mccortex.SRR299111.ctx
[11 Dec 2019 22:35:06-geN][hasht] Allocating table with 73,400,320 entries, using 564MB
[11 Dec 2019 22:35:06-geN][hasht]  number of buckets: 2,097,152, bucket size: 35
[11 Dec 2019 22:35:06-geN][graph] kmer-size: 15; colours: 1; capacity: 73,400,320
[11 Dec 2019 22:35:06-geN][hasht] buckets: 2,097,152 [2^21]; bucket size: 35; 
[11 Dec 2019 22:35:06-geN][hasht] memory: 564MB; filled: 0 / 73,400,320 (0.00%)
[11 Dec 2019 22:35:06-geN][asyncio] Inputs: 1; Threads: 1
[11 Dec 2019 22:35:06-geN][seq] Parsing sequence file human/kmer-counts-jellyfish/15/SRR299111.kmer.gz
[11 Dec 2019 22:35:10-geN][seq] Loaded 1,624,915 reads and 0 reads pairs (file: human/kmer-counts-jellyfish/15/SRR299111.kmer.gz)
[11 Dec 2019 22:35:10-geN][hasht] buckets: 2,097,152 [2^21]; bucket size: 35; 
[11 Dec 2019 22:35:10-geN][hasht] memory: 564MB; filled: 1,624,915 / 73,400,320 (2.21%)
[11 Dec 2019 22:35:10-geN][hasht]  collisions  0: 1624915
[11 Dec 2019 22:35:10-geN][task] input: human/kmer-counts-jellyfish/15/SRR299111.kmer.gz colour: 0
[11 Dec 2019 22:35:10-geN]  SE reads: 1,624,915  PE reads: 0
[11 Dec 2019 22:35:10-geN]  good reads: 1,624,915  bad reads: 0
[11 Dec 2019 22:35:10-geN]  dup SE reads: 0  dup PE pairs: 0
[11 Dec 2019 22:35:10-geN]  bases read: 24,373,725  bases loaded: 24,373,725
[11 Dec 2019 22:35:10-geN]  num contigs: 1,624,915  num kmers: 1,624,915 novel kmers: 1,624,915
[11 Dec 2019 22:35:10-geN] Dumping graph...
[11 Dec 2019 22:35:10-geN][graphwriter] Saving file to: human/bigsi/15/mccortex.SRR299111.ctx
[11 Dec 2019 22:35:10-geN][FileFilter] Writing graph  [1 src colour]
[11 Dec 2019 22:35:11-geN][graphwriter] Dumped 1,624,915 kmers in 1 colour into: human/bigsi/15/mccortex.SRR299111.ctx (ver: 6)
[11 Dec 2019 22:35:11-geN][memory] We made 19 allocs
[11 Dec 2019 22:35:11-geN] Done.
[11 Dec 2019 22:35:11-geN][time] 5.00 seconds
	Command being timed: "mccortex 15 build --nkmers 72000000 --threads 1 --kmer 15 --mem 5G --sample SRR299111 --seq human/kmer-counts-jellyfish/15/SRR299111.kmer.gz human/bigsi/15/mccortex.SRR299111.ctx"
	User time (seconds): 5.22
	System time (seconds): 2.53
	Percent of CPU this job got: 165%
	Elapsed (wall clock) time (h:mm:ss or m:ss): 0:04.69
	Average shared text size (kbytes): 0
	Average unshared data size (kbytes): 0
	Average stack size (kbytes): 0
	Average total size (kbytes): 0
	Maximum resident set size (kbytes): 873452
	Average resident set size (kbytes): 0
	Major (requiring I/O) page faults: 0
	Minor (reclaiming a frame) page faults: 629224
	Voluntary context switches: 242793
	Involuntary context switches: 11
	Swaps: 0
	File system inputs: 0
	File system outputs: 41272
	Socket messages sent: 0
	Socket messages received: 0
	Signals delivered: 0
	Page size (bytes): 4096
	Exit status: 0
