[11 Dec 2019 22:32:14-wEl][cmd] /home/CSCScience.ca/apetkau/miniconda3/envs/bigsi_mccortex/bin/mccortex31 build --nkmers 72000000 --threads 1 --kmer 15 --mem 5G --sample SRR1294106 --seq human/kmer-counts-jellyfish/15/SRR1294106.kmer.gz human/bigsi/15/mccortex.SRR1294106.ctx
[11 Dec 2019 22:32:14-wEl][cwd] /home/CSCScience.ca/apetkau/workspace/comp7934-project
[11 Dec 2019 22:32:14-wEl][version] mccortex=v0.0.3-610-g400c0e3 zlib=1.2.11 htslib=1.8-17-g699ed53 ASSERTS=ON hash=Lookup3 CHECKS=ON k=3..31
[11 Dec 2019 22:32:14-wEl] Saving graph to: human/bigsi/15/mccortex.SRR1294106.ctx
[11 Dec 2019 22:32:14-wEl][sample] 0: SRR1294106
[11 Dec 2019 22:32:14-wEl][task] human/kmer-counts-jellyfish/15/SRR1294106.kmer.gz; FASTQ offset: auto-detect, threshold: off; cut homopolymers: off; remove PCR duplicates: no; colour: 0
[11 Dec 2019 22:32:14-wEl][memory] 104 bits per kmer
[11 Dec 2019 22:32:14-wEl] Note: Using less memory than requested (914MB < 5GB); allows for 73,400,320 kmers
[11 Dec 2019 22:32:14-wEl][memory] graph: 914MB
[11 Dec 2019 22:32:14-wEl][memory] total: 914MB of 62.6GB RAM
[11 Dec 2019 22:32:14-wEl] Writing 1 colour graph to human/bigsi/15/mccortex.SRR1294106.ctx
[11 Dec 2019 22:32:14-wEl][hasht] Allocating table with 73,400,320 entries, using 564MB
[11 Dec 2019 22:32:14-wEl][hasht]  number of buckets: 2,097,152, bucket size: 35
[11 Dec 2019 22:32:14-wEl][graph] kmer-size: 15; colours: 1; capacity: 73,400,320
[11 Dec 2019 22:32:14-wEl][hasht] buckets: 2,097,152 [2^21]; bucket size: 35; 
[11 Dec 2019 22:32:14-wEl][hasht] memory: 564MB; filled: 0 / 73,400,320 (0.00%)
[11 Dec 2019 22:32:14-wEl][asyncio] Inputs: 1; Threads: 1
[11 Dec 2019 22:32:14-wEl][seq] Parsing sequence file human/kmer-counts-jellyfish/15/SRR1294106.kmer.gz
[11 Dec 2019 22:32:22-wEl][BuildGraph] Read 5,000,000 entries (reads / read pairs)
[11 Dec 2019 22:32:23-wEl][seq] Loaded 5,644,752 reads and 0 reads pairs (file: human/kmer-counts-jellyfish/15/SRR1294106.kmer.gz)
[11 Dec 2019 22:32:23-wEl][hasht] buckets: 2,097,152 [2^21]; bucket size: 35; 
[11 Dec 2019 22:32:23-wEl][hasht] memory: 564MB; filled: 5,644,752 / 73,400,320 (7.69%)
[11 Dec 2019 22:32:23-wEl][hasht]  collisions  0: 5644752
[11 Dec 2019 22:32:23-wEl][task] input: human/kmer-counts-jellyfish/15/SRR1294106.kmer.gz colour: 0
[11 Dec 2019 22:32:23-wEl]  SE reads: 5,644,752  PE reads: 0
[11 Dec 2019 22:32:23-wEl]  good reads: 5,644,752  bad reads: 0
[11 Dec 2019 22:32:23-wEl]  dup SE reads: 0  dup PE pairs: 0
[11 Dec 2019 22:32:23-wEl]  bases read: 84,671,280  bases loaded: 84,671,280
[11 Dec 2019 22:32:23-wEl]  num contigs: 5,644,752  num kmers: 5,644,752 novel kmers: 5,644,752
[11 Dec 2019 22:32:23-wEl] Dumping graph...
[11 Dec 2019 22:32:23-wEl][graphwriter] Saving file to: human/bigsi/15/mccortex.SRR1294106.ctx
[11 Dec 2019 22:32:23-wEl][FileFilter] Writing graph  [1 src colour]
[11 Dec 2019 22:32:24-wEl][graphwriter] Dumped 5,644,752 kmers in 1 colour into: human/bigsi/15/mccortex.SRR1294106.ctx (ver: 6)
[11 Dec 2019 22:32:24-wEl][memory] We made 19 allocs
[11 Dec 2019 22:32:24-wEl] Done.
[11 Dec 2019 22:32:24-wEl][time] 10.00 seconds
	Command being timed: "mccortex 15 build --nkmers 72000000 --threads 1 --kmer 15 --mem 5G --sample SRR1294106 --seq human/kmer-counts-jellyfish/15/SRR1294106.kmer.gz human/bigsi/15/mccortex.SRR1294106.ctx"
	User time (seconds): 10.91
	System time (seconds): 5.33
	Percent of CPU this job got: 161%
	Elapsed (wall clock) time (h:mm:ss or m:ss): 0:10.03
	Average shared text size (kbytes): 0
	Average unshared data size (kbytes): 0
	Average stack size (kbytes): 0
	Average total size (kbytes): 0
	Maximum resident set size (kbytes): 873456
	Average resident set size (kbytes): 0
	Major (requiring I/O) page faults: 0
	Minor (reclaiming a frame) page faults: 1237817
	Voluntary context switches: 661754
	Involuntary context switches: 25240
	Swaps: 0
	File system inputs: 55912
	File system outputs: 143336
	Socket messages sent: 0
	Socket messages received: 0
	Signals delivered: 0
	Page size (bytes): 4096
	Exit status: 0
