[11 Dec 2019 22:34:35-RAq][cmd] /home/CSCScience.ca/apetkau/miniconda3/envs/bigsi_mccortex/bin/mccortex31 build --nkmers 72000000 --threads 1 --kmer 15 --mem 5G --sample SRR191621 --seq human/kmer-counts-jellyfish/15/SRR191621.kmer.gz human/bigsi/15/mccortex.SRR191621.ctx
[11 Dec 2019 22:34:35-RAq][cwd] /home/CSCScience.ca/apetkau/workspace/comp7934-project
[11 Dec 2019 22:34:35-RAq][version] mccortex=v0.0.3-610-g400c0e3 zlib=1.2.11 htslib=1.8-17-g699ed53 ASSERTS=ON hash=Lookup3 CHECKS=ON k=3..31
[11 Dec 2019 22:34:35-RAq] Saving graph to: human/bigsi/15/mccortex.SRR191621.ctx
[11 Dec 2019 22:34:35-RAq][sample] 0: SRR191621
[11 Dec 2019 22:34:35-RAq][task] human/kmer-counts-jellyfish/15/SRR191621.kmer.gz; FASTQ offset: auto-detect, threshold: off; cut homopolymers: off; remove PCR duplicates: no; colour: 0
[11 Dec 2019 22:34:35-RAq][memory] 104 bits per kmer
[11 Dec 2019 22:34:35-RAq] Note: Using less memory than requested (914MB < 5GB); allows for 73,400,320 kmers
[11 Dec 2019 22:34:35-RAq][memory] graph: 914MB
[11 Dec 2019 22:34:35-RAq][memory] total: 914MB of 62.6GB RAM
[11 Dec 2019 22:34:35-RAq] Writing 1 colour graph to human/bigsi/15/mccortex.SRR191621.ctx
[11 Dec 2019 22:34:35-RAq][hasht] Allocating table with 73,400,320 entries, using 564MB
[11 Dec 2019 22:34:35-RAq][hasht]  number of buckets: 2,097,152, bucket size: 35
[11 Dec 2019 22:34:35-RAq][graph] kmer-size: 15; colours: 1; capacity: 73,400,320
[11 Dec 2019 22:34:35-RAq][hasht] buckets: 2,097,152 [2^21]; bucket size: 35; 
[11 Dec 2019 22:34:35-RAq][hasht] memory: 564MB; filled: 0 / 73,400,320 (0.00%)
[11 Dec 2019 22:34:35-RAq][asyncio] Inputs: 1; Threads: 1
[11 Dec 2019 22:34:35-RAq][seq] Parsing sequence file human/kmer-counts-jellyfish/15/SRR191621.kmer.gz
[11 Dec 2019 22:34:36-RAq][seq] Loaded 204,761 reads and 0 reads pairs (file: human/kmer-counts-jellyfish/15/SRR191621.kmer.gz)
[11 Dec 2019 22:34:36-RAq][hasht] buckets: 2,097,152 [2^21]; bucket size: 35; 
[11 Dec 2019 22:34:36-RAq][hasht] memory: 564MB; filled: 204,761 / 73,400,320 (0.28%)
[11 Dec 2019 22:34:36-RAq][hasht]  collisions  0: 204761
[11 Dec 2019 22:34:36-RAq][task] input: human/kmer-counts-jellyfish/15/SRR191621.kmer.gz colour: 0
[11 Dec 2019 22:34:36-RAq]  SE reads: 204,761  PE reads: 0
[11 Dec 2019 22:34:36-RAq]  good reads: 204,761  bad reads: 0
[11 Dec 2019 22:34:36-RAq]  dup SE reads: 0  dup PE pairs: 0
[11 Dec 2019 22:34:36-RAq]  bases read: 3,071,415  bases loaded: 3,071,415
[11 Dec 2019 22:34:36-RAq]  num contigs: 204,761  num kmers: 204,761 novel kmers: 204,761
[11 Dec 2019 22:34:36-RAq] Dumping graph...
[11 Dec 2019 22:34:36-RAq][graphwriter] Saving file to: human/bigsi/15/mccortex.SRR191621.ctx
[11 Dec 2019 22:34:36-RAq][FileFilter] Writing graph  [1 src colour]
[11 Dec 2019 22:34:36-RAq][graphwriter] Dumped 204,761 kmers in 1 colour into: human/bigsi/15/mccortex.SRR191621.ctx (ver: 6)
[11 Dec 2019 22:34:36-RAq][memory] We made 19 allocs
[11 Dec 2019 22:34:36-RAq] Done.
[11 Dec 2019 22:34:36-RAq][time] 1.00 seconds
	Command being timed: "mccortex 15 build --nkmers 72000000 --threads 1 --kmer 15 --mem 5G --sample SRR191621 --seq human/kmer-counts-jellyfish/15/SRR191621.kmer.gz human/bigsi/15/mccortex.SRR191621.ctx"
	User time (seconds): 0.70
	System time (seconds): 0.71
	Percent of CPU this job got: 153%
	Elapsed (wall clock) time (h:mm:ss or m:ss): 0:00.92
	Average shared text size (kbytes): 0
	Average unshared data size (kbytes): 0
	Average stack size (kbytes): 0
	Average total size (kbytes): 0
	Maximum resident set size (kbytes): 719808
	Average resident set size (kbytes): 0
	Major (requiring I/O) page faults: 0
	Minor (reclaiming a frame) page faults: 266370
	Voluntary context switches: 84544
	Involuntary context switches: 2
	Swaps: 0
	File system inputs: 0
	File system outputs: 5208
	Socket messages sent: 0
	Socket messages received: 0
	Signals delivered: 0
	Page size (bytes): 4096
	Exit status: 0
