[11 Dec 2019 22:34:19-duL][cmd] /home/CSCScience.ca/apetkau/miniconda3/envs/bigsi_mccortex/bin/mccortex31 build --nkmers 72000000 --threads 1 --kmer 15 --mem 5G --sample SRR191429 --seq human/kmer-counts-jellyfish/15/SRR191429.kmer.gz human/bigsi/15/mccortex.SRR191429.ctx
[11 Dec 2019 22:34:19-duL][cwd] /home/CSCScience.ca/apetkau/workspace/comp7934-project
[11 Dec 2019 22:34:19-duL][version] mccortex=v0.0.3-610-g400c0e3 zlib=1.2.11 htslib=1.8-17-g699ed53 ASSERTS=ON hash=Lookup3 CHECKS=ON k=3..31
[11 Dec 2019 22:34:19-duL] Saving graph to: human/bigsi/15/mccortex.SRR191429.ctx
[11 Dec 2019 22:34:19-duL][sample] 0: SRR191429
[11 Dec 2019 22:34:19-duL][task] human/kmer-counts-jellyfish/15/SRR191429.kmer.gz; FASTQ offset: auto-detect, threshold: off; cut homopolymers: off; remove PCR duplicates: no; colour: 0
[11 Dec 2019 22:34:19-duL][memory] 104 bits per kmer
[11 Dec 2019 22:34:19-duL] Note: Using less memory than requested (914MB < 5GB); allows for 73,400,320 kmers
[11 Dec 2019 22:34:19-duL][memory] graph: 914MB
[11 Dec 2019 22:34:19-duL][memory] total: 914MB of 62.6GB RAM
[11 Dec 2019 22:34:19-duL] Writing 1 colour graph to human/bigsi/15/mccortex.SRR191429.ctx
[11 Dec 2019 22:34:19-duL][hasht] Allocating table with 73,400,320 entries, using 564MB
[11 Dec 2019 22:34:19-duL][hasht]  number of buckets: 2,097,152, bucket size: 35
[11 Dec 2019 22:34:19-duL][graph] kmer-size: 15; colours: 1; capacity: 73,400,320
[11 Dec 2019 22:34:19-duL][hasht] buckets: 2,097,152 [2^21]; bucket size: 35; 
[11 Dec 2019 22:34:19-duL][hasht] memory: 564MB; filled: 0 / 73,400,320 (0.00%)
[11 Dec 2019 22:34:19-duL][asyncio] Inputs: 1; Threads: 1
[11 Dec 2019 22:34:19-duL][seq] Parsing sequence file human/kmer-counts-jellyfish/15/SRR191429.kmer.gz
[11 Dec 2019 22:34:20-duL][seq] Loaded 178,636 reads and 0 reads pairs (file: human/kmer-counts-jellyfish/15/SRR191429.kmer.gz)
[11 Dec 2019 22:34:20-duL][hasht] buckets: 2,097,152 [2^21]; bucket size: 35; 
[11 Dec 2019 22:34:20-duL][hasht] memory: 564MB; filled: 178,636 / 73,400,320 (0.24%)
[11 Dec 2019 22:34:20-duL][hasht]  collisions  0: 178636
[11 Dec 2019 22:34:20-duL][task] input: human/kmer-counts-jellyfish/15/SRR191429.kmer.gz colour: 0
[11 Dec 2019 22:34:20-duL]  SE reads: 178,636  PE reads: 0
[11 Dec 2019 22:34:20-duL]  good reads: 178,636  bad reads: 0
[11 Dec 2019 22:34:20-duL]  dup SE reads: 0  dup PE pairs: 0
[11 Dec 2019 22:34:20-duL]  bases read: 2,679,540  bases loaded: 2,679,540
[11 Dec 2019 22:34:20-duL]  num contigs: 178,636  num kmers: 178,636 novel kmers: 178,636
[11 Dec 2019 22:34:20-duL] Dumping graph...
[11 Dec 2019 22:34:20-duL][graphwriter] Saving file to: human/bigsi/15/mccortex.SRR191429.ctx
[11 Dec 2019 22:34:20-duL][FileFilter] Writing graph  [1 src colour]
[11 Dec 2019 22:34:20-duL][graphwriter] Dumped 178,636 kmers in 1 colour into: human/bigsi/15/mccortex.SRR191429.ctx (ver: 6)
[11 Dec 2019 22:34:20-duL][memory] We made 19 allocs
[11 Dec 2019 22:34:20-duL] Done.
[11 Dec 2019 22:34:20-duL][time] 1.00 seconds
	Command being timed: "mccortex 15 build --nkmers 72000000 --threads 1 --kmer 15 --mem 5G --sample SRR191429 --seq human/kmer-counts-jellyfish/15/SRR191429.kmer.gz human/bigsi/15/mccortex.SRR191429.ctx"
	User time (seconds): 0.63
	System time (seconds): 0.74
	Percent of CPU this job got: 154%
	Elapsed (wall clock) time (h:mm:ss or m:ss): 0:00.89
	Average shared text size (kbytes): 0
	Average unshared data size (kbytes): 0
	Average stack size (kbytes): 0
	Average total size (kbytes): 0
	Maximum resident set size (kbytes): 684336
	Average resident set size (kbytes): 0
	Major (requiring I/O) page faults: 0
	Minor (reclaiming a frame) page faults: 255609
	Voluntary context switches: 78081
	Involuntary context switches: 11
	Swaps: 0
	File system inputs: 1688
	File system outputs: 4544
	Socket messages sent: 0
	Socket messages received: 0
	Signals delivered: 0
	Page size (bytes): 4096
	Exit status: 0
