[11 Dec 2019 22:34:01-cop][cmd] /home/CSCScience.ca/apetkau/miniconda3/envs/bigsi_mccortex/bin/mccortex31 build --nkmers 72000000 --threads 1 --kmer 15 --mem 5G --sample SRR1313228 --seq human/kmer-counts-jellyfish/15/SRR1313228.kmer.gz human/bigsi/15/mccortex.SRR1313228.ctx
[11 Dec 2019 22:34:01-cop][cwd] /home/CSCScience.ca/apetkau/workspace/comp7934-project
[11 Dec 2019 22:34:01-cop][version] mccortex=v0.0.3-610-g400c0e3 zlib=1.2.11 htslib=1.8-17-g699ed53 ASSERTS=ON hash=Lookup3 CHECKS=ON k=3..31
[11 Dec 2019 22:34:01-cop] Saving graph to: human/bigsi/15/mccortex.SRR1313228.ctx
[11 Dec 2019 22:34:01-cop][sample] 0: SRR1313228
[11 Dec 2019 22:34:01-cop][task] human/kmer-counts-jellyfish/15/SRR1313228.kmer.gz; FASTQ offset: auto-detect, threshold: off; cut homopolymers: off; remove PCR duplicates: no; colour: 0
[11 Dec 2019 22:34:01-cop][memory] 104 bits per kmer
[11 Dec 2019 22:34:01-cop] Note: Using less memory than requested (914MB < 5GB); allows for 73,400,320 kmers
[11 Dec 2019 22:34:01-cop][memory] graph: 914MB
[11 Dec 2019 22:34:01-cop][memory] total: 914MB of 62.6GB RAM
[11 Dec 2019 22:34:01-cop] Writing 1 colour graph to human/bigsi/15/mccortex.SRR1313228.ctx
[11 Dec 2019 22:34:01-cop][hasht] Allocating table with 73,400,320 entries, using 564MB
[11 Dec 2019 22:34:01-cop][hasht]  number of buckets: 2,097,152, bucket size: 35
[11 Dec 2019 22:34:01-cop][graph] kmer-size: 15; colours: 1; capacity: 73,400,320
[11 Dec 2019 22:34:01-cop][hasht] buckets: 2,097,152 [2^21]; bucket size: 35; 
[11 Dec 2019 22:34:01-cop][hasht] memory: 564MB; filled: 0 / 73,400,320 (0.00%)
[11 Dec 2019 22:34:01-cop][asyncio] Inputs: 1; Threads: 1
[11 Dec 2019 22:34:01-cop][seq] Parsing sequence file human/kmer-counts-jellyfish/15/SRR1313228.kmer.gz
[11 Dec 2019 22:34:08-cop][seq] Loaded 4,893,525 reads and 0 reads pairs (file: human/kmer-counts-jellyfish/15/SRR1313228.kmer.gz)
[11 Dec 2019 22:34:08-cop][hasht] buckets: 2,097,152 [2^21]; bucket size: 35; 
[11 Dec 2019 22:34:08-cop][hasht] memory: 564MB; filled: 4,893,525 / 73,400,320 (6.67%)
[11 Dec 2019 22:34:08-cop][hasht]  collisions  0: 4893525
[11 Dec 2019 22:34:08-cop][task] input: human/kmer-counts-jellyfish/15/SRR1313228.kmer.gz colour: 0
[11 Dec 2019 22:34:08-cop]  SE reads: 4,893,525  PE reads: 0
[11 Dec 2019 22:34:08-cop]  good reads: 4,893,525  bad reads: 0
[11 Dec 2019 22:34:08-cop]  dup SE reads: 0  dup PE pairs: 0
[11 Dec 2019 22:34:08-cop]  bases read: 73,402,875  bases loaded: 73,402,875
[11 Dec 2019 22:34:08-cop]  num contigs: 4,893,525  num kmers: 4,893,525 novel kmers: 4,893,525
[11 Dec 2019 22:34:08-cop] Dumping graph...
[11 Dec 2019 22:34:08-cop][graphwriter] Saving file to: human/bigsi/15/mccortex.SRR1313228.ctx
[11 Dec 2019 22:34:08-cop][FileFilter] Writing graph  [1 src colour]
[11 Dec 2019 22:34:08-cop][graphwriter] Dumped 4,893,525 kmers in 1 colour into: human/bigsi/15/mccortex.SRR1313228.ctx (ver: 6)
[11 Dec 2019 22:34:08-cop][memory] We made 19 allocs
[11 Dec 2019 22:34:08-cop] Done.
[11 Dec 2019 22:34:08-cop][time] 7.00 seconds
	Command being timed: "mccortex 15 build --nkmers 72000000 --threads 1 --kmer 15 --mem 5G --sample SRR1313228 --seq human/kmer-counts-jellyfish/15/SRR1313228.kmer.gz human/bigsi/15/mccortex.SRR1313228.ctx"
	User time (seconds): 8.71
	System time (seconds): 3.49
	Percent of CPU this job got: 173%
	Elapsed (wall clock) time (h:mm:ss or m:ss): 0:07.05
	Average shared text size (kbytes): 0
	Average unshared data size (kbytes): 0
	Average stack size (kbytes): 0
	Average total size (kbytes): 0
	Maximum resident set size (kbytes): 873512
	Average resident set size (kbytes): 0
	Major (requiring I/O) page faults: 0
	Minor (reclaiming a frame) page faults: 1069786
	Voluntary context switches: 513005
	Involuntary context switches: 7360
	Swaps: 0
	File system inputs: 8
	File system outputs: 124264
	Socket messages sent: 0
	Socket messages received: 0
	Signals delivered: 0
	Page size (bytes): 4096
	Exit status: 0
