[11 Dec 2019 22:35:17-boL][cmd] /home/CSCScience.ca/apetkau/miniconda3/envs/bigsi_mccortex/bin/mccortex31 build --nkmers 72000000 --threads 1 --kmer 15 --mem 5G --sample SRR518951 --seq human/kmer-counts-jellyfish/15/SRR518951.kmer.gz human/bigsi/15/mccortex.SRR518951.ctx
[11 Dec 2019 22:35:17-boL][cwd] /home/CSCScience.ca/apetkau/workspace/comp7934-project
[11 Dec 2019 22:35:17-boL][version] mccortex=v0.0.3-610-g400c0e3 zlib=1.2.11 htslib=1.8-17-g699ed53 ASSERTS=ON hash=Lookup3 CHECKS=ON k=3..31
[11 Dec 2019 22:35:17-boL] Saving graph to: human/bigsi/15/mccortex.SRR518951.ctx
[11 Dec 2019 22:35:17-boL][sample] 0: SRR518951
[11 Dec 2019 22:35:17-boL][task] human/kmer-counts-jellyfish/15/SRR518951.kmer.gz; FASTQ offset: auto-detect, threshold: off; cut homopolymers: off; remove PCR duplicates: no; colour: 0
[11 Dec 2019 22:35:17-boL][memory] 104 bits per kmer
[11 Dec 2019 22:35:17-boL] Note: Using less memory than requested (914MB < 5GB); allows for 73,400,320 kmers
[11 Dec 2019 22:35:17-boL][memory] graph: 914MB
[11 Dec 2019 22:35:17-boL][memory] total: 914MB of 62.6GB RAM
[11 Dec 2019 22:35:17-boL] Writing 1 colour graph to human/bigsi/15/mccortex.SRR518951.ctx
[11 Dec 2019 22:35:17-boL][hasht] Allocating table with 73,400,320 entries, using 564MB
[11 Dec 2019 22:35:17-boL][hasht]  number of buckets: 2,097,152, bucket size: 35
[11 Dec 2019 22:35:17-boL][graph] kmer-size: 15; colours: 1; capacity: 73,400,320
[11 Dec 2019 22:35:17-boL][hasht] buckets: 2,097,152 [2^21]; bucket size: 35; 
[11 Dec 2019 22:35:17-boL][hasht] memory: 564MB; filled: 0 / 73,400,320 (0.00%)
[11 Dec 2019 22:35:17-boL][asyncio] Inputs: 1; Threads: 1
[11 Dec 2019 22:35:17-boL][seq] Parsing sequence file human/kmer-counts-jellyfish/15/SRR518951.kmer.gz
[11 Dec 2019 22:35:19-boL][seq] Loaded 407,223 reads and 0 reads pairs (file: human/kmer-counts-jellyfish/15/SRR518951.kmer.gz)
[11 Dec 2019 22:35:19-boL][hasht] buckets: 2,097,152 [2^21]; bucket size: 35; 
[11 Dec 2019 22:35:19-boL][hasht] memory: 564MB; filled: 407,223 / 73,400,320 (0.55%)
[11 Dec 2019 22:35:19-boL][hasht]  collisions  0: 407223
[11 Dec 2019 22:35:19-boL][task] input: human/kmer-counts-jellyfish/15/SRR518951.kmer.gz colour: 0
[11 Dec 2019 22:35:19-boL]  SE reads: 407,223  PE reads: 0
[11 Dec 2019 22:35:19-boL]  good reads: 407,223  bad reads: 0
[11 Dec 2019 22:35:19-boL]  dup SE reads: 0  dup PE pairs: 0
[11 Dec 2019 22:35:19-boL]  bases read: 6,108,345  bases loaded: 6,108,345
[11 Dec 2019 22:35:19-boL]  num contigs: 407,223  num kmers: 407,223 novel kmers: 407,223
[11 Dec 2019 22:35:19-boL] Dumping graph...
[11 Dec 2019 22:35:19-boL][graphwriter] Saving file to: human/bigsi/15/mccortex.SRR518951.ctx
[11 Dec 2019 22:35:19-boL][FileFilter] Writing graph  [1 src colour]
[11 Dec 2019 22:35:19-boL][graphwriter] Dumped 407,223 kmers in 1 colour into: human/bigsi/15/mccortex.SRR518951.ctx (ver: 6)
[11 Dec 2019 22:35:19-boL][memory] We made 19 allocs
[11 Dec 2019 22:35:19-boL] Done.
[11 Dec 2019 22:35:19-boL][time] 2.00 seconds
	Command being timed: "mccortex 15 build --nkmers 72000000 --threads 1 --kmer 15 --mem 5G --sample SRR518951 --seq human/kmer-counts-jellyfish/15/SRR518951.kmer.gz human/bigsi/15/mccortex.SRR518951.ctx"
	User time (seconds): 1.15
	System time (seconds): 1.19
	Percent of CPU this job got: 147%
	Elapsed (wall clock) time (h:mm:ss or m:ss): 0:01.58
	Average shared text size (kbytes): 0
	Average unshared data size (kbytes): 0
	Average stack size (kbytes): 0
	Average total size (kbytes): 0
	Maximum resident set size (kbytes): 838988
	Average resident set size (kbytes): 0
	Major (requiring I/O) page faults: 0
	Minor (reclaiming a frame) page faults: 362144
	Voluntary context switches: 126536
	Involuntary context switches: 5485
	Swaps: 0
	File system inputs: 0
	File system outputs: 10352
	Socket messages sent: 0
	Socket messages received: 0
	Signals delivered: 0
	Page size (bytes): 4096
	Exit status: 0
