[11 Dec 2019 22:35:07-xID][cmd] /home/CSCScience.ca/apetkau/miniconda3/envs/bigsi_mccortex/bin/mccortex31 build --nkmers 72000000 --threads 1 --kmer 15 --mem 5G --sample SRR306849 --seq human/kmer-counts-jellyfish/15/SRR306849.kmer.gz human/bigsi/15/mccortex.SRR306849.ctx
[11 Dec 2019 22:35:07-xID][cwd] /home/CSCScience.ca/apetkau/workspace/comp7934-project
[11 Dec 2019 22:35:07-xID][version] mccortex=v0.0.3-610-g400c0e3 zlib=1.2.11 htslib=1.8-17-g699ed53 ASSERTS=ON hash=Lookup3 CHECKS=ON k=3..31
[11 Dec 2019 22:35:07-xID] Saving graph to: human/bigsi/15/mccortex.SRR306849.ctx
[11 Dec 2019 22:35:07-xID][sample] 0: SRR306849
[11 Dec 2019 22:35:07-xID][task] human/kmer-counts-jellyfish/15/SRR306849.kmer.gz; FASTQ offset: auto-detect, threshold: off; cut homopolymers: off; remove PCR duplicates: no; colour: 0
[11 Dec 2019 22:35:07-xID][memory] 104 bits per kmer
[11 Dec 2019 22:35:07-xID] Note: Using less memory than requested (914MB < 5GB); allows for 73,400,320 kmers
[11 Dec 2019 22:35:07-xID][memory] graph: 914MB
[11 Dec 2019 22:35:07-xID][memory] total: 914MB of 62.6GB RAM
[11 Dec 2019 22:35:07-xID] Writing 1 colour graph to human/bigsi/15/mccortex.SRR306849.ctx
[11 Dec 2019 22:35:07-xID][hasht] Allocating table with 73,400,320 entries, using 564MB
[11 Dec 2019 22:35:07-xID][hasht]  number of buckets: 2,097,152, bucket size: 35
[11 Dec 2019 22:35:07-xID][graph] kmer-size: 15; colours: 1; capacity: 73,400,320
[11 Dec 2019 22:35:07-xID][hasht] buckets: 2,097,152 [2^21]; bucket size: 35; 
[11 Dec 2019 22:35:07-xID][hasht] memory: 564MB; filled: 0 / 73,400,320 (0.00%)
[11 Dec 2019 22:35:07-xID][asyncio] Inputs: 1; Threads: 1
[11 Dec 2019 22:35:07-xID][seq] Parsing sequence file human/kmer-counts-jellyfish/15/SRR306849.kmer.gz
[11 Dec 2019 22:35:17-xID][seq] Loaded 3,945,769 reads and 0 reads pairs (file: human/kmer-counts-jellyfish/15/SRR306849.kmer.gz)
[11 Dec 2019 22:35:17-xID][hasht] buckets: 2,097,152 [2^21]; bucket size: 35; 
[11 Dec 2019 22:35:17-xID][hasht] memory: 564MB; filled: 3,945,769 / 73,400,320 (5.38%)
[11 Dec 2019 22:35:17-xID][hasht]  collisions  0: 3945769
[11 Dec 2019 22:35:17-xID][task] input: human/kmer-counts-jellyfish/15/SRR306849.kmer.gz colour: 0
[11 Dec 2019 22:35:17-xID]  SE reads: 3,945,769  PE reads: 0
[11 Dec 2019 22:35:17-xID]  good reads: 3,945,769  bad reads: 0
[11 Dec 2019 22:35:17-xID]  dup SE reads: 0  dup PE pairs: 0
[11 Dec 2019 22:35:17-xID]  bases read: 59,186,535  bases loaded: 59,186,535
[11 Dec 2019 22:35:17-xID]  num contigs: 3,945,769  num kmers: 3,945,769 novel kmers: 3,945,769
[11 Dec 2019 22:35:17-xID] Dumping graph...
[11 Dec 2019 22:35:17-xID][graphwriter] Saving file to: human/bigsi/15/mccortex.SRR306849.ctx
[11 Dec 2019 22:35:17-xID][FileFilter] Writing graph  [1 src colour]
[11 Dec 2019 22:35:17-xID][graphwriter] Dumped 3,945,769 kmers in 1 colour into: human/bigsi/15/mccortex.SRR306849.ctx (ver: 6)
[11 Dec 2019 22:35:18-xID][memory] We made 19 allocs
[11 Dec 2019 22:35:18-xID] Done.
[11 Dec 2019 22:35:18-xID][time] 11.00 seconds
	Command being timed: "mccortex 15 build --nkmers 72000000 --threads 1 --kmer 15 --mem 5G --sample SRR306849 --seq human/kmer-counts-jellyfish/15/SRR306849.kmer.gz human/bigsi/15/mccortex.SRR306849.ctx"
	User time (seconds): 12.57
	System time (seconds): 4.68
	Percent of CPU this job got: 170%
	Elapsed (wall clock) time (h:mm:ss or m:ss): 0:10.11
	Average shared text size (kbytes): 0
	Average unshared data size (kbytes): 0
	Average stack size (kbytes): 0
	Average total size (kbytes): 0
	Maximum resident set size (kbytes): 873496
	Average resident set size (kbytes): 0
	Major (requiring I/O) page faults: 0
	Minor (reclaiming a frame) page faults: 939511
	Voluntary context switches: 439426
	Involuntary context switches: 6854
	Swaps: 0
	File system inputs: 8
	File system outputs: 100200
	Socket messages sent: 0
	Socket messages received: 0
	Signals delivered: 0
	Page size (bytes): 4096
	Exit status: 0
