[11 Dec 2019 22:33:40-JUg][cmd] /home/CSCScience.ca/apetkau/miniconda3/envs/bigsi_mccortex/bin/mccortex31 build --nkmers 72000000 --threads 1 --kmer 15 --mem 5G --sample SRR1313120 --seq human/kmer-counts-jellyfish/15/SRR1313120.kmer.gz human/bigsi/15/mccortex.SRR1313120.ctx
[11 Dec 2019 22:33:40-JUg][cwd] /home/CSCScience.ca/apetkau/workspace/comp7934-project
[11 Dec 2019 22:33:40-JUg][version] mccortex=v0.0.3-610-g400c0e3 zlib=1.2.11 htslib=1.8-17-g699ed53 ASSERTS=ON hash=Lookup3 CHECKS=ON k=3..31
[11 Dec 2019 22:33:40-JUg] Saving graph to: human/bigsi/15/mccortex.SRR1313120.ctx
[11 Dec 2019 22:33:40-JUg][sample] 0: SRR1313120
[11 Dec 2019 22:33:40-JUg][task] human/kmer-counts-jellyfish/15/SRR1313120.kmer.gz; FASTQ offset: auto-detect, threshold: off; cut homopolymers: off; remove PCR duplicates: no; colour: 0
[11 Dec 2019 22:33:40-JUg][memory] 104 bits per kmer
[11 Dec 2019 22:33:40-JUg] Note: Using less memory than requested (914MB < 5GB); allows for 73,400,320 kmers
[11 Dec 2019 22:33:40-JUg][memory] graph: 914MB
[11 Dec 2019 22:33:40-JUg][memory] total: 914MB of 62.6GB RAM
[11 Dec 2019 22:33:40-JUg] Writing 1 colour graph to human/bigsi/15/mccortex.SRR1313120.ctx
[11 Dec 2019 22:33:40-JUg][hasht] Allocating table with 73,400,320 entries, using 564MB
[11 Dec 2019 22:33:40-JUg][hasht]  number of buckets: 2,097,152, bucket size: 35
[11 Dec 2019 22:33:40-JUg][graph] kmer-size: 15; colours: 1; capacity: 73,400,320
[11 Dec 2019 22:33:40-JUg][hasht] buckets: 2,097,152 [2^21]; bucket size: 35; 
[11 Dec 2019 22:33:40-JUg][hasht] memory: 564MB; filled: 0 / 73,400,320 (0.00%)
[11 Dec 2019 22:33:40-JUg][asyncio] Inputs: 1; Threads: 1
[11 Dec 2019 22:33:40-JUg][seq] Parsing sequence file human/kmer-counts-jellyfish/15/SRR1313120.kmer.gz
[11 Dec 2019 22:33:47-JUg][BuildGraph] Read 5,000,000 entries (reads / read pairs)
[11 Dec 2019 22:33:47-JUg][seq] Loaded 5,100,181 reads and 0 reads pairs (file: human/kmer-counts-jellyfish/15/SRR1313120.kmer.gz)
[11 Dec 2019 22:33:47-JUg][hasht] buckets: 2,097,152 [2^21]; bucket size: 35; 
[11 Dec 2019 22:33:47-JUg][hasht] memory: 564MB; filled: 5,100,181 / 73,400,320 (6.95%)
[11 Dec 2019 22:33:47-JUg][hasht]  collisions  0: 5100181
[11 Dec 2019 22:33:47-JUg][task] input: human/kmer-counts-jellyfish/15/SRR1313120.kmer.gz colour: 0
[11 Dec 2019 22:33:47-JUg]  SE reads: 5,100,181  PE reads: 0
[11 Dec 2019 22:33:47-JUg]  good reads: 5,100,181  bad reads: 0
[11 Dec 2019 22:33:47-JUg]  dup SE reads: 0  dup PE pairs: 0
[11 Dec 2019 22:33:47-JUg]  bases read: 76,502,715  bases loaded: 76,502,715
[11 Dec 2019 22:33:47-JUg]  num contigs: 5,100,181  num kmers: 5,100,181 novel kmers: 5,100,181
[11 Dec 2019 22:33:47-JUg] Dumping graph...
[11 Dec 2019 22:33:47-JUg][graphwriter] Saving file to: human/bigsi/15/mccortex.SRR1313120.ctx
[11 Dec 2019 22:33:47-JUg][FileFilter] Writing graph  [1 src colour]
[11 Dec 2019 22:33:48-JUg][graphwriter] Dumped 5,100,181 kmers in 1 colour into: human/bigsi/15/mccortex.SRR1313120.ctx (ver: 6)
[11 Dec 2019 22:33:48-JUg][memory] We made 19 allocs
[11 Dec 2019 22:33:48-JUg] Done.
[11 Dec 2019 22:33:48-JUg][time] 8.00 seconds
	Command being timed: "mccortex 15 build --nkmers 72000000 --threads 1 --kmer 15 --mem 5G --sample SRR1313120 --seq human/kmer-counts-jellyfish/15/SRR1313120.kmer.gz human/bigsi/15/mccortex.SRR1313120.ctx"
	User time (seconds): 8.91
	System time (seconds): 3.79
	Percent of CPU this job got: 172%
	Elapsed (wall clock) time (h:mm:ss or m:ss): 0:07.37
	Average shared text size (kbytes): 0
	Average unshared data size (kbytes): 0
	Average stack size (kbytes): 0
	Average total size (kbytes): 0
	Maximum resident set size (kbytes): 873452
	Average resident set size (kbytes): 0
	Major (requiring I/O) page faults: 0
	Minor (reclaiming a frame) page faults: 1136093
	Voluntary context switches: 545987
	Involuntary context switches: 213
	Swaps: 0
	File system inputs: 50416
	File system outputs: 129512
	Socket messages sent: 0
	Socket messages received: 0
	Signals delivered: 0
	Page size (bytes): 4096
	Exit status: 0
