[11 Dec 2019 22:32:14-LaK][cmd] /home/CSCScience.ca/apetkau/miniconda3/envs/bigsi_mccortex/bin/mccortex31 build --nkmers 72000000 --threads 1 --kmer 15 --mem 5G --sample SRR1033463 --seq human/kmer-counts-jellyfish/15/SRR1033463.kmer.gz human/bigsi/15/mccortex.SRR1033463.ctx
[11 Dec 2019 22:32:14-LaK][cwd] /home/CSCScience.ca/apetkau/workspace/comp7934-project
[11 Dec 2019 22:32:14-LaK][version] mccortex=v0.0.3-610-g400c0e3 zlib=1.2.11 htslib=1.8-17-g699ed53 ASSERTS=ON hash=Lookup3 CHECKS=ON k=3..31
[11 Dec 2019 22:32:14-LaK] Saving graph to: human/bigsi/15/mccortex.SRR1033463.ctx
[11 Dec 2019 22:32:14-LaK][sample] 0: SRR1033463
[11 Dec 2019 22:32:14-LaK][task] human/kmer-counts-jellyfish/15/SRR1033463.kmer.gz; FASTQ offset: auto-detect, threshold: off; cut homopolymers: off; remove PCR duplicates: no; colour: 0
[11 Dec 2019 22:32:14-LaK][memory] 104 bits per kmer
[11 Dec 2019 22:32:14-LaK] Note: Using less memory than requested (914MB < 5GB); allows for 73,400,320 kmers
[11 Dec 2019 22:32:14-LaK][memory] graph: 914MB
[11 Dec 2019 22:32:14-LaK][memory] total: 914MB of 62.6GB RAM
[11 Dec 2019 22:32:14-LaK] Writing 1 colour graph to human/bigsi/15/mccortex.SRR1033463.ctx
[11 Dec 2019 22:32:14-LaK][hasht] Allocating table with 73,400,320 entries, using 564MB
[11 Dec 2019 22:32:14-LaK][hasht]  number of buckets: 2,097,152, bucket size: 35
[11 Dec 2019 22:32:14-LaK][graph] kmer-size: 15; colours: 1; capacity: 73,400,320
[11 Dec 2019 22:32:14-LaK][hasht] buckets: 2,097,152 [2^21]; bucket size: 35; 
[11 Dec 2019 22:32:14-LaK][hasht] memory: 564MB; filled: 0 / 73,400,320 (0.00%)
[11 Dec 2019 22:32:14-LaK][asyncio] Inputs: 1; Threads: 1
[11 Dec 2019 22:32:14-LaK][seq] Parsing sequence file human/kmer-counts-jellyfish/15/SRR1033463.kmer.gz
[11 Dec 2019 22:32:22-LaK][BuildGraph] Read 5,000,000 entries (reads / read pairs)
[11 Dec 2019 22:32:24-LaK][seq] Loaded 6,950,656 reads and 0 reads pairs (file: human/kmer-counts-jellyfish/15/SRR1033463.kmer.gz)
[11 Dec 2019 22:32:24-LaK][hasht] buckets: 2,097,152 [2^21]; bucket size: 35; 
[11 Dec 2019 22:32:24-LaK][hasht] memory: 564MB; filled: 6,950,656 / 73,400,320 (9.47%)
[11 Dec 2019 22:32:24-LaK][hasht]  collisions  0: 6950656
[11 Dec 2019 22:32:24-LaK][task] input: human/kmer-counts-jellyfish/15/SRR1033463.kmer.gz colour: 0
[11 Dec 2019 22:32:24-LaK]  SE reads: 6,950,656  PE reads: 0
[11 Dec 2019 22:32:24-LaK]  good reads: 6,950,656  bad reads: 0
[11 Dec 2019 22:32:24-LaK]  dup SE reads: 0  dup PE pairs: 0
[11 Dec 2019 22:32:24-LaK]  bases read: 104,259,840  bases loaded: 104,259,840
[11 Dec 2019 22:32:24-LaK]  num contigs: 6,950,656  num kmers: 6,950,656 novel kmers: 6,950,656
[11 Dec 2019 22:32:24-LaK] Dumping graph...
[11 Dec 2019 22:32:24-LaK][graphwriter] Saving file to: human/bigsi/15/mccortex.SRR1033463.ctx
[11 Dec 2019 22:32:24-LaK][FileFilter] Writing graph  [1 src colour]
[11 Dec 2019 22:32:25-LaK][graphwriter] Dumped 6,950,656 kmers in 1 colour into: human/bigsi/15/mccortex.SRR1033463.ctx (ver: 6)
[11 Dec 2019 22:32:25-LaK][memory] We made 19 allocs
[11 Dec 2019 22:32:25-LaK] Done.
[11 Dec 2019 22:32:25-LaK][time] 11.00 seconds
	Command being timed: "mccortex 15 build --nkmers 72000000 --threads 1 --kmer 15 --mem 5G --sample SRR1033463 --seq human/kmer-counts-jellyfish/15/SRR1033463.kmer.gz human/bigsi/15/mccortex.SRR1033463.ctx"
	User time (seconds): 13.40
	System time (seconds): 5.35
	Percent of CPU this job got: 171%
	Elapsed (wall clock) time (h:mm:ss or m:ss): 0:10.96
	Average shared text size (kbytes): 0
	Average unshared data size (kbytes): 0
	Average stack size (kbytes): 0
	Average total size (kbytes): 0
	Maximum resident set size (kbytes): 873456
	Average resident set size (kbytes): 0
	Major (requiring I/O) page faults: 0
	Minor (reclaiming a frame) page faults: 1174335
	Voluntary context switches: 649918
	Involuntary context switches: 35869
	Swaps: 0
	File system inputs: 8
	File system outputs: 176496
	Socket messages sent: 0
	Socket messages received: 0
	Signals delivered: 0
	Page size (bytes): 4096
	Exit status: 0
