[11 Dec 2019 22:35:14-KOR][cmd] /home/CSCScience.ca/apetkau/miniconda3/envs/bigsi_mccortex/bin/mccortex31 build --nkmers 72000000 --threads 1 --kmer 15 --mem 5G --sample SRR496397 --seq human/kmer-counts-jellyfish/15/SRR496397.kmer.gz human/bigsi/15/mccortex.SRR496397.ctx
[11 Dec 2019 22:35:14-KOR][cwd] /home/CSCScience.ca/apetkau/workspace/comp7934-project
[11 Dec 2019 22:35:14-KOR][version] mccortex=v0.0.3-610-g400c0e3 zlib=1.2.11 htslib=1.8-17-g699ed53 ASSERTS=ON hash=Lookup3 CHECKS=ON k=3..31
[11 Dec 2019 22:35:14-KOR] Saving graph to: human/bigsi/15/mccortex.SRR496397.ctx
[11 Dec 2019 22:35:14-KOR][sample] 0: SRR496397
[11 Dec 2019 22:35:14-KOR][task] human/kmer-counts-jellyfish/15/SRR496397.kmer.gz; FASTQ offset: auto-detect, threshold: off; cut homopolymers: off; remove PCR duplicates: no; colour: 0
[11 Dec 2019 22:35:14-KOR][memory] 104 bits per kmer
[11 Dec 2019 22:35:14-KOR] Note: Using less memory than requested (914MB < 5GB); allows for 73,400,320 kmers
[11 Dec 2019 22:35:14-KOR][memory] graph: 914MB
[11 Dec 2019 22:35:14-KOR][memory] total: 914MB of 62.6GB RAM
[11 Dec 2019 22:35:14-KOR] Writing 1 colour graph to human/bigsi/15/mccortex.SRR496397.ctx
[11 Dec 2019 22:35:14-KOR][hasht] Allocating table with 73,400,320 entries, using 564MB
[11 Dec 2019 22:35:14-KOR][hasht]  number of buckets: 2,097,152, bucket size: 35
[11 Dec 2019 22:35:14-KOR][graph] kmer-size: 15; colours: 1; capacity: 73,400,320
[11 Dec 2019 22:35:14-KOR][hasht] buckets: 2,097,152 [2^21]; bucket size: 35; 
[11 Dec 2019 22:35:14-KOR][hasht] memory: 564MB; filled: 0 / 73,400,320 (0.00%)
[11 Dec 2019 22:35:14-KOR][asyncio] Inputs: 1; Threads: 1
[11 Dec 2019 22:35:14-KOR][seq] Parsing sequence file human/kmer-counts-jellyfish/15/SRR496397.kmer.gz
[11 Dec 2019 22:35:25-KOR][BuildGraph] Read 5,000,000 entries (reads / read pairs)
[11 Dec 2019 22:35:25-KOR][seq] Loaded 5,542,002 reads and 0 reads pairs (file: human/kmer-counts-jellyfish/15/SRR496397.kmer.gz)
[11 Dec 2019 22:35:25-KOR][hasht] buckets: 2,097,152 [2^21]; bucket size: 35; 
[11 Dec 2019 22:35:25-KOR][hasht] memory: 564MB; filled: 5,542,002 / 73,400,320 (7.55%)
[11 Dec 2019 22:35:25-KOR][hasht]  collisions  0: 5542002
[11 Dec 2019 22:35:25-KOR][task] input: human/kmer-counts-jellyfish/15/SRR496397.kmer.gz colour: 0
[11 Dec 2019 22:35:25-KOR]  SE reads: 5,542,002  PE reads: 0
[11 Dec 2019 22:35:25-KOR]  good reads: 5,542,002  bad reads: 0
[11 Dec 2019 22:35:25-KOR]  dup SE reads: 0  dup PE pairs: 0
[11 Dec 2019 22:35:25-KOR]  bases read: 83,130,030  bases loaded: 83,130,030
[11 Dec 2019 22:35:25-KOR]  num contigs: 5,542,002  num kmers: 5,542,002 novel kmers: 5,542,002
[11 Dec 2019 22:35:25-KOR] Dumping graph...
[11 Dec 2019 22:35:25-KOR][graphwriter] Saving file to: human/bigsi/15/mccortex.SRR496397.ctx
[11 Dec 2019 22:35:25-KOR][FileFilter] Writing graph  [1 src colour]
[11 Dec 2019 22:35:26-KOR][graphwriter] Dumped 5,542,002 kmers in 1 colour into: human/bigsi/15/mccortex.SRR496397.ctx (ver: 6)
[11 Dec 2019 22:35:26-KOR][memory] We made 19 allocs
[11 Dec 2019 22:35:26-KOR] Done.
[11 Dec 2019 22:35:26-KOR][time] 12.00 seconds
	Command being timed: "mccortex 15 build --nkmers 72000000 --threads 1 --kmer 15 --mem 5G --sample SRR496397 --seq human/kmer-counts-jellyfish/15/SRR496397.kmer.gz human/bigsi/15/mccortex.SRR496397.ctx"
	User time (seconds): 15.86
	System time (seconds): 4.77
	Percent of CPU this job got: 170%
	Elapsed (wall clock) time (h:mm:ss or m:ss): 0:12.11
	Average shared text size (kbytes): 0
	Average unshared data size (kbytes): 0
	Average stack size (kbytes): 0
	Average total size (kbytes): 0
	Maximum resident set size (kbytes): 873520
	Average resident set size (kbytes): 0
	Major (requiring I/O) page faults: 0
	Minor (reclaiming a frame) page faults: 1558343
	Voluntary context switches: 520106
	Involuntary context switches: 16935
	Swaps: 0
	File system inputs: 54880
	File system outputs: 140728
	Socket messages sent: 0
	Socket messages received: 0
	Signals delivered: 0
	Page size (bytes): 4096
	Exit status: 0
