[11 Dec 2019 22:33:29-Qiz][cmd] /home/CSCScience.ca/apetkau/miniconda3/envs/bigsi_mccortex/bin/mccortex31 build --nkmers 72000000 --threads 1 --kmer 15 --mem 5G --sample SRR1313097 --seq human/kmer-counts-jellyfish/15/SRR1313097.kmer.gz human/bigsi/15/mccortex.SRR1313097.ctx
[11 Dec 2019 22:33:29-Qiz][cwd] /home/CSCScience.ca/apetkau/workspace/comp7934-project
[11 Dec 2019 22:33:29-Qiz][version] mccortex=v0.0.3-610-g400c0e3 zlib=1.2.11 htslib=1.8-17-g699ed53 ASSERTS=ON hash=Lookup3 CHECKS=ON k=3..31
[11 Dec 2019 22:33:29-Qiz] Saving graph to: human/bigsi/15/mccortex.SRR1313097.ctx
[11 Dec 2019 22:33:29-Qiz][sample] 0: SRR1313097
[11 Dec 2019 22:33:29-Qiz][task] human/kmer-counts-jellyfish/15/SRR1313097.kmer.gz; FASTQ offset: auto-detect, threshold: off; cut homopolymers: off; remove PCR duplicates: no; colour: 0
[11 Dec 2019 22:33:29-Qiz][memory] 104 bits per kmer
[11 Dec 2019 22:33:29-Qiz] Note: Using less memory than requested (914MB < 5GB); allows for 73,400,320 kmers
[11 Dec 2019 22:33:29-Qiz][memory] graph: 914MB
[11 Dec 2019 22:33:29-Qiz][memory] total: 914MB of 62.6GB RAM
[11 Dec 2019 22:33:29-Qiz] Writing 1 colour graph to human/bigsi/15/mccortex.SRR1313097.ctx
[11 Dec 2019 22:33:29-Qiz][hasht] Allocating table with 73,400,320 entries, using 564MB
[11 Dec 2019 22:33:29-Qiz][hasht]  number of buckets: 2,097,152, bucket size: 35
[11 Dec 2019 22:33:29-Qiz][graph] kmer-size: 15; colours: 1; capacity: 73,400,320
[11 Dec 2019 22:33:29-Qiz][hasht] buckets: 2,097,152 [2^21]; bucket size: 35; 
[11 Dec 2019 22:33:29-Qiz][hasht] memory: 564MB; filled: 0 / 73,400,320 (0.00%)
[11 Dec 2019 22:33:29-Qiz][asyncio] Inputs: 1; Threads: 1
[11 Dec 2019 22:33:29-Qiz][seq] Parsing sequence file human/kmer-counts-jellyfish/15/SRR1313097.kmer.gz
[11 Dec 2019 22:33:35-Qiz][BuildGraph] Read 5,000,000 entries (reads / read pairs)
[11 Dec 2019 22:33:35-Qiz][seq] Loaded 5,530,214 reads and 0 reads pairs (file: human/kmer-counts-jellyfish/15/SRR1313097.kmer.gz)
[11 Dec 2019 22:33:35-Qiz][hasht] buckets: 2,097,152 [2^21]; bucket size: 35; 
[11 Dec 2019 22:33:35-Qiz][hasht] memory: 564MB; filled: 5,530,214 / 73,400,320 (7.53%)
[11 Dec 2019 22:33:35-Qiz][hasht]  collisions  0: 5530214
[11 Dec 2019 22:33:35-Qiz][task] input: human/kmer-counts-jellyfish/15/SRR1313097.kmer.gz colour: 0
[11 Dec 2019 22:33:35-Qiz]  SE reads: 5,530,214  PE reads: 0
[11 Dec 2019 22:33:35-Qiz]  good reads: 5,530,214  bad reads: 0
[11 Dec 2019 22:33:35-Qiz]  dup SE reads: 0  dup PE pairs: 0
[11 Dec 2019 22:33:35-Qiz]  bases read: 82,953,210  bases loaded: 82,953,210
[11 Dec 2019 22:33:35-Qiz]  num contigs: 5,530,214  num kmers: 5,530,214 novel kmers: 5,530,214
[11 Dec 2019 22:33:35-Qiz] Dumping graph...
[11 Dec 2019 22:33:35-Qiz][graphwriter] Saving file to: human/bigsi/15/mccortex.SRR1313097.ctx
[11 Dec 2019 22:33:35-Qiz][FileFilter] Writing graph  [1 src colour]
[11 Dec 2019 22:33:36-Qiz][graphwriter] Dumped 5,530,214 kmers in 1 colour into: human/bigsi/15/mccortex.SRR1313097.ctx (ver: 6)
[11 Dec 2019 22:33:36-Qiz][memory] We made 19 allocs
[11 Dec 2019 22:33:36-Qiz] Done.
[11 Dec 2019 22:33:36-Qiz][time] 7.00 seconds
	Command being timed: "mccortex 15 build --nkmers 72000000 --threads 1 --kmer 15 --mem 5G --sample SRR1313097 --seq human/kmer-counts-jellyfish/15/SRR1313097.kmer.gz human/bigsi/15/mccortex.SRR1313097.ctx"
	User time (seconds): 9.51
	System time (seconds): 3.49
	Percent of CPU this job got: 173%
	Elapsed (wall clock) time (h:mm:ss or m:ss): 0:07.49
	Average shared text size (kbytes): 0
	Average unshared data size (kbytes): 0
	Average stack size (kbytes): 0
	Average total size (kbytes): 0
	Maximum resident set size (kbytes): 873516
	Average resident set size (kbytes): 0
	Major (requiring I/O) page faults: 0
	Minor (reclaiming a frame) page faults: 1135853
	Voluntary context switches: 542644
	Involuntary context switches: 3403
	Swaps: 0
	File system inputs: 0
	File system outputs: 140424
	Socket messages sent: 0
	Socket messages received: 0
	Signals delivered: 0
	Page size (bytes): 4096
	Exit status: 0
