[11 Dec 2019 23:12:29-vOV][cmd] /home/CSCScience.ca/apetkau/miniconda3/envs/bigsi_mccortex/bin/mccortex31 build --nkmers 140000 --threads 1 --kmer 9 --mem 5G --sample SRR191527 --seq human/kmer-counts-jellyfish/9/SRR191527.kmer.gz human/bigsi/9/mccortex.SRR191527.ctx
[11 Dec 2019 23:12:29-vOV][cwd] /home/CSCScience.ca/apetkau/workspace/comp7934-project
[11 Dec 2019 23:12:29-vOV][version] mccortex=v0.0.3-610-g400c0e3 zlib=1.2.11 htslib=1.8-17-g699ed53 ASSERTS=ON hash=Lookup3 CHECKS=ON k=3..31
[11 Dec 2019 23:12:29-vOV] Saving graph to: human/bigsi/9/mccortex.SRR191527.ctx
[11 Dec 2019 23:12:29-vOV][sample] 0: SRR191527
[11 Dec 2019 23:12:29-vOV][task] human/kmer-counts-jellyfish/9/SRR191527.kmer.gz; FASTQ offset: auto-detect, threshold: off; cut homopolymers: off; remove PCR duplicates: no; colour: 0
[11 Dec 2019 23:12:29-vOV][memory] 104 bits per kmer
[11 Dec 2019 23:12:29-vOV] Note: Using less memory than requested (1.8MB < 5GB); allows for 143,360 kmers
[11 Dec 2019 23:12:29-vOV][memory] graph: 1.8MB
[11 Dec 2019 23:12:29-vOV][memory] total: 1.8MB of 62.6GB RAM
[11 Dec 2019 23:12:29-vOV] Writing 1 colour graph to human/bigsi/9/mccortex.SRR191527.ctx
[11 Dec 2019 23:12:29-vOV][hasht] Allocating table with 143,360 entries, using 1.1MB
[11 Dec 2019 23:12:29-vOV][hasht]  number of buckets: 4,096, bucket size: 35
[11 Dec 2019 23:12:29-vOV][graph] kmer-size: 9; colours: 1; capacity: 143,360
[11 Dec 2019 23:12:29-vOV][hasht] buckets: 4,096 [2^12]; bucket size: 35; 
[11 Dec 2019 23:12:29-vOV][hasht] memory: 1.1MB; filled: 0 / 143,360 (0.00%)
[11 Dec 2019 23:12:29-vOV][asyncio] Inputs: 1; Threads: 1
[11 Dec 2019 23:12:29-vOV][seq] Parsing sequence file human/kmer-counts-jellyfish/9/SRR191527.kmer.gz
[11 Dec 2019 23:12:29-vOV][seq] Loaded 37,400 reads and 0 reads pairs (file: human/kmer-counts-jellyfish/9/SRR191527.kmer.gz)
[11 Dec 2019 23:12:29-vOV][hasht] buckets: 4,096 [2^12]; bucket size: 35; 
[11 Dec 2019 23:12:29-vOV][hasht] memory: 1.1MB; filled: 37,400 / 143,360 (26.09%)
[11 Dec 2019 23:12:29-vOV][hasht]  collisions  0: 37400
[11 Dec 2019 23:12:29-vOV][task] input: human/kmer-counts-jellyfish/9/SRR191527.kmer.gz colour: 0
[11 Dec 2019 23:12:29-vOV]  SE reads: 37,400  PE reads: 0
[11 Dec 2019 23:12:29-vOV]  good reads: 37,400  bad reads: 0
[11 Dec 2019 23:12:29-vOV]  dup SE reads: 0  dup PE pairs: 0
[11 Dec 2019 23:12:29-vOV]  bases read: 336,600  bases loaded: 336,600
[11 Dec 2019 23:12:29-vOV]  num contigs: 37,400  num kmers: 37,400 novel kmers: 37,400
[11 Dec 2019 23:12:29-vOV] Dumping graph...
[11 Dec 2019 23:12:29-vOV][graphwriter] Saving file to: human/bigsi/9/mccortex.SRR191527.ctx
[11 Dec 2019 23:12:29-vOV][FileFilter] Writing graph  [1 src colour]
[11 Dec 2019 23:12:29-vOV][graphwriter] Dumped 37,400 kmers in 1 colour into: human/bigsi/9/mccortex.SRR191527.ctx (ver: 6)
[11 Dec 2019 23:12:29-vOV][memory] We made 19 allocs
[11 Dec 2019 23:12:29-vOV] Done.
[11 Dec 2019 23:12:29-vOV][time] 0.00 seconds
	Command being timed: "mccortex 9 build --nkmers 140000 --threads 1 --kmer 9 --mem 5G --sample SRR191527 --seq human/kmer-counts-jellyfish/9/SRR191527.kmer.gz human/bigsi/9/mccortex.SRR191527.ctx"
	User time (seconds): 0.04
	System time (seconds): 0.06
	Percent of CPU this job got: 66%
	Elapsed (wall clock) time (h:mm:ss or m:ss): 0:00.17
	Average shared text size (kbytes): 0
	Average unshared data size (kbytes): 0
	Average stack size (kbytes): 0
	Average total size (kbytes): 0
	Maximum resident set size (kbytes): 10112
	Average resident set size (kbytes): 0
	Major (requiring I/O) page faults: 0
	Minor (reclaiming a frame) page faults: 2431
	Voluntary context switches: 11044
	Involuntary context switches: 11259
	Swaps: 0
	File system inputs: 232
	File system outputs: 960
	Socket messages sent: 0
	Socket messages received: 0
	Signals delivered: 0
	Page size (bytes): 4096
	Exit status: 0
