[11 Dec 2019 23:12:22-lIG][cmd] /home/CSCScience.ca/apetkau/miniconda3/envs/bigsi_mccortex/bin/mccortex31 build --nkmers 140000 --threads 1 --kmer 9 --mem 5G --sample SRR1033463 --seq human/kmer-counts-jellyfish/9/SRR1033463.kmer.gz human/bigsi/9/mccortex.SRR1033463.ctx
[11 Dec 2019 23:12:22-lIG][cwd] /home/CSCScience.ca/apetkau/workspace/comp7934-project
[11 Dec 2019 23:12:22-lIG][version] mccortex=v0.0.3-610-g400c0e3 zlib=1.2.11 htslib=1.8-17-g699ed53 ASSERTS=ON hash=Lookup3 CHECKS=ON k=3..31
[11 Dec 2019 23:12:22-lIG] Saving graph to: human/bigsi/9/mccortex.SRR1033463.ctx
[11 Dec 2019 23:12:22-lIG][sample] 0: SRR1033463
[11 Dec 2019 23:12:22-lIG][task] human/kmer-counts-jellyfish/9/SRR1033463.kmer.gz; FASTQ offset: auto-detect, threshold: off; cut homopolymers: off; remove PCR duplicates: no; colour: 0
[11 Dec 2019 23:12:22-lIG][memory] 104 bits per kmer
[11 Dec 2019 23:12:22-lIG] Note: Using less memory than requested (1.8MB < 5GB); allows for 143,360 kmers
[11 Dec 2019 23:12:22-lIG][memory] graph: 1.8MB
[11 Dec 2019 23:12:22-lIG][memory] total: 1.8MB of 62.6GB RAM
[11 Dec 2019 23:12:22-lIG] Writing 1 colour graph to human/bigsi/9/mccortex.SRR1033463.ctx
[11 Dec 2019 23:12:22-lIG][hasht] Allocating table with 143,360 entries, using 1.1MB
[11 Dec 2019 23:12:22-lIG][hasht]  number of buckets: 4,096, bucket size: 35
[11 Dec 2019 23:12:22-lIG][graph] kmer-size: 9; colours: 1; capacity: 143,360
[11 Dec 2019 23:12:22-lIG][hasht] buckets: 4,096 [2^12]; bucket size: 35; 
[11 Dec 2019 23:12:22-lIG][hasht] memory: 1.1MB; filled: 0 / 143,360 (0.00%)
[11 Dec 2019 23:12:22-lIG][asyncio] Inputs: 1; Threads: 1
[11 Dec 2019 23:12:22-lIG][seq] Parsing sequence file human/kmer-counts-jellyfish/9/SRR1033463.kmer.gz
[11 Dec 2019 23:12:23-lIG][seq] Loaded 130,868 reads and 0 reads pairs (file: human/kmer-counts-jellyfish/9/SRR1033463.kmer.gz)
[11 Dec 2019 23:12:23-lIG][hasht] buckets: 4,096 [2^12]; bucket size: 35; 
[11 Dec 2019 23:12:23-lIG][hasht] memory: 1.1MB; filled: 130,868 / 143,360 (91.29%)
[11 Dec 2019 23:12:23-lIG][hasht]  collisions  0: 125632
[11 Dec 2019 23:12:23-lIG][hasht]  collisions  1: 3963
[11 Dec 2019 23:12:23-lIG][hasht]  collisions  2: 890
[11 Dec 2019 23:12:23-lIG][hasht]  collisions  3: 276
[11 Dec 2019 23:12:23-lIG][hasht]  collisions  4: 76
[11 Dec 2019 23:12:23-lIG][hasht]  collisions  5: 22
[11 Dec 2019 23:12:23-lIG][hasht]  collisions  6: 9
[11 Dec 2019 23:12:23-lIG][task] input: human/kmer-counts-jellyfish/9/SRR1033463.kmer.gz colour: 0
[11 Dec 2019 23:12:23-lIG]  SE reads: 130,868  PE reads: 0
[11 Dec 2019 23:12:23-lIG]  good reads: 130,868  bad reads: 0
[11 Dec 2019 23:12:23-lIG]  dup SE reads: 0  dup PE pairs: 0
[11 Dec 2019 23:12:23-lIG]  bases read: 1,177,812  bases loaded: 1,177,812
[11 Dec 2019 23:12:23-lIG]  num contigs: 130,868  num kmers: 130,868 novel kmers: 130,868
[11 Dec 2019 23:12:23-lIG] Dumping graph...
[11 Dec 2019 23:12:23-lIG][graphwriter] Saving file to: human/bigsi/9/mccortex.SRR1033463.ctx
[11 Dec 2019 23:12:23-lIG][FileFilter] Writing graph  [1 src colour]
[11 Dec 2019 23:12:23-lIG][graphwriter] Dumped 130,868 kmers in 1 colour into: human/bigsi/9/mccortex.SRR1033463.ctx (ver: 6)
[11 Dec 2019 23:12:23-lIG][memory] We made 19 allocs
[11 Dec 2019 23:12:23-lIG] Done.
[11 Dec 2019 23:12:23-lIG][time] 1.00 seconds
	Command being timed: "mccortex 9 build --nkmers 140000 --threads 1 --kmer 9 --mem 5G --sample SRR1033463 --seq human/kmer-counts-jellyfish/9/SRR1033463.kmer.gz human/bigsi/9/mccortex.SRR1033463.ctx"
	User time (seconds): 0.20
	System time (seconds): 0.04
	Percent of CPU this job got: 165%
	Elapsed (wall clock) time (h:mm:ss or m:ss): 0:00.15
	Average shared text size (kbytes): 0
	Average unshared data size (kbytes): 0
	Average stack size (kbytes): 0
	Average total size (kbytes): 0
	Maximum resident set size (kbytes): 10632
	Average resident set size (kbytes): 0
	Major (requiring I/O) page faults: 0
	Minor (reclaiming a frame) page faults: 2602
	Voluntary context switches: 252
	Involuntary context switches: 3
	Swaps: 0
	File system inputs: 528
	File system outputs: 3336
	Socket messages sent: 0
	Socket messages received: 0
	Signals delivered: 0
	Page size (bytes): 4096
	Exit status: 0
