[11 Dec 2019 23:12:25-LiX][cmd] /home/CSCScience.ca/apetkau/miniconda3/envs/bigsi_mccortex/bin/mccortex31 build --nkmers 140000 --threads 1 --kmer 9 --mem 5G --sample SRR1313198 --seq human/kmer-counts-jellyfish/9/SRR1313198.kmer.gz human/bigsi/9/mccortex.SRR1313198.ctx
[11 Dec 2019 23:12:25-LiX][cwd] /home/CSCScience.ca/apetkau/workspace/comp7934-project
[11 Dec 2019 23:12:25-LiX][version] mccortex=v0.0.3-610-g400c0e3 zlib=1.2.11 htslib=1.8-17-g699ed53 ASSERTS=ON hash=Lookup3 CHECKS=ON k=3..31
[11 Dec 2019 23:12:25-LiX] Saving graph to: human/bigsi/9/mccortex.SRR1313198.ctx
[11 Dec 2019 23:12:25-LiX][sample] 0: SRR1313198
[11 Dec 2019 23:12:25-LiX][task] human/kmer-counts-jellyfish/9/SRR1313198.kmer.gz; FASTQ offset: auto-detect, threshold: off; cut homopolymers: off; remove PCR duplicates: no; colour: 0
[11 Dec 2019 23:12:25-LiX][memory] 104 bits per kmer
[11 Dec 2019 23:12:25-LiX] Note: Using less memory than requested (1.8MB < 5GB); allows for 143,360 kmers
[11 Dec 2019 23:12:25-LiX][memory] graph: 1.8MB
[11 Dec 2019 23:12:25-LiX][memory] total: 1.8MB of 62.6GB RAM
[11 Dec 2019 23:12:25-LiX] Writing 1 colour graph to human/bigsi/9/mccortex.SRR1313198.ctx
[11 Dec 2019 23:12:25-LiX][hasht] Allocating table with 143,360 entries, using 1.1MB
[11 Dec 2019 23:12:25-LiX][hasht]  number of buckets: 4,096, bucket size: 35
[11 Dec 2019 23:12:25-LiX][graph] kmer-size: 9; colours: 1; capacity: 143,360
[11 Dec 2019 23:12:25-LiX][hasht] buckets: 4,096 [2^12]; bucket size: 35; 
[11 Dec 2019 23:12:25-LiX][hasht] memory: 1.1MB; filled: 0 / 143,360 (0.00%)
[11 Dec 2019 23:12:25-LiX][asyncio] Inputs: 1; Threads: 1
[11 Dec 2019 23:12:25-LiX][seq] Parsing sequence file human/kmer-counts-jellyfish/9/SRR1313198.kmer.gz
[11 Dec 2019 23:12:26-LiX][seq] Loaded 130,791 reads and 0 reads pairs (file: human/kmer-counts-jellyfish/9/SRR1313198.kmer.gz)
[11 Dec 2019 23:12:26-LiX][hasht] buckets: 4,096 [2^12]; bucket size: 35; 
[11 Dec 2019 23:12:26-LiX][hasht] memory: 1.1MB; filled: 130,791 / 143,360 (91.23%)
[11 Dec 2019 23:12:26-LiX][hasht]  collisions  0: 125603
[11 Dec 2019 23:12:26-LiX][hasht]  collisions  1: 3865
[11 Dec 2019 23:12:26-LiX][hasht]  collisions  2: 944
[11 Dec 2019 23:12:26-LiX][hasht]  collisions  3: 248
[11 Dec 2019 23:12:26-LiX][hasht]  collisions  4: 88
[11 Dec 2019 23:12:26-LiX][hasht]  collisions  5: 25
[11 Dec 2019 23:12:26-LiX][hasht]  collisions  6: 8
[11 Dec 2019 23:12:26-LiX][hasht]  collisions  7: 7
[11 Dec 2019 23:12:26-LiX][hasht]  collisions  8: 1
[11 Dec 2019 23:12:26-LiX][hasht]  collisions  9: 1
[11 Dec 2019 23:12:26-LiX][hasht]  collisions 11: 1
[11 Dec 2019 23:12:26-LiX][task] input: human/kmer-counts-jellyfish/9/SRR1313198.kmer.gz colour: 0
[11 Dec 2019 23:12:26-LiX]  SE reads: 130,791  PE reads: 0
[11 Dec 2019 23:12:26-LiX]  good reads: 130,791  bad reads: 0
[11 Dec 2019 23:12:26-LiX]  dup SE reads: 0  dup PE pairs: 0
[11 Dec 2019 23:12:26-LiX]  bases read: 1,177,119  bases loaded: 1,177,119
[11 Dec 2019 23:12:26-LiX]  num contigs: 130,791  num kmers: 130,791 novel kmers: 130,791
[11 Dec 2019 23:12:26-LiX] Dumping graph...
[11 Dec 2019 23:12:26-LiX][graphwriter] Saving file to: human/bigsi/9/mccortex.SRR1313198.ctx
[11 Dec 2019 23:12:26-LiX][FileFilter] Writing graph  [1 src colour]
[11 Dec 2019 23:12:26-LiX][graphwriter] Dumped 130,791 kmers in 1 colour into: human/bigsi/9/mccortex.SRR1313198.ctx (ver: 6)
[11 Dec 2019 23:12:26-LiX][memory] We made 19 allocs
[11 Dec 2019 23:12:26-LiX] Done.
[11 Dec 2019 23:12:26-LiX][time] 1.00 seconds
	Command being timed: "mccortex 9 build --nkmers 140000 --threads 1 --kmer 9 --mem 5G --sample SRR1313198 --seq human/kmer-counts-jellyfish/9/SRR1313198.kmer.gz human/bigsi/9/mccortex.SRR1313198.ctx"
	User time (seconds): 0.17
	System time (seconds): 0.03
	Percent of CPU this job got: 97%
	Elapsed (wall clock) time (h:mm:ss or m:ss): 0:00.21
	Average shared text size (kbytes): 0
	Average unshared data size (kbytes): 0
	Average stack size (kbytes): 0
	Average total size (kbytes): 0
	Maximum resident set size (kbytes): 10592
	Average resident set size (kbytes): 0
	Major (requiring I/O) page faults: 0
	Minor (reclaiming a frame) page faults: 2605
	Voluntary context switches: 218
	Involuntary context switches: 745
	Swaps: 0
	File system inputs: 528
	File system outputs: 3336
	Socket messages sent: 0
	Socket messages received: 0
	Signals delivered: 0
	Page size (bytes): 4096
	Exit status: 0
