[11 Dec 2019 23:12:26-voP][cmd] /home/CSCScience.ca/apetkau/miniconda3/envs/bigsi_mccortex/bin/mccortex31 build --nkmers 140000 --threads 1 --kmer 9 --mem 5G --sample SRR1313228 --seq human/kmer-counts-jellyfish/9/SRR1313228.kmer.gz human/bigsi/9/mccortex.SRR1313228.ctx
[11 Dec 2019 23:12:26-voP][cwd] /home/CSCScience.ca/apetkau/workspace/comp7934-project
[11 Dec 2019 23:12:26-voP][version] mccortex=v0.0.3-610-g400c0e3 zlib=1.2.11 htslib=1.8-17-g699ed53 ASSERTS=ON hash=Lookup3 CHECKS=ON k=3..31
[11 Dec 2019 23:12:26-voP] Saving graph to: human/bigsi/9/mccortex.SRR1313228.ctx
[11 Dec 2019 23:12:26-voP][sample] 0: SRR1313228
[11 Dec 2019 23:12:26-voP][task] human/kmer-counts-jellyfish/9/SRR1313228.kmer.gz; FASTQ offset: auto-detect, threshold: off; cut homopolymers: off; remove PCR duplicates: no; colour: 0
[11 Dec 2019 23:12:26-voP][memory] 104 bits per kmer
[11 Dec 2019 23:12:26-voP] Note: Using less memory than requested (1.8MB < 5GB); allows for 143,360 kmers
[11 Dec 2019 23:12:26-voP][memory] graph: 1.8MB
[11 Dec 2019 23:12:26-voP][memory] total: 1.8MB of 62.6GB RAM
[11 Dec 2019 23:12:26-voP] Writing 1 colour graph to human/bigsi/9/mccortex.SRR1313228.ctx
[11 Dec 2019 23:12:26-voP][hasht] Allocating table with 143,360 entries, using 1.1MB
[11 Dec 2019 23:12:26-voP][hasht]  number of buckets: 4,096, bucket size: 35
[11 Dec 2019 23:12:26-voP][graph] kmer-size: 9; colours: 1; capacity: 143,360
[11 Dec 2019 23:12:26-voP][hasht] buckets: 4,096 [2^12]; bucket size: 35; 
[11 Dec 2019 23:12:26-voP][hasht] memory: 1.1MB; filled: 0 / 143,360 (0.00%)
[11 Dec 2019 23:12:26-voP][asyncio] Inputs: 1; Threads: 1
[11 Dec 2019 23:12:26-voP][seq] Parsing sequence file human/kmer-counts-jellyfish/9/SRR1313228.kmer.gz
[11 Dec 2019 23:12:26-voP][seq] Loaded 130,789 reads and 0 reads pairs (file: human/kmer-counts-jellyfish/9/SRR1313228.kmer.gz)
[11 Dec 2019 23:12:26-voP][hasht] buckets: 4,096 [2^12]; bucket size: 35; 
[11 Dec 2019 23:12:26-voP][hasht] memory: 1.1MB; filled: 130,789 / 143,360 (91.23%)
[11 Dec 2019 23:12:26-voP][hasht]  collisions  0: 125689
[11 Dec 2019 23:12:26-voP][hasht]  collisions  1: 3875
[11 Dec 2019 23:12:26-voP][hasht]  collisions  2: 871
[11 Dec 2019 23:12:26-voP][hasht]  collisions  3: 240
[11 Dec 2019 23:12:26-voP][hasht]  collisions  4: 82
[11 Dec 2019 23:12:26-voP][hasht]  collisions  5: 24
[11 Dec 2019 23:12:26-voP][hasht]  collisions  6: 5
[11 Dec 2019 23:12:26-voP][hasht]  collisions  7: 2
[11 Dec 2019 23:12:26-voP][hasht]  collisions  8: 1
[11 Dec 2019 23:12:26-voP][task] input: human/kmer-counts-jellyfish/9/SRR1313228.kmer.gz colour: 0
[11 Dec 2019 23:12:26-voP]  SE reads: 130,789  PE reads: 0
[11 Dec 2019 23:12:26-voP]  good reads: 130,789  bad reads: 0
[11 Dec 2019 23:12:26-voP]  dup SE reads: 0  dup PE pairs: 0
[11 Dec 2019 23:12:26-voP]  bases read: 1,177,101  bases loaded: 1,177,101
[11 Dec 2019 23:12:26-voP]  num contigs: 130,789  num kmers: 130,789 novel kmers: 130,789
[11 Dec 2019 23:12:26-voP] Dumping graph...
[11 Dec 2019 23:12:26-voP][graphwriter] Saving file to: human/bigsi/9/mccortex.SRR1313228.ctx
[11 Dec 2019 23:12:26-voP][FileFilter] Writing graph  [1 src colour]
[11 Dec 2019 23:12:26-voP][graphwriter] Dumped 130,789 kmers in 1 colour into: human/bigsi/9/mccortex.SRR1313228.ctx (ver: 6)
[11 Dec 2019 23:12:26-voP][memory] We made 19 allocs
[11 Dec 2019 23:12:26-voP] Done.
[11 Dec 2019 23:12:26-voP][time] 0.00 seconds
	Command being timed: "mccortex 9 build --nkmers 140000 --threads 1 --kmer 9 --mem 5G --sample SRR1313228 --seq human/kmer-counts-jellyfish/9/SRR1313228.kmer.gz human/bigsi/9/mccortex.SRR1313228.ctx"
	User time (seconds): 0.18
	System time (seconds): 0.01
	Percent of CPU this job got: 88%
	Elapsed (wall clock) time (h:mm:ss or m:ss): 0:00.22
	Average shared text size (kbytes): 0
	Average unshared data size (kbytes): 0
	Average stack size (kbytes): 0
	Average total size (kbytes): 0
	Maximum resident set size (kbytes): 10640
	Average resident set size (kbytes): 0
	Major (requiring I/O) page faults: 0
	Minor (reclaiming a frame) page faults: 2597
	Voluntary context switches: 40
	Involuntary context switches: 525
	Swaps: 0
	File system inputs: 528
	File system outputs: 3336
	Socket messages sent: 0
	Socket messages received: 0
	Signals delivered: 0
	Page size (bytes): 4096
	Exit status: 0
