[11 Dec 2019 23:12:30-Muw][cmd] /home/CSCScience.ca/apetkau/miniconda3/envs/bigsi_mccortex/bin/mccortex31 build --nkmers 140000 --threads 1 --kmer 9 --mem 5G --sample SRR299111 --seq human/kmer-counts-jellyfish/9/SRR299111.kmer.gz human/bigsi/9/mccortex.SRR299111.ctx
[11 Dec 2019 23:12:30-Muw][cwd] /home/CSCScience.ca/apetkau/workspace/comp7934-project
[11 Dec 2019 23:12:30-Muw][version] mccortex=v0.0.3-610-g400c0e3 zlib=1.2.11 htslib=1.8-17-g699ed53 ASSERTS=ON hash=Lookup3 CHECKS=ON k=3..31
[11 Dec 2019 23:12:30-Muw] Saving graph to: human/bigsi/9/mccortex.SRR299111.ctx
[11 Dec 2019 23:12:30-Muw][sample] 0: SRR299111
[11 Dec 2019 23:12:30-Muw][task] human/kmer-counts-jellyfish/9/SRR299111.kmer.gz; FASTQ offset: auto-detect, threshold: off; cut homopolymers: off; remove PCR duplicates: no; colour: 0
[11 Dec 2019 23:12:30-Muw][memory] 104 bits per kmer
[11 Dec 2019 23:12:30-Muw] Note: Using less memory than requested (1.8MB < 5GB); allows for 143,360 kmers
[11 Dec 2019 23:12:30-Muw][memory] graph: 1.8MB
[11 Dec 2019 23:12:30-Muw][memory] total: 1.8MB of 62.6GB RAM
[11 Dec 2019 23:12:30-Muw] Writing 1 colour graph to human/bigsi/9/mccortex.SRR299111.ctx
[11 Dec 2019 23:12:30-Muw][hasht] Allocating table with 143,360 entries, using 1.1MB
[11 Dec 2019 23:12:30-Muw][hasht]  number of buckets: 4,096, bucket size: 35
[11 Dec 2019 23:12:30-Muw][graph] kmer-size: 9; colours: 1; capacity: 143,360
[11 Dec 2019 23:12:30-Muw][hasht] buckets: 4,096 [2^12]; bucket size: 35; 
[11 Dec 2019 23:12:30-Muw][hasht] memory: 1.1MB; filled: 0 / 143,360 (0.00%)
[11 Dec 2019 23:12:30-Muw][asyncio] Inputs: 1; Threads: 1
[11 Dec 2019 23:12:30-Muw][seq] Parsing sequence file human/kmer-counts-jellyfish/9/SRR299111.kmer.gz
[11 Dec 2019 23:12:30-Muw][seq] Loaded 123,416 reads and 0 reads pairs (file: human/kmer-counts-jellyfish/9/SRR299111.kmer.gz)
[11 Dec 2019 23:12:30-Muw][hasht] buckets: 4,096 [2^12]; bucket size: 35; 
[11 Dec 2019 23:12:30-Muw][hasht] memory: 1.1MB; filled: 123,416 / 143,360 (86.09%)
[11 Dec 2019 23:12:30-Muw][hasht]  collisions  0: 120673
[11 Dec 2019 23:12:30-Muw][hasht]  collisions  1: 2378
[11 Dec 2019 23:12:30-Muw][hasht]  collisions  2: 304
[11 Dec 2019 23:12:30-Muw][hasht]  collisions  3: 46
[11 Dec 2019 23:12:30-Muw][hasht]  collisions  4: 13
[11 Dec 2019 23:12:30-Muw][hasht]  collisions  5: 2
[11 Dec 2019 23:12:30-Muw][task] input: human/kmer-counts-jellyfish/9/SRR299111.kmer.gz colour: 0
[11 Dec 2019 23:12:30-Muw]  SE reads: 123,416  PE reads: 0
[11 Dec 2019 23:12:30-Muw]  good reads: 123,416  bad reads: 0
[11 Dec 2019 23:12:30-Muw]  dup SE reads: 0  dup PE pairs: 0
[11 Dec 2019 23:12:30-Muw]  bases read: 1,110,744  bases loaded: 1,110,744
[11 Dec 2019 23:12:30-Muw]  num contigs: 123,416  num kmers: 123,416 novel kmers: 123,416
[11 Dec 2019 23:12:30-Muw] Dumping graph...
[11 Dec 2019 23:12:30-Muw][graphwriter] Saving file to: human/bigsi/9/mccortex.SRR299111.ctx
[11 Dec 2019 23:12:30-Muw][FileFilter] Writing graph  [1 src colour]
[11 Dec 2019 23:12:30-Muw][graphwriter] Dumped 123,416 kmers in 1 colour into: human/bigsi/9/mccortex.SRR299111.ctx (ver: 6)
[11 Dec 2019 23:12:30-Muw][memory] We made 19 allocs
[11 Dec 2019 23:12:30-Muw] Done.
[11 Dec 2019 23:12:30-Muw][time] 0.00 seconds
	Command being timed: "mccortex 9 build --nkmers 140000 --threads 1 --kmer 9 --mem 5G --sample SRR299111 --seq human/kmer-counts-jellyfish/9/SRR299111.kmer.gz human/bigsi/9/mccortex.SRR299111.ctx"
	User time (seconds): 0.19
	System time (seconds): 0.03
	Percent of CPU this job got: 111%
	Elapsed (wall clock) time (h:mm:ss or m:ss): 0:00.20
	Average shared text size (kbytes): 0
	Average unshared data size (kbytes): 0
	Average stack size (kbytes): 0
	Average total size (kbytes): 0
	Maximum resident set size (kbytes): 10596
	Average resident set size (kbytes): 0
	Major (requiring I/O) page faults: 0
	Minor (reclaiming a frame) page faults: 2592
	Voluntary context switches: 156
	Involuntary context switches: 261
	Swaps: 0
	File system inputs: 504
	File system outputs: 3144
	Socket messages sent: 0
	Socket messages received: 0
	Signals delivered: 0
	Page size (bytes): 4096
	Exit status: 0
