[11 Dec 2019 23:12:29-laK][cmd] /home/CSCScience.ca/apetkau/miniconda3/envs/bigsi_mccortex/bin/mccortex31 build --nkmers 140000 --threads 1 --kmer 9 --mem 5G --sample SRR191555 --seq human/kmer-counts-jellyfish/9/SRR191555.kmer.gz human/bigsi/9/mccortex.SRR191555.ctx
[11 Dec 2019 23:12:29-laK][cwd] /home/CSCScience.ca/apetkau/workspace/comp7934-project
[11 Dec 2019 23:12:29-laK][version] mccortex=v0.0.3-610-g400c0e3 zlib=1.2.11 htslib=1.8-17-g699ed53 ASSERTS=ON hash=Lookup3 CHECKS=ON k=3..31
[11 Dec 2019 23:12:29-laK] Saving graph to: human/bigsi/9/mccortex.SRR191555.ctx
[11 Dec 2019 23:12:29-laK][sample] 0: SRR191555
[11 Dec 2019 23:12:29-laK][task] human/kmer-counts-jellyfish/9/SRR191555.kmer.gz; FASTQ offset: auto-detect, threshold: off; cut homopolymers: off; remove PCR duplicates: no; colour: 0
[11 Dec 2019 23:12:29-laK][memory] 104 bits per kmer
[11 Dec 2019 23:12:29-laK] Note: Using less memory than requested (1.8MB < 5GB); allows for 143,360 kmers
[11 Dec 2019 23:12:29-laK][memory] graph: 1.8MB
[11 Dec 2019 23:12:29-laK][memory] total: 1.8MB of 62.6GB RAM
[11 Dec 2019 23:12:29-laK] Writing 1 colour graph to human/bigsi/9/mccortex.SRR191555.ctx
[11 Dec 2019 23:12:29-laK][hasht] Allocating table with 143,360 entries, using 1.1MB
[11 Dec 2019 23:12:29-laK][hasht]  number of buckets: 4,096, bucket size: 35
[11 Dec 2019 23:12:29-laK][graph] kmer-size: 9; colours: 1; capacity: 143,360
[11 Dec 2019 23:12:29-laK][hasht] buckets: 4,096 [2^12]; bucket size: 35; 
[11 Dec 2019 23:12:29-laK][hasht] memory: 1.1MB; filled: 0 / 143,360 (0.00%)
[11 Dec 2019 23:12:29-laK][asyncio] Inputs: 1; Threads: 1
[11 Dec 2019 23:12:29-laK][seq] Parsing sequence file human/kmer-counts-jellyfish/9/SRR191555.kmer.gz
[11 Dec 2019 23:12:29-laK][seq] Loaded 60,509 reads and 0 reads pairs (file: human/kmer-counts-jellyfish/9/SRR191555.kmer.gz)
[11 Dec 2019 23:12:29-laK][hasht] buckets: 4,096 [2^12]; bucket size: 35; 
[11 Dec 2019 23:12:29-laK][hasht] memory: 1.1MB; filled: 60,509 / 143,360 (42.21%)
[11 Dec 2019 23:12:29-laK][hasht]  collisions  0: 60509
[11 Dec 2019 23:12:29-laK][task] input: human/kmer-counts-jellyfish/9/SRR191555.kmer.gz colour: 0
[11 Dec 2019 23:12:29-laK]  SE reads: 60,509  PE reads: 0
[11 Dec 2019 23:12:29-laK]  good reads: 60,509  bad reads: 0
[11 Dec 2019 23:12:29-laK]  dup SE reads: 0  dup PE pairs: 0
[11 Dec 2019 23:12:29-laK]  bases read: 544,581  bases loaded: 544,581
[11 Dec 2019 23:12:29-laK]  num contigs: 60,509  num kmers: 60,509 novel kmers: 60,509
[11 Dec 2019 23:12:29-laK] Dumping graph...
[11 Dec 2019 23:12:29-laK][graphwriter] Saving file to: human/bigsi/9/mccortex.SRR191555.ctx
[11 Dec 2019 23:12:29-laK][FileFilter] Writing graph  [1 src colour]
[11 Dec 2019 23:12:29-laK][graphwriter] Dumped 60,509 kmers in 1 colour into: human/bigsi/9/mccortex.SRR191555.ctx (ver: 6)
[11 Dec 2019 23:12:29-laK][memory] We made 19 allocs
[11 Dec 2019 23:12:29-laK] Done.
[11 Dec 2019 23:12:29-laK][time] 0.00 seconds
	Command being timed: "mccortex 9 build --nkmers 140000 --threads 1 --kmer 9 --mem 5G --sample SRR191555 --seq human/kmer-counts-jellyfish/9/SRR191555.kmer.gz human/bigsi/9/mccortex.SRR191555.ctx"
	User time (seconds): 0.07
	System time (seconds): 0.01
	Percent of CPU this job got: 54%
	Elapsed (wall clock) time (h:mm:ss or m:ss): 0:00.16
	Average shared text size (kbytes): 0
	Average unshared data size (kbytes): 0
	Average stack size (kbytes): 0
	Average total size (kbytes): 0
	Maximum resident set size (kbytes): 10164
	Average resident set size (kbytes): 0
	Major (requiring I/O) page faults: 0
	Minor (reclaiming a frame) page faults: 2484
	Voluntary context switches: 25
	Involuntary context switches: 28
	Swaps: 0
	File system inputs: 376
	File system outputs: 1552
	Socket messages sent: 0
	Socket messages received: 0
	Signals delivered: 0
	Page size (bytes): 4096
	Exit status: 0
