[11 Dec 2019 23:12:30-JeR][cmd] /home/CSCScience.ca/apetkau/miniconda3/envs/bigsi_mccortex/bin/mccortex31 build --nkmers 140000 --threads 1 --kmer 9 --mem 5G --sample SRR353653 --seq human/kmer-counts-jellyfish/9/SRR353653.kmer.gz human/bigsi/9/mccortex.SRR353653.ctx
[11 Dec 2019 23:12:30-JeR][cwd] /home/CSCScience.ca/apetkau/workspace/comp7934-project
[11 Dec 2019 23:12:30-JeR][version] mccortex=v0.0.3-610-g400c0e3 zlib=1.2.11 htslib=1.8-17-g699ed53 ASSERTS=ON hash=Lookup3 CHECKS=ON k=3..31
[11 Dec 2019 23:12:30-JeR] Saving graph to: human/bigsi/9/mccortex.SRR353653.ctx
[11 Dec 2019 23:12:30-JeR][sample] 0: SRR353653
[11 Dec 2019 23:12:30-JeR][task] human/kmer-counts-jellyfish/9/SRR353653.kmer.gz; FASTQ offset: auto-detect, threshold: off; cut homopolymers: off; remove PCR duplicates: no; colour: 0
[11 Dec 2019 23:12:30-JeR][memory] 104 bits per kmer
[11 Dec 2019 23:12:30-JeR] Note: Using less memory than requested (1.8MB < 5GB); allows for 143,360 kmers
[11 Dec 2019 23:12:30-JeR][memory] graph: 1.8MB
[11 Dec 2019 23:12:30-JeR][memory] total: 1.8MB of 62.6GB RAM
[11 Dec 2019 23:12:30-JeR] Writing 1 colour graph to human/bigsi/9/mccortex.SRR353653.ctx
[11 Dec 2019 23:12:30-JeR][hasht] Allocating table with 143,360 entries, using 1.1MB
[11 Dec 2019 23:12:30-JeR][hasht]  number of buckets: 4,096, bucket size: 35
[11 Dec 2019 23:12:30-JeR][graph] kmer-size: 9; colours: 1; capacity: 143,360
[11 Dec 2019 23:12:30-JeR][hasht] buckets: 4,096 [2^12]; bucket size: 35; 
[11 Dec 2019 23:12:30-JeR][hasht] memory: 1.1MB; filled: 0 / 143,360 (0.00%)
[11 Dec 2019 23:12:30-JeR][asyncio] Inputs: 1; Threads: 1
[11 Dec 2019 23:12:30-JeR][seq] Parsing sequence file human/kmer-counts-jellyfish/9/SRR353653.kmer.gz
[11 Dec 2019 23:12:31-JeR][seq] Loaded 130,549 reads and 0 reads pairs (file: human/kmer-counts-jellyfish/9/SRR353653.kmer.gz)
[11 Dec 2019 23:12:31-JeR][hasht] buckets: 4,096 [2^12]; bucket size: 35; 
[11 Dec 2019 23:12:31-JeR][hasht] memory: 1.1MB; filled: 130,549 / 143,360 (91.06%)
[11 Dec 2019 23:12:31-JeR][hasht]  collisions  0: 125554
[11 Dec 2019 23:12:31-JeR][hasht]  collisions  1: 3891
[11 Dec 2019 23:12:31-JeR][hasht]  collisions  2: 784
[11 Dec 2019 23:12:31-JeR][hasht]  collisions  3: 227
[11 Dec 2019 23:12:31-JeR][hasht]  collisions  4: 61
[11 Dec 2019 23:12:31-JeR][hasht]  collisions  5: 21
[11 Dec 2019 23:12:31-JeR][hasht]  collisions  6: 5
[11 Dec 2019 23:12:31-JeR][hasht]  collisions  7: 3
[11 Dec 2019 23:12:31-JeR][hasht]  collisions 10: 2
[11 Dec 2019 23:12:31-JeR][hasht]  collisions 13: 1
[11 Dec 2019 23:12:31-JeR][task] input: human/kmer-counts-jellyfish/9/SRR353653.kmer.gz colour: 0
[11 Dec 2019 23:12:31-JeR]  SE reads: 130,549  PE reads: 0
[11 Dec 2019 23:12:31-JeR]  good reads: 130,549  bad reads: 0
[11 Dec 2019 23:12:31-JeR]  dup SE reads: 0  dup PE pairs: 0
[11 Dec 2019 23:12:31-JeR]  bases read: 1,174,941  bases loaded: 1,174,941
[11 Dec 2019 23:12:31-JeR]  num contigs: 130,549  num kmers: 130,549 novel kmers: 130,549
[11 Dec 2019 23:12:31-JeR] Dumping graph...
[11 Dec 2019 23:12:31-JeR][graphwriter] Saving file to: human/bigsi/9/mccortex.SRR353653.ctx
[11 Dec 2019 23:12:31-JeR][FileFilter] Writing graph  [1 src colour]
[11 Dec 2019 23:12:31-JeR][graphwriter] Dumped 130,549 kmers in 1 colour into: human/bigsi/9/mccortex.SRR353653.ctx (ver: 6)
[11 Dec 2019 23:12:31-JeR][memory] We made 19 allocs
[11 Dec 2019 23:12:31-JeR] Done.
[11 Dec 2019 23:12:31-JeR][time] 1.00 seconds
	Command being timed: "mccortex 9 build --nkmers 140000 --threads 1 --kmer 9 --mem 5G --sample SRR353653 --seq human/kmer-counts-jellyfish/9/SRR353653.kmer.gz human/bigsi/9/mccortex.SRR353653.ctx"
	User time (seconds): 0.19
	System time (seconds): 0.04
	Percent of CPU this job got: 121%
	Elapsed (wall clock) time (h:mm:ss or m:ss): 0:00.19
	Average shared text size (kbytes): 0
	Average unshared data size (kbytes): 0
	Average stack size (kbytes): 0
	Average total size (kbytes): 0
	Maximum resident set size (kbytes): 10612
	Average resident set size (kbytes): 0
	Major (requiring I/O) page faults: 0
	Minor (reclaiming a frame) page faults: 2592
	Voluntary context switches: 989
	Involuntary context switches: 769
	Swaps: 0
	File system inputs: 528
	File system outputs: 3328
	Socket messages sent: 0
	Socket messages received: 0
	Signals delivered: 0
	Page size (bytes): 4096
	Exit status: 0
