[11 Dec 2019 23:12:30-DIv][cmd] /home/CSCScience.ca/apetkau/miniconda3/envs/bigsi_mccortex/bin/mccortex31 build --nkmers 140000 --threads 1 --kmer 9 --mem 5G --sample SRR191693 --seq human/kmer-counts-jellyfish/9/SRR191693.kmer.gz human/bigsi/9/mccortex.SRR191693.ctx
[11 Dec 2019 23:12:30-DIv][cwd] /home/CSCScience.ca/apetkau/workspace/comp7934-project
[11 Dec 2019 23:12:30-DIv][version] mccortex=v0.0.3-610-g400c0e3 zlib=1.2.11 htslib=1.8-17-g699ed53 ASSERTS=ON hash=Lookup3 CHECKS=ON k=3..31
[11 Dec 2019 23:12:30-DIv] Saving graph to: human/bigsi/9/mccortex.SRR191693.ctx
[11 Dec 2019 23:12:30-DIv][sample] 0: SRR191693
[11 Dec 2019 23:12:30-DIv][task] human/kmer-counts-jellyfish/9/SRR191693.kmer.gz; FASTQ offset: auto-detect, threshold: off; cut homopolymers: off; remove PCR duplicates: no; colour: 0
[11 Dec 2019 23:12:30-DIv][memory] 104 bits per kmer
[11 Dec 2019 23:12:30-DIv] Note: Using less memory than requested (1.8MB < 5GB); allows for 143,360 kmers
[11 Dec 2019 23:12:30-DIv][memory] graph: 1.8MB
[11 Dec 2019 23:12:30-DIv][memory] total: 1.8MB of 62.6GB RAM
[11 Dec 2019 23:12:30-DIv] Writing 1 colour graph to human/bigsi/9/mccortex.SRR191693.ctx
[11 Dec 2019 23:12:30-DIv][hasht] Allocating table with 143,360 entries, using 1.1MB
[11 Dec 2019 23:12:30-DIv][hasht]  number of buckets: 4,096, bucket size: 35
[11 Dec 2019 23:12:30-DIv][graph] kmer-size: 9; colours: 1; capacity: 143,360
[11 Dec 2019 23:12:30-DIv][hasht] buckets: 4,096 [2^12]; bucket size: 35; 
[11 Dec 2019 23:12:30-DIv][hasht] memory: 1.1MB; filled: 0 / 143,360 (0.00%)
[11 Dec 2019 23:12:30-DIv][asyncio] Inputs: 1; Threads: 1
[11 Dec 2019 23:12:30-DIv][seq] Parsing sequence file human/kmer-counts-jellyfish/9/SRR191693.kmer.gz
[11 Dec 2019 23:12:30-DIv][seq] Loaded 126,056 reads and 0 reads pairs (file: human/kmer-counts-jellyfish/9/SRR191693.kmer.gz)
[11 Dec 2019 23:12:30-DIv][hasht] buckets: 4,096 [2^12]; bucket size: 35; 
[11 Dec 2019 23:12:30-DIv][hasht] memory: 1.1MB; filled: 126,056 / 143,360 (87.93%)
[11 Dec 2019 23:12:30-DIv][hasht]  collisions  0: 122516
[11 Dec 2019 23:12:30-DIv][hasht]  collisions  1: 2910
[11 Dec 2019 23:12:30-DIv][hasht]  collisions  2: 485
[11 Dec 2019 23:12:30-DIv][hasht]  collisions  3: 109
[11 Dec 2019 23:12:30-DIv][hasht]  collisions  4: 29
[11 Dec 2019 23:12:30-DIv][hasht]  collisions  5: 6
[11 Dec 2019 23:12:30-DIv][hasht]  collisions 12: 1
[11 Dec 2019 23:12:30-DIv][task] input: human/kmer-counts-jellyfish/9/SRR191693.kmer.gz colour: 0
[11 Dec 2019 23:12:30-DIv]  SE reads: 126,056  PE reads: 0
[11 Dec 2019 23:12:30-DIv]  good reads: 126,056  bad reads: 0
[11 Dec 2019 23:12:30-DIv]  dup SE reads: 0  dup PE pairs: 0
[11 Dec 2019 23:12:30-DIv]  bases read: 1,134,504  bases loaded: 1,134,504
[11 Dec 2019 23:12:30-DIv]  num contigs: 126,056  num kmers: 126,056 novel kmers: 126,056
[11 Dec 2019 23:12:30-DIv] Dumping graph...
[11 Dec 2019 23:12:30-DIv][graphwriter] Saving file to: human/bigsi/9/mccortex.SRR191693.ctx
[11 Dec 2019 23:12:30-DIv][FileFilter] Writing graph  [1 src colour]
[11 Dec 2019 23:12:30-DIv][graphwriter] Dumped 126,056 kmers in 1 colour into: human/bigsi/9/mccortex.SRR191693.ctx (ver: 6)
[11 Dec 2019 23:12:30-DIv][memory] We made 19 allocs
[11 Dec 2019 23:12:30-DIv] Done.
[11 Dec 2019 23:12:30-DIv][time] 0.00 seconds
	Command being timed: "mccortex 9 build --nkmers 140000 --threads 1 --kmer 9 --mem 5G --sample SRR191693 --seq human/kmer-counts-jellyfish/9/SRR191693.kmer.gz human/bigsi/9/mccortex.SRR191693.ctx"
	User time (seconds): 0.16
	System time (seconds): 0.03
	Percent of CPU this job got: 108%
	Elapsed (wall clock) time (h:mm:ss or m:ss): 0:00.18
	Average shared text size (kbytes): 0
	Average unshared data size (kbytes): 0
	Average stack size (kbytes): 0
	Average total size (kbytes): 0
	Maximum resident set size (kbytes): 10548
	Average resident set size (kbytes): 0
	Major (requiring I/O) page faults: 0
	Minor (reclaiming a frame) page faults: 2593
	Voluntary context switches: 155
	Involuntary context switches: 19
	Swaps: 0
	File system inputs: 520
	File system outputs: 3216
	Socket messages sent: 0
	Socket messages received: 0
	Signals delivered: 0
	Page size (bytes): 4096
	Exit status: 0
