[11 Dec 2019 23:12:25-GOG][cmd] /home/CSCScience.ca/apetkau/miniconda3/envs/bigsi_mccortex/bin/mccortex31 build --nkmers 140000 --threads 1 --kmer 9 --mem 5G --sample SRR1313120 --seq human/kmer-counts-jellyfish/9/SRR1313120.kmer.gz human/bigsi/9/mccortex.SRR1313120.ctx
[11 Dec 2019 23:12:25-GOG][cwd] /home/CSCScience.ca/apetkau/workspace/comp7934-project
[11 Dec 2019 23:12:25-GOG][version] mccortex=v0.0.3-610-g400c0e3 zlib=1.2.11 htslib=1.8-17-g699ed53 ASSERTS=ON hash=Lookup3 CHECKS=ON k=3..31
[11 Dec 2019 23:12:25-GOG] Saving graph to: human/bigsi/9/mccortex.SRR1313120.ctx
[11 Dec 2019 23:12:25-GOG][sample] 0: SRR1313120
[11 Dec 2019 23:12:25-GOG][task] human/kmer-counts-jellyfish/9/SRR1313120.kmer.gz; FASTQ offset: auto-detect, threshold: off; cut homopolymers: off; remove PCR duplicates: no; colour: 0
[11 Dec 2019 23:12:25-GOG][memory] 104 bits per kmer
[11 Dec 2019 23:12:25-GOG] Note: Using less memory than requested (1.8MB < 5GB); allows for 143,360 kmers
[11 Dec 2019 23:12:25-GOG][memory] graph: 1.8MB
[11 Dec 2019 23:12:25-GOG][memory] total: 1.8MB of 62.6GB RAM
[11 Dec 2019 23:12:25-GOG] Writing 1 colour graph to human/bigsi/9/mccortex.SRR1313120.ctx
[11 Dec 2019 23:12:25-GOG][hasht] Allocating table with 143,360 entries, using 1.1MB
[11 Dec 2019 23:12:25-GOG][hasht]  number of buckets: 4,096, bucket size: 35
[11 Dec 2019 23:12:25-GOG][graph] kmer-size: 9; colours: 1; capacity: 143,360
[11 Dec 2019 23:12:25-GOG][hasht] buckets: 4,096 [2^12]; bucket size: 35; 
[11 Dec 2019 23:12:25-GOG][hasht] memory: 1.1MB; filled: 0 / 143,360 (0.00%)
[11 Dec 2019 23:12:25-GOG][asyncio] Inputs: 1; Threads: 1
[11 Dec 2019 23:12:25-GOG][seq] Parsing sequence file human/kmer-counts-jellyfish/9/SRR1313120.kmer.gz
[11 Dec 2019 23:12:26-GOG][seq] Loaded 130,524 reads and 0 reads pairs (file: human/kmer-counts-jellyfish/9/SRR1313120.kmer.gz)
[11 Dec 2019 23:12:26-GOG][hasht] buckets: 4,096 [2^12]; bucket size: 35; 
[11 Dec 2019 23:12:26-GOG][hasht] memory: 1.1MB; filled: 130,524 / 143,360 (91.05%)
[11 Dec 2019 23:12:26-GOG][hasht]  collisions  0: 125434
[11 Dec 2019 23:12:26-GOG][hasht]  collisions  1: 3884
[11 Dec 2019 23:12:26-GOG][hasht]  collisions  2: 879
[11 Dec 2019 23:12:26-GOG][hasht]  collisions  3: 210
[11 Dec 2019 23:12:26-GOG][hasht]  collisions  4: 79
[11 Dec 2019 23:12:26-GOG][hasht]  collisions  5: 22
[11 Dec 2019 23:12:26-GOG][hasht]  collisions  6: 10
[11 Dec 2019 23:12:26-GOG][hasht]  collisions  7: 5
[11 Dec 2019 23:12:26-GOG][hasht]  collisions  8: 1
[11 Dec 2019 23:12:26-GOG][task] input: human/kmer-counts-jellyfish/9/SRR1313120.kmer.gz colour: 0
[11 Dec 2019 23:12:26-GOG]  SE reads: 130,524  PE reads: 0
[11 Dec 2019 23:12:26-GOG]  good reads: 130,524  bad reads: 0
[11 Dec 2019 23:12:26-GOG]  dup SE reads: 0  dup PE pairs: 0
[11 Dec 2019 23:12:26-GOG]  bases read: 1,174,716  bases loaded: 1,174,716
[11 Dec 2019 23:12:26-GOG]  num contigs: 130,524  num kmers: 130,524 novel kmers: 130,524
[11 Dec 2019 23:12:26-GOG] Dumping graph...
[11 Dec 2019 23:12:26-GOG][graphwriter] Saving file to: human/bigsi/9/mccortex.SRR1313120.ctx
[11 Dec 2019 23:12:26-GOG][FileFilter] Writing graph  [1 src colour]
[11 Dec 2019 23:12:26-GOG][graphwriter] Dumped 130,524 kmers in 1 colour into: human/bigsi/9/mccortex.SRR1313120.ctx (ver: 6)
[11 Dec 2019 23:12:26-GOG][memory] We made 19 allocs
[11 Dec 2019 23:12:26-GOG] Done.
[11 Dec 2019 23:12:26-GOG][time] 1.00 seconds
	Command being timed: "mccortex 9 build --nkmers 140000 --threads 1 --kmer 9 --mem 5G --sample SRR1313120 --seq human/kmer-counts-jellyfish/9/SRR1313120.kmer.gz human/bigsi/9/mccortex.SRR1313120.ctx"
	User time (seconds): 0.32
	System time (seconds): 0.03
	Percent of CPU this job got: 91%
	Elapsed (wall clock) time (h:mm:ss or m:ss): 0:00.39
	Average shared text size (kbytes): 0
	Average unshared data size (kbytes): 0
	Average stack size (kbytes): 0
	Average total size (kbytes): 0
	Maximum resident set size (kbytes): 10584
	Average resident set size (kbytes): 0
	Major (requiring I/O) page faults: 0
	Minor (reclaiming a frame) page faults: 2614
	Voluntary context switches: 347
	Involuntary context switches: 1722
	Swaps: 0
	File system inputs: 528
	File system outputs: 3328
	Socket messages sent: 0
	Socket messages received: 0
	Signals delivered: 0
	Page size (bytes): 4096
	Exit status: 0
