[11 Dec 2019 23:12:28-deG][cmd] /home/CSCScience.ca/apetkau/miniconda3/envs/bigsi_mccortex/bin/mccortex31 build --nkmers 140000 --threads 1 --kmer 9 --mem 5G --sample SRR191455 --seq human/kmer-counts-jellyfish/9/SRR191455.kmer.gz human/bigsi/9/mccortex.SRR191455.ctx
[11 Dec 2019 23:12:28-deG][cwd] /home/CSCScience.ca/apetkau/workspace/comp7934-project
[11 Dec 2019 23:12:28-deG][version] mccortex=v0.0.3-610-g400c0e3 zlib=1.2.11 htslib=1.8-17-g699ed53 ASSERTS=ON hash=Lookup3 CHECKS=ON k=3..31
[11 Dec 2019 23:12:28-deG] Saving graph to: human/bigsi/9/mccortex.SRR191455.ctx
[11 Dec 2019 23:12:28-deG][sample] 0: SRR191455
[11 Dec 2019 23:12:28-deG][task] human/kmer-counts-jellyfish/9/SRR191455.kmer.gz; FASTQ offset: auto-detect, threshold: off; cut homopolymers: off; remove PCR duplicates: no; colour: 0
[11 Dec 2019 23:12:28-deG][memory] 104 bits per kmer
[11 Dec 2019 23:12:28-deG] Note: Using less memory than requested (1.8MB < 5GB); allows for 143,360 kmers
[11 Dec 2019 23:12:28-deG][memory] graph: 1.8MB
[11 Dec 2019 23:12:28-deG][memory] total: 1.8MB of 62.6GB RAM
[11 Dec 2019 23:12:28-deG] Writing 1 colour graph to human/bigsi/9/mccortex.SRR191455.ctx
[11 Dec 2019 23:12:28-deG][hasht] Allocating table with 143,360 entries, using 1.1MB
[11 Dec 2019 23:12:28-deG][hasht]  number of buckets: 4,096, bucket size: 35
[11 Dec 2019 23:12:28-deG][graph] kmer-size: 9; colours: 1; capacity: 143,360
[11 Dec 2019 23:12:28-deG][hasht] buckets: 4,096 [2^12]; bucket size: 35; 
[11 Dec 2019 23:12:28-deG][hasht] memory: 1.1MB; filled: 0 / 143,360 (0.00%)
[11 Dec 2019 23:12:28-deG][asyncio] Inputs: 1; Threads: 1
[11 Dec 2019 23:12:28-deG][seq] Parsing sequence file human/kmer-counts-jellyfish/9/SRR191455.kmer.gz
[11 Dec 2019 23:12:28-deG][seq] Loaded 68,370 reads and 0 reads pairs (file: human/kmer-counts-jellyfish/9/SRR191455.kmer.gz)
[11 Dec 2019 23:12:28-deG][hasht] buckets: 4,096 [2^12]; bucket size: 35; 
[11 Dec 2019 23:12:28-deG][hasht] memory: 1.1MB; filled: 68,370 / 143,360 (47.69%)
[11 Dec 2019 23:12:28-deG][hasht]  collisions  0: 68370
[11 Dec 2019 23:12:28-deG][task] input: human/kmer-counts-jellyfish/9/SRR191455.kmer.gz colour: 0
[11 Dec 2019 23:12:28-deG]  SE reads: 68,370  PE reads: 0
[11 Dec 2019 23:12:28-deG]  good reads: 68,370  bad reads: 0
[11 Dec 2019 23:12:28-deG]  dup SE reads: 0  dup PE pairs: 0
[11 Dec 2019 23:12:28-deG]  bases read: 615,330  bases loaded: 615,330
[11 Dec 2019 23:12:28-deG]  num contigs: 68,370  num kmers: 68,370 novel kmers: 68,370
[11 Dec 2019 23:12:28-deG] Dumping graph...
[11 Dec 2019 23:12:28-deG][graphwriter] Saving file to: human/bigsi/9/mccortex.SRR191455.ctx
[11 Dec 2019 23:12:28-deG][FileFilter] Writing graph  [1 src colour]
[11 Dec 2019 23:12:28-deG][graphwriter] Dumped 68,370 kmers in 1 colour into: human/bigsi/9/mccortex.SRR191455.ctx (ver: 6)
[11 Dec 2019 23:12:28-deG][memory] We made 19 allocs
[11 Dec 2019 23:12:28-deG] Done.
[11 Dec 2019 23:12:28-deG][time] 0.00 seconds
	Command being timed: "mccortex 9 build --nkmers 140000 --threads 1 --kmer 9 --mem 5G --sample SRR191455 --seq human/kmer-counts-jellyfish/9/SRR191455.kmer.gz human/bigsi/9/mccortex.SRR191455.ctx"
	User time (seconds): 0.16
	System time (seconds): 0.02
	Percent of CPU this job got: 166%
	Elapsed (wall clock) time (h:mm:ss or m:ss): 0:00.11
	Average shared text size (kbytes): 0
	Average unshared data size (kbytes): 0
	Average stack size (kbytes): 0
	Average total size (kbytes): 0
	Maximum resident set size (kbytes): 10412
	Average resident set size (kbytes): 0
	Major (requiring I/O) page faults: 0
	Minor (reclaiming a frame) page faults: 2509
	Voluntary context switches: 302
	Involuntary context switches: 12
	Swaps: 0
	File system inputs: 432
	File system outputs: 1752
	Socket messages sent: 0
	Socket messages received: 0
	Signals delivered: 0
	Page size (bytes): 4096
	Exit status: 0
