[11 Dec 2019 23:12:30-hUJ][cmd] /home/CSCScience.ca/apetkau/miniconda3/envs/bigsi_mccortex/bin/mccortex31 build --nkmers 140000 --threads 1 --kmer 9 --mem 5G --sample SRR191646 --seq human/kmer-counts-jellyfish/9/SRR191646.kmer.gz human/bigsi/9/mccortex.SRR191646.ctx
[11 Dec 2019 23:12:30-hUJ][cwd] /home/CSCScience.ca/apetkau/workspace/comp7934-project
[11 Dec 2019 23:12:30-hUJ][version] mccortex=v0.0.3-610-g400c0e3 zlib=1.2.11 htslib=1.8-17-g699ed53 ASSERTS=ON hash=Lookup3 CHECKS=ON k=3..31
[11 Dec 2019 23:12:30-hUJ] Saving graph to: human/bigsi/9/mccortex.SRR191646.ctx
[11 Dec 2019 23:12:30-hUJ][sample] 0: SRR191646
[11 Dec 2019 23:12:30-hUJ][task] human/kmer-counts-jellyfish/9/SRR191646.kmer.gz; FASTQ offset: auto-detect, threshold: off; cut homopolymers: off; remove PCR duplicates: no; colour: 0
[11 Dec 2019 23:12:30-hUJ][memory] 104 bits per kmer
[11 Dec 2019 23:12:30-hUJ] Note: Using less memory than requested (1.8MB < 5GB); allows for 143,360 kmers
[11 Dec 2019 23:12:30-hUJ][memory] graph: 1.8MB
[11 Dec 2019 23:12:30-hUJ][memory] total: 1.8MB of 62.6GB RAM
[11 Dec 2019 23:12:30-hUJ] Writing 1 colour graph to human/bigsi/9/mccortex.SRR191646.ctx
[11 Dec 2019 23:12:30-hUJ][hasht] Allocating table with 143,360 entries, using 1.1MB
[11 Dec 2019 23:12:30-hUJ][hasht]  number of buckets: 4,096, bucket size: 35
[11 Dec 2019 23:12:30-hUJ][graph] kmer-size: 9; colours: 1; capacity: 143,360
[11 Dec 2019 23:12:30-hUJ][hasht] buckets: 4,096 [2^12]; bucket size: 35; 
[11 Dec 2019 23:12:30-hUJ][hasht] memory: 1.1MB; filled: 0 / 143,360 (0.00%)
[11 Dec 2019 23:12:30-hUJ][asyncio] Inputs: 1; Threads: 1
[11 Dec 2019 23:12:30-hUJ][seq] Parsing sequence file human/kmer-counts-jellyfish/9/SRR191646.kmer.gz
[11 Dec 2019 23:12:30-hUJ][seq] Loaded 124,432 reads and 0 reads pairs (file: human/kmer-counts-jellyfish/9/SRR191646.kmer.gz)
[11 Dec 2019 23:12:30-hUJ][hasht] buckets: 4,096 [2^12]; bucket size: 35; 
[11 Dec 2019 23:12:30-hUJ][hasht] memory: 1.1MB; filled: 124,432 / 143,360 (86.80%)
[11 Dec 2019 23:12:30-hUJ][hasht]  collisions  0: 121491
[11 Dec 2019 23:12:30-hUJ][hasht]  collisions  1: 2481
[11 Dec 2019 23:12:30-hUJ][hasht]  collisions  2: 366
[11 Dec 2019 23:12:30-hUJ][hasht]  collisions  3: 72
[11 Dec 2019 23:12:30-hUJ][hasht]  collisions  4: 15
[11 Dec 2019 23:12:30-hUJ][hasht]  collisions  5: 5
[11 Dec 2019 23:12:30-hUJ][hasht]  collisions  6: 2
[11 Dec 2019 23:12:30-hUJ][task] input: human/kmer-counts-jellyfish/9/SRR191646.kmer.gz colour: 0
[11 Dec 2019 23:12:30-hUJ]  SE reads: 124,432  PE reads: 0
[11 Dec 2019 23:12:30-hUJ]  good reads: 124,432  bad reads: 0
[11 Dec 2019 23:12:30-hUJ]  dup SE reads: 0  dup PE pairs: 0
[11 Dec 2019 23:12:30-hUJ]  bases read: 1,119,888  bases loaded: 1,119,888
[11 Dec 2019 23:12:30-hUJ]  num contigs: 124,432  num kmers: 124,432 novel kmers: 124,432
[11 Dec 2019 23:12:30-hUJ] Dumping graph...
[11 Dec 2019 23:12:30-hUJ][graphwriter] Saving file to: human/bigsi/9/mccortex.SRR191646.ctx
[11 Dec 2019 23:12:30-hUJ][FileFilter] Writing graph  [1 src colour]
[11 Dec 2019 23:12:30-hUJ][graphwriter] Dumped 124,432 kmers in 1 colour into: human/bigsi/9/mccortex.SRR191646.ctx (ver: 6)
[11 Dec 2019 23:12:30-hUJ][memory] We made 19 allocs
[11 Dec 2019 23:12:30-hUJ] Done.
[11 Dec 2019 23:12:30-hUJ][time] 0.00 seconds
	Command being timed: "mccortex 9 build --nkmers 140000 --threads 1 --kmer 9 --mem 5G --sample SRR191646 --seq human/kmer-counts-jellyfish/9/SRR191646.kmer.gz human/bigsi/9/mccortex.SRR191646.ctx"
	User time (seconds): 0.15
	System time (seconds): 0.01
	Percent of CPU this job got: 157%
	Elapsed (wall clock) time (h:mm:ss or m:ss): 0:00.10
	Average shared text size (kbytes): 0
	Average unshared data size (kbytes): 0
	Average stack size (kbytes): 0
	Average total size (kbytes): 0
	Maximum resident set size (kbytes): 10696
	Average resident set size (kbytes): 0
	Major (requiring I/O) page faults: 0
	Minor (reclaiming a frame) page faults: 2602
	Voluntary context switches: 171
	Involuntary context switches: 1
	Swaps: 0
	File system inputs: 512
	File system outputs: 3168
	Socket messages sent: 0
	Socket messages received: 0
	Signals delivered: 0
	Page size (bytes): 4096
	Exit status: 0
