[11 Dec 2019 23:12:28-KOZ][cmd] /home/CSCScience.ca/apetkau/miniconda3/envs/bigsi_mccortex/bin/mccortex31 build --nkmers 140000 --threads 1 --kmer 9 --mem 5G --sample SRR1519066 --seq human/kmer-counts-jellyfish/9/SRR1519066.kmer.gz human/bigsi/9/mccortex.SRR1519066.ctx
[11 Dec 2019 23:12:28-KOZ][cwd] /home/CSCScience.ca/apetkau/workspace/comp7934-project
[11 Dec 2019 23:12:28-KOZ][version] mccortex=v0.0.3-610-g400c0e3 zlib=1.2.11 htslib=1.8-17-g699ed53 ASSERTS=ON hash=Lookup3 CHECKS=ON k=3..31
[11 Dec 2019 23:12:28-KOZ] Saving graph to: human/bigsi/9/mccortex.SRR1519066.ctx
[11 Dec 2019 23:12:28-KOZ][sample] 0: SRR1519066
[11 Dec 2019 23:12:28-KOZ][task] human/kmer-counts-jellyfish/9/SRR1519066.kmer.gz; FASTQ offset: auto-detect, threshold: off; cut homopolymers: off; remove PCR duplicates: no; colour: 0
[11 Dec 2019 23:12:28-KOZ][memory] 104 bits per kmer
[11 Dec 2019 23:12:28-KOZ] Note: Using less memory than requested (1.8MB < 5GB); allows for 143,360 kmers
[11 Dec 2019 23:12:28-KOZ][memory] graph: 1.8MB
[11 Dec 2019 23:12:28-KOZ][memory] total: 1.8MB of 62.6GB RAM
[11 Dec 2019 23:12:28-KOZ] Writing 1 colour graph to human/bigsi/9/mccortex.SRR1519066.ctx
[11 Dec 2019 23:12:28-KOZ][hasht] Allocating table with 143,360 entries, using 1.1MB
[11 Dec 2019 23:12:28-KOZ][hasht]  number of buckets: 4,096, bucket size: 35
[11 Dec 2019 23:12:28-KOZ][graph] kmer-size: 9; colours: 1; capacity: 143,360
[11 Dec 2019 23:12:28-KOZ][hasht] buckets: 4,096 [2^12]; bucket size: 35; 
[11 Dec 2019 23:12:28-KOZ][hasht] memory: 1.1MB; filled: 0 / 143,360 (0.00%)
[11 Dec 2019 23:12:28-KOZ][asyncio] Inputs: 1; Threads: 1
[11 Dec 2019 23:12:28-KOZ][seq] Parsing sequence file human/kmer-counts-jellyfish/9/SRR1519066.kmer.gz
[11 Dec 2019 23:12:28-KOZ][seq] Loaded 130,848 reads and 0 reads pairs (file: human/kmer-counts-jellyfish/9/SRR1519066.kmer.gz)
[11 Dec 2019 23:12:28-KOZ][hasht] buckets: 4,096 [2^12]; bucket size: 35; 
[11 Dec 2019 23:12:28-KOZ][hasht] memory: 1.1MB; filled: 130,848 / 143,360 (91.27%)
[11 Dec 2019 23:12:28-KOZ][hasht]  collisions  0: 125484
[11 Dec 2019 23:12:28-KOZ][hasht]  collisions  1: 4133
[11 Dec 2019 23:12:28-KOZ][hasht]  collisions  2: 869
[11 Dec 2019 23:12:28-KOZ][hasht]  collisions  3: 249
[11 Dec 2019 23:12:28-KOZ][hasht]  collisions  4: 64
[11 Dec 2019 23:12:28-KOZ][hasht]  collisions  5: 26
[11 Dec 2019 23:12:28-KOZ][hasht]  collisions  6: 14
[11 Dec 2019 23:12:28-KOZ][hasht]  collisions  7: 4
[11 Dec 2019 23:12:28-KOZ][hasht]  collisions  8: 4
[11 Dec 2019 23:12:28-KOZ][hasht]  collisions  9: 1
[11 Dec 2019 23:12:28-KOZ][task] input: human/kmer-counts-jellyfish/9/SRR1519066.kmer.gz colour: 0
[11 Dec 2019 23:12:28-KOZ]  SE reads: 130,848  PE reads: 0
[11 Dec 2019 23:12:28-KOZ]  good reads: 130,848  bad reads: 0
[11 Dec 2019 23:12:28-KOZ]  dup SE reads: 0  dup PE pairs: 0
[11 Dec 2019 23:12:28-KOZ]  bases read: 1,177,632  bases loaded: 1,177,632
[11 Dec 2019 23:12:28-KOZ]  num contigs: 130,848  num kmers: 130,848 novel kmers: 130,848
[11 Dec 2019 23:12:28-KOZ] Dumping graph...
[11 Dec 2019 23:12:28-KOZ][graphwriter] Saving file to: human/bigsi/9/mccortex.SRR1519066.ctx
[11 Dec 2019 23:12:28-KOZ][FileFilter] Writing graph  [1 src colour]
[11 Dec 2019 23:12:28-KOZ][graphwriter] Dumped 130,848 kmers in 1 colour into: human/bigsi/9/mccortex.SRR1519066.ctx (ver: 6)
[11 Dec 2019 23:12:28-KOZ][memory] We made 19 allocs
[11 Dec 2019 23:12:28-KOZ] Done.
[11 Dec 2019 23:12:28-KOZ][time] 0.00 seconds
	Command being timed: "mccortex 9 build --nkmers 140000 --threads 1 --kmer 9 --mem 5G --sample SRR1519066 --seq human/kmer-counts-jellyfish/9/SRR1519066.kmer.gz human/bigsi/9/mccortex.SRR1519066.ctx"
	User time (seconds): 0.13
	System time (seconds): 0.04
	Percent of CPU this job got: 158%
	Elapsed (wall clock) time (h:mm:ss or m:ss): 0:00.11
	Average shared text size (kbytes): 0
	Average unshared data size (kbytes): 0
	Average stack size (kbytes): 0
	Average total size (kbytes): 0
	Maximum resident set size (kbytes): 10528
	Average resident set size (kbytes): 0
	Major (requiring I/O) page faults: 0
	Minor (reclaiming a frame) page faults: 2602
	Voluntary context switches: 187
	Involuntary context switches: 4
	Swaps: 0
	File system inputs: 528
	File system outputs: 3336
	Socket messages sent: 0
	Socket messages received: 0
	Signals delivered: 0
	Page size (bytes): 4096
	Exit status: 0
