[11 Dec 2019 23:12:25-Yek][cmd] /home/CSCScience.ca/apetkau/miniconda3/envs/bigsi_mccortex/bin/mccortex31 build --nkmers 140000 --threads 1 --kmer 9 --mem 5G --sample SRR1313078 --seq human/kmer-counts-jellyfish/9/SRR1313078.kmer.gz human/bigsi/9/mccortex.SRR1313078.ctx
[11 Dec 2019 23:12:25-Yek][cwd] /home/CSCScience.ca/apetkau/workspace/comp7934-project
[11 Dec 2019 23:12:25-Yek][version] mccortex=v0.0.3-610-g400c0e3 zlib=1.2.11 htslib=1.8-17-g699ed53 ASSERTS=ON hash=Lookup3 CHECKS=ON k=3..31
[11 Dec 2019 23:12:25-Yek] Saving graph to: human/bigsi/9/mccortex.SRR1313078.ctx
[11 Dec 2019 23:12:25-Yek][sample] 0: SRR1313078
[11 Dec 2019 23:12:25-Yek][task] human/kmer-counts-jellyfish/9/SRR1313078.kmer.gz; FASTQ offset: auto-detect, threshold: off; cut homopolymers: off; remove PCR duplicates: no; colour: 0
[11 Dec 2019 23:12:25-Yek][memory] 104 bits per kmer
[11 Dec 2019 23:12:25-Yek] Note: Using less memory than requested (1.8MB < 5GB); allows for 143,360 kmers
[11 Dec 2019 23:12:25-Yek][memory] graph: 1.8MB
[11 Dec 2019 23:12:25-Yek][memory] total: 1.8MB of 62.6GB RAM
[11 Dec 2019 23:12:25-Yek] Writing 1 colour graph to human/bigsi/9/mccortex.SRR1313078.ctx
[11 Dec 2019 23:12:25-Yek][hasht] Allocating table with 143,360 entries, using 1.1MB
[11 Dec 2019 23:12:25-Yek][hasht]  number of buckets: 4,096, bucket size: 35
[11 Dec 2019 23:12:25-Yek][graph] kmer-size: 9; colours: 1; capacity: 143,360
[11 Dec 2019 23:12:25-Yek][hasht] buckets: 4,096 [2^12]; bucket size: 35; 
[11 Dec 2019 23:12:25-Yek][hasht] memory: 1.1MB; filled: 0 / 143,360 (0.00%)
[11 Dec 2019 23:12:25-Yek][asyncio] Inputs: 1; Threads: 1
[11 Dec 2019 23:12:25-Yek][seq] Parsing sequence file human/kmer-counts-jellyfish/9/SRR1313078.kmer.gz
[11 Dec 2019 23:12:25-Yek][seq] Loaded 130,440 reads and 0 reads pairs (file: human/kmer-counts-jellyfish/9/SRR1313078.kmer.gz)
[11 Dec 2019 23:12:25-Yek][hasht] buckets: 4,096 [2^12]; bucket size: 35; 
[11 Dec 2019 23:12:25-Yek][hasht] memory: 1.1MB; filled: 130,440 / 143,360 (90.99%)
[11 Dec 2019 23:12:25-Yek][hasht]  collisions  0: 125285
[11 Dec 2019 23:12:25-Yek][hasht]  collisions  1: 3892
[11 Dec 2019 23:12:25-Yek][hasht]  collisions  2: 903
[11 Dec 2019 23:12:25-Yek][hasht]  collisions  3: 246
[11 Dec 2019 23:12:25-Yek][hasht]  collisions  4: 75
[11 Dec 2019 23:12:25-Yek][hasht]  collisions  5: 24
[11 Dec 2019 23:12:25-Yek][hasht]  collisions  6: 9
[11 Dec 2019 23:12:25-Yek][hasht]  collisions  7: 5
[11 Dec 2019 23:12:25-Yek][hasht]  collisions 12: 1
[11 Dec 2019 23:12:25-Yek][task] input: human/kmer-counts-jellyfish/9/SRR1313078.kmer.gz colour: 0
[11 Dec 2019 23:12:25-Yek]  SE reads: 130,440  PE reads: 0
[11 Dec 2019 23:12:25-Yek]  good reads: 130,440  bad reads: 0
[11 Dec 2019 23:12:25-Yek]  dup SE reads: 0  dup PE pairs: 0
[11 Dec 2019 23:12:25-Yek]  bases read: 1,173,960  bases loaded: 1,173,960
[11 Dec 2019 23:12:25-Yek]  num contigs: 130,440  num kmers: 130,440 novel kmers: 130,440
[11 Dec 2019 23:12:25-Yek] Dumping graph...
[11 Dec 2019 23:12:25-Yek][graphwriter] Saving file to: human/bigsi/9/mccortex.SRR1313078.ctx
[11 Dec 2019 23:12:25-Yek][FileFilter] Writing graph  [1 src colour]
[11 Dec 2019 23:12:25-Yek][graphwriter] Dumped 130,440 kmers in 1 colour into: human/bigsi/9/mccortex.SRR1313078.ctx (ver: 6)
[11 Dec 2019 23:12:25-Yek][memory] We made 19 allocs
[11 Dec 2019 23:12:25-Yek] Done.
[11 Dec 2019 23:12:25-Yek][time] 0.00 seconds
	Command being timed: "mccortex 9 build --nkmers 140000 --threads 1 --kmer 9 --mem 5G --sample SRR1313078 --seq human/kmer-counts-jellyfish/9/SRR1313078.kmer.gz human/bigsi/9/mccortex.SRR1313078.ctx"
	User time (seconds): 0.28
	System time (seconds): 0.04
	Percent of CPU this job got: 152%
	Elapsed (wall clock) time (h:mm:ss or m:ss): 0:00.21
	Average shared text size (kbytes): 0
	Average unshared data size (kbytes): 0
	Average stack size (kbytes): 0
	Average total size (kbytes): 0
	Maximum resident set size (kbytes): 10528
	Average resident set size (kbytes): 0
	Major (requiring I/O) page faults: 0
	Minor (reclaiming a frame) page faults: 2599
	Voluntary context switches: 551
	Involuntary context switches: 313
	Swaps: 0
	File system inputs: 528
	File system outputs: 3328
	Socket messages sent: 0
	Socket messages received: 0
	Signals delivered: 0
	Page size (bytes): 4096
	Exit status: 0
