[11 Dec 2019 23:12:28-wUb][cmd] /home/CSCScience.ca/apetkau/miniconda3/envs/bigsi_mccortex/bin/mccortex31 build --nkmers 140000 --threads 1 --kmer 9 --mem 5G --sample SRR191487 --seq human/kmer-counts-jellyfish/9/SRR191487.kmer.gz human/bigsi/9/mccortex.SRR191487.ctx
[11 Dec 2019 23:12:28-wUb][cwd] /home/CSCScience.ca/apetkau/workspace/comp7934-project
[11 Dec 2019 23:12:28-wUb][version] mccortex=v0.0.3-610-g400c0e3 zlib=1.2.11 htslib=1.8-17-g699ed53 ASSERTS=ON hash=Lookup3 CHECKS=ON k=3..31
[11 Dec 2019 23:12:28-wUb] Saving graph to: human/bigsi/9/mccortex.SRR191487.ctx
[11 Dec 2019 23:12:28-wUb][sample] 0: SRR191487
[11 Dec 2019 23:12:28-wUb][task] human/kmer-counts-jellyfish/9/SRR191487.kmer.gz; FASTQ offset: auto-detect, threshold: off; cut homopolymers: off; remove PCR duplicates: no; colour: 0
[11 Dec 2019 23:12:28-wUb][memory] 104 bits per kmer
[11 Dec 2019 23:12:28-wUb] Note: Using less memory than requested (1.8MB < 5GB); allows for 143,360 kmers
[11 Dec 2019 23:12:28-wUb][memory] graph: 1.8MB
[11 Dec 2019 23:12:28-wUb][memory] total: 1.8MB of 62.6GB RAM
[11 Dec 2019 23:12:28-wUb] Writing 1 colour graph to human/bigsi/9/mccortex.SRR191487.ctx
[11 Dec 2019 23:12:28-wUb][hasht] Allocating table with 143,360 entries, using 1.1MB
[11 Dec 2019 23:12:28-wUb][hasht]  number of buckets: 4,096, bucket size: 35
[11 Dec 2019 23:12:28-wUb][graph] kmer-size: 9; colours: 1; capacity: 143,360
[11 Dec 2019 23:12:28-wUb][hasht] buckets: 4,096 [2^12]; bucket size: 35; 
[11 Dec 2019 23:12:28-wUb][hasht] memory: 1.1MB; filled: 0 / 143,360 (0.00%)
[11 Dec 2019 23:12:28-wUb][asyncio] Inputs: 1; Threads: 1
[11 Dec 2019 23:12:28-wUb][seq] Parsing sequence file human/kmer-counts-jellyfish/9/SRR191487.kmer.gz
[11 Dec 2019 23:12:29-wUb][seq] Loaded 38,060 reads and 0 reads pairs (file: human/kmer-counts-jellyfish/9/SRR191487.kmer.gz)
[11 Dec 2019 23:12:29-wUb][hasht] buckets: 4,096 [2^12]; bucket size: 35; 
[11 Dec 2019 23:12:29-wUb][hasht] memory: 1.1MB; filled: 38,060 / 143,360 (26.55%)
[11 Dec 2019 23:12:29-wUb][hasht]  collisions  0: 38060
[11 Dec 2019 23:12:29-wUb][task] input: human/kmer-counts-jellyfish/9/SRR191487.kmer.gz colour: 0
[11 Dec 2019 23:12:29-wUb]  SE reads: 38,060  PE reads: 0
[11 Dec 2019 23:12:29-wUb]  good reads: 38,060  bad reads: 0
[11 Dec 2019 23:12:29-wUb]  dup SE reads: 0  dup PE pairs: 0
[11 Dec 2019 23:12:29-wUb]  bases read: 342,540  bases loaded: 342,540
[11 Dec 2019 23:12:29-wUb]  num contigs: 38,060  num kmers: 38,060 novel kmers: 38,060
[11 Dec 2019 23:12:29-wUb] Dumping graph...
[11 Dec 2019 23:12:29-wUb][graphwriter] Saving file to: human/bigsi/9/mccortex.SRR191487.ctx
[11 Dec 2019 23:12:29-wUb][FileFilter] Writing graph  [1 src colour]
[11 Dec 2019 23:12:29-wUb][graphwriter] Dumped 38,060 kmers in 1 colour into: human/bigsi/9/mccortex.SRR191487.ctx (ver: 6)
[11 Dec 2019 23:12:29-wUb][memory] We made 19 allocs
[11 Dec 2019 23:12:29-wUb] Done.
[11 Dec 2019 23:12:29-wUb][time] 1.00 seconds
	Command being timed: "mccortex 9 build --nkmers 140000 --threads 1 --kmer 9 --mem 5G --sample SRR191487 --seq human/kmer-counts-jellyfish/9/SRR191487.kmer.gz human/bigsi/9/mccortex.SRR191487.ctx"
	User time (seconds): 0.07
	System time (seconds): 0.03
	Percent of CPU this job got: 104%
	Elapsed (wall clock) time (h:mm:ss or m:ss): 0:00.10
	Average shared text size (kbytes): 0
	Average unshared data size (kbytes): 0
	Average stack size (kbytes): 0
	Average total size (kbytes): 0
	Maximum resident set size (kbytes): 9948
	Average resident set size (kbytes): 0
	Major (requiring I/O) page faults: 0
	Minor (reclaiming a frame) page faults: 2432
	Voluntary context switches: 3619
	Involuntary context switches: 4070
	Swaps: 0
	File system inputs: 240
	File system outputs: 976
	Socket messages sent: 0
	Socket messages received: 0
	Signals delivered: 0
	Page size (bytes): 4096
	Exit status: 0
