[11 Dec 2019 23:12:29-KIb][cmd] /home/CSCScience.ca/apetkau/miniconda3/envs/bigsi_mccortex/bin/mccortex31 build --nkmers 140000 --threads 1 --kmer 9 --mem 5G --sample SRR191563 --seq human/kmer-counts-jellyfish/9/SRR191563.kmer.gz human/bigsi/9/mccortex.SRR191563.ctx
[11 Dec 2019 23:12:29-KIb][cwd] /home/CSCScience.ca/apetkau/workspace/comp7934-project
[11 Dec 2019 23:12:29-KIb][version] mccortex=v0.0.3-610-g400c0e3 zlib=1.2.11 htslib=1.8-17-g699ed53 ASSERTS=ON hash=Lookup3 CHECKS=ON k=3..31
[11 Dec 2019 23:12:29-KIb] Saving graph to: human/bigsi/9/mccortex.SRR191563.ctx
[11 Dec 2019 23:12:29-KIb][sample] 0: SRR191563
[11 Dec 2019 23:12:29-KIb][task] human/kmer-counts-jellyfish/9/SRR191563.kmer.gz; FASTQ offset: auto-detect, threshold: off; cut homopolymers: off; remove PCR duplicates: no; colour: 0
[11 Dec 2019 23:12:29-KIb][memory] 104 bits per kmer
[11 Dec 2019 23:12:29-KIb] Note: Using less memory than requested (1.8MB < 5GB); allows for 143,360 kmers
[11 Dec 2019 23:12:29-KIb][memory] graph: 1.8MB
[11 Dec 2019 23:12:29-KIb][memory] total: 1.8MB of 62.6GB RAM
[11 Dec 2019 23:12:29-KIb] Writing 1 colour graph to human/bigsi/9/mccortex.SRR191563.ctx
[11 Dec 2019 23:12:29-KIb][hasht] Allocating table with 143,360 entries, using 1.1MB
[11 Dec 2019 23:12:29-KIb][hasht]  number of buckets: 4,096, bucket size: 35
[11 Dec 2019 23:12:29-KIb][graph] kmer-size: 9; colours: 1; capacity: 143,360
[11 Dec 2019 23:12:29-KIb][hasht] buckets: 4,096 [2^12]; bucket size: 35; 
[11 Dec 2019 23:12:29-KIb][hasht] memory: 1.1MB; filled: 0 / 143,360 (0.00%)
[11 Dec 2019 23:12:29-KIb][asyncio] Inputs: 1; Threads: 1
[11 Dec 2019 23:12:29-KIb][seq] Parsing sequence file human/kmer-counts-jellyfish/9/SRR191563.kmer.gz
[11 Dec 2019 23:12:29-KIb][seq] Loaded 71,125 reads and 0 reads pairs (file: human/kmer-counts-jellyfish/9/SRR191563.kmer.gz)
[11 Dec 2019 23:12:29-KIb][hasht] buckets: 4,096 [2^12]; bucket size: 35; 
[11 Dec 2019 23:12:29-KIb][hasht] memory: 1.1MB; filled: 71,125 / 143,360 (49.61%)
[11 Dec 2019 23:12:29-KIb][hasht]  collisions  0: 71125
[11 Dec 2019 23:12:29-KIb][task] input: human/kmer-counts-jellyfish/9/SRR191563.kmer.gz colour: 0
[11 Dec 2019 23:12:29-KIb]  SE reads: 71,125  PE reads: 0
[11 Dec 2019 23:12:29-KIb]  good reads: 71,125  bad reads: 0
[11 Dec 2019 23:12:29-KIb]  dup SE reads: 0  dup PE pairs: 0
[11 Dec 2019 23:12:29-KIb]  bases read: 640,125  bases loaded: 640,125
[11 Dec 2019 23:12:29-KIb]  num contigs: 71,125  num kmers: 71,125 novel kmers: 71,125
[11 Dec 2019 23:12:29-KIb] Dumping graph...
[11 Dec 2019 23:12:29-KIb][graphwriter] Saving file to: human/bigsi/9/mccortex.SRR191563.ctx
[11 Dec 2019 23:12:29-KIb][FileFilter] Writing graph  [1 src colour]
[11 Dec 2019 23:12:29-KIb][graphwriter] Dumped 71,125 kmers in 1 colour into: human/bigsi/9/mccortex.SRR191563.ctx (ver: 6)
[11 Dec 2019 23:12:29-KIb][memory] We made 19 allocs
[11 Dec 2019 23:12:29-KIb] Done.
[11 Dec 2019 23:12:29-KIb][time] 0.00 seconds
	Command being timed: "mccortex 9 build --nkmers 140000 --threads 1 --kmer 9 --mem 5G --sample SRR191563 --seq human/kmer-counts-jellyfish/9/SRR191563.kmer.gz human/bigsi/9/mccortex.SRR191563.ctx"
	User time (seconds): 0.08
	System time (seconds): 0.01
	Percent of CPU this job got: 58%
	Elapsed (wall clock) time (h:mm:ss or m:ss): 0:00.17
	Average shared text size (kbytes): 0
	Average unshared data size (kbytes): 0
	Average stack size (kbytes): 0
	Average total size (kbytes): 0
	Maximum resident set size (kbytes): 10272
	Average resident set size (kbytes): 0
	Major (requiring I/O) page faults: 0
	Minor (reclaiming a frame) page faults: 2519
	Voluntary context switches: 60
	Involuntary context switches: 935
	Swaps: 0
	File system inputs: 448
	File system outputs: 1816
	Socket messages sent: 0
	Socket messages received: 0
	Signals delivered: 0
	Page size (bytes): 4096
	Exit status: 0
