[11 Dec 2019 23:12:22-xen][cmd] /home/CSCScience.ca/apetkau/miniconda3/envs/bigsi_mccortex/bin/mccortex31 build --nkmers 140000 --threads 1 --kmer 9 --mem 5G --sample SRR038300 --seq human/kmer-counts-jellyfish/9/SRR038300.kmer.gz human/bigsi/9/mccortex.SRR038300.ctx
[11 Dec 2019 23:12:22-xen][cwd] /home/CSCScience.ca/apetkau/workspace/comp7934-project
[11 Dec 2019 23:12:22-xen][version] mccortex=v0.0.3-610-g400c0e3 zlib=1.2.11 htslib=1.8-17-g699ed53 ASSERTS=ON hash=Lookup3 CHECKS=ON k=3..31
[11 Dec 2019 23:12:22-xen] Saving graph to: human/bigsi/9/mccortex.SRR038300.ctx
[11 Dec 2019 23:12:22-xen][sample] 0: SRR038300
[11 Dec 2019 23:12:22-xen][task] human/kmer-counts-jellyfish/9/SRR038300.kmer.gz; FASTQ offset: auto-detect, threshold: off; cut homopolymers: off; remove PCR duplicates: no; colour: 0
[11 Dec 2019 23:12:22-xen][memory] 104 bits per kmer
[11 Dec 2019 23:12:22-xen] Note: Using less memory than requested (1.8MB < 5GB); allows for 143,360 kmers
[11 Dec 2019 23:12:22-xen][memory] graph: 1.8MB
[11 Dec 2019 23:12:22-xen][memory] total: 1.8MB of 62.6GB RAM
[11 Dec 2019 23:12:22-xen] Writing 1 colour graph to human/bigsi/9/mccortex.SRR038300.ctx
[11 Dec 2019 23:12:22-xen][hasht] Allocating table with 143,360 entries, using 1.1MB
[11 Dec 2019 23:12:22-xen][hasht]  number of buckets: 4,096, bucket size: 35
[11 Dec 2019 23:12:22-xen][graph] kmer-size: 9; colours: 1; capacity: 143,360
[11 Dec 2019 23:12:22-xen][hasht] buckets: 4,096 [2^12]; bucket size: 35; 
[11 Dec 2019 23:12:22-xen][hasht] memory: 1.1MB; filled: 0 / 143,360 (0.00%)
[11 Dec 2019 23:12:22-xen][asyncio] Inputs: 1; Threads: 1
[11 Dec 2019 23:12:22-xen][seq] Parsing sequence file human/kmer-counts-jellyfish/9/SRR038300.kmer.gz
[11 Dec 2019 23:12:23-xen][seq] Loaded 130,917 reads and 0 reads pairs (file: human/kmer-counts-jellyfish/9/SRR038300.kmer.gz)
[11 Dec 2019 23:12:23-xen][hasht] buckets: 4,096 [2^12]; bucket size: 35; 
[11 Dec 2019 23:12:23-xen][hasht] memory: 1.1MB; filled: 130,917 / 143,360 (91.32%)
[11 Dec 2019 23:12:23-xen][hasht]  collisions  0: 125780
[11 Dec 2019 23:12:23-xen][hasht]  collisions  1: 3957
[11 Dec 2019 23:12:23-xen][hasht]  collisions  2: 807
[11 Dec 2019 23:12:23-xen][hasht]  collisions  3: 275
[11 Dec 2019 23:12:23-xen][hasht]  collisions  4: 64
[11 Dec 2019 23:12:23-xen][hasht]  collisions  5: 24
[11 Dec 2019 23:12:23-xen][hasht]  collisions  6: 6
[11 Dec 2019 23:12:23-xen][hasht]  collisions  7: 3
[11 Dec 2019 23:12:23-xen][hasht]  collisions 10: 1
[11 Dec 2019 23:12:23-xen][task] input: human/kmer-counts-jellyfish/9/SRR038300.kmer.gz colour: 0
[11 Dec 2019 23:12:23-xen]  SE reads: 130,917  PE reads: 0
[11 Dec 2019 23:12:23-xen]  good reads: 130,917  bad reads: 0
[11 Dec 2019 23:12:23-xen]  dup SE reads: 0  dup PE pairs: 0
[11 Dec 2019 23:12:23-xen]  bases read: 1,178,253  bases loaded: 1,178,253
[11 Dec 2019 23:12:23-xen]  num contigs: 130,917  num kmers: 130,917 novel kmers: 130,917
[11 Dec 2019 23:12:23-xen] Dumping graph...
[11 Dec 2019 23:12:23-xen][graphwriter] Saving file to: human/bigsi/9/mccortex.SRR038300.ctx
[11 Dec 2019 23:12:23-xen][FileFilter] Writing graph  [1 src colour]
[11 Dec 2019 23:12:23-xen][graphwriter] Dumped 130,917 kmers in 1 colour into: human/bigsi/9/mccortex.SRR038300.ctx (ver: 6)
[11 Dec 2019 23:12:23-xen][memory] We made 19 allocs
[11 Dec 2019 23:12:23-xen] Done.
[11 Dec 2019 23:12:23-xen][time] 1.00 seconds
	Command being timed: "mccortex 9 build --nkmers 140000 --threads 1 --kmer 9 --mem 5G --sample SRR038300 --seq human/kmer-counts-jellyfish/9/SRR038300.kmer.gz human/bigsi/9/mccortex.SRR038300.ctx"
	User time (seconds): 0.26
	System time (seconds): 0.08
	Percent of CPU this job got: 169%
	Elapsed (wall clock) time (h:mm:ss or m:ss): 0:00.20
	Average shared text size (kbytes): 0
	Average unshared data size (kbytes): 0
	Average stack size (kbytes): 0
	Average total size (kbytes): 0
	Maximum resident set size (kbytes): 10568
	Average resident set size (kbytes): 0
	Major (requiring I/O) page faults: 0
	Minor (reclaiming a frame) page faults: 2599
	Voluntary context switches: 7639
	Involuntary context switches: 8
	Swaps: 0
	File system inputs: 528
	File system outputs: 3336
	Socket messages sent: 0
	Socket messages received: 0
	Signals delivered: 0
	Page size (bytes): 4096
	Exit status: 0
