[11 Dec 2019 23:12:31-nUm][cmd] /home/CSCScience.ca/apetkau/miniconda3/envs/bigsi_mccortex/bin/mccortex31 build --nkmers 140000 --threads 1 --kmer 9 --mem 5G --sample SRR403006 --seq human/kmer-counts-jellyfish/9/SRR403006.kmer.gz human/bigsi/9/mccortex.SRR403006.ctx
[11 Dec 2019 23:12:31-nUm][cwd] /home/CSCScience.ca/apetkau/workspace/comp7934-project
[11 Dec 2019 23:12:31-nUm][version] mccortex=v0.0.3-610-g400c0e3 zlib=1.2.11 htslib=1.8-17-g699ed53 ASSERTS=ON hash=Lookup3 CHECKS=ON k=3..31
[11 Dec 2019 23:12:31-nUm] Saving graph to: human/bigsi/9/mccortex.SRR403006.ctx
[11 Dec 2019 23:12:31-nUm][sample] 0: SRR403006
[11 Dec 2019 23:12:31-nUm][task] human/kmer-counts-jellyfish/9/SRR403006.kmer.gz; FASTQ offset: auto-detect, threshold: off; cut homopolymers: off; remove PCR duplicates: no; colour: 0
[11 Dec 2019 23:12:31-nUm][memory] 104 bits per kmer
[11 Dec 2019 23:12:31-nUm] Note: Using less memory than requested (1.8MB < 5GB); allows for 143,360 kmers
[11 Dec 2019 23:12:31-nUm][memory] graph: 1.8MB
[11 Dec 2019 23:12:31-nUm][memory] total: 1.8MB of 62.6GB RAM
[11 Dec 2019 23:12:31-nUm] Writing 1 colour graph to human/bigsi/9/mccortex.SRR403006.ctx
[11 Dec 2019 23:12:31-nUm][hasht] Allocating table with 143,360 entries, using 1.1MB
[11 Dec 2019 23:12:31-nUm][hasht]  number of buckets: 4,096, bucket size: 35
[11 Dec 2019 23:12:31-nUm][graph] kmer-size: 9; colours: 1; capacity: 143,360
[11 Dec 2019 23:12:31-nUm][hasht] buckets: 4,096 [2^12]; bucket size: 35; 
[11 Dec 2019 23:12:31-nUm][hasht] memory: 1.1MB; filled: 0 / 143,360 (0.00%)
[11 Dec 2019 23:12:31-nUm][asyncio] Inputs: 1; Threads: 1
[11 Dec 2019 23:12:31-nUm][seq] Parsing sequence file human/kmer-counts-jellyfish/9/SRR403006.kmer.gz
[11 Dec 2019 23:12:31-nUm][seq] Loaded 130,660 reads and 0 reads pairs (file: human/kmer-counts-jellyfish/9/SRR403006.kmer.gz)
[11 Dec 2019 23:12:31-nUm][hasht] buckets: 4,096 [2^12]; bucket size: 35; 
[11 Dec 2019 23:12:31-nUm][hasht] memory: 1.1MB; filled: 130,660 / 143,360 (91.14%)
[11 Dec 2019 23:12:31-nUm][hasht]  collisions  0: 125591
[11 Dec 2019 23:12:31-nUm][hasht]  collisions  1: 3950
[11 Dec 2019 23:12:31-nUm][hasht]  collisions  2: 836
[11 Dec 2019 23:12:31-nUm][hasht]  collisions  3: 203
[11 Dec 2019 23:12:31-nUm][hasht]  collisions  4: 51
[11 Dec 2019 23:12:31-nUm][hasht]  collisions  5: 18
[11 Dec 2019 23:12:31-nUm][hasht]  collisions  6: 5
[11 Dec 2019 23:12:31-nUm][hasht]  collisions  7: 4
[11 Dec 2019 23:12:31-nUm][hasht]  collisions  8: 2
[11 Dec 2019 23:12:31-nUm][task] input: human/kmer-counts-jellyfish/9/SRR403006.kmer.gz colour: 0
[11 Dec 2019 23:12:31-nUm]  SE reads: 130,660  PE reads: 0
[11 Dec 2019 23:12:31-nUm]  good reads: 130,660  bad reads: 0
[11 Dec 2019 23:12:31-nUm]  dup SE reads: 0  dup PE pairs: 0
[11 Dec 2019 23:12:31-nUm]  bases read: 1,175,940  bases loaded: 1,175,940
[11 Dec 2019 23:12:31-nUm]  num contigs: 130,660  num kmers: 130,660 novel kmers: 130,660
[11 Dec 2019 23:12:31-nUm] Dumping graph...
[11 Dec 2019 23:12:31-nUm][graphwriter] Saving file to: human/bigsi/9/mccortex.SRR403006.ctx
[11 Dec 2019 23:12:31-nUm][FileFilter] Writing graph  [1 src colour]
[11 Dec 2019 23:12:31-nUm][graphwriter] Dumped 130,660 kmers in 1 colour into: human/bigsi/9/mccortex.SRR403006.ctx (ver: 6)
[11 Dec 2019 23:12:31-nUm][memory] We made 19 allocs
[11 Dec 2019 23:12:31-nUm] Done.
[11 Dec 2019 23:12:31-nUm][time] 0.00 seconds
	Command being timed: "mccortex 9 build --nkmers 140000 --threads 1 --kmer 9 --mem 5G --sample SRR403006 --seq human/kmer-counts-jellyfish/9/SRR403006.kmer.gz human/bigsi/9/mccortex.SRR403006.ctx"
	User time (seconds): 0.38
	System time (seconds): 0.02
	Percent of CPU this job got: 120%
	Elapsed (wall clock) time (h:mm:ss or m:ss): 0:00.34
	Average shared text size (kbytes): 0
	Average unshared data size (kbytes): 0
	Average stack size (kbytes): 0
	Average total size (kbytes): 0
	Maximum resident set size (kbytes): 10620
	Average resident set size (kbytes): 0
	Major (requiring I/O) page faults: 0
	Minor (reclaiming a frame) page faults: 2604
	Voluntary context switches: 60
	Involuntary context switches: 232
	Swaps: 0
	File system inputs: 528
	File system outputs: 3328
	Socket messages sent: 0
	Socket messages received: 0
	Signals delivered: 0
	Page size (bytes): 4096
	Exit status: 0
