[11 Dec 2019 23:12:22-WAs][cmd] /home/CSCScience.ca/apetkau/miniconda3/envs/bigsi_mccortex/bin/mccortex31 build --nkmers 140000 --threads 1 --kmer 9 --mem 5G --sample SRR1012332 --seq human/kmer-counts-jellyfish/9/SRR1012332.kmer.gz human/bigsi/9/mccortex.SRR1012332.ctx
[11 Dec 2019 23:12:22-WAs][cwd] /home/CSCScience.ca/apetkau/workspace/comp7934-project
[11 Dec 2019 23:12:22-WAs][version] mccortex=v0.0.3-610-g400c0e3 zlib=1.2.11 htslib=1.8-17-g699ed53 ASSERTS=ON hash=Lookup3 CHECKS=ON k=3..31
[11 Dec 2019 23:12:22-WAs] Saving graph to: human/bigsi/9/mccortex.SRR1012332.ctx
[11 Dec 2019 23:12:22-WAs][sample] 0: SRR1012332
[11 Dec 2019 23:12:22-WAs][task] human/kmer-counts-jellyfish/9/SRR1012332.kmer.gz; FASTQ offset: auto-detect, threshold: off; cut homopolymers: off; remove PCR duplicates: no; colour: 0
[11 Dec 2019 23:12:22-WAs][memory] 104 bits per kmer
[11 Dec 2019 23:12:22-WAs] Note: Using less memory than requested (1.8MB < 5GB); allows for 143,360 kmers
[11 Dec 2019 23:12:22-WAs][memory] graph: 1.8MB
[11 Dec 2019 23:12:22-WAs][memory] total: 1.8MB of 62.6GB RAM
[11 Dec 2019 23:12:22-WAs] Writing 1 colour graph to human/bigsi/9/mccortex.SRR1012332.ctx
[11 Dec 2019 23:12:22-WAs][hasht] Allocating table with 143,360 entries, using 1.1MB
[11 Dec 2019 23:12:22-WAs][hasht]  number of buckets: 4,096, bucket size: 35
[11 Dec 2019 23:12:22-WAs][graph] kmer-size: 9; colours: 1; capacity: 143,360
[11 Dec 2019 23:12:22-WAs][hasht] buckets: 4,096 [2^12]; bucket size: 35; 
[11 Dec 2019 23:12:22-WAs][hasht] memory: 1.1MB; filled: 0 / 143,360 (0.00%)
[11 Dec 2019 23:12:22-WAs][asyncio] Inputs: 1; Threads: 1
[11 Dec 2019 23:12:22-WAs][seq] Parsing sequence file human/kmer-counts-jellyfish/9/SRR1012332.kmer.gz
[11 Dec 2019 23:12:23-WAs][seq] Loaded 83,083 reads and 0 reads pairs (file: human/kmer-counts-jellyfish/9/SRR1012332.kmer.gz)
[11 Dec 2019 23:12:23-WAs][hasht] buckets: 4,096 [2^12]; bucket size: 35; 
[11 Dec 2019 23:12:23-WAs][hasht] memory: 1.1MB; filled: 83,083 / 143,360 (57.95%)
[11 Dec 2019 23:12:23-WAs][hasht]  collisions  0: 83076
[11 Dec 2019 23:12:23-WAs][hasht]  collisions  1: 7
[11 Dec 2019 23:12:23-WAs][task] input: human/kmer-counts-jellyfish/9/SRR1012332.kmer.gz colour: 0
[11 Dec 2019 23:12:23-WAs]  SE reads: 83,083  PE reads: 0
[11 Dec 2019 23:12:23-WAs]  good reads: 83,083  bad reads: 0
[11 Dec 2019 23:12:23-WAs]  dup SE reads: 0  dup PE pairs: 0
[11 Dec 2019 23:12:23-WAs]  bases read: 747,747  bases loaded: 747,747
[11 Dec 2019 23:12:23-WAs]  num contigs: 83,083  num kmers: 83,083 novel kmers: 83,083
[11 Dec 2019 23:12:23-WAs] Dumping graph...
[11 Dec 2019 23:12:23-WAs][graphwriter] Saving file to: human/bigsi/9/mccortex.SRR1012332.ctx
[11 Dec 2019 23:12:23-WAs][FileFilter] Writing graph  [1 src colour]
[11 Dec 2019 23:12:23-WAs][graphwriter] Dumped 83,083 kmers in 1 colour into: human/bigsi/9/mccortex.SRR1012332.ctx (ver: 6)
[11 Dec 2019 23:12:23-WAs][memory] We made 19 allocs
[11 Dec 2019 23:12:23-WAs] Done.
[11 Dec 2019 23:12:23-WAs][time] 1.00 seconds
	Command being timed: "mccortex 9 build --nkmers 140000 --threads 1 --kmer 9 --mem 5G --sample SRR1012332 --seq human/kmer-counts-jellyfish/9/SRR1012332.kmer.gz human/bigsi/9/mccortex.SRR1012332.ctx"
	User time (seconds): 0.19
	System time (seconds): 0.05
	Percent of CPU this job got: 162%
	Elapsed (wall clock) time (h:mm:ss or m:ss): 0:00.15
	Average shared text size (kbytes): 0
	Average unshared data size (kbytes): 0
	Average stack size (kbytes): 0
	Average total size (kbytes): 0
	Maximum resident set size (kbytes): 10424
	Average resident set size (kbytes): 0
	Major (requiring I/O) page faults: 0
	Minor (reclaiming a frame) page faults: 2552
	Voluntary context switches: 3750
	Involuntary context switches: 3
	Swaps: 0
	File system inputs: 520
	File system outputs: 2120
	Socket messages sent: 0
	Socket messages received: 0
	Signals delivered: 0
	Page size (bytes): 4096
	Exit status: 0
