[11 Dec 2019 23:12:25-qaK][cmd] /home/CSCScience.ca/apetkau/miniconda3/envs/bigsi_mccortex/bin/mccortex31 build --nkmers 140000 --threads 1 --kmer 9 --mem 5G --sample SRR1313154 --seq human/kmer-counts-jellyfish/9/SRR1313154.kmer.gz human/bigsi/9/mccortex.SRR1313154.ctx
[11 Dec 2019 23:12:25-qaK][cwd] /home/CSCScience.ca/apetkau/workspace/comp7934-project
[11 Dec 2019 23:12:25-qaK][version] mccortex=v0.0.3-610-g400c0e3 zlib=1.2.11 htslib=1.8-17-g699ed53 ASSERTS=ON hash=Lookup3 CHECKS=ON k=3..31
[11 Dec 2019 23:12:25-qaK] Saving graph to: human/bigsi/9/mccortex.SRR1313154.ctx
[11 Dec 2019 23:12:25-qaK][sample] 0: SRR1313154
[11 Dec 2019 23:12:25-qaK][task] human/kmer-counts-jellyfish/9/SRR1313154.kmer.gz; FASTQ offset: auto-detect, threshold: off; cut homopolymers: off; remove PCR duplicates: no; colour: 0
[11 Dec 2019 23:12:25-qaK][memory] 104 bits per kmer
[11 Dec 2019 23:12:25-qaK] Note: Using less memory than requested (1.8MB < 5GB); allows for 143,360 kmers
[11 Dec 2019 23:12:25-qaK][memory] graph: 1.8MB
[11 Dec 2019 23:12:25-qaK][memory] total: 1.8MB of 62.6GB RAM
[11 Dec 2019 23:12:25-qaK] Writing 1 colour graph to human/bigsi/9/mccortex.SRR1313154.ctx
[11 Dec 2019 23:12:25-qaK][hasht] Allocating table with 143,360 entries, using 1.1MB
[11 Dec 2019 23:12:25-qaK][hasht]  number of buckets: 4,096, bucket size: 35
[11 Dec 2019 23:12:25-qaK][graph] kmer-size: 9; colours: 1; capacity: 143,360
[11 Dec 2019 23:12:25-qaK][hasht] buckets: 4,096 [2^12]; bucket size: 35; 
[11 Dec 2019 23:12:25-qaK][hasht] memory: 1.1MB; filled: 0 / 143,360 (0.00%)
[11 Dec 2019 23:12:25-qaK][asyncio] Inputs: 1; Threads: 1
[11 Dec 2019 23:12:25-qaK][seq] Parsing sequence file human/kmer-counts-jellyfish/9/SRR1313154.kmer.gz
[11 Dec 2019 23:12:26-qaK][seq] Loaded 130,435 reads and 0 reads pairs (file: human/kmer-counts-jellyfish/9/SRR1313154.kmer.gz)
[11 Dec 2019 23:12:26-qaK][hasht] buckets: 4,096 [2^12]; bucket size: 35; 
[11 Dec 2019 23:12:26-qaK][hasht] memory: 1.1MB; filled: 130,435 / 143,360 (90.98%)
[11 Dec 2019 23:12:26-qaK][hasht]  collisions  0: 125291
[11 Dec 2019 23:12:26-qaK][hasht]  collisions  1: 3915
[11 Dec 2019 23:12:26-qaK][hasht]  collisions  2: 841
[11 Dec 2019 23:12:26-qaK][hasht]  collisions  3: 256
[11 Dec 2019 23:12:26-qaK][hasht]  collisions  4: 90
[11 Dec 2019 23:12:26-qaK][hasht]  collisions  5: 30
[11 Dec 2019 23:12:26-qaK][hasht]  collisions  6: 10
[11 Dec 2019 23:12:26-qaK][hasht]  collisions  7: 1
[11 Dec 2019 23:12:26-qaK][hasht]  collisions 11: 1
[11 Dec 2019 23:12:26-qaK][task] input: human/kmer-counts-jellyfish/9/SRR1313154.kmer.gz colour: 0
[11 Dec 2019 23:12:26-qaK]  SE reads: 130,435  PE reads: 0
[11 Dec 2019 23:12:26-qaK]  good reads: 130,435  bad reads: 0
[11 Dec 2019 23:12:26-qaK]  dup SE reads: 0  dup PE pairs: 0
[11 Dec 2019 23:12:26-qaK]  bases read: 1,173,915  bases loaded: 1,173,915
[11 Dec 2019 23:12:26-qaK]  num contigs: 130,435  num kmers: 130,435 novel kmers: 130,435
[11 Dec 2019 23:12:26-qaK] Dumping graph...
[11 Dec 2019 23:12:26-qaK][graphwriter] Saving file to: human/bigsi/9/mccortex.SRR1313154.ctx
[11 Dec 2019 23:12:26-qaK][FileFilter] Writing graph  [1 src colour]
[11 Dec 2019 23:12:26-qaK][graphwriter] Dumped 130,435 kmers in 1 colour into: human/bigsi/9/mccortex.SRR1313154.ctx (ver: 6)
[11 Dec 2019 23:12:26-qaK][memory] We made 19 allocs
[11 Dec 2019 23:12:26-qaK] Done.
[11 Dec 2019 23:12:26-qaK][time] 1.00 seconds
	Command being timed: "mccortex 9 build --nkmers 140000 --threads 1 --kmer 9 --mem 5G --sample SRR1313154 --seq human/kmer-counts-jellyfish/9/SRR1313154.kmer.gz human/bigsi/9/mccortex.SRR1313154.ctx"
	User time (seconds): 0.18
	System time (seconds): 0.05
	Percent of CPU this job got: 101%
	Elapsed (wall clock) time (h:mm:ss or m:ss): 0:00.23
	Average shared text size (kbytes): 0
	Average unshared data size (kbytes): 0
	Average stack size (kbytes): 0
	Average total size (kbytes): 0
	Maximum resident set size (kbytes): 10528
	Average resident set size (kbytes): 0
	Major (requiring I/O) page faults: 0
	Minor (reclaiming a frame) page faults: 2594
	Voluntary context switches: 993
	Involuntary context switches: 424
	Swaps: 0
	File system inputs: 528
	File system outputs: 3328
	Socket messages sent: 0
	Socket messages received: 0
	Signals delivered: 0
	Page size (bytes): 4096
	Exit status: 0
