[11 Dec 2019 23:12:31-juv][cmd] /home/CSCScience.ca/apetkau/miniconda3/envs/bigsi_mccortex/bin/mccortex31 build --nkmers 140000 --threads 1 --kmer 9 --mem 5G --sample SRR496397 --seq human/kmer-counts-jellyfish/9/SRR496397.kmer.gz human/bigsi/9/mccortex.SRR496397.ctx
[11 Dec 2019 23:12:31-juv][cwd] /home/CSCScience.ca/apetkau/workspace/comp7934-project
[11 Dec 2019 23:12:31-juv][version] mccortex=v0.0.3-610-g400c0e3 zlib=1.2.11 htslib=1.8-17-g699ed53 ASSERTS=ON hash=Lookup3 CHECKS=ON k=3..31
[11 Dec 2019 23:12:31-juv] Saving graph to: human/bigsi/9/mccortex.SRR496397.ctx
[11 Dec 2019 23:12:31-juv][sample] 0: SRR496397
[11 Dec 2019 23:12:31-juv][task] human/kmer-counts-jellyfish/9/SRR496397.kmer.gz; FASTQ offset: auto-detect, threshold: off; cut homopolymers: off; remove PCR duplicates: no; colour: 0
[11 Dec 2019 23:12:31-juv][memory] 104 bits per kmer
[11 Dec 2019 23:12:31-juv] Note: Using less memory than requested (1.8MB < 5GB); allows for 143,360 kmers
[11 Dec 2019 23:12:31-juv][memory] graph: 1.8MB
[11 Dec 2019 23:12:31-juv][memory] total: 1.8MB of 62.6GB RAM
[11 Dec 2019 23:12:31-juv] Writing 1 colour graph to human/bigsi/9/mccortex.SRR496397.ctx
[11 Dec 2019 23:12:31-juv][hasht] Allocating table with 143,360 entries, using 1.1MB
[11 Dec 2019 23:12:31-juv][hasht]  number of buckets: 4,096, bucket size: 35
[11 Dec 2019 23:12:31-juv][graph] kmer-size: 9; colours: 1; capacity: 143,360
[11 Dec 2019 23:12:31-juv][hasht] buckets: 4,096 [2^12]; bucket size: 35; 
[11 Dec 2019 23:12:31-juv][hasht] memory: 1.1MB; filled: 0 / 143,360 (0.00%)
[11 Dec 2019 23:12:31-juv][asyncio] Inputs: 1; Threads: 1
[11 Dec 2019 23:12:31-juv][seq] Parsing sequence file human/kmer-counts-jellyfish/9/SRR496397.kmer.gz
[11 Dec 2019 23:12:31-juv][seq] Loaded 130,817 reads and 0 reads pairs (file: human/kmer-counts-jellyfish/9/SRR496397.kmer.gz)
[11 Dec 2019 23:12:31-juv][hasht] buckets: 4,096 [2^12]; bucket size: 35; 
[11 Dec 2019 23:12:31-juv][hasht] memory: 1.1MB; filled: 130,817 / 143,360 (91.25%)
[11 Dec 2019 23:12:31-juv][hasht]  collisions  0: 125783
[11 Dec 2019 23:12:31-juv][hasht]  collisions  1: 3808
[11 Dec 2019 23:12:31-juv][hasht]  collisions  2: 885
[11 Dec 2019 23:12:31-juv][hasht]  collisions  3: 245
[11 Dec 2019 23:12:31-juv][hasht]  collisions  4: 67
[11 Dec 2019 23:12:31-juv][hasht]  collisions  5: 17
[11 Dec 2019 23:12:31-juv][hasht]  collisions  6: 10
[11 Dec 2019 23:12:31-juv][hasht]  collisions  7: 2
[11 Dec 2019 23:12:31-juv][task] input: human/kmer-counts-jellyfish/9/SRR496397.kmer.gz colour: 0
[11 Dec 2019 23:12:31-juv]  SE reads: 130,817  PE reads: 0
[11 Dec 2019 23:12:31-juv]  good reads: 130,817  bad reads: 0
[11 Dec 2019 23:12:31-juv]  dup SE reads: 0  dup PE pairs: 0
[11 Dec 2019 23:12:31-juv]  bases read: 1,177,353  bases loaded: 1,177,353
[11 Dec 2019 23:12:31-juv]  num contigs: 130,817  num kmers: 130,817 novel kmers: 130,817
[11 Dec 2019 23:12:31-juv] Dumping graph...
[11 Dec 2019 23:12:31-juv][graphwriter] Saving file to: human/bigsi/9/mccortex.SRR496397.ctx
[11 Dec 2019 23:12:31-juv][FileFilter] Writing graph  [1 src colour]
[11 Dec 2019 23:12:31-juv][graphwriter] Dumped 130,817 kmers in 1 colour into: human/bigsi/9/mccortex.SRR496397.ctx (ver: 6)
[11 Dec 2019 23:12:31-juv][memory] We made 19 allocs
[11 Dec 2019 23:12:31-juv] Done.
[11 Dec 2019 23:12:31-juv][time] 0.00 seconds
	Command being timed: "mccortex 9 build --nkmers 140000 --threads 1 --kmer 9 --mem 5G --sample SRR496397 --seq human/kmer-counts-jellyfish/9/SRR496397.kmer.gz human/bigsi/9/mccortex.SRR496397.ctx"
	User time (seconds): 0.15
	System time (seconds): 0.02
	Percent of CPU this job got: 118%
	Elapsed (wall clock) time (h:mm:ss or m:ss): 0:00.15
	Average shared text size (kbytes): 0
	Average unshared data size (kbytes): 0
	Average stack size (kbytes): 0
	Average total size (kbytes): 0
	Maximum resident set size (kbytes): 10612
	Average resident set size (kbytes): 0
	Major (requiring I/O) page faults: 0
	Minor (reclaiming a frame) page faults: 2604
	Voluntary context switches: 180
	Involuntary context switches: 6
	Swaps: 0
	File system inputs: 528
	File system outputs: 3336
	Socket messages sent: 0
	Socket messages received: 0
	Signals delivered: 0
	Page size (bytes): 4096
	Exit status: 0
