[11 Dec 2019 23:12:28-wIQ][cmd] /home/CSCScience.ca/apetkau/miniconda3/envs/bigsi_mccortex/bin/mccortex31 build --nkmers 140000 --threads 1 --kmer 9 --mem 5G --sample SRR191429 --seq human/kmer-counts-jellyfish/9/SRR191429.kmer.gz human/bigsi/9/mccortex.SRR191429.ctx
[11 Dec 2019 23:12:28-wIQ][cwd] /home/CSCScience.ca/apetkau/workspace/comp7934-project
[11 Dec 2019 23:12:28-wIQ][version] mccortex=v0.0.3-610-g400c0e3 zlib=1.2.11 htslib=1.8-17-g699ed53 ASSERTS=ON hash=Lookup3 CHECKS=ON k=3..31
[11 Dec 2019 23:12:28-wIQ] Saving graph to: human/bigsi/9/mccortex.SRR191429.ctx
[11 Dec 2019 23:12:28-wIQ][sample] 0: SRR191429
[11 Dec 2019 23:12:28-wIQ][task] human/kmer-counts-jellyfish/9/SRR191429.kmer.gz; FASTQ offset: auto-detect, threshold: off; cut homopolymers: off; remove PCR duplicates: no; colour: 0
[11 Dec 2019 23:12:28-wIQ][memory] 104 bits per kmer
[11 Dec 2019 23:12:28-wIQ] Note: Using less memory than requested (1.8MB < 5GB); allows for 143,360 kmers
[11 Dec 2019 23:12:28-wIQ][memory] graph: 1.8MB
[11 Dec 2019 23:12:28-wIQ][memory] total: 1.8MB of 62.6GB RAM
[11 Dec 2019 23:12:28-wIQ] Writing 1 colour graph to human/bigsi/9/mccortex.SRR191429.ctx
[11 Dec 2019 23:12:28-wIQ][hasht] Allocating table with 143,360 entries, using 1.1MB
[11 Dec 2019 23:12:28-wIQ][hasht]  number of buckets: 4,096, bucket size: 35
[11 Dec 2019 23:12:28-wIQ][graph] kmer-size: 9; colours: 1; capacity: 143,360
[11 Dec 2019 23:12:28-wIQ][hasht] buckets: 4,096 [2^12]; bucket size: 35; 
[11 Dec 2019 23:12:28-wIQ][hasht] memory: 1.1MB; filled: 0 / 143,360 (0.00%)
[11 Dec 2019 23:12:28-wIQ][asyncio] Inputs: 1; Threads: 1
[11 Dec 2019 23:12:28-wIQ][seq] Parsing sequence file human/kmer-counts-jellyfish/9/SRR191429.kmer.gz
[11 Dec 2019 23:12:28-wIQ][seq] Loaded 65,848 reads and 0 reads pairs (file: human/kmer-counts-jellyfish/9/SRR191429.kmer.gz)
[11 Dec 2019 23:12:28-wIQ][hasht] buckets: 4,096 [2^12]; bucket size: 35; 
[11 Dec 2019 23:12:28-wIQ][hasht] memory: 1.1MB; filled: 65,848 / 143,360 (45.93%)
[11 Dec 2019 23:12:28-wIQ][hasht]  collisions  0: 65848
[11 Dec 2019 23:12:28-wIQ][task] input: human/kmer-counts-jellyfish/9/SRR191429.kmer.gz colour: 0
[11 Dec 2019 23:12:28-wIQ]  SE reads: 65,848  PE reads: 0
[11 Dec 2019 23:12:28-wIQ]  good reads: 65,848  bad reads: 0
[11 Dec 2019 23:12:28-wIQ]  dup SE reads: 0  dup PE pairs: 0
[11 Dec 2019 23:12:28-wIQ]  bases read: 592,632  bases loaded: 592,632
[11 Dec 2019 23:12:28-wIQ]  num contigs: 65,848  num kmers: 65,848 novel kmers: 65,848
[11 Dec 2019 23:12:28-wIQ] Dumping graph...
[11 Dec 2019 23:12:28-wIQ][graphwriter] Saving file to: human/bigsi/9/mccortex.SRR191429.ctx
[11 Dec 2019 23:12:28-wIQ][FileFilter] Writing graph  [1 src colour]
[11 Dec 2019 23:12:28-wIQ][graphwriter] Dumped 65,848 kmers in 1 colour into: human/bigsi/9/mccortex.SRR191429.ctx (ver: 6)
[11 Dec 2019 23:12:28-wIQ][memory] We made 19 allocs
[11 Dec 2019 23:12:28-wIQ] Done.
[11 Dec 2019 23:12:28-wIQ][time] 0.00 seconds
	Command being timed: "mccortex 9 build --nkmers 140000 --threads 1 --kmer 9 --mem 5G --sample SRR191429 --seq human/kmer-counts-jellyfish/9/SRR191429.kmer.gz human/bigsi/9/mccortex.SRR191429.ctx"
	User time (seconds): 0.09
	System time (seconds): 0.01
	Percent of CPU this job got: 92%
	Elapsed (wall clock) time (h:mm:ss or m:ss): 0:00.12
	Average shared text size (kbytes): 0
	Average unshared data size (kbytes): 0
	Average stack size (kbytes): 0
	Average total size (kbytes): 0
	Maximum resident set size (kbytes): 10136
	Average resident set size (kbytes): 0
	Major (requiring I/O) page faults: 0
	Minor (reclaiming a frame) page faults: 2500
	Voluntary context switches: 134
	Involuntary context switches: 10
	Swaps: 0
	File system inputs: 416
	File system outputs: 1688
	Socket messages sent: 0
	Socket messages received: 0
	Signals delivered: 0
	Page size (bytes): 4096
	Exit status: 0
