[11 Dec 2019 23:12:22-Hoc][cmd] /home/CSCScience.ca/apetkau/miniconda3/envs/bigsi_mccortex/bin/mccortex31 build --nkmers 140000 --threads 1 --kmer 9 --mem 5G --sample SRR1174334 --seq human/kmer-counts-jellyfish/9/SRR1174334.kmer.gz human/bigsi/9/mccortex.SRR1174334.ctx
[11 Dec 2019 23:12:22-Hoc][cwd] /home/CSCScience.ca/apetkau/workspace/comp7934-project
[11 Dec 2019 23:12:22-Hoc][version] mccortex=v0.0.3-610-g400c0e3 zlib=1.2.11 htslib=1.8-17-g699ed53 ASSERTS=ON hash=Lookup3 CHECKS=ON k=3..31
[11 Dec 2019 23:12:22-Hoc] Saving graph to: human/bigsi/9/mccortex.SRR1174334.ctx
[11 Dec 2019 23:12:22-Hoc][sample] 0: SRR1174334
[11 Dec 2019 23:12:22-Hoc][task] human/kmer-counts-jellyfish/9/SRR1174334.kmer.gz; FASTQ offset: auto-detect, threshold: off; cut homopolymers: off; remove PCR duplicates: no; colour: 0
[11 Dec 2019 23:12:22-Hoc][memory] 104 bits per kmer
[11 Dec 2019 23:12:22-Hoc] Note: Using less memory than requested (1.8MB < 5GB); allows for 143,360 kmers
[11 Dec 2019 23:12:22-Hoc][memory] graph: 1.8MB
[11 Dec 2019 23:12:22-Hoc][memory] total: 1.8MB of 62.6GB RAM
[11 Dec 2019 23:12:22-Hoc] Writing 1 colour graph to human/bigsi/9/mccortex.SRR1174334.ctx
[11 Dec 2019 23:12:22-Hoc][hasht] Allocating table with 143,360 entries, using 1.1MB
[11 Dec 2019 23:12:22-Hoc][hasht]  number of buckets: 4,096, bucket size: 35
[11 Dec 2019 23:12:22-Hoc][graph] kmer-size: 9; colours: 1; capacity: 143,360
[11 Dec 2019 23:12:22-Hoc][hasht] buckets: 4,096 [2^12]; bucket size: 35; 
[11 Dec 2019 23:12:22-Hoc][hasht] memory: 1.1MB; filled: 0 / 143,360 (0.00%)
[11 Dec 2019 23:12:22-Hoc][asyncio] Inputs: 1; Threads: 1
[11 Dec 2019 23:12:22-Hoc][seq] Parsing sequence file human/kmer-counts-jellyfish/9/SRR1174334.kmer.gz
[11 Dec 2019 23:12:23-Hoc][seq] Loaded 130,883 reads and 0 reads pairs (file: human/kmer-counts-jellyfish/9/SRR1174334.kmer.gz)
[11 Dec 2019 23:12:23-Hoc][hasht] buckets: 4,096 [2^12]; bucket size: 35; 
[11 Dec 2019 23:12:23-Hoc][hasht] memory: 1.1MB; filled: 130,883 / 143,360 (91.30%)
[11 Dec 2019 23:12:23-Hoc][hasht]  collisions  0: 125756
[11 Dec 2019 23:12:23-Hoc][hasht]  collisions  1: 3880
[11 Dec 2019 23:12:23-Hoc][hasht]  collisions  2: 870
[11 Dec 2019 23:12:23-Hoc][hasht]  collisions  3: 264
[11 Dec 2019 23:12:23-Hoc][hasht]  collisions  4: 74
[11 Dec 2019 23:12:23-Hoc][hasht]  collisions  5: 25
[11 Dec 2019 23:12:23-Hoc][hasht]  collisions  6: 10
[11 Dec 2019 23:12:23-Hoc][hasht]  collisions  7: 2
[11 Dec 2019 23:12:23-Hoc][hasht]  collisions  8: 1
[11 Dec 2019 23:12:23-Hoc][hasht]  collisions 10: 1
[11 Dec 2019 23:12:23-Hoc][task] input: human/kmer-counts-jellyfish/9/SRR1174334.kmer.gz colour: 0
[11 Dec 2019 23:12:23-Hoc]  SE reads: 130,883  PE reads: 0
[11 Dec 2019 23:12:23-Hoc]  good reads: 130,883  bad reads: 0
[11 Dec 2019 23:12:23-Hoc]  dup SE reads: 0  dup PE pairs: 0
[11 Dec 2019 23:12:23-Hoc]  bases read: 1,177,947  bases loaded: 1,177,947
[11 Dec 2019 23:12:23-Hoc]  num contigs: 130,883  num kmers: 130,883 novel kmers: 130,883
[11 Dec 2019 23:12:23-Hoc] Dumping graph...
[11 Dec 2019 23:12:23-Hoc][graphwriter] Saving file to: human/bigsi/9/mccortex.SRR1174334.ctx
[11 Dec 2019 23:12:23-Hoc][FileFilter] Writing graph  [1 src colour]
[11 Dec 2019 23:12:23-Hoc][graphwriter] Dumped 130,883 kmers in 1 colour into: human/bigsi/9/mccortex.SRR1174334.ctx (ver: 6)
[11 Dec 2019 23:12:23-Hoc][memory] We made 19 allocs
[11 Dec 2019 23:12:23-Hoc] Done.
[11 Dec 2019 23:12:23-Hoc][time] 1.00 seconds
	Command being timed: "mccortex 9 build --nkmers 140000 --threads 1 --kmer 9 --mem 5G --sample SRR1174334 --seq human/kmer-counts-jellyfish/9/SRR1174334.kmer.gz human/bigsi/9/mccortex.SRR1174334.ctx"
	User time (seconds): 0.35
	System time (seconds): 0.12
	Percent of CPU this job got: 128%
	Elapsed (wall clock) time (h:mm:ss or m:ss): 0:00.37
	Average shared text size (kbytes): 0
	Average unshared data size (kbytes): 0
	Average stack size (kbytes): 0
	Average total size (kbytes): 0
	Maximum resident set size (kbytes): 10520
	Average resident set size (kbytes): 0
	Major (requiring I/O) page faults: 0
	Minor (reclaiming a frame) page faults: 2598
	Voluntary context switches: 10878
	Involuntary context switches: 6139
	Swaps: 0
	File system inputs: 528
	File system outputs: 3336
	Socket messages sent: 0
	Socket messages received: 0
	Signals delivered: 0
	Page size (bytes): 4096
	Exit status: 0
