[11 Dec 2019 23:12:25-kIz][cmd] /home/CSCScience.ca/apetkau/miniconda3/envs/bigsi_mccortex/bin/mccortex31 build --nkmers 140000 --threads 1 --kmer 9 --mem 5G --sample SRR1313216 --seq human/kmer-counts-jellyfish/9/SRR1313216.kmer.gz human/bigsi/9/mccortex.SRR1313216.ctx
[11 Dec 2019 23:12:25-kIz][cwd] /home/CSCScience.ca/apetkau/workspace/comp7934-project
[11 Dec 2019 23:12:25-kIz][version] mccortex=v0.0.3-610-g400c0e3 zlib=1.2.11 htslib=1.8-17-g699ed53 ASSERTS=ON hash=Lookup3 CHECKS=ON k=3..31
[11 Dec 2019 23:12:25-kIz] Saving graph to: human/bigsi/9/mccortex.SRR1313216.ctx
[11 Dec 2019 23:12:25-kIz][sample] 0: SRR1313216
[11 Dec 2019 23:12:25-kIz][task] human/kmer-counts-jellyfish/9/SRR1313216.kmer.gz; FASTQ offset: auto-detect, threshold: off; cut homopolymers: off; remove PCR duplicates: no; colour: 0
[11 Dec 2019 23:12:25-kIz][memory] 104 bits per kmer
[11 Dec 2019 23:12:25-kIz] Note: Using less memory than requested (1.8MB < 5GB); allows for 143,360 kmers
[11 Dec 2019 23:12:25-kIz][memory] graph: 1.8MB
[11 Dec 2019 23:12:25-kIz][memory] total: 1.8MB of 62.6GB RAM
[11 Dec 2019 23:12:25-kIz] Writing 1 colour graph to human/bigsi/9/mccortex.SRR1313216.ctx
[11 Dec 2019 23:12:25-kIz][hasht] Allocating table with 143,360 entries, using 1.1MB
[11 Dec 2019 23:12:25-kIz][hasht]  number of buckets: 4,096, bucket size: 35
[11 Dec 2019 23:12:25-kIz][graph] kmer-size: 9; colours: 1; capacity: 143,360
[11 Dec 2019 23:12:25-kIz][hasht] buckets: 4,096 [2^12]; bucket size: 35; 
[11 Dec 2019 23:12:25-kIz][hasht] memory: 1.1MB; filled: 0 / 143,360 (0.00%)
[11 Dec 2019 23:12:25-kIz][asyncio] Inputs: 1; Threads: 1
[11 Dec 2019 23:12:25-kIz][seq] Parsing sequence file human/kmer-counts-jellyfish/9/SRR1313216.kmer.gz
[11 Dec 2019 23:12:26-kIz][seq] Loaded 130,715 reads and 0 reads pairs (file: human/kmer-counts-jellyfish/9/SRR1313216.kmer.gz)
[11 Dec 2019 23:12:26-kIz][hasht] buckets: 4,096 [2^12]; bucket size: 35; 
[11 Dec 2019 23:12:26-kIz][hasht] memory: 1.1MB; filled: 130,715 / 143,360 (91.18%)
[11 Dec 2019 23:12:26-kIz][hasht]  collisions  0: 125338
[11 Dec 2019 23:12:26-kIz][hasht]  collisions  1: 4144
[11 Dec 2019 23:12:26-kIz][hasht]  collisions  2: 849
[11 Dec 2019 23:12:26-kIz][hasht]  collisions  3: 250
[11 Dec 2019 23:12:26-kIz][hasht]  collisions  4: 94
[11 Dec 2019 23:12:26-kIz][hasht]  collisions  5: 32
[11 Dec 2019 23:12:26-kIz][hasht]  collisions  6: 4
[11 Dec 2019 23:12:26-kIz][hasht]  collisions  7: 3
[11 Dec 2019 23:12:26-kIz][hasht]  collisions  8: 1
[11 Dec 2019 23:12:26-kIz][task] input: human/kmer-counts-jellyfish/9/SRR1313216.kmer.gz colour: 0
[11 Dec 2019 23:12:26-kIz]  SE reads: 130,715  PE reads: 0
[11 Dec 2019 23:12:26-kIz]  good reads: 130,715  bad reads: 0
[11 Dec 2019 23:12:26-kIz]  dup SE reads: 0  dup PE pairs: 0
[11 Dec 2019 23:12:26-kIz]  bases read: 1,176,435  bases loaded: 1,176,435
[11 Dec 2019 23:12:26-kIz]  num contigs: 130,715  num kmers: 130,715 novel kmers: 130,715
[11 Dec 2019 23:12:26-kIz] Dumping graph...
[11 Dec 2019 23:12:26-kIz][graphwriter] Saving file to: human/bigsi/9/mccortex.SRR1313216.ctx
[11 Dec 2019 23:12:26-kIz][FileFilter] Writing graph  [1 src colour]
[11 Dec 2019 23:12:26-kIz][graphwriter] Dumped 130,715 kmers in 1 colour into: human/bigsi/9/mccortex.SRR1313216.ctx (ver: 6)
[11 Dec 2019 23:12:26-kIz][memory] We made 19 allocs
[11 Dec 2019 23:12:26-kIz] Done.
[11 Dec 2019 23:12:26-kIz][time] 1.00 seconds
	Command being timed: "mccortex 9 build --nkmers 140000 --threads 1 --kmer 9 --mem 5G --sample SRR1313216 --seq human/kmer-counts-jellyfish/9/SRR1313216.kmer.gz human/bigsi/9/mccortex.SRR1313216.ctx"
	User time (seconds): 0.33
	System time (seconds): 0.10
	Percent of CPU this job got: 83%
	Elapsed (wall clock) time (h:mm:ss or m:ss): 0:00.52
	Average shared text size (kbytes): 0
	Average unshared data size (kbytes): 0
	Average stack size (kbytes): 0
	Average total size (kbytes): 0
	Maximum resident set size (kbytes): 10592
	Average resident set size (kbytes): 0
	Major (requiring I/O) page faults: 0
	Minor (reclaiming a frame) page faults: 2600
	Voluntary context switches: 13770
	Involuntary context switches: 14085
	Swaps: 0
	File system inputs: 528
	File system outputs: 3328
	Socket messages sent: 0
	Socket messages received: 0
	Signals delivered: 0
	Page size (bytes): 4096
	Exit status: 0
