[11 Dec 2019 23:12:22-TeN][cmd] /home/CSCScience.ca/apetkau/miniconda3/envs/bigsi_mccortex/bin/mccortex31 build --nkmers 140000 --threads 1 --kmer 9 --mem 5G --sample SRR1292581 --seq human/kmer-counts-jellyfish/9/SRR1292581.kmer.gz human/bigsi/9/mccortex.SRR1292581.ctx
[11 Dec 2019 23:12:22-TeN][cwd] /home/CSCScience.ca/apetkau/workspace/comp7934-project
[11 Dec 2019 23:12:22-TeN][version] mccortex=v0.0.3-610-g400c0e3 zlib=1.2.11 htslib=1.8-17-g699ed53 ASSERTS=ON hash=Lookup3 CHECKS=ON k=3..31
[11 Dec 2019 23:12:22-TeN] Saving graph to: human/bigsi/9/mccortex.SRR1292581.ctx
[11 Dec 2019 23:12:22-TeN][sample] 0: SRR1292581
[11 Dec 2019 23:12:22-TeN][task] human/kmer-counts-jellyfish/9/SRR1292581.kmer.gz; FASTQ offset: auto-detect, threshold: off; cut homopolymers: off; remove PCR duplicates: no; colour: 0
[11 Dec 2019 23:12:22-TeN][memory] 104 bits per kmer
[11 Dec 2019 23:12:22-TeN] Note: Using less memory than requested (1.8MB < 5GB); allows for 143,360 kmers
[11 Dec 2019 23:12:22-TeN][memory] graph: 1.8MB
[11 Dec 2019 23:12:22-TeN][memory] total: 1.8MB of 62.6GB RAM
[11 Dec 2019 23:12:22-TeN] Writing 1 colour graph to human/bigsi/9/mccortex.SRR1292581.ctx
[11 Dec 2019 23:12:22-TeN][hasht] Allocating table with 143,360 entries, using 1.1MB
[11 Dec 2019 23:12:22-TeN][hasht]  number of buckets: 4,096, bucket size: 35
[11 Dec 2019 23:12:22-TeN][graph] kmer-size: 9; colours: 1; capacity: 143,360
[11 Dec 2019 23:12:22-TeN][hasht] buckets: 4,096 [2^12]; bucket size: 35; 
[11 Dec 2019 23:12:22-TeN][hasht] memory: 1.1MB; filled: 0 / 143,360 (0.00%)
[11 Dec 2019 23:12:22-TeN][asyncio] Inputs: 1; Threads: 1
[11 Dec 2019 23:12:22-TeN][seq] Parsing sequence file human/kmer-counts-jellyfish/9/SRR1292581.kmer.gz
[11 Dec 2019 23:12:22-TeN][seq] Loaded 131,000 reads and 0 reads pairs (file: human/kmer-counts-jellyfish/9/SRR1292581.kmer.gz)
[11 Dec 2019 23:12:22-TeN][hasht] buckets: 4,096 [2^12]; bucket size: 35; 
[11 Dec 2019 23:12:22-TeN][hasht] memory: 1.1MB; filled: 131,000 / 143,360 (91.38%)
[11 Dec 2019 23:12:22-TeN][hasht]  collisions  0: 125852
[11 Dec 2019 23:12:22-TeN][hasht]  collisions  1: 3880
[11 Dec 2019 23:12:22-TeN][hasht]  collisions  2: 900
[11 Dec 2019 23:12:22-TeN][hasht]  collisions  3: 237
[11 Dec 2019 23:12:22-TeN][hasht]  collisions  4: 89
[11 Dec 2019 23:12:22-TeN][hasht]  collisions  5: 27
[11 Dec 2019 23:12:22-TeN][hasht]  collisions  6: 11
[11 Dec 2019 23:12:22-TeN][hasht]  collisions  7: 3
[11 Dec 2019 23:12:22-TeN][hasht]  collisions  8: 1
[11 Dec 2019 23:12:22-TeN][task] input: human/kmer-counts-jellyfish/9/SRR1292581.kmer.gz colour: 0
[11 Dec 2019 23:12:22-TeN]  SE reads: 131,000  PE reads: 0
[11 Dec 2019 23:12:22-TeN]  good reads: 131,000  bad reads: 0
[11 Dec 2019 23:12:22-TeN]  dup SE reads: 0  dup PE pairs: 0
[11 Dec 2019 23:12:22-TeN]  bases read: 1,179,000  bases loaded: 1,179,000
[11 Dec 2019 23:12:22-TeN]  num contigs: 131,000  num kmers: 131,000 novel kmers: 131,000
[11 Dec 2019 23:12:22-TeN] Dumping graph...
[11 Dec 2019 23:12:22-TeN][graphwriter] Saving file to: human/bigsi/9/mccortex.SRR1292581.ctx
[11 Dec 2019 23:12:22-TeN][FileFilter] Writing graph  [1 src colour]
[11 Dec 2019 23:12:23-TeN][graphwriter] Dumped 131,000 kmers in 1 colour into: human/bigsi/9/mccortex.SRR1292581.ctx (ver: 6)
[11 Dec 2019 23:12:23-TeN][memory] We made 19 allocs
[11 Dec 2019 23:12:23-TeN] Done.
[11 Dec 2019 23:12:23-TeN][time] 1.00 seconds
	Command being timed: "mccortex 9 build --nkmers 140000 --threads 1 --kmer 9 --mem 5G --sample SRR1292581 --seq human/kmer-counts-jellyfish/9/SRR1292581.kmer.gz human/bigsi/9/mccortex.SRR1292581.ctx"
	User time (seconds): 0.14
	System time (seconds): 0.03
	Percent of CPU this job got: 162%
	Elapsed (wall clock) time (h:mm:ss or m:ss): 0:00.10
	Average shared text size (kbytes): 0
	Average unshared data size (kbytes): 0
	Average stack size (kbytes): 0
	Average total size (kbytes): 0
	Maximum resident set size (kbytes): 10468
	Average resident set size (kbytes): 0
	Major (requiring I/O) page faults: 0
	Minor (reclaiming a frame) page faults: 2598
	Voluntary context switches: 107
	Involuntary context switches: 1
	Swaps: 0
	File system inputs: 536
	File system outputs: 3336
	Socket messages sent: 0
	Socket messages received: 0
	Signals delivered: 0
	Page size (bytes): 4096
	Exit status: 0
