[11 Dec 2019 23:12:33-NOc][cmd] /home/CSCScience.ca/apetkau/miniconda3/envs/bigsi_mccortex/bin/mccortex31 build --nkmers 140000 --threads 1 --kmer 9 --mem 5G --sample SRR518958 --seq human/kmer-counts-jellyfish/9/SRR518958.kmer.gz human/bigsi/9/mccortex.SRR518958.ctx
[11 Dec 2019 23:12:33-NOc][cwd] /home/CSCScience.ca/apetkau/workspace/comp7934-project
[11 Dec 2019 23:12:33-NOc][version] mccortex=v0.0.3-610-g400c0e3 zlib=1.2.11 htslib=1.8-17-g699ed53 ASSERTS=ON hash=Lookup3 CHECKS=ON k=3..31
[11 Dec 2019 23:12:33-NOc] Saving graph to: human/bigsi/9/mccortex.SRR518958.ctx
[11 Dec 2019 23:12:33-NOc][sample] 0: SRR518958
[11 Dec 2019 23:12:33-NOc][task] human/kmer-counts-jellyfish/9/SRR518958.kmer.gz; FASTQ offset: auto-detect, threshold: off; cut homopolymers: off; remove PCR duplicates: no; colour: 0
[11 Dec 2019 23:12:33-NOc][memory] 104 bits per kmer
[11 Dec 2019 23:12:33-NOc] Note: Using less memory than requested (1.8MB < 5GB); allows for 143,360 kmers
[11 Dec 2019 23:12:33-NOc][memory] graph: 1.8MB
[11 Dec 2019 23:12:33-NOc][memory] total: 1.8MB of 62.6GB RAM
[11 Dec 2019 23:12:33-NOc] Writing 1 colour graph to human/bigsi/9/mccortex.SRR518958.ctx
[11 Dec 2019 23:12:33-NOc][hasht] Allocating table with 143,360 entries, using 1.1MB
[11 Dec 2019 23:12:33-NOc][hasht]  number of buckets: 4,096, bucket size: 35
[11 Dec 2019 23:12:33-NOc][graph] kmer-size: 9; colours: 1; capacity: 143,360
[11 Dec 2019 23:12:33-NOc][hasht] buckets: 4,096 [2^12]; bucket size: 35; 
[11 Dec 2019 23:12:33-NOc][hasht] memory: 1.1MB; filled: 0 / 143,360 (0.00%)
[11 Dec 2019 23:12:33-NOc][asyncio] Inputs: 1; Threads: 1
[11 Dec 2019 23:12:33-NOc][seq] Parsing sequence file human/kmer-counts-jellyfish/9/SRR518958.kmer.gz
[11 Dec 2019 23:12:33-NOc][seq] Loaded 88,070 reads and 0 reads pairs (file: human/kmer-counts-jellyfish/9/SRR518958.kmer.gz)
[11 Dec 2019 23:12:33-NOc][hasht] buckets: 4,096 [2^12]; bucket size: 35; 
[11 Dec 2019 23:12:33-NOc][hasht] memory: 1.1MB; filled: 88,070 / 143,360 (61.43%)
[11 Dec 2019 23:12:33-NOc][hasht]  collisions  0: 88048
[11 Dec 2019 23:12:33-NOc][hasht]  collisions  1: 22
[11 Dec 2019 23:12:33-NOc][task] input: human/kmer-counts-jellyfish/9/SRR518958.kmer.gz colour: 0
[11 Dec 2019 23:12:33-NOc]  SE reads: 88,070  PE reads: 0
[11 Dec 2019 23:12:33-NOc]  good reads: 88,070  bad reads: 0
[11 Dec 2019 23:12:33-NOc]  dup SE reads: 0  dup PE pairs: 0
[11 Dec 2019 23:12:33-NOc]  bases read: 792,630  bases loaded: 792,630
[11 Dec 2019 23:12:33-NOc]  num contigs: 88,070  num kmers: 88,070 novel kmers: 88,070
[11 Dec 2019 23:12:33-NOc] Dumping graph...
[11 Dec 2019 23:12:33-NOc][graphwriter] Saving file to: human/bigsi/9/mccortex.SRR518958.ctx
[11 Dec 2019 23:12:33-NOc][FileFilter] Writing graph  [1 src colour]
[11 Dec 2019 23:12:33-NOc][graphwriter] Dumped 88,070 kmers in 1 colour into: human/bigsi/9/mccortex.SRR518958.ctx (ver: 6)
[11 Dec 2019 23:12:33-NOc][memory] We made 19 allocs
[11 Dec 2019 23:12:33-NOc] Done.
[11 Dec 2019 23:12:33-NOc][time] 0.00 seconds
	Command being timed: "mccortex 9 build --nkmers 140000 --threads 1 --kmer 9 --mem 5G --sample SRR518958 --seq human/kmer-counts-jellyfish/9/SRR518958.kmer.gz human/bigsi/9/mccortex.SRR518958.ctx"
	User time (seconds): 0.14
	System time (seconds): 0.01
	Percent of CPU this job got: 156%
	Elapsed (wall clock) time (h:mm:ss or m:ss): 0:00.10
	Average shared text size (kbytes): 0
	Average unshared data size (kbytes): 0
	Average stack size (kbytes): 0
	Average total size (kbytes): 0
	Maximum resident set size (kbytes): 10372
	Average resident set size (kbytes): 0
	Major (requiring I/O) page faults: 0
	Minor (reclaiming a frame) page faults: 2556
	Voluntary context switches: 209
	Involuntary context switches: 5
	Swaps: 0
	File system inputs: 552
	File system outputs: 2248
	Socket messages sent: 0
	Socket messages received: 0
	Signals delivered: 0
	Page size (bytes): 4096
	Exit status: 0
