[11 Dec 2019 23:12:31-fAv][cmd] /home/CSCScience.ca/apetkau/miniconda3/envs/bigsi_mccortex/bin/mccortex31 build --nkmers 140000 --threads 1 --kmer 9 --mem 5G --sample SRR393767 --seq human/kmer-counts-jellyfish/9/SRR393767.kmer.gz human/bigsi/9/mccortex.SRR393767.ctx
[11 Dec 2019 23:12:31-fAv][cwd] /home/CSCScience.ca/apetkau/workspace/comp7934-project
[11 Dec 2019 23:12:31-fAv][version] mccortex=v0.0.3-610-g400c0e3 zlib=1.2.11 htslib=1.8-17-g699ed53 ASSERTS=ON hash=Lookup3 CHECKS=ON k=3..31
[11 Dec 2019 23:12:31-fAv] Saving graph to: human/bigsi/9/mccortex.SRR393767.ctx
[11 Dec 2019 23:12:31-fAv][sample] 0: SRR393767
[11 Dec 2019 23:12:31-fAv][task] human/kmer-counts-jellyfish/9/SRR393767.kmer.gz; FASTQ offset: auto-detect, threshold: off; cut homopolymers: off; remove PCR duplicates: no; colour: 0
[11 Dec 2019 23:12:31-fAv][memory] 104 bits per kmer
[11 Dec 2019 23:12:31-fAv] Note: Using less memory than requested (1.8MB < 5GB); allows for 143,360 kmers
[11 Dec 2019 23:12:31-fAv][memory] graph: 1.8MB
[11 Dec 2019 23:12:31-fAv][memory] total: 1.8MB of 62.6GB RAM
[11 Dec 2019 23:12:31-fAv] Writing 1 colour graph to human/bigsi/9/mccortex.SRR393767.ctx
[11 Dec 2019 23:12:31-fAv][hasht] Allocating table with 143,360 entries, using 1.1MB
[11 Dec 2019 23:12:31-fAv][hasht]  number of buckets: 4,096, bucket size: 35
[11 Dec 2019 23:12:31-fAv][graph] kmer-size: 9; colours: 1; capacity: 143,360
[11 Dec 2019 23:12:31-fAv][hasht] buckets: 4,096 [2^12]; bucket size: 35; 
[11 Dec 2019 23:12:31-fAv][hasht] memory: 1.1MB; filled: 0 / 143,360 (0.00%)
[11 Dec 2019 23:12:31-fAv][asyncio] Inputs: 1; Threads: 1
[11 Dec 2019 23:12:31-fAv][seq] Parsing sequence file human/kmer-counts-jellyfish/9/SRR393767.kmer.gz
[11 Dec 2019 23:12:31-fAv][seq] Loaded 130,836 reads and 0 reads pairs (file: human/kmer-counts-jellyfish/9/SRR393767.kmer.gz)
[11 Dec 2019 23:12:31-fAv][hasht] buckets: 4,096 [2^12]; bucket size: 35; 
[11 Dec 2019 23:12:31-fAv][hasht] memory: 1.1MB; filled: 130,836 / 143,360 (91.26%)
[11 Dec 2019 23:12:31-fAv][hasht]  collisions  0: 125612
[11 Dec 2019 23:12:31-fAv][hasht]  collisions  1: 4007
[11 Dec 2019 23:12:31-fAv][hasht]  collisions  2: 858
[11 Dec 2019 23:12:31-fAv][hasht]  collisions  3: 240
[11 Dec 2019 23:12:31-fAv][hasht]  collisions  4: 86
[11 Dec 2019 23:12:31-fAv][hasht]  collisions  5: 16
[11 Dec 2019 23:12:31-fAv][hasht]  collisions  6: 12
[11 Dec 2019 23:12:31-fAv][hasht]  collisions  7: 4
[11 Dec 2019 23:12:31-fAv][hasht]  collisions  9: 1
[11 Dec 2019 23:12:31-fAv][task] input: human/kmer-counts-jellyfish/9/SRR393767.kmer.gz colour: 0
[11 Dec 2019 23:12:31-fAv]  SE reads: 130,836  PE reads: 0
[11 Dec 2019 23:12:31-fAv]  good reads: 130,836  bad reads: 0
[11 Dec 2019 23:12:31-fAv]  dup SE reads: 0  dup PE pairs: 0
[11 Dec 2019 23:12:31-fAv]  bases read: 1,177,524  bases loaded: 1,177,524
[11 Dec 2019 23:12:31-fAv]  num contigs: 130,836  num kmers: 130,836 novel kmers: 130,836
[11 Dec 2019 23:12:31-fAv] Dumping graph...
[11 Dec 2019 23:12:31-fAv][graphwriter] Saving file to: human/bigsi/9/mccortex.SRR393767.ctx
[11 Dec 2019 23:12:31-fAv][FileFilter] Writing graph  [1 src colour]
[11 Dec 2019 23:12:31-fAv][graphwriter] Dumped 130,836 kmers in 1 colour into: human/bigsi/9/mccortex.SRR393767.ctx (ver: 6)
[11 Dec 2019 23:12:31-fAv][memory] We made 19 allocs
[11 Dec 2019 23:12:31-fAv] Done.
[11 Dec 2019 23:12:31-fAv][time] 0.00 seconds
	Command being timed: "mccortex 9 build --nkmers 140000 --threads 1 --kmer 9 --mem 5G --sample SRR393767 --seq human/kmer-counts-jellyfish/9/SRR393767.kmer.gz human/bigsi/9/mccortex.SRR393767.ctx"
	User time (seconds): 0.30
	System time (seconds): 0.03
	Percent of CPU this job got: 124%
	Elapsed (wall clock) time (h:mm:ss or m:ss): 0:00.27
	Average shared text size (kbytes): 0
	Average unshared data size (kbytes): 0
	Average stack size (kbytes): 0
	Average total size (kbytes): 0
	Maximum resident set size (kbytes): 10524
	Average resident set size (kbytes): 0
	Major (requiring I/O) page faults: 0
	Minor (reclaiming a frame) page faults: 2601
	Voluntary context switches: 950
	Involuntary context switches: 788
	Swaps: 0
	File system inputs: 528
	File system outputs: 3336
	Socket messages sent: 0
	Socket messages received: 0
	Signals delivered: 0
	Page size (bytes): 4096
	Exit status: 0
