[11 Dec 2019 23:12:22-wag][cmd] /home/CSCScience.ca/apetkau/miniconda3/envs/bigsi_mccortex/bin/mccortex31 build --nkmers 140000 --threads 1 --kmer 9 --mem 5G --sample SRR1294106 --seq human/kmer-counts-jellyfish/9/SRR1294106.kmer.gz human/bigsi/9/mccortex.SRR1294106.ctx
[11 Dec 2019 23:12:22-wag][cwd] /home/CSCScience.ca/apetkau/workspace/comp7934-project
[11 Dec 2019 23:12:22-wag][version] mccortex=v0.0.3-610-g400c0e3 zlib=1.2.11 htslib=1.8-17-g699ed53 ASSERTS=ON hash=Lookup3 CHECKS=ON k=3..31
[11 Dec 2019 23:12:22-wag] Saving graph to: human/bigsi/9/mccortex.SRR1294106.ctx
[11 Dec 2019 23:12:22-wag][sample] 0: SRR1294106
[11 Dec 2019 23:12:22-wag][task] human/kmer-counts-jellyfish/9/SRR1294106.kmer.gz; FASTQ offset: auto-detect, threshold: off; cut homopolymers: off; remove PCR duplicates: no; colour: 0
[11 Dec 2019 23:12:22-wag][memory] 104 bits per kmer
[11 Dec 2019 23:12:22-wag] Note: Using less memory than requested (1.8MB < 5GB); allows for 143,360 kmers
[11 Dec 2019 23:12:22-wag][memory] graph: 1.8MB
[11 Dec 2019 23:12:22-wag][memory] total: 1.8MB of 62.6GB RAM
[11 Dec 2019 23:12:22-wag] Writing 1 colour graph to human/bigsi/9/mccortex.SRR1294106.ctx
[11 Dec 2019 23:12:22-wag][hasht] Allocating table with 143,360 entries, using 1.1MB
[11 Dec 2019 23:12:22-wag][hasht]  number of buckets: 4,096, bucket size: 35
[11 Dec 2019 23:12:22-wag][graph] kmer-size: 9; colours: 1; capacity: 143,360
[11 Dec 2019 23:12:22-wag][hasht] buckets: 4,096 [2^12]; bucket size: 35; 
[11 Dec 2019 23:12:22-wag][hasht] memory: 1.1MB; filled: 0 / 143,360 (0.00%)
[11 Dec 2019 23:12:22-wag][asyncio] Inputs: 1; Threads: 1
[11 Dec 2019 23:12:22-wag][seq] Parsing sequence file human/kmer-counts-jellyfish/9/SRR1294106.kmer.gz
[11 Dec 2019 23:12:23-wag][seq] Loaded 130,879 reads and 0 reads pairs (file: human/kmer-counts-jellyfish/9/SRR1294106.kmer.gz)
[11 Dec 2019 23:12:23-wag][hasht] buckets: 4,096 [2^12]; bucket size: 35; 
[11 Dec 2019 23:12:23-wag][hasht] memory: 1.1MB; filled: 130,879 / 143,360 (91.29%)
[11 Dec 2019 23:12:23-wag][hasht]  collisions  0: 125694
[11 Dec 2019 23:12:23-wag][hasht]  collisions  1: 3957
[11 Dec 2019 23:12:23-wag][hasht]  collisions  2: 855
[11 Dec 2019 23:12:23-wag][hasht]  collisions  3: 239
[11 Dec 2019 23:12:23-wag][hasht]  collisions  4: 86
[11 Dec 2019 23:12:23-wag][hasht]  collisions  5: 28
[11 Dec 2019 23:12:23-wag][hasht]  collisions  6: 13
[11 Dec 2019 23:12:23-wag][hasht]  collisions  7: 4
[11 Dec 2019 23:12:23-wag][hasht]  collisions  8: 2
[11 Dec 2019 23:12:23-wag][hasht]  collisions  9: 1
[11 Dec 2019 23:12:23-wag][task] input: human/kmer-counts-jellyfish/9/SRR1294106.kmer.gz colour: 0
[11 Dec 2019 23:12:23-wag]  SE reads: 130,879  PE reads: 0
[11 Dec 2019 23:12:23-wag]  good reads: 130,879  bad reads: 0
[11 Dec 2019 23:12:23-wag]  dup SE reads: 0  dup PE pairs: 0
[11 Dec 2019 23:12:23-wag]  bases read: 1,177,911  bases loaded: 1,177,911
[11 Dec 2019 23:12:23-wag]  num contigs: 130,879  num kmers: 130,879 novel kmers: 130,879
[11 Dec 2019 23:12:23-wag] Dumping graph...
[11 Dec 2019 23:12:23-wag][graphwriter] Saving file to: human/bigsi/9/mccortex.SRR1294106.ctx
[11 Dec 2019 23:12:23-wag][FileFilter] Writing graph  [1 src colour]
[11 Dec 2019 23:12:23-wag][graphwriter] Dumped 130,879 kmers in 1 colour into: human/bigsi/9/mccortex.SRR1294106.ctx (ver: 6)
[11 Dec 2019 23:12:23-wag][memory] We made 19 allocs
[11 Dec 2019 23:12:23-wag] Done.
[11 Dec 2019 23:12:23-wag][time] 1.00 seconds
	Command being timed: "mccortex 9 build --nkmers 140000 --threads 1 --kmer 9 --mem 5G --sample SRR1294106 --seq human/kmer-counts-jellyfish/9/SRR1294106.kmer.gz human/bigsi/9/mccortex.SRR1294106.ctx"
	User time (seconds): 0.17
	System time (seconds): 0.03
	Percent of CPU this job got: 164%
	Elapsed (wall clock) time (h:mm:ss or m:ss): 0:00.12
	Average shared text size (kbytes): 0
	Average unshared data size (kbytes): 0
	Average stack size (kbytes): 0
	Average total size (kbytes): 0
	Maximum resident set size (kbytes): 10520
	Average resident set size (kbytes): 0
	Major (requiring I/O) page faults: 0
	Minor (reclaiming a frame) page faults: 2602
	Voluntary context switches: 200
	Involuntary context switches: 2
	Swaps: 0
	File system inputs: 528
	File system outputs: 3336
	Socket messages sent: 0
	Socket messages received: 0
	Signals delivered: 0
	Page size (bytes): 4096
	Exit status: 0
