[11 Dec 2019 23:12:25-hAz][cmd] /home/CSCScience.ca/apetkau/miniconda3/envs/bigsi_mccortex/bin/mccortex31 build --nkmers 140000 --threads 1 --kmer 9 --mem 5G --sample SRR1313077 --seq human/kmer-counts-jellyfish/9/SRR1313077.kmer.gz human/bigsi/9/mccortex.SRR1313077.ctx
[11 Dec 2019 23:12:25-hAz][cwd] /home/CSCScience.ca/apetkau/workspace/comp7934-project
[11 Dec 2019 23:12:25-hAz][version] mccortex=v0.0.3-610-g400c0e3 zlib=1.2.11 htslib=1.8-17-g699ed53 ASSERTS=ON hash=Lookup3 CHECKS=ON k=3..31
[11 Dec 2019 23:12:25-hAz] Saving graph to: human/bigsi/9/mccortex.SRR1313077.ctx
[11 Dec 2019 23:12:25-hAz][sample] 0: SRR1313077
[11 Dec 2019 23:12:25-hAz][task] human/kmer-counts-jellyfish/9/SRR1313077.kmer.gz; FASTQ offset: auto-detect, threshold: off; cut homopolymers: off; remove PCR duplicates: no; colour: 0
[11 Dec 2019 23:12:25-hAz][memory] 104 bits per kmer
[11 Dec 2019 23:12:25-hAz] Note: Using less memory than requested (1.8MB < 5GB); allows for 143,360 kmers
[11 Dec 2019 23:12:25-hAz][memory] graph: 1.8MB
[11 Dec 2019 23:12:25-hAz][memory] total: 1.8MB of 62.6GB RAM
[11 Dec 2019 23:12:25-hAz] Writing 1 colour graph to human/bigsi/9/mccortex.SRR1313077.ctx
[11 Dec 2019 23:12:25-hAz][hasht] Allocating table with 143,360 entries, using 1.1MB
[11 Dec 2019 23:12:25-hAz][hasht]  number of buckets: 4,096, bucket size: 35
[11 Dec 2019 23:12:25-hAz][graph] kmer-size: 9; colours: 1; capacity: 143,360
[11 Dec 2019 23:12:25-hAz][hasht] buckets: 4,096 [2^12]; bucket size: 35; 
[11 Dec 2019 23:12:25-hAz][hasht] memory: 1.1MB; filled: 0 / 143,360 (0.00%)
[11 Dec 2019 23:12:25-hAz][asyncio] Inputs: 1; Threads: 1
[11 Dec 2019 23:12:25-hAz][seq] Parsing sequence file human/kmer-counts-jellyfish/9/SRR1313077.kmer.gz
[11 Dec 2019 23:12:25-hAz][seq] Loaded 130,835 reads and 0 reads pairs (file: human/kmer-counts-jellyfish/9/SRR1313077.kmer.gz)
[11 Dec 2019 23:12:25-hAz][hasht] buckets: 4,096 [2^12]; bucket size: 35; 
[11 Dec 2019 23:12:25-hAz][hasht] memory: 1.1MB; filled: 130,835 / 143,360 (91.26%)
[11 Dec 2019 23:12:25-hAz][hasht]  collisions  0: 125434
[11 Dec 2019 23:12:25-hAz][hasht]  collisions  1: 4160
[11 Dec 2019 23:12:25-hAz][hasht]  collisions  2: 855
[11 Dec 2019 23:12:25-hAz][hasht]  collisions  3: 258
[11 Dec 2019 23:12:25-hAz][hasht]  collisions  4: 83
[11 Dec 2019 23:12:25-hAz][hasht]  collisions  5: 31
[11 Dec 2019 23:12:25-hAz][hasht]  collisions  6: 8
[11 Dec 2019 23:12:25-hAz][hasht]  collisions  7: 4
[11 Dec 2019 23:12:25-hAz][hasht]  collisions  8: 2
[11 Dec 2019 23:12:25-hAz][task] input: human/kmer-counts-jellyfish/9/SRR1313077.kmer.gz colour: 0
[11 Dec 2019 23:12:25-hAz]  SE reads: 130,835  PE reads: 0
[11 Dec 2019 23:12:25-hAz]  good reads: 130,835  bad reads: 0
[11 Dec 2019 23:12:25-hAz]  dup SE reads: 0  dup PE pairs: 0
[11 Dec 2019 23:12:25-hAz]  bases read: 1,177,515  bases loaded: 1,177,515
[11 Dec 2019 23:12:25-hAz]  num contigs: 130,835  num kmers: 130,835 novel kmers: 130,835
[11 Dec 2019 23:12:25-hAz] Dumping graph...
[11 Dec 2019 23:12:25-hAz][graphwriter] Saving file to: human/bigsi/9/mccortex.SRR1313077.ctx
[11 Dec 2019 23:12:25-hAz][FileFilter] Writing graph  [1 src colour]
[11 Dec 2019 23:12:25-hAz][graphwriter] Dumped 130,835 kmers in 1 colour into: human/bigsi/9/mccortex.SRR1313077.ctx (ver: 6)
[11 Dec 2019 23:12:25-hAz][memory] We made 19 allocs
[11 Dec 2019 23:12:25-hAz] Done.
[11 Dec 2019 23:12:25-hAz][time] 0.00 seconds
	Command being timed: "mccortex 9 build --nkmers 140000 --threads 1 --kmer 9 --mem 5G --sample SRR1313077 --seq human/kmer-counts-jellyfish/9/SRR1313077.kmer.gz human/bigsi/9/mccortex.SRR1313077.ctx"
	User time (seconds): 0.16
	System time (seconds): 0.03
	Percent of CPU this job got: 160%
	Elapsed (wall clock) time (h:mm:ss or m:ss): 0:00.12
	Average shared text size (kbytes): 0
	Average unshared data size (kbytes): 0
	Average stack size (kbytes): 0
	Average total size (kbytes): 0
	Maximum resident set size (kbytes): 10668
	Average resident set size (kbytes): 0
	Major (requiring I/O) page faults: 0
	Minor (reclaiming a frame) page faults: 2601
	Voluntary context switches: 183
	Involuntary context switches: 4
	Swaps: 0
	File system inputs: 528
	File system outputs: 3336
	Socket messages sent: 0
	Socket messages received: 0
	Signals delivered: 0
	Page size (bytes): 4096
	Exit status: 0
