[11 Dec 2019 23:12:30-Mur][cmd] /home/CSCScience.ca/apetkau/miniconda3/envs/bigsi_mccortex/bin/mccortex31 build --nkmers 140000 --threads 1 --kmer 9 --mem 5G --sample SRR306849 --seq human/kmer-counts-jellyfish/9/SRR306849.kmer.gz human/bigsi/9/mccortex.SRR306849.ctx
[11 Dec 2019 23:12:30-Mur][cwd] /home/CSCScience.ca/apetkau/workspace/comp7934-project
[11 Dec 2019 23:12:30-Mur][version] mccortex=v0.0.3-610-g400c0e3 zlib=1.2.11 htslib=1.8-17-g699ed53 ASSERTS=ON hash=Lookup3 CHECKS=ON k=3..31
[11 Dec 2019 23:12:30-Mur] Saving graph to: human/bigsi/9/mccortex.SRR306849.ctx
[11 Dec 2019 23:12:30-Mur][sample] 0: SRR306849
[11 Dec 2019 23:12:30-Mur][task] human/kmer-counts-jellyfish/9/SRR306849.kmer.gz; FASTQ offset: auto-detect, threshold: off; cut homopolymers: off; remove PCR duplicates: no; colour: 0
[11 Dec 2019 23:12:30-Mur][memory] 104 bits per kmer
[11 Dec 2019 23:12:30-Mur] Note: Using less memory than requested (1.8MB < 5GB); allows for 143,360 kmers
[11 Dec 2019 23:12:30-Mur][memory] graph: 1.8MB
[11 Dec 2019 23:12:30-Mur][memory] total: 1.8MB of 62.6GB RAM
[11 Dec 2019 23:12:30-Mur] Writing 1 colour graph to human/bigsi/9/mccortex.SRR306849.ctx
[11 Dec 2019 23:12:30-Mur][hasht] Allocating table with 143,360 entries, using 1.1MB
[11 Dec 2019 23:12:30-Mur][hasht]  number of buckets: 4,096, bucket size: 35
[11 Dec 2019 23:12:30-Mur][graph] kmer-size: 9; colours: 1; capacity: 143,360
[11 Dec 2019 23:12:30-Mur][hasht] buckets: 4,096 [2^12]; bucket size: 35; 
[11 Dec 2019 23:12:30-Mur][hasht] memory: 1.1MB; filled: 0 / 143,360 (0.00%)
[11 Dec 2019 23:12:30-Mur][asyncio] Inputs: 1; Threads: 1
[11 Dec 2019 23:12:30-Mur][seq] Parsing sequence file human/kmer-counts-jellyfish/9/SRR306849.kmer.gz
[11 Dec 2019 23:12:31-Mur][seq] Loaded 130,932 reads and 0 reads pairs (file: human/kmer-counts-jellyfish/9/SRR306849.kmer.gz)
[11 Dec 2019 23:12:31-Mur][hasht] buckets: 4,096 [2^12]; bucket size: 35; 
[11 Dec 2019 23:12:31-Mur][hasht] memory: 1.1MB; filled: 130,932 / 143,360 (91.33%)
[11 Dec 2019 23:12:31-Mur][hasht]  collisions  0: 125691
[11 Dec 2019 23:12:31-Mur][hasht]  collisions  1: 4041
[11 Dec 2019 23:12:31-Mur][hasht]  collisions  2: 837
[11 Dec 2019 23:12:31-Mur][hasht]  collisions  3: 255
[11 Dec 2019 23:12:31-Mur][hasht]  collisions  4: 77
[11 Dec 2019 23:12:31-Mur][hasht]  collisions  5: 18
[11 Dec 2019 23:12:31-Mur][hasht]  collisions  6: 9
[11 Dec 2019 23:12:31-Mur][hasht]  collisions  7: 4
[11 Dec 2019 23:12:31-Mur][task] input: human/kmer-counts-jellyfish/9/SRR306849.kmer.gz colour: 0
[11 Dec 2019 23:12:31-Mur]  SE reads: 130,932  PE reads: 0
[11 Dec 2019 23:12:31-Mur]  good reads: 130,932  bad reads: 0
[11 Dec 2019 23:12:31-Mur]  dup SE reads: 0  dup PE pairs: 0
[11 Dec 2019 23:12:31-Mur]  bases read: 1,178,388  bases loaded: 1,178,388
[11 Dec 2019 23:12:31-Mur]  num contigs: 130,932  num kmers: 130,932 novel kmers: 130,932
[11 Dec 2019 23:12:31-Mur] Dumping graph...
[11 Dec 2019 23:12:31-Mur][graphwriter] Saving file to: human/bigsi/9/mccortex.SRR306849.ctx
[11 Dec 2019 23:12:31-Mur][FileFilter] Writing graph  [1 src colour]
[11 Dec 2019 23:12:31-Mur][graphwriter] Dumped 130,932 kmers in 1 colour into: human/bigsi/9/mccortex.SRR306849.ctx (ver: 6)
[11 Dec 2019 23:12:31-Mur][memory] We made 19 allocs
[11 Dec 2019 23:12:31-Mur] Done.
[11 Dec 2019 23:12:31-Mur][time] 1.00 seconds
	Command being timed: "mccortex 9 build --nkmers 140000 --threads 1 --kmer 9 --mem 5G --sample SRR306849 --seq human/kmer-counts-jellyfish/9/SRR306849.kmer.gz human/bigsi/9/mccortex.SRR306849.ctx"
	User time (seconds): 0.21
	System time (seconds): 0.04
	Percent of CPU this job got: 94%
	Elapsed (wall clock) time (h:mm:ss or m:ss): 0:00.27
	Average shared text size (kbytes): 0
	Average unshared data size (kbytes): 0
	Average stack size (kbytes): 0
	Average total size (kbytes): 0
	Maximum resident set size (kbytes): 10568
	Average resident set size (kbytes): 0
	Major (requiring I/O) page faults: 0
	Minor (reclaiming a frame) page faults: 2597
	Voluntary context switches: 1439
	Involuntary context switches: 1444
	Swaps: 0
	File system inputs: 528
	File system outputs: 3336
	Socket messages sent: 0
	Socket messages received: 0
	Signals delivered: 0
	Page size (bytes): 4096
	Exit status: 0
