[11 Dec 2019 23:12:29-xEy][cmd] /home/CSCScience.ca/apetkau/miniconda3/envs/bigsi_mccortex/bin/mccortex31 build --nkmers 140000 --threads 1 --kmer 9 --mem 5G --sample SRR191621 --seq human/kmer-counts-jellyfish/9/SRR191621.kmer.gz human/bigsi/9/mccortex.SRR191621.ctx
[11 Dec 2019 23:12:29-xEy][cwd] /home/CSCScience.ca/apetkau/workspace/comp7934-project
[11 Dec 2019 23:12:29-xEy][version] mccortex=v0.0.3-610-g400c0e3 zlib=1.2.11 htslib=1.8-17-g699ed53 ASSERTS=ON hash=Lookup3 CHECKS=ON k=3..31
[11 Dec 2019 23:12:29-xEy] Saving graph to: human/bigsi/9/mccortex.SRR191621.ctx
[11 Dec 2019 23:12:29-xEy][sample] 0: SRR191621
[11 Dec 2019 23:12:29-xEy][task] human/kmer-counts-jellyfish/9/SRR191621.kmer.gz; FASTQ offset: auto-detect, threshold: off; cut homopolymers: off; remove PCR duplicates: no; colour: 0
[11 Dec 2019 23:12:29-xEy][memory] 104 bits per kmer
[11 Dec 2019 23:12:29-xEy] Note: Using less memory than requested (1.8MB < 5GB); allows for 143,360 kmers
[11 Dec 2019 23:12:29-xEy][memory] graph: 1.8MB
[11 Dec 2019 23:12:29-xEy][memory] total: 1.8MB of 62.6GB RAM
[11 Dec 2019 23:12:29-xEy] Writing 1 colour graph to human/bigsi/9/mccortex.SRR191621.ctx
[11 Dec 2019 23:12:29-xEy][hasht] Allocating table with 143,360 entries, using 1.1MB
[11 Dec 2019 23:12:29-xEy][hasht]  number of buckets: 4,096, bucket size: 35
[11 Dec 2019 23:12:29-xEy][graph] kmer-size: 9; colours: 1; capacity: 143,360
[11 Dec 2019 23:12:29-xEy][hasht] buckets: 4,096 [2^12]; bucket size: 35; 
[11 Dec 2019 23:12:29-xEy][hasht] memory: 1.1MB; filled: 0 / 143,360 (0.00%)
[11 Dec 2019 23:12:29-xEy][asyncio] Inputs: 1; Threads: 1
[11 Dec 2019 23:12:29-xEy][seq] Parsing sequence file human/kmer-counts-jellyfish/9/SRR191621.kmer.gz
[11 Dec 2019 23:12:29-xEy][seq] Loaded 74,333 reads and 0 reads pairs (file: human/kmer-counts-jellyfish/9/SRR191621.kmer.gz)
[11 Dec 2019 23:12:29-xEy][hasht] buckets: 4,096 [2^12]; bucket size: 35; 
[11 Dec 2019 23:12:29-xEy][hasht] memory: 1.1MB; filled: 74,333 / 143,360 (51.85%)
[11 Dec 2019 23:12:29-xEy][hasht]  collisions  0: 74333
[11 Dec 2019 23:12:29-xEy][task] input: human/kmer-counts-jellyfish/9/SRR191621.kmer.gz colour: 0
[11 Dec 2019 23:12:29-xEy]  SE reads: 74,333  PE reads: 0
[11 Dec 2019 23:12:29-xEy]  good reads: 74,333  bad reads: 0
[11 Dec 2019 23:12:29-xEy]  dup SE reads: 0  dup PE pairs: 0
[11 Dec 2019 23:12:29-xEy]  bases read: 668,997  bases loaded: 668,997
[11 Dec 2019 23:12:29-xEy]  num contigs: 74,333  num kmers: 74,333 novel kmers: 74,333
[11 Dec 2019 23:12:29-xEy] Dumping graph...
[11 Dec 2019 23:12:29-xEy][graphwriter] Saving file to: human/bigsi/9/mccortex.SRR191621.ctx
[11 Dec 2019 23:12:29-xEy][FileFilter] Writing graph  [1 src colour]
[11 Dec 2019 23:12:29-xEy][graphwriter] Dumped 74,333 kmers in 1 colour into: human/bigsi/9/mccortex.SRR191621.ctx (ver: 6)
[11 Dec 2019 23:12:29-xEy][memory] We made 19 allocs
[11 Dec 2019 23:12:29-xEy] Done.
[11 Dec 2019 23:12:29-xEy][time] 0.00 seconds
	Command being timed: "mccortex 9 build --nkmers 140000 --threads 1 --kmer 9 --mem 5G --sample SRR191621 --seq human/kmer-counts-jellyfish/9/SRR191621.kmer.gz human/bigsi/9/mccortex.SRR191621.ctx"
	User time (seconds): 0.12
	System time (seconds): 0.02
	Percent of CPU this job got: 63%
	Elapsed (wall clock) time (h:mm:ss or m:ss): 0:00.22
	Average shared text size (kbytes): 0
	Average unshared data size (kbytes): 0
	Average stack size (kbytes): 0
	Average total size (kbytes): 0
	Maximum resident set size (kbytes): 10244
	Average resident set size (kbytes): 0
	Major (requiring I/O) page faults: 0
	Minor (reclaiming a frame) page faults: 2521
	Voluntary context switches: 320
	Involuntary context switches: 268
	Swaps: 0
	File system inputs: 464
	File system outputs: 1896
	Socket messages sent: 0
	Socket messages received: 0
	Signals delivered: 0
	Page size (bytes): 4096
	Exit status: 0
