[11 Dec 2019 23:12:28-qUm][cmd] /home/CSCScience.ca/apetkau/miniconda3/envs/bigsi_mccortex/bin/mccortex31 build --nkmers 140000 --threads 1 --kmer 9 --mem 5G --sample SRR191403 --seq human/kmer-counts-jellyfish/9/SRR191403.kmer.gz human/bigsi/9/mccortex.SRR191403.ctx
[11 Dec 2019 23:12:28-qUm][cwd] /home/CSCScience.ca/apetkau/workspace/comp7934-project
[11 Dec 2019 23:12:28-qUm][version] mccortex=v0.0.3-610-g400c0e3 zlib=1.2.11 htslib=1.8-17-g699ed53 ASSERTS=ON hash=Lookup3 CHECKS=ON k=3..31
[11 Dec 2019 23:12:28-qUm] Saving graph to: human/bigsi/9/mccortex.SRR191403.ctx
[11 Dec 2019 23:12:28-qUm][sample] 0: SRR191403
[11 Dec 2019 23:12:28-qUm][task] human/kmer-counts-jellyfish/9/SRR191403.kmer.gz; FASTQ offset: auto-detect, threshold: off; cut homopolymers: off; remove PCR duplicates: no; colour: 0
[11 Dec 2019 23:12:28-qUm][memory] 104 bits per kmer
[11 Dec 2019 23:12:28-qUm] Note: Using less memory than requested (1.8MB < 5GB); allows for 143,360 kmers
[11 Dec 2019 23:12:28-qUm][memory] graph: 1.8MB
[11 Dec 2019 23:12:28-qUm][memory] total: 1.8MB of 62.6GB RAM
[11 Dec 2019 23:12:28-qUm] Writing 1 colour graph to human/bigsi/9/mccortex.SRR191403.ctx
[11 Dec 2019 23:12:28-qUm][hasht] Allocating table with 143,360 entries, using 1.1MB
[11 Dec 2019 23:12:28-qUm][hasht]  number of buckets: 4,096, bucket size: 35
[11 Dec 2019 23:12:28-qUm][graph] kmer-size: 9; colours: 1; capacity: 143,360
[11 Dec 2019 23:12:28-qUm][hasht] buckets: 4,096 [2^12]; bucket size: 35; 
[11 Dec 2019 23:12:28-qUm][hasht] memory: 1.1MB; filled: 0 / 143,360 (0.00%)
[11 Dec 2019 23:12:28-qUm][asyncio] Inputs: 1; Threads: 1
[11 Dec 2019 23:12:28-qUm][seq] Parsing sequence file human/kmer-counts-jellyfish/9/SRR191403.kmer.gz
[11 Dec 2019 23:12:28-qUm][seq] Loaded 59,301 reads and 0 reads pairs (file: human/kmer-counts-jellyfish/9/SRR191403.kmer.gz)
[11 Dec 2019 23:12:28-qUm][hasht] buckets: 4,096 [2^12]; bucket size: 35; 
[11 Dec 2019 23:12:28-qUm][hasht] memory: 1.1MB; filled: 59,301 / 143,360 (41.37%)
[11 Dec 2019 23:12:28-qUm][hasht]  collisions  0: 59301
[11 Dec 2019 23:12:28-qUm][task] input: human/kmer-counts-jellyfish/9/SRR191403.kmer.gz colour: 0
[11 Dec 2019 23:12:28-qUm]  SE reads: 59,301  PE reads: 0
[11 Dec 2019 23:12:28-qUm]  good reads: 59,301  bad reads: 0
[11 Dec 2019 23:12:28-qUm]  dup SE reads: 0  dup PE pairs: 0
[11 Dec 2019 23:12:28-qUm]  bases read: 533,709  bases loaded: 533,709
[11 Dec 2019 23:12:28-qUm]  num contigs: 59,301  num kmers: 59,301 novel kmers: 59,301
[11 Dec 2019 23:12:28-qUm] Dumping graph...
[11 Dec 2019 23:12:28-qUm][graphwriter] Saving file to: human/bigsi/9/mccortex.SRR191403.ctx
[11 Dec 2019 23:12:28-qUm][FileFilter] Writing graph  [1 src colour]
[11 Dec 2019 23:12:28-qUm][graphwriter] Dumped 59,301 kmers in 1 colour into: human/bigsi/9/mccortex.SRR191403.ctx (ver: 6)
[11 Dec 2019 23:12:28-qUm][memory] We made 19 allocs
[11 Dec 2019 23:12:28-qUm] Done.
[11 Dec 2019 23:12:28-qUm][time] 0.00 seconds
	Command being timed: "mccortex 9 build --nkmers 140000 --threads 1 --kmer 9 --mem 5G --sample SRR191403 --seq human/kmer-counts-jellyfish/9/SRR191403.kmer.gz human/bigsi/9/mccortex.SRR191403.ctx"
	User time (seconds): 0.08
	System time (seconds): 0.03
	Percent of CPU this job got: 131%
	Elapsed (wall clock) time (h:mm:ss or m:ss): 0:00.08
	Average shared text size (kbytes): 0
	Average unshared data size (kbytes): 0
	Average stack size (kbytes): 0
	Average total size (kbytes): 0
	Maximum resident set size (kbytes): 10260
	Average resident set size (kbytes): 0
	Major (requiring I/O) page faults: 0
	Minor (reclaiming a frame) page faults: 2492
	Voluntary context switches: 5155
	Involuntary context switches: 5143
	Swaps: 0
	File system inputs: 376
	File system outputs: 1520
	Socket messages sent: 0
	Socket messages received: 0
	Signals delivered: 0
	Page size (bytes): 4096
	Exit status: 0
