[11 Dec 2019 23:12:25-Bil][cmd] /home/CSCScience.ca/apetkau/miniconda3/envs/bigsi_mccortex/bin/mccortex31 build --nkmers 140000 --threads 1 --kmer 9 --mem 5G --sample SRR1313097 --seq human/kmer-counts-jellyfish/9/SRR1313097.kmer.gz human/bigsi/9/mccortex.SRR1313097.ctx
[11 Dec 2019 23:12:25-Bil][cwd] /home/CSCScience.ca/apetkau/workspace/comp7934-project
[11 Dec 2019 23:12:25-Bil][version] mccortex=v0.0.3-610-g400c0e3 zlib=1.2.11 htslib=1.8-17-g699ed53 ASSERTS=ON hash=Lookup3 CHECKS=ON k=3..31
[11 Dec 2019 23:12:25-Bil] Saving graph to: human/bigsi/9/mccortex.SRR1313097.ctx
[11 Dec 2019 23:12:25-Bil][sample] 0: SRR1313097
[11 Dec 2019 23:12:25-Bil][task] human/kmer-counts-jellyfish/9/SRR1313097.kmer.gz; FASTQ offset: auto-detect, threshold: off; cut homopolymers: off; remove PCR duplicates: no; colour: 0
[11 Dec 2019 23:12:25-Bil][memory] 104 bits per kmer
[11 Dec 2019 23:12:25-Bil] Note: Using less memory than requested (1.8MB < 5GB); allows for 143,360 kmers
[11 Dec 2019 23:12:25-Bil][memory] graph: 1.8MB
[11 Dec 2019 23:12:25-Bil][memory] total: 1.8MB of 62.6GB RAM
[11 Dec 2019 23:12:25-Bil] Writing 1 colour graph to human/bigsi/9/mccortex.SRR1313097.ctx
[11 Dec 2019 23:12:25-Bil][hasht] Allocating table with 143,360 entries, using 1.1MB
[11 Dec 2019 23:12:25-Bil][hasht]  number of buckets: 4,096, bucket size: 35
[11 Dec 2019 23:12:25-Bil][graph] kmer-size: 9; colours: 1; capacity: 143,360
[11 Dec 2019 23:12:25-Bil][hasht] buckets: 4,096 [2^12]; bucket size: 35; 
[11 Dec 2019 23:12:25-Bil][hasht] memory: 1.1MB; filled: 0 / 143,360 (0.00%)
[11 Dec 2019 23:12:25-Bil][asyncio] Inputs: 1; Threads: 1
[11 Dec 2019 23:12:25-Bil][seq] Parsing sequence file human/kmer-counts-jellyfish/9/SRR1313097.kmer.gz
[11 Dec 2019 23:12:25-Bil][seq] Loaded 130,740 reads and 0 reads pairs (file: human/kmer-counts-jellyfish/9/SRR1313097.kmer.gz)
[11 Dec 2019 23:12:25-Bil][hasht] buckets: 4,096 [2^12]; bucket size: 35; 
[11 Dec 2019 23:12:25-Bil][hasht] memory: 1.1MB; filled: 130,740 / 143,360 (91.20%)
[11 Dec 2019 23:12:25-Bil][hasht]  collisions  0: 125652
[11 Dec 2019 23:12:25-Bil][hasht]  collisions  1: 3955
[11 Dec 2019 23:12:25-Bil][hasht]  collisions  2: 796
[11 Dec 2019 23:12:25-Bil][hasht]  collisions  3: 228
[11 Dec 2019 23:12:25-Bil][hasht]  collisions  4: 78
[11 Dec 2019 23:12:25-Bil][hasht]  collisions  5: 17
[11 Dec 2019 23:12:25-Bil][hasht]  collisions  6: 9
[11 Dec 2019 23:12:25-Bil][hasht]  collisions  7: 4
[11 Dec 2019 23:12:25-Bil][hasht]  collisions  9: 1
[11 Dec 2019 23:12:25-Bil][task] input: human/kmer-counts-jellyfish/9/SRR1313097.kmer.gz colour: 0
[11 Dec 2019 23:12:25-Bil]  SE reads: 130,740  PE reads: 0
[11 Dec 2019 23:12:25-Bil]  good reads: 130,740  bad reads: 0
[11 Dec 2019 23:12:25-Bil]  dup SE reads: 0  dup PE pairs: 0
[11 Dec 2019 23:12:25-Bil]  bases read: 1,176,660  bases loaded: 1,176,660
[11 Dec 2019 23:12:25-Bil]  num contigs: 130,740  num kmers: 130,740 novel kmers: 130,740
[11 Dec 2019 23:12:25-Bil] Dumping graph...
[11 Dec 2019 23:12:25-Bil][graphwriter] Saving file to: human/bigsi/9/mccortex.SRR1313097.ctx
[11 Dec 2019 23:12:25-Bil][FileFilter] Writing graph  [1 src colour]
[11 Dec 2019 23:12:25-Bil][graphwriter] Dumped 130,740 kmers in 1 colour into: human/bigsi/9/mccortex.SRR1313097.ctx (ver: 6)
[11 Dec 2019 23:12:25-Bil][memory] We made 19 allocs
[11 Dec 2019 23:12:25-Bil] Done.
[11 Dec 2019 23:12:25-Bil][time] 0.00 seconds
	Command being timed: "mccortex 9 build --nkmers 140000 --threads 1 --kmer 9 --mem 5G --sample SRR1313097 --seq human/kmer-counts-jellyfish/9/SRR1313097.kmer.gz human/bigsi/9/mccortex.SRR1313097.ctx"
	User time (seconds): 0.17
	System time (seconds): 0.01
	Percent of CPU this job got: 105%
	Elapsed (wall clock) time (h:mm:ss or m:ss): 0:00.17
	Average shared text size (kbytes): 0
	Average unshared data size (kbytes): 0
	Average stack size (kbytes): 0
	Average total size (kbytes): 0
	Maximum resident set size (kbytes): 10740
	Average resident set size (kbytes): 0
	Major (requiring I/O) page faults: 0
	Minor (reclaiming a frame) page faults: 2599
	Voluntary context switches: 173
	Involuntary context switches: 1607
	Swaps: 0
	File system inputs: 528
	File system outputs: 3328
	Socket messages sent: 0
	Socket messages received: 0
	Signals delivered: 0
	Page size (bytes): 4096
	Exit status: 0
