[11 Dec 2019 23:12:28-lok][cmd] /home/CSCScience.ca/apetkau/miniconda3/envs/bigsi_mccortex/bin/mccortex31 build --nkmers 140000 --threads 1 --kmer 9 --mem 5G --sample SRR191463 --seq human/kmer-counts-jellyfish/9/SRR191463.kmer.gz human/bigsi/9/mccortex.SRR191463.ctx
[11 Dec 2019 23:12:28-lok][cwd] /home/CSCScience.ca/apetkau/workspace/comp7934-project
[11 Dec 2019 23:12:28-lok][version] mccortex=v0.0.3-610-g400c0e3 zlib=1.2.11 htslib=1.8-17-g699ed53 ASSERTS=ON hash=Lookup3 CHECKS=ON k=3..31
[11 Dec 2019 23:12:28-lok] Saving graph to: human/bigsi/9/mccortex.SRR191463.ctx
[11 Dec 2019 23:12:28-lok][sample] 0: SRR191463
[11 Dec 2019 23:12:28-lok][task] human/kmer-counts-jellyfish/9/SRR191463.kmer.gz; FASTQ offset: auto-detect, threshold: off; cut homopolymers: off; remove PCR duplicates: no; colour: 0
[11 Dec 2019 23:12:28-lok][memory] 104 bits per kmer
[11 Dec 2019 23:12:28-lok] Note: Using less memory than requested (1.8MB < 5GB); allows for 143,360 kmers
[11 Dec 2019 23:12:28-lok][memory] graph: 1.8MB
[11 Dec 2019 23:12:28-lok][memory] total: 1.8MB of 62.6GB RAM
[11 Dec 2019 23:12:28-lok] Writing 1 colour graph to human/bigsi/9/mccortex.SRR191463.ctx
[11 Dec 2019 23:12:28-lok][hasht] Allocating table with 143,360 entries, using 1.1MB
[11 Dec 2019 23:12:28-lok][hasht]  number of buckets: 4,096, bucket size: 35
[11 Dec 2019 23:12:28-lok][graph] kmer-size: 9; colours: 1; capacity: 143,360
[11 Dec 2019 23:12:28-lok][hasht] buckets: 4,096 [2^12]; bucket size: 35; 
[11 Dec 2019 23:12:28-lok][hasht] memory: 1.1MB; filled: 0 / 143,360 (0.00%)
[11 Dec 2019 23:12:28-lok][asyncio] Inputs: 1; Threads: 1
[11 Dec 2019 23:12:28-lok][seq] Parsing sequence file human/kmer-counts-jellyfish/9/SRR191463.kmer.gz
[11 Dec 2019 23:12:28-lok][seq] Loaded 61,954 reads and 0 reads pairs (file: human/kmer-counts-jellyfish/9/SRR191463.kmer.gz)
[11 Dec 2019 23:12:28-lok][hasht] buckets: 4,096 [2^12]; bucket size: 35; 
[11 Dec 2019 23:12:28-lok][hasht] memory: 1.1MB; filled: 61,954 / 143,360 (43.22%)
[11 Dec 2019 23:12:28-lok][hasht]  collisions  0: 61954
[11 Dec 2019 23:12:28-lok][task] input: human/kmer-counts-jellyfish/9/SRR191463.kmer.gz colour: 0
[11 Dec 2019 23:12:28-lok]  SE reads: 61,954  PE reads: 0
[11 Dec 2019 23:12:28-lok]  good reads: 61,954  bad reads: 0
[11 Dec 2019 23:12:28-lok]  dup SE reads: 0  dup PE pairs: 0
[11 Dec 2019 23:12:28-lok]  bases read: 557,586  bases loaded: 557,586
[11 Dec 2019 23:12:28-lok]  num contigs: 61,954  num kmers: 61,954 novel kmers: 61,954
[11 Dec 2019 23:12:28-lok] Dumping graph...
[11 Dec 2019 23:12:28-lok][graphwriter] Saving file to: human/bigsi/9/mccortex.SRR191463.ctx
[11 Dec 2019 23:12:28-lok][FileFilter] Writing graph  [1 src colour]
[11 Dec 2019 23:12:28-lok][graphwriter] Dumped 61,954 kmers in 1 colour into: human/bigsi/9/mccortex.SRR191463.ctx (ver: 6)
[11 Dec 2019 23:12:28-lok][memory] We made 19 allocs
[11 Dec 2019 23:12:28-lok] Done.
[11 Dec 2019 23:12:28-lok][time] 0.00 seconds
	Command being timed: "mccortex 9 build --nkmers 140000 --threads 1 --kmer 9 --mem 5G --sample SRR191463 --seq human/kmer-counts-jellyfish/9/SRR191463.kmer.gz human/bigsi/9/mccortex.SRR191463.ctx"
	User time (seconds): 0.11
	System time (seconds): 0.01
	Percent of CPU this job got: 145%
	Elapsed (wall clock) time (h:mm:ss or m:ss): 0:00.08
	Average shared text size (kbytes): 0
	Average unshared data size (kbytes): 0
	Average stack size (kbytes): 0
	Average total size (kbytes): 0
	Maximum resident set size (kbytes): 10192
	Average resident set size (kbytes): 0
	Major (requiring I/O) page faults: 0
	Minor (reclaiming a frame) page faults: 2501
	Voluntary context switches: 156
	Involuntary context switches: 1667
	Swaps: 0
	File system inputs: 392
	File system outputs: 1584
	Socket messages sent: 0
	Socket messages received: 0
	Signals delivered: 0
	Page size (bytes): 4096
	Exit status: 0
