[11 Dec 2019 23:12:22-MAd][cmd] /home/CSCScience.ca/apetkau/miniconda3/envs/bigsi_mccortex/bin/mccortex31 build --nkmers 140000 --threads 1 --kmer 9 --mem 5G --sample SRR1193574 --seq human/kmer-counts-jellyfish/9/SRR1193574.kmer.gz human/bigsi/9/mccortex.SRR1193574.ctx
[11 Dec 2019 23:12:22-MAd][cwd] /home/CSCScience.ca/apetkau/workspace/comp7934-project
[11 Dec 2019 23:12:22-MAd][version] mccortex=v0.0.3-610-g400c0e3 zlib=1.2.11 htslib=1.8-17-g699ed53 ASSERTS=ON hash=Lookup3 CHECKS=ON k=3..31
[11 Dec 2019 23:12:22-MAd] Saving graph to: human/bigsi/9/mccortex.SRR1193574.ctx
[11 Dec 2019 23:12:22-MAd][sample] 0: SRR1193574
[11 Dec 2019 23:12:22-MAd][task] human/kmer-counts-jellyfish/9/SRR1193574.kmer.gz; FASTQ offset: auto-detect, threshold: off; cut homopolymers: off; remove PCR duplicates: no; colour: 0
[11 Dec 2019 23:12:22-MAd][memory] 104 bits per kmer
[11 Dec 2019 23:12:22-MAd] Note: Using less memory than requested (1.8MB < 5GB); allows for 143,360 kmers
[11 Dec 2019 23:12:22-MAd][memory] graph: 1.8MB
[11 Dec 2019 23:12:22-MAd][memory] total: 1.8MB of 62.6GB RAM
[11 Dec 2019 23:12:22-MAd] Writing 1 colour graph to human/bigsi/9/mccortex.SRR1193574.ctx
[11 Dec 2019 23:12:22-MAd][hasht] Allocating table with 143,360 entries, using 1.1MB
[11 Dec 2019 23:12:22-MAd][hasht]  number of buckets: 4,096, bucket size: 35
[11 Dec 2019 23:12:22-MAd][graph] kmer-size: 9; colours: 1; capacity: 143,360
[11 Dec 2019 23:12:22-MAd][hasht] buckets: 4,096 [2^12]; bucket size: 35; 
[11 Dec 2019 23:12:22-MAd][hasht] memory: 1.1MB; filled: 0 / 143,360 (0.00%)
[11 Dec 2019 23:12:22-MAd][asyncio] Inputs: 1; Threads: 1
[11 Dec 2019 23:12:22-MAd][seq] Parsing sequence file human/kmer-counts-jellyfish/9/SRR1193574.kmer.gz
[11 Dec 2019 23:12:23-MAd][seq] Loaded 130,712 reads and 0 reads pairs (file: human/kmer-counts-jellyfish/9/SRR1193574.kmer.gz)
[11 Dec 2019 23:12:23-MAd][hasht] buckets: 4,096 [2^12]; bucket size: 35; 
[11 Dec 2019 23:12:23-MAd][hasht] memory: 1.1MB; filled: 130,712 / 143,360 (91.18%)
[11 Dec 2019 23:12:23-MAd][hasht]  collisions  0: 125422
[11 Dec 2019 23:12:23-MAd][hasht]  collisions  1: 4045
[11 Dec 2019 23:12:23-MAd][hasht]  collisions  2: 876
[11 Dec 2019 23:12:23-MAd][hasht]  collisions  3: 263
[11 Dec 2019 23:12:23-MAd][hasht]  collisions  4: 72
[11 Dec 2019 23:12:23-MAd][hasht]  collisions  5: 19
[11 Dec 2019 23:12:23-MAd][hasht]  collisions  6: 5
[11 Dec 2019 23:12:23-MAd][hasht]  collisions  7: 8
[11 Dec 2019 23:12:23-MAd][hasht]  collisions  8: 1
[11 Dec 2019 23:12:23-MAd][hasht]  collisions 11: 1
[11 Dec 2019 23:12:23-MAd][task] input: human/kmer-counts-jellyfish/9/SRR1193574.kmer.gz colour: 0
[11 Dec 2019 23:12:23-MAd]  SE reads: 130,712  PE reads: 0
[11 Dec 2019 23:12:23-MAd]  good reads: 130,712  bad reads: 0
[11 Dec 2019 23:12:23-MAd]  dup SE reads: 0  dup PE pairs: 0
[11 Dec 2019 23:12:23-MAd]  bases read: 1,176,408  bases loaded: 1,176,408
[11 Dec 2019 23:12:23-MAd]  num contigs: 130,712  num kmers: 130,712 novel kmers: 130,712
[11 Dec 2019 23:12:23-MAd] Dumping graph...
[11 Dec 2019 23:12:23-MAd][graphwriter] Saving file to: human/bigsi/9/mccortex.SRR1193574.ctx
[11 Dec 2019 23:12:23-MAd][FileFilter] Writing graph  [1 src colour]
[11 Dec 2019 23:12:23-MAd][graphwriter] Dumped 130,712 kmers in 1 colour into: human/bigsi/9/mccortex.SRR1193574.ctx (ver: 6)
[11 Dec 2019 23:12:23-MAd][memory] We made 19 allocs
[11 Dec 2019 23:12:23-MAd] Done.
[11 Dec 2019 23:12:23-MAd][time] 1.00 seconds
	Command being timed: "mccortex 9 build --nkmers 140000 --threads 1 --kmer 9 --mem 5G --sample SRR1193574 --seq human/kmer-counts-jellyfish/9/SRR1193574.kmer.gz human/bigsi/9/mccortex.SRR1193574.ctx"
	User time (seconds): 0.20
	System time (seconds): 0.03
	Percent of CPU this job got: 165%
	Elapsed (wall clock) time (h:mm:ss or m:ss): 0:00.14
	Average shared text size (kbytes): 0
	Average unshared data size (kbytes): 0
	Average stack size (kbytes): 0
	Average total size (kbytes): 0
	Maximum resident set size (kbytes): 10528
	Average resident set size (kbytes): 0
	Major (requiring I/O) page faults: 0
	Minor (reclaiming a frame) page faults: 2605
	Voluntary context switches: 258
	Involuntary context switches: 2
	Swaps: 0
	File system inputs: 528
	File system outputs: 3328
	Socket messages sent: 0
	Socket messages received: 0
	Signals delivered: 0
	Page size (bytes): 4096
	Exit status: 0
