[11 Dec 2019 23:12:25-kap][cmd] /home/CSCScience.ca/apetkau/miniconda3/envs/bigsi_mccortex/bin/mccortex31 build --nkmers 140000 --threads 1 --kmer 9 --mem 5G --sample SRR1303626 --seq human/kmer-counts-jellyfish/9/SRR1303626.kmer.gz human/bigsi/9/mccortex.SRR1303626.ctx
[11 Dec 2019 23:12:25-kap][cwd] /home/CSCScience.ca/apetkau/workspace/comp7934-project
[11 Dec 2019 23:12:25-kap][version] mccortex=v0.0.3-610-g400c0e3 zlib=1.2.11 htslib=1.8-17-g699ed53 ASSERTS=ON hash=Lookup3 CHECKS=ON k=3..31
[11 Dec 2019 23:12:25-kap] Saving graph to: human/bigsi/9/mccortex.SRR1303626.ctx
[11 Dec 2019 23:12:25-kap][sample] 0: SRR1303626
[11 Dec 2019 23:12:25-kap][task] human/kmer-counts-jellyfish/9/SRR1303626.kmer.gz; FASTQ offset: auto-detect, threshold: off; cut homopolymers: off; remove PCR duplicates: no; colour: 0
[11 Dec 2019 23:12:25-kap][memory] 104 bits per kmer
[11 Dec 2019 23:12:25-kap] Note: Using less memory than requested (1.8MB < 5GB); allows for 143,360 kmers
[11 Dec 2019 23:12:25-kap][memory] graph: 1.8MB
[11 Dec 2019 23:12:25-kap][memory] total: 1.8MB of 62.6GB RAM
[11 Dec 2019 23:12:25-kap] Writing 1 colour graph to human/bigsi/9/mccortex.SRR1303626.ctx
[11 Dec 2019 23:12:25-kap][hasht] Allocating table with 143,360 entries, using 1.1MB
[11 Dec 2019 23:12:25-kap][hasht]  number of buckets: 4,096, bucket size: 35
[11 Dec 2019 23:12:25-kap][graph] kmer-size: 9; colours: 1; capacity: 143,360
[11 Dec 2019 23:12:25-kap][hasht] buckets: 4,096 [2^12]; bucket size: 35; 
[11 Dec 2019 23:12:25-kap][hasht] memory: 1.1MB; filled: 0 / 143,360 (0.00%)
[11 Dec 2019 23:12:25-kap][asyncio] Inputs: 1; Threads: 1
[11 Dec 2019 23:12:25-kap][seq] Parsing sequence file human/kmer-counts-jellyfish/9/SRR1303626.kmer.gz
[11 Dec 2019 23:12:25-kap][seq] Loaded 130,961 reads and 0 reads pairs (file: human/kmer-counts-jellyfish/9/SRR1303626.kmer.gz)
[11 Dec 2019 23:12:25-kap][hasht] buckets: 4,096 [2^12]; bucket size: 35; 
[11 Dec 2019 23:12:25-kap][hasht] memory: 1.1MB; filled: 130,961 / 143,360 (91.35%)
[11 Dec 2019 23:12:25-kap][hasht]  collisions  0: 125401
[11 Dec 2019 23:12:25-kap][hasht]  collisions  1: 4193
[11 Dec 2019 23:12:25-kap][hasht]  collisions  2: 992
[11 Dec 2019 23:12:25-kap][hasht]  collisions  3: 241
[11 Dec 2019 23:12:25-kap][hasht]  collisions  4: 80
[11 Dec 2019 23:12:25-kap][hasht]  collisions  5: 25
[11 Dec 2019 23:12:25-kap][hasht]  collisions  6: 19
[11 Dec 2019 23:12:25-kap][hasht]  collisions  7: 6
[11 Dec 2019 23:12:25-kap][hasht]  collisions  8: 4
[11 Dec 2019 23:12:25-kap][task] input: human/kmer-counts-jellyfish/9/SRR1303626.kmer.gz colour: 0
[11 Dec 2019 23:12:25-kap]  SE reads: 130,961  PE reads: 0
[11 Dec 2019 23:12:25-kap]  good reads: 130,961  bad reads: 0
[11 Dec 2019 23:12:25-kap]  dup SE reads: 0  dup PE pairs: 0
[11 Dec 2019 23:12:25-kap]  bases read: 1,178,649  bases loaded: 1,178,649
[11 Dec 2019 23:12:25-kap]  num contigs: 130,961  num kmers: 130,961 novel kmers: 130,961
[11 Dec 2019 23:12:25-kap] Dumping graph...
[11 Dec 2019 23:12:25-kap][graphwriter] Saving file to: human/bigsi/9/mccortex.SRR1303626.ctx
[11 Dec 2019 23:12:25-kap][FileFilter] Writing graph  [1 src colour]
[11 Dec 2019 23:12:25-kap][graphwriter] Dumped 130,961 kmers in 1 colour into: human/bigsi/9/mccortex.SRR1303626.ctx (ver: 6)
[11 Dec 2019 23:12:25-kap][memory] We made 19 allocs
[11 Dec 2019 23:12:25-kap] Done.
[11 Dec 2019 23:12:25-kap][time] 0.00 seconds
	Command being timed: "mccortex 9 build --nkmers 140000 --threads 1 --kmer 9 --mem 5G --sample SRR1303626 --seq human/kmer-counts-jellyfish/9/SRR1303626.kmer.gz human/bigsi/9/mccortex.SRR1303626.ctx"
	User time (seconds): 0.15
	System time (seconds): 0.03
	Percent of CPU this job got: 160%
	Elapsed (wall clock) time (h:mm:ss or m:ss): 0:00.12
	Average shared text size (kbytes): 0
	Average unshared data size (kbytes): 0
	Average stack size (kbytes): 0
	Average total size (kbytes): 0
	Maximum resident set size (kbytes): 10768
	Average resident set size (kbytes): 0
	Major (requiring I/O) page faults: 0
	Minor (reclaiming a frame) page faults: 2606
	Voluntary context switches: 196
	Involuntary context switches: 7
	Swaps: 0
	File system inputs: 536
	File system outputs: 3336
	Socket messages sent: 0
	Socket messages received: 0
	Signals delivered: 0
	Page size (bytes): 4096
	Exit status: 0
