[11 Dec 2019 23:12:22-rAn][cmd] /home/CSCScience.ca/apetkau/miniconda3/envs/bigsi_mccortex/bin/mccortex31 build --nkmers 140000 --threads 1 --kmer 9 --mem 5G --sample SRR1060774 --seq human/kmer-counts-jellyfish/9/SRR1060774.kmer.gz human/bigsi/9/mccortex.SRR1060774.ctx
[11 Dec 2019 23:12:22-rAn][cwd] /home/CSCScience.ca/apetkau/workspace/comp7934-project
[11 Dec 2019 23:12:22-rAn][version] mccortex=v0.0.3-610-g400c0e3 zlib=1.2.11 htslib=1.8-17-g699ed53 ASSERTS=ON hash=Lookup3 CHECKS=ON k=3..31
[11 Dec 2019 23:12:22-rAn] Saving graph to: human/bigsi/9/mccortex.SRR1060774.ctx
[11 Dec 2019 23:12:22-rAn][sample] 0: SRR1060774
[11 Dec 2019 23:12:22-rAn][task] human/kmer-counts-jellyfish/9/SRR1060774.kmer.gz; FASTQ offset: auto-detect, threshold: off; cut homopolymers: off; remove PCR duplicates: no; colour: 0
[11 Dec 2019 23:12:22-rAn][memory] 104 bits per kmer
[11 Dec 2019 23:12:22-rAn] Note: Using less memory than requested (1.8MB < 5GB); allows for 143,360 kmers
[11 Dec 2019 23:12:22-rAn][memory] graph: 1.8MB
[11 Dec 2019 23:12:22-rAn][memory] total: 1.8MB of 62.6GB RAM
[11 Dec 2019 23:12:22-rAn] Writing 1 colour graph to human/bigsi/9/mccortex.SRR1060774.ctx
[11 Dec 2019 23:12:22-rAn][hasht] Allocating table with 143,360 entries, using 1.1MB
[11 Dec 2019 23:12:22-rAn][hasht]  number of buckets: 4,096, bucket size: 35
[11 Dec 2019 23:12:22-rAn][graph] kmer-size: 9; colours: 1; capacity: 143,360
[11 Dec 2019 23:12:22-rAn][hasht] buckets: 4,096 [2^12]; bucket size: 35; 
[11 Dec 2019 23:12:22-rAn][hasht] memory: 1.1MB; filled: 0 / 143,360 (0.00%)
[11 Dec 2019 23:12:22-rAn][asyncio] Inputs: 1; Threads: 1
[11 Dec 2019 23:12:22-rAn][seq] Parsing sequence file human/kmer-counts-jellyfish/9/SRR1060774.kmer.gz
[11 Dec 2019 23:12:23-rAn][seq] Loaded 129,318 reads and 0 reads pairs (file: human/kmer-counts-jellyfish/9/SRR1060774.kmer.gz)
[11 Dec 2019 23:12:23-rAn][hasht] buckets: 4,096 [2^12]; bucket size: 35; 
[11 Dec 2019 23:12:23-rAn][hasht] memory: 1.1MB; filled: 129,318 / 143,360 (90.21%)
[11 Dec 2019 23:12:23-rAn][hasht]  collisions  0: 124888
[11 Dec 2019 23:12:23-rAn][hasht]  collisions  1: 3468
[11 Dec 2019 23:12:23-rAn][hasht]  collisions  2: 700
[11 Dec 2019 23:12:23-rAn][hasht]  collisions  3: 177
[11 Dec 2019 23:12:23-rAn][hasht]  collisions  4: 57
[11 Dec 2019 23:12:23-rAn][hasht]  collisions  5: 17
[11 Dec 2019 23:12:23-rAn][hasht]  collisions  6: 6
[11 Dec 2019 23:12:23-rAn][hasht]  collisions  7: 2
[11 Dec 2019 23:12:23-rAn][hasht]  collisions  8: 2
[11 Dec 2019 23:12:23-rAn][hasht]  collisions 10: 1
[11 Dec 2019 23:12:23-rAn][task] input: human/kmer-counts-jellyfish/9/SRR1060774.kmer.gz colour: 0
[11 Dec 2019 23:12:23-rAn]  SE reads: 129,318  PE reads: 0
[11 Dec 2019 23:12:23-rAn]  good reads: 129,318  bad reads: 0
[11 Dec 2019 23:12:23-rAn]  dup SE reads: 0  dup PE pairs: 0
[11 Dec 2019 23:12:23-rAn]  bases read: 1,163,862  bases loaded: 1,163,862
[11 Dec 2019 23:12:23-rAn]  num contigs: 129,318  num kmers: 129,318 novel kmers: 129,318
[11 Dec 2019 23:12:23-rAn] Dumping graph...
[11 Dec 2019 23:12:23-rAn][graphwriter] Saving file to: human/bigsi/9/mccortex.SRR1060774.ctx
[11 Dec 2019 23:12:23-rAn][FileFilter] Writing graph  [1 src colour]
[11 Dec 2019 23:12:23-rAn][graphwriter] Dumped 129,318 kmers in 1 colour into: human/bigsi/9/mccortex.SRR1060774.ctx (ver: 6)
[11 Dec 2019 23:12:23-rAn][memory] We made 19 allocs
[11 Dec 2019 23:12:23-rAn] Done.
[11 Dec 2019 23:12:23-rAn][time] 1.00 seconds
	Command being timed: "mccortex 9 build --nkmers 140000 --threads 1 --kmer 9 --mem 5G --sample SRR1060774 --seq human/kmer-counts-jellyfish/9/SRR1060774.kmer.gz human/bigsi/9/mccortex.SRR1060774.ctx"
	User time (seconds): 0.35
	System time (seconds): 0.06
	Percent of CPU this job got: 115%
	Elapsed (wall clock) time (h:mm:ss or m:ss): 0:00.36
	Average shared text size (kbytes): 0
	Average unshared data size (kbytes): 0
	Average stack size (kbytes): 0
	Average total size (kbytes): 0
	Maximum resident set size (kbytes): 10712
	Average resident set size (kbytes): 0
	Major (requiring I/O) page faults: 0
	Minor (reclaiming a frame) page faults: 2599
	Voluntary context switches: 4121
	Involuntary context switches: 32
	Swaps: 0
	File system inputs: 528
	File system outputs: 3296
	Socket messages sent: 0
	Socket messages received: 0
	Signals delivered: 0
	Page size (bytes): 4096
	Exit status: 0
