[11 Dec 2019 23:12:25-faC][cmd] /home/CSCScience.ca/apetkau/miniconda3/envs/bigsi_mccortex/bin/mccortex31 build --nkmers 140000 --threads 1 --kmer 9 --mem 5G --sample SRR1313092 --seq human/kmer-counts-jellyfish/9/SRR1313092.kmer.gz human/bigsi/9/mccortex.SRR1313092.ctx
[11 Dec 2019 23:12:25-faC][cwd] /home/CSCScience.ca/apetkau/workspace/comp7934-project
[11 Dec 2019 23:12:25-faC][version] mccortex=v0.0.3-610-g400c0e3 zlib=1.2.11 htslib=1.8-17-g699ed53 ASSERTS=ON hash=Lookup3 CHECKS=ON k=3..31
[11 Dec 2019 23:12:25-faC] Saving graph to: human/bigsi/9/mccortex.SRR1313092.ctx
[11 Dec 2019 23:12:25-faC][sample] 0: SRR1313092
[11 Dec 2019 23:12:25-faC][task] human/kmer-counts-jellyfish/9/SRR1313092.kmer.gz; FASTQ offset: auto-detect, threshold: off; cut homopolymers: off; remove PCR duplicates: no; colour: 0
[11 Dec 2019 23:12:25-faC][memory] 104 bits per kmer
[11 Dec 2019 23:12:25-faC] Note: Using less memory than requested (1.8MB < 5GB); allows for 143,360 kmers
[11 Dec 2019 23:12:25-faC][memory] graph: 1.8MB
[11 Dec 2019 23:12:25-faC][memory] total: 1.8MB of 62.6GB RAM
[11 Dec 2019 23:12:25-faC] Writing 1 colour graph to human/bigsi/9/mccortex.SRR1313092.ctx
[11 Dec 2019 23:12:25-faC][hasht] Allocating table with 143,360 entries, using 1.1MB
[11 Dec 2019 23:12:25-faC][hasht]  number of buckets: 4,096, bucket size: 35
[11 Dec 2019 23:12:25-faC][graph] kmer-size: 9; colours: 1; capacity: 143,360
[11 Dec 2019 23:12:25-faC][hasht] buckets: 4,096 [2^12]; bucket size: 35; 
[11 Dec 2019 23:12:25-faC][hasht] memory: 1.1MB; filled: 0 / 143,360 (0.00%)
[11 Dec 2019 23:12:25-faC][asyncio] Inputs: 1; Threads: 1
[11 Dec 2019 23:12:25-faC][seq] Parsing sequence file human/kmer-counts-jellyfish/9/SRR1313092.kmer.gz
[11 Dec 2019 23:12:25-faC][seq] Loaded 130,622 reads and 0 reads pairs (file: human/kmer-counts-jellyfish/9/SRR1313092.kmer.gz)
[11 Dec 2019 23:12:25-faC][hasht] buckets: 4,096 [2^12]; bucket size: 35; 
[11 Dec 2019 23:12:25-faC][hasht] memory: 1.1MB; filled: 130,622 / 143,360 (91.11%)
[11 Dec 2019 23:12:25-faC][hasht]  collisions  0: 125354
[11 Dec 2019 23:12:25-faC][hasht]  collisions  1: 4060
[11 Dec 2019 23:12:25-faC][hasht]  collisions  2: 844
[11 Dec 2019 23:12:25-faC][hasht]  collisions  3: 243
[11 Dec 2019 23:12:25-faC][hasht]  collisions  4: 84
[11 Dec 2019 23:12:25-faC][hasht]  collisions  5: 24
[11 Dec 2019 23:12:25-faC][hasht]  collisions  6: 5
[11 Dec 2019 23:12:25-faC][hasht]  collisions  7: 7
[11 Dec 2019 23:12:25-faC][hasht]  collisions 11: 1
[11 Dec 2019 23:12:25-faC][task] input: human/kmer-counts-jellyfish/9/SRR1313092.kmer.gz colour: 0
[11 Dec 2019 23:12:25-faC]  SE reads: 130,622  PE reads: 0
[11 Dec 2019 23:12:25-faC]  good reads: 130,622  bad reads: 0
[11 Dec 2019 23:12:25-faC]  dup SE reads: 0  dup PE pairs: 0
[11 Dec 2019 23:12:25-faC]  bases read: 1,175,598  bases loaded: 1,175,598
[11 Dec 2019 23:12:25-faC]  num contigs: 130,622  num kmers: 130,622 novel kmers: 130,622
[11 Dec 2019 23:12:25-faC] Dumping graph...
[11 Dec 2019 23:12:25-faC][graphwriter] Saving file to: human/bigsi/9/mccortex.SRR1313092.ctx
[11 Dec 2019 23:12:25-faC][FileFilter] Writing graph  [1 src colour]
[11 Dec 2019 23:12:25-faC][graphwriter] Dumped 130,622 kmers in 1 colour into: human/bigsi/9/mccortex.SRR1313092.ctx (ver: 6)
[11 Dec 2019 23:12:25-faC][memory] We made 19 allocs
[11 Dec 2019 23:12:25-faC] Done.
[11 Dec 2019 23:12:25-faC][time] 0.00 seconds
	Command being timed: "mccortex 9 build --nkmers 140000 --threads 1 --kmer 9 --mem 5G --sample SRR1313092 --seq human/kmer-counts-jellyfish/9/SRR1313092.kmer.gz human/bigsi/9/mccortex.SRR1313092.ctx"
	User time (seconds): 0.17
	System time (seconds): 0.02
	Percent of CPU this job got: 132%
	Elapsed (wall clock) time (h:mm:ss or m:ss): 0:00.14
	Average shared text size (kbytes): 0
	Average unshared data size (kbytes): 0
	Average stack size (kbytes): 0
	Average total size (kbytes): 0
	Maximum resident set size (kbytes): 10524
	Average resident set size (kbytes): 0
	Major (requiring I/O) page faults: 0
	Minor (reclaiming a frame) page faults: 2596
	Voluntary context switches: 279
	Involuntary context switches: 1052
	Swaps: 0
	File system inputs: 528
	File system outputs: 3328
	Socket messages sent: 0
	Socket messages received: 0
	Signals delivered: 0
	Page size (bytes): 4096
	Exit status: 0
