[11 Dec 2019 23:12:02-mEt][cmd] /home/CSCScience.ca/apetkau/miniconda3/envs/bigsi_mccortex/bin/mccortex31 build --nkmers 140000 --threads 1 --kmer 9 --mem 10G --sample ERR1713341 --seq metagenomics/kmer-counts-jellyfish/9/ERR1713341.kmer.gz metagenomics/bigsi/9/mccortex.ERR1713341.ctx
[11 Dec 2019 23:12:02-mEt][cwd] /home/CSCScience.ca/apetkau/workspace/comp7934-project
[11 Dec 2019 23:12:02-mEt][version] mccortex=v0.0.3-610-g400c0e3 zlib=1.2.11 htslib=1.8-17-g699ed53 ASSERTS=ON hash=Lookup3 CHECKS=ON k=3..31
[11 Dec 2019 23:12:02-mEt] Saving graph to: metagenomics/bigsi/9/mccortex.ERR1713341.ctx
[11 Dec 2019 23:12:02-mEt][sample] 0: ERR1713341
[11 Dec 2019 23:12:02-mEt][task] metagenomics/kmer-counts-jellyfish/9/ERR1713341.kmer.gz; FASTQ offset: auto-detect, threshold: off; cut homopolymers: off; remove PCR duplicates: no; colour: 0
[11 Dec 2019 23:12:02-mEt][memory] 104 bits per kmer
[11 Dec 2019 23:12:02-mEt] Note: Using less memory than requested (1.8MB < 10GB); allows for 143,360 kmers
[11 Dec 2019 23:12:02-mEt][memory] graph: 1.8MB
[11 Dec 2019 23:12:02-mEt][memory] total: 1.8MB of 62.6GB RAM
[11 Dec 2019 23:12:02-mEt] Writing 1 colour graph to metagenomics/bigsi/9/mccortex.ERR1713341.ctx
[11 Dec 2019 23:12:02-mEt][hasht] Allocating table with 143,360 entries, using 1.1MB
[11 Dec 2019 23:12:02-mEt][hasht]  number of buckets: 4,096, bucket size: 35
[11 Dec 2019 23:12:02-mEt][graph] kmer-size: 9; colours: 1; capacity: 143,360
[11 Dec 2019 23:12:02-mEt][hasht] buckets: 4,096 [2^12]; bucket size: 35; 
[11 Dec 2019 23:12:02-mEt][hasht] memory: 1.1MB; filled: 0 / 143,360 (0.00%)
[11 Dec 2019 23:12:02-mEt][asyncio] Inputs: 1; Threads: 1
[11 Dec 2019 23:12:02-mEt][seq] Parsing sequence file metagenomics/kmer-counts-jellyfish/9/ERR1713341.kmer.gz
[11 Dec 2019 23:12:02-mEt][seq] Loaded 131,072 reads and 0 reads pairs (file: metagenomics/kmer-counts-jellyfish/9/ERR1713341.kmer.gz)
[11 Dec 2019 23:12:02-mEt][hasht] buckets: 4,096 [2^12]; bucket size: 35; 
[11 Dec 2019 23:12:02-mEt][hasht] memory: 1.1MB; filled: 131,072 / 143,360 (91.43%)
[11 Dec 2019 23:12:02-mEt][hasht]  collisions  0: 125789
[11 Dec 2019 23:12:02-mEt][hasht]  collisions  1: 4012
[11 Dec 2019 23:12:02-mEt][hasht]  collisions  2: 885
[11 Dec 2019 23:12:02-mEt][hasht]  collisions  3: 269
[11 Dec 2019 23:12:02-mEt][hasht]  collisions  4: 69
[11 Dec 2019 23:12:02-mEt][hasht]  collisions  5: 33
[11 Dec 2019 23:12:02-mEt][hasht]  collisions  6: 9
[11 Dec 2019 23:12:02-mEt][hasht]  collisions  7: 2
[11 Dec 2019 23:12:02-mEt][hasht]  collisions  8: 2
[11 Dec 2019 23:12:02-mEt][hasht]  collisions  9: 2
[11 Dec 2019 23:12:02-mEt][task] input: metagenomics/kmer-counts-jellyfish/9/ERR1713341.kmer.gz colour: 0
[11 Dec 2019 23:12:02-mEt]  SE reads: 131,072  PE reads: 0
[11 Dec 2019 23:12:02-mEt]  good reads: 131,072  bad reads: 0
[11 Dec 2019 23:12:02-mEt]  dup SE reads: 0  dup PE pairs: 0
[11 Dec 2019 23:12:02-mEt]  bases read: 1,179,648  bases loaded: 1,179,648
[11 Dec 2019 23:12:02-mEt]  num contigs: 131,072  num kmers: 131,072 novel kmers: 131,072
[11 Dec 2019 23:12:02-mEt] Dumping graph...
[11 Dec 2019 23:12:02-mEt][graphwriter] Saving file to: metagenomics/bigsi/9/mccortex.ERR1713341.ctx
[11 Dec 2019 23:12:02-mEt][FileFilter] Writing graph  [1 src colour]
[11 Dec 2019 23:12:02-mEt][graphwriter] Dumped 131,072 kmers in 1 colour into: metagenomics/bigsi/9/mccortex.ERR1713341.ctx (ver: 6)
[11 Dec 2019 23:12:02-mEt][memory] We made 19 allocs
[11 Dec 2019 23:12:02-mEt] Done.
[11 Dec 2019 23:12:02-mEt][time] 0.00 seconds
	Command being timed: "mccortex 9 build --nkmers 140000 --threads 1 --kmer 9 --mem 10G --sample ERR1713341 --seq metagenomics/kmer-counts-jellyfish/9/ERR1713341.kmer.gz metagenomics/bigsi/9/mccortex.ERR1713341.ctx"
	User time (seconds): 0.16
	System time (seconds): 0.04
	Percent of CPU this job got: 161%
	Elapsed (wall clock) time (h:mm:ss or m:ss): 0:00.13
	Average shared text size (kbytes): 0
	Average unshared data size (kbytes): 0
	Average stack size (kbytes): 0
	Average total size (kbytes): 0
	Maximum resident set size (kbytes): 10580
	Average resident set size (kbytes): 0
	Major (requiring I/O) page faults: 0
	Minor (reclaiming a frame) page faults: 2605
	Voluntary context switches: 424
	Involuntary context switches: 5
	Swaps: 0
	File system inputs: 816
	File system outputs: 3344
	Socket messages sent: 0
	Socket messages received: 0
	Signals delivered: 0
	Page size (bytes): 4096
	Exit status: 0
