[11 Dec 2019 23:12:13-zAb][cmd] /home/CSCScience.ca/apetkau/miniconda3/envs/bigsi_mccortex/bin/mccortex31 build --nkmers 140000 --threads 1 --kmer 9 --mem 10G --sample ERR1713399 --seq metagenomics/kmer-counts-jellyfish/9/ERR1713399.kmer.gz metagenomics/bigsi/9/mccortex.ERR1713399.ctx
[11 Dec 2019 23:12:13-zAb][cwd] /home/CSCScience.ca/apetkau/workspace/comp7934-project
[11 Dec 2019 23:12:13-zAb][version] mccortex=v0.0.3-610-g400c0e3 zlib=1.2.11 htslib=1.8-17-g699ed53 ASSERTS=ON hash=Lookup3 CHECKS=ON k=3..31
[11 Dec 2019 23:12:13-zAb] Saving graph to: metagenomics/bigsi/9/mccortex.ERR1713399.ctx
[11 Dec 2019 23:12:13-zAb][sample] 0: ERR1713399
[11 Dec 2019 23:12:13-zAb][task] metagenomics/kmer-counts-jellyfish/9/ERR1713399.kmer.gz; FASTQ offset: auto-detect, threshold: off; cut homopolymers: off; remove PCR duplicates: no; colour: 0
[11 Dec 2019 23:12:13-zAb][memory] 104 bits per kmer
[11 Dec 2019 23:12:13-zAb] Note: Using less memory than requested (1.8MB < 10GB); allows for 143,360 kmers
[11 Dec 2019 23:12:13-zAb][memory] graph: 1.8MB
[11 Dec 2019 23:12:13-zAb][memory] total: 1.8MB of 62.6GB RAM
[11 Dec 2019 23:12:13-zAb] Writing 1 colour graph to metagenomics/bigsi/9/mccortex.ERR1713399.ctx
[11 Dec 2019 23:12:13-zAb][hasht] Allocating table with 143,360 entries, using 1.1MB
[11 Dec 2019 23:12:13-zAb][hasht]  number of buckets: 4,096, bucket size: 35
[11 Dec 2019 23:12:13-zAb][graph] kmer-size: 9; colours: 1; capacity: 143,360
[11 Dec 2019 23:12:13-zAb][hasht] buckets: 4,096 [2^12]; bucket size: 35; 
[11 Dec 2019 23:12:13-zAb][hasht] memory: 1.1MB; filled: 0 / 143,360 (0.00%)
[11 Dec 2019 23:12:13-zAb][asyncio] Inputs: 1; Threads: 1
[11 Dec 2019 23:12:13-zAb][seq] Parsing sequence file metagenomics/kmer-counts-jellyfish/9/ERR1713399.kmer.gz
[11 Dec 2019 23:12:13-zAb][seq] Loaded 131,072 reads and 0 reads pairs (file: metagenomics/kmer-counts-jellyfish/9/ERR1713399.kmer.gz)
[11 Dec 2019 23:12:13-zAb][hasht] buckets: 4,096 [2^12]; bucket size: 35; 
[11 Dec 2019 23:12:13-zAb][hasht] memory: 1.1MB; filled: 131,072 / 143,360 (91.43%)
[11 Dec 2019 23:12:13-zAb][hasht]  collisions  0: 125666
[11 Dec 2019 23:12:13-zAb][hasht]  collisions  1: 4084
[11 Dec 2019 23:12:13-zAb][hasht]  collisions  2: 909
[11 Dec 2019 23:12:13-zAb][hasht]  collisions  3: 277
[11 Dec 2019 23:12:13-zAb][hasht]  collisions  4: 84
[11 Dec 2019 23:12:13-zAb][hasht]  collisions  5: 28
[11 Dec 2019 23:12:13-zAb][hasht]  collisions  6: 15
[11 Dec 2019 23:12:13-zAb][hasht]  collisions  7: 6
[11 Dec 2019 23:12:13-zAb][hasht]  collisions  8: 3
[11 Dec 2019 23:12:13-zAb][task] input: metagenomics/kmer-counts-jellyfish/9/ERR1713399.kmer.gz colour: 0
[11 Dec 2019 23:12:13-zAb]  SE reads: 131,072  PE reads: 0
[11 Dec 2019 23:12:13-zAb]  good reads: 131,072  bad reads: 0
[11 Dec 2019 23:12:13-zAb]  dup SE reads: 0  dup PE pairs: 0
[11 Dec 2019 23:12:13-zAb]  bases read: 1,179,648  bases loaded: 1,179,648
[11 Dec 2019 23:12:13-zAb]  num contigs: 131,072  num kmers: 131,072 novel kmers: 131,072
[11 Dec 2019 23:12:13-zAb] Dumping graph...
[11 Dec 2019 23:12:13-zAb][graphwriter] Saving file to: metagenomics/bigsi/9/mccortex.ERR1713399.ctx
[11 Dec 2019 23:12:13-zAb][FileFilter] Writing graph  [1 src colour]
[11 Dec 2019 23:12:13-zAb][graphwriter] Dumped 131,072 kmers in 1 colour into: metagenomics/bigsi/9/mccortex.ERR1713399.ctx (ver: 6)
[11 Dec 2019 23:12:13-zAb][memory] We made 19 allocs
[11 Dec 2019 23:12:13-zAb] Done.
[11 Dec 2019 23:12:13-zAb][time] 0.00 seconds
	Command being timed: "mccortex 9 build --nkmers 140000 --threads 1 --kmer 9 --mem 10G --sample ERR1713399 --seq metagenomics/kmer-counts-jellyfish/9/ERR1713399.kmer.gz metagenomics/bigsi/9/mccortex.ERR1713399.ctx"
	User time (seconds): 0.22
	System time (seconds): 0.03
	Percent of CPU this job got: 162%
	Elapsed (wall clock) time (h:mm:ss or m:ss): 0:00.15
	Average shared text size (kbytes): 0
	Average unshared data size (kbytes): 0
	Average stack size (kbytes): 0
	Average total size (kbytes): 0
	Maximum resident set size (kbytes): 10580
	Average resident set size (kbytes): 0
	Major (requiring I/O) page faults: 0
	Minor (reclaiming a frame) page faults: 2602
	Voluntary context switches: 385
	Involuntary context switches: 8
	Swaps: 0
	File system inputs: 816
	File system outputs: 3344
	Socket messages sent: 0
	Socket messages received: 0
	Signals delivered: 0
	Page size (bytes): 4096
	Exit status: 0
