[11 Dec 2019 23:12:08-qUL][cmd] /home/CSCScience.ca/apetkau/miniconda3/envs/bigsi_mccortex/bin/mccortex31 build --nkmers 140000 --threads 1 --kmer 9 --mem 10G --sample ERR1713375 --seq metagenomics/kmer-counts-jellyfish/9/ERR1713375.kmer.gz metagenomics/bigsi/9/mccortex.ERR1713375.ctx
[11 Dec 2019 23:12:08-qUL][cwd] /home/CSCScience.ca/apetkau/workspace/comp7934-project
[11 Dec 2019 23:12:08-qUL][version] mccortex=v0.0.3-610-g400c0e3 zlib=1.2.11 htslib=1.8-17-g699ed53 ASSERTS=ON hash=Lookup3 CHECKS=ON k=3..31
[11 Dec 2019 23:12:08-qUL] Saving graph to: metagenomics/bigsi/9/mccortex.ERR1713375.ctx
[11 Dec 2019 23:12:08-qUL][sample] 0: ERR1713375
[11 Dec 2019 23:12:08-qUL][task] metagenomics/kmer-counts-jellyfish/9/ERR1713375.kmer.gz; FASTQ offset: auto-detect, threshold: off; cut homopolymers: off; remove PCR duplicates: no; colour: 0
[11 Dec 2019 23:12:08-qUL][memory] 104 bits per kmer
[11 Dec 2019 23:12:08-qUL] Note: Using less memory than requested (1.8MB < 10GB); allows for 143,360 kmers
[11 Dec 2019 23:12:08-qUL][memory] graph: 1.8MB
[11 Dec 2019 23:12:08-qUL][memory] total: 1.8MB of 62.6GB RAM
[11 Dec 2019 23:12:08-qUL] Writing 1 colour graph to metagenomics/bigsi/9/mccortex.ERR1713375.ctx
[11 Dec 2019 23:12:08-qUL][hasht] Allocating table with 143,360 entries, using 1.1MB
[11 Dec 2019 23:12:08-qUL][hasht]  number of buckets: 4,096, bucket size: 35
[11 Dec 2019 23:12:08-qUL][graph] kmer-size: 9; colours: 1; capacity: 143,360
[11 Dec 2019 23:12:08-qUL][hasht] buckets: 4,096 [2^12]; bucket size: 35; 
[11 Dec 2019 23:12:08-qUL][hasht] memory: 1.1MB; filled: 0 / 143,360 (0.00%)
[11 Dec 2019 23:12:08-qUL][asyncio] Inputs: 1; Threads: 1
[11 Dec 2019 23:12:08-qUL][seq] Parsing sequence file metagenomics/kmer-counts-jellyfish/9/ERR1713375.kmer.gz
[11 Dec 2019 23:12:08-qUL][seq] Loaded 131,069 reads and 0 reads pairs (file: metagenomics/kmer-counts-jellyfish/9/ERR1713375.kmer.gz)
[11 Dec 2019 23:12:08-qUL][hasht] buckets: 4,096 [2^12]; bucket size: 35; 
[11 Dec 2019 23:12:08-qUL][hasht] memory: 1.1MB; filled: 131,069 / 143,360 (91.43%)
[11 Dec 2019 23:12:08-qUL][hasht]  collisions  0: 125906
[11 Dec 2019 23:12:08-qUL][hasht]  collisions  1: 3970
[11 Dec 2019 23:12:08-qUL][hasht]  collisions  2: 814
[11 Dec 2019 23:12:08-qUL][hasht]  collisions  3: 243
[11 Dec 2019 23:12:08-qUL][hasht]  collisions  4: 86
[11 Dec 2019 23:12:08-qUL][hasht]  collisions  5: 33
[11 Dec 2019 23:12:08-qUL][hasht]  collisions  6: 15
[11 Dec 2019 23:12:08-qUL][hasht]  collisions  7: 2
[11 Dec 2019 23:12:08-qUL][task] input: metagenomics/kmer-counts-jellyfish/9/ERR1713375.kmer.gz colour: 0
[11 Dec 2019 23:12:08-qUL]  SE reads: 131,069  PE reads: 0
[11 Dec 2019 23:12:08-qUL]  good reads: 131,069  bad reads: 0
[11 Dec 2019 23:12:08-qUL]  dup SE reads: 0  dup PE pairs: 0
[11 Dec 2019 23:12:08-qUL]  bases read: 1,179,621  bases loaded: 1,179,621
[11 Dec 2019 23:12:08-qUL]  num contigs: 131,069  num kmers: 131,069 novel kmers: 131,069
[11 Dec 2019 23:12:08-qUL] Dumping graph...
[11 Dec 2019 23:12:08-qUL][graphwriter] Saving file to: metagenomics/bigsi/9/mccortex.ERR1713375.ctx
[11 Dec 2019 23:12:08-qUL][FileFilter] Writing graph  [1 src colour]
[11 Dec 2019 23:12:08-qUL][graphwriter] Dumped 131,069 kmers in 1 colour into: metagenomics/bigsi/9/mccortex.ERR1713375.ctx (ver: 6)
[11 Dec 2019 23:12:08-qUL][memory] We made 19 allocs
[11 Dec 2019 23:12:08-qUL] Done.
[11 Dec 2019 23:12:08-qUL][time] 0.00 seconds
	Command being timed: "mccortex 9 build --nkmers 140000 --threads 1 --kmer 9 --mem 10G --sample ERR1713375 --seq metagenomics/kmer-counts-jellyfish/9/ERR1713375.kmer.gz metagenomics/bigsi/9/mccortex.ERR1713375.ctx"
	User time (seconds): 0.16
	System time (seconds): 0.03
	Percent of CPU this job got: 139%
	Elapsed (wall clock) time (h:mm:ss or m:ss): 0:00.14
	Average shared text size (kbytes): 0
	Average unshared data size (kbytes): 0
	Average stack size (kbytes): 0
	Average total size (kbytes): 0
	Maximum resident set size (kbytes): 10560
	Average resident set size (kbytes): 0
	Major (requiring I/O) page faults: 0
	Minor (reclaiming a frame) page faults: 2607
	Voluntary context switches: 121
	Involuntary context switches: 5
	Swaps: 0
	File system inputs: 816
	File system outputs: 3344
	Socket messages sent: 0
	Socket messages received: 0
	Signals delivered: 0
	Page size (bytes): 4096
	Exit status: 0
