[11 Dec 2019 23:12:07-waZ][cmd] /home/CSCScience.ca/apetkau/miniconda3/envs/bigsi_mccortex/bin/mccortex31 build --nkmers 140000 --threads 1 --kmer 9 --mem 10G --sample ERR1713372 --seq metagenomics/kmer-counts-jellyfish/9/ERR1713372.kmer.gz metagenomics/bigsi/9/mccortex.ERR1713372.ctx
[11 Dec 2019 23:12:07-waZ][cwd] /home/CSCScience.ca/apetkau/workspace/comp7934-project
[11 Dec 2019 23:12:07-waZ][version] mccortex=v0.0.3-610-g400c0e3 zlib=1.2.11 htslib=1.8-17-g699ed53 ASSERTS=ON hash=Lookup3 CHECKS=ON k=3..31
[11 Dec 2019 23:12:07-waZ] Saving graph to: metagenomics/bigsi/9/mccortex.ERR1713372.ctx
[11 Dec 2019 23:12:07-waZ][sample] 0: ERR1713372
[11 Dec 2019 23:12:07-waZ][task] metagenomics/kmer-counts-jellyfish/9/ERR1713372.kmer.gz; FASTQ offset: auto-detect, threshold: off; cut homopolymers: off; remove PCR duplicates: no; colour: 0
[11 Dec 2019 23:12:07-waZ][memory] 104 bits per kmer
[11 Dec 2019 23:12:07-waZ] Note: Using less memory than requested (1.8MB < 10GB); allows for 143,360 kmers
[11 Dec 2019 23:12:07-waZ][memory] graph: 1.8MB
[11 Dec 2019 23:12:07-waZ][memory] total: 1.8MB of 62.6GB RAM
[11 Dec 2019 23:12:07-waZ] Writing 1 colour graph to metagenomics/bigsi/9/mccortex.ERR1713372.ctx
[11 Dec 2019 23:12:07-waZ][hasht] Allocating table with 143,360 entries, using 1.1MB
[11 Dec 2019 23:12:07-waZ][hasht]  number of buckets: 4,096, bucket size: 35
[11 Dec 2019 23:12:07-waZ][graph] kmer-size: 9; colours: 1; capacity: 143,360
[11 Dec 2019 23:12:07-waZ][hasht] buckets: 4,096 [2^12]; bucket size: 35; 
[11 Dec 2019 23:12:07-waZ][hasht] memory: 1.1MB; filled: 0 / 143,360 (0.00%)
[11 Dec 2019 23:12:07-waZ][asyncio] Inputs: 1; Threads: 1
[11 Dec 2019 23:12:07-waZ][seq] Parsing sequence file metagenomics/kmer-counts-jellyfish/9/ERR1713372.kmer.gz
[11 Dec 2019 23:12:08-waZ][seq] Loaded 131,070 reads and 0 reads pairs (file: metagenomics/kmer-counts-jellyfish/9/ERR1713372.kmer.gz)
[11 Dec 2019 23:12:08-waZ][hasht] buckets: 4,096 [2^12]; bucket size: 35; 
[11 Dec 2019 23:12:08-waZ][hasht] memory: 1.1MB; filled: 131,070 / 143,360 (91.43%)
[11 Dec 2019 23:12:08-waZ][hasht]  collisions  0: 125988
[11 Dec 2019 23:12:08-waZ][hasht]  collisions  1: 3872
[11 Dec 2019 23:12:08-waZ][hasht]  collisions  2: 848
[11 Dec 2019 23:12:08-waZ][hasht]  collisions  3: 231
[11 Dec 2019 23:12:08-waZ][hasht]  collisions  4: 91
[11 Dec 2019 23:12:08-waZ][hasht]  collisions  5: 29
[11 Dec 2019 23:12:08-waZ][hasht]  collisions  6: 9
[11 Dec 2019 23:12:08-waZ][hasht]  collisions  7: 2
[11 Dec 2019 23:12:08-waZ][task] input: metagenomics/kmer-counts-jellyfish/9/ERR1713372.kmer.gz colour: 0
[11 Dec 2019 23:12:08-waZ]  SE reads: 131,070  PE reads: 0
[11 Dec 2019 23:12:08-waZ]  good reads: 131,070  bad reads: 0
[11 Dec 2019 23:12:08-waZ]  dup SE reads: 0  dup PE pairs: 0
[11 Dec 2019 23:12:08-waZ]  bases read: 1,179,630  bases loaded: 1,179,630
[11 Dec 2019 23:12:08-waZ]  num contigs: 131,070  num kmers: 131,070 novel kmers: 131,070
[11 Dec 2019 23:12:08-waZ] Dumping graph...
[11 Dec 2019 23:12:08-waZ][graphwriter] Saving file to: metagenomics/bigsi/9/mccortex.ERR1713372.ctx
[11 Dec 2019 23:12:08-waZ][FileFilter] Writing graph  [1 src colour]
[11 Dec 2019 23:12:08-waZ][graphwriter] Dumped 131,070 kmers in 1 colour into: metagenomics/bigsi/9/mccortex.ERR1713372.ctx (ver: 6)
[11 Dec 2019 23:12:08-waZ][memory] We made 19 allocs
[11 Dec 2019 23:12:08-waZ] Done.
[11 Dec 2019 23:12:08-waZ][time] 1.00 seconds
	Command being timed: "mccortex 9 build --nkmers 140000 --threads 1 --kmer 9 --mem 10G --sample ERR1713372 --seq metagenomics/kmer-counts-jellyfish/9/ERR1713372.kmer.gz metagenomics/bigsi/9/mccortex.ERR1713372.ctx"
	User time (seconds): 0.17
	System time (seconds): 0.03
	Percent of CPU this job got: 115%
	Elapsed (wall clock) time (h:mm:ss or m:ss): 0:00.18
	Average shared text size (kbytes): 0
	Average unshared data size (kbytes): 0
	Average stack size (kbytes): 0
	Average total size (kbytes): 0
	Maximum resident set size (kbytes): 10716
	Average resident set size (kbytes): 0
	Major (requiring I/O) page faults: 0
	Minor (reclaiming a frame) page faults: 2602
	Voluntary context switches: 275
	Involuntary context switches: 78
	Swaps: 0
	File system inputs: 816
	File system outputs: 3344
	Socket messages sent: 0
	Socket messages received: 0
	Signals delivered: 0
	Page size (bytes): 4096
	Exit status: 0
