[11 Dec 2019 23:12:02-LIt][cmd] /home/CSCScience.ca/apetkau/miniconda3/envs/bigsi_mccortex/bin/mccortex31 build --nkmers 140000 --threads 1 --kmer 9 --mem 10G --sample ERR1713344 --seq metagenomics/kmer-counts-jellyfish/9/ERR1713344.kmer.gz metagenomics/bigsi/9/mccortex.ERR1713344.ctx
[11 Dec 2019 23:12:02-LIt][cwd] /home/CSCScience.ca/apetkau/workspace/comp7934-project
[11 Dec 2019 23:12:02-LIt][version] mccortex=v0.0.3-610-g400c0e3 zlib=1.2.11 htslib=1.8-17-g699ed53 ASSERTS=ON hash=Lookup3 CHECKS=ON k=3..31
[11 Dec 2019 23:12:02-LIt] Saving graph to: metagenomics/bigsi/9/mccortex.ERR1713344.ctx
[11 Dec 2019 23:12:02-LIt][sample] 0: ERR1713344
[11 Dec 2019 23:12:02-LIt][task] metagenomics/kmer-counts-jellyfish/9/ERR1713344.kmer.gz; FASTQ offset: auto-detect, threshold: off; cut homopolymers: off; remove PCR duplicates: no; colour: 0
[11 Dec 2019 23:12:02-LIt][memory] 104 bits per kmer
[11 Dec 2019 23:12:02-LIt] Note: Using less memory than requested (1.8MB < 10GB); allows for 143,360 kmers
[11 Dec 2019 23:12:02-LIt][memory] graph: 1.8MB
[11 Dec 2019 23:12:02-LIt][memory] total: 1.8MB of 62.6GB RAM
[11 Dec 2019 23:12:02-LIt] Writing 1 colour graph to metagenomics/bigsi/9/mccortex.ERR1713344.ctx
[11 Dec 2019 23:12:02-LIt][hasht] Allocating table with 143,360 entries, using 1.1MB
[11 Dec 2019 23:12:02-LIt][hasht]  number of buckets: 4,096, bucket size: 35
[11 Dec 2019 23:12:02-LIt][graph] kmer-size: 9; colours: 1; capacity: 143,360
[11 Dec 2019 23:12:02-LIt][hasht] buckets: 4,096 [2^12]; bucket size: 35; 
[11 Dec 2019 23:12:02-LIt][hasht] memory: 1.1MB; filled: 0 / 143,360 (0.00%)
[11 Dec 2019 23:12:02-LIt][asyncio] Inputs: 1; Threads: 1
[11 Dec 2019 23:12:02-LIt][seq] Parsing sequence file metagenomics/kmer-counts-jellyfish/9/ERR1713344.kmer.gz
[11 Dec 2019 23:12:02-LIt][seq] Loaded 131,071 reads and 0 reads pairs (file: metagenomics/kmer-counts-jellyfish/9/ERR1713344.kmer.gz)
[11 Dec 2019 23:12:02-LIt][hasht] buckets: 4,096 [2^12]; bucket size: 35; 
[11 Dec 2019 23:12:02-LIt][hasht] memory: 1.1MB; filled: 131,071 / 143,360 (91.43%)
[11 Dec 2019 23:12:02-LIt][hasht]  collisions  0: 125744
[11 Dec 2019 23:12:02-LIt][hasht]  collisions  1: 4047
[11 Dec 2019 23:12:02-LIt][hasht]  collisions  2: 867
[11 Dec 2019 23:12:02-LIt][hasht]  collisions  3: 270
[11 Dec 2019 23:12:02-LIt][hasht]  collisions  4: 90
[11 Dec 2019 23:12:02-LIt][hasht]  collisions  5: 32
[11 Dec 2019 23:12:02-LIt][hasht]  collisions  6: 12
[11 Dec 2019 23:12:02-LIt][hasht]  collisions  7: 4
[11 Dec 2019 23:12:02-LIt][hasht]  collisions  8: 3
[11 Dec 2019 23:12:02-LIt][hasht]  collisions 10: 1
[11 Dec 2019 23:12:02-LIt][hasht]  collisions 14: 1
[11 Dec 2019 23:12:02-LIt][task] input: metagenomics/kmer-counts-jellyfish/9/ERR1713344.kmer.gz colour: 0
[11 Dec 2019 23:12:02-LIt]  SE reads: 131,071  PE reads: 0
[11 Dec 2019 23:12:02-LIt]  good reads: 131,071  bad reads: 0
[11 Dec 2019 23:12:02-LIt]  dup SE reads: 0  dup PE pairs: 0
[11 Dec 2019 23:12:02-LIt]  bases read: 1,179,639  bases loaded: 1,179,639
[11 Dec 2019 23:12:02-LIt]  num contigs: 131,071  num kmers: 131,071 novel kmers: 131,071
[11 Dec 2019 23:12:02-LIt] Dumping graph...
[11 Dec 2019 23:12:02-LIt][graphwriter] Saving file to: metagenomics/bigsi/9/mccortex.ERR1713344.ctx
[11 Dec 2019 23:12:02-LIt][FileFilter] Writing graph  [1 src colour]
[11 Dec 2019 23:12:02-LIt][graphwriter] Dumped 131,071 kmers in 1 colour into: metagenomics/bigsi/9/mccortex.ERR1713344.ctx (ver: 6)
[11 Dec 2019 23:12:02-LIt][memory] We made 19 allocs
[11 Dec 2019 23:12:02-LIt] Done.
[11 Dec 2019 23:12:02-LIt][time] 0.00 seconds
	Command being timed: "mccortex 9 build --nkmers 140000 --threads 1 --kmer 9 --mem 10G --sample ERR1713344 --seq metagenomics/kmer-counts-jellyfish/9/ERR1713344.kmer.gz metagenomics/bigsi/9/mccortex.ERR1713344.ctx"
	User time (seconds): 0.22
	System time (seconds): 0.04
	Percent of CPU this job got: 114%
	Elapsed (wall clock) time (h:mm:ss or m:ss): 0:00.23
	Average shared text size (kbytes): 0
	Average unshared data size (kbytes): 0
	Average stack size (kbytes): 0
	Average total size (kbytes): 0
	Maximum resident set size (kbytes): 10764
	Average resident set size (kbytes): 0
	Major (requiring I/O) page faults: 0
	Minor (reclaiming a frame) page faults: 2612
	Voluntary context switches: 1707
	Involuntary context switches: 221
	Swaps: 0
	File system inputs: 896
	File system outputs: 3344
	Socket messages sent: 0
	Socket messages received: 0
	Signals delivered: 0
	Page size (bytes): 4096
	Exit status: 0
