[11 Dec 2019 23:12:02-qAz][cmd] /home/CSCScience.ca/apetkau/miniconda3/envs/bigsi_mccortex/bin/mccortex31 build --nkmers 140000 --threads 1 --kmer 9 --mem 10G --sample ERR1713342 --seq metagenomics/kmer-counts-jellyfish/9/ERR1713342.kmer.gz metagenomics/bigsi/9/mccortex.ERR1713342.ctx
[11 Dec 2019 23:12:02-qAz][cwd] /home/CSCScience.ca/apetkau/workspace/comp7934-project
[11 Dec 2019 23:12:02-qAz][version] mccortex=v0.0.3-610-g400c0e3 zlib=1.2.11 htslib=1.8-17-g699ed53 ASSERTS=ON hash=Lookup3 CHECKS=ON k=3..31
[11 Dec 2019 23:12:02-qAz] Saving graph to: metagenomics/bigsi/9/mccortex.ERR1713342.ctx
[11 Dec 2019 23:12:02-qAz][sample] 0: ERR1713342
[11 Dec 2019 23:12:02-qAz][task] metagenomics/kmer-counts-jellyfish/9/ERR1713342.kmer.gz; FASTQ offset: auto-detect, threshold: off; cut homopolymers: off; remove PCR duplicates: no; colour: 0
[11 Dec 2019 23:12:02-qAz][memory] 104 bits per kmer
[11 Dec 2019 23:12:02-qAz] Note: Using less memory than requested (1.8MB < 10GB); allows for 143,360 kmers
[11 Dec 2019 23:12:02-qAz][memory] graph: 1.8MB
[11 Dec 2019 23:12:02-qAz][memory] total: 1.8MB of 62.6GB RAM
[11 Dec 2019 23:12:02-qAz] Writing 1 colour graph to metagenomics/bigsi/9/mccortex.ERR1713342.ctx
[11 Dec 2019 23:12:02-qAz][hasht] Allocating table with 143,360 entries, using 1.1MB
[11 Dec 2019 23:12:02-qAz][hasht]  number of buckets: 4,096, bucket size: 35
[11 Dec 2019 23:12:02-qAz][graph] kmer-size: 9; colours: 1; capacity: 143,360
[11 Dec 2019 23:12:02-qAz][hasht] buckets: 4,096 [2^12]; bucket size: 35; 
[11 Dec 2019 23:12:02-qAz][hasht] memory: 1.1MB; filled: 0 / 143,360 (0.00%)
[11 Dec 2019 23:12:02-qAz][asyncio] Inputs: 1; Threads: 1
[11 Dec 2019 23:12:02-qAz][seq] Parsing sequence file metagenomics/kmer-counts-jellyfish/9/ERR1713342.kmer.gz
[11 Dec 2019 23:12:02-qAz][seq] Loaded 131,070 reads and 0 reads pairs (file: metagenomics/kmer-counts-jellyfish/9/ERR1713342.kmer.gz)
[11 Dec 2019 23:12:02-qAz][hasht] buckets: 4,096 [2^12]; bucket size: 35; 
[11 Dec 2019 23:12:02-qAz][hasht] memory: 1.1MB; filled: 131,070 / 143,360 (91.43%)
[11 Dec 2019 23:12:02-qAz][hasht]  collisions  0: 125874
[11 Dec 2019 23:12:02-qAz][hasht]  collisions  1: 3948
[11 Dec 2019 23:12:02-qAz][hasht]  collisions  2: 890
[11 Dec 2019 23:12:02-qAz][hasht]  collisions  3: 254
[11 Dec 2019 23:12:02-qAz][hasht]  collisions  4: 69
[11 Dec 2019 23:12:02-qAz][hasht]  collisions  5: 27
[11 Dec 2019 23:12:02-qAz][hasht]  collisions  6: 4
[11 Dec 2019 23:12:02-qAz][hasht]  collisions  7: 2
[11 Dec 2019 23:12:02-qAz][hasht]  collisions  8: 1
[11 Dec 2019 23:12:02-qAz][hasht]  collisions  9: 1
[11 Dec 2019 23:12:02-qAz][task] input: metagenomics/kmer-counts-jellyfish/9/ERR1713342.kmer.gz colour: 0
[11 Dec 2019 23:12:02-qAz]  SE reads: 131,070  PE reads: 0
[11 Dec 2019 23:12:02-qAz]  good reads: 131,070  bad reads: 0
[11 Dec 2019 23:12:02-qAz]  dup SE reads: 0  dup PE pairs: 0
[11 Dec 2019 23:12:02-qAz]  bases read: 1,179,630  bases loaded: 1,179,630
[11 Dec 2019 23:12:02-qAz]  num contigs: 131,070  num kmers: 131,070 novel kmers: 131,070
[11 Dec 2019 23:12:02-qAz] Dumping graph...
[11 Dec 2019 23:12:02-qAz][graphwriter] Saving file to: metagenomics/bigsi/9/mccortex.ERR1713342.ctx
[11 Dec 2019 23:12:02-qAz][FileFilter] Writing graph  [1 src colour]
[11 Dec 2019 23:12:02-qAz][graphwriter] Dumped 131,070 kmers in 1 colour into: metagenomics/bigsi/9/mccortex.ERR1713342.ctx (ver: 6)
[11 Dec 2019 23:12:02-qAz][memory] We made 19 allocs
[11 Dec 2019 23:12:02-qAz] Done.
[11 Dec 2019 23:12:02-qAz][time] 0.00 seconds
	Command being timed: "mccortex 9 build --nkmers 140000 --threads 1 --kmer 9 --mem 10G --sample ERR1713342 --seq metagenomics/kmer-counts-jellyfish/9/ERR1713342.kmer.gz metagenomics/bigsi/9/mccortex.ERR1713342.ctx"
	User time (seconds): 0.19
	System time (seconds): 0.01
	Percent of CPU this job got: 161%
	Elapsed (wall clock) time (h:mm:ss or m:ss): 0:00.12
	Average shared text size (kbytes): 0
	Average unshared data size (kbytes): 0
	Average stack size (kbytes): 0
	Average total size (kbytes): 0
	Maximum resident set size (kbytes): 10736
	Average resident set size (kbytes): 0
	Major (requiring I/O) page faults: 0
	Minor (reclaiming a frame) page faults: 2608
	Voluntary context switches: 191
	Involuntary context switches: 3
	Swaps: 0
	File system inputs: 816
	File system outputs: 3344
	Socket messages sent: 0
	Socket messages received: 0
	Signals delivered: 0
	Page size (bytes): 4096
	Exit status: 0
