[11 Dec 2019 23:12:13-QEY][cmd] /home/CSCScience.ca/apetkau/miniconda3/envs/bigsi_mccortex/bin/mccortex31 build --nkmers 140000 --threads 1 --kmer 9 --mem 10G --sample ERR1713402 --seq metagenomics/kmer-counts-jellyfish/9/ERR1713402.kmer.gz metagenomics/bigsi/9/mccortex.ERR1713402.ctx
[11 Dec 2019 23:12:13-QEY][cwd] /home/CSCScience.ca/apetkau/workspace/comp7934-project
[11 Dec 2019 23:12:13-QEY][version] mccortex=v0.0.3-610-g400c0e3 zlib=1.2.11 htslib=1.8-17-g699ed53 ASSERTS=ON hash=Lookup3 CHECKS=ON k=3..31
[11 Dec 2019 23:12:13-QEY] Saving graph to: metagenomics/bigsi/9/mccortex.ERR1713402.ctx
[11 Dec 2019 23:12:13-QEY][sample] 0: ERR1713402
[11 Dec 2019 23:12:13-QEY][task] metagenomics/kmer-counts-jellyfish/9/ERR1713402.kmer.gz; FASTQ offset: auto-detect, threshold: off; cut homopolymers: off; remove PCR duplicates: no; colour: 0
[11 Dec 2019 23:12:13-QEY][memory] 104 bits per kmer
[11 Dec 2019 23:12:13-QEY] Note: Using less memory than requested (1.8MB < 10GB); allows for 143,360 kmers
[11 Dec 2019 23:12:13-QEY][memory] graph: 1.8MB
[11 Dec 2019 23:12:13-QEY][memory] total: 1.8MB of 62.6GB RAM
[11 Dec 2019 23:12:13-QEY] Writing 1 colour graph to metagenomics/bigsi/9/mccortex.ERR1713402.ctx
[11 Dec 2019 23:12:13-QEY][hasht] Allocating table with 143,360 entries, using 1.1MB
[11 Dec 2019 23:12:13-QEY][hasht]  number of buckets: 4,096, bucket size: 35
[11 Dec 2019 23:12:13-QEY][graph] kmer-size: 9; colours: 1; capacity: 143,360
[11 Dec 2019 23:12:13-QEY][hasht] buckets: 4,096 [2^12]; bucket size: 35; 
[11 Dec 2019 23:12:13-QEY][hasht] memory: 1.1MB; filled: 0 / 143,360 (0.00%)
[11 Dec 2019 23:12:13-QEY][asyncio] Inputs: 1; Threads: 1
[11 Dec 2019 23:12:13-QEY][seq] Parsing sequence file metagenomics/kmer-counts-jellyfish/9/ERR1713402.kmer.gz
[11 Dec 2019 23:12:13-QEY][seq] Loaded 131,072 reads and 0 reads pairs (file: metagenomics/kmer-counts-jellyfish/9/ERR1713402.kmer.gz)
[11 Dec 2019 23:12:13-QEY][hasht] buckets: 4,096 [2^12]; bucket size: 35; 
[11 Dec 2019 23:12:13-QEY][hasht] memory: 1.1MB; filled: 131,072 / 143,360 (91.43%)
[11 Dec 2019 23:12:13-QEY][hasht]  collisions  0: 125616
[11 Dec 2019 23:12:13-QEY][hasht]  collisions  1: 4109
[11 Dec 2019 23:12:13-QEY][hasht]  collisions  2: 934
[11 Dec 2019 23:12:13-QEY][hasht]  collisions  3: 264
[11 Dec 2019 23:12:13-QEY][hasht]  collisions  4: 88
[11 Dec 2019 23:12:13-QEY][hasht]  collisions  5: 39
[11 Dec 2019 23:12:13-QEY][hasht]  collisions  6: 13
[11 Dec 2019 23:12:13-QEY][hasht]  collisions  7: 5
[11 Dec 2019 23:12:13-QEY][hasht]  collisions  8: 4
[11 Dec 2019 23:12:13-QEY][task] input: metagenomics/kmer-counts-jellyfish/9/ERR1713402.kmer.gz colour: 0
[11 Dec 2019 23:12:13-QEY]  SE reads: 131,072  PE reads: 0
[11 Dec 2019 23:12:13-QEY]  good reads: 131,072  bad reads: 0
[11 Dec 2019 23:12:13-QEY]  dup SE reads: 0  dup PE pairs: 0
[11 Dec 2019 23:12:13-QEY]  bases read: 1,179,648  bases loaded: 1,179,648
[11 Dec 2019 23:12:13-QEY]  num contigs: 131,072  num kmers: 131,072 novel kmers: 131,072
[11 Dec 2019 23:12:13-QEY] Dumping graph...
[11 Dec 2019 23:12:13-QEY][graphwriter] Saving file to: metagenomics/bigsi/9/mccortex.ERR1713402.ctx
[11 Dec 2019 23:12:13-QEY][FileFilter] Writing graph  [1 src colour]
[11 Dec 2019 23:12:13-QEY][graphwriter] Dumped 131,072 kmers in 1 colour into: metagenomics/bigsi/9/mccortex.ERR1713402.ctx (ver: 6)
[11 Dec 2019 23:12:13-QEY][memory] We made 19 allocs
[11 Dec 2019 23:12:13-QEY] Done.
[11 Dec 2019 23:12:13-QEY][time] 0.00 seconds
	Command being timed: "mccortex 9 build --nkmers 140000 --threads 1 --kmer 9 --mem 10G --sample ERR1713402 --seq metagenomics/kmer-counts-jellyfish/9/ERR1713402.kmer.gz metagenomics/bigsi/9/mccortex.ERR1713402.ctx"
	User time (seconds): 0.19
	System time (seconds): 0.04
	Percent of CPU this job got: 136%
	Elapsed (wall clock) time (h:mm:ss or m:ss): 0:00.17
	Average shared text size (kbytes): 0
	Average unshared data size (kbytes): 0
	Average stack size (kbytes): 0
	Average total size (kbytes): 0
	Maximum resident set size (kbytes): 10704
	Average resident set size (kbytes): 0
	Major (requiring I/O) page faults: 0
	Minor (reclaiming a frame) page faults: 2608
	Voluntary context switches: 257
	Involuntary context switches: 2503
	Swaps: 0
	File system inputs: 816
	File system outputs: 3344
	Socket messages sent: 0
	Socket messages received: 0
	Signals delivered: 0
	Page size (bytes): 4096
	Exit status: 0
