[11 Dec 2019 23:12:10-muF][cmd] /home/CSCScience.ca/apetkau/miniconda3/envs/bigsi_mccortex/bin/mccortex31 build --nkmers 140000 --threads 1 --kmer 9 --mem 10G --sample ERR1713381 --seq metagenomics/kmer-counts-jellyfish/9/ERR1713381.kmer.gz metagenomics/bigsi/9/mccortex.ERR1713381.ctx
[11 Dec 2019 23:12:10-muF][cwd] /home/CSCScience.ca/apetkau/workspace/comp7934-project
[11 Dec 2019 23:12:10-muF][version] mccortex=v0.0.3-610-g400c0e3 zlib=1.2.11 htslib=1.8-17-g699ed53 ASSERTS=ON hash=Lookup3 CHECKS=ON k=3..31
[11 Dec 2019 23:12:10-muF] Saving graph to: metagenomics/bigsi/9/mccortex.ERR1713381.ctx
[11 Dec 2019 23:12:10-muF][sample] 0: ERR1713381
[11 Dec 2019 23:12:10-muF][task] metagenomics/kmer-counts-jellyfish/9/ERR1713381.kmer.gz; FASTQ offset: auto-detect, threshold: off; cut homopolymers: off; remove PCR duplicates: no; colour: 0
[11 Dec 2019 23:12:10-muF][memory] 104 bits per kmer
[11 Dec 2019 23:12:10-muF] Note: Using less memory than requested (1.8MB < 10GB); allows for 143,360 kmers
[11 Dec 2019 23:12:10-muF][memory] graph: 1.8MB
[11 Dec 2019 23:12:10-muF][memory] total: 1.8MB of 62.6GB RAM
[11 Dec 2019 23:12:10-muF] Writing 1 colour graph to metagenomics/bigsi/9/mccortex.ERR1713381.ctx
[11 Dec 2019 23:12:10-muF][hasht] Allocating table with 143,360 entries, using 1.1MB
[11 Dec 2019 23:12:10-muF][hasht]  number of buckets: 4,096, bucket size: 35
[11 Dec 2019 23:12:10-muF][graph] kmer-size: 9; colours: 1; capacity: 143,360
[11 Dec 2019 23:12:10-muF][hasht] buckets: 4,096 [2^12]; bucket size: 35; 
[11 Dec 2019 23:12:10-muF][hasht] memory: 1.1MB; filled: 0 / 143,360 (0.00%)
[11 Dec 2019 23:12:10-muF][asyncio] Inputs: 1; Threads: 1
[11 Dec 2019 23:12:10-muF][seq] Parsing sequence file metagenomics/kmer-counts-jellyfish/9/ERR1713381.kmer.gz
[11 Dec 2019 23:12:10-muF][seq] Loaded 131,072 reads and 0 reads pairs (file: metagenomics/kmer-counts-jellyfish/9/ERR1713381.kmer.gz)
[11 Dec 2019 23:12:10-muF][hasht] buckets: 4,096 [2^12]; bucket size: 35; 
[11 Dec 2019 23:12:10-muF][hasht] memory: 1.1MB; filled: 131,072 / 143,360 (91.43%)
[11 Dec 2019 23:12:10-muF][hasht]  collisions  0: 125818
[11 Dec 2019 23:12:10-muF][hasht]  collisions  1: 3997
[11 Dec 2019 23:12:10-muF][hasht]  collisions  2: 836
[11 Dec 2019 23:12:10-muF][hasht]  collisions  3: 272
[11 Dec 2019 23:12:10-muF][hasht]  collisions  4: 97
[11 Dec 2019 23:12:10-muF][hasht]  collisions  5: 31
[11 Dec 2019 23:12:10-muF][hasht]  collisions  6: 12
[11 Dec 2019 23:12:10-muF][hasht]  collisions  7: 5
[11 Dec 2019 23:12:10-muF][hasht]  collisions  8: 1
[11 Dec 2019 23:12:10-muF][hasht]  collisions  9: 2
[11 Dec 2019 23:12:10-muF][hasht]  collisions 10: 1
[11 Dec 2019 23:12:10-muF][task] input: metagenomics/kmer-counts-jellyfish/9/ERR1713381.kmer.gz colour: 0
[11 Dec 2019 23:12:10-muF]  SE reads: 131,072  PE reads: 0
[11 Dec 2019 23:12:10-muF]  good reads: 131,072  bad reads: 0
[11 Dec 2019 23:12:10-muF]  dup SE reads: 0  dup PE pairs: 0
[11 Dec 2019 23:12:10-muF]  bases read: 1,179,648  bases loaded: 1,179,648
[11 Dec 2019 23:12:10-muF]  num contigs: 131,072  num kmers: 131,072 novel kmers: 131,072
[11 Dec 2019 23:12:10-muF] Dumping graph...
[11 Dec 2019 23:12:10-muF][graphwriter] Saving file to: metagenomics/bigsi/9/mccortex.ERR1713381.ctx
[11 Dec 2019 23:12:10-muF][FileFilter] Writing graph  [1 src colour]
[11 Dec 2019 23:12:10-muF][graphwriter] Dumped 131,072 kmers in 1 colour into: metagenomics/bigsi/9/mccortex.ERR1713381.ctx (ver: 6)
[11 Dec 2019 23:12:10-muF][memory] We made 19 allocs
[11 Dec 2019 23:12:10-muF] Done.
[11 Dec 2019 23:12:10-muF][time] 0.00 seconds
	Command being timed: "mccortex 9 build --nkmers 140000 --threads 1 --kmer 9 --mem 10G --sample ERR1713381 --seq metagenomics/kmer-counts-jellyfish/9/ERR1713381.kmer.gz metagenomics/bigsi/9/mccortex.ERR1713381.ctx"
	User time (seconds): 0.44
	System time (seconds): 0.01
	Percent of CPU this job got: 170%
	Elapsed (wall clock) time (h:mm:ss or m:ss): 0:00.26
	Average shared text size (kbytes): 0
	Average unshared data size (kbytes): 0
	Average stack size (kbytes): 0
	Average total size (kbytes): 0
	Maximum resident set size (kbytes): 10536
	Average resident set size (kbytes): 0
	Major (requiring I/O) page faults: 0
	Minor (reclaiming a frame) page faults: 2604
	Voluntary context switches: 592
	Involuntary context switches: 24
	Swaps: 0
	File system inputs: 816
	File system outputs: 3344
	Socket messages sent: 0
	Socket messages received: 0
	Signals delivered: 0
	Page size (bytes): 4096
	Exit status: 0
