[11 Dec 2019 23:12:13-yiJ][cmd] /home/CSCScience.ca/apetkau/miniconda3/envs/bigsi_mccortex/bin/mccortex31 build --nkmers 140000 --threads 1 --kmer 9 --mem 10G --sample ERR1713400 --seq metagenomics/kmer-counts-jellyfish/9/ERR1713400.kmer.gz metagenomics/bigsi/9/mccortex.ERR1713400.ctx
[11 Dec 2019 23:12:13-yiJ][cwd] /home/CSCScience.ca/apetkau/workspace/comp7934-project
[11 Dec 2019 23:12:13-yiJ][version] mccortex=v0.0.3-610-g400c0e3 zlib=1.2.11 htslib=1.8-17-g699ed53 ASSERTS=ON hash=Lookup3 CHECKS=ON k=3..31
[11 Dec 2019 23:12:13-yiJ] Saving graph to: metagenomics/bigsi/9/mccortex.ERR1713400.ctx
[11 Dec 2019 23:12:13-yiJ][sample] 0: ERR1713400
[11 Dec 2019 23:12:13-yiJ][task] metagenomics/kmer-counts-jellyfish/9/ERR1713400.kmer.gz; FASTQ offset: auto-detect, threshold: off; cut homopolymers: off; remove PCR duplicates: no; colour: 0
[11 Dec 2019 23:12:13-yiJ][memory] 104 bits per kmer
[11 Dec 2019 23:12:13-yiJ] Note: Using less memory than requested (1.8MB < 10GB); allows for 143,360 kmers
[11 Dec 2019 23:12:13-yiJ][memory] graph: 1.8MB
[11 Dec 2019 23:12:13-yiJ][memory] total: 1.8MB of 62.6GB RAM
[11 Dec 2019 23:12:13-yiJ] Writing 1 colour graph to metagenomics/bigsi/9/mccortex.ERR1713400.ctx
[11 Dec 2019 23:12:13-yiJ][hasht] Allocating table with 143,360 entries, using 1.1MB
[11 Dec 2019 23:12:13-yiJ][hasht]  number of buckets: 4,096, bucket size: 35
[11 Dec 2019 23:12:13-yiJ][graph] kmer-size: 9; colours: 1; capacity: 143,360
[11 Dec 2019 23:12:13-yiJ][hasht] buckets: 4,096 [2^12]; bucket size: 35; 
[11 Dec 2019 23:12:13-yiJ][hasht] memory: 1.1MB; filled: 0 / 143,360 (0.00%)
[11 Dec 2019 23:12:13-yiJ][asyncio] Inputs: 1; Threads: 1
[11 Dec 2019 23:12:13-yiJ][seq] Parsing sequence file metagenomics/kmer-counts-jellyfish/9/ERR1713400.kmer.gz
[11 Dec 2019 23:12:13-yiJ][seq] Loaded 131,071 reads and 0 reads pairs (file: metagenomics/kmer-counts-jellyfish/9/ERR1713400.kmer.gz)
[11 Dec 2019 23:12:13-yiJ][hasht] buckets: 4,096 [2^12]; bucket size: 35; 
[11 Dec 2019 23:12:13-yiJ][hasht] memory: 1.1MB; filled: 131,071 / 143,360 (91.43%)
[11 Dec 2019 23:12:13-yiJ][hasht]  collisions  0: 125840
[11 Dec 2019 23:12:13-yiJ][hasht]  collisions  1: 3976
[11 Dec 2019 23:12:13-yiJ][hasht]  collisions  2: 886
[11 Dec 2019 23:12:13-yiJ][hasht]  collisions  3: 245
[11 Dec 2019 23:12:13-yiJ][hasht]  collisions  4: 85
[11 Dec 2019 23:12:13-yiJ][hasht]  collisions  5: 26
[11 Dec 2019 23:12:13-yiJ][hasht]  collisions  6: 9
[11 Dec 2019 23:12:13-yiJ][hasht]  collisions  7: 1
[11 Dec 2019 23:12:13-yiJ][hasht]  collisions  8: 3
[11 Dec 2019 23:12:13-yiJ][task] input: metagenomics/kmer-counts-jellyfish/9/ERR1713400.kmer.gz colour: 0
[11 Dec 2019 23:12:13-yiJ]  SE reads: 131,071  PE reads: 0
[11 Dec 2019 23:12:13-yiJ]  good reads: 131,071  bad reads: 0
[11 Dec 2019 23:12:13-yiJ]  dup SE reads: 0  dup PE pairs: 0
[11 Dec 2019 23:12:13-yiJ]  bases read: 1,179,639  bases loaded: 1,179,639
[11 Dec 2019 23:12:13-yiJ]  num contigs: 131,071  num kmers: 131,071 novel kmers: 131,071
[11 Dec 2019 23:12:13-yiJ] Dumping graph...
[11 Dec 2019 23:12:13-yiJ][graphwriter] Saving file to: metagenomics/bigsi/9/mccortex.ERR1713400.ctx
[11 Dec 2019 23:12:13-yiJ][FileFilter] Writing graph  [1 src colour]
[11 Dec 2019 23:12:13-yiJ][graphwriter] Dumped 131,071 kmers in 1 colour into: metagenomics/bigsi/9/mccortex.ERR1713400.ctx (ver: 6)
[11 Dec 2019 23:12:13-yiJ][memory] We made 19 allocs
[11 Dec 2019 23:12:13-yiJ] Done.
[11 Dec 2019 23:12:13-yiJ][time] 0.00 seconds
	Command being timed: "mccortex 9 build --nkmers 140000 --threads 1 --kmer 9 --mem 10G --sample ERR1713400 --seq metagenomics/kmer-counts-jellyfish/9/ERR1713400.kmer.gz metagenomics/bigsi/9/mccortex.ERR1713400.ctx"
	User time (seconds): 0.21
	System time (seconds): 0.02
	Percent of CPU this job got: 117%
	Elapsed (wall clock) time (h:mm:ss or m:ss): 0:00.20
	Average shared text size (kbytes): 0
	Average unshared data size (kbytes): 0
	Average stack size (kbytes): 0
	Average total size (kbytes): 0
	Maximum resident set size (kbytes): 10524
	Average resident set size (kbytes): 0
	Major (requiring I/O) page faults: 0
	Minor (reclaiming a frame) page faults: 2599
	Voluntary context switches: 326
	Involuntary context switches: 197
	Swaps: 0
	File system inputs: 816
	File system outputs: 3344
	Socket messages sent: 0
	Socket messages received: 0
	Signals delivered: 0
	Page size (bytes): 4096
	Exit status: 0
