[11 Dec 2019 23:11:59-lac][cmd] /home/CSCScience.ca/apetkau/miniconda3/envs/bigsi_mccortex/bin/mccortex31 build --nkmers 140000 --threads 1 --kmer 9 --mem 10G --sample ERR1713332 --seq metagenomics/kmer-counts-jellyfish/9/ERR1713332.kmer.gz metagenomics/bigsi/9/mccortex.ERR1713332.ctx
[11 Dec 2019 23:11:59-lac][cwd] /home/CSCScience.ca/apetkau/workspace/comp7934-project
[11 Dec 2019 23:11:59-lac][version] mccortex=v0.0.3-610-g400c0e3 zlib=1.2.11 htslib=1.8-17-g699ed53 ASSERTS=ON hash=Lookup3 CHECKS=ON k=3..31
[11 Dec 2019 23:11:59-lac] Saving graph to: metagenomics/bigsi/9/mccortex.ERR1713332.ctx
[11 Dec 2019 23:11:59-lac][sample] 0: ERR1713332
[11 Dec 2019 23:11:59-lac][task] metagenomics/kmer-counts-jellyfish/9/ERR1713332.kmer.gz; FASTQ offset: auto-detect, threshold: off; cut homopolymers: off; remove PCR duplicates: no; colour: 0
[11 Dec 2019 23:11:59-lac][memory] 104 bits per kmer
[11 Dec 2019 23:11:59-lac] Note: Using less memory than requested (1.8MB < 10GB); allows for 143,360 kmers
[11 Dec 2019 23:11:59-lac][memory] graph: 1.8MB
[11 Dec 2019 23:11:59-lac][memory] total: 1.8MB of 62.6GB RAM
[11 Dec 2019 23:11:59-lac] Writing 1 colour graph to metagenomics/bigsi/9/mccortex.ERR1713332.ctx
[11 Dec 2019 23:11:59-lac][hasht] Allocating table with 143,360 entries, using 1.1MB
[11 Dec 2019 23:11:59-lac][hasht]  number of buckets: 4,096, bucket size: 35
[11 Dec 2019 23:11:59-lac][graph] kmer-size: 9; colours: 1; capacity: 143,360
[11 Dec 2019 23:11:59-lac][hasht] buckets: 4,096 [2^12]; bucket size: 35; 
[11 Dec 2019 23:11:59-lac][hasht] memory: 1.1MB; filled: 0 / 143,360 (0.00%)
[11 Dec 2019 23:11:59-lac][asyncio] Inputs: 1; Threads: 1
[11 Dec 2019 23:11:59-lac][seq] Parsing sequence file metagenomics/kmer-counts-jellyfish/9/ERR1713332.kmer.gz
[11 Dec 2019 23:11:59-lac][seq] Loaded 131,068 reads and 0 reads pairs (file: metagenomics/kmer-counts-jellyfish/9/ERR1713332.kmer.gz)
[11 Dec 2019 23:11:59-lac][hasht] buckets: 4,096 [2^12]; bucket size: 35; 
[11 Dec 2019 23:11:59-lac][hasht] memory: 1.1MB; filled: 131,068 / 143,360 (91.43%)
[11 Dec 2019 23:11:59-lac][hasht]  collisions  0: 125797
[11 Dec 2019 23:11:59-lac][hasht]  collisions  1: 4003
[11 Dec 2019 23:11:59-lac][hasht]  collisions  2: 884
[11 Dec 2019 23:11:59-lac][hasht]  collisions  3: 242
[11 Dec 2019 23:11:59-lac][hasht]  collisions  4: 85
[11 Dec 2019 23:11:59-lac][hasht]  collisions  5: 40
[11 Dec 2019 23:11:59-lac][hasht]  collisions  6: 9
[11 Dec 2019 23:11:59-lac][hasht]  collisions  7: 5
[11 Dec 2019 23:11:59-lac][hasht]  collisions  8: 3
[11 Dec 2019 23:11:59-lac][task] input: metagenomics/kmer-counts-jellyfish/9/ERR1713332.kmer.gz colour: 0
[11 Dec 2019 23:11:59-lac]  SE reads: 131,068  PE reads: 0
[11 Dec 2019 23:11:59-lac]  good reads: 131,068  bad reads: 0
[11 Dec 2019 23:11:59-lac]  dup SE reads: 0  dup PE pairs: 0
[11 Dec 2019 23:11:59-lac]  bases read: 1,179,612  bases loaded: 1,179,612
[11 Dec 2019 23:11:59-lac]  num contigs: 131,068  num kmers: 131,068 novel kmers: 131,068
[11 Dec 2019 23:11:59-lac] Dumping graph...
[11 Dec 2019 23:11:59-lac][graphwriter] Saving file to: metagenomics/bigsi/9/mccortex.ERR1713332.ctx
[11 Dec 2019 23:11:59-lac][FileFilter] Writing graph  [1 src colour]
[11 Dec 2019 23:11:59-lac][graphwriter] Dumped 131,068 kmers in 1 colour into: metagenomics/bigsi/9/mccortex.ERR1713332.ctx (ver: 6)
[11 Dec 2019 23:11:59-lac][memory] We made 19 allocs
[11 Dec 2019 23:11:59-lac] Done.
[11 Dec 2019 23:11:59-lac][time] 0.00 seconds
	Command being timed: "mccortex 9 build --nkmers 140000 --threads 1 --kmer 9 --mem 10G --sample ERR1713332 --seq metagenomics/kmer-counts-jellyfish/9/ERR1713332.kmer.gz metagenomics/bigsi/9/mccortex.ERR1713332.ctx"
	User time (seconds): 0.19
	System time (seconds): 0.03
	Percent of CPU this job got: 157%
	Elapsed (wall clock) time (h:mm:ss or m:ss): 0:00.14
	Average shared text size (kbytes): 0
	Average unshared data size (kbytes): 0
	Average stack size (kbytes): 0
	Average total size (kbytes): 0
	Maximum resident set size (kbytes): 10520
	Average resident set size (kbytes): 0
	Major (requiring I/O) page faults: 0
	Minor (reclaiming a frame) page faults: 2599
	Voluntary context switches: 318
	Involuntary context switches: 4
	Swaps: 0
	File system inputs: 816
	File system outputs: 3344
	Socket messages sent: 0
	Socket messages received: 0
	Signals delivered: 0
	Page size (bytes): 4096
	Exit status: 0
