[11 Dec 2019 23:12:13-GOR][cmd] /home/CSCScience.ca/apetkau/miniconda3/envs/bigsi_mccortex/bin/mccortex31 build --nkmers 140000 --threads 1 --kmer 9 --mem 10G --sample ERR1713397 --seq metagenomics/kmer-counts-jellyfish/9/ERR1713397.kmer.gz metagenomics/bigsi/9/mccortex.ERR1713397.ctx
[11 Dec 2019 23:12:13-GOR][cwd] /home/CSCScience.ca/apetkau/workspace/comp7934-project
[11 Dec 2019 23:12:13-GOR][version] mccortex=v0.0.3-610-g400c0e3 zlib=1.2.11 htslib=1.8-17-g699ed53 ASSERTS=ON hash=Lookup3 CHECKS=ON k=3..31
[11 Dec 2019 23:12:13-GOR] Saving graph to: metagenomics/bigsi/9/mccortex.ERR1713397.ctx
[11 Dec 2019 23:12:13-GOR][sample] 0: ERR1713397
[11 Dec 2019 23:12:13-GOR][task] metagenomics/kmer-counts-jellyfish/9/ERR1713397.kmer.gz; FASTQ offset: auto-detect, threshold: off; cut homopolymers: off; remove PCR duplicates: no; colour: 0
[11 Dec 2019 23:12:13-GOR][memory] 104 bits per kmer
[11 Dec 2019 23:12:13-GOR] Note: Using less memory than requested (1.8MB < 10GB); allows for 143,360 kmers
[11 Dec 2019 23:12:13-GOR][memory] graph: 1.8MB
[11 Dec 2019 23:12:13-GOR][memory] total: 1.8MB of 62.6GB RAM
[11 Dec 2019 23:12:13-GOR] Writing 1 colour graph to metagenomics/bigsi/9/mccortex.ERR1713397.ctx
[11 Dec 2019 23:12:13-GOR][hasht] Allocating table with 143,360 entries, using 1.1MB
[11 Dec 2019 23:12:13-GOR][hasht]  number of buckets: 4,096, bucket size: 35
[11 Dec 2019 23:12:13-GOR][graph] kmer-size: 9; colours: 1; capacity: 143,360
[11 Dec 2019 23:12:13-GOR][hasht] buckets: 4,096 [2^12]; bucket size: 35; 
[11 Dec 2019 23:12:13-GOR][hasht] memory: 1.1MB; filled: 0 / 143,360 (0.00%)
[11 Dec 2019 23:12:13-GOR][asyncio] Inputs: 1; Threads: 1
[11 Dec 2019 23:12:13-GOR][seq] Parsing sequence file metagenomics/kmer-counts-jellyfish/9/ERR1713397.kmer.gz
[11 Dec 2019 23:12:13-GOR][seq] Loaded 131,072 reads and 0 reads pairs (file: metagenomics/kmer-counts-jellyfish/9/ERR1713397.kmer.gz)
[11 Dec 2019 23:12:13-GOR][hasht] buckets: 4,096 [2^12]; bucket size: 35; 
[11 Dec 2019 23:12:13-GOR][hasht] memory: 1.1MB; filled: 131,072 / 143,360 (91.43%)
[11 Dec 2019 23:12:13-GOR][hasht]  collisions  0: 125783
[11 Dec 2019 23:12:13-GOR][hasht]  collisions  1: 4051
[11 Dec 2019 23:12:13-GOR][hasht]  collisions  2: 865
[11 Dec 2019 23:12:13-GOR][hasht]  collisions  3: 250
[11 Dec 2019 23:12:13-GOR][hasht]  collisions  4: 77
[11 Dec 2019 23:12:13-GOR][hasht]  collisions  5: 28
[11 Dec 2019 23:12:13-GOR][hasht]  collisions  6: 11
[11 Dec 2019 23:12:13-GOR][hasht]  collisions  7: 5
[11 Dec 2019 23:12:13-GOR][hasht]  collisions  8: 1
[11 Dec 2019 23:12:13-GOR][hasht]  collisions 11: 1
[11 Dec 2019 23:12:13-GOR][task] input: metagenomics/kmer-counts-jellyfish/9/ERR1713397.kmer.gz colour: 0
[11 Dec 2019 23:12:13-GOR]  SE reads: 131,072  PE reads: 0
[11 Dec 2019 23:12:13-GOR]  good reads: 131,072  bad reads: 0
[11 Dec 2019 23:12:13-GOR]  dup SE reads: 0  dup PE pairs: 0
[11 Dec 2019 23:12:13-GOR]  bases read: 1,179,648  bases loaded: 1,179,648
[11 Dec 2019 23:12:13-GOR]  num contigs: 131,072  num kmers: 131,072 novel kmers: 131,072
[11 Dec 2019 23:12:13-GOR] Dumping graph...
[11 Dec 2019 23:12:13-GOR][graphwriter] Saving file to: metagenomics/bigsi/9/mccortex.ERR1713397.ctx
[11 Dec 2019 23:12:13-GOR][FileFilter] Writing graph  [1 src colour]
[11 Dec 2019 23:12:13-GOR][graphwriter] Dumped 131,072 kmers in 1 colour into: metagenomics/bigsi/9/mccortex.ERR1713397.ctx (ver: 6)
[11 Dec 2019 23:12:13-GOR][memory] We made 19 allocs
[11 Dec 2019 23:12:13-GOR] Done.
[11 Dec 2019 23:12:13-GOR][time] 0.00 seconds
	Command being timed: "mccortex 9 build --nkmers 140000 --threads 1 --kmer 9 --mem 10G --sample ERR1713397 --seq metagenomics/kmer-counts-jellyfish/9/ERR1713397.kmer.gz metagenomics/bigsi/9/mccortex.ERR1713397.ctx"
	User time (seconds): 0.40
	System time (seconds): 0.01
	Percent of CPU this job got: 175%
	Elapsed (wall clock) time (h:mm:ss or m:ss): 0:00.24
	Average shared text size (kbytes): 0
	Average unshared data size (kbytes): 0
	Average stack size (kbytes): 0
	Average total size (kbytes): 0
	Maximum resident set size (kbytes): 10612
	Average resident set size (kbytes): 0
	Major (requiring I/O) page faults: 0
	Minor (reclaiming a frame) page faults: 2602
	Voluntary context switches: 410
	Involuntary context switches: 15
	Swaps: 0
	File system inputs: 816
	File system outputs: 3344
	Socket messages sent: 0
	Socket messages received: 0
	Signals delivered: 0
	Page size (bytes): 4096
	Exit status: 0
