[11 Dec 2019 23:12:02-SiC][cmd] /home/CSCScience.ca/apetkau/miniconda3/envs/bigsi_mccortex/bin/mccortex31 build --nkmers 140000 --threads 1 --kmer 9 --mem 10G --sample ERR1713343 --seq metagenomics/kmer-counts-jellyfish/9/ERR1713343.kmer.gz metagenomics/bigsi/9/mccortex.ERR1713343.ctx
[11 Dec 2019 23:12:02-SiC][cwd] /home/CSCScience.ca/apetkau/workspace/comp7934-project
[11 Dec 2019 23:12:02-SiC][version] mccortex=v0.0.3-610-g400c0e3 zlib=1.2.11 htslib=1.8-17-g699ed53 ASSERTS=ON hash=Lookup3 CHECKS=ON k=3..31
[11 Dec 2019 23:12:02-SiC] Saving graph to: metagenomics/bigsi/9/mccortex.ERR1713343.ctx
[11 Dec 2019 23:12:02-SiC][sample] 0: ERR1713343
[11 Dec 2019 23:12:02-SiC][task] metagenomics/kmer-counts-jellyfish/9/ERR1713343.kmer.gz; FASTQ offset: auto-detect, threshold: off; cut homopolymers: off; remove PCR duplicates: no; colour: 0
[11 Dec 2019 23:12:02-SiC][memory] 104 bits per kmer
[11 Dec 2019 23:12:02-SiC] Note: Using less memory than requested (1.8MB < 10GB); allows for 143,360 kmers
[11 Dec 2019 23:12:02-SiC][memory] graph: 1.8MB
[11 Dec 2019 23:12:02-SiC][memory] total: 1.8MB of 62.6GB RAM
[11 Dec 2019 23:12:02-SiC] Writing 1 colour graph to metagenomics/bigsi/9/mccortex.ERR1713343.ctx
[11 Dec 2019 23:12:02-SiC][hasht] Allocating table with 143,360 entries, using 1.1MB
[11 Dec 2019 23:12:02-SiC][hasht]  number of buckets: 4,096, bucket size: 35
[11 Dec 2019 23:12:02-SiC][graph] kmer-size: 9; colours: 1; capacity: 143,360
[11 Dec 2019 23:12:02-SiC][hasht] buckets: 4,096 [2^12]; bucket size: 35; 
[11 Dec 2019 23:12:02-SiC][hasht] memory: 1.1MB; filled: 0 / 143,360 (0.00%)
[11 Dec 2019 23:12:02-SiC][asyncio] Inputs: 1; Threads: 1
[11 Dec 2019 23:12:02-SiC][seq] Parsing sequence file metagenomics/kmer-counts-jellyfish/9/ERR1713343.kmer.gz
[11 Dec 2019 23:12:02-SiC][seq] Loaded 131,067 reads and 0 reads pairs (file: metagenomics/kmer-counts-jellyfish/9/ERR1713343.kmer.gz)
[11 Dec 2019 23:12:02-SiC][hasht] buckets: 4,096 [2^12]; bucket size: 35; 
[11 Dec 2019 23:12:02-SiC][hasht] memory: 1.1MB; filled: 131,067 / 143,360 (91.43%)
[11 Dec 2019 23:12:02-SiC][hasht]  collisions  0: 125434
[11 Dec 2019 23:12:02-SiC][hasht]  collisions  1: 4276
[11 Dec 2019 23:12:02-SiC][hasht]  collisions  2: 933
[11 Dec 2019 23:12:02-SiC][hasht]  collisions  3: 263
[11 Dec 2019 23:12:02-SiC][hasht]  collisions  4: 98
[11 Dec 2019 23:12:02-SiC][hasht]  collisions  5: 38
[11 Dec 2019 23:12:02-SiC][hasht]  collisions  6: 15
[11 Dec 2019 23:12:02-SiC][hasht]  collisions  7: 6
[11 Dec 2019 23:12:02-SiC][hasht]  collisions  8: 2
[11 Dec 2019 23:12:02-SiC][hasht]  collisions  9: 2
[11 Dec 2019 23:12:02-SiC][task] input: metagenomics/kmer-counts-jellyfish/9/ERR1713343.kmer.gz colour: 0
[11 Dec 2019 23:12:02-SiC]  SE reads: 131,067  PE reads: 0
[11 Dec 2019 23:12:02-SiC]  good reads: 131,067  bad reads: 0
[11 Dec 2019 23:12:02-SiC]  dup SE reads: 0  dup PE pairs: 0
[11 Dec 2019 23:12:02-SiC]  bases read: 1,179,603  bases loaded: 1,179,603
[11 Dec 2019 23:12:02-SiC]  num contigs: 131,067  num kmers: 131,067 novel kmers: 131,067
[11 Dec 2019 23:12:02-SiC] Dumping graph...
[11 Dec 2019 23:12:02-SiC][graphwriter] Saving file to: metagenomics/bigsi/9/mccortex.ERR1713343.ctx
[11 Dec 2019 23:12:02-SiC][FileFilter] Writing graph  [1 src colour]
[11 Dec 2019 23:12:02-SiC][graphwriter] Dumped 131,067 kmers in 1 colour into: metagenomics/bigsi/9/mccortex.ERR1713343.ctx (ver: 6)
[11 Dec 2019 23:12:02-SiC][memory] We made 19 allocs
[11 Dec 2019 23:12:02-SiC] Done.
[11 Dec 2019 23:12:02-SiC][time] 0.00 seconds
	Command being timed: "mccortex 9 build --nkmers 140000 --threads 1 --kmer 9 --mem 10G --sample ERR1713343 --seq metagenomics/kmer-counts-jellyfish/9/ERR1713343.kmer.gz metagenomics/bigsi/9/mccortex.ERR1713343.ctx"
	User time (seconds): 0.38
	System time (seconds): 0.00
	Percent of CPU this job got: 111%
	Elapsed (wall clock) time (h:mm:ss or m:ss): 0:00.35
	Average shared text size (kbytes): 0
	Average unshared data size (kbytes): 0
	Average stack size (kbytes): 0
	Average total size (kbytes): 0
	Maximum resident set size (kbytes): 10572
	Average resident set size (kbytes): 0
	Major (requiring I/O) page faults: 0
	Minor (reclaiming a frame) page faults: 2605
	Voluntary context switches: 681
	Involuntary context switches: 285
	Swaps: 0
	File system inputs: 816
	File system outputs: 3344
	Socket messages sent: 0
	Socket messages received: 0
	Signals delivered: 0
	Page size (bytes): 4096
	Exit status: 0
