[11 Dec 2019 23:11:59-qAb][cmd] /home/CSCScience.ca/apetkau/miniconda3/envs/bigsi_mccortex/bin/mccortex31 build --nkmers 140000 --threads 1 --kmer 9 --mem 10G --sample ERR1713331 --seq metagenomics/kmer-counts-jellyfish/9/ERR1713331.kmer.gz metagenomics/bigsi/9/mccortex.ERR1713331.ctx
[11 Dec 2019 23:11:59-qAb][cwd] /home/CSCScience.ca/apetkau/workspace/comp7934-project
[11 Dec 2019 23:11:59-qAb][version] mccortex=v0.0.3-610-g400c0e3 zlib=1.2.11 htslib=1.8-17-g699ed53 ASSERTS=ON hash=Lookup3 CHECKS=ON k=3..31
[11 Dec 2019 23:11:59-qAb] Saving graph to: metagenomics/bigsi/9/mccortex.ERR1713331.ctx
[11 Dec 2019 23:11:59-qAb][sample] 0: ERR1713331
[11 Dec 2019 23:11:59-qAb][task] metagenomics/kmer-counts-jellyfish/9/ERR1713331.kmer.gz; FASTQ offset: auto-detect, threshold: off; cut homopolymers: off; remove PCR duplicates: no; colour: 0
[11 Dec 2019 23:11:59-qAb][memory] 104 bits per kmer
[11 Dec 2019 23:11:59-qAb] Note: Using less memory than requested (1.8MB < 10GB); allows for 143,360 kmers
[11 Dec 2019 23:11:59-qAb][memory] graph: 1.8MB
[11 Dec 2019 23:11:59-qAb][memory] total: 1.8MB of 62.6GB RAM
[11 Dec 2019 23:11:59-qAb] Writing 1 colour graph to metagenomics/bigsi/9/mccortex.ERR1713331.ctx
[11 Dec 2019 23:11:59-qAb][hasht] Allocating table with 143,360 entries, using 1.1MB
[11 Dec 2019 23:11:59-qAb][hasht]  number of buckets: 4,096, bucket size: 35
[11 Dec 2019 23:11:59-qAb][graph] kmer-size: 9; colours: 1; capacity: 143,360
[11 Dec 2019 23:11:59-qAb][hasht] buckets: 4,096 [2^12]; bucket size: 35; 
[11 Dec 2019 23:11:59-qAb][hasht] memory: 1.1MB; filled: 0 / 143,360 (0.00%)
[11 Dec 2019 23:11:59-qAb][asyncio] Inputs: 1; Threads: 1
[11 Dec 2019 23:11:59-qAb][seq] Parsing sequence file metagenomics/kmer-counts-jellyfish/9/ERR1713331.kmer.gz
[11 Dec 2019 23:11:59-qAb][seq] Loaded 131,068 reads and 0 reads pairs (file: metagenomics/kmer-counts-jellyfish/9/ERR1713331.kmer.gz)
[11 Dec 2019 23:11:59-qAb][hasht] buckets: 4,096 [2^12]; bucket size: 35; 
[11 Dec 2019 23:11:59-qAb][hasht] memory: 1.1MB; filled: 131,068 / 143,360 (91.43%)
[11 Dec 2019 23:11:59-qAb][hasht]  collisions  0: 125922
[11 Dec 2019 23:11:59-qAb][hasht]  collisions  1: 3890
[11 Dec 2019 23:11:59-qAb][hasht]  collisions  2: 854
[11 Dec 2019 23:11:59-qAb][hasht]  collisions  3: 268
[11 Dec 2019 23:11:59-qAb][hasht]  collisions  4: 101
[11 Dec 2019 23:11:59-qAb][hasht]  collisions  5: 16
[11 Dec 2019 23:11:59-qAb][hasht]  collisions  6: 11
[11 Dec 2019 23:11:59-qAb][hasht]  collisions  7: 6
[11 Dec 2019 23:11:59-qAb][task] input: metagenomics/kmer-counts-jellyfish/9/ERR1713331.kmer.gz colour: 0
[11 Dec 2019 23:11:59-qAb]  SE reads: 131,068  PE reads: 0
[11 Dec 2019 23:11:59-qAb]  good reads: 131,068  bad reads: 0
[11 Dec 2019 23:11:59-qAb]  dup SE reads: 0  dup PE pairs: 0
[11 Dec 2019 23:11:59-qAb]  bases read: 1,179,612  bases loaded: 1,179,612
[11 Dec 2019 23:11:59-qAb]  num contigs: 131,068  num kmers: 131,068 novel kmers: 131,068
[11 Dec 2019 23:11:59-qAb] Dumping graph...
[11 Dec 2019 23:11:59-qAb][graphwriter] Saving file to: metagenomics/bigsi/9/mccortex.ERR1713331.ctx
[11 Dec 2019 23:11:59-qAb][FileFilter] Writing graph  [1 src colour]
[11 Dec 2019 23:11:59-qAb][graphwriter] Dumped 131,068 kmers in 1 colour into: metagenomics/bigsi/9/mccortex.ERR1713331.ctx (ver: 6)
[11 Dec 2019 23:11:59-qAb][memory] We made 19 allocs
[11 Dec 2019 23:11:59-qAb] Done.
[11 Dec 2019 23:11:59-qAb][time] 0.00 seconds
	Command being timed: "mccortex 9 build --nkmers 140000 --threads 1 --kmer 9 --mem 10G --sample ERR1713331 --seq metagenomics/kmer-counts-jellyfish/9/ERR1713331.kmer.gz metagenomics/bigsi/9/mccortex.ERR1713331.ctx"
	User time (seconds): 0.21
	System time (seconds): 0.06
	Percent of CPU this job got: 160%
	Elapsed (wall clock) time (h:mm:ss or m:ss): 0:00.17
	Average shared text size (kbytes): 0
	Average unshared data size (kbytes): 0
	Average stack size (kbytes): 0
	Average total size (kbytes): 0
	Maximum resident set size (kbytes): 10596
	Average resident set size (kbytes): 0
	Major (requiring I/O) page faults: 0
	Minor (reclaiming a frame) page faults: 2611
	Voluntary context switches: 4816
	Involuntary context switches: 7
	Swaps: 0
	File system inputs: 816
	File system outputs: 3344
	Socket messages sent: 0
	Socket messages received: 0
	Signals delivered: 0
	Page size (bytes): 4096
	Exit status: 0
