[11 Dec 2019 23:12:07-ruD][cmd] /home/CSCScience.ca/apetkau/miniconda3/envs/bigsi_mccortex/bin/mccortex31 build --nkmers 140000 --threads 1 --kmer 9 --mem 10G --sample ERR1713371 --seq metagenomics/kmer-counts-jellyfish/9/ERR1713371.kmer.gz metagenomics/bigsi/9/mccortex.ERR1713371.ctx
[11 Dec 2019 23:12:07-ruD][cwd] /home/CSCScience.ca/apetkau/workspace/comp7934-project
[11 Dec 2019 23:12:07-ruD][version] mccortex=v0.0.3-610-g400c0e3 zlib=1.2.11 htslib=1.8-17-g699ed53 ASSERTS=ON hash=Lookup3 CHECKS=ON k=3..31
[11 Dec 2019 23:12:07-ruD] Saving graph to: metagenomics/bigsi/9/mccortex.ERR1713371.ctx
[11 Dec 2019 23:12:07-ruD][sample] 0: ERR1713371
[11 Dec 2019 23:12:07-ruD][task] metagenomics/kmer-counts-jellyfish/9/ERR1713371.kmer.gz; FASTQ offset: auto-detect, threshold: off; cut homopolymers: off; remove PCR duplicates: no; colour: 0
[11 Dec 2019 23:12:07-ruD][memory] 104 bits per kmer
[11 Dec 2019 23:12:07-ruD] Note: Using less memory than requested (1.8MB < 10GB); allows for 143,360 kmers
[11 Dec 2019 23:12:07-ruD][memory] graph: 1.8MB
[11 Dec 2019 23:12:07-ruD][memory] total: 1.8MB of 62.6GB RAM
[11 Dec 2019 23:12:07-ruD] Writing 1 colour graph to metagenomics/bigsi/9/mccortex.ERR1713371.ctx
[11 Dec 2019 23:12:07-ruD][hasht] Allocating table with 143,360 entries, using 1.1MB
[11 Dec 2019 23:12:07-ruD][hasht]  number of buckets: 4,096, bucket size: 35
[11 Dec 2019 23:12:07-ruD][graph] kmer-size: 9; colours: 1; capacity: 143,360
[11 Dec 2019 23:12:07-ruD][hasht] buckets: 4,096 [2^12]; bucket size: 35; 
[11 Dec 2019 23:12:07-ruD][hasht] memory: 1.1MB; filled: 0 / 143,360 (0.00%)
[11 Dec 2019 23:12:07-ruD][asyncio] Inputs: 1; Threads: 1
[11 Dec 2019 23:12:07-ruD][seq] Parsing sequence file metagenomics/kmer-counts-jellyfish/9/ERR1713371.kmer.gz
[11 Dec 2019 23:12:08-ruD][seq] Loaded 131,043 reads and 0 reads pairs (file: metagenomics/kmer-counts-jellyfish/9/ERR1713371.kmer.gz)
[11 Dec 2019 23:12:08-ruD][hasht] buckets: 4,096 [2^12]; bucket size: 35; 
[11 Dec 2019 23:12:08-ruD][hasht] memory: 1.1MB; filled: 131,043 / 143,360 (91.41%)
[11 Dec 2019 23:12:08-ruD][hasht]  collisions  0: 125727
[11 Dec 2019 23:12:08-ruD][hasht]  collisions  1: 4082
[11 Dec 2019 23:12:08-ruD][hasht]  collisions  2: 825
[11 Dec 2019 23:12:08-ruD][hasht]  collisions  3: 273
[11 Dec 2019 23:12:08-ruD][hasht]  collisions  4: 93
[11 Dec 2019 23:12:08-ruD][hasht]  collisions  5: 26
[11 Dec 2019 23:12:08-ruD][hasht]  collisions  6: 10
[11 Dec 2019 23:12:08-ruD][hasht]  collisions  7: 6
[11 Dec 2019 23:12:08-ruD][hasht]  collisions  8: 1
[11 Dec 2019 23:12:08-ruD][task] input: metagenomics/kmer-counts-jellyfish/9/ERR1713371.kmer.gz colour: 0
[11 Dec 2019 23:12:08-ruD]  SE reads: 131,043  PE reads: 0
[11 Dec 2019 23:12:08-ruD]  good reads: 131,043  bad reads: 0
[11 Dec 2019 23:12:08-ruD]  dup SE reads: 0  dup PE pairs: 0
[11 Dec 2019 23:12:08-ruD]  bases read: 1,179,387  bases loaded: 1,179,387
[11 Dec 2019 23:12:08-ruD]  num contigs: 131,043  num kmers: 131,043 novel kmers: 131,043
[11 Dec 2019 23:12:08-ruD] Dumping graph...
[11 Dec 2019 23:12:08-ruD][graphwriter] Saving file to: metagenomics/bigsi/9/mccortex.ERR1713371.ctx
[11 Dec 2019 23:12:08-ruD][FileFilter] Writing graph  [1 src colour]
[11 Dec 2019 23:12:08-ruD][graphwriter] Dumped 131,043 kmers in 1 colour into: metagenomics/bigsi/9/mccortex.ERR1713371.ctx (ver: 6)
[11 Dec 2019 23:12:08-ruD][memory] We made 19 allocs
[11 Dec 2019 23:12:08-ruD] Done.
[11 Dec 2019 23:12:08-ruD][time] 1.00 seconds
	Command being timed: "mccortex 9 build --nkmers 140000 --threads 1 --kmer 9 --mem 10G --sample ERR1713371 --seq metagenomics/kmer-counts-jellyfish/9/ERR1713371.kmer.gz metagenomics/bigsi/9/mccortex.ERR1713371.ctx"
	User time (seconds): 0.28
	System time (seconds): 0.03
	Percent of CPU this job got: 129%
	Elapsed (wall clock) time (h:mm:ss or m:ss): 0:00.24
	Average shared text size (kbytes): 0
	Average unshared data size (kbytes): 0
	Average stack size (kbytes): 0
	Average total size (kbytes): 0
	Maximum resident set size (kbytes): 10628
	Average resident set size (kbytes): 0
	Major (requiring I/O) page faults: 0
	Minor (reclaiming a frame) page faults: 2596
	Voluntary context switches: 301
	Involuntary context switches: 202
	Swaps: 0
	File system inputs: 808
	File system outputs: 3336
	Socket messages sent: 0
	Socket messages received: 0
	Signals delivered: 0
	Page size (bytes): 4096
	Exit status: 0
