[11 Dec 2019 23:12:13-jed][cmd] /home/CSCScience.ca/apetkau/miniconda3/envs/bigsi_mccortex/bin/mccortex31 build --nkmers 140000 --threads 1 --kmer 9 --mem 10G --sample ERR1713403 --seq metagenomics/kmer-counts-jellyfish/9/ERR1713403.kmer.gz metagenomics/bigsi/9/mccortex.ERR1713403.ctx
[11 Dec 2019 23:12:13-jed][cwd] /home/CSCScience.ca/apetkau/workspace/comp7934-project
[11 Dec 2019 23:12:13-jed][version] mccortex=v0.0.3-610-g400c0e3 zlib=1.2.11 htslib=1.8-17-g699ed53 ASSERTS=ON hash=Lookup3 CHECKS=ON k=3..31
[11 Dec 2019 23:12:13-jed] Saving graph to: metagenomics/bigsi/9/mccortex.ERR1713403.ctx
[11 Dec 2019 23:12:13-jed][sample] 0: ERR1713403
[11 Dec 2019 23:12:13-jed][task] metagenomics/kmer-counts-jellyfish/9/ERR1713403.kmer.gz; FASTQ offset: auto-detect, threshold: off; cut homopolymers: off; remove PCR duplicates: no; colour: 0
[11 Dec 2019 23:12:13-jed][memory] 104 bits per kmer
[11 Dec 2019 23:12:13-jed] Note: Using less memory than requested (1.8MB < 10GB); allows for 143,360 kmers
[11 Dec 2019 23:12:13-jed][memory] graph: 1.8MB
[11 Dec 2019 23:12:13-jed][memory] total: 1.8MB of 62.6GB RAM
[11 Dec 2019 23:12:13-jed] Writing 1 colour graph to metagenomics/bigsi/9/mccortex.ERR1713403.ctx
[11 Dec 2019 23:12:13-jed][hasht] Allocating table with 143,360 entries, using 1.1MB
[11 Dec 2019 23:12:13-jed][hasht]  number of buckets: 4,096, bucket size: 35
[11 Dec 2019 23:12:13-jed][graph] kmer-size: 9; colours: 1; capacity: 143,360
[11 Dec 2019 23:12:13-jed][hasht] buckets: 4,096 [2^12]; bucket size: 35; 
[11 Dec 2019 23:12:13-jed][hasht] memory: 1.1MB; filled: 0 / 143,360 (0.00%)
[11 Dec 2019 23:12:13-jed][asyncio] Inputs: 1; Threads: 1
[11 Dec 2019 23:12:13-jed][seq] Parsing sequence file metagenomics/kmer-counts-jellyfish/9/ERR1713403.kmer.gz
[11 Dec 2019 23:12:13-jed][seq] Loaded 131,070 reads and 0 reads pairs (file: metagenomics/kmer-counts-jellyfish/9/ERR1713403.kmer.gz)
[11 Dec 2019 23:12:13-jed][hasht] buckets: 4,096 [2^12]; bucket size: 35; 
[11 Dec 2019 23:12:13-jed][hasht] memory: 1.1MB; filled: 131,070 / 143,360 (91.43%)
[11 Dec 2019 23:12:13-jed][hasht]  collisions  0: 125785
[11 Dec 2019 23:12:13-jed][hasht]  collisions  1: 3974
[11 Dec 2019 23:12:13-jed][hasht]  collisions  2: 890
[11 Dec 2019 23:12:13-jed][hasht]  collisions  3: 278
[11 Dec 2019 23:12:13-jed][hasht]  collisions  4: 93
[11 Dec 2019 23:12:13-jed][hasht]  collisions  5: 30
[11 Dec 2019 23:12:13-jed][hasht]  collisions  6: 13
[11 Dec 2019 23:12:13-jed][hasht]  collisions  7: 5
[11 Dec 2019 23:12:13-jed][hasht]  collisions  8: 1
[11 Dec 2019 23:12:13-jed][hasht]  collisions  9: 1
[11 Dec 2019 23:12:13-jed][task] input: metagenomics/kmer-counts-jellyfish/9/ERR1713403.kmer.gz colour: 0
[11 Dec 2019 23:12:13-jed]  SE reads: 131,070  PE reads: 0
[11 Dec 2019 23:12:13-jed]  good reads: 131,070  bad reads: 0
[11 Dec 2019 23:12:13-jed]  dup SE reads: 0  dup PE pairs: 0
[11 Dec 2019 23:12:13-jed]  bases read: 1,179,630  bases loaded: 1,179,630
[11 Dec 2019 23:12:13-jed]  num contigs: 131,070  num kmers: 131,070 novel kmers: 131,070
[11 Dec 2019 23:12:13-jed] Dumping graph...
[11 Dec 2019 23:12:13-jed][graphwriter] Saving file to: metagenomics/bigsi/9/mccortex.ERR1713403.ctx
[11 Dec 2019 23:12:13-jed][FileFilter] Writing graph  [1 src colour]
[11 Dec 2019 23:12:13-jed][graphwriter] Dumped 131,070 kmers in 1 colour into: metagenomics/bigsi/9/mccortex.ERR1713403.ctx (ver: 6)
[11 Dec 2019 23:12:13-jed][memory] We made 19 allocs
[11 Dec 2019 23:12:13-jed] Done.
[11 Dec 2019 23:12:13-jed][time] 0.00 seconds
	Command being timed: "mccortex 9 build --nkmers 140000 --threads 1 --kmer 9 --mem 10G --sample ERR1713403 --seq metagenomics/kmer-counts-jellyfish/9/ERR1713403.kmer.gz metagenomics/bigsi/9/mccortex.ERR1713403.ctx"
	User time (seconds): 0.18
	System time (seconds): 0.03
	Percent of CPU this job got: 109%
	Elapsed (wall clock) time (h:mm:ss or m:ss): 0:00.20
	Average shared text size (kbytes): 0
	Average unshared data size (kbytes): 0
	Average stack size (kbytes): 0
	Average total size (kbytes): 0
	Maximum resident set size (kbytes): 10528
	Average resident set size (kbytes): 0
	Major (requiring I/O) page faults: 0
	Minor (reclaiming a frame) page faults: 2601
	Voluntary context switches: 777
	Involuntary context switches: 1375
	Swaps: 0
	File system inputs: 816
	File system outputs: 3344
	Socket messages sent: 0
	Socket messages received: 0
	Signals delivered: 0
	Page size (bytes): 4096
	Exit status: 0
