[11 Dec 2019 23:12:05-FeS][cmd] /home/CSCScience.ca/apetkau/miniconda3/envs/bigsi_mccortex/bin/mccortex31 build --nkmers 140000 --threads 1 --kmer 9 --mem 10G --sample ERR1713358 --seq metagenomics/kmer-counts-jellyfish/9/ERR1713358.kmer.gz metagenomics/bigsi/9/mccortex.ERR1713358.ctx
[11 Dec 2019 23:12:05-FeS][cwd] /home/CSCScience.ca/apetkau/workspace/comp7934-project
[11 Dec 2019 23:12:05-FeS][version] mccortex=v0.0.3-610-g400c0e3 zlib=1.2.11 htslib=1.8-17-g699ed53 ASSERTS=ON hash=Lookup3 CHECKS=ON k=3..31
[11 Dec 2019 23:12:05-FeS] Saving graph to: metagenomics/bigsi/9/mccortex.ERR1713358.ctx
[11 Dec 2019 23:12:05-FeS][sample] 0: ERR1713358
[11 Dec 2019 23:12:05-FeS][task] metagenomics/kmer-counts-jellyfish/9/ERR1713358.kmer.gz; FASTQ offset: auto-detect, threshold: off; cut homopolymers: off; remove PCR duplicates: no; colour: 0
[11 Dec 2019 23:12:05-FeS][memory] 104 bits per kmer
[11 Dec 2019 23:12:05-FeS] Note: Using less memory than requested (1.8MB < 10GB); allows for 143,360 kmers
[11 Dec 2019 23:12:05-FeS][memory] graph: 1.8MB
[11 Dec 2019 23:12:05-FeS][memory] total: 1.8MB of 62.6GB RAM
[11 Dec 2019 23:12:05-FeS] Writing 1 colour graph to metagenomics/bigsi/9/mccortex.ERR1713358.ctx
[11 Dec 2019 23:12:05-FeS][hasht] Allocating table with 143,360 entries, using 1.1MB
[11 Dec 2019 23:12:05-FeS][hasht]  number of buckets: 4,096, bucket size: 35
[11 Dec 2019 23:12:05-FeS][graph] kmer-size: 9; colours: 1; capacity: 143,360
[11 Dec 2019 23:12:05-FeS][hasht] buckets: 4,096 [2^12]; bucket size: 35; 
[11 Dec 2019 23:12:05-FeS][hasht] memory: 1.1MB; filled: 0 / 143,360 (0.00%)
[11 Dec 2019 23:12:05-FeS][asyncio] Inputs: 1; Threads: 1
[11 Dec 2019 23:12:05-FeS][seq] Parsing sequence file metagenomics/kmer-counts-jellyfish/9/ERR1713358.kmer.gz
[11 Dec 2019 23:12:05-FeS][seq] Loaded 131,044 reads and 0 reads pairs (file: metagenomics/kmer-counts-jellyfish/9/ERR1713358.kmer.gz)
[11 Dec 2019 23:12:05-FeS][hasht] buckets: 4,096 [2^12]; bucket size: 35; 
[11 Dec 2019 23:12:05-FeS][hasht] memory: 1.1MB; filled: 131,044 / 143,360 (91.41%)
[11 Dec 2019 23:12:05-FeS][hasht]  collisions  0: 125521
[11 Dec 2019 23:12:05-FeS][hasht]  collisions  1: 4166
[11 Dec 2019 23:12:05-FeS][hasht]  collisions  2: 935
[11 Dec 2019 23:12:05-FeS][hasht]  collisions  3: 271
[11 Dec 2019 23:12:05-FeS][hasht]  collisions  4: 92
[11 Dec 2019 23:12:05-FeS][hasht]  collisions  5: 32
[11 Dec 2019 23:12:05-FeS][hasht]  collisions  6: 12
[11 Dec 2019 23:12:05-FeS][hasht]  collisions  7: 10
[11 Dec 2019 23:12:05-FeS][hasht]  collisions  8: 5
[11 Dec 2019 23:12:05-FeS][task] input: metagenomics/kmer-counts-jellyfish/9/ERR1713358.kmer.gz colour: 0
[11 Dec 2019 23:12:05-FeS]  SE reads: 131,044  PE reads: 0
[11 Dec 2019 23:12:05-FeS]  good reads: 131,044  bad reads: 0
[11 Dec 2019 23:12:05-FeS]  dup SE reads: 0  dup PE pairs: 0
[11 Dec 2019 23:12:05-FeS]  bases read: 1,179,396  bases loaded: 1,179,396
[11 Dec 2019 23:12:05-FeS]  num contigs: 131,044  num kmers: 131,044 novel kmers: 131,044
[11 Dec 2019 23:12:05-FeS] Dumping graph...
[11 Dec 2019 23:12:05-FeS][graphwriter] Saving file to: metagenomics/bigsi/9/mccortex.ERR1713358.ctx
[11 Dec 2019 23:12:05-FeS][FileFilter] Writing graph  [1 src colour]
[11 Dec 2019 23:12:05-FeS][graphwriter] Dumped 131,044 kmers in 1 colour into: metagenomics/bigsi/9/mccortex.ERR1713358.ctx (ver: 6)
[11 Dec 2019 23:12:05-FeS][memory] We made 19 allocs
[11 Dec 2019 23:12:05-FeS] Done.
[11 Dec 2019 23:12:05-FeS][time] 0.00 seconds
	Command being timed: "mccortex 9 build --nkmers 140000 --threads 1 --kmer 9 --mem 10G --sample ERR1713358 --seq metagenomics/kmer-counts-jellyfish/9/ERR1713358.kmer.gz metagenomics/bigsi/9/mccortex.ERR1713358.ctx"
	User time (seconds): 0.39
	System time (seconds): 0.04
	Percent of CPU this job got: 122%
	Elapsed (wall clock) time (h:mm:ss or m:ss): 0:00.35
	Average shared text size (kbytes): 0
	Average unshared data size (kbytes): 0
	Average stack size (kbytes): 0
	Average total size (kbytes): 0
	Maximum resident set size (kbytes): 10584
	Average resident set size (kbytes): 0
	Major (requiring I/O) page faults: 0
	Minor (reclaiming a frame) page faults: 2603
	Voluntary context switches: 1689
	Involuntary context switches: 64
	Swaps: 0
	File system inputs: 808
	File system outputs: 3336
	Socket messages sent: 0
	Socket messages received: 0
	Signals delivered: 0
	Page size (bytes): 4096
	Exit status: 0
