[11 Dec 2019 23:12:05-duq][cmd] /home/CSCScience.ca/apetkau/miniconda3/envs/bigsi_mccortex/bin/mccortex31 build --nkmers 140000 --threads 1 --kmer 9 --mem 10G --sample ERR1713363 --seq metagenomics/kmer-counts-jellyfish/9/ERR1713363.kmer.gz metagenomics/bigsi/9/mccortex.ERR1713363.ctx
[11 Dec 2019 23:12:05-duq][cwd] /home/CSCScience.ca/apetkau/workspace/comp7934-project
[11 Dec 2019 23:12:05-duq][version] mccortex=v0.0.3-610-g400c0e3 zlib=1.2.11 htslib=1.8-17-g699ed53 ASSERTS=ON hash=Lookup3 CHECKS=ON k=3..31
[11 Dec 2019 23:12:05-duq] Saving graph to: metagenomics/bigsi/9/mccortex.ERR1713363.ctx
[11 Dec 2019 23:12:05-duq][sample] 0: ERR1713363
[11 Dec 2019 23:12:05-duq][task] metagenomics/kmer-counts-jellyfish/9/ERR1713363.kmer.gz; FASTQ offset: auto-detect, threshold: off; cut homopolymers: off; remove PCR duplicates: no; colour: 0
[11 Dec 2019 23:12:05-duq][memory] 104 bits per kmer
[11 Dec 2019 23:12:05-duq] Note: Using less memory than requested (1.8MB < 10GB); allows for 143,360 kmers
[11 Dec 2019 23:12:05-duq][memory] graph: 1.8MB
[11 Dec 2019 23:12:05-duq][memory] total: 1.8MB of 62.6GB RAM
[11 Dec 2019 23:12:05-duq] Writing 1 colour graph to metagenomics/bigsi/9/mccortex.ERR1713363.ctx
[11 Dec 2019 23:12:05-duq][hasht] Allocating table with 143,360 entries, using 1.1MB
[11 Dec 2019 23:12:05-duq][hasht]  number of buckets: 4,096, bucket size: 35
[11 Dec 2019 23:12:05-duq][graph] kmer-size: 9; colours: 1; capacity: 143,360
[11 Dec 2019 23:12:05-duq][hasht] buckets: 4,096 [2^12]; bucket size: 35; 
[11 Dec 2019 23:12:05-duq][hasht] memory: 1.1MB; filled: 0 / 143,360 (0.00%)
[11 Dec 2019 23:12:05-duq][asyncio] Inputs: 1; Threads: 1
[11 Dec 2019 23:12:05-duq][seq] Parsing sequence file metagenomics/kmer-counts-jellyfish/9/ERR1713363.kmer.gz
[11 Dec 2019 23:12:05-duq][seq] Loaded 131,069 reads and 0 reads pairs (file: metagenomics/kmer-counts-jellyfish/9/ERR1713363.kmer.gz)
[11 Dec 2019 23:12:05-duq][hasht] buckets: 4,096 [2^12]; bucket size: 35; 
[11 Dec 2019 23:12:05-duq][hasht] memory: 1.1MB; filled: 131,069 / 143,360 (91.43%)
[11 Dec 2019 23:12:05-duq][hasht]  collisions  0: 125625
[11 Dec 2019 23:12:05-duq][hasht]  collisions  1: 4040
[11 Dec 2019 23:12:05-duq][hasht]  collisions  2: 981
[11 Dec 2019 23:12:05-duq][hasht]  collisions  3: 273
[11 Dec 2019 23:12:05-duq][hasht]  collisions  4: 89
[11 Dec 2019 23:12:05-duq][hasht]  collisions  5: 36
[11 Dec 2019 23:12:05-duq][hasht]  collisions  6: 16
[11 Dec 2019 23:12:05-duq][hasht]  collisions  7: 4
[11 Dec 2019 23:12:05-duq][hasht]  collisions  8: 3
[11 Dec 2019 23:12:05-duq][hasht]  collisions  9: 2
[11 Dec 2019 23:12:05-duq][task] input: metagenomics/kmer-counts-jellyfish/9/ERR1713363.kmer.gz colour: 0
[11 Dec 2019 23:12:05-duq]  SE reads: 131,069  PE reads: 0
[11 Dec 2019 23:12:05-duq]  good reads: 131,069  bad reads: 0
[11 Dec 2019 23:12:05-duq]  dup SE reads: 0  dup PE pairs: 0
[11 Dec 2019 23:12:05-duq]  bases read: 1,179,621  bases loaded: 1,179,621
[11 Dec 2019 23:12:05-duq]  num contigs: 131,069  num kmers: 131,069 novel kmers: 131,069
[11 Dec 2019 23:12:05-duq] Dumping graph...
[11 Dec 2019 23:12:05-duq][graphwriter] Saving file to: metagenomics/bigsi/9/mccortex.ERR1713363.ctx
[11 Dec 2019 23:12:05-duq][FileFilter] Writing graph  [1 src colour]
[11 Dec 2019 23:12:05-duq][graphwriter] Dumped 131,069 kmers in 1 colour into: metagenomics/bigsi/9/mccortex.ERR1713363.ctx (ver: 6)
[11 Dec 2019 23:12:05-duq][memory] We made 19 allocs
[11 Dec 2019 23:12:05-duq] Done.
[11 Dec 2019 23:12:05-duq][time] 0.00 seconds
	Command being timed: "mccortex 9 build --nkmers 140000 --threads 1 --kmer 9 --mem 10G --sample ERR1713363 --seq metagenomics/kmer-counts-jellyfish/9/ERR1713363.kmer.gz metagenomics/bigsi/9/mccortex.ERR1713363.ctx"
	User time (seconds): 0.21
	System time (seconds): 0.02
	Percent of CPU this job got: 79%
	Elapsed (wall clock) time (h:mm:ss or m:ss): 0:00.30
	Average shared text size (kbytes): 0
	Average unshared data size (kbytes): 0
	Average stack size (kbytes): 0
	Average total size (kbytes): 0
	Maximum resident set size (kbytes): 10584
	Average resident set size (kbytes): 0
	Major (requiring I/O) page faults: 0
	Minor (reclaiming a frame) page faults: 2605
	Voluntary context switches: 972
	Involuntary context switches: 1318
	Swaps: 0
	File system inputs: 816
	File system outputs: 3344
	Socket messages sent: 0
	Socket messages received: 0
	Signals delivered: 0
	Page size (bytes): 4096
	Exit status: 0
