[11 Dec 2019 23:12:07-FAd][cmd] /home/CSCScience.ca/apetkau/miniconda3/envs/bigsi_mccortex/bin/mccortex31 build --nkmers 140000 --threads 1 --kmer 9 --mem 10G --sample ERR1713374 --seq metagenomics/kmer-counts-jellyfish/9/ERR1713374.kmer.gz metagenomics/bigsi/9/mccortex.ERR1713374.ctx
[11 Dec 2019 23:12:07-FAd][cwd] /home/CSCScience.ca/apetkau/workspace/comp7934-project
[11 Dec 2019 23:12:07-FAd][version] mccortex=v0.0.3-610-g400c0e3 zlib=1.2.11 htslib=1.8-17-g699ed53 ASSERTS=ON hash=Lookup3 CHECKS=ON k=3..31
[11 Dec 2019 23:12:07-FAd] Saving graph to: metagenomics/bigsi/9/mccortex.ERR1713374.ctx
[11 Dec 2019 23:12:07-FAd][sample] 0: ERR1713374
[11 Dec 2019 23:12:07-FAd][task] metagenomics/kmer-counts-jellyfish/9/ERR1713374.kmer.gz; FASTQ offset: auto-detect, threshold: off; cut homopolymers: off; remove PCR duplicates: no; colour: 0
[11 Dec 2019 23:12:07-FAd][memory] 104 bits per kmer
[11 Dec 2019 23:12:07-FAd] Note: Using less memory than requested (1.8MB < 10GB); allows for 143,360 kmers
[11 Dec 2019 23:12:07-FAd][memory] graph: 1.8MB
[11 Dec 2019 23:12:07-FAd][memory] total: 1.8MB of 62.6GB RAM
[11 Dec 2019 23:12:07-FAd] Writing 1 colour graph to metagenomics/bigsi/9/mccortex.ERR1713374.ctx
[11 Dec 2019 23:12:07-FAd][hasht] Allocating table with 143,360 entries, using 1.1MB
[11 Dec 2019 23:12:07-FAd][hasht]  number of buckets: 4,096, bucket size: 35
[11 Dec 2019 23:12:07-FAd][graph] kmer-size: 9; colours: 1; capacity: 143,360
[11 Dec 2019 23:12:07-FAd][hasht] buckets: 4,096 [2^12]; bucket size: 35; 
[11 Dec 2019 23:12:07-FAd][hasht] memory: 1.1MB; filled: 0 / 143,360 (0.00%)
[11 Dec 2019 23:12:08-FAd][asyncio] Inputs: 1; Threads: 1
[11 Dec 2019 23:12:08-FAd][seq] Parsing sequence file metagenomics/kmer-counts-jellyfish/9/ERR1713374.kmer.gz
[11 Dec 2019 23:12:08-FAd][seq] Loaded 131,069 reads and 0 reads pairs (file: metagenomics/kmer-counts-jellyfish/9/ERR1713374.kmer.gz)
[11 Dec 2019 23:12:08-FAd][hasht] buckets: 4,096 [2^12]; bucket size: 35; 
[11 Dec 2019 23:12:08-FAd][hasht] memory: 1.1MB; filled: 131,069 / 143,360 (91.43%)
[11 Dec 2019 23:12:08-FAd][hasht]  collisions  0: 125818
[11 Dec 2019 23:12:08-FAd][hasht]  collisions  1: 4022
[11 Dec 2019 23:12:08-FAd][hasht]  collisions  2: 866
[11 Dec 2019 23:12:08-FAd][hasht]  collisions  3: 246
[11 Dec 2019 23:12:08-FAd][hasht]  collisions  4: 77
[11 Dec 2019 23:12:08-FAd][hasht]  collisions  5: 28
[11 Dec 2019 23:12:08-FAd][hasht]  collisions  6: 8
[11 Dec 2019 23:12:08-FAd][hasht]  collisions  7: 3
[11 Dec 2019 23:12:08-FAd][hasht]  collisions  8: 1
[11 Dec 2019 23:12:08-FAd][task] input: metagenomics/kmer-counts-jellyfish/9/ERR1713374.kmer.gz colour: 0
[11 Dec 2019 23:12:08-FAd]  SE reads: 131,069  PE reads: 0
[11 Dec 2019 23:12:08-FAd]  good reads: 131,069  bad reads: 0
[11 Dec 2019 23:12:08-FAd]  dup SE reads: 0  dup PE pairs: 0
[11 Dec 2019 23:12:08-FAd]  bases read: 1,179,621  bases loaded: 1,179,621
[11 Dec 2019 23:12:08-FAd]  num contigs: 131,069  num kmers: 131,069 novel kmers: 131,069
[11 Dec 2019 23:12:08-FAd] Dumping graph...
[11 Dec 2019 23:12:08-FAd][graphwriter] Saving file to: metagenomics/bigsi/9/mccortex.ERR1713374.ctx
[11 Dec 2019 23:12:08-FAd][FileFilter] Writing graph  [1 src colour]
[11 Dec 2019 23:12:08-FAd][graphwriter] Dumped 131,069 kmers in 1 colour into: metagenomics/bigsi/9/mccortex.ERR1713374.ctx (ver: 6)
[11 Dec 2019 23:12:08-FAd][memory] We made 19 allocs
[11 Dec 2019 23:12:08-FAd] Done.
[11 Dec 2019 23:12:08-FAd][time] 1.00 seconds
	Command being timed: "mccortex 9 build --nkmers 140000 --threads 1 --kmer 9 --mem 10G --sample ERR1713374 --seq metagenomics/kmer-counts-jellyfish/9/ERR1713374.kmer.gz metagenomics/bigsi/9/mccortex.ERR1713374.ctx"
	User time (seconds): 0.16
	System time (seconds): 0.04
	Percent of CPU this job got: 110%
	Elapsed (wall clock) time (h:mm:ss or m:ss): 0:00.18
	Average shared text size (kbytes): 0
	Average unshared data size (kbytes): 0
	Average stack size (kbytes): 0
	Average total size (kbytes): 0
	Maximum resident set size (kbytes): 10520
	Average resident set size (kbytes): 0
	Major (requiring I/O) page faults: 0
	Minor (reclaiming a frame) page faults: 2602
	Voluntary context switches: 796
	Involuntary context switches: 723
	Swaps: 0
	File system inputs: 816
	File system outputs: 3344
	Socket messages sent: 0
	Socket messages received: 0
	Signals delivered: 0
	Page size (bytes): 4096
	Exit status: 0
