[11 Dec 2019 23:12:05-GED][cmd] /home/CSCScience.ca/apetkau/miniconda3/envs/bigsi_mccortex/bin/mccortex31 build --nkmers 140000 --threads 1 --kmer 9 --mem 10G --sample ERR1713355 --seq metagenomics/kmer-counts-jellyfish/9/ERR1713355.kmer.gz metagenomics/bigsi/9/mccortex.ERR1713355.ctx
[11 Dec 2019 23:12:05-GED][cwd] /home/CSCScience.ca/apetkau/workspace/comp7934-project
[11 Dec 2019 23:12:05-GED][version] mccortex=v0.0.3-610-g400c0e3 zlib=1.2.11 htslib=1.8-17-g699ed53 ASSERTS=ON hash=Lookup3 CHECKS=ON k=3..31
[11 Dec 2019 23:12:05-GED] Saving graph to: metagenomics/bigsi/9/mccortex.ERR1713355.ctx
[11 Dec 2019 23:12:05-GED][sample] 0: ERR1713355
[11 Dec 2019 23:12:05-GED][task] metagenomics/kmer-counts-jellyfish/9/ERR1713355.kmer.gz; FASTQ offset: auto-detect, threshold: off; cut homopolymers: off; remove PCR duplicates: no; colour: 0
[11 Dec 2019 23:12:05-GED][memory] 104 bits per kmer
[11 Dec 2019 23:12:05-GED] Note: Using less memory than requested (1.8MB < 10GB); allows for 143,360 kmers
[11 Dec 2019 23:12:05-GED][memory] graph: 1.8MB
[11 Dec 2019 23:12:05-GED][memory] total: 1.8MB of 62.6GB RAM
[11 Dec 2019 23:12:05-GED] Writing 1 colour graph to metagenomics/bigsi/9/mccortex.ERR1713355.ctx
[11 Dec 2019 23:12:05-GED][hasht] Allocating table with 143,360 entries, using 1.1MB
[11 Dec 2019 23:12:05-GED][hasht]  number of buckets: 4,096, bucket size: 35
[11 Dec 2019 23:12:05-GED][graph] kmer-size: 9; colours: 1; capacity: 143,360
[11 Dec 2019 23:12:05-GED][hasht] buckets: 4,096 [2^12]; bucket size: 35; 
[11 Dec 2019 23:12:05-GED][hasht] memory: 1.1MB; filled: 0 / 143,360 (0.00%)
[11 Dec 2019 23:12:05-GED][asyncio] Inputs: 1; Threads: 1
[11 Dec 2019 23:12:05-GED][seq] Parsing sequence file metagenomics/kmer-counts-jellyfish/9/ERR1713355.kmer.gz
[11 Dec 2019 23:12:05-GED][seq] Loaded 131,068 reads and 0 reads pairs (file: metagenomics/kmer-counts-jellyfish/9/ERR1713355.kmer.gz)
[11 Dec 2019 23:12:05-GED][hasht] buckets: 4,096 [2^12]; bucket size: 35; 
[11 Dec 2019 23:12:05-GED][hasht] memory: 1.1MB; filled: 131,068 / 143,360 (91.43%)
[11 Dec 2019 23:12:05-GED][hasht]  collisions  0: 125661
[11 Dec 2019 23:12:05-GED][hasht]  collisions  1: 4099
[11 Dec 2019 23:12:05-GED][hasht]  collisions  2: 935
[11 Dec 2019 23:12:05-GED][hasht]  collisions  3: 252
[11 Dec 2019 23:12:05-GED][hasht]  collisions  4: 80
[11 Dec 2019 23:12:05-GED][hasht]  collisions  5: 24
[11 Dec 2019 23:12:05-GED][hasht]  collisions  6: 12
[11 Dec 2019 23:12:05-GED][hasht]  collisions  7: 2
[11 Dec 2019 23:12:05-GED][hasht]  collisions  8: 2
[11 Dec 2019 23:12:05-GED][hasht]  collisions  9: 1
[11 Dec 2019 23:12:05-GED][task] input: metagenomics/kmer-counts-jellyfish/9/ERR1713355.kmer.gz colour: 0
[11 Dec 2019 23:12:05-GED]  SE reads: 131,068  PE reads: 0
[11 Dec 2019 23:12:05-GED]  good reads: 131,068  bad reads: 0
[11 Dec 2019 23:12:05-GED]  dup SE reads: 0  dup PE pairs: 0
[11 Dec 2019 23:12:05-GED]  bases read: 1,179,612  bases loaded: 1,179,612
[11 Dec 2019 23:12:05-GED]  num contigs: 131,068  num kmers: 131,068 novel kmers: 131,068
[11 Dec 2019 23:12:05-GED] Dumping graph...
[11 Dec 2019 23:12:05-GED][graphwriter] Saving file to: metagenomics/bigsi/9/mccortex.ERR1713355.ctx
[11 Dec 2019 23:12:05-GED][FileFilter] Writing graph  [1 src colour]
[11 Dec 2019 23:12:05-GED][graphwriter] Dumped 131,068 kmers in 1 colour into: metagenomics/bigsi/9/mccortex.ERR1713355.ctx (ver: 6)
[11 Dec 2019 23:12:05-GED][memory] We made 19 allocs
[11 Dec 2019 23:12:05-GED] Done.
[11 Dec 2019 23:12:05-GED][time] 0.00 seconds
	Command being timed: "mccortex 9 build --nkmers 140000 --threads 1 --kmer 9 --mem 10G --sample ERR1713355 --seq metagenomics/kmer-counts-jellyfish/9/ERR1713355.kmer.gz metagenomics/bigsi/9/mccortex.ERR1713355.ctx"
	User time (seconds): 0.22
	System time (seconds): 0.04
	Percent of CPU this job got: 155%
	Elapsed (wall clock) time (h:mm:ss or m:ss): 0:00.17
	Average shared text size (kbytes): 0
	Average unshared data size (kbytes): 0
	Average stack size (kbytes): 0
	Average total size (kbytes): 0
	Maximum resident set size (kbytes): 10536
	Average resident set size (kbytes): 0
	Major (requiring I/O) page faults: 0
	Minor (reclaiming a frame) page faults: 2593
	Voluntary context switches: 327
	Involuntary context switches: 569
	Swaps: 0
	File system inputs: 816
	File system outputs: 3344
	Socket messages sent: 0
	Socket messages received: 0
	Signals delivered: 0
	Page size (bytes): 4096
	Exit status: 0
