[11 Dec 2019 23:12:10-ZiY][cmd] /home/CSCScience.ca/apetkau/miniconda3/envs/bigsi_mccortex/bin/mccortex31 build --nkmers 140000 --threads 1 --kmer 9 --mem 10G --sample ERR1713388 --seq metagenomics/kmer-counts-jellyfish/9/ERR1713388.kmer.gz metagenomics/bigsi/9/mccortex.ERR1713388.ctx
[11 Dec 2019 23:12:10-ZiY][cwd] /home/CSCScience.ca/apetkau/workspace/comp7934-project
[11 Dec 2019 23:12:10-ZiY][version] mccortex=v0.0.3-610-g400c0e3 zlib=1.2.11 htslib=1.8-17-g699ed53 ASSERTS=ON hash=Lookup3 CHECKS=ON k=3..31
[11 Dec 2019 23:12:10-ZiY] Saving graph to: metagenomics/bigsi/9/mccortex.ERR1713388.ctx
[11 Dec 2019 23:12:10-ZiY][sample] 0: ERR1713388
[11 Dec 2019 23:12:10-ZiY][task] metagenomics/kmer-counts-jellyfish/9/ERR1713388.kmer.gz; FASTQ offset: auto-detect, threshold: off; cut homopolymers: off; remove PCR duplicates: no; colour: 0
[11 Dec 2019 23:12:10-ZiY][memory] 104 bits per kmer
[11 Dec 2019 23:12:10-ZiY] Note: Using less memory than requested (1.8MB < 10GB); allows for 143,360 kmers
[11 Dec 2019 23:12:10-ZiY][memory] graph: 1.8MB
[11 Dec 2019 23:12:10-ZiY][memory] total: 1.8MB of 62.6GB RAM
[11 Dec 2019 23:12:10-ZiY] Writing 1 colour graph to metagenomics/bigsi/9/mccortex.ERR1713388.ctx
[11 Dec 2019 23:12:10-ZiY][hasht] Allocating table with 143,360 entries, using 1.1MB
[11 Dec 2019 23:12:10-ZiY][hasht]  number of buckets: 4,096, bucket size: 35
[11 Dec 2019 23:12:10-ZiY][graph] kmer-size: 9; colours: 1; capacity: 143,360
[11 Dec 2019 23:12:10-ZiY][hasht] buckets: 4,096 [2^12]; bucket size: 35; 
[11 Dec 2019 23:12:10-ZiY][hasht] memory: 1.1MB; filled: 0 / 143,360 (0.00%)
[11 Dec 2019 23:12:10-ZiY][asyncio] Inputs: 1; Threads: 1
[11 Dec 2019 23:12:10-ZiY][seq] Parsing sequence file metagenomics/kmer-counts-jellyfish/9/ERR1713388.kmer.gz
[11 Dec 2019 23:12:10-ZiY][seq] Loaded 131,071 reads and 0 reads pairs (file: metagenomics/kmer-counts-jellyfish/9/ERR1713388.kmer.gz)
[11 Dec 2019 23:12:10-ZiY][hasht] buckets: 4,096 [2^12]; bucket size: 35; 
[11 Dec 2019 23:12:10-ZiY][hasht] memory: 1.1MB; filled: 131,071 / 143,360 (91.43%)
[11 Dec 2019 23:12:10-ZiY][hasht]  collisions  0: 125707
[11 Dec 2019 23:12:10-ZiY][hasht]  collisions  1: 4102
[11 Dec 2019 23:12:10-ZiY][hasht]  collisions  2: 900
[11 Dec 2019 23:12:10-ZiY][hasht]  collisions  3: 252
[11 Dec 2019 23:12:10-ZiY][hasht]  collisions  4: 75
[11 Dec 2019 23:12:10-ZiY][hasht]  collisions  5: 25
[11 Dec 2019 23:12:10-ZiY][hasht]  collisions  6: 4
[11 Dec 2019 23:12:10-ZiY][hasht]  collisions  7: 4
[11 Dec 2019 23:12:10-ZiY][hasht]  collisions  8: 1
[11 Dec 2019 23:12:10-ZiY][hasht]  collisions  9: 1
[11 Dec 2019 23:12:10-ZiY][task] input: metagenomics/kmer-counts-jellyfish/9/ERR1713388.kmer.gz colour: 0
[11 Dec 2019 23:12:10-ZiY]  SE reads: 131,071  PE reads: 0
[11 Dec 2019 23:12:10-ZiY]  good reads: 131,071  bad reads: 0
[11 Dec 2019 23:12:10-ZiY]  dup SE reads: 0  dup PE pairs: 0
[11 Dec 2019 23:12:10-ZiY]  bases read: 1,179,639  bases loaded: 1,179,639
[11 Dec 2019 23:12:10-ZiY]  num contigs: 131,071  num kmers: 131,071 novel kmers: 131,071
[11 Dec 2019 23:12:10-ZiY] Dumping graph...
[11 Dec 2019 23:12:10-ZiY][graphwriter] Saving file to: metagenomics/bigsi/9/mccortex.ERR1713388.ctx
[11 Dec 2019 23:12:10-ZiY][FileFilter] Writing graph  [1 src colour]
[11 Dec 2019 23:12:10-ZiY][graphwriter] Dumped 131,071 kmers in 1 colour into: metagenomics/bigsi/9/mccortex.ERR1713388.ctx (ver: 6)
[11 Dec 2019 23:12:10-ZiY][memory] We made 19 allocs
[11 Dec 2019 23:12:10-ZiY] Done.
[11 Dec 2019 23:12:10-ZiY][time] 0.00 seconds
	Command being timed: "mccortex 9 build --nkmers 140000 --threads 1 --kmer 9 --mem 10G --sample ERR1713388 --seq metagenomics/kmer-counts-jellyfish/9/ERR1713388.kmer.gz metagenomics/bigsi/9/mccortex.ERR1713388.ctx"
	User time (seconds): 0.15
	System time (seconds): 0.02
	Percent of CPU this job got: 132%
	Elapsed (wall clock) time (h:mm:ss or m:ss): 0:00.13
	Average shared text size (kbytes): 0
	Average unshared data size (kbytes): 0
	Average stack size (kbytes): 0
	Average total size (kbytes): 0
	Maximum resident set size (kbytes): 10664
	Average resident set size (kbytes): 0
	Major (requiring I/O) page faults: 0
	Minor (reclaiming a frame) page faults: 2606
	Voluntary context switches: 163
	Involuntary context switches: 11
	Swaps: 0
	File system inputs: 816
	File system outputs: 3344
	Socket messages sent: 0
	Socket messages received: 0
	Signals delivered: 0
	Page size (bytes): 4096
	Exit status: 0
