[11 Dec 2019 23:12:07-nUm][cmd] /home/CSCScience.ca/apetkau/miniconda3/envs/bigsi_mccortex/bin/mccortex31 build --nkmers 140000 --threads 1 --kmer 9 --mem 10G --sample ERR1713373 --seq metagenomics/kmer-counts-jellyfish/9/ERR1713373.kmer.gz metagenomics/bigsi/9/mccortex.ERR1713373.ctx
[11 Dec 2019 23:12:07-nUm][cwd] /home/CSCScience.ca/apetkau/workspace/comp7934-project
[11 Dec 2019 23:12:07-nUm][version] mccortex=v0.0.3-610-g400c0e3 zlib=1.2.11 htslib=1.8-17-g699ed53 ASSERTS=ON hash=Lookup3 CHECKS=ON k=3..31
[11 Dec 2019 23:12:07-nUm] Saving graph to: metagenomics/bigsi/9/mccortex.ERR1713373.ctx
[11 Dec 2019 23:12:07-nUm][sample] 0: ERR1713373
[11 Dec 2019 23:12:07-nUm][task] metagenomics/kmer-counts-jellyfish/9/ERR1713373.kmer.gz; FASTQ offset: auto-detect, threshold: off; cut homopolymers: off; remove PCR duplicates: no; colour: 0
[11 Dec 2019 23:12:07-nUm][memory] 104 bits per kmer
[11 Dec 2019 23:12:07-nUm] Note: Using less memory than requested (1.8MB < 10GB); allows for 143,360 kmers
[11 Dec 2019 23:12:07-nUm][memory] graph: 1.8MB
[11 Dec 2019 23:12:07-nUm][memory] total: 1.8MB of 62.6GB RAM
[11 Dec 2019 23:12:07-nUm] Writing 1 colour graph to metagenomics/bigsi/9/mccortex.ERR1713373.ctx
[11 Dec 2019 23:12:07-nUm][hasht] Allocating table with 143,360 entries, using 1.1MB
[11 Dec 2019 23:12:07-nUm][hasht]  number of buckets: 4,096, bucket size: 35
[11 Dec 2019 23:12:07-nUm][graph] kmer-size: 9; colours: 1; capacity: 143,360
[11 Dec 2019 23:12:07-nUm][hasht] buckets: 4,096 [2^12]; bucket size: 35; 
[11 Dec 2019 23:12:07-nUm][hasht] memory: 1.1MB; filled: 0 / 143,360 (0.00%)
[11 Dec 2019 23:12:07-nUm][asyncio] Inputs: 1; Threads: 1
[11 Dec 2019 23:12:08-nUm][seq] Parsing sequence file metagenomics/kmer-counts-jellyfish/9/ERR1713373.kmer.gz
[11 Dec 2019 23:12:08-nUm][seq] Loaded 131,072 reads and 0 reads pairs (file: metagenomics/kmer-counts-jellyfish/9/ERR1713373.kmer.gz)
[11 Dec 2019 23:12:08-nUm][hasht] buckets: 4,096 [2^12]; bucket size: 35; 
[11 Dec 2019 23:12:08-nUm][hasht] memory: 1.1MB; filled: 131,072 / 143,360 (91.43%)
[11 Dec 2019 23:12:08-nUm][hasht]  collisions  0: 125685
[11 Dec 2019 23:12:08-nUm][hasht]  collisions  1: 4112
[11 Dec 2019 23:12:08-nUm][hasht]  collisions  2: 889
[11 Dec 2019 23:12:08-nUm][hasht]  collisions  3: 243
[11 Dec 2019 23:12:08-nUm][hasht]  collisions  4: 91
[11 Dec 2019 23:12:08-nUm][hasht]  collisions  5: 31
[11 Dec 2019 23:12:08-nUm][hasht]  collisions  6: 7
[11 Dec 2019 23:12:08-nUm][hasht]  collisions  7: 7
[11 Dec 2019 23:12:08-nUm][hasht]  collisions  8: 2
[11 Dec 2019 23:12:08-nUm][hasht]  collisions  9: 4
[11 Dec 2019 23:12:08-nUm][hasht]  collisions 10: 1
[11 Dec 2019 23:12:08-nUm][task] input: metagenomics/kmer-counts-jellyfish/9/ERR1713373.kmer.gz colour: 0
[11 Dec 2019 23:12:08-nUm]  SE reads: 131,072  PE reads: 0
[11 Dec 2019 23:12:08-nUm]  good reads: 131,072  bad reads: 0
[11 Dec 2019 23:12:08-nUm]  dup SE reads: 0  dup PE pairs: 0
[11 Dec 2019 23:12:08-nUm]  bases read: 1,179,648  bases loaded: 1,179,648
[11 Dec 2019 23:12:08-nUm]  num contigs: 131,072  num kmers: 131,072 novel kmers: 131,072
[11 Dec 2019 23:12:08-nUm] Dumping graph...
[11 Dec 2019 23:12:08-nUm][graphwriter] Saving file to: metagenomics/bigsi/9/mccortex.ERR1713373.ctx
[11 Dec 2019 23:12:08-nUm][FileFilter] Writing graph  [1 src colour]
[11 Dec 2019 23:12:08-nUm][graphwriter] Dumped 131,072 kmers in 1 colour into: metagenomics/bigsi/9/mccortex.ERR1713373.ctx (ver: 6)
[11 Dec 2019 23:12:08-nUm][memory] We made 19 allocs
[11 Dec 2019 23:12:08-nUm] Done.
[11 Dec 2019 23:12:08-nUm][time] 1.00 seconds
	Command being timed: "mccortex 9 build --nkmers 140000 --threads 1 --kmer 9 --mem 10G --sample ERR1713373 --seq metagenomics/kmer-counts-jellyfish/9/ERR1713373.kmer.gz metagenomics/bigsi/9/mccortex.ERR1713373.ctx"
	User time (seconds): 0.17
	System time (seconds): 0.04
	Percent of CPU this job got: 111%
	Elapsed (wall clock) time (h:mm:ss or m:ss): 0:00.19
	Average shared text size (kbytes): 0
	Average unshared data size (kbytes): 0
	Average stack size (kbytes): 0
	Average total size (kbytes): 0
	Maximum resident set size (kbytes): 10520
	Average resident set size (kbytes): 0
	Major (requiring I/O) page faults: 0
	Minor (reclaiming a frame) page faults: 2595
	Voluntary context switches: 372
	Involuntary context switches: 19
	Swaps: 0
	File system inputs: 816
	File system outputs: 3344
	Socket messages sent: 0
	Socket messages received: 0
	Signals delivered: 0
	Page size (bytes): 4096
	Exit status: 0
