[11 Dec 2019 23:12:08-wey][cmd] /home/CSCScience.ca/apetkau/miniconda3/envs/bigsi_mccortex/bin/mccortex31 build --nkmers 140000 --threads 1 --kmer 9 --mem 10G --sample ERR1713378 --seq metagenomics/kmer-counts-jellyfish/9/ERR1713378.kmer.gz metagenomics/bigsi/9/mccortex.ERR1713378.ctx
[11 Dec 2019 23:12:08-wey][cwd] /home/CSCScience.ca/apetkau/workspace/comp7934-project
[11 Dec 2019 23:12:08-wey][version] mccortex=v0.0.3-610-g400c0e3 zlib=1.2.11 htslib=1.8-17-g699ed53 ASSERTS=ON hash=Lookup3 CHECKS=ON k=3..31
[11 Dec 2019 23:12:08-wey] Saving graph to: metagenomics/bigsi/9/mccortex.ERR1713378.ctx
[11 Dec 2019 23:12:08-wey][sample] 0: ERR1713378
[11 Dec 2019 23:12:08-wey][task] metagenomics/kmer-counts-jellyfish/9/ERR1713378.kmer.gz; FASTQ offset: auto-detect, threshold: off; cut homopolymers: off; remove PCR duplicates: no; colour: 0
[11 Dec 2019 23:12:08-wey][memory] 104 bits per kmer
[11 Dec 2019 23:12:08-wey] Note: Using less memory than requested (1.8MB < 10GB); allows for 143,360 kmers
[11 Dec 2019 23:12:08-wey][memory] graph: 1.8MB
[11 Dec 2019 23:12:08-wey][memory] total: 1.8MB of 62.6GB RAM
[11 Dec 2019 23:12:08-wey] Writing 1 colour graph to metagenomics/bigsi/9/mccortex.ERR1713378.ctx
[11 Dec 2019 23:12:08-wey][hasht] Allocating table with 143,360 entries, using 1.1MB
[11 Dec 2019 23:12:08-wey][hasht]  number of buckets: 4,096, bucket size: 35
[11 Dec 2019 23:12:08-wey][graph] kmer-size: 9; colours: 1; capacity: 143,360
[11 Dec 2019 23:12:08-wey][hasht] buckets: 4,096 [2^12]; bucket size: 35; 
[11 Dec 2019 23:12:08-wey][hasht] memory: 1.1MB; filled: 0 / 143,360 (0.00%)
[11 Dec 2019 23:12:08-wey][asyncio] Inputs: 1; Threads: 1
[11 Dec 2019 23:12:08-wey][seq] Parsing sequence file metagenomics/kmer-counts-jellyfish/9/ERR1713378.kmer.gz
[11 Dec 2019 23:12:08-wey][seq] Loaded 131,063 reads and 0 reads pairs (file: metagenomics/kmer-counts-jellyfish/9/ERR1713378.kmer.gz)
[11 Dec 2019 23:12:08-wey][hasht] buckets: 4,096 [2^12]; bucket size: 35; 
[11 Dec 2019 23:12:08-wey][hasht] memory: 1.1MB; filled: 131,063 / 143,360 (91.42%)
[11 Dec 2019 23:12:08-wey][hasht]  collisions  0: 126039
[11 Dec 2019 23:12:08-wey][hasht]  collisions  1: 3834
[11 Dec 2019 23:12:08-wey][hasht]  collisions  2: 824
[11 Dec 2019 23:12:08-wey][hasht]  collisions  3: 243
[11 Dec 2019 23:12:08-wey][hasht]  collisions  4: 82
[11 Dec 2019 23:12:08-wey][hasht]  collisions  5: 22
[11 Dec 2019 23:12:08-wey][hasht]  collisions  6: 11
[11 Dec 2019 23:12:08-wey][hasht]  collisions  7: 5
[11 Dec 2019 23:12:08-wey][hasht]  collisions  8: 1
[11 Dec 2019 23:12:08-wey][hasht]  collisions 10: 2
[11 Dec 2019 23:12:08-wey][task] input: metagenomics/kmer-counts-jellyfish/9/ERR1713378.kmer.gz colour: 0
[11 Dec 2019 23:12:08-wey]  SE reads: 131,063  PE reads: 0
[11 Dec 2019 23:12:08-wey]  good reads: 131,063  bad reads: 0
[11 Dec 2019 23:12:08-wey]  dup SE reads: 0  dup PE pairs: 0
[11 Dec 2019 23:12:08-wey]  bases read: 1,179,567  bases loaded: 1,179,567
[11 Dec 2019 23:12:08-wey]  num contigs: 131,063  num kmers: 131,063 novel kmers: 131,063
[11 Dec 2019 23:12:08-wey] Dumping graph...
[11 Dec 2019 23:12:08-wey][graphwriter] Saving file to: metagenomics/bigsi/9/mccortex.ERR1713378.ctx
[11 Dec 2019 23:12:08-wey][FileFilter] Writing graph  [1 src colour]
[11 Dec 2019 23:12:08-wey][graphwriter] Dumped 131,063 kmers in 1 colour into: metagenomics/bigsi/9/mccortex.ERR1713378.ctx (ver: 6)
[11 Dec 2019 23:12:08-wey][memory] We made 19 allocs
[11 Dec 2019 23:12:08-wey] Done.
[11 Dec 2019 23:12:08-wey][time] 0.00 seconds
	Command being timed: "mccortex 9 build --nkmers 140000 --threads 1 --kmer 9 --mem 10G --sample ERR1713378 --seq metagenomics/kmer-counts-jellyfish/9/ERR1713378.kmer.gz metagenomics/bigsi/9/mccortex.ERR1713378.ctx"
	User time (seconds): 0.32
	System time (seconds): 0.13
	Percent of CPU this job got: 106%
	Elapsed (wall clock) time (h:mm:ss or m:ss): 0:00.43
	Average shared text size (kbytes): 0
	Average unshared data size (kbytes): 0
	Average stack size (kbytes): 0
	Average total size (kbytes): 0
	Maximum resident set size (kbytes): 10656
	Average resident set size (kbytes): 0
	Major (requiring I/O) page faults: 0
	Minor (reclaiming a frame) page faults: 2598
	Voluntary context switches: 20830
	Involuntary context switches: 20281
	Swaps: 0
	File system inputs: 816
	File system outputs: 3336
	Socket messages sent: 0
	Socket messages received: 0
	Signals delivered: 0
	Page size (bytes): 4096
	Exit status: 0
