[12 Dec 2019 02:24:21-hoP][cmd] /home/CSCScience.ca/apetkau/miniconda3/envs/bigsi_mccortex/bin/mccortex31 build --nkmers 86000000 --threads 1 --kmer 17 --mem 5G --sample SRR1303626 --seq human/kmer-counts-jellyfish/17/SRR1303626.kmer.gz human/bigsi/17/mccortex.SRR1303626.ctx
[12 Dec 2019 02:24:21-hoP][cwd] /home/CSCScience.ca/apetkau/workspace/comp7934-project
[12 Dec 2019 02:24:21-hoP][version] mccortex=v0.0.3-610-g400c0e3 zlib=1.2.11 htslib=1.8-17-g699ed53 ASSERTS=ON hash=Lookup3 CHECKS=ON k=3..31
[12 Dec 2019 02:24:21-hoP] Saving graph to: human/bigsi/17/mccortex.SRR1303626.ctx
[12 Dec 2019 02:24:21-hoP][sample] 0: SRR1303626
[12 Dec 2019 02:24:21-hoP][task] human/kmer-counts-jellyfish/17/SRR1303626.kmer.gz; FASTQ offset: auto-detect, threshold: off; cut homopolymers: off; remove PCR duplicates: no; colour: 0
[12 Dec 2019 02:24:21-hoP][memory] 104 bits per kmer
[12 Dec 2019 02:24:21-hoP] Note: Using less memory than requested (1.1GB < 5GB); allows for 88,080,384 kmers
[12 Dec 2019 02:24:21-hoP][memory] graph: 1.1GB
[12 Dec 2019 02:24:21-hoP][memory] total: 1.1GB of 62.6GB RAM
[12 Dec 2019 02:24:21-hoP] Writing 1 colour graph to human/bigsi/17/mccortex.SRR1303626.ctx
[12 Dec 2019 02:24:21-hoP][hasht] Allocating table with 88,080,384 entries, using 676MB
[12 Dec 2019 02:24:21-hoP][hasht]  number of buckets: 2,097,152, bucket size: 42
[12 Dec 2019 02:24:21-hoP][graph] kmer-size: 17; colours: 1; capacity: 88,080,384
[12 Dec 2019 02:24:21-hoP][hasht] buckets: 2,097,152 [2^21]; bucket size: 42; 
[12 Dec 2019 02:24:21-hoP][hasht] memory: 676MB; filled: 0 / 88,080,384 (0.00%)
[12 Dec 2019 02:24:21-hoP][asyncio] Inputs: 1; Threads: 1
[12 Dec 2019 02:24:21-hoP][seq] Parsing sequence file human/kmer-counts-jellyfish/17/SRR1303626.kmer.gz
[12 Dec 2019 02:24:29-hoP][seq] Loaded 4,741,754 reads and 0 reads pairs (file: human/kmer-counts-jellyfish/17/SRR1303626.kmer.gz)
[12 Dec 2019 02:24:29-hoP][hasht] buckets: 2,097,152 [2^21]; bucket size: 42; 
[12 Dec 2019 02:24:29-hoP][hasht] memory: 676MB; filled: 4,741,754 / 88,080,384 (5.38%)
[12 Dec 2019 02:24:29-hoP][hasht]  collisions  0: 4741754
[12 Dec 2019 02:24:29-hoP][task] input: human/kmer-counts-jellyfish/17/SRR1303626.kmer.gz colour: 0
[12 Dec 2019 02:24:29-hoP]  SE reads: 4,741,754  PE reads: 0
[12 Dec 2019 02:24:29-hoP]  good reads: 4,741,754  bad reads: 0
[12 Dec 2019 02:24:29-hoP]  dup SE reads: 0  dup PE pairs: 0
[12 Dec 2019 02:24:29-hoP]  bases read: 80,609,818  bases loaded: 80,609,818
[12 Dec 2019 02:24:29-hoP]  num contigs: 4,741,754  num kmers: 4,741,754 novel kmers: 4,741,754
[12 Dec 2019 02:24:29-hoP] Dumping graph...
[12 Dec 2019 02:24:29-hoP][graphwriter] Saving file to: human/bigsi/17/mccortex.SRR1303626.ctx
[12 Dec 2019 02:24:29-hoP][FileFilter] Writing graph  [1 src colour]
[12 Dec 2019 02:24:30-hoP][graphwriter] Dumped 4,741,754 kmers in 1 colour into: human/bigsi/17/mccortex.SRR1303626.ctx (ver: 6)
[12 Dec 2019 02:24:30-hoP][memory] We made 19 allocs
[12 Dec 2019 02:24:30-hoP] Done.
[12 Dec 2019 02:24:30-hoP][time] 9.00 seconds
	Command being timed: "mccortex 17 build --nkmers 86000000 --threads 1 --kmer 17 --mem 5G --sample SRR1303626 --seq human/kmer-counts-jellyfish/17/SRR1303626.kmer.gz human/bigsi/17/mccortex.SRR1303626.ctx"
	User time (seconds): 9.10
	System time (seconds): 4.37
	Percent of CPU this job got: 150%
	Elapsed (wall clock) time (h:mm:ss or m:ss): 0:08.92
	Average shared text size (kbytes): 0
	Average unshared data size (kbytes): 0
	Average stack size (kbytes): 0
	Average total size (kbytes): 0
	Maximum resident set size (kbytes): 1045684
	Average resident set size (kbytes): 0
	Major (requiring I/O) page faults: 0
	Minor (reclaiming a frame) page faults: 1116045
	Voluntary context switches: 546975
	Involuntary context switches: 39380
	Swaps: 0
	File system inputs: 52504
	File system outputs: 120408
	Socket messages sent: 0
	Socket messages received: 0
	Signals delivered: 0
	Page size (bytes): 4096
	Exit status: 0
