[12 Dec 2019 02:27:17-SUp][cmd] /home/CSCScience.ca/apetkau/miniconda3/envs/bigsi_mccortex/bin/mccortex31 build --nkmers 86000000 --threads 1 --kmer 17 --mem 5G --sample SRR353653 --seq human/kmer-counts-jellyfish/17/SRR353653.kmer.gz human/bigsi/17/mccortex.SRR353653.ctx
[12 Dec 2019 02:27:17-SUp][cwd] /home/CSCScience.ca/apetkau/workspace/comp7934-project
[12 Dec 2019 02:27:17-SUp][version] mccortex=v0.0.3-610-g400c0e3 zlib=1.2.11 htslib=1.8-17-g699ed53 ASSERTS=ON hash=Lookup3 CHECKS=ON k=3..31
[12 Dec 2019 02:27:17-SUp] Saving graph to: human/bigsi/17/mccortex.SRR353653.ctx
[12 Dec 2019 02:27:17-SUp][sample] 0: SRR353653
[12 Dec 2019 02:27:17-SUp][task] human/kmer-counts-jellyfish/17/SRR353653.kmer.gz; FASTQ offset: auto-detect, threshold: off; cut homopolymers: off; remove PCR duplicates: no; colour: 0
[12 Dec 2019 02:27:17-SUp][memory] 104 bits per kmer
[12 Dec 2019 02:27:17-SUp] Note: Using less memory than requested (1.1GB < 5GB); allows for 88,080,384 kmers
[12 Dec 2019 02:27:17-SUp][memory] graph: 1.1GB
[12 Dec 2019 02:27:17-SUp][memory] total: 1.1GB of 62.6GB RAM
[12 Dec 2019 02:27:17-SUp] Writing 1 colour graph to human/bigsi/17/mccortex.SRR353653.ctx
[12 Dec 2019 02:27:17-SUp][hasht] Allocating table with 88,080,384 entries, using 676MB
[12 Dec 2019 02:27:17-SUp][hasht]  number of buckets: 2,097,152, bucket size: 42
[12 Dec 2019 02:27:17-SUp][graph] kmer-size: 17; colours: 1; capacity: 88,080,384
[12 Dec 2019 02:27:17-SUp][hasht] buckets: 2,097,152 [2^21]; bucket size: 42; 
[12 Dec 2019 02:27:17-SUp][hasht] memory: 676MB; filled: 0 / 88,080,384 (0.00%)
[12 Dec 2019 02:27:17-SUp][asyncio] Inputs: 1; Threads: 1
[12 Dec 2019 02:27:17-SUp][seq] Parsing sequence file human/kmer-counts-jellyfish/17/SRR353653.kmer.gz
[12 Dec 2019 02:27:26-SUp][seq] Loaded 3,526,090 reads and 0 reads pairs (file: human/kmer-counts-jellyfish/17/SRR353653.kmer.gz)
[12 Dec 2019 02:27:26-SUp][hasht] buckets: 2,097,152 [2^21]; bucket size: 42; 
[12 Dec 2019 02:27:26-SUp][hasht] memory: 676MB; filled: 3,526,090 / 88,080,384 (4.00%)
[12 Dec 2019 02:27:26-SUp][hasht]  collisions  0: 3526090
[12 Dec 2019 02:27:26-SUp][task] input: human/kmer-counts-jellyfish/17/SRR353653.kmer.gz colour: 0
[12 Dec 2019 02:27:26-SUp]  SE reads: 3,526,090  PE reads: 0
[12 Dec 2019 02:27:26-SUp]  good reads: 3,526,090  bad reads: 0
[12 Dec 2019 02:27:26-SUp]  dup SE reads: 0  dup PE pairs: 0
[12 Dec 2019 02:27:26-SUp]  bases read: 59,943,530  bases loaded: 59,943,530
[12 Dec 2019 02:27:26-SUp]  num contigs: 3,526,090  num kmers: 3,526,090 novel kmers: 3,526,090
[12 Dec 2019 02:27:26-SUp] Dumping graph...
[12 Dec 2019 02:27:26-SUp][graphwriter] Saving file to: human/bigsi/17/mccortex.SRR353653.ctx
[12 Dec 2019 02:27:26-SUp][FileFilter] Writing graph  [1 src colour]
[12 Dec 2019 02:27:27-SUp][graphwriter] Dumped 3,526,090 kmers in 1 colour into: human/bigsi/17/mccortex.SRR353653.ctx (ver: 6)
[12 Dec 2019 02:27:27-SUp][memory] We made 19 allocs
[12 Dec 2019 02:27:27-SUp] Done.
[12 Dec 2019 02:27:27-SUp][time] 10.00 seconds
	Command being timed: "mccortex 17 build --nkmers 86000000 --threads 1 --kmer 17 --mem 5G --sample SRR353653 --seq human/kmer-counts-jellyfish/17/SRR353653.kmer.gz human/bigsi/17/mccortex.SRR353653.ctx"
	User time (seconds): 9.46
	System time (seconds): 6.21
	Percent of CPU this job got: 163%
	Elapsed (wall clock) time (h:mm:ss or m:ss): 0:09.57
	Average shared text size (kbytes): 0
	Average unshared data size (kbytes): 0
	Average stack size (kbytes): 0
	Average total size (kbytes): 0
	Maximum resident set size (kbytes): 1045596
	Average resident set size (kbytes): 0
	Major (requiring I/O) page faults: 0
	Minor (reclaiming a frame) page faults: 1329226
	Voluntary context switches: 600129
	Involuntary context switches: 7252
	Swaps: 0
	File system inputs: 39208
	File system outputs: 89544
	Socket messages sent: 0
	Socket messages received: 0
	Signals delivered: 0
	Page size (bytes): 4096
	Exit status: 0
