[12 Dec 2019 02:26:52-rOh][cmd] /home/CSCScience.ca/apetkau/miniconda3/envs/bigsi_mccortex/bin/mccortex31 build --nkmers 86000000 --threads 1 --kmer 17 --mem 5G --sample SRR191646 --seq human/kmer-counts-jellyfish/17/SRR191646.kmer.gz human/bigsi/17/mccortex.SRR191646.ctx
[12 Dec 2019 02:26:52-rOh][cwd] /home/CSCScience.ca/apetkau/workspace/comp7934-project
[12 Dec 2019 02:26:52-rOh][version] mccortex=v0.0.3-610-g400c0e3 zlib=1.2.11 htslib=1.8-17-g699ed53 ASSERTS=ON hash=Lookup3 CHECKS=ON k=3..31
[12 Dec 2019 02:26:52-rOh] Saving graph to: human/bigsi/17/mccortex.SRR191646.ctx
[12 Dec 2019 02:26:52-rOh][sample] 0: SRR191646
[12 Dec 2019 02:26:52-rOh][task] human/kmer-counts-jellyfish/17/SRR191646.kmer.gz; FASTQ offset: auto-detect, threshold: off; cut homopolymers: off; remove PCR duplicates: no; colour: 0
[12 Dec 2019 02:26:52-rOh][memory] 104 bits per kmer
[12 Dec 2019 02:26:52-rOh] Note: Using less memory than requested (1.1GB < 5GB); allows for 88,080,384 kmers
[12 Dec 2019 02:26:52-rOh][memory] graph: 1.1GB
[12 Dec 2019 02:26:52-rOh][memory] total: 1.1GB of 62.6GB RAM
[12 Dec 2019 02:26:52-rOh] Writing 1 colour graph to human/bigsi/17/mccortex.SRR191646.ctx
[12 Dec 2019 02:26:52-rOh][hasht] Allocating table with 88,080,384 entries, using 676MB
[12 Dec 2019 02:26:52-rOh][hasht]  number of buckets: 2,097,152, bucket size: 42
[12 Dec 2019 02:26:52-rOh][graph] kmer-size: 17; colours: 1; capacity: 88,080,384
[12 Dec 2019 02:26:52-rOh][hasht] buckets: 2,097,152 [2^21]; bucket size: 42; 
[12 Dec 2019 02:26:52-rOh][hasht] memory: 676MB; filled: 0 / 88,080,384 (0.00%)
[12 Dec 2019 02:26:52-rOh][asyncio] Inputs: 1; Threads: 1
[12 Dec 2019 02:26:52-rOh][seq] Parsing sequence file human/kmer-counts-jellyfish/17/SRR191646.kmer.gz
[12 Dec 2019 02:26:54-rOh][seq] Loaded 1,055,745 reads and 0 reads pairs (file: human/kmer-counts-jellyfish/17/SRR191646.kmer.gz)
[12 Dec 2019 02:26:54-rOh][hasht] buckets: 2,097,152 [2^21]; bucket size: 42; 
[12 Dec 2019 02:26:54-rOh][hasht] memory: 676MB; filled: 1,055,745 / 88,080,384 (1.20%)
[12 Dec 2019 02:26:54-rOh][hasht]  collisions  0: 1055745
[12 Dec 2019 02:26:54-rOh][task] input: human/kmer-counts-jellyfish/17/SRR191646.kmer.gz colour: 0
[12 Dec 2019 02:26:54-rOh]  SE reads: 1,055,745  PE reads: 0
[12 Dec 2019 02:26:54-rOh]  good reads: 1,055,745  bad reads: 0
[12 Dec 2019 02:26:54-rOh]  dup SE reads: 0  dup PE pairs: 0
[12 Dec 2019 02:26:54-rOh]  bases read: 17,947,665  bases loaded: 17,947,665
[12 Dec 2019 02:26:54-rOh]  num contigs: 1,055,745  num kmers: 1,055,745 novel kmers: 1,055,745
[12 Dec 2019 02:26:54-rOh] Dumping graph...
[12 Dec 2019 02:26:54-rOh][graphwriter] Saving file to: human/bigsi/17/mccortex.SRR191646.ctx
[12 Dec 2019 02:26:54-rOh][FileFilter] Writing graph  [1 src colour]
[12 Dec 2019 02:26:54-rOh][graphwriter] Dumped 1,055,745 kmers in 1 colour into: human/bigsi/17/mccortex.SRR191646.ctx (ver: 6)
[12 Dec 2019 02:26:54-rOh][memory] We made 19 allocs
[12 Dec 2019 02:26:54-rOh] Done.
[12 Dec 2019 02:26:54-rOh][time] 2.00 seconds
	Command being timed: "mccortex 17 build --nkmers 86000000 --threads 1 --kmer 17 --mem 5G --sample SRR191646 --seq human/kmer-counts-jellyfish/17/SRR191646.kmer.gz human/bigsi/17/mccortex.SRR191646.ctx"
	User time (seconds): 2.50
	System time (seconds): 1.74
	Percent of CPU this job got: 163%
	Elapsed (wall clock) time (h:mm:ss or m:ss): 0:02.59
	Average shared text size (kbytes): 0
	Average unshared data size (kbytes): 0
	Average stack size (kbytes): 0
	Average total size (kbytes): 0
	Maximum resident set size (kbytes): 1044144
	Average resident set size (kbytes): 0
	Major (requiring I/O) page faults: 0
	Minor (reclaiming a frame) page faults: 622476
	Voluntary context switches: 232073
	Involuntary context switches: 5
	Swaps: 0
	File system inputs: 11664
	File system outputs: 26816
	Socket messages sent: 0
	Socket messages received: 0
	Signals delivered: 0
	Page size (bytes): 4096
	Exit status: 0
