[12 Dec 2019 02:25:46-Xek][cmd] /home/CSCScience.ca/apetkau/miniconda3/envs/bigsi_mccortex/bin/mccortex31 build --nkmers 86000000 --threads 1 --kmer 17 --mem 5G --sample SRR1313154 --seq human/kmer-counts-jellyfish/17/SRR1313154.kmer.gz human/bigsi/17/mccortex.SRR1313154.ctx
[12 Dec 2019 02:25:46-Xek][cwd] /home/CSCScience.ca/apetkau/workspace/comp7934-project
[12 Dec 2019 02:25:46-Xek][version] mccortex=v0.0.3-610-g400c0e3 zlib=1.2.11 htslib=1.8-17-g699ed53 ASSERTS=ON hash=Lookup3 CHECKS=ON k=3..31
[12 Dec 2019 02:25:46-Xek] Saving graph to: human/bigsi/17/mccortex.SRR1313154.ctx
[12 Dec 2019 02:25:46-Xek][sample] 0: SRR1313154
[12 Dec 2019 02:25:46-Xek][task] human/kmer-counts-jellyfish/17/SRR1313154.kmer.gz; FASTQ offset: auto-detect, threshold: off; cut homopolymers: off; remove PCR duplicates: no; colour: 0
[12 Dec 2019 02:25:46-Xek][memory] 104 bits per kmer
[12 Dec 2019 02:25:46-Xek] Note: Using less memory than requested (1.1GB < 5GB); allows for 88,080,384 kmers
[12 Dec 2019 02:25:46-Xek][memory] graph: 1.1GB
[12 Dec 2019 02:25:46-Xek][memory] total: 1.1GB of 62.6GB RAM
[12 Dec 2019 02:25:46-Xek] Writing 1 colour graph to human/bigsi/17/mccortex.SRR1313154.ctx
[12 Dec 2019 02:25:46-Xek][hasht] Allocating table with 88,080,384 entries, using 676MB
[12 Dec 2019 02:25:46-Xek][hasht]  number of buckets: 2,097,152, bucket size: 42
[12 Dec 2019 02:25:46-Xek][graph] kmer-size: 17; colours: 1; capacity: 88,080,384
[12 Dec 2019 02:25:46-Xek][hasht] buckets: 2,097,152 [2^21]; bucket size: 42; 
[12 Dec 2019 02:25:46-Xek][hasht] memory: 676MB; filled: 0 / 88,080,384 (0.00%)
[12 Dec 2019 02:25:46-Xek][asyncio] Inputs: 1; Threads: 1
[12 Dec 2019 02:25:46-Xek][seq] Parsing sequence file human/kmer-counts-jellyfish/17/SRR1313154.kmer.gz
[12 Dec 2019 02:25:53-Xek][seq] Loaded 4,596,391 reads and 0 reads pairs (file: human/kmer-counts-jellyfish/17/SRR1313154.kmer.gz)
[12 Dec 2019 02:25:53-Xek][hasht] buckets: 2,097,152 [2^21]; bucket size: 42; 
[12 Dec 2019 02:25:53-Xek][hasht] memory: 676MB; filled: 4,596,391 / 88,080,384 (5.22%)
[12 Dec 2019 02:25:53-Xek][hasht]  collisions  0: 4596391
[12 Dec 2019 02:25:53-Xek][task] input: human/kmer-counts-jellyfish/17/SRR1313154.kmer.gz colour: 0
[12 Dec 2019 02:25:53-Xek]  SE reads: 4,596,391  PE reads: 0
[12 Dec 2019 02:25:53-Xek]  good reads: 4,596,391  bad reads: 0
[12 Dec 2019 02:25:53-Xek]  dup SE reads: 0  dup PE pairs: 0
[12 Dec 2019 02:25:53-Xek]  bases read: 78,138,647  bases loaded: 78,138,647
[12 Dec 2019 02:25:53-Xek]  num contigs: 4,596,391  num kmers: 4,596,391 novel kmers: 4,596,391
[12 Dec 2019 02:25:53-Xek] Dumping graph...
[12 Dec 2019 02:25:53-Xek][graphwriter] Saving file to: human/bigsi/17/mccortex.SRR1313154.ctx
[12 Dec 2019 02:25:53-Xek][FileFilter] Writing graph  [1 src colour]
[12 Dec 2019 02:25:53-Xek][graphwriter] Dumped 4,596,391 kmers in 1 colour into: human/bigsi/17/mccortex.SRR1313154.ctx (ver: 6)
[12 Dec 2019 02:25:54-Xek][memory] We made 19 allocs
[12 Dec 2019 02:25:54-Xek] Done.
[12 Dec 2019 02:25:54-Xek][time] 8.00 seconds
	Command being timed: "mccortex 17 build --nkmers 86000000 --threads 1 --kmer 17 --mem 5G --sample SRR1313154 --seq human/kmer-counts-jellyfish/17/SRR1313154.kmer.gz human/bigsi/17/mccortex.SRR1313154.ctx"
	User time (seconds): 8.82
	System time (seconds): 3.92
	Percent of CPU this job got: 168%
	Elapsed (wall clock) time (h:mm:ss or m:ss): 0:07.54
	Average shared text size (kbytes): 0
	Average unshared data size (kbytes): 0
	Average stack size (kbytes): 0
	Average total size (kbytes): 0
	Maximum resident set size (kbytes): 1045444
	Average resident set size (kbytes): 0
	Major (requiring I/O) page faults: 0
	Minor (reclaiming a frame) page faults: 1139946
	Voluntary context switches: 566937
	Involuntary context switches: 12723
	Swaps: 0
	File system inputs: 50960
	File system outputs: 116720
	Socket messages sent: 0
	Socket messages received: 0
	Signals delivered: 0
	Page size (bytes): 4096
	Exit status: 0
