[12 Dec 2019 02:24:14-JUl][cmd] /home/CSCScience.ca/apetkau/miniconda3/envs/bigsi_mccortex/bin/mccortex31 build --nkmers 86000000 --threads 1 --kmer 17 --mem 5G --sample SRR1294106 --seq human/kmer-counts-jellyfish/17/SRR1294106.kmer.gz human/bigsi/17/mccortex.SRR1294106.ctx
[12 Dec 2019 02:24:14-JUl][cwd] /home/CSCScience.ca/apetkau/workspace/comp7934-project
[12 Dec 2019 02:24:14-JUl][version] mccortex=v0.0.3-610-g400c0e3 zlib=1.2.11 htslib=1.8-17-g699ed53 ASSERTS=ON hash=Lookup3 CHECKS=ON k=3..31
[12 Dec 2019 02:24:14-JUl] Saving graph to: human/bigsi/17/mccortex.SRR1294106.ctx
[12 Dec 2019 02:24:14-JUl][sample] 0: SRR1294106
[12 Dec 2019 02:24:14-JUl][task] human/kmer-counts-jellyfish/17/SRR1294106.kmer.gz; FASTQ offset: auto-detect, threshold: off; cut homopolymers: off; remove PCR duplicates: no; colour: 0
[12 Dec 2019 02:24:14-JUl][memory] 104 bits per kmer
[12 Dec 2019 02:24:14-JUl] Note: Using less memory than requested (1.1GB < 5GB); allows for 88,080,384 kmers
[12 Dec 2019 02:24:14-JUl][memory] graph: 1.1GB
[12 Dec 2019 02:24:14-JUl][memory] total: 1.1GB of 62.6GB RAM
[12 Dec 2019 02:24:14-JUl] Writing 1 colour graph to human/bigsi/17/mccortex.SRR1294106.ctx
[12 Dec 2019 02:24:14-JUl][hasht] Allocating table with 88,080,384 entries, using 676MB
[12 Dec 2019 02:24:14-JUl][hasht]  number of buckets: 2,097,152, bucket size: 42
[12 Dec 2019 02:24:14-JUl][graph] kmer-size: 17; colours: 1; capacity: 88,080,384
[12 Dec 2019 02:24:14-JUl][hasht] buckets: 2,097,152 [2^21]; bucket size: 42; 
[12 Dec 2019 02:24:14-JUl][hasht] memory: 676MB; filled: 0 / 88,080,384 (0.00%)
[12 Dec 2019 02:24:14-JUl][asyncio] Inputs: 1; Threads: 1
[12 Dec 2019 02:24:14-JUl][seq] Parsing sequence file human/kmer-counts-jellyfish/17/SRR1294106.kmer.gz
[12 Dec 2019 02:24:23-JUl][BuildGraph] Read 5,000,000 entries (reads / read pairs)
[12 Dec 2019 02:24:24-JUl][seq] Loaded 5,663,339 reads and 0 reads pairs (file: human/kmer-counts-jellyfish/17/SRR1294106.kmer.gz)
[12 Dec 2019 02:24:24-JUl][hasht] buckets: 2,097,152 [2^21]; bucket size: 42; 
[12 Dec 2019 02:24:24-JUl][hasht] memory: 676MB; filled: 5,663,339 / 88,080,384 (6.43%)
[12 Dec 2019 02:24:24-JUl][hasht]  collisions  0: 5663339
[12 Dec 2019 02:24:24-JUl][task] input: human/kmer-counts-jellyfish/17/SRR1294106.kmer.gz colour: 0
[12 Dec 2019 02:24:24-JUl]  SE reads: 5,663,339  PE reads: 0
[12 Dec 2019 02:24:24-JUl]  good reads: 5,663,339  bad reads: 0
[12 Dec 2019 02:24:24-JUl]  dup SE reads: 0  dup PE pairs: 0
[12 Dec 2019 02:24:24-JUl]  bases read: 96,276,763  bases loaded: 96,276,763
[12 Dec 2019 02:24:24-JUl]  num contigs: 5,663,339  num kmers: 5,663,339 novel kmers: 5,663,339
[12 Dec 2019 02:24:24-JUl] Dumping graph...
[12 Dec 2019 02:24:24-JUl][graphwriter] Saving file to: human/bigsi/17/mccortex.SRR1294106.ctx
[12 Dec 2019 02:24:24-JUl][FileFilter] Writing graph  [1 src colour]
[12 Dec 2019 02:24:25-JUl][graphwriter] Dumped 5,663,339 kmers in 1 colour into: human/bigsi/17/mccortex.SRR1294106.ctx (ver: 6)
[12 Dec 2019 02:24:25-JUl][memory] We made 19 allocs
[12 Dec 2019 02:24:25-JUl] Done.
[12 Dec 2019 02:24:25-JUl][time] 11.00 seconds
	Command being timed: "mccortex 17 build --nkmers 86000000 --threads 1 --kmer 17 --mem 5G --sample SRR1294106 --seq human/kmer-counts-jellyfish/17/SRR1294106.kmer.gz human/bigsi/17/mccortex.SRR1294106.ctx"
	User time (seconds): 11.73
	System time (seconds): 5.72
	Percent of CPU this job got: 162%
	Elapsed (wall clock) time (h:mm:ss or m:ss): 0:10.73
	Average shared text size (kbytes): 0
	Average unshared data size (kbytes): 0
	Average stack size (kbytes): 0
	Average total size (kbytes): 0
	Maximum resident set size (kbytes): 1045680
	Average resident set size (kbytes): 0
	Major (requiring I/O) page faults: 0
	Minor (reclaiming a frame) page faults: 1369450
	Voluntary context switches: 708926
	Involuntary context switches: 35517
	Swaps: 0
	File system inputs: 62952
	File system outputs: 143808
	Socket messages sent: 0
	Socket messages received: 0
	Signals delivered: 0
	Page size (bytes): 4096
	Exit status: 0
