[12 Dec 2019 02:27:24-kUl][cmd] /home/CSCScience.ca/apetkau/miniconda3/envs/bigsi_mccortex/bin/mccortex31 build --nkmers 86000000 --threads 1 --kmer 17 --mem 5G --sample SRR496397 --seq human/kmer-counts-jellyfish/17/SRR496397.kmer.gz human/bigsi/17/mccortex.SRR496397.ctx
[12 Dec 2019 02:27:24-kUl][cwd] /home/CSCScience.ca/apetkau/workspace/comp7934-project
[12 Dec 2019 02:27:24-kUl][version] mccortex=v0.0.3-610-g400c0e3 zlib=1.2.11 htslib=1.8-17-g699ed53 ASSERTS=ON hash=Lookup3 CHECKS=ON k=3..31
[12 Dec 2019 02:27:24-kUl] Saving graph to: human/bigsi/17/mccortex.SRR496397.ctx
[12 Dec 2019 02:27:24-kUl][sample] 0: SRR496397
[12 Dec 2019 02:27:24-kUl][task] human/kmer-counts-jellyfish/17/SRR496397.kmer.gz; FASTQ offset: auto-detect, threshold: off; cut homopolymers: off; remove PCR duplicates: no; colour: 0
[12 Dec 2019 02:27:24-kUl][memory] 104 bits per kmer
[12 Dec 2019 02:27:24-kUl] Note: Using less memory than requested (1.1GB < 5GB); allows for 88,080,384 kmers
[12 Dec 2019 02:27:24-kUl][memory] graph: 1.1GB
[12 Dec 2019 02:27:24-kUl][memory] total: 1.1GB of 62.6GB RAM
[12 Dec 2019 02:27:24-kUl] Writing 1 colour graph to human/bigsi/17/mccortex.SRR496397.ctx
[12 Dec 2019 02:27:24-kUl][hasht] Allocating table with 88,080,384 entries, using 676MB
[12 Dec 2019 02:27:24-kUl][hasht]  number of buckets: 2,097,152, bucket size: 42
[12 Dec 2019 02:27:24-kUl][graph] kmer-size: 17; colours: 1; capacity: 88,080,384
[12 Dec 2019 02:27:24-kUl][hasht] buckets: 2,097,152 [2^21]; bucket size: 42; 
[12 Dec 2019 02:27:24-kUl][hasht] memory: 676MB; filled: 0 / 88,080,384 (0.00%)
[12 Dec 2019 02:27:24-kUl][asyncio] Inputs: 1; Threads: 1
[12 Dec 2019 02:27:24-kUl][seq] Parsing sequence file human/kmer-counts-jellyfish/17/SRR496397.kmer.gz
[12 Dec 2019 02:27:34-kUl][BuildGraph] Read 5,000,000 entries (reads / read pairs)
[12 Dec 2019 02:27:34-kUl][seq] Loaded 5,563,362 reads and 0 reads pairs (file: human/kmer-counts-jellyfish/17/SRR496397.kmer.gz)
[12 Dec 2019 02:27:34-kUl][hasht] buckets: 2,097,152 [2^21]; bucket size: 42; 
[12 Dec 2019 02:27:34-kUl][hasht] memory: 676MB; filled: 5,563,362 / 88,080,384 (6.32%)
[12 Dec 2019 02:27:34-kUl][hasht]  collisions  0: 5563362
[12 Dec 2019 02:27:34-kUl][task] input: human/kmer-counts-jellyfish/17/SRR496397.kmer.gz colour: 0
[12 Dec 2019 02:27:34-kUl]  SE reads: 5,563,362  PE reads: 0
[12 Dec 2019 02:27:34-kUl]  good reads: 5,563,362  bad reads: 0
[12 Dec 2019 02:27:34-kUl]  dup SE reads: 0  dup PE pairs: 0
[12 Dec 2019 02:27:34-kUl]  bases read: 94,577,154  bases loaded: 94,577,154
[12 Dec 2019 02:27:34-kUl]  num contigs: 5,563,362  num kmers: 5,563,362 novel kmers: 5,563,362
[12 Dec 2019 02:27:34-kUl] Dumping graph...
[12 Dec 2019 02:27:34-kUl][graphwriter] Saving file to: human/bigsi/17/mccortex.SRR496397.ctx
[12 Dec 2019 02:27:34-kUl][FileFilter] Writing graph  [1 src colour]
[12 Dec 2019 02:27:35-kUl][graphwriter] Dumped 5,563,362 kmers in 1 colour into: human/bigsi/17/mccortex.SRR496397.ctx (ver: 6)
[12 Dec 2019 02:27:35-kUl][memory] We made 19 allocs
[12 Dec 2019 02:27:35-kUl] Done.
[12 Dec 2019 02:27:35-kUl][time] 11.00 seconds
	Command being timed: "mccortex 17 build --nkmers 86000000 --threads 1 --kmer 17 --mem 5G --sample SRR496397 --seq human/kmer-counts-jellyfish/17/SRR496397.kmer.gz human/bigsi/17/mccortex.SRR496397.ctx"
	User time (seconds): 13.98
	System time (seconds): 5.47
	Percent of CPU this job got: 168%
	Elapsed (wall clock) time (h:mm:ss or m:ss): 0:11.55
	Average shared text size (kbytes): 0
	Average unshared data size (kbytes): 0
	Average stack size (kbytes): 0
	Average total size (kbytes): 0
	Maximum resident set size (kbytes): 1045556
	Average resident set size (kbytes): 0
	Major (requiring I/O) page faults: 0
	Minor (reclaiming a frame) page faults: 1701233
	Voluntary context switches: 709083
	Involuntary context switches: 11711
	Swaps: 0
	File system inputs: 61808
	File system outputs: 141272
	Socket messages sent: 0
	Socket messages received: 0
	Signals delivered: 0
	Page size (bytes): 4096
	Exit status: 0
