[12 Dec 2019 02:25:33-XEd][cmd] /home/CSCScience.ca/apetkau/miniconda3/envs/bigsi_mccortex/bin/mccortex31 build --nkmers 86000000 --threads 1 --kmer 17 --mem 5G --sample SRR1313097 --seq human/kmer-counts-jellyfish/17/SRR1313097.kmer.gz human/bigsi/17/mccortex.SRR1313097.ctx
[12 Dec 2019 02:25:33-XEd][cwd] /home/CSCScience.ca/apetkau/workspace/comp7934-project
[12 Dec 2019 02:25:33-XEd][version] mccortex=v0.0.3-610-g400c0e3 zlib=1.2.11 htslib=1.8-17-g699ed53 ASSERTS=ON hash=Lookup3 CHECKS=ON k=3..31
[12 Dec 2019 02:25:33-XEd] Saving graph to: human/bigsi/17/mccortex.SRR1313097.ctx
[12 Dec 2019 02:25:33-XEd][sample] 0: SRR1313097
[12 Dec 2019 02:25:33-XEd][task] human/kmer-counts-jellyfish/17/SRR1313097.kmer.gz; FASTQ offset: auto-detect, threshold: off; cut homopolymers: off; remove PCR duplicates: no; colour: 0
[12 Dec 2019 02:25:33-XEd][memory] 104 bits per kmer
[12 Dec 2019 02:25:33-XEd] Note: Using less memory than requested (1.1GB < 5GB); allows for 88,080,384 kmers
[12 Dec 2019 02:25:33-XEd][memory] graph: 1.1GB
[12 Dec 2019 02:25:33-XEd][memory] total: 1.1GB of 62.6GB RAM
[12 Dec 2019 02:25:33-XEd] Writing 1 colour graph to human/bigsi/17/mccortex.SRR1313097.ctx
[12 Dec 2019 02:25:33-XEd][hasht] Allocating table with 88,080,384 entries, using 676MB
[12 Dec 2019 02:25:33-XEd][hasht]  number of buckets: 2,097,152, bucket size: 42
[12 Dec 2019 02:25:33-XEd][graph] kmer-size: 17; colours: 1; capacity: 88,080,384
[12 Dec 2019 02:25:33-XEd][hasht] buckets: 2,097,152 [2^21]; bucket size: 42; 
[12 Dec 2019 02:25:33-XEd][hasht] memory: 676MB; filled: 0 / 88,080,384 (0.00%)
[12 Dec 2019 02:25:33-XEd][asyncio] Inputs: 1; Threads: 1
[12 Dec 2019 02:25:33-XEd][seq] Parsing sequence file human/kmer-counts-jellyfish/17/SRR1313097.kmer.gz
[12 Dec 2019 02:25:39-XEd][BuildGraph] Read 5,000,000 entries (reads / read pairs)
[12 Dec 2019 02:25:40-XEd][seq] Loaded 5,406,497 reads and 0 reads pairs (file: human/kmer-counts-jellyfish/17/SRR1313097.kmer.gz)
[12 Dec 2019 02:25:40-XEd][hasht] buckets: 2,097,152 [2^21]; bucket size: 42; 
[12 Dec 2019 02:25:40-XEd][hasht] memory: 676MB; filled: 5,406,497 / 88,080,384 (6.14%)
[12 Dec 2019 02:25:40-XEd][hasht]  collisions  0: 5406497
[12 Dec 2019 02:25:40-XEd][task] input: human/kmer-counts-jellyfish/17/SRR1313097.kmer.gz colour: 0
[12 Dec 2019 02:25:40-XEd]  SE reads: 5,406,497  PE reads: 0
[12 Dec 2019 02:25:40-XEd]  good reads: 5,406,497  bad reads: 0
[12 Dec 2019 02:25:40-XEd]  dup SE reads: 0  dup PE pairs: 0
[12 Dec 2019 02:25:40-XEd]  bases read: 91,910,449  bases loaded: 91,910,449
[12 Dec 2019 02:25:40-XEd]  num contigs: 5,406,497  num kmers: 5,406,497 novel kmers: 5,406,497
[12 Dec 2019 02:25:40-XEd] Dumping graph...
[12 Dec 2019 02:25:40-XEd][graphwriter] Saving file to: human/bigsi/17/mccortex.SRR1313097.ctx
[12 Dec 2019 02:25:40-XEd][FileFilter] Writing graph  [1 src colour]
[12 Dec 2019 02:25:40-XEd][graphwriter] Dumped 5,406,497 kmers in 1 colour into: human/bigsi/17/mccortex.SRR1313097.ctx (ver: 6)
[12 Dec 2019 02:25:40-XEd][memory] We made 19 allocs
[12 Dec 2019 02:25:40-XEd] Done.
[12 Dec 2019 02:25:40-XEd][time] 7.00 seconds
	Command being timed: "mccortex 17 build --nkmers 86000000 --threads 1 --kmer 17 --mem 5G --sample SRR1313097 --seq human/kmer-counts-jellyfish/17/SRR1313097.kmer.gz human/bigsi/17/mccortex.SRR1313097.ctx"
	User time (seconds): 9.87
	System time (seconds): 3.83
	Percent of CPU this job got: 173%
	Elapsed (wall clock) time (h:mm:ss or m:ss): 0:07.88
	Average shared text size (kbytes): 0
	Average unshared data size (kbytes): 0
	Average stack size (kbytes): 0
	Average total size (kbytes): 0
	Maximum resident set size (kbytes): 1045540
	Average resident set size (kbytes): 0
	Major (requiring I/O) page faults: 0
	Minor (reclaiming a frame) page faults: 1249650
	Voluntary context switches: 582435
	Involuntary context switches: 18
	Swaps: 0
	File system inputs: 59960
	File system outputs: 137288
	Socket messages sent: 0
	Socket messages received: 0
	Signals delivered: 0
	Page size (bytes): 4096
	Exit status: 0
