[12 Dec 2019 02:27:19-kOt][cmd] /home/CSCScience.ca/apetkau/miniconda3/envs/bigsi_mccortex/bin/mccortex31 build --nkmers 86000000 --threads 1 --kmer 17 --mem 5G --sample SRR387778 --seq human/kmer-counts-jellyfish/17/SRR387778.kmer.gz human/bigsi/17/mccortex.SRR387778.ctx
[12 Dec 2019 02:27:19-kOt][cwd] /home/CSCScience.ca/apetkau/workspace/comp7934-project
[12 Dec 2019 02:27:19-kOt][version] mccortex=v0.0.3-610-g400c0e3 zlib=1.2.11 htslib=1.8-17-g699ed53 ASSERTS=ON hash=Lookup3 CHECKS=ON k=3..31
[12 Dec 2019 02:27:19-kOt] Saving graph to: human/bigsi/17/mccortex.SRR387778.ctx
[12 Dec 2019 02:27:19-kOt][sample] 0: SRR387778
[12 Dec 2019 02:27:19-kOt][task] human/kmer-counts-jellyfish/17/SRR387778.kmer.gz; FASTQ offset: auto-detect, threshold: off; cut homopolymers: off; remove PCR duplicates: no; colour: 0
[12 Dec 2019 02:27:19-kOt][memory] 104 bits per kmer
[12 Dec 2019 02:27:19-kOt] Note: Using less memory than requested (1.1GB < 5GB); allows for 88,080,384 kmers
[12 Dec 2019 02:27:19-kOt][memory] graph: 1.1GB
[12 Dec 2019 02:27:19-kOt][memory] total: 1.1GB of 62.6GB RAM
[12 Dec 2019 02:27:19-kOt] Writing 1 colour graph to human/bigsi/17/mccortex.SRR387778.ctx
[12 Dec 2019 02:27:19-kOt][hasht] Allocating table with 88,080,384 entries, using 676MB
[12 Dec 2019 02:27:19-kOt][hasht]  number of buckets: 2,097,152, bucket size: 42
[12 Dec 2019 02:27:19-kOt][graph] kmer-size: 17; colours: 1; capacity: 88,080,384
[12 Dec 2019 02:27:19-kOt][hasht] buckets: 2,097,152 [2^21]; bucket size: 42; 
[12 Dec 2019 02:27:19-kOt][hasht] memory: 676MB; filled: 0 / 88,080,384 (0.00%)
[12 Dec 2019 02:27:19-kOt][asyncio] Inputs: 1; Threads: 1
[12 Dec 2019 02:27:19-kOt][seq] Parsing sequence file human/kmer-counts-jellyfish/17/SRR387778.kmer.gz
[12 Dec 2019 02:27:26-kOt][seq] Loaded 3,389,623 reads and 0 reads pairs (file: human/kmer-counts-jellyfish/17/SRR387778.kmer.gz)
[12 Dec 2019 02:27:26-kOt][hasht] buckets: 2,097,152 [2^21]; bucket size: 42; 
[12 Dec 2019 02:27:26-kOt][hasht] memory: 676MB; filled: 3,389,623 / 88,080,384 (3.85%)
[12 Dec 2019 02:27:26-kOt][hasht]  collisions  0: 3389623
[12 Dec 2019 02:27:26-kOt][task] input: human/kmer-counts-jellyfish/17/SRR387778.kmer.gz colour: 0
[12 Dec 2019 02:27:26-kOt]  SE reads: 3,389,623  PE reads: 0
[12 Dec 2019 02:27:26-kOt]  good reads: 3,389,623  bad reads: 0
[12 Dec 2019 02:27:26-kOt]  dup SE reads: 0  dup PE pairs: 0
[12 Dec 2019 02:27:26-kOt]  bases read: 57,623,591  bases loaded: 57,623,591
[12 Dec 2019 02:27:26-kOt]  num contigs: 3,389,623  num kmers: 3,389,623 novel kmers: 3,389,623
[12 Dec 2019 02:27:26-kOt] Dumping graph...
[12 Dec 2019 02:27:26-kOt][graphwriter] Saving file to: human/bigsi/17/mccortex.SRR387778.ctx
[12 Dec 2019 02:27:26-kOt][FileFilter] Writing graph  [1 src colour]
[12 Dec 2019 02:27:27-kOt][graphwriter] Dumped 3,389,623 kmers in 1 colour into: human/bigsi/17/mccortex.SRR387778.ctx (ver: 6)
[12 Dec 2019 02:27:27-kOt][memory] We made 19 allocs
[12 Dec 2019 02:27:27-kOt] Done.
[12 Dec 2019 02:27:27-kOt][time] 8.00 seconds
	Command being timed: "mccortex 17 build --nkmers 86000000 --threads 1 --kmer 17 --mem 5G --sample SRR387778 --seq human/kmer-counts-jellyfish/17/SRR387778.kmer.gz human/bigsi/17/mccortex.SRR387778.ctx"
	User time (seconds): 9.23
	System time (seconds): 3.61
	Percent of CPU this job got: 169%
	Elapsed (wall clock) time (h:mm:ss or m:ss): 0:07.56
	Average shared text size (kbytes): 0
	Average unshared data size (kbytes): 0
	Average stack size (kbytes): 0
	Average total size (kbytes): 0
	Maximum resident set size (kbytes): 1045488
	Average resident set size (kbytes): 0
	Major (requiring I/O) page faults: 0
	Minor (reclaiming a frame) page faults: 977798
	Voluntary context switches: 346141
	Involuntary context switches: 396
	Swaps: 0
	File system inputs: 37704
	File system outputs: 86080
	Socket messages sent: 0
	Socket messages received: 0
	Signals delivered: 0
	Page size (bytes): 4096
	Exit status: 0
