[12 Dec 2019 02:26:50-sEq][cmd] /home/CSCScience.ca/apetkau/miniconda3/envs/bigsi_mccortex/bin/mccortex31 build --nkmers 86000000 --threads 1 --kmer 17 --mem 5G --sample SRR191621 --seq human/kmer-counts-jellyfish/17/SRR191621.kmer.gz human/bigsi/17/mccortex.SRR191621.ctx
[12 Dec 2019 02:26:50-sEq][cwd] /home/CSCScience.ca/apetkau/workspace/comp7934-project
[12 Dec 2019 02:26:50-sEq][version] mccortex=v0.0.3-610-g400c0e3 zlib=1.2.11 htslib=1.8-17-g699ed53 ASSERTS=ON hash=Lookup3 CHECKS=ON k=3..31
[12 Dec 2019 02:26:50-sEq] Saving graph to: human/bigsi/17/mccortex.SRR191621.ctx
[12 Dec 2019 02:26:50-sEq][sample] 0: SRR191621
[12 Dec 2019 02:26:50-sEq][task] human/kmer-counts-jellyfish/17/SRR191621.kmer.gz; FASTQ offset: auto-detect, threshold: off; cut homopolymers: off; remove PCR duplicates: no; colour: 0
[12 Dec 2019 02:26:50-sEq][memory] 104 bits per kmer
[12 Dec 2019 02:26:50-sEq] Note: Using less memory than requested (1.1GB < 5GB); allows for 88,080,384 kmers
[12 Dec 2019 02:26:50-sEq][memory] graph: 1.1GB
[12 Dec 2019 02:26:50-sEq][memory] total: 1.1GB of 62.6GB RAM
[12 Dec 2019 02:26:50-sEq] Writing 1 colour graph to human/bigsi/17/mccortex.SRR191621.ctx
[12 Dec 2019 02:26:50-sEq][hasht] Allocating table with 88,080,384 entries, using 676MB
[12 Dec 2019 02:26:50-sEq][hasht]  number of buckets: 2,097,152, bucket size: 42
[12 Dec 2019 02:26:50-sEq][graph] kmer-size: 17; colours: 1; capacity: 88,080,384
[12 Dec 2019 02:26:50-sEq][hasht] buckets: 2,097,152 [2^21]; bucket size: 42; 
[12 Dec 2019 02:26:50-sEq][hasht] memory: 676MB; filled: 0 / 88,080,384 (0.00%)
[12 Dec 2019 02:26:50-sEq][asyncio] Inputs: 1; Threads: 1
[12 Dec 2019 02:26:50-sEq][seq] Parsing sequence file human/kmer-counts-jellyfish/17/SRR191621.kmer.gz
[12 Dec 2019 02:26:51-sEq][seq] Loaded 235,317 reads and 0 reads pairs (file: human/kmer-counts-jellyfish/17/SRR191621.kmer.gz)
[12 Dec 2019 02:26:51-sEq][hasht] buckets: 2,097,152 [2^21]; bucket size: 42; 
[12 Dec 2019 02:26:51-sEq][hasht] memory: 676MB; filled: 235,317 / 88,080,384 (0.27%)
[12 Dec 2019 02:26:51-sEq][hasht]  collisions  0: 235317
[12 Dec 2019 02:26:51-sEq][task] input: human/kmer-counts-jellyfish/17/SRR191621.kmer.gz colour: 0
[12 Dec 2019 02:26:51-sEq]  SE reads: 235,317  PE reads: 0
[12 Dec 2019 02:26:51-sEq]  good reads: 235,317  bad reads: 0
[12 Dec 2019 02:26:51-sEq]  dup SE reads: 0  dup PE pairs: 0
[12 Dec 2019 02:26:51-sEq]  bases read: 4,000,389  bases loaded: 4,000,389
[12 Dec 2019 02:26:51-sEq]  num contigs: 235,317  num kmers: 235,317 novel kmers: 235,317
[12 Dec 2019 02:26:51-sEq] Dumping graph...
[12 Dec 2019 02:26:51-sEq][graphwriter] Saving file to: human/bigsi/17/mccortex.SRR191621.ctx
[12 Dec 2019 02:26:51-sEq][FileFilter] Writing graph  [1 src colour]
[12 Dec 2019 02:26:51-sEq][graphwriter] Dumped 235,317 kmers in 1 colour into: human/bigsi/17/mccortex.SRR191621.ctx (ver: 6)
[12 Dec 2019 02:26:51-sEq][memory] We made 19 allocs
[12 Dec 2019 02:26:51-sEq] Done.
[12 Dec 2019 02:26:51-sEq][time] 1.00 seconds
	Command being timed: "mccortex 17 build --nkmers 86000000 --threads 1 --kmer 17 --mem 5G --sample SRR191621 --seq human/kmer-counts-jellyfish/17/SRR191621.kmer.gz human/bigsi/17/mccortex.SRR191621.ctx"
	User time (seconds): 0.75
	System time (seconds): 1.04
	Percent of CPU this job got: 154%
	Elapsed (wall clock) time (h:mm:ss or m:ss): 0:01.16
	Average shared text size (kbytes): 0
	Average unshared data size (kbytes): 0
	Average stack size (kbytes): 0
	Average total size (kbytes): 0
	Maximum resident set size (kbytes): 848040
	Average resident set size (kbytes): 0
	Major (requiring I/O) page faults: 0
	Minor (reclaiming a frame) page faults: 314862
	Voluntary context switches: 99236
	Involuntary context switches: 14
	Swaps: 0
	File system inputs: 2440
	File system outputs: 5984
	Socket messages sent: 0
	Socket messages received: 0
	Signals delivered: 0
	Page size (bytes): 4096
	Exit status: 0
