[12 Dec 2019 02:24:14-gal][cmd] /home/CSCScience.ca/apetkau/miniconda3/envs/bigsi_mccortex/bin/mccortex31 build --nkmers 86000000 --threads 1 --kmer 17 --mem 5G --sample SRR1292581 --seq human/kmer-counts-jellyfish/17/SRR1292581.kmer.gz human/bigsi/17/mccortex.SRR1292581.ctx
[12 Dec 2019 02:24:14-gal][cwd] /home/CSCScience.ca/apetkau/workspace/comp7934-project
[12 Dec 2019 02:24:14-gal][version] mccortex=v0.0.3-610-g400c0e3 zlib=1.2.11 htslib=1.8-17-g699ed53 ASSERTS=ON hash=Lookup3 CHECKS=ON k=3..31
[12 Dec 2019 02:24:14-gal] Saving graph to: human/bigsi/17/mccortex.SRR1292581.ctx
[12 Dec 2019 02:24:14-gal][sample] 0: SRR1292581
[12 Dec 2019 02:24:14-gal][task] human/kmer-counts-jellyfish/17/SRR1292581.kmer.gz; FASTQ offset: auto-detect, threshold: off; cut homopolymers: off; remove PCR duplicates: no; colour: 0
[12 Dec 2019 02:24:14-gal][memory] 104 bits per kmer
[12 Dec 2019 02:24:14-gal] Note: Using less memory than requested (1.1GB < 5GB); allows for 88,080,384 kmers
[12 Dec 2019 02:24:14-gal][memory] graph: 1.1GB
[12 Dec 2019 02:24:14-gal][memory] total: 1.1GB of 62.6GB RAM
[12 Dec 2019 02:24:14-gal] Writing 1 colour graph to human/bigsi/17/mccortex.SRR1292581.ctx
[12 Dec 2019 02:24:14-gal][hasht] Allocating table with 88,080,384 entries, using 676MB
[12 Dec 2019 02:24:14-gal][hasht]  number of buckets: 2,097,152, bucket size: 42
[12 Dec 2019 02:24:14-gal][graph] kmer-size: 17; colours: 1; capacity: 88,080,384
[12 Dec 2019 02:24:14-gal][hasht] buckets: 2,097,152 [2^21]; bucket size: 42; 
[12 Dec 2019 02:24:14-gal][hasht] memory: 676MB; filled: 0 / 88,080,384 (0.00%)
[12 Dec 2019 02:24:14-gal][asyncio] Inputs: 1; Threads: 1
[12 Dec 2019 02:24:14-gal][seq] Parsing sequence file human/kmer-counts-jellyfish/17/SRR1292581.kmer.gz
[12 Dec 2019 02:24:23-gal][BuildGraph] Read 5,000,000 entries (reads / read pairs)
[12 Dec 2019 02:24:25-gal][seq] Loaded 5,921,078 reads and 0 reads pairs (file: human/kmer-counts-jellyfish/17/SRR1292581.kmer.gz)
[12 Dec 2019 02:24:25-gal][hasht] buckets: 2,097,152 [2^21]; bucket size: 42; 
[12 Dec 2019 02:24:25-gal][hasht] memory: 676MB; filled: 5,921,078 / 88,080,384 (6.72%)
[12 Dec 2019 02:24:25-gal][hasht]  collisions  0: 5921078
[12 Dec 2019 02:24:25-gal][task] input: human/kmer-counts-jellyfish/17/SRR1292581.kmer.gz colour: 0
[12 Dec 2019 02:24:25-gal]  SE reads: 5,921,078  PE reads: 0
[12 Dec 2019 02:24:25-gal]  good reads: 5,921,078  bad reads: 0
[12 Dec 2019 02:24:25-gal]  dup SE reads: 0  dup PE pairs: 0
[12 Dec 2019 02:24:25-gal]  bases read: 100,658,326  bases loaded: 100,658,326
[12 Dec 2019 02:24:25-gal]  num contigs: 5,921,078  num kmers: 5,921,078 novel kmers: 5,921,078
[12 Dec 2019 02:24:25-gal] Dumping graph...
[12 Dec 2019 02:24:25-gal][graphwriter] Saving file to: human/bigsi/17/mccortex.SRR1292581.ctx
[12 Dec 2019 02:24:25-gal][FileFilter] Writing graph  [1 src colour]
[12 Dec 2019 02:24:26-gal][graphwriter] Dumped 5,921,078 kmers in 1 colour into: human/bigsi/17/mccortex.SRR1292581.ctx (ver: 6)
[12 Dec 2019 02:24:26-gal][memory] We made 19 allocs
[12 Dec 2019 02:24:26-gal] Done.
[12 Dec 2019 02:24:26-gal][time] 12.00 seconds
	Command being timed: "mccortex 17 build --nkmers 86000000 --threads 1 --kmer 17 --mem 5G --sample SRR1292581 --seq human/kmer-counts-jellyfish/17/SRR1292581.kmer.gz human/bigsi/17/mccortex.SRR1292581.ctx"
	User time (seconds): 12.63
	System time (seconds): 5.85
	Percent of CPU this job got: 158%
	Elapsed (wall clock) time (h:mm:ss or m:ss): 0:11.66
	Average shared text size (kbytes): 0
	Average unshared data size (kbytes): 0
	Average stack size (kbytes): 0
	Average total size (kbytes): 0
	Maximum resident set size (kbytes): 1045552
	Average resident set size (kbytes): 0
	Major (requiring I/O) page faults: 0
	Minor (reclaiming a frame) page faults: 1391775
	Voluntary context switches: 734759
	Involuntary context switches: 47494
	Swaps: 0
	File system inputs: 65880
	File system outputs: 150352
	Socket messages sent: 0
	Socket messages received: 0
	Signals delivered: 0
	Page size (bytes): 4096
	Exit status: 0
