[12 Dec 2019 02:26:44-LIL][cmd] /home/CSCScience.ca/apetkau/miniconda3/envs/bigsi_mccortex/bin/mccortex31 build --nkmers 86000000 --threads 1 --kmer 17 --mem 5G --sample SRR191494 --seq human/kmer-counts-jellyfish/17/SRR191494.kmer.gz human/bigsi/17/mccortex.SRR191494.ctx
[12 Dec 2019 02:26:44-LIL][cwd] /home/CSCScience.ca/apetkau/workspace/comp7934-project
[12 Dec 2019 02:26:44-LIL][version] mccortex=v0.0.3-610-g400c0e3 zlib=1.2.11 htslib=1.8-17-g699ed53 ASSERTS=ON hash=Lookup3 CHECKS=ON k=3..31
[12 Dec 2019 02:26:44-LIL] Saving graph to: human/bigsi/17/mccortex.SRR191494.ctx
[12 Dec 2019 02:26:44-LIL][sample] 0: SRR191494
[12 Dec 2019 02:26:44-LIL][task] human/kmer-counts-jellyfish/17/SRR191494.kmer.gz; FASTQ offset: auto-detect, threshold: off; cut homopolymers: off; remove PCR duplicates: no; colour: 0
[12 Dec 2019 02:26:44-LIL][memory] 104 bits per kmer
[12 Dec 2019 02:26:44-LIL] Note: Using less memory than requested (1.1GB < 5GB); allows for 88,080,384 kmers
[12 Dec 2019 02:26:44-LIL][memory] graph: 1.1GB
[12 Dec 2019 02:26:44-LIL][memory] total: 1.1GB of 62.6GB RAM
[12 Dec 2019 02:26:44-LIL] Writing 1 colour graph to human/bigsi/17/mccortex.SRR191494.ctx
[12 Dec 2019 02:26:44-LIL][hasht] Allocating table with 88,080,384 entries, using 676MB
[12 Dec 2019 02:26:44-LIL][hasht]  number of buckets: 2,097,152, bucket size: 42
[12 Dec 2019 02:26:44-LIL][graph] kmer-size: 17; colours: 1; capacity: 88,080,384
[12 Dec 2019 02:26:44-LIL][hasht] buckets: 2,097,152 [2^21]; bucket size: 42; 
[12 Dec 2019 02:26:44-LIL][hasht] memory: 676MB; filled: 0 / 88,080,384 (0.00%)
[12 Dec 2019 02:26:44-LIL][asyncio] Inputs: 1; Threads: 1
[12 Dec 2019 02:26:44-LIL][seq] Parsing sequence file human/kmer-counts-jellyfish/17/SRR191494.kmer.gz
[12 Dec 2019 02:26:45-LIL][seq] Loaded 108,653 reads and 0 reads pairs (file: human/kmer-counts-jellyfish/17/SRR191494.kmer.gz)
[12 Dec 2019 02:26:45-LIL][hasht] buckets: 2,097,152 [2^21]; bucket size: 42; 
[12 Dec 2019 02:26:45-LIL][hasht] memory: 676MB; filled: 108,653 / 88,080,384 (0.12%)
[12 Dec 2019 02:26:45-LIL][hasht]  collisions  0: 108653
[12 Dec 2019 02:26:45-LIL][task] input: human/kmer-counts-jellyfish/17/SRR191494.kmer.gz colour: 0
[12 Dec 2019 02:26:45-LIL]  SE reads: 108,653  PE reads: 0
[12 Dec 2019 02:26:45-LIL]  good reads: 108,653  bad reads: 0
[12 Dec 2019 02:26:45-LIL]  dup SE reads: 0  dup PE pairs: 0
[12 Dec 2019 02:26:45-LIL]  bases read: 1,847,101  bases loaded: 1,847,101
[12 Dec 2019 02:26:45-LIL]  num contigs: 108,653  num kmers: 108,653 novel kmers: 108,653
[12 Dec 2019 02:26:45-LIL] Dumping graph...
[12 Dec 2019 02:26:45-LIL][graphwriter] Saving file to: human/bigsi/17/mccortex.SRR191494.ctx
[12 Dec 2019 02:26:45-LIL][FileFilter] Writing graph  [1 src colour]
[12 Dec 2019 02:26:45-LIL][graphwriter] Dumped 108,653 kmers in 1 colour into: human/bigsi/17/mccortex.SRR191494.ctx (ver: 6)
[12 Dec 2019 02:26:45-LIL][memory] We made 19 allocs
[12 Dec 2019 02:26:45-LIL] Done.
[12 Dec 2019 02:26:45-LIL][time] 1.00 seconds
	Command being timed: "mccortex 17 build --nkmers 86000000 --threads 1 --kmer 17 --mem 5G --sample SRR191494 --seq human/kmer-counts-jellyfish/17/SRR191494.kmer.gz human/bigsi/17/mccortex.SRR191494.ctx"
	User time (seconds): 0.40
	System time (seconds): 0.69
	Percent of CPU this job got: 151%
	Elapsed (wall clock) time (h:mm:ss or m:ss): 0:00.72
	Average shared text size (kbytes): 0
	Average unshared data size (kbytes): 0
	Average stack size (kbytes): 0
	Average total size (kbytes): 0
	Maximum resident set size (kbytes): 580344
	Average resident set size (kbytes): 0
	Major (requiring I/O) page faults: 0
	Minor (reclaiming a frame) page faults: 228824
	Voluntary context switches: 64403
	Involuntary context switches: 8
	Swaps: 0
	File system inputs: 1112
	File system outputs: 2768
	Socket messages sent: 0
	Socket messages received: 0
	Signals delivered: 0
	Page size (bytes): 4096
	Exit status: 0
