[12 Dec 2019 02:26:33-Hif][cmd] /home/CSCScience.ca/apetkau/miniconda3/envs/bigsi_mccortex/bin/mccortex31 build --nkmers 86000000 --threads 1 --kmer 17 --mem 5G --sample SRR191429 --seq human/kmer-counts-jellyfish/17/SRR191429.kmer.gz human/bigsi/17/mccortex.SRR191429.ctx
[12 Dec 2019 02:26:33-Hif][cwd] /home/CSCScience.ca/apetkau/workspace/comp7934-project
[12 Dec 2019 02:26:33-Hif][version] mccortex=v0.0.3-610-g400c0e3 zlib=1.2.11 htslib=1.8-17-g699ed53 ASSERTS=ON hash=Lookup3 CHECKS=ON k=3..31
[12 Dec 2019 02:26:33-Hif] Saving graph to: human/bigsi/17/mccortex.SRR191429.ctx
[12 Dec 2019 02:26:33-Hif][sample] 0: SRR191429
[12 Dec 2019 02:26:33-Hif][task] human/kmer-counts-jellyfish/17/SRR191429.kmer.gz; FASTQ offset: auto-detect, threshold: off; cut homopolymers: off; remove PCR duplicates: no; colour: 0
[12 Dec 2019 02:26:33-Hif][memory] 104 bits per kmer
[12 Dec 2019 02:26:33-Hif] Note: Using less memory than requested (1.1GB < 5GB); allows for 88,080,384 kmers
[12 Dec 2019 02:26:33-Hif][memory] graph: 1.1GB
[12 Dec 2019 02:26:33-Hif][memory] total: 1.1GB of 62.6GB RAM
[12 Dec 2019 02:26:33-Hif] Writing 1 colour graph to human/bigsi/17/mccortex.SRR191429.ctx
[12 Dec 2019 02:26:33-Hif][hasht] Allocating table with 88,080,384 entries, using 676MB
[12 Dec 2019 02:26:33-Hif][hasht]  number of buckets: 2,097,152, bucket size: 42
[12 Dec 2019 02:26:33-Hif][graph] kmer-size: 17; colours: 1; capacity: 88,080,384
[12 Dec 2019 02:26:33-Hif][hasht] buckets: 2,097,152 [2^21]; bucket size: 42; 
[12 Dec 2019 02:26:33-Hif][hasht] memory: 676MB; filled: 0 / 88,080,384 (0.00%)
[12 Dec 2019 02:26:33-Hif][asyncio] Inputs: 1; Threads: 1
[12 Dec 2019 02:26:33-Hif][seq] Parsing sequence file human/kmer-counts-jellyfish/17/SRR191429.kmer.gz
[12 Dec 2019 02:26:34-Hif][seq] Loaded 206,441 reads and 0 reads pairs (file: human/kmer-counts-jellyfish/17/SRR191429.kmer.gz)
[12 Dec 2019 02:26:34-Hif][hasht] buckets: 2,097,152 [2^21]; bucket size: 42; 
[12 Dec 2019 02:26:34-Hif][hasht] memory: 676MB; filled: 206,441 / 88,080,384 (0.23%)
[12 Dec 2019 02:26:34-Hif][hasht]  collisions  0: 206441
[12 Dec 2019 02:26:34-Hif][task] input: human/kmer-counts-jellyfish/17/SRR191429.kmer.gz colour: 0
[12 Dec 2019 02:26:34-Hif]  SE reads: 206,441  PE reads: 0
[12 Dec 2019 02:26:34-Hif]  good reads: 206,441  bad reads: 0
[12 Dec 2019 02:26:34-Hif]  dup SE reads: 0  dup PE pairs: 0
[12 Dec 2019 02:26:34-Hif]  bases read: 3,509,497  bases loaded: 3,509,497
[12 Dec 2019 02:26:34-Hif]  num contigs: 206,441  num kmers: 206,441 novel kmers: 206,441
[12 Dec 2019 02:26:34-Hif] Dumping graph...
[12 Dec 2019 02:26:34-Hif][graphwriter] Saving file to: human/bigsi/17/mccortex.SRR191429.ctx
[12 Dec 2019 02:26:34-Hif][FileFilter] Writing graph  [1 src colour]
[12 Dec 2019 02:26:34-Hif][graphwriter] Dumped 206,441 kmers in 1 colour into: human/bigsi/17/mccortex.SRR191429.ctx (ver: 6)
[12 Dec 2019 02:26:34-Hif][memory] We made 19 allocs
[12 Dec 2019 02:26:34-Hif] Done.
[12 Dec 2019 02:26:34-Hif][time] 1.00 seconds
	Command being timed: "mccortex 17 build --nkmers 86000000 --threads 1 --kmer 17 --mem 5G --sample SRR191429 --seq human/kmer-counts-jellyfish/17/SRR191429.kmer.gz human/bigsi/17/mccortex.SRR191429.ctx"
	User time (seconds): 0.63
	System time (seconds): 0.95
	Percent of CPU this job got: 155%
	Elapsed (wall clock) time (h:mm:ss or m:ss): 0:01.02
	Average shared text size (kbytes): 0
	Average unshared data size (kbytes): 0
	Average stack size (kbytes): 0
	Average total size (kbytes): 0
	Maximum resident set size (kbytes): 805964
	Average resident set size (kbytes): 0
	Major (requiring I/O) page faults: 0
	Minor (reclaiming a frame) page faults: 302051
	Voluntary context switches: 92640
	Involuntary context switches: 2
	Swaps: 0
	File system inputs: 2128
	File system outputs: 5256
	Socket messages sent: 0
	Socket messages received: 0
	Signals delivered: 0
	Page size (bytes): 4096
	Exit status: 0
