[12 Dec 2019 02:25:44-reB][cmd] /home/CSCScience.ca/apetkau/miniconda3/envs/bigsi_mccortex/bin/mccortex31 build --nkmers 86000000 --threads 1 --kmer 17 --mem 5G --sample SRR1313120 --seq human/kmer-counts-jellyfish/17/SRR1313120.kmer.gz human/bigsi/17/mccortex.SRR1313120.ctx
[12 Dec 2019 02:25:44-reB][cwd] /home/CSCScience.ca/apetkau/workspace/comp7934-project
[12 Dec 2019 02:25:44-reB][version] mccortex=v0.0.3-610-g400c0e3 zlib=1.2.11 htslib=1.8-17-g699ed53 ASSERTS=ON hash=Lookup3 CHECKS=ON k=3..31
[12 Dec 2019 02:25:44-reB] Saving graph to: human/bigsi/17/mccortex.SRR1313120.ctx
[12 Dec 2019 02:25:44-reB][sample] 0: SRR1313120
[12 Dec 2019 02:25:44-reB][task] human/kmer-counts-jellyfish/17/SRR1313120.kmer.gz; FASTQ offset: auto-detect, threshold: off; cut homopolymers: off; remove PCR duplicates: no; colour: 0
[12 Dec 2019 02:25:44-reB][memory] 104 bits per kmer
[12 Dec 2019 02:25:44-reB] Note: Using less memory than requested (1.1GB < 5GB); allows for 88,080,384 kmers
[12 Dec 2019 02:25:44-reB][memory] graph: 1.1GB
[12 Dec 2019 02:25:44-reB][memory] total: 1.1GB of 62.6GB RAM
[12 Dec 2019 02:25:44-reB] Writing 1 colour graph to human/bigsi/17/mccortex.SRR1313120.ctx
[12 Dec 2019 02:25:44-reB][hasht] Allocating table with 88,080,384 entries, using 676MB
[12 Dec 2019 02:25:44-reB][hasht]  number of buckets: 2,097,152, bucket size: 42
[12 Dec 2019 02:25:44-reB][graph] kmer-size: 17; colours: 1; capacity: 88,080,384
[12 Dec 2019 02:25:44-reB][hasht] buckets: 2,097,152 [2^21]; bucket size: 42; 
[12 Dec 2019 02:25:44-reB][hasht] memory: 676MB; filled: 0 / 88,080,384 (0.00%)
[12 Dec 2019 02:25:44-reB][asyncio] Inputs: 1; Threads: 1
[12 Dec 2019 02:25:44-reB][seq] Parsing sequence file human/kmer-counts-jellyfish/17/SRR1313120.kmer.gz
[12 Dec 2019 02:25:51-reB][BuildGraph] Read 5,000,000 entries (reads / read pairs)
[12 Dec 2019 02:25:51-reB][seq] Loaded 5,023,597 reads and 0 reads pairs (file: human/kmer-counts-jellyfish/17/SRR1313120.kmer.gz)
[12 Dec 2019 02:25:51-reB][hasht] buckets: 2,097,152 [2^21]; bucket size: 42; 
[12 Dec 2019 02:25:51-reB][hasht] memory: 676MB; filled: 5,023,597 / 88,080,384 (5.70%)
[12 Dec 2019 02:25:51-reB][hasht]  collisions  0: 5023597
[12 Dec 2019 02:25:51-reB][task] input: human/kmer-counts-jellyfish/17/SRR1313120.kmer.gz colour: 0
[12 Dec 2019 02:25:51-reB]  SE reads: 5,023,597  PE reads: 0
[12 Dec 2019 02:25:51-reB]  good reads: 5,023,597  bad reads: 0
[12 Dec 2019 02:25:51-reB]  dup SE reads: 0  dup PE pairs: 0
[12 Dec 2019 02:25:51-reB]  bases read: 85,401,149  bases loaded: 85,401,149
[12 Dec 2019 02:25:51-reB]  num contigs: 5,023,597  num kmers: 5,023,597 novel kmers: 5,023,597
[12 Dec 2019 02:25:51-reB] Dumping graph...
[12 Dec 2019 02:25:51-reB][graphwriter] Saving file to: human/bigsi/17/mccortex.SRR1313120.ctx
[12 Dec 2019 02:25:51-reB][FileFilter] Writing graph  [1 src colour]
[12 Dec 2019 02:25:52-reB][graphwriter] Dumped 5,023,597 kmers in 1 colour into: human/bigsi/17/mccortex.SRR1313120.ctx (ver: 6)
[12 Dec 2019 02:25:52-reB][memory] We made 19 allocs
[12 Dec 2019 02:25:52-reB] Done.
[12 Dec 2019 02:25:52-reB][time] 8.00 seconds
	Command being timed: "mccortex 17 build --nkmers 86000000 --threads 1 --kmer 17 --mem 5G --sample SRR1313120 --seq human/kmer-counts-jellyfish/17/SRR1313120.kmer.gz human/bigsi/17/mccortex.SRR1313120.ctx"
	User time (seconds): 9.10
	System time (seconds): 3.87
	Percent of CPU this job got: 170%
	Elapsed (wall clock) time (h:mm:ss or m:ss): 0:07.62
	Average shared text size (kbytes): 0
	Average unshared data size (kbytes): 0
	Average stack size (kbytes): 0
	Average total size (kbytes): 0
	Maximum resident set size (kbytes): 1045484
	Average resident set size (kbytes): 0
	Major (requiring I/O) page faults: 0
	Minor (reclaiming a frame) page faults: 1141461
	Voluntary context switches: 572502
	Involuntary context switches: 2479
	Swaps: 0
	File system inputs: 55704
	File system outputs: 127568
	Socket messages sent: 0
	Socket messages received: 0
	Signals delivered: 0
	Page size (bytes): 4096
	Exit status: 0
