[12 Dec 2019 02:26:49-Naf][cmd] /home/CSCScience.ca/apetkau/miniconda3/envs/bigsi_mccortex/bin/mccortex31 build --nkmers 86000000 --threads 1 --kmer 17 --mem 5G --sample SRR191563 --seq human/kmer-counts-jellyfish/17/SRR191563.kmer.gz human/bigsi/17/mccortex.SRR191563.ctx
[12 Dec 2019 02:26:49-Naf][cwd] /home/CSCScience.ca/apetkau/workspace/comp7934-project
[12 Dec 2019 02:26:49-Naf][version] mccortex=v0.0.3-610-g400c0e3 zlib=1.2.11 htslib=1.8-17-g699ed53 ASSERTS=ON hash=Lookup3 CHECKS=ON k=3..31
[12 Dec 2019 02:26:49-Naf] Saving graph to: human/bigsi/17/mccortex.SRR191563.ctx
[12 Dec 2019 02:26:49-Naf][sample] 0: SRR191563
[12 Dec 2019 02:26:49-Naf][task] human/kmer-counts-jellyfish/17/SRR191563.kmer.gz; FASTQ offset: auto-detect, threshold: off; cut homopolymers: off; remove PCR duplicates: no; colour: 0
[12 Dec 2019 02:26:49-Naf][memory] 104 bits per kmer
[12 Dec 2019 02:26:49-Naf] Note: Using less memory than requested (1.1GB < 5GB); allows for 88,080,384 kmers
[12 Dec 2019 02:26:49-Naf][memory] graph: 1.1GB
[12 Dec 2019 02:26:49-Naf][memory] total: 1.1GB of 62.6GB RAM
[12 Dec 2019 02:26:49-Naf] Writing 1 colour graph to human/bigsi/17/mccortex.SRR191563.ctx
[12 Dec 2019 02:26:49-Naf][hasht] Allocating table with 88,080,384 entries, using 676MB
[12 Dec 2019 02:26:49-Naf][hasht]  number of buckets: 2,097,152, bucket size: 42
[12 Dec 2019 02:26:49-Naf][graph] kmer-size: 17; colours: 1; capacity: 88,080,384
[12 Dec 2019 02:26:49-Naf][hasht] buckets: 2,097,152 [2^21]; bucket size: 42; 
[12 Dec 2019 02:26:49-Naf][hasht] memory: 676MB; filled: 0 / 88,080,384 (0.00%)
[12 Dec 2019 02:26:49-Naf][asyncio] Inputs: 1; Threads: 1
[12 Dec 2019 02:26:49-Naf][seq] Parsing sequence file human/kmer-counts-jellyfish/17/SRR191563.kmer.gz
[12 Dec 2019 02:26:50-Naf][seq] Loaded 210,101 reads and 0 reads pairs (file: human/kmer-counts-jellyfish/17/SRR191563.kmer.gz)
[12 Dec 2019 02:26:50-Naf][hasht] buckets: 2,097,152 [2^21]; bucket size: 42; 
[12 Dec 2019 02:26:50-Naf][hasht] memory: 676MB; filled: 210,101 / 88,080,384 (0.24%)
[12 Dec 2019 02:26:50-Naf][hasht]  collisions  0: 210101
[12 Dec 2019 02:26:50-Naf][task] input: human/kmer-counts-jellyfish/17/SRR191563.kmer.gz colour: 0
[12 Dec 2019 02:26:50-Naf]  SE reads: 210,101  PE reads: 0
[12 Dec 2019 02:26:50-Naf]  good reads: 210,101  bad reads: 0
[12 Dec 2019 02:26:50-Naf]  dup SE reads: 0  dup PE pairs: 0
[12 Dec 2019 02:26:50-Naf]  bases read: 3,571,717  bases loaded: 3,571,717
[12 Dec 2019 02:26:50-Naf]  num contigs: 210,101  num kmers: 210,101 novel kmers: 210,101
[12 Dec 2019 02:26:50-Naf] Dumping graph...
[12 Dec 2019 02:26:50-Naf][graphwriter] Saving file to: human/bigsi/17/mccortex.SRR191563.ctx
[12 Dec 2019 02:26:50-Naf][FileFilter] Writing graph  [1 src colour]
[12 Dec 2019 02:26:50-Naf][graphwriter] Dumped 210,101 kmers in 1 colour into: human/bigsi/17/mccortex.SRR191563.ctx (ver: 6)
[12 Dec 2019 02:26:50-Naf][memory] We made 19 allocs
[12 Dec 2019 02:26:50-Naf] Done.
[12 Dec 2019 02:26:50-Naf][time] 1.00 seconds
	Command being timed: "mccortex 17 build --nkmers 86000000 --threads 1 --kmer 17 --mem 5G --sample SRR191563 --seq human/kmer-counts-jellyfish/17/SRR191563.kmer.gz human/bigsi/17/mccortex.SRR191563.ctx"
	User time (seconds): 0.83
	System time (seconds): 1.18
	Percent of CPU this job got: 145%
	Elapsed (wall clock) time (h:mm:ss or m:ss): 0:01.38
	Average shared text size (kbytes): 0
	Average unshared data size (kbytes): 0
	Average stack size (kbytes): 0
	Average total size (kbytes): 0
	Maximum resident set size (kbytes): 812380
	Average resident set size (kbytes): 0
	Major (requiring I/O) page faults: 0
	Minor (reclaiming a frame) page faults: 360533
	Voluntary context switches: 96200
	Involuntary context switches: 6
	Swaps: 0
	File system inputs: 2184
	File system outputs: 5344
	Socket messages sent: 0
	Socket messages received: 0
	Signals delivered: 0
	Page size (bytes): 4096
	Exit status: 0
