[12 Dec 2019 02:24:14-XOl][cmd] /home/CSCScience.ca/apetkau/miniconda3/envs/bigsi_mccortex/bin/mccortex31 build --nkmers 86000000 --threads 1 --kmer 17 --mem 5G --sample SRR039632 --seq human/kmer-counts-jellyfish/17/SRR039632.kmer.gz human/bigsi/17/mccortex.SRR039632.ctx
[12 Dec 2019 02:24:14-XOl][cwd] /home/CSCScience.ca/apetkau/workspace/comp7934-project
[12 Dec 2019 02:24:14-XOl][version] mccortex=v0.0.3-610-g400c0e3 zlib=1.2.11 htslib=1.8-17-g699ed53 ASSERTS=ON hash=Lookup3 CHECKS=ON k=3..31
[12 Dec 2019 02:24:14-XOl] Saving graph to: human/bigsi/17/mccortex.SRR039632.ctx
[12 Dec 2019 02:24:14-XOl][sample] 0: SRR039632
[12 Dec 2019 02:24:14-XOl][task] human/kmer-counts-jellyfish/17/SRR039632.kmer.gz; FASTQ offset: auto-detect, threshold: off; cut homopolymers: off; remove PCR duplicates: no; colour: 0
[12 Dec 2019 02:24:14-XOl][memory] 104 bits per kmer
[12 Dec 2019 02:24:14-XOl] Note: Using less memory than requested (1.1GB < 5GB); allows for 88,080,384 kmers
[12 Dec 2019 02:24:14-XOl][memory] graph: 1.1GB
[12 Dec 2019 02:24:14-XOl][memory] total: 1.1GB of 62.6GB RAM
[12 Dec 2019 02:24:14-XOl] Writing 1 colour graph to human/bigsi/17/mccortex.SRR039632.ctx
[12 Dec 2019 02:24:14-XOl][hasht] Allocating table with 88,080,384 entries, using 676MB
[12 Dec 2019 02:24:14-XOl][hasht]  number of buckets: 2,097,152, bucket size: 42
[12 Dec 2019 02:24:14-XOl][graph] kmer-size: 17; colours: 1; capacity: 88,080,384
[12 Dec 2019 02:24:14-XOl][hasht] buckets: 2,097,152 [2^21]; bucket size: 42; 
[12 Dec 2019 02:24:14-XOl][hasht] memory: 676MB; filled: 0 / 88,080,384 (0.00%)
[12 Dec 2019 02:24:14-XOl][asyncio] Inputs: 1; Threads: 1
[12 Dec 2019 02:24:14-XOl][seq] Parsing sequence file human/kmer-counts-jellyfish/17/SRR039632.kmer.gz
[12 Dec 2019 02:24:23-XOl][seq] Loaded 4,724,707 reads and 0 reads pairs (file: human/kmer-counts-jellyfish/17/SRR039632.kmer.gz)
[12 Dec 2019 02:24:23-XOl][hasht] buckets: 2,097,152 [2^21]; bucket size: 42; 
[12 Dec 2019 02:24:23-XOl][hasht] memory: 676MB; filled: 4,724,707 / 88,080,384 (5.36%)
[12 Dec 2019 02:24:23-XOl][hasht]  collisions  0: 4724707
[12 Dec 2019 02:24:23-XOl][task] input: human/kmer-counts-jellyfish/17/SRR039632.kmer.gz colour: 0
[12 Dec 2019 02:24:23-XOl]  SE reads: 4,724,707  PE reads: 0
[12 Dec 2019 02:24:23-XOl]  good reads: 4,724,707  bad reads: 0
[12 Dec 2019 02:24:23-XOl]  dup SE reads: 0  dup PE pairs: 0
[12 Dec 2019 02:24:23-XOl]  bases read: 80,320,019  bases loaded: 80,320,019
[12 Dec 2019 02:24:23-XOl]  num contigs: 4,724,707  num kmers: 4,724,707 novel kmers: 4,724,707
[12 Dec 2019 02:24:23-XOl] Dumping graph...
[12 Dec 2019 02:24:23-XOl][graphwriter] Saving file to: human/bigsi/17/mccortex.SRR039632.ctx
[12 Dec 2019 02:24:23-XOl][FileFilter] Writing graph  [1 src colour]
[12 Dec 2019 02:24:24-XOl][graphwriter] Dumped 4,724,707 kmers in 1 colour into: human/bigsi/17/mccortex.SRR039632.ctx (ver: 6)
[12 Dec 2019 02:24:24-XOl][memory] We made 19 allocs
[12 Dec 2019 02:24:24-XOl] Done.
[12 Dec 2019 02:24:24-XOl][time] 10.00 seconds
	Command being timed: "mccortex 17 build --nkmers 86000000 --threads 1 --kmer 17 --mem 5G --sample SRR039632 --seq human/kmer-counts-jellyfish/17/SRR039632.kmer.gz human/bigsi/17/mccortex.SRR039632.ctx"
	User time (seconds): 10.98
	System time (seconds): 5.27
	Percent of CPU this job got: 164%
	Elapsed (wall clock) time (h:mm:ss or m:ss): 0:09.88
	Average shared text size (kbytes): 0
	Average unshared data size (kbytes): 0
	Average stack size (kbytes): 0
	Average total size (kbytes): 0
	Maximum resident set size (kbytes): 1045680
	Average resident set size (kbytes): 0
	Major (requiring I/O) page faults: 0
	Minor (reclaiming a frame) page faults: 1371146
	Voluntary context switches: 656675
	Involuntary context switches: 48640
	Swaps: 0
	File system inputs: 52408
	File system outputs: 119976
	Socket messages sent: 0
	Socket messages received: 0
	Signals delivered: 0
	Page size (bytes): 4096
	Exit status: 0
