[12 Dec 2019 02:25:52-cal][cmd] /home/CSCScience.ca/apetkau/miniconda3/envs/bigsi_mccortex/bin/mccortex31 build --nkmers 86000000 --threads 1 --kmer 17 --mem 5G --sample SRR1313198 --seq human/kmer-counts-jellyfish/17/SRR1313198.kmer.gz human/bigsi/17/mccortex.SRR1313198.ctx
[12 Dec 2019 02:25:52-cal][cwd] /home/CSCScience.ca/apetkau/workspace/comp7934-project
[12 Dec 2019 02:25:52-cal][version] mccortex=v0.0.3-610-g400c0e3 zlib=1.2.11 htslib=1.8-17-g699ed53 ASSERTS=ON hash=Lookup3 CHECKS=ON k=3..31
[12 Dec 2019 02:25:52-cal] Saving graph to: human/bigsi/17/mccortex.SRR1313198.ctx
[12 Dec 2019 02:25:52-cal][sample] 0: SRR1313198
[12 Dec 2019 02:25:52-cal][task] human/kmer-counts-jellyfish/17/SRR1313198.kmer.gz; FASTQ offset: auto-detect, threshold: off; cut homopolymers: off; remove PCR duplicates: no; colour: 0
[12 Dec 2019 02:25:52-cal][memory] 104 bits per kmer
[12 Dec 2019 02:25:52-cal] Note: Using less memory than requested (1.1GB < 5GB); allows for 88,080,384 kmers
[12 Dec 2019 02:25:52-cal][memory] graph: 1.1GB
[12 Dec 2019 02:25:52-cal][memory] total: 1.1GB of 62.6GB RAM
[12 Dec 2019 02:25:52-cal] Writing 1 colour graph to human/bigsi/17/mccortex.SRR1313198.ctx
[12 Dec 2019 02:25:52-cal][hasht] Allocating table with 88,080,384 entries, using 676MB
[12 Dec 2019 02:25:52-cal][hasht]  number of buckets: 2,097,152, bucket size: 42
[12 Dec 2019 02:25:52-cal][graph] kmer-size: 17; colours: 1; capacity: 88,080,384
[12 Dec 2019 02:25:52-cal][hasht] buckets: 2,097,152 [2^21]; bucket size: 42; 
[12 Dec 2019 02:25:52-cal][hasht] memory: 676MB; filled: 0 / 88,080,384 (0.00%)
[12 Dec 2019 02:25:52-cal][asyncio] Inputs: 1; Threads: 1
[12 Dec 2019 02:25:52-cal][seq] Parsing sequence file human/kmer-counts-jellyfish/17/SRR1313198.kmer.gz
[12 Dec 2019 02:25:59-cal][BuildGraph] Read 5,000,000 entries (reads / read pairs)
[12 Dec 2019 02:25:59-cal][seq] Loaded 5,129,022 reads and 0 reads pairs (file: human/kmer-counts-jellyfish/17/SRR1313198.kmer.gz)
[12 Dec 2019 02:25:59-cal][hasht] buckets: 2,097,152 [2^21]; bucket size: 42; 
[12 Dec 2019 02:25:59-cal][hasht] memory: 676MB; filled: 5,129,022 / 88,080,384 (5.82%)
[12 Dec 2019 02:25:59-cal][hasht]  collisions  0: 5129022
[12 Dec 2019 02:25:59-cal][task] input: human/kmer-counts-jellyfish/17/SRR1313198.kmer.gz colour: 0
[12 Dec 2019 02:25:59-cal]  SE reads: 5,129,022  PE reads: 0
[12 Dec 2019 02:25:59-cal]  good reads: 5,129,022  bad reads: 0
[12 Dec 2019 02:25:59-cal]  dup SE reads: 0  dup PE pairs: 0
[12 Dec 2019 02:25:59-cal]  bases read: 87,193,374  bases loaded: 87,193,374
[12 Dec 2019 02:25:59-cal]  num contigs: 5,129,022  num kmers: 5,129,022 novel kmers: 5,129,022
[12 Dec 2019 02:25:59-cal] Dumping graph...
[12 Dec 2019 02:25:59-cal][graphwriter] Saving file to: human/bigsi/17/mccortex.SRR1313198.ctx
[12 Dec 2019 02:25:59-cal][FileFilter] Writing graph  [1 src colour]
[12 Dec 2019 02:26:00-cal][graphwriter] Dumped 5,129,022 kmers in 1 colour into: human/bigsi/17/mccortex.SRR1313198.ctx (ver: 6)
[12 Dec 2019 02:26:00-cal][memory] We made 19 allocs
[12 Dec 2019 02:26:00-cal] Done.
[12 Dec 2019 02:26:00-cal][time] 8.00 seconds
	Command being timed: "mccortex 17 build --nkmers 86000000 --threads 1 --kmer 17 --mem 5G --sample SRR1313198 --seq human/kmer-counts-jellyfish/17/SRR1313198.kmer.gz human/bigsi/17/mccortex.SRR1313198.ctx"
	User time (seconds): 9.14
	System time (seconds): 3.95
	Percent of CPU this job got: 170%
	Elapsed (wall clock) time (h:mm:ss or m:ss): 0:07.67
	Average shared text size (kbytes): 0
	Average unshared data size (kbytes): 0
	Average stack size (kbytes): 0
	Average total size (kbytes): 0
	Maximum resident set size (kbytes): 1045616
	Average resident set size (kbytes): 0
	Major (requiring I/O) page faults: 0
	Minor (reclaiming a frame) page faults: 1204893
	Voluntary context switches: 585413
	Involuntary context switches: 231
	Swaps: 0
	File system inputs: 56960
	File system outputs: 130240
	Socket messages sent: 0
	Socket messages received: 0
	Signals delivered: 0
	Page size (bytes): 4096
	Exit status: 0
