[12 Dec 2019 02:27:22-qIL][cmd] /home/CSCScience.ca/apetkau/miniconda3/envs/bigsi_mccortex/bin/mccortex31 build --nkmers 86000000 --threads 1 --kmer 17 --mem 5G --sample SRR403006 --seq human/kmer-counts-jellyfish/17/SRR403006.kmer.gz human/bigsi/17/mccortex.SRR403006.ctx
[12 Dec 2019 02:27:22-qIL][cwd] /home/CSCScience.ca/apetkau/workspace/comp7934-project
[12 Dec 2019 02:27:22-qIL][version] mccortex=v0.0.3-610-g400c0e3 zlib=1.2.11 htslib=1.8-17-g699ed53 ASSERTS=ON hash=Lookup3 CHECKS=ON k=3..31
[12 Dec 2019 02:27:22-qIL] Saving graph to: human/bigsi/17/mccortex.SRR403006.ctx
[12 Dec 2019 02:27:22-qIL][sample] 0: SRR403006
[12 Dec 2019 02:27:22-qIL][task] human/kmer-counts-jellyfish/17/SRR403006.kmer.gz; FASTQ offset: auto-detect, threshold: off; cut homopolymers: off; remove PCR duplicates: no; colour: 0
[12 Dec 2019 02:27:22-qIL][memory] 104 bits per kmer
[12 Dec 2019 02:27:22-qIL] Note: Using less memory than requested (1.1GB < 5GB); allows for 88,080,384 kmers
[12 Dec 2019 02:27:22-qIL][memory] graph: 1.1GB
[12 Dec 2019 02:27:22-qIL][memory] total: 1.1GB of 62.6GB RAM
[12 Dec 2019 02:27:22-qIL] Writing 1 colour graph to human/bigsi/17/mccortex.SRR403006.ctx
[12 Dec 2019 02:27:22-qIL][hasht] Allocating table with 88,080,384 entries, using 676MB
[12 Dec 2019 02:27:22-qIL][hasht]  number of buckets: 2,097,152, bucket size: 42
[12 Dec 2019 02:27:22-qIL][graph] kmer-size: 17; colours: 1; capacity: 88,080,384
[12 Dec 2019 02:27:22-qIL][hasht] buckets: 2,097,152 [2^21]; bucket size: 42; 
[12 Dec 2019 02:27:22-qIL][hasht] memory: 676MB; filled: 0 / 88,080,384 (0.00%)
[12 Dec 2019 02:27:22-qIL][asyncio] Inputs: 1; Threads: 1
[12 Dec 2019 02:27:22-qIL][seq] Parsing sequence file human/kmer-counts-jellyfish/17/SRR403006.kmer.gz
[12 Dec 2019 02:27:29-qIL][seq] Loaded 4,421,043 reads and 0 reads pairs (file: human/kmer-counts-jellyfish/17/SRR403006.kmer.gz)
[12 Dec 2019 02:27:29-qIL][hasht] buckets: 2,097,152 [2^21]; bucket size: 42; 
[12 Dec 2019 02:27:29-qIL][hasht] memory: 676MB; filled: 4,421,043 / 88,080,384 (5.02%)
[12 Dec 2019 02:27:29-qIL][hasht]  collisions  0: 4421043
[12 Dec 2019 02:27:29-qIL][task] input: human/kmer-counts-jellyfish/17/SRR403006.kmer.gz colour: 0
[12 Dec 2019 02:27:29-qIL]  SE reads: 4,421,043  PE reads: 0
[12 Dec 2019 02:27:29-qIL]  good reads: 4,421,043  bad reads: 0
[12 Dec 2019 02:27:29-qIL]  dup SE reads: 0  dup PE pairs: 0
[12 Dec 2019 02:27:29-qIL]  bases read: 75,157,731  bases loaded: 75,157,731
[12 Dec 2019 02:27:29-qIL]  num contigs: 4,421,043  num kmers: 4,421,043 novel kmers: 4,421,043
[12 Dec 2019 02:27:29-qIL] Dumping graph...
[12 Dec 2019 02:27:29-qIL][graphwriter] Saving file to: human/bigsi/17/mccortex.SRR403006.ctx
[12 Dec 2019 02:27:29-qIL][FileFilter] Writing graph  [1 src colour]
[12 Dec 2019 02:27:29-qIL][graphwriter] Dumped 4,421,043 kmers in 1 colour into: human/bigsi/17/mccortex.SRR403006.ctx (ver: 6)
[12 Dec 2019 02:27:29-qIL][memory] We made 19 allocs
[12 Dec 2019 02:27:29-qIL] Done.
[12 Dec 2019 02:27:29-qIL][time] 7.00 seconds
	Command being timed: "mccortex 17 build --nkmers 86000000 --threads 1 --kmer 17 --mem 5G --sample SRR403006 --seq human/kmer-counts-jellyfish/17/SRR403006.kmer.gz human/bigsi/17/mccortex.SRR403006.ctx"
	User time (seconds): 8.90
	System time (seconds): 4.26
	Percent of CPU this job got: 169%
	Elapsed (wall clock) time (h:mm:ss or m:ss): 0:07.75
	Average shared text size (kbytes): 0
	Average unshared data size (kbytes): 0
	Average stack size (kbytes): 0
	Average total size (kbytes): 0
	Maximum resident set size (kbytes): 1045484
	Average resident set size (kbytes): 0
	Major (requiring I/O) page faults: 0
	Minor (reclaiming a frame) page faults: 1135144
	Voluntary context switches: 589759
	Involuntary context switches: 1498
	Swaps: 0
	File system inputs: 49096
	File system outputs: 112264
	Socket messages sent: 0
	Socket messages received: 0
	Signals delivered: 0
	Page size (bytes): 4096
	Exit status: 0
