[12 Dec 2019 02:27:20-QOH][cmd] /home/CSCScience.ca/apetkau/miniconda3/envs/bigsi_mccortex/bin/mccortex31 build --nkmers 86000000 --threads 1 --kmer 17 --mem 5G --sample SRR393767 --seq human/kmer-counts-jellyfish/17/SRR393767.kmer.gz human/bigsi/17/mccortex.SRR393767.ctx
[12 Dec 2019 02:27:20-QOH][cwd] /home/CSCScience.ca/apetkau/workspace/comp7934-project
[12 Dec 2019 02:27:20-QOH][version] mccortex=v0.0.3-610-g400c0e3 zlib=1.2.11 htslib=1.8-17-g699ed53 ASSERTS=ON hash=Lookup3 CHECKS=ON k=3..31
[12 Dec 2019 02:27:20-QOH] Saving graph to: human/bigsi/17/mccortex.SRR393767.ctx
[12 Dec 2019 02:27:20-QOH][sample] 0: SRR393767
[12 Dec 2019 02:27:20-QOH][task] human/kmer-counts-jellyfish/17/SRR393767.kmer.gz; FASTQ offset: auto-detect, threshold: off; cut homopolymers: off; remove PCR duplicates: no; colour: 0
[12 Dec 2019 02:27:20-QOH][memory] 104 bits per kmer
[12 Dec 2019 02:27:20-QOH] Note: Using less memory than requested (1.1GB < 5GB); allows for 88,080,384 kmers
[12 Dec 2019 02:27:20-QOH][memory] graph: 1.1GB
[12 Dec 2019 02:27:20-QOH][memory] total: 1.1GB of 62.6GB RAM
[12 Dec 2019 02:27:20-QOH] Writing 1 colour graph to human/bigsi/17/mccortex.SRR393767.ctx
[12 Dec 2019 02:27:20-QOH][hasht] Allocating table with 88,080,384 entries, using 676MB
[12 Dec 2019 02:27:20-QOH][hasht]  number of buckets: 2,097,152, bucket size: 42
[12 Dec 2019 02:27:20-QOH][graph] kmer-size: 17; colours: 1; capacity: 88,080,384
[12 Dec 2019 02:27:20-QOH][hasht] buckets: 2,097,152 [2^21]; bucket size: 42; 
[12 Dec 2019 02:27:20-QOH][hasht] memory: 676MB; filled: 0 / 88,080,384 (0.00%)
[12 Dec 2019 02:27:20-QOH][asyncio] Inputs: 1; Threads: 1
[12 Dec 2019 02:27:20-QOH][seq] Parsing sequence file human/kmer-counts-jellyfish/17/SRR393767.kmer.gz
[12 Dec 2019 02:27:30-QOH][BuildGraph] Read 5,000,000 entries (reads / read pairs)
[12 Dec 2019 02:27:31-QOH][seq] Loaded 5,348,576 reads and 0 reads pairs (file: human/kmer-counts-jellyfish/17/SRR393767.kmer.gz)
[12 Dec 2019 02:27:31-QOH][hasht] buckets: 2,097,152 [2^21]; bucket size: 42; 
[12 Dec 2019 02:27:31-QOH][hasht] memory: 676MB; filled: 5,348,576 / 88,080,384 (6.07%)
[12 Dec 2019 02:27:31-QOH][hasht]  collisions  0: 5348576
[12 Dec 2019 02:27:31-QOH][task] input: human/kmer-counts-jellyfish/17/SRR393767.kmer.gz colour: 0
[12 Dec 2019 02:27:31-QOH]  SE reads: 5,348,576  PE reads: 0
[12 Dec 2019 02:27:31-QOH]  good reads: 5,348,576  bad reads: 0
[12 Dec 2019 02:27:31-QOH]  dup SE reads: 0  dup PE pairs: 0
[12 Dec 2019 02:27:31-QOH]  bases read: 90,925,792  bases loaded: 90,925,792
[12 Dec 2019 02:27:31-QOH]  num contigs: 5,348,576  num kmers: 5,348,576 novel kmers: 5,348,576
[12 Dec 2019 02:27:31-QOH] Dumping graph...
[12 Dec 2019 02:27:31-QOH][graphwriter] Saving file to: human/bigsi/17/mccortex.SRR393767.ctx
[12 Dec 2019 02:27:31-QOH][FileFilter] Writing graph  [1 src colour]
[12 Dec 2019 02:27:32-QOH][graphwriter] Dumped 5,348,576 kmers in 1 colour into: human/bigsi/17/mccortex.SRR393767.ctx (ver: 6)
[12 Dec 2019 02:27:32-QOH][memory] We made 19 allocs
[12 Dec 2019 02:27:32-QOH] Done.
[12 Dec 2019 02:27:32-QOH][time] 12.00 seconds
	Command being timed: "mccortex 17 build --nkmers 86000000 --threads 1 --kmer 17 --mem 5G --sample SRR393767 --seq human/kmer-counts-jellyfish/17/SRR393767.kmer.gz human/bigsi/17/mccortex.SRR393767.ctx"
	User time (seconds): 15.50
	System time (seconds): 4.14
	Percent of CPU this job got: 170%
	Elapsed (wall clock) time (h:mm:ss or m:ss): 0:11.51
	Average shared text size (kbytes): 0
	Average unshared data size (kbytes): 0
	Average stack size (kbytes): 0
	Average total size (kbytes): 0
	Maximum resident set size (kbytes): 1045476
	Average resident set size (kbytes): 0
	Major (requiring I/O) page faults: 0
	Minor (reclaiming a frame) page faults: 1231495
	Voluntary context switches: 451610
	Involuntary context switches: 12233
	Swaps: 0
	File system inputs: 59448
	File system outputs: 135816
	Socket messages sent: 0
	Socket messages received: 0
	Signals delivered: 0
	Page size (bytes): 4096
	Exit status: 0
