[12 Dec 2019 02:26:03-qAl][cmd] /home/CSCScience.ca/apetkau/miniconda3/envs/bigsi_mccortex/bin/mccortex31 build --nkmers 86000000 --threads 1 --kmer 17 --mem 5G --sample SRR1313216 --seq human/kmer-counts-jellyfish/17/SRR1313216.kmer.gz human/bigsi/17/mccortex.SRR1313216.ctx
[12 Dec 2019 02:26:03-qAl][cwd] /home/CSCScience.ca/apetkau/workspace/comp7934-project
[12 Dec 2019 02:26:03-qAl][version] mccortex=v0.0.3-610-g400c0e3 zlib=1.2.11 htslib=1.8-17-g699ed53 ASSERTS=ON hash=Lookup3 CHECKS=ON k=3..31
[12 Dec 2019 02:26:03-qAl] Saving graph to: human/bigsi/17/mccortex.SRR1313216.ctx
[12 Dec 2019 02:26:03-qAl][sample] 0: SRR1313216
[12 Dec 2019 02:26:03-qAl][task] human/kmer-counts-jellyfish/17/SRR1313216.kmer.gz; FASTQ offset: auto-detect, threshold: off; cut homopolymers: off; remove PCR duplicates: no; colour: 0
[12 Dec 2019 02:26:03-qAl][memory] 104 bits per kmer
[12 Dec 2019 02:26:03-qAl] Note: Using less memory than requested (1.1GB < 5GB); allows for 88,080,384 kmers
[12 Dec 2019 02:26:03-qAl][memory] graph: 1.1GB
[12 Dec 2019 02:26:03-qAl][memory] total: 1.1GB of 62.6GB RAM
[12 Dec 2019 02:26:03-qAl] Writing 1 colour graph to human/bigsi/17/mccortex.SRR1313216.ctx
[12 Dec 2019 02:26:03-qAl][hasht] Allocating table with 88,080,384 entries, using 676MB
[12 Dec 2019 02:26:03-qAl][hasht]  number of buckets: 2,097,152, bucket size: 42
[12 Dec 2019 02:26:03-qAl][graph] kmer-size: 17; colours: 1; capacity: 88,080,384
[12 Dec 2019 02:26:03-qAl][hasht] buckets: 2,097,152 [2^21]; bucket size: 42; 
[12 Dec 2019 02:26:03-qAl][hasht] memory: 676MB; filled: 0 / 88,080,384 (0.00%)
[12 Dec 2019 02:26:03-qAl][asyncio] Inputs: 1; Threads: 1
[12 Dec 2019 02:26:03-qAl][seq] Parsing sequence file human/kmer-counts-jellyfish/17/SRR1313216.kmer.gz
[12 Dec 2019 02:26:11-qAl][seq] Loaded 4,875,784 reads and 0 reads pairs (file: human/kmer-counts-jellyfish/17/SRR1313216.kmer.gz)
[12 Dec 2019 02:26:11-qAl][hasht] buckets: 2,097,152 [2^21]; bucket size: 42; 
[12 Dec 2019 02:26:11-qAl][hasht] memory: 676MB; filled: 4,875,784 / 88,080,384 (5.54%)
[12 Dec 2019 02:26:11-qAl][hasht]  collisions  0: 4875784
[12 Dec 2019 02:26:11-qAl][task] input: human/kmer-counts-jellyfish/17/SRR1313216.kmer.gz colour: 0
[12 Dec 2019 02:26:11-qAl]  SE reads: 4,875,784  PE reads: 0
[12 Dec 2019 02:26:11-qAl]  good reads: 4,875,784  bad reads: 0
[12 Dec 2019 02:26:11-qAl]  dup SE reads: 0  dup PE pairs: 0
[12 Dec 2019 02:26:11-qAl]  bases read: 82,888,328  bases loaded: 82,888,328
[12 Dec 2019 02:26:11-qAl]  num contigs: 4,875,784  num kmers: 4,875,784 novel kmers: 4,875,784
[12 Dec 2019 02:26:11-qAl] Dumping graph...
[12 Dec 2019 02:26:11-qAl][graphwriter] Saving file to: human/bigsi/17/mccortex.SRR1313216.ctx
[12 Dec 2019 02:26:11-qAl][FileFilter] Writing graph  [1 src colour]
[12 Dec 2019 02:26:12-qAl][graphwriter] Dumped 4,875,784 kmers in 1 colour into: human/bigsi/17/mccortex.SRR1313216.ctx (ver: 6)
[12 Dec 2019 02:26:12-qAl][memory] We made 19 allocs
[12 Dec 2019 02:26:12-qAl] Done.
[12 Dec 2019 02:26:12-qAl][time] 9.00 seconds
	Command being timed: "mccortex 17 build --nkmers 86000000 --threads 1 --kmer 17 --mem 5G --sample SRR1313216 --seq human/kmer-counts-jellyfish/17/SRR1313216.kmer.gz human/bigsi/17/mccortex.SRR1313216.ctx"
	User time (seconds): 11.71
	System time (seconds): 3.76
	Percent of CPU this job got: 172%
	Elapsed (wall clock) time (h:mm:ss or m:ss): 0:08.96
	Average shared text size (kbytes): 0
	Average unshared data size (kbytes): 0
	Average stack size (kbytes): 0
	Average total size (kbytes): 0
	Maximum resident set size (kbytes): 1045532
	Average resident set size (kbytes): 0
	Major (requiring I/O) page faults: 0
	Minor (reclaiming a frame) page faults: 1046234
	Voluntary context switches: 391668
	Involuntary context switches: 64
	Swaps: 0
	File system inputs: 54136
	File system outputs: 123808
	Socket messages sent: 0
	Socket messages received: 0
	Signals delivered: 0
	Page size (bytes): 4096
	Exit status: 0
