[12 Dec 2019 02:24:14-QIf][cmd] /home/CSCScience.ca/apetkau/miniconda3/envs/bigsi_mccortex/bin/mccortex31 build --nkmers 86000000 --threads 1 --kmer 17 --mem 5G --sample SRR1193574 --seq human/kmer-counts-jellyfish/17/SRR1193574.kmer.gz human/bigsi/17/mccortex.SRR1193574.ctx
[12 Dec 2019 02:24:14-QIf][cwd] /home/CSCScience.ca/apetkau/workspace/comp7934-project
[12 Dec 2019 02:24:14-QIf][version] mccortex=v0.0.3-610-g400c0e3 zlib=1.2.11 htslib=1.8-17-g699ed53 ASSERTS=ON hash=Lookup3 CHECKS=ON k=3..31
[12 Dec 2019 02:24:14-QIf] Saving graph to: human/bigsi/17/mccortex.SRR1193574.ctx
[12 Dec 2019 02:24:14-QIf][sample] 0: SRR1193574
[12 Dec 2019 02:24:14-QIf][task] human/kmer-counts-jellyfish/17/SRR1193574.kmer.gz; FASTQ offset: auto-detect, threshold: off; cut homopolymers: off; remove PCR duplicates: no; colour: 0
[12 Dec 2019 02:24:14-QIf][memory] 104 bits per kmer
[12 Dec 2019 02:24:14-QIf] Note: Using less memory than requested (1.1GB < 5GB); allows for 88,080,384 kmers
[12 Dec 2019 02:24:14-QIf][memory] graph: 1.1GB
[12 Dec 2019 02:24:14-QIf][memory] total: 1.1GB of 62.6GB RAM
[12 Dec 2019 02:24:14-QIf] Writing 1 colour graph to human/bigsi/17/mccortex.SRR1193574.ctx
[12 Dec 2019 02:24:14-QIf][hasht] Allocating table with 88,080,384 entries, using 676MB
[12 Dec 2019 02:24:14-QIf][hasht]  number of buckets: 2,097,152, bucket size: 42
[12 Dec 2019 02:24:14-QIf][graph] kmer-size: 17; colours: 1; capacity: 88,080,384
[12 Dec 2019 02:24:14-QIf][hasht] buckets: 2,097,152 [2^21]; bucket size: 42; 
[12 Dec 2019 02:24:14-QIf][hasht] memory: 676MB; filled: 0 / 88,080,384 (0.00%)
[12 Dec 2019 02:24:14-QIf][asyncio] Inputs: 1; Threads: 1
[12 Dec 2019 02:24:14-QIf][seq] Parsing sequence file human/kmer-counts-jellyfish/17/SRR1193574.kmer.gz
[12 Dec 2019 02:24:21-QIf][seq] Loaded 3,994,740 reads and 0 reads pairs (file: human/kmer-counts-jellyfish/17/SRR1193574.kmer.gz)
[12 Dec 2019 02:24:21-QIf][hasht] buckets: 2,097,152 [2^21]; bucket size: 42; 
[12 Dec 2019 02:24:21-QIf][hasht] memory: 676MB; filled: 3,994,740 / 88,080,384 (4.54%)
[12 Dec 2019 02:24:21-QIf][hasht]  collisions  0: 3994740
[12 Dec 2019 02:24:21-QIf][task] input: human/kmer-counts-jellyfish/17/SRR1193574.kmer.gz colour: 0
[12 Dec 2019 02:24:21-QIf]  SE reads: 3,994,740  PE reads: 0
[12 Dec 2019 02:24:21-QIf]  good reads: 3,994,740  bad reads: 0
[12 Dec 2019 02:24:21-QIf]  dup SE reads: 0  dup PE pairs: 0
[12 Dec 2019 02:24:21-QIf]  bases read: 67,910,580  bases loaded: 67,910,580
[12 Dec 2019 02:24:21-QIf]  num contigs: 3,994,740  num kmers: 3,994,740 novel kmers: 3,994,740
[12 Dec 2019 02:24:21-QIf] Dumping graph...
[12 Dec 2019 02:24:21-QIf][graphwriter] Saving file to: human/bigsi/17/mccortex.SRR1193574.ctx
[12 Dec 2019 02:24:21-QIf][FileFilter] Writing graph  [1 src colour]
[12 Dec 2019 02:24:22-QIf][graphwriter] Dumped 3,994,740 kmers in 1 colour into: human/bigsi/17/mccortex.SRR1193574.ctx (ver: 6)
[12 Dec 2019 02:24:22-QIf][memory] We made 19 allocs
[12 Dec 2019 02:24:22-QIf] Done.
[12 Dec 2019 02:24:22-QIf][time] 8.00 seconds
	Command being timed: "mccortex 17 build --nkmers 86000000 --threads 1 --kmer 17 --mem 5G --sample SRR1193574 --seq human/kmer-counts-jellyfish/17/SRR1193574.kmer.gz human/bigsi/17/mccortex.SRR1193574.ctx"
	User time (seconds): 8.83
	System time (seconds): 4.57
	Percent of CPU this job got: 168%
	Elapsed (wall clock) time (h:mm:ss or m:ss): 0:07.96
	Average shared text size (kbytes): 0
	Average unshared data size (kbytes): 0
	Average stack size (kbytes): 0
	Average total size (kbytes): 0
	Maximum resident set size (kbytes): 1045516
	Average resident set size (kbytes): 0
	Major (requiring I/O) page faults: 0
	Minor (reclaiming a frame) page faults: 1132385
	Voluntary context switches: 527762
	Involuntary context switches: 22724
	Swaps: 0
	File system inputs: 44400
	File system outputs: 101440
	Socket messages sent: 0
	Socket messages received: 0
	Signals delivered: 0
	Page size (bytes): 4096
	Exit status: 0
