[12 Dec 2019 02:26:46-zul][cmd] /home/CSCScience.ca/apetkau/miniconda3/envs/bigsi_mccortex/bin/mccortex31 build --nkmers 86000000 --threads 1 --kmer 17 --mem 5G --sample SRR191527 --seq human/kmer-counts-jellyfish/17/SRR191527.kmer.gz human/bigsi/17/mccortex.SRR191527.ctx
[12 Dec 2019 02:26:46-zul][cwd] /home/CSCScience.ca/apetkau/workspace/comp7934-project
[12 Dec 2019 02:26:46-zul][version] mccortex=v0.0.3-610-g400c0e3 zlib=1.2.11 htslib=1.8-17-g699ed53 ASSERTS=ON hash=Lookup3 CHECKS=ON k=3..31
[12 Dec 2019 02:26:46-zul] Saving graph to: human/bigsi/17/mccortex.SRR191527.ctx
[12 Dec 2019 02:26:46-zul][sample] 0: SRR191527
[12 Dec 2019 02:26:46-zul][task] human/kmer-counts-jellyfish/17/SRR191527.kmer.gz; FASTQ offset: auto-detect, threshold: off; cut homopolymers: off; remove PCR duplicates: no; colour: 0
[12 Dec 2019 02:26:46-zul][memory] 104 bits per kmer
[12 Dec 2019 02:26:46-zul] Note: Using less memory than requested (1.1GB < 5GB); allows for 88,080,384 kmers
[12 Dec 2019 02:26:46-zul][memory] graph: 1.1GB
[12 Dec 2019 02:26:46-zul][memory] total: 1.1GB of 62.6GB RAM
[12 Dec 2019 02:26:46-zul] Writing 1 colour graph to human/bigsi/17/mccortex.SRR191527.ctx
[12 Dec 2019 02:26:46-zul][hasht] Allocating table with 88,080,384 entries, using 676MB
[12 Dec 2019 02:26:46-zul][hasht]  number of buckets: 2,097,152, bucket size: 42
[12 Dec 2019 02:26:46-zul][graph] kmer-size: 17; colours: 1; capacity: 88,080,384
[12 Dec 2019 02:26:46-zul][hasht] buckets: 2,097,152 [2^21]; bucket size: 42; 
[12 Dec 2019 02:26:46-zul][hasht] memory: 676MB; filled: 0 / 88,080,384 (0.00%)
[12 Dec 2019 02:26:46-zul][asyncio] Inputs: 1; Threads: 1
[12 Dec 2019 02:26:46-zul][seq] Parsing sequence file human/kmer-counts-jellyfish/17/SRR191527.kmer.gz
[12 Dec 2019 02:26:47-zul][seq] Loaded 86,960 reads and 0 reads pairs (file: human/kmer-counts-jellyfish/17/SRR191527.kmer.gz)
[12 Dec 2019 02:26:47-zul][hasht] buckets: 2,097,152 [2^21]; bucket size: 42; 
[12 Dec 2019 02:26:47-zul][hasht] memory: 676MB; filled: 86,960 / 88,080,384 (0.10%)
[12 Dec 2019 02:26:47-zul][hasht]  collisions  0: 86960
[12 Dec 2019 02:26:47-zul][task] input: human/kmer-counts-jellyfish/17/SRR191527.kmer.gz colour: 0
[12 Dec 2019 02:26:47-zul]  SE reads: 86,960  PE reads: 0
[12 Dec 2019 02:26:47-zul]  good reads: 86,960  bad reads: 0
[12 Dec 2019 02:26:47-zul]  dup SE reads: 0  dup PE pairs: 0
[12 Dec 2019 02:26:47-zul]  bases read: 1,478,320  bases loaded: 1,478,320
[12 Dec 2019 02:26:47-zul]  num contigs: 86,960  num kmers: 86,960 novel kmers: 86,960
[12 Dec 2019 02:26:47-zul] Dumping graph...
[12 Dec 2019 02:26:47-zul][graphwriter] Saving file to: human/bigsi/17/mccortex.SRR191527.ctx
[12 Dec 2019 02:26:47-zul][FileFilter] Writing graph  [1 src colour]
[12 Dec 2019 02:26:47-zul][graphwriter] Dumped 86,960 kmers in 1 colour into: human/bigsi/17/mccortex.SRR191527.ctx (ver: 6)
[12 Dec 2019 02:26:47-zul][memory] We made 19 allocs
[12 Dec 2019 02:26:47-zul] Done.
[12 Dec 2019 02:26:47-zul][time] 1.00 seconds
	Command being timed: "mccortex 17 build --nkmers 86000000 --threads 1 --kmer 17 --mem 5G --sample SRR191527 --seq human/kmer-counts-jellyfish/17/SRR191527.kmer.gz human/bigsi/17/mccortex.SRR191527.ctx"
	User time (seconds): 0.40
	System time (seconds): 0.61
	Percent of CPU this job got: 145%
	Elapsed (wall clock) time (h:mm:ss or m:ss): 0:00.70
	Average shared text size (kbytes): 0
	Average unshared data size (kbytes): 0
	Average stack size (kbytes): 0
	Average total size (kbytes): 0
	Maximum resident set size (kbytes): 505920
	Average resident set size (kbytes): 0
	Major (requiring I/O) page faults: 0
	Minor (reclaiming a frame) page faults: 203328
	Voluntary context switches: 56973
	Involuntary context switches: 5
	Swaps: 0
	File system inputs: 880
	File system outputs: 2224
	Socket messages sent: 0
	Socket messages received: 0
	Signals delivered: 0
	Page size (bytes): 4096
	Exit status: 0
