[12 Dec 2019 02:24:14-gah][cmd] /home/CSCScience.ca/apetkau/miniconda3/envs/bigsi_mccortex/bin/mccortex31 build --nkmers 86000000 --threads 1 --kmer 17 --mem 5G --sample SRR038300 --seq human/kmer-counts-jellyfish/17/SRR038300.kmer.gz human/bigsi/17/mccortex.SRR038300.ctx
[12 Dec 2019 02:24:14-gah][cwd] /home/CSCScience.ca/apetkau/workspace/comp7934-project
[12 Dec 2019 02:24:14-gah][version] mccortex=v0.0.3-610-g400c0e3 zlib=1.2.11 htslib=1.8-17-g699ed53 ASSERTS=ON hash=Lookup3 CHECKS=ON k=3..31
[12 Dec 2019 02:24:14-gah] Saving graph to: human/bigsi/17/mccortex.SRR038300.ctx
[12 Dec 2019 02:24:14-gah][sample] 0: SRR038300
[12 Dec 2019 02:24:14-gah][task] human/kmer-counts-jellyfish/17/SRR038300.kmer.gz; FASTQ offset: auto-detect, threshold: off; cut homopolymers: off; remove PCR duplicates: no; colour: 0
[12 Dec 2019 02:24:14-gah][memory] 104 bits per kmer
[12 Dec 2019 02:24:14-gah] Note: Using less memory than requested (1.1GB < 5GB); allows for 88,080,384 kmers
[12 Dec 2019 02:24:14-gah][memory] graph: 1.1GB
[12 Dec 2019 02:24:14-gah][memory] total: 1.1GB of 62.6GB RAM
[12 Dec 2019 02:24:14-gah] Writing 1 colour graph to human/bigsi/17/mccortex.SRR038300.ctx
[12 Dec 2019 02:24:14-gah][hasht] Allocating table with 88,080,384 entries, using 676MB
[12 Dec 2019 02:24:14-gah][hasht]  number of buckets: 2,097,152, bucket size: 42
[12 Dec 2019 02:24:14-gah][graph] kmer-size: 17; colours: 1; capacity: 88,080,384
[12 Dec 2019 02:24:14-gah][hasht] buckets: 2,097,152 [2^21]; bucket size: 42; 
[12 Dec 2019 02:24:14-gah][hasht] memory: 676MB; filled: 0 / 88,080,384 (0.00%)
[12 Dec 2019 02:24:14-gah][asyncio] Inputs: 1; Threads: 1
[12 Dec 2019 02:24:14-gah][seq] Parsing sequence file human/kmer-counts-jellyfish/17/SRR038300.kmer.gz
[12 Dec 2019 02:24:21-gah][seq] Loaded 3,537,210 reads and 0 reads pairs (file: human/kmer-counts-jellyfish/17/SRR038300.kmer.gz)
[12 Dec 2019 02:24:21-gah][hasht] buckets: 2,097,152 [2^21]; bucket size: 42; 
[12 Dec 2019 02:24:21-gah][hasht] memory: 676MB; filled: 3,537,210 / 88,080,384 (4.02%)
[12 Dec 2019 02:24:21-gah][hasht]  collisions  0: 3537210
[12 Dec 2019 02:24:21-gah][task] input: human/kmer-counts-jellyfish/17/SRR038300.kmer.gz colour: 0
[12 Dec 2019 02:24:21-gah]  SE reads: 3,537,210  PE reads: 0
[12 Dec 2019 02:24:21-gah]  good reads: 3,537,210  bad reads: 0
[12 Dec 2019 02:24:21-gah]  dup SE reads: 0  dup PE pairs: 0
[12 Dec 2019 02:24:21-gah]  bases read: 60,132,570  bases loaded: 60,132,570
[12 Dec 2019 02:24:21-gah]  num contigs: 3,537,210  num kmers: 3,537,210 novel kmers: 3,537,210
[12 Dec 2019 02:24:21-gah] Dumping graph...
[12 Dec 2019 02:24:21-gah][graphwriter] Saving file to: human/bigsi/17/mccortex.SRR038300.ctx
[12 Dec 2019 02:24:21-gah][FileFilter] Writing graph  [1 src colour]
[12 Dec 2019 02:24:21-gah][graphwriter] Dumped 3,537,210 kmers in 1 colour into: human/bigsi/17/mccortex.SRR038300.ctx (ver: 6)
[12 Dec 2019 02:24:21-gah][memory] We made 19 allocs
[12 Dec 2019 02:24:21-gah] Done.
[12 Dec 2019 02:24:21-gah][time] 7.00 seconds
	Command being timed: "mccortex 17 build --nkmers 86000000 --threads 1 --kmer 17 --mem 5G --sample SRR038300 --seq human/kmer-counts-jellyfish/17/SRR038300.kmer.gz human/bigsi/17/mccortex.SRR038300.ctx"
	User time (seconds): 7.68
	System time (seconds): 4.41
	Percent of CPU this job got: 168%
	Elapsed (wall clock) time (h:mm:ss or m:ss): 0:07.19
	Average shared text size (kbytes): 0
	Average unshared data size (kbytes): 0
	Average stack size (kbytes): 0
	Average total size (kbytes): 0
	Maximum resident set size (kbytes): 1045508
	Average resident set size (kbytes): 0
	Major (requiring I/O) page faults: 1
	Minor (reclaiming a frame) page faults: 1111302
	Voluntary context switches: 511583
	Involuntary context switches: 26097
	Swaps: 0
	File system inputs: 39544
	File system outputs: 89824
	Socket messages sent: 0
	Socket messages received: 0
	Signals delivered: 0
	Page size (bytes): 4096
	Exit status: 0
