[12 Dec 2019 02:27:11-GUs][cmd] /home/CSCScience.ca/apetkau/miniconda3/envs/bigsi_mccortex/bin/mccortex31 build --nkmers 86000000 --threads 1 --kmer 17 --mem 5G --sample SRR191696 --seq human/kmer-counts-jellyfish/17/SRR191696.kmer.gz human/bigsi/17/mccortex.SRR191696.ctx
[12 Dec 2019 02:27:11-GUs][cwd] /home/CSCScience.ca/apetkau/workspace/comp7934-project
[12 Dec 2019 02:27:11-GUs][version] mccortex=v0.0.3-610-g400c0e3 zlib=1.2.11 htslib=1.8-17-g699ed53 ASSERTS=ON hash=Lookup3 CHECKS=ON k=3..31
[12 Dec 2019 02:27:11-GUs] Saving graph to: human/bigsi/17/mccortex.SRR191696.ctx
[12 Dec 2019 02:27:11-GUs][sample] 0: SRR191696
[12 Dec 2019 02:27:11-GUs][task] human/kmer-counts-jellyfish/17/SRR191696.kmer.gz; FASTQ offset: auto-detect, threshold: off; cut homopolymers: off; remove PCR duplicates: no; colour: 0
[12 Dec 2019 02:27:11-GUs][memory] 104 bits per kmer
[12 Dec 2019 02:27:11-GUs] Note: Using less memory than requested (1.1GB < 5GB); allows for 88,080,384 kmers
[12 Dec 2019 02:27:11-GUs][memory] graph: 1.1GB
[12 Dec 2019 02:27:11-GUs][memory] total: 1.1GB of 62.6GB RAM
[12 Dec 2019 02:27:11-GUs] Writing 1 colour graph to human/bigsi/17/mccortex.SRR191696.ctx
[12 Dec 2019 02:27:11-GUs][hasht] Allocating table with 88,080,384 entries, using 676MB
[12 Dec 2019 02:27:11-GUs][hasht]  number of buckets: 2,097,152, bucket size: 42
[12 Dec 2019 02:27:11-GUs][graph] kmer-size: 17; colours: 1; capacity: 88,080,384
[12 Dec 2019 02:27:11-GUs][hasht] buckets: 2,097,152 [2^21]; bucket size: 42; 
[12 Dec 2019 02:27:11-GUs][hasht] memory: 676MB; filled: 0 / 88,080,384 (0.00%)
[12 Dec 2019 02:27:11-GUs][asyncio] Inputs: 1; Threads: 1
[12 Dec 2019 02:27:11-GUs][seq] Parsing sequence file human/kmer-counts-jellyfish/17/SRR191696.kmer.gz
[12 Dec 2019 02:27:14-GUs][seq] Loaded 499,602 reads and 0 reads pairs (file: human/kmer-counts-jellyfish/17/SRR191696.kmer.gz)
[12 Dec 2019 02:27:14-GUs][hasht] buckets: 2,097,152 [2^21]; bucket size: 42; 
[12 Dec 2019 02:27:14-GUs][hasht] memory: 676MB; filled: 499,602 / 88,080,384 (0.57%)
[12 Dec 2019 02:27:14-GUs][hasht]  collisions  0: 499602
[12 Dec 2019 02:27:14-GUs][task] input: human/kmer-counts-jellyfish/17/SRR191696.kmer.gz colour: 0
[12 Dec 2019 02:27:14-GUs]  SE reads: 499,602  PE reads: 0
[12 Dec 2019 02:27:14-GUs]  good reads: 499,602  bad reads: 0
[12 Dec 2019 02:27:14-GUs]  dup SE reads: 0  dup PE pairs: 0
[12 Dec 2019 02:27:14-GUs]  bases read: 8,493,234  bases loaded: 8,493,234
[12 Dec 2019 02:27:14-GUs]  num contigs: 499,602  num kmers: 499,602 novel kmers: 499,602
[12 Dec 2019 02:27:14-GUs] Dumping graph...
[12 Dec 2019 02:27:14-GUs][graphwriter] Saving file to: human/bigsi/17/mccortex.SRR191696.ctx
[12 Dec 2019 02:27:14-GUs][FileFilter] Writing graph  [1 src colour]
[12 Dec 2019 02:27:14-GUs][graphwriter] Dumped 499,602 kmers in 1 colour into: human/bigsi/17/mccortex.SRR191696.ctx (ver: 6)
[12 Dec 2019 02:27:14-GUs][memory] We made 19 allocs
[12 Dec 2019 02:27:14-GUs] Done.
[12 Dec 2019 02:27:14-GUs][time] 3.00 seconds
	Command being timed: "mccortex 17 build --nkmers 86000000 --threads 1 --kmer 17 --mem 5G --sample SRR191696 --seq human/kmer-counts-jellyfish/17/SRR191696.kmer.gz human/bigsi/17/mccortex.SRR191696.ctx"
	User time (seconds): 1.88
	System time (seconds): 2.09
	Percent of CPU this job got: 148%
	Elapsed (wall clock) time (h:mm:ss or m:ss): 0:02.68
	Average shared text size (kbytes): 0
	Average unshared data size (kbytes): 0
	Average stack size (kbytes): 0
	Average total size (kbytes): 0
	Maximum resident set size (kbytes): 1006740
	Average resident set size (kbytes): 0
	Major (requiring I/O) page faults: 0
	Minor (reclaiming a frame) page faults: 577545
	Voluntary context switches: 180444
	Involuntary context switches: 28
	Swaps: 0
	File system inputs: 5456
	File system outputs: 12696
	Socket messages sent: 0
	Socket messages received: 0
	Signals delivered: 0
	Page size (bytes): 4096
	Exit status: 0
