[12 Dec 2019 02:26:55-qub][cmd] /home/CSCScience.ca/apetkau/miniconda3/envs/bigsi_mccortex/bin/mccortex31 build --nkmers 86000000 --threads 1 --kmer 17 --mem 5G --sample SRR191675 --seq human/kmer-counts-jellyfish/17/SRR191675.kmer.gz human/bigsi/17/mccortex.SRR191675.ctx
[12 Dec 2019 02:26:55-qub][cwd] /home/CSCScience.ca/apetkau/workspace/comp7934-project
[12 Dec 2019 02:26:55-qub][version] mccortex=v0.0.3-610-g400c0e3 zlib=1.2.11 htslib=1.8-17-g699ed53 ASSERTS=ON hash=Lookup3 CHECKS=ON k=3..31
[12 Dec 2019 02:26:55-qub] Saving graph to: human/bigsi/17/mccortex.SRR191675.ctx
[12 Dec 2019 02:26:55-qub][sample] 0: SRR191675
[12 Dec 2019 02:26:55-qub][task] human/kmer-counts-jellyfish/17/SRR191675.kmer.gz; FASTQ offset: auto-detect, threshold: off; cut homopolymers: off; remove PCR duplicates: no; colour: 0
[12 Dec 2019 02:26:55-qub][memory] 104 bits per kmer
[12 Dec 2019 02:26:55-qub] Note: Using less memory than requested (1.1GB < 5GB); allows for 88,080,384 kmers
[12 Dec 2019 02:26:55-qub][memory] graph: 1.1GB
[12 Dec 2019 02:26:55-qub][memory] total: 1.1GB of 62.6GB RAM
[12 Dec 2019 02:26:55-qub] Writing 1 colour graph to human/bigsi/17/mccortex.SRR191675.ctx
[12 Dec 2019 02:26:55-qub][hasht] Allocating table with 88,080,384 entries, using 676MB
[12 Dec 2019 02:26:55-qub][hasht]  number of buckets: 2,097,152, bucket size: 42
[12 Dec 2019 02:26:55-qub][graph] kmer-size: 17; colours: 1; capacity: 88,080,384
[12 Dec 2019 02:26:55-qub][hasht] buckets: 2,097,152 [2^21]; bucket size: 42; 
[12 Dec 2019 02:26:55-qub][hasht] memory: 676MB; filled: 0 / 88,080,384 (0.00%)
[12 Dec 2019 02:26:55-qub][asyncio] Inputs: 1; Threads: 1
[12 Dec 2019 02:26:55-qub][seq] Parsing sequence file human/kmer-counts-jellyfish/17/SRR191675.kmer.gz
[12 Dec 2019 02:26:57-qub][seq] Loaded 1,306,862 reads and 0 reads pairs (file: human/kmer-counts-jellyfish/17/SRR191675.kmer.gz)
[12 Dec 2019 02:26:57-qub][hasht] buckets: 2,097,152 [2^21]; bucket size: 42; 
[12 Dec 2019 02:26:57-qub][hasht] memory: 676MB; filled: 1,306,862 / 88,080,384 (1.48%)
[12 Dec 2019 02:26:57-qub][hasht]  collisions  0: 1306862
[12 Dec 2019 02:26:57-qub][task] input: human/kmer-counts-jellyfish/17/SRR191675.kmer.gz colour: 0
[12 Dec 2019 02:26:57-qub]  SE reads: 1,306,862  PE reads: 0
[12 Dec 2019 02:26:57-qub]  good reads: 1,306,862  bad reads: 0
[12 Dec 2019 02:26:57-qub]  dup SE reads: 0  dup PE pairs: 0
[12 Dec 2019 02:26:57-qub]  bases read: 22,216,654  bases loaded: 22,216,654
[12 Dec 2019 02:26:57-qub]  num contigs: 1,306,862  num kmers: 1,306,862 novel kmers: 1,306,862
[12 Dec 2019 02:26:57-qub] Dumping graph...
[12 Dec 2019 02:26:57-qub][graphwriter] Saving file to: human/bigsi/17/mccortex.SRR191675.ctx
[12 Dec 2019 02:26:57-qub][FileFilter] Writing graph  [1 src colour]
[12 Dec 2019 02:26:58-qub][graphwriter] Dumped 1,306,862 kmers in 1 colour into: human/bigsi/17/mccortex.SRR191675.ctx (ver: 6)
[12 Dec 2019 02:26:58-qub][memory] We made 19 allocs
[12 Dec 2019 02:26:58-qub] Done.
[12 Dec 2019 02:26:58-qub][time] 3.00 seconds
	Command being timed: "mccortex 17 build --nkmers 86000000 --threads 1 --kmer 17 --mem 5G --sample SRR191675 --seq human/kmer-counts-jellyfish/17/SRR191675.kmer.gz human/bigsi/17/mccortex.SRR191675.ctx"
	User time (seconds): 3.04
	System time (seconds): 1.98
	Percent of CPU this job got: 164%
	Elapsed (wall clock) time (h:mm:ss or m:ss): 0:03.05
	Average shared text size (kbytes): 0
	Average unshared data size (kbytes): 0
	Average stack size (kbytes): 0
	Average total size (kbytes): 0
	Maximum resident set size (kbytes): 1045284
	Average resident set size (kbytes): 0
	Major (requiring I/O) page faults: 0
	Minor (reclaiming a frame) page faults: 684660
	Voluntary context switches: 274984
	Involuntary context switches: 63
	Swaps: 0
	File system inputs: 14416
	File system outputs: 33192
	Socket messages sent: 0
	Socket messages received: 0
	Signals delivered: 0
	Page size (bytes): 4096
	Exit status: 0
