[12 Dec 2019 02:26:34-SIl][cmd] /home/CSCScience.ca/apetkau/miniconda3/envs/bigsi_mccortex/bin/mccortex31 build --nkmers 86000000 --threads 1 --kmer 17 --mem 5G --sample SRR191455 --seq human/kmer-counts-jellyfish/17/SRR191455.kmer.gz human/bigsi/17/mccortex.SRR191455.ctx
[12 Dec 2019 02:26:34-SIl][cwd] /home/CSCScience.ca/apetkau/workspace/comp7934-project
[12 Dec 2019 02:26:34-SIl][version] mccortex=v0.0.3-610-g400c0e3 zlib=1.2.11 htslib=1.8-17-g699ed53 ASSERTS=ON hash=Lookup3 CHECKS=ON k=3..31
[12 Dec 2019 02:26:34-SIl] Saving graph to: human/bigsi/17/mccortex.SRR191455.ctx
[12 Dec 2019 02:26:34-SIl][sample] 0: SRR191455
[12 Dec 2019 02:26:34-SIl][task] human/kmer-counts-jellyfish/17/SRR191455.kmer.gz; FASTQ offset: auto-detect, threshold: off; cut homopolymers: off; remove PCR duplicates: no; colour: 0
[12 Dec 2019 02:26:34-SIl][memory] 104 bits per kmer
[12 Dec 2019 02:26:34-SIl] Note: Using less memory than requested (1.1GB < 5GB); allows for 88,080,384 kmers
[12 Dec 2019 02:26:34-SIl][memory] graph: 1.1GB
[12 Dec 2019 02:26:34-SIl][memory] total: 1.1GB of 62.6GB RAM
[12 Dec 2019 02:26:34-SIl] Writing 1 colour graph to human/bigsi/17/mccortex.SRR191455.ctx
[12 Dec 2019 02:26:34-SIl][hasht] Allocating table with 88,080,384 entries, using 676MB
[12 Dec 2019 02:26:34-SIl][hasht]  number of buckets: 2,097,152, bucket size: 42
[12 Dec 2019 02:26:34-SIl][graph] kmer-size: 17; colours: 1; capacity: 88,080,384
[12 Dec 2019 02:26:34-SIl][hasht] buckets: 2,097,152 [2^21]; bucket size: 42; 
[12 Dec 2019 02:26:34-SIl][hasht] memory: 676MB; filled: 0 / 88,080,384 (0.00%)
[12 Dec 2019 02:26:34-SIl][asyncio] Inputs: 1; Threads: 1
[12 Dec 2019 02:26:34-SIl][seq] Parsing sequence file human/kmer-counts-jellyfish/17/SRR191455.kmer.gz
[12 Dec 2019 02:26:35-SIl][seq] Loaded 209,348 reads and 0 reads pairs (file: human/kmer-counts-jellyfish/17/SRR191455.kmer.gz)
[12 Dec 2019 02:26:35-SIl][hasht] buckets: 2,097,152 [2^21]; bucket size: 42; 
[12 Dec 2019 02:26:35-SIl][hasht] memory: 676MB; filled: 209,348 / 88,080,384 (0.24%)
[12 Dec 2019 02:26:35-SIl][hasht]  collisions  0: 209348
[12 Dec 2019 02:26:35-SIl][task] input: human/kmer-counts-jellyfish/17/SRR191455.kmer.gz colour: 0
[12 Dec 2019 02:26:35-SIl]  SE reads: 209,348  PE reads: 0
[12 Dec 2019 02:26:35-SIl]  good reads: 209,348  bad reads: 0
[12 Dec 2019 02:26:35-SIl]  dup SE reads: 0  dup PE pairs: 0
[12 Dec 2019 02:26:35-SIl]  bases read: 3,558,916  bases loaded: 3,558,916
[12 Dec 2019 02:26:35-SIl]  num contigs: 209,348  num kmers: 209,348 novel kmers: 209,348
[12 Dec 2019 02:26:35-SIl] Dumping graph...
[12 Dec 2019 02:26:35-SIl][graphwriter] Saving file to: human/bigsi/17/mccortex.SRR191455.ctx
[12 Dec 2019 02:26:35-SIl][FileFilter] Writing graph  [1 src colour]
[12 Dec 2019 02:26:35-SIl][graphwriter] Dumped 209,348 kmers in 1 colour into: human/bigsi/17/mccortex.SRR191455.ctx (ver: 6)
[12 Dec 2019 02:26:35-SIl][memory] We made 19 allocs
[12 Dec 2019 02:26:35-SIl] Done.
[12 Dec 2019 02:26:35-SIl][time] 1.00 seconds
	Command being timed: "mccortex 17 build --nkmers 86000000 --threads 1 --kmer 17 --mem 5G --sample SRR191455 --seq human/kmer-counts-jellyfish/17/SRR191455.kmer.gz human/bigsi/17/mccortex.SRR191455.ctx"
	User time (seconds): 0.73
	System time (seconds): 0.83
	Percent of CPU this job got: 154%
	Elapsed (wall clock) time (h:mm:ss or m:ss): 0:01.01
	Average shared text size (kbytes): 0
	Average unshared data size (kbytes): 0
	Average stack size (kbytes): 0
	Average total size (kbytes): 0
	Maximum resident set size (kbytes): 811716
	Average resident set size (kbytes): 0
	Major (requiring I/O) page faults: 0
	Minor (reclaiming a frame) page faults: 303743
	Voluntary context switches: 93838
	Involuntary context switches: 4
	Swaps: 0
	File system inputs: 2176
	File system outputs: 5328
	Socket messages sent: 0
	Socket messages received: 0
	Signals delivered: 0
	Page size (bytes): 4096
	Exit status: 0
