[12 Dec 2019 02:24:14-MoB][cmd] /home/CSCScience.ca/apetkau/miniconda3/envs/bigsi_mccortex/bin/mccortex31 build --nkmers 86000000 --threads 1 --kmer 17 --mem 5G --sample SRR1024141 --seq human/kmer-counts-jellyfish/17/SRR1024141.kmer.gz human/bigsi/17/mccortex.SRR1024141.ctx
[12 Dec 2019 02:24:14-MoB][cwd] /home/CSCScience.ca/apetkau/workspace/comp7934-project
[12 Dec 2019 02:24:14-MoB][version] mccortex=v0.0.3-610-g400c0e3 zlib=1.2.11 htslib=1.8-17-g699ed53 ASSERTS=ON hash=Lookup3 CHECKS=ON k=3..31
[12 Dec 2019 02:24:14-MoB] Saving graph to: human/bigsi/17/mccortex.SRR1024141.ctx
[12 Dec 2019 02:24:14-MoB][sample] 0: SRR1024141
[12 Dec 2019 02:24:14-MoB][task] human/kmer-counts-jellyfish/17/SRR1024141.kmer.gz; FASTQ offset: auto-detect, threshold: off; cut homopolymers: off; remove PCR duplicates: no; colour: 0
[12 Dec 2019 02:24:14-MoB][memory] 104 bits per kmer
[12 Dec 2019 02:24:14-MoB] Note: Using less memory than requested (1.1GB < 5GB); allows for 88,080,384 kmers
[12 Dec 2019 02:24:14-MoB][memory] graph: 1.1GB
[12 Dec 2019 02:24:14-MoB][memory] total: 1.1GB of 62.6GB RAM
[12 Dec 2019 02:24:14-MoB] Writing 1 colour graph to human/bigsi/17/mccortex.SRR1024141.ctx
[12 Dec 2019 02:24:14-MoB][hasht] Allocating table with 88,080,384 entries, using 676MB
[12 Dec 2019 02:24:14-MoB][hasht]  number of buckets: 2,097,152, bucket size: 42
[12 Dec 2019 02:24:14-MoB][graph] kmer-size: 17; colours: 1; capacity: 88,080,384
[12 Dec 2019 02:24:14-MoB][hasht] buckets: 2,097,152 [2^21]; bucket size: 42; 
[12 Dec 2019 02:24:14-MoB][hasht] memory: 676MB; filled: 0 / 88,080,384 (0.00%)
[12 Dec 2019 02:24:14-MoB][asyncio] Inputs: 1; Threads: 1
[12 Dec 2019 02:24:14-MoB][seq] Parsing sequence file human/kmer-counts-jellyfish/17/SRR1024141.kmer.gz
[12 Dec 2019 02:24:18-MoB][seq] Loaded 1,119,573 reads and 0 reads pairs (file: human/kmer-counts-jellyfish/17/SRR1024141.kmer.gz)
[12 Dec 2019 02:24:18-MoB][hasht] buckets: 2,097,152 [2^21]; bucket size: 42; 
[12 Dec 2019 02:24:18-MoB][hasht] memory: 676MB; filled: 1,119,573 / 88,080,384 (1.27%)
[12 Dec 2019 02:24:18-MoB][hasht]  collisions  0: 1119573
[12 Dec 2019 02:24:18-MoB][task] input: human/kmer-counts-jellyfish/17/SRR1024141.kmer.gz colour: 0
[12 Dec 2019 02:24:18-MoB]  SE reads: 1,119,573  PE reads: 0
[12 Dec 2019 02:24:18-MoB]  good reads: 1,119,573  bad reads: 0
[12 Dec 2019 02:24:18-MoB]  dup SE reads: 0  dup PE pairs: 0
[12 Dec 2019 02:24:18-MoB]  bases read: 19,032,741  bases loaded: 19,032,741
[12 Dec 2019 02:24:18-MoB]  num contigs: 1,119,573  num kmers: 1,119,573 novel kmers: 1,119,573
[12 Dec 2019 02:24:18-MoB] Dumping graph...
[12 Dec 2019 02:24:18-MoB][graphwriter] Saving file to: human/bigsi/17/mccortex.SRR1024141.ctx
[12 Dec 2019 02:24:18-MoB][FileFilter] Writing graph  [1 src colour]
[12 Dec 2019 02:24:18-MoB][graphwriter] Dumped 1,119,573 kmers in 1 colour into: human/bigsi/17/mccortex.SRR1024141.ctx (ver: 6)
[12 Dec 2019 02:24:18-MoB][memory] We made 19 allocs
[12 Dec 2019 02:24:18-MoB] Done.
[12 Dec 2019 02:24:18-MoB][time] 4.00 seconds
	Command being timed: "mccortex 17 build --nkmers 86000000 --threads 1 --kmer 17 --mem 5G --sample SRR1024141 --seq human/kmer-counts-jellyfish/17/SRR1024141.kmer.gz human/bigsi/17/mccortex.SRR1024141.ctx"
	User time (seconds): 3.88
	System time (seconds): 2.50
	Percent of CPU this job got: 163%
	Elapsed (wall clock) time (h:mm:ss or m:ss): 0:03.92
	Average shared text size (kbytes): 0
	Average unshared data size (kbytes): 0
	Average stack size (kbytes): 0
	Average total size (kbytes): 0
	Maximum resident set size (kbytes): 1044496
	Average resident set size (kbytes): 0
	Major (requiring I/O) page faults: 0
	Minor (reclaiming a frame) page faults: 710570
	Voluntary context switches: 259562
	Involuntary context switches: 16121
	Swaps: 0
	File system inputs: 12176
	File system outputs: 28440
	Socket messages sent: 0
	Socket messages received: 0
	Signals delivered: 0
	Page size (bytes): 4096
	Exit status: 0
