[12 Dec 2019 02:25:49-yoC][cmd] /home/CSCScience.ca/apetkau/miniconda3/envs/bigsi_mccortex/bin/mccortex31 build --nkmers 86000000 --threads 1 --kmer 17 --mem 5G --sample SRR1313156 --seq human/kmer-counts-jellyfish/17/SRR1313156.kmer.gz human/bigsi/17/mccortex.SRR1313156.ctx
[12 Dec 2019 02:25:49-yoC][cwd] /home/CSCScience.ca/apetkau/workspace/comp7934-project
[12 Dec 2019 02:25:49-yoC][version] mccortex=v0.0.3-610-g400c0e3 zlib=1.2.11 htslib=1.8-17-g699ed53 ASSERTS=ON hash=Lookup3 CHECKS=ON k=3..31
[12 Dec 2019 02:25:49-yoC] Saving graph to: human/bigsi/17/mccortex.SRR1313156.ctx
[12 Dec 2019 02:25:49-yoC][sample] 0: SRR1313156
[12 Dec 2019 02:25:49-yoC][task] human/kmer-counts-jellyfish/17/SRR1313156.kmer.gz; FASTQ offset: auto-detect, threshold: off; cut homopolymers: off; remove PCR duplicates: no; colour: 0
[12 Dec 2019 02:25:49-yoC][memory] 104 bits per kmer
[12 Dec 2019 02:25:49-yoC] Note: Using less memory than requested (1.1GB < 5GB); allows for 88,080,384 kmers
[12 Dec 2019 02:25:49-yoC][memory] graph: 1.1GB
[12 Dec 2019 02:25:49-yoC][memory] total: 1.1GB of 62.6GB RAM
[12 Dec 2019 02:25:49-yoC] Writing 1 colour graph to human/bigsi/17/mccortex.SRR1313156.ctx
[12 Dec 2019 02:25:49-yoC][hasht] Allocating table with 88,080,384 entries, using 676MB
[12 Dec 2019 02:25:49-yoC][hasht]  number of buckets: 2,097,152, bucket size: 42
[12 Dec 2019 02:25:49-yoC][graph] kmer-size: 17; colours: 1; capacity: 88,080,384
[12 Dec 2019 02:25:49-yoC][hasht] buckets: 2,097,152 [2^21]; bucket size: 42; 
[12 Dec 2019 02:25:49-yoC][hasht] memory: 676MB; filled: 0 / 88,080,384 (0.00%)
[12 Dec 2019 02:25:49-yoC][asyncio] Inputs: 1; Threads: 1
[12 Dec 2019 02:25:49-yoC][seq] Parsing sequence file human/kmer-counts-jellyfish/17/SRR1313156.kmer.gz
[12 Dec 2019 02:25:55-yoC][seq] Loaded 4,248,456 reads and 0 reads pairs (file: human/kmer-counts-jellyfish/17/SRR1313156.kmer.gz)
[12 Dec 2019 02:25:55-yoC][hasht] buckets: 2,097,152 [2^21]; bucket size: 42; 
[12 Dec 2019 02:25:55-yoC][hasht] memory: 676MB; filled: 4,248,456 / 88,080,384 (4.82%)
[12 Dec 2019 02:25:55-yoC][hasht]  collisions  0: 4248456
[12 Dec 2019 02:25:55-yoC][task] input: human/kmer-counts-jellyfish/17/SRR1313156.kmer.gz colour: 0
[12 Dec 2019 02:25:55-yoC]  SE reads: 4,248,456  PE reads: 0
[12 Dec 2019 02:25:55-yoC]  good reads: 4,248,456  bad reads: 0
[12 Dec 2019 02:25:55-yoC]  dup SE reads: 0  dup PE pairs: 0
[12 Dec 2019 02:25:55-yoC]  bases read: 72,223,752  bases loaded: 72,223,752
[12 Dec 2019 02:25:55-yoC]  num contigs: 4,248,456  num kmers: 4,248,456 novel kmers: 4,248,456
[12 Dec 2019 02:25:55-yoC] Dumping graph...
[12 Dec 2019 02:25:55-yoC][graphwriter] Saving file to: human/bigsi/17/mccortex.SRR1313156.ctx
[12 Dec 2019 02:25:55-yoC][FileFilter] Writing graph  [1 src colour]
[12 Dec 2019 02:25:56-yoC][graphwriter] Dumped 4,248,456 kmers in 1 colour into: human/bigsi/17/mccortex.SRR1313156.ctx (ver: 6)
[12 Dec 2019 02:25:56-yoC][memory] We made 19 allocs
[12 Dec 2019 02:25:56-yoC] Done.
[12 Dec 2019 02:25:56-yoC][time] 7.00 seconds
	Command being timed: "mccortex 17 build --nkmers 86000000 --threads 1 --kmer 17 --mem 5G --sample SRR1313156 --seq human/kmer-counts-jellyfish/17/SRR1313156.kmer.gz human/bigsi/17/mccortex.SRR1313156.ctx"
	User time (seconds): 8.48
	System time (seconds): 4.01
	Percent of CPU this job got: 165%
	Elapsed (wall clock) time (h:mm:ss or m:ss): 0:07.56
	Average shared text size (kbytes): 0
	Average unshared data size (kbytes): 0
	Average stack size (kbytes): 0
	Average total size (kbytes): 0
	Maximum resident set size (kbytes): 1045684
	Average resident set size (kbytes): 0
	Major (requiring I/O) page faults: 0
	Minor (reclaiming a frame) page faults: 1135590
	Voluntary context switches: 569681
	Involuntary context switches: 21006
	Swaps: 0
	File system inputs: 47160
	File system outputs: 107880
	Socket messages sent: 0
	Socket messages received: 0
	Signals delivered: 0
	Page size (bytes): 4096
	Exit status: 0
