[12 Dec 2019 02:26:13-RoK][cmd] /home/CSCScience.ca/apetkau/miniconda3/envs/bigsi_mccortex/bin/mccortex31 build --nkmers 86000000 --threads 1 --kmer 17 --mem 5G --sample SRR1313228 --seq human/kmer-counts-jellyfish/17/SRR1313228.kmer.gz human/bigsi/17/mccortex.SRR1313228.ctx
[12 Dec 2019 02:26:13-RoK][cwd] /home/CSCScience.ca/apetkau/workspace/comp7934-project
[12 Dec 2019 02:26:13-RoK][version] mccortex=v0.0.3-610-g400c0e3 zlib=1.2.11 htslib=1.8-17-g699ed53 ASSERTS=ON hash=Lookup3 CHECKS=ON k=3..31
[12 Dec 2019 02:26:13-RoK] Saving graph to: human/bigsi/17/mccortex.SRR1313228.ctx
[12 Dec 2019 02:26:13-RoK][sample] 0: SRR1313228
[12 Dec 2019 02:26:13-RoK][task] human/kmer-counts-jellyfish/17/SRR1313228.kmer.gz; FASTQ offset: auto-detect, threshold: off; cut homopolymers: off; remove PCR duplicates: no; colour: 0
[12 Dec 2019 02:26:13-RoK][memory] 104 bits per kmer
[12 Dec 2019 02:26:13-RoK] Note: Using less memory than requested (1.1GB < 5GB); allows for 88,080,384 kmers
[12 Dec 2019 02:26:13-RoK][memory] graph: 1.1GB
[12 Dec 2019 02:26:13-RoK][memory] total: 1.1GB of 62.6GB RAM
[12 Dec 2019 02:26:13-RoK] Writing 1 colour graph to human/bigsi/17/mccortex.SRR1313228.ctx
[12 Dec 2019 02:26:13-RoK][hasht] Allocating table with 88,080,384 entries, using 676MB
[12 Dec 2019 02:26:13-RoK][hasht]  number of buckets: 2,097,152, bucket size: 42
[12 Dec 2019 02:26:13-RoK][graph] kmer-size: 17; colours: 1; capacity: 88,080,384
[12 Dec 2019 02:26:13-RoK][hasht] buckets: 2,097,152 [2^21]; bucket size: 42; 
[12 Dec 2019 02:26:13-RoK][hasht] memory: 676MB; filled: 0 / 88,080,384 (0.00%)
[12 Dec 2019 02:26:13-RoK][asyncio] Inputs: 1; Threads: 1
[12 Dec 2019 02:26:13-RoK][seq] Parsing sequence file human/kmer-counts-jellyfish/17/SRR1313228.kmer.gz
[12 Dec 2019 02:26:23-RoK][seq] Loaded 4,748,880 reads and 0 reads pairs (file: human/kmer-counts-jellyfish/17/SRR1313228.kmer.gz)
[12 Dec 2019 02:26:23-RoK][hasht] buckets: 2,097,152 [2^21]; bucket size: 42; 
[12 Dec 2019 02:26:23-RoK][hasht] memory: 676MB; filled: 4,748,880 / 88,080,384 (5.39%)
[12 Dec 2019 02:26:23-RoK][hasht]  collisions  0: 4748880
[12 Dec 2019 02:26:23-RoK][task] input: human/kmer-counts-jellyfish/17/SRR1313228.kmer.gz colour: 0
[12 Dec 2019 02:26:23-RoK]  SE reads: 4,748,880  PE reads: 0
[12 Dec 2019 02:26:23-RoK]  good reads: 4,748,880  bad reads: 0
[12 Dec 2019 02:26:23-RoK]  dup SE reads: 0  dup PE pairs: 0
[12 Dec 2019 02:26:23-RoK]  bases read: 80,730,960  bases loaded: 80,730,960
[12 Dec 2019 02:26:23-RoK]  num contigs: 4,748,880  num kmers: 4,748,880 novel kmers: 4,748,880
[12 Dec 2019 02:26:23-RoK] Dumping graph...
[12 Dec 2019 02:26:23-RoK][graphwriter] Saving file to: human/bigsi/17/mccortex.SRR1313228.ctx
[12 Dec 2019 02:26:23-RoK][FileFilter] Writing graph  [1 src colour]
[12 Dec 2019 02:26:23-RoK][graphwriter] Dumped 4,748,880 kmers in 1 colour into: human/bigsi/17/mccortex.SRR1313228.ctx (ver: 6)
[12 Dec 2019 02:26:24-RoK][memory] We made 19 allocs
[12 Dec 2019 02:26:24-RoK] Done.
[12 Dec 2019 02:26:24-RoK][time] 11.00 seconds
	Command being timed: "mccortex 17 build --nkmers 86000000 --threads 1 --kmer 17 --mem 5G --sample SRR1313228 --seq human/kmer-counts-jellyfish/17/SRR1313228.kmer.gz human/bigsi/17/mccortex.SRR1313228.ctx"
	User time (seconds): 14.88
	System time (seconds): 3.85
	Percent of CPU this job got: 175%
	Elapsed (wall clock) time (h:mm:ss or m:ss): 0:10.67
	Average shared text size (kbytes): 0
	Average unshared data size (kbytes): 0
	Average stack size (kbytes): 0
	Average total size (kbytes): 0
	Maximum resident set size (kbytes): 1045584
	Average resident set size (kbytes): 0
	Major (requiring I/O) page faults: 0
	Minor (reclaiming a frame) page faults: 1108826
	Voluntary context switches: 401784
	Involuntary context switches: 44
	Swaps: 0
	File system inputs: 52768
	File system outputs: 120592
	Socket messages sent: 0
	Socket messages received: 0
	Signals delivered: 0
	Page size (bytes): 4096
	Exit status: 0
