[12 Dec 2019 02:26:47-SiK][cmd] /home/CSCScience.ca/apetkau/miniconda3/envs/bigsi_mccortex/bin/mccortex31 build --nkmers 86000000 --threads 1 --kmer 17 --mem 5G --sample SRR191555 --seq human/kmer-counts-jellyfish/17/SRR191555.kmer.gz human/bigsi/17/mccortex.SRR191555.ctx
[12 Dec 2019 02:26:47-SiK][cwd] /home/CSCScience.ca/apetkau/workspace/comp7934-project
[12 Dec 2019 02:26:47-SiK][version] mccortex=v0.0.3-610-g400c0e3 zlib=1.2.11 htslib=1.8-17-g699ed53 ASSERTS=ON hash=Lookup3 CHECKS=ON k=3..31
[12 Dec 2019 02:26:47-SiK] Saving graph to: human/bigsi/17/mccortex.SRR191555.ctx
[12 Dec 2019 02:26:47-SiK][sample] 0: SRR191555
[12 Dec 2019 02:26:47-SiK][task] human/kmer-counts-jellyfish/17/SRR191555.kmer.gz; FASTQ offset: auto-detect, threshold: off; cut homopolymers: off; remove PCR duplicates: no; colour: 0
[12 Dec 2019 02:26:47-SiK][memory] 104 bits per kmer
[12 Dec 2019 02:26:47-SiK] Note: Using less memory than requested (1.1GB < 5GB); allows for 88,080,384 kmers
[12 Dec 2019 02:26:47-SiK][memory] graph: 1.1GB
[12 Dec 2019 02:26:47-SiK][memory] total: 1.1GB of 62.6GB RAM
[12 Dec 2019 02:26:47-SiK] Writing 1 colour graph to human/bigsi/17/mccortex.SRR191555.ctx
[12 Dec 2019 02:26:47-SiK][hasht] Allocating table with 88,080,384 entries, using 676MB
[12 Dec 2019 02:26:47-SiK][hasht]  number of buckets: 2,097,152, bucket size: 42
[12 Dec 2019 02:26:47-SiK][graph] kmer-size: 17; colours: 1; capacity: 88,080,384
[12 Dec 2019 02:26:47-SiK][hasht] buckets: 2,097,152 [2^21]; bucket size: 42; 
[12 Dec 2019 02:26:47-SiK][hasht] memory: 676MB; filled: 0 / 88,080,384 (0.00%)
[12 Dec 2019 02:26:47-SiK][asyncio] Inputs: 1; Threads: 1
[12 Dec 2019 02:26:47-SiK][seq] Parsing sequence file human/kmer-counts-jellyfish/17/SRR191555.kmer.gz
[12 Dec 2019 02:26:48-SiK][seq] Loaded 155,226 reads and 0 reads pairs (file: human/kmer-counts-jellyfish/17/SRR191555.kmer.gz)
[12 Dec 2019 02:26:48-SiK][hasht] buckets: 2,097,152 [2^21]; bucket size: 42; 
[12 Dec 2019 02:26:48-SiK][hasht] memory: 676MB; filled: 155,226 / 88,080,384 (0.18%)
[12 Dec 2019 02:26:48-SiK][hasht]  collisions  0: 155226
[12 Dec 2019 02:26:48-SiK][task] input: human/kmer-counts-jellyfish/17/SRR191555.kmer.gz colour: 0
[12 Dec 2019 02:26:48-SiK]  SE reads: 155,226  PE reads: 0
[12 Dec 2019 02:26:48-SiK]  good reads: 155,226  bad reads: 0
[12 Dec 2019 02:26:48-SiK]  dup SE reads: 0  dup PE pairs: 0
[12 Dec 2019 02:26:48-SiK]  bases read: 2,638,842  bases loaded: 2,638,842
[12 Dec 2019 02:26:48-SiK]  num contigs: 155,226  num kmers: 155,226 novel kmers: 155,226
[12 Dec 2019 02:26:48-SiK] Dumping graph...
[12 Dec 2019 02:26:48-SiK][graphwriter] Saving file to: human/bigsi/17/mccortex.SRR191555.ctx
[12 Dec 2019 02:26:48-SiK][FileFilter] Writing graph  [1 src colour]
[12 Dec 2019 02:26:48-SiK][graphwriter] Dumped 155,226 kmers in 1 colour into: human/bigsi/17/mccortex.SRR191555.ctx (ver: 6)
[12 Dec 2019 02:26:48-SiK][memory] We made 19 allocs
[12 Dec 2019 02:26:48-SiK] Done.
[12 Dec 2019 02:26:48-SiK][time] 1.00 seconds
	Command being timed: "mccortex 17 build --nkmers 86000000 --threads 1 --kmer 17 --mem 5G --sample SRR191555 --seq human/kmer-counts-jellyfish/17/SRR191555.kmer.gz human/bigsi/17/mccortex.SRR191555.ctx"
	User time (seconds): 0.55
	System time (seconds): 0.79
	Percent of CPU this job got: 152%
	Elapsed (wall clock) time (h:mm:ss or m:ss): 0:00.88
	Average shared text size (kbytes): 0
	Average unshared data size (kbytes): 0
	Average stack size (kbytes): 0
	Average total size (kbytes): 0
	Maximum resident set size (kbytes): 709824
	Average resident set size (kbytes): 0
	Major (requiring I/O) page faults: 0
	Minor (reclaiming a frame) page faults: 271699
	Voluntary context switches: 81301
	Involuntary context switches: 8
	Swaps: 0
	File system inputs: 1616
	File system outputs: 3952
	Socket messages sent: 0
	Socket messages received: 0
	Signals delivered: 0
	Page size (bytes): 4096
	Exit status: 0
