[12 Dec 2019 02:24:14-ROF][cmd] /home/CSCScience.ca/apetkau/miniconda3/envs/bigsi_mccortex/bin/mccortex31 build --nkmers 86000000 --threads 1 --kmer 17 --mem 5G --sample SRR1035695 --seq human/kmer-counts-jellyfish/17/SRR1035695.kmer.gz human/bigsi/17/mccortex.SRR1035695.ctx
[12 Dec 2019 02:24:14-ROF][cwd] /home/CSCScience.ca/apetkau/workspace/comp7934-project
[12 Dec 2019 02:24:14-ROF][version] mccortex=v0.0.3-610-g400c0e3 zlib=1.2.11 htslib=1.8-17-g699ed53 ASSERTS=ON hash=Lookup3 CHECKS=ON k=3..31
[12 Dec 2019 02:24:14-ROF] Saving graph to: human/bigsi/17/mccortex.SRR1035695.ctx
[12 Dec 2019 02:24:14-ROF][sample] 0: SRR1035695
[12 Dec 2019 02:24:14-ROF][task] human/kmer-counts-jellyfish/17/SRR1035695.kmer.gz; FASTQ offset: auto-detect, threshold: off; cut homopolymers: off; remove PCR duplicates: no; colour: 0
[12 Dec 2019 02:24:14-ROF][memory] 104 bits per kmer
[12 Dec 2019 02:24:14-ROF] Note: Using less memory than requested (1.1GB < 5GB); allows for 88,080,384 kmers
[12 Dec 2019 02:24:14-ROF][memory] graph: 1.1GB
[12 Dec 2019 02:24:14-ROF][memory] total: 1.1GB of 62.6GB RAM
[12 Dec 2019 02:24:14-ROF] Writing 1 colour graph to human/bigsi/17/mccortex.SRR1035695.ctx
[12 Dec 2019 02:24:14-ROF][hasht] Allocating table with 88,080,384 entries, using 676MB
[12 Dec 2019 02:24:14-ROF][hasht]  number of buckets: 2,097,152, bucket size: 42
[12 Dec 2019 02:24:14-ROF][graph] kmer-size: 17; colours: 1; capacity: 88,080,384
[12 Dec 2019 02:24:14-ROF][hasht] buckets: 2,097,152 [2^21]; bucket size: 42; 
[12 Dec 2019 02:24:14-ROF][hasht] memory: 676MB; filled: 0 / 88,080,384 (0.00%)
[12 Dec 2019 02:24:14-ROF][asyncio] Inputs: 1; Threads: 1
[12 Dec 2019 02:24:14-ROF][seq] Parsing sequence file human/kmer-counts-jellyfish/17/SRR1035695.kmer.gz
[12 Dec 2019 02:24:25-ROF][seq] Loaded 4,320,209 reads and 0 reads pairs (file: human/kmer-counts-jellyfish/17/SRR1035695.kmer.gz)
[12 Dec 2019 02:24:25-ROF][hasht] buckets: 2,097,152 [2^21]; bucket size: 42; 
[12 Dec 2019 02:24:25-ROF][hasht] memory: 676MB; filled: 4,320,209 / 88,080,384 (4.90%)
[12 Dec 2019 02:24:25-ROF][hasht]  collisions  0: 4320209
[12 Dec 2019 02:24:25-ROF][task] input: human/kmer-counts-jellyfish/17/SRR1035695.kmer.gz colour: 0
[12 Dec 2019 02:24:25-ROF]  SE reads: 4,320,209  PE reads: 0
[12 Dec 2019 02:24:25-ROF]  good reads: 4,320,209  bad reads: 0
[12 Dec 2019 02:24:25-ROF]  dup SE reads: 0  dup PE pairs: 0
[12 Dec 2019 02:24:25-ROF]  bases read: 73,443,553  bases loaded: 73,443,553
[12 Dec 2019 02:24:25-ROF]  num contigs: 4,320,209  num kmers: 4,320,209 novel kmers: 4,320,209
[12 Dec 2019 02:24:25-ROF] Dumping graph...
[12 Dec 2019 02:24:25-ROF][graphwriter] Saving file to: human/bigsi/17/mccortex.SRR1035695.ctx
[12 Dec 2019 02:24:25-ROF][FileFilter] Writing graph  [1 src colour]
[12 Dec 2019 02:24:25-ROF][graphwriter] Dumped 4,320,209 kmers in 1 colour into: human/bigsi/17/mccortex.SRR1035695.ctx (ver: 6)
[12 Dec 2019 02:24:25-ROF][memory] We made 19 allocs
[12 Dec 2019 02:24:25-ROF] Done.
[12 Dec 2019 02:24:25-ROF][time] 11.00 seconds
	Command being timed: "mccortex 17 build --nkmers 86000000 --threads 1 --kmer 17 --mem 5G --sample SRR1035695 --seq human/kmer-counts-jellyfish/17/SRR1035695.kmer.gz human/bigsi/17/mccortex.SRR1035695.ctx"
	User time (seconds): 10.91
	System time (seconds): 6.83
	Percent of CPU this job got: 158%
	Elapsed (wall clock) time (h:mm:ss or m:ss): 0:11.22
	Average shared text size (kbytes): 0
	Average unshared data size (kbytes): 0
	Average stack size (kbytes): 0
	Average total size (kbytes): 0
	Maximum resident set size (kbytes): 1045480
	Average resident set size (kbytes): 0
	Major (requiring I/O) page faults: 0
	Minor (reclaiming a frame) page faults: 1220216
	Voluntary context switches: 715780
	Involuntary context switches: 54372
	Swaps: 0
	File system inputs: 48016
	File system outputs: 109704
	Socket messages sent: 0
	Socket messages received: 0
	Signals delivered: 0
	Page size (bytes): 4096
	Exit status: 0
