[12 Dec 2019 02:27:14-qoG][cmd] /home/CSCScience.ca/apetkau/miniconda3/envs/bigsi_mccortex/bin/mccortex31 build --nkmers 86000000 --threads 1 --kmer 17 --mem 5G --sample SRR299111 --seq human/kmer-counts-jellyfish/17/SRR299111.kmer.gz human/bigsi/17/mccortex.SRR299111.ctx
[12 Dec 2019 02:27:14-qoG][cwd] /home/CSCScience.ca/apetkau/workspace/comp7934-project
[12 Dec 2019 02:27:14-qoG][version] mccortex=v0.0.3-610-g400c0e3 zlib=1.2.11 htslib=1.8-17-g699ed53 ASSERTS=ON hash=Lookup3 CHECKS=ON k=3..31
[12 Dec 2019 02:27:14-qoG] Saving graph to: human/bigsi/17/mccortex.SRR299111.ctx
[12 Dec 2019 02:27:14-qoG][sample] 0: SRR299111
[12 Dec 2019 02:27:14-qoG][task] human/kmer-counts-jellyfish/17/SRR299111.kmer.gz; FASTQ offset: auto-detect, threshold: off; cut homopolymers: off; remove PCR duplicates: no; colour: 0
[12 Dec 2019 02:27:14-qoG][memory] 104 bits per kmer
[12 Dec 2019 02:27:14-qoG] Note: Using less memory than requested (1.1GB < 5GB); allows for 88,080,384 kmers
[12 Dec 2019 02:27:14-qoG][memory] graph: 1.1GB
[12 Dec 2019 02:27:14-qoG][memory] total: 1.1GB of 62.6GB RAM
[12 Dec 2019 02:27:14-qoG] Writing 1 colour graph to human/bigsi/17/mccortex.SRR299111.ctx
[12 Dec 2019 02:27:14-qoG][hasht] Allocating table with 88,080,384 entries, using 676MB
[12 Dec 2019 02:27:14-qoG][hasht]  number of buckets: 2,097,152, bucket size: 42
[12 Dec 2019 02:27:14-qoG][graph] kmer-size: 17; colours: 1; capacity: 88,080,384
[12 Dec 2019 02:27:14-qoG][hasht] buckets: 2,097,152 [2^21]; bucket size: 42; 
[12 Dec 2019 02:27:14-qoG][hasht] memory: 676MB; filled: 0 / 88,080,384 (0.00%)
[12 Dec 2019 02:27:14-qoG][asyncio] Inputs: 1; Threads: 1
[12 Dec 2019 02:27:14-qoG][seq] Parsing sequence file human/kmer-counts-jellyfish/17/SRR299111.kmer.gz
[12 Dec 2019 02:27:18-qoG][seq] Loaded 1,678,910 reads and 0 reads pairs (file: human/kmer-counts-jellyfish/17/SRR299111.kmer.gz)
[12 Dec 2019 02:27:18-qoG][hasht] buckets: 2,097,152 [2^21]; bucket size: 42; 
[12 Dec 2019 02:27:18-qoG][hasht] memory: 676MB; filled: 1,678,910 / 88,080,384 (1.91%)
[12 Dec 2019 02:27:18-qoG][hasht]  collisions  0: 1678910
[12 Dec 2019 02:27:18-qoG][task] input: human/kmer-counts-jellyfish/17/SRR299111.kmer.gz colour: 0
[12 Dec 2019 02:27:18-qoG]  SE reads: 1,678,910  PE reads: 0
[12 Dec 2019 02:27:18-qoG]  good reads: 1,678,910  bad reads: 0
[12 Dec 2019 02:27:18-qoG]  dup SE reads: 0  dup PE pairs: 0
[12 Dec 2019 02:27:18-qoG]  bases read: 28,541,470  bases loaded: 28,541,470
[12 Dec 2019 02:27:18-qoG]  num contigs: 1,678,910  num kmers: 1,678,910 novel kmers: 1,678,910
[12 Dec 2019 02:27:18-qoG] Dumping graph...
[12 Dec 2019 02:27:18-qoG][graphwriter] Saving file to: human/bigsi/17/mccortex.SRR299111.ctx
[12 Dec 2019 02:27:18-qoG][FileFilter] Writing graph  [1 src colour]
[12 Dec 2019 02:27:19-qoG][graphwriter] Dumped 1,678,910 kmers in 1 colour into: human/bigsi/17/mccortex.SRR299111.ctx (ver: 6)
[12 Dec 2019 02:27:19-qoG][memory] We made 19 allocs
[12 Dec 2019 02:27:19-qoG] Done.
[12 Dec 2019 02:27:19-qoG][time] 5.00 seconds
	Command being timed: "mccortex 17 build --nkmers 86000000 --threads 1 --kmer 17 --mem 5G --sample SRR299111 --seq human/kmer-counts-jellyfish/17/SRR299111.kmer.gz human/bigsi/17/mccortex.SRR299111.ctx"
	User time (seconds): 5.66
	System time (seconds): 2.83
	Percent of CPU this job got: 164%
	Elapsed (wall clock) time (h:mm:ss or m:ss): 0:05.16
	Average shared text size (kbytes): 0
	Average unshared data size (kbytes): 0
	Average stack size (kbytes): 0
	Average total size (kbytes): 0
	Maximum resident set size (kbytes): 1045560
	Average resident set size (kbytes): 0
	Major (requiring I/O) page faults: 0
	Minor (reclaiming a frame) page faults: 713345
	Voluntary context switches: 253759
	Involuntary context switches: 97
	Swaps: 0
	File system inputs: 18472
	File system outputs: 42640
	Socket messages sent: 0
	Socket messages received: 0
	Signals delivered: 0
	Page size (bytes): 4096
	Exit status: 0
