[12 Dec 2019 02:24:14-GaB][cmd] /home/CSCScience.ca/apetkau/miniconda3/envs/bigsi_mccortex/bin/mccortex31 build --nkmers 86000000 --threads 1 --kmer 17 --mem 5G --sample SRR1033463 --seq human/kmer-counts-jellyfish/17/SRR1033463.kmer.gz human/bigsi/17/mccortex.SRR1033463.ctx
[12 Dec 2019 02:24:14-GaB][cwd] /home/CSCScience.ca/apetkau/workspace/comp7934-project
[12 Dec 2019 02:24:14-GaB][version] mccortex=v0.0.3-610-g400c0e3 zlib=1.2.11 htslib=1.8-17-g699ed53 ASSERTS=ON hash=Lookup3 CHECKS=ON k=3..31
[12 Dec 2019 02:24:14-GaB] Saving graph to: human/bigsi/17/mccortex.SRR1033463.ctx
[12 Dec 2019 02:24:14-GaB][sample] 0: SRR1033463
[12 Dec 2019 02:24:14-GaB][task] human/kmer-counts-jellyfish/17/SRR1033463.kmer.gz; FASTQ offset: auto-detect, threshold: off; cut homopolymers: off; remove PCR duplicates: no; colour: 0
[12 Dec 2019 02:24:14-GaB][memory] 104 bits per kmer
[12 Dec 2019 02:24:14-GaB] Note: Using less memory than requested (1.1GB < 5GB); allows for 88,080,384 kmers
[12 Dec 2019 02:24:14-GaB][memory] graph: 1.1GB
[12 Dec 2019 02:24:14-GaB][memory] total: 1.1GB of 62.6GB RAM
[12 Dec 2019 02:24:14-GaB] Writing 1 colour graph to human/bigsi/17/mccortex.SRR1033463.ctx
[12 Dec 2019 02:24:14-GaB][hasht] Allocating table with 88,080,384 entries, using 676MB
[12 Dec 2019 02:24:14-GaB][hasht]  number of buckets: 2,097,152, bucket size: 42
[12 Dec 2019 02:24:14-GaB][graph] kmer-size: 17; colours: 1; capacity: 88,080,384
[12 Dec 2019 02:24:14-GaB][hasht] buckets: 2,097,152 [2^21]; bucket size: 42; 
[12 Dec 2019 02:24:14-GaB][hasht] memory: 676MB; filled: 0 / 88,080,384 (0.00%)
[12 Dec 2019 02:24:14-GaB][asyncio] Inputs: 1; Threads: 1
[12 Dec 2019 02:24:14-GaB][seq] Parsing sequence file human/kmer-counts-jellyfish/17/SRR1033463.kmer.gz
[12 Dec 2019 02:24:23-GaB][BuildGraph] Read 5,000,000 entries (reads / read pairs)
[12 Dec 2019 02:24:26-GaB][seq] Loaded 7,130,421 reads and 0 reads pairs (file: human/kmer-counts-jellyfish/17/SRR1033463.kmer.gz)
[12 Dec 2019 02:24:26-GaB][hasht] buckets: 2,097,152 [2^21]; bucket size: 42; 
[12 Dec 2019 02:24:26-GaB][hasht] memory: 676MB; filled: 7,130,421 / 88,080,384 (8.10%)
[12 Dec 2019 02:24:26-GaB][hasht]  collisions  0: 7130421
[12 Dec 2019 02:24:26-GaB][task] input: human/kmer-counts-jellyfish/17/SRR1033463.kmer.gz colour: 0
[12 Dec 2019 02:24:26-GaB]  SE reads: 7,130,421  PE reads: 0
[12 Dec 2019 02:24:26-GaB]  good reads: 7,130,421  bad reads: 0
[12 Dec 2019 02:24:26-GaB]  dup SE reads: 0  dup PE pairs: 0
[12 Dec 2019 02:24:26-GaB]  bases read: 121,217,157  bases loaded: 121,217,157
[12 Dec 2019 02:24:26-GaB]  num contigs: 7,130,421  num kmers: 7,130,421 novel kmers: 7,130,421
[12 Dec 2019 02:24:26-GaB] Dumping graph...
[12 Dec 2019 02:24:26-GaB][graphwriter] Saving file to: human/bigsi/17/mccortex.SRR1033463.ctx
[12 Dec 2019 02:24:26-GaB][FileFilter] Writing graph  [1 src colour]
[12 Dec 2019 02:24:27-GaB][graphwriter] Dumped 7,130,421 kmers in 1 colour into: human/bigsi/17/mccortex.SRR1033463.ctx (ver: 6)
[12 Dec 2019 02:24:27-GaB][memory] We made 19 allocs
[12 Dec 2019 02:24:27-GaB] Done.
[12 Dec 2019 02:24:27-GaB][time] 13.00 seconds
	Command being timed: "mccortex 17 build --nkmers 86000000 --threads 1 --kmer 17 --mem 5G --sample SRR1033463 --seq human/kmer-counts-jellyfish/17/SRR1033463.kmer.gz human/bigsi/17/mccortex.SRR1033463.ctx"
	User time (seconds): 14.67
	System time (seconds): 6.26
	Percent of CPU this job got: 157%
	Elapsed (wall clock) time (h:mm:ss or m:ss): 0:13.31
	Average shared text size (kbytes): 0
	Average unshared data size (kbytes): 0
	Average stack size (kbytes): 0
	Average total size (kbytes): 0
	Maximum resident set size (kbytes): 1045724
	Average resident set size (kbytes): 0
	Major (requiring I/O) page faults: 0
	Minor (reclaiming a frame) page faults: 1499961
	Voluntary context switches: 826026
	Involuntary context switches: 61444
	Swaps: 0
	File system inputs: 79112
	File system outputs: 181056
	Socket messages sent: 0
	Socket messages received: 0
	Signals delivered: 0
	Page size (bytes): 4096
	Exit status: 0
