[12 Dec 2019 02:26:30-COg][cmd] /home/CSCScience.ca/apetkau/miniconda3/envs/bigsi_mccortex/bin/mccortex31 build --nkmers 86000000 --threads 1 --kmer 17 --mem 5G --sample SRR191403 --seq human/kmer-counts-jellyfish/17/SRR191403.kmer.gz human/bigsi/17/mccortex.SRR191403.ctx
[12 Dec 2019 02:26:30-COg][cwd] /home/CSCScience.ca/apetkau/workspace/comp7934-project
[12 Dec 2019 02:26:30-COg][version] mccortex=v0.0.3-610-g400c0e3 zlib=1.2.11 htslib=1.8-17-g699ed53 ASSERTS=ON hash=Lookup3 CHECKS=ON k=3..31
[12 Dec 2019 02:26:30-COg] Saving graph to: human/bigsi/17/mccortex.SRR191403.ctx
[12 Dec 2019 02:26:30-COg][sample] 0: SRR191403
[12 Dec 2019 02:26:30-COg][task] human/kmer-counts-jellyfish/17/SRR191403.kmer.gz; FASTQ offset: auto-detect, threshold: off; cut homopolymers: off; remove PCR duplicates: no; colour: 0
[12 Dec 2019 02:26:30-COg][memory] 104 bits per kmer
[12 Dec 2019 02:26:30-COg] Note: Using less memory than requested (1.1GB < 5GB); allows for 88,080,384 kmers
[12 Dec 2019 02:26:30-COg][memory] graph: 1.1GB
[12 Dec 2019 02:26:30-COg][memory] total: 1.1GB of 62.6GB RAM
[12 Dec 2019 02:26:30-COg] Writing 1 colour graph to human/bigsi/17/mccortex.SRR191403.ctx
[12 Dec 2019 02:26:30-COg][hasht] Allocating table with 88,080,384 entries, using 676MB
[12 Dec 2019 02:26:30-COg][hasht]  number of buckets: 2,097,152, bucket size: 42
[12 Dec 2019 02:26:30-COg][graph] kmer-size: 17; colours: 1; capacity: 88,080,384
[12 Dec 2019 02:26:30-COg][hasht] buckets: 2,097,152 [2^21]; bucket size: 42; 
[12 Dec 2019 02:26:30-COg][hasht] memory: 676MB; filled: 0 / 88,080,384 (0.00%)
[12 Dec 2019 02:26:30-COg][asyncio] Inputs: 1; Threads: 1
[12 Dec 2019 02:26:30-COg][seq] Parsing sequence file human/kmer-counts-jellyfish/17/SRR191403.kmer.gz
[12 Dec 2019 02:26:31-COg][seq] Loaded 150,901 reads and 0 reads pairs (file: human/kmer-counts-jellyfish/17/SRR191403.kmer.gz)
[12 Dec 2019 02:26:31-COg][hasht] buckets: 2,097,152 [2^21]; bucket size: 42; 
[12 Dec 2019 02:26:31-COg][hasht] memory: 676MB; filled: 150,901 / 88,080,384 (0.17%)
[12 Dec 2019 02:26:31-COg][hasht]  collisions  0: 150901
[12 Dec 2019 02:26:31-COg][task] input: human/kmer-counts-jellyfish/17/SRR191403.kmer.gz colour: 0
[12 Dec 2019 02:26:31-COg]  SE reads: 150,901  PE reads: 0
[12 Dec 2019 02:26:31-COg]  good reads: 150,901  bad reads: 0
[12 Dec 2019 02:26:31-COg]  dup SE reads: 0  dup PE pairs: 0
[12 Dec 2019 02:26:31-COg]  bases read: 2,565,317  bases loaded: 2,565,317
[12 Dec 2019 02:26:31-COg]  num contigs: 150,901  num kmers: 150,901 novel kmers: 150,901
[12 Dec 2019 02:26:31-COg] Dumping graph...
[12 Dec 2019 02:26:31-COg][graphwriter] Saving file to: human/bigsi/17/mccortex.SRR191403.ctx
[12 Dec 2019 02:26:31-COg][FileFilter] Writing graph  [1 src colour]
[12 Dec 2019 02:26:31-COg][graphwriter] Dumped 150,901 kmers in 1 colour into: human/bigsi/17/mccortex.SRR191403.ctx (ver: 6)
[12 Dec 2019 02:26:31-COg][memory] We made 19 allocs
[12 Dec 2019 02:26:31-COg] Done.
[12 Dec 2019 02:26:31-COg][time] 1.00 seconds
	Command being timed: "mccortex 17 build --nkmers 86000000 --threads 1 --kmer 17 --mem 5G --sample SRR191403 --seq human/kmer-counts-jellyfish/17/SRR191403.kmer.gz human/bigsi/17/mccortex.SRR191403.ctx"
	User time (seconds): 0.54
	System time (seconds): 0.79
	Percent of CPU this job got: 153%
	Elapsed (wall clock) time (h:mm:ss or m:ss): 0:00.87
	Average shared text size (kbytes): 0
	Average unshared data size (kbytes): 0
	Average stack size (kbytes): 0
	Average total size (kbytes): 0
	Maximum resident set size (kbytes): 699744
	Average resident set size (kbytes): 0
	Major (requiring I/O) page faults: 0
	Minor (reclaiming a frame) page faults: 268418
	Voluntary context switches: 78278
	Involuntary context switches: 10
	Swaps: 0
	File system inputs: 1560
	File system outputs: 3840
	Socket messages sent: 0
	Socket messages received: 0
	Signals delivered: 0
	Page size (bytes): 4096
	Exit status: 0
