[12 Dec 2019 02:27:29-Quy][cmd] /home/CSCScience.ca/apetkau/miniconda3/envs/bigsi_mccortex/bin/mccortex31 build --nkmers 86000000 --threads 1 --kmer 17 --mem 5G --sample SRR518951 --seq human/kmer-counts-jellyfish/17/SRR518951.kmer.gz human/bigsi/17/mccortex.SRR518951.ctx
[12 Dec 2019 02:27:29-Quy][cwd] /home/CSCScience.ca/apetkau/workspace/comp7934-project
[12 Dec 2019 02:27:29-Quy][version] mccortex=v0.0.3-610-g400c0e3 zlib=1.2.11 htslib=1.8-17-g699ed53 ASSERTS=ON hash=Lookup3 CHECKS=ON k=3..31
[12 Dec 2019 02:27:29-Quy] Saving graph to: human/bigsi/17/mccortex.SRR518951.ctx
[12 Dec 2019 02:27:29-Quy][sample] 0: SRR518951
[12 Dec 2019 02:27:29-Quy][task] human/kmer-counts-jellyfish/17/SRR518951.kmer.gz; FASTQ offset: auto-detect, threshold: off; cut homopolymers: off; remove PCR duplicates: no; colour: 0
[12 Dec 2019 02:27:29-Quy][memory] 104 bits per kmer
[12 Dec 2019 02:27:29-Quy] Note: Using less memory than requested (1.1GB < 5GB); allows for 88,080,384 kmers
[12 Dec 2019 02:27:29-Quy][memory] graph: 1.1GB
[12 Dec 2019 02:27:29-Quy][memory] total: 1.1GB of 62.6GB RAM
[12 Dec 2019 02:27:29-Quy] Writing 1 colour graph to human/bigsi/17/mccortex.SRR518951.ctx
[12 Dec 2019 02:27:29-Quy][hasht] Allocating table with 88,080,384 entries, using 676MB
[12 Dec 2019 02:27:29-Quy][hasht]  number of buckets: 2,097,152, bucket size: 42
[12 Dec 2019 02:27:29-Quy][graph] kmer-size: 17; colours: 1; capacity: 88,080,384
[12 Dec 2019 02:27:29-Quy][hasht] buckets: 2,097,152 [2^21]; bucket size: 42; 
[12 Dec 2019 02:27:29-Quy][hasht] memory: 676MB; filled: 0 / 88,080,384 (0.00%)
[12 Dec 2019 02:27:29-Quy][asyncio] Inputs: 1; Threads: 1
[12 Dec 2019 02:27:29-Quy][seq] Parsing sequence file human/kmer-counts-jellyfish/17/SRR518951.kmer.gz
[12 Dec 2019 02:27:31-Quy][seq] Loaded 462,264 reads and 0 reads pairs (file: human/kmer-counts-jellyfish/17/SRR518951.kmer.gz)
[12 Dec 2019 02:27:31-Quy][hasht] buckets: 2,097,152 [2^21]; bucket size: 42; 
[12 Dec 2019 02:27:31-Quy][hasht] memory: 676MB; filled: 462,264 / 88,080,384 (0.52%)
[12 Dec 2019 02:27:31-Quy][hasht]  collisions  0: 462264
[12 Dec 2019 02:27:31-Quy][task] input: human/kmer-counts-jellyfish/17/SRR518951.kmer.gz colour: 0
[12 Dec 2019 02:27:31-Quy]  SE reads: 462,264  PE reads: 0
[12 Dec 2019 02:27:31-Quy]  good reads: 462,264  bad reads: 0
[12 Dec 2019 02:27:31-Quy]  dup SE reads: 0  dup PE pairs: 0
[12 Dec 2019 02:27:31-Quy]  bases read: 7,858,488  bases loaded: 7,858,488
[12 Dec 2019 02:27:31-Quy]  num contigs: 462,264  num kmers: 462,264 novel kmers: 462,264
[12 Dec 2019 02:27:31-Quy] Dumping graph...
[12 Dec 2019 02:27:31-Quy][graphwriter] Saving file to: human/bigsi/17/mccortex.SRR518951.ctx
[12 Dec 2019 02:27:31-Quy][FileFilter] Writing graph  [1 src colour]
[12 Dec 2019 02:27:31-Quy][graphwriter] Dumped 462,264 kmers in 1 colour into: human/bigsi/17/mccortex.SRR518951.ctx (ver: 6)
[12 Dec 2019 02:27:31-Quy][memory] We made 19 allocs
[12 Dec 2019 02:27:31-Quy] Done.
[12 Dec 2019 02:27:31-Quy][time] 2.00 seconds
	Command being timed: "mccortex 17 build --nkmers 86000000 --threads 1 --kmer 17 --mem 5G --sample SRR518951 --seq human/kmer-counts-jellyfish/17/SRR518951.kmer.gz human/bigsi/17/mccortex.SRR518951.ctx"
	User time (seconds): 1.56
	System time (seconds): 1.44
	Percent of CPU this job got: 155%
	Elapsed (wall clock) time (h:mm:ss or m:ss): 0:01.92
	Average shared text size (kbytes): 0
	Average unshared data size (kbytes): 0
	Average stack size (kbytes): 0
	Average total size (kbytes): 0
	Maximum resident set size (kbytes): 996960
	Average resident set size (kbytes): 0
	Major (requiring I/O) page faults: 0
	Minor (reclaiming a frame) page faults: 516842
	Voluntary context switches: 139773
	Involuntary context switches: 20
	Swaps: 0
	File system inputs: 4912
	File system outputs: 11752
	Socket messages sent: 0
	Socket messages received: 0
	Signals delivered: 0
	Page size (bytes): 4096
	Exit status: 0
