[12 Dec 2019 02:26:40-wUN][cmd] /home/CSCScience.ca/apetkau/miniconda3/envs/bigsi_mccortex/bin/mccortex31 build --nkmers 86000000 --threads 1 --kmer 17 --mem 5G --sample SRR191480 --seq human/kmer-counts-jellyfish/17/SRR191480.kmer.gz human/bigsi/17/mccortex.SRR191480.ctx
[12 Dec 2019 02:26:40-wUN][cwd] /home/CSCScience.ca/apetkau/workspace/comp7934-project
[12 Dec 2019 02:26:40-wUN][version] mccortex=v0.0.3-610-g400c0e3 zlib=1.2.11 htslib=1.8-17-g699ed53 ASSERTS=ON hash=Lookup3 CHECKS=ON k=3..31
[12 Dec 2019 02:26:40-wUN] Saving graph to: human/bigsi/17/mccortex.SRR191480.ctx
[12 Dec 2019 02:26:40-wUN][sample] 0: SRR191480
[12 Dec 2019 02:26:40-wUN][task] human/kmer-counts-jellyfish/17/SRR191480.kmer.gz; FASTQ offset: auto-detect, threshold: off; cut homopolymers: off; remove PCR duplicates: no; colour: 0
[12 Dec 2019 02:26:40-wUN][memory] 104 bits per kmer
[12 Dec 2019 02:26:40-wUN] Note: Using less memory than requested (1.1GB < 5GB); allows for 88,080,384 kmers
[12 Dec 2019 02:26:40-wUN][memory] graph: 1.1GB
[12 Dec 2019 02:26:40-wUN][memory] total: 1.1GB of 62.6GB RAM
[12 Dec 2019 02:26:40-wUN] Writing 1 colour graph to human/bigsi/17/mccortex.SRR191480.ctx
[12 Dec 2019 02:26:40-wUN][hasht] Allocating table with 88,080,384 entries, using 676MB
[12 Dec 2019 02:26:40-wUN][hasht]  number of buckets: 2,097,152, bucket size: 42
[12 Dec 2019 02:26:40-wUN][graph] kmer-size: 17; colours: 1; capacity: 88,080,384
[12 Dec 2019 02:26:40-wUN][hasht] buckets: 2,097,152 [2^21]; bucket size: 42; 
[12 Dec 2019 02:26:40-wUN][hasht] memory: 676MB; filled: 0 / 88,080,384 (0.00%)
[12 Dec 2019 02:26:40-wUN][asyncio] Inputs: 1; Threads: 1
[12 Dec 2019 02:26:40-wUN][seq] Parsing sequence file human/kmer-counts-jellyfish/17/SRR191480.kmer.gz
[12 Dec 2019 02:26:41-wUN][seq] Loaded 156,803 reads and 0 reads pairs (file: human/kmer-counts-jellyfish/17/SRR191480.kmer.gz)
[12 Dec 2019 02:26:41-wUN][hasht] buckets: 2,097,152 [2^21]; bucket size: 42; 
[12 Dec 2019 02:26:41-wUN][hasht] memory: 676MB; filled: 156,803 / 88,080,384 (0.18%)
[12 Dec 2019 02:26:41-wUN][hasht]  collisions  0: 156803
[12 Dec 2019 02:26:41-wUN][task] input: human/kmer-counts-jellyfish/17/SRR191480.kmer.gz colour: 0
[12 Dec 2019 02:26:41-wUN]  SE reads: 156,803  PE reads: 0
[12 Dec 2019 02:26:41-wUN]  good reads: 156,803  bad reads: 0
[12 Dec 2019 02:26:41-wUN]  dup SE reads: 0  dup PE pairs: 0
[12 Dec 2019 02:26:41-wUN]  bases read: 2,665,651  bases loaded: 2,665,651
[12 Dec 2019 02:26:41-wUN]  num contigs: 156,803  num kmers: 156,803 novel kmers: 156,803
[12 Dec 2019 02:26:41-wUN] Dumping graph...
[12 Dec 2019 02:26:41-wUN][graphwriter] Saving file to: human/bigsi/17/mccortex.SRR191480.ctx
[12 Dec 2019 02:26:41-wUN][FileFilter] Writing graph  [1 src colour]
[12 Dec 2019 02:26:41-wUN][graphwriter] Dumped 156,803 kmers in 1 colour into: human/bigsi/17/mccortex.SRR191480.ctx (ver: 6)
[12 Dec 2019 02:26:41-wUN][memory] We made 19 allocs
[12 Dec 2019 02:26:41-wUN] Done.
[12 Dec 2019 02:26:41-wUN][time] 1.00 seconds
	Command being timed: "mccortex 17 build --nkmers 86000000 --threads 1 --kmer 17 --mem 5G --sample SRR191480 --seq human/kmer-counts-jellyfish/17/SRR191480.kmer.gz human/bigsi/17/mccortex.SRR191480.ctx"
	User time (seconds): 0.69
	System time (seconds): 0.79
	Percent of CPU this job got: 150%
	Elapsed (wall clock) time (h:mm:ss or m:ss): 0:00.99
	Average shared text size (kbytes): 0
	Average unshared data size (kbytes): 0
	Average stack size (kbytes): 0
	Average total size (kbytes): 0
	Maximum resident set size (kbytes): 713668
	Average resident set size (kbytes): 0
	Major (requiring I/O) page faults: 0
	Minor (reclaiming a frame) page faults: 272891
	Voluntary context switches: 77417
	Involuntary context switches: 8
	Swaps: 0
	File system inputs: 1624
	File system outputs: 3992
	Socket messages sent: 0
	Socket messages received: 0
	Signals delivered: 0
	Page size (bytes): 4096
	Exit status: 0
