[12 Dec 2019 02:26:38-ZEw][cmd] /home/CSCScience.ca/apetkau/miniconda3/envs/bigsi_mccortex/bin/mccortex31 build --nkmers 86000000 --threads 1 --kmer 17 --mem 5G --sample SRR191463 --seq human/kmer-counts-jellyfish/17/SRR191463.kmer.gz human/bigsi/17/mccortex.SRR191463.ctx
[12 Dec 2019 02:26:38-ZEw][cwd] /home/CSCScience.ca/apetkau/workspace/comp7934-project
[12 Dec 2019 02:26:38-ZEw][version] mccortex=v0.0.3-610-g400c0e3 zlib=1.2.11 htslib=1.8-17-g699ed53 ASSERTS=ON hash=Lookup3 CHECKS=ON k=3..31
[12 Dec 2019 02:26:38-ZEw] Saving graph to: human/bigsi/17/mccortex.SRR191463.ctx
[12 Dec 2019 02:26:38-ZEw][sample] 0: SRR191463
[12 Dec 2019 02:26:38-ZEw][task] human/kmer-counts-jellyfish/17/SRR191463.kmer.gz; FASTQ offset: auto-detect, threshold: off; cut homopolymers: off; remove PCR duplicates: no; colour: 0
[12 Dec 2019 02:26:38-ZEw][memory] 104 bits per kmer
[12 Dec 2019 02:26:38-ZEw] Note: Using less memory than requested (1.1GB < 5GB); allows for 88,080,384 kmers
[12 Dec 2019 02:26:38-ZEw][memory] graph: 1.1GB
[12 Dec 2019 02:26:38-ZEw][memory] total: 1.1GB of 62.6GB RAM
[12 Dec 2019 02:26:38-ZEw] Writing 1 colour graph to human/bigsi/17/mccortex.SRR191463.ctx
[12 Dec 2019 02:26:38-ZEw][hasht] Allocating table with 88,080,384 entries, using 676MB
[12 Dec 2019 02:26:38-ZEw][hasht]  number of buckets: 2,097,152, bucket size: 42
[12 Dec 2019 02:26:38-ZEw][graph] kmer-size: 17; colours: 1; capacity: 88,080,384
[12 Dec 2019 02:26:38-ZEw][hasht] buckets: 2,097,152 [2^21]; bucket size: 42; 
[12 Dec 2019 02:26:38-ZEw][hasht] memory: 676MB; filled: 0 / 88,080,384 (0.00%)
[12 Dec 2019 02:26:38-ZEw][asyncio] Inputs: 1; Threads: 1
[12 Dec 2019 02:26:38-ZEw][seq] Parsing sequence file human/kmer-counts-jellyfish/17/SRR191463.kmer.gz
[12 Dec 2019 02:26:39-ZEw][seq] Loaded 183,223 reads and 0 reads pairs (file: human/kmer-counts-jellyfish/17/SRR191463.kmer.gz)
[12 Dec 2019 02:26:39-ZEw][hasht] buckets: 2,097,152 [2^21]; bucket size: 42; 
[12 Dec 2019 02:26:39-ZEw][hasht] memory: 676MB; filled: 183,223 / 88,080,384 (0.21%)
[12 Dec 2019 02:26:39-ZEw][hasht]  collisions  0: 183223
[12 Dec 2019 02:26:39-ZEw][task] input: human/kmer-counts-jellyfish/17/SRR191463.kmer.gz colour: 0
[12 Dec 2019 02:26:39-ZEw]  SE reads: 183,223  PE reads: 0
[12 Dec 2019 02:26:39-ZEw]  good reads: 183,223  bad reads: 0
[12 Dec 2019 02:26:39-ZEw]  dup SE reads: 0  dup PE pairs: 0
[12 Dec 2019 02:26:39-ZEw]  bases read: 3,114,791  bases loaded: 3,114,791
[12 Dec 2019 02:26:39-ZEw]  num contigs: 183,223  num kmers: 183,223 novel kmers: 183,223
[12 Dec 2019 02:26:39-ZEw] Dumping graph...
[12 Dec 2019 02:26:39-ZEw][graphwriter] Saving file to: human/bigsi/17/mccortex.SRR191463.ctx
[12 Dec 2019 02:26:39-ZEw][FileFilter] Writing graph  [1 src colour]
[12 Dec 2019 02:26:39-ZEw][graphwriter] Dumped 183,223 kmers in 1 colour into: human/bigsi/17/mccortex.SRR191463.ctx (ver: 6)
[12 Dec 2019 02:26:39-ZEw][memory] We made 19 allocs
[12 Dec 2019 02:26:39-ZEw] Done.
[12 Dec 2019 02:26:39-ZEw][time] 1.00 seconds
	Command being timed: "mccortex 17 build --nkmers 86000000 --threads 1 --kmer 17 --mem 5G --sample SRR191463 --seq human/kmer-counts-jellyfish/17/SRR191463.kmer.gz human/bigsi/17/mccortex.SRR191463.ctx"
	User time (seconds): 0.73
	System time (seconds): 0.89
	Percent of CPU this job got: 151%
	Elapsed (wall clock) time (h:mm:ss or m:ss): 0:01.07
	Average shared text size (kbytes): 0
	Average unshared data size (kbytes): 0
	Average stack size (kbytes): 0
	Average total size (kbytes): 0
	Maximum resident set size (kbytes): 766560
	Average resident set size (kbytes): 0
	Major (requiring I/O) page faults: 0
	Minor (reclaiming a frame) page faults: 289609
	Voluntary context switches: 86676
	Involuntary context switches: 8
	Swaps: 0
	File system inputs: 1896
	File system outputs: 4664
	Socket messages sent: 0
	Socket messages received: 0
	Signals delivered: 0
	Page size (bytes): 4096
	Exit status: 0
