[12 Dec 2019 02:26:56-dUH][cmd] /home/CSCScience.ca/apetkau/miniconda3/envs/bigsi_mccortex/bin/mccortex31 build --nkmers 86000000 --threads 1 --kmer 17 --mem 5G --sample SRR191693 --seq human/kmer-counts-jellyfish/17/SRR191693.kmer.gz human/bigsi/17/mccortex.SRR191693.ctx
[12 Dec 2019 02:26:56-dUH][cwd] /home/CSCScience.ca/apetkau/workspace/comp7934-project
[12 Dec 2019 02:26:56-dUH][version] mccortex=v0.0.3-610-g400c0e3 zlib=1.2.11 htslib=1.8-17-g699ed53 ASSERTS=ON hash=Lookup3 CHECKS=ON k=3..31
[12 Dec 2019 02:26:56-dUH] Saving graph to: human/bigsi/17/mccortex.SRR191693.ctx
[12 Dec 2019 02:26:56-dUH][sample] 0: SRR191693
[12 Dec 2019 02:26:56-dUH][task] human/kmer-counts-jellyfish/17/SRR191693.kmer.gz; FASTQ offset: auto-detect, threshold: off; cut homopolymers: off; remove PCR duplicates: no; colour: 0
[12 Dec 2019 02:26:56-dUH][memory] 104 bits per kmer
[12 Dec 2019 02:26:56-dUH] Note: Using less memory than requested (1.1GB < 5GB); allows for 88,080,384 kmers
[12 Dec 2019 02:26:56-dUH][memory] graph: 1.1GB
[12 Dec 2019 02:26:56-dUH][memory] total: 1.1GB of 62.6GB RAM
[12 Dec 2019 02:26:56-dUH] Writing 1 colour graph to human/bigsi/17/mccortex.SRR191693.ctx
[12 Dec 2019 02:26:56-dUH][hasht] Allocating table with 88,080,384 entries, using 676MB
[12 Dec 2019 02:26:56-dUH][hasht]  number of buckets: 2,097,152, bucket size: 42
[12 Dec 2019 02:26:56-dUH][graph] kmer-size: 17; colours: 1; capacity: 88,080,384
[12 Dec 2019 02:26:56-dUH][hasht] buckets: 2,097,152 [2^21]; bucket size: 42; 
[12 Dec 2019 02:26:56-dUH][hasht] memory: 676MB; filled: 0 / 88,080,384 (0.00%)
[12 Dec 2019 02:26:56-dUH][asyncio] Inputs: 1; Threads: 1
[12 Dec 2019 02:26:56-dUH][seq] Parsing sequence file human/kmer-counts-jellyfish/17/SRR191693.kmer.gz
[12 Dec 2019 02:27:00-dUH][seq] Loaded 1,616,470 reads and 0 reads pairs (file: human/kmer-counts-jellyfish/17/SRR191693.kmer.gz)
[12 Dec 2019 02:27:00-dUH][hasht] buckets: 2,097,152 [2^21]; bucket size: 42; 
[12 Dec 2019 02:27:00-dUH][hasht] memory: 676MB; filled: 1,616,470 / 88,080,384 (1.84%)
[12 Dec 2019 02:27:00-dUH][hasht]  collisions  0: 1616470
[12 Dec 2019 02:27:00-dUH][task] input: human/kmer-counts-jellyfish/17/SRR191693.kmer.gz colour: 0
[12 Dec 2019 02:27:00-dUH]  SE reads: 1,616,470  PE reads: 0
[12 Dec 2019 02:27:00-dUH]  good reads: 1,616,470  bad reads: 0
[12 Dec 2019 02:27:00-dUH]  dup SE reads: 0  dup PE pairs: 0
[12 Dec 2019 02:27:00-dUH]  bases read: 27,479,990  bases loaded: 27,479,990
[12 Dec 2019 02:27:00-dUH]  num contigs: 1,616,470  num kmers: 1,616,470 novel kmers: 1,616,470
[12 Dec 2019 02:27:00-dUH] Dumping graph...
[12 Dec 2019 02:27:00-dUH][graphwriter] Saving file to: human/bigsi/17/mccortex.SRR191693.ctx
[12 Dec 2019 02:27:00-dUH][FileFilter] Writing graph  [1 src colour]
[12 Dec 2019 02:27:00-dUH][graphwriter] Dumped 1,616,470 kmers in 1 colour into: human/bigsi/17/mccortex.SRR191693.ctx (ver: 6)
[12 Dec 2019 02:27:00-dUH][memory] We made 19 allocs
[12 Dec 2019 02:27:00-dUH] Done.
[12 Dec 2019 02:27:00-dUH][time] 4.00 seconds
	Command being timed: "mccortex 17 build --nkmers 86000000 --threads 1 --kmer 17 --mem 5G --sample SRR191693 --seq human/kmer-counts-jellyfish/17/SRR191693.kmer.gz human/bigsi/17/mccortex.SRR191693.ctx"
	User time (seconds): 4.53
	System time (seconds): 2.11
	Percent of CPU this job got: 166%
	Elapsed (wall clock) time (h:mm:ss or m:ss): 0:04.00
	Average shared text size (kbytes): 0
	Average unshared data size (kbytes): 0
	Average stack size (kbytes): 0
	Average total size (kbytes): 0
	Maximum resident set size (kbytes): 1045560
	Average resident set size (kbytes): 0
	Major (requiring I/O) page faults: 0
	Minor (reclaiming a frame) page faults: 794496
	Voluntary context switches: 236664
	Involuntary context switches: 1273
	Swaps: 0
	File system inputs: 17848
	File system outputs: 41056
	Socket messages sent: 0
	Socket messages received: 0
	Signals delivered: 0
	Page size (bytes): 4096
	Exit status: 0
