[12 Dec 2019 02:24:14-Qus][cmd] /home/CSCScience.ca/apetkau/miniconda3/envs/bigsi_mccortex/bin/mccortex31 build --nkmers 86000000 --threads 1 --kmer 17 --mem 5G --sample SRR1174334 --seq human/kmer-counts-jellyfish/17/SRR1174334.kmer.gz human/bigsi/17/mccortex.SRR1174334.ctx
[12 Dec 2019 02:24:14-Qus][cwd] /home/CSCScience.ca/apetkau/workspace/comp7934-project
[12 Dec 2019 02:24:14-Qus][version] mccortex=v0.0.3-610-g400c0e3 zlib=1.2.11 htslib=1.8-17-g699ed53 ASSERTS=ON hash=Lookup3 CHECKS=ON k=3..31
[12 Dec 2019 02:24:14-Qus] Saving graph to: human/bigsi/17/mccortex.SRR1174334.ctx
[12 Dec 2019 02:24:14-Qus][sample] 0: SRR1174334
[12 Dec 2019 02:24:14-Qus][task] human/kmer-counts-jellyfish/17/SRR1174334.kmer.gz; FASTQ offset: auto-detect, threshold: off; cut homopolymers: off; remove PCR duplicates: no; colour: 0
[12 Dec 2019 02:24:14-Qus][memory] 104 bits per kmer
[12 Dec 2019 02:24:14-Qus] Note: Using less memory than requested (1.1GB < 5GB); allows for 88,080,384 kmers
[12 Dec 2019 02:24:14-Qus][memory] graph: 1.1GB
[12 Dec 2019 02:24:14-Qus][memory] total: 1.1GB of 62.6GB RAM
[12 Dec 2019 02:24:14-Qus] Writing 1 colour graph to human/bigsi/17/mccortex.SRR1174334.ctx
[12 Dec 2019 02:24:14-Qus][hasht] Allocating table with 88,080,384 entries, using 676MB
[12 Dec 2019 02:24:14-Qus][hasht]  number of buckets: 2,097,152, bucket size: 42
[12 Dec 2019 02:24:14-Qus][graph] kmer-size: 17; colours: 1; capacity: 88,080,384
[12 Dec 2019 02:24:14-Qus][hasht] buckets: 2,097,152 [2^21]; bucket size: 42; 
[12 Dec 2019 02:24:14-Qus][hasht] memory: 676MB; filled: 0 / 88,080,384 (0.00%)
[12 Dec 2019 02:24:14-Qus][asyncio] Inputs: 1; Threads: 1
[12 Dec 2019 02:24:14-Qus][seq] Parsing sequence file human/kmer-counts-jellyfish/17/SRR1174334.kmer.gz
[12 Dec 2019 02:24:22-Qus][seq] Loaded 4,615,740 reads and 0 reads pairs (file: human/kmer-counts-jellyfish/17/SRR1174334.kmer.gz)
[12 Dec 2019 02:24:22-Qus][hasht] buckets: 2,097,152 [2^21]; bucket size: 42; 
[12 Dec 2019 02:24:22-Qus][hasht] memory: 676MB; filled: 4,615,740 / 88,080,384 (5.24%)
[12 Dec 2019 02:24:22-Qus][hasht]  collisions  0: 4615740
[12 Dec 2019 02:24:22-Qus][task] input: human/kmer-counts-jellyfish/17/SRR1174334.kmer.gz colour: 0
[12 Dec 2019 02:24:22-Qus]  SE reads: 4,615,740  PE reads: 0
[12 Dec 2019 02:24:22-Qus]  good reads: 4,615,740  bad reads: 0
[12 Dec 2019 02:24:22-Qus]  dup SE reads: 0  dup PE pairs: 0
[12 Dec 2019 02:24:22-Qus]  bases read: 78,467,580  bases loaded: 78,467,580
[12 Dec 2019 02:24:22-Qus]  num contigs: 4,615,740  num kmers: 4,615,740 novel kmers: 4,615,740
[12 Dec 2019 02:24:22-Qus] Dumping graph...
[12 Dec 2019 02:24:22-Qus][graphwriter] Saving file to: human/bigsi/17/mccortex.SRR1174334.ctx
[12 Dec 2019 02:24:22-Qus][FileFilter] Writing graph  [1 src colour]
[12 Dec 2019 02:24:23-Qus][graphwriter] Dumped 4,615,740 kmers in 1 colour into: human/bigsi/17/mccortex.SRR1174334.ctx (ver: 6)
[12 Dec 2019 02:24:23-Qus][memory] We made 19 allocs
[12 Dec 2019 02:24:23-Qus] Done.
[12 Dec 2019 02:24:23-Qus][time] 9.00 seconds
	Command being timed: "mccortex 17 build --nkmers 86000000 --threads 1 --kmer 17 --mem 5G --sample SRR1174334 --seq human/kmer-counts-jellyfish/17/SRR1174334.kmer.gz human/bigsi/17/mccortex.SRR1174334.ctx"
	User time (seconds): 9.57
	System time (seconds): 4.86
	Percent of CPU this job got: 167%
	Elapsed (wall clock) time (h:mm:ss or m:ss): 0:08.61
	Average shared text size (kbytes): 0
	Average unshared data size (kbytes): 0
	Average stack size (kbytes): 0
	Average total size (kbytes): 0
	Maximum resident set size (kbytes): 1045468
	Average resident set size (kbytes): 0
	Major (requiring I/O) page faults: 0
	Minor (reclaiming a frame) page faults: 1193515
	Voluntary context switches: 591717
	Involuntary context switches: 14953
	Swaps: 0
	File system inputs: 51304
	File system outputs: 117208
	Socket messages sent: 0
	Socket messages received: 0
	Signals delivered: 0
	Page size (bytes): 4096
	Exit status: 0
