[12 Dec 2019 02:27:32-XiF][cmd] /home/CSCScience.ca/apetkau/miniconda3/envs/bigsi_mccortex/bin/mccortex31 build --nkmers 86000000 --threads 1 --kmer 17 --mem 5G --sample SRR518958 --seq human/kmer-counts-jellyfish/17/SRR518958.kmer.gz human/bigsi/17/mccortex.SRR518958.ctx
[12 Dec 2019 02:27:32-XiF][cwd] /home/CSCScience.ca/apetkau/workspace/comp7934-project
[12 Dec 2019 02:27:32-XiF][version] mccortex=v0.0.3-610-g400c0e3 zlib=1.2.11 htslib=1.8-17-g699ed53 ASSERTS=ON hash=Lookup3 CHECKS=ON k=3..31
[12 Dec 2019 02:27:32-XiF] Saving graph to: human/bigsi/17/mccortex.SRR518958.ctx
[12 Dec 2019 02:27:32-XiF][sample] 0: SRR518958
[12 Dec 2019 02:27:32-XiF][task] human/kmer-counts-jellyfish/17/SRR518958.kmer.gz; FASTQ offset: auto-detect, threshold: off; cut homopolymers: off; remove PCR duplicates: no; colour: 0
[12 Dec 2019 02:27:32-XiF][memory] 104 bits per kmer
[12 Dec 2019 02:27:32-XiF] Note: Using less memory than requested (1.1GB < 5GB); allows for 88,080,384 kmers
[12 Dec 2019 02:27:32-XiF][memory] graph: 1.1GB
[12 Dec 2019 02:27:32-XiF][memory] total: 1.1GB of 62.6GB RAM
[12 Dec 2019 02:27:32-XiF] Writing 1 colour graph to human/bigsi/17/mccortex.SRR518958.ctx
[12 Dec 2019 02:27:32-XiF][hasht] Allocating table with 88,080,384 entries, using 676MB
[12 Dec 2019 02:27:32-XiF][hasht]  number of buckets: 2,097,152, bucket size: 42
[12 Dec 2019 02:27:32-XiF][graph] kmer-size: 17; colours: 1; capacity: 88,080,384
[12 Dec 2019 02:27:32-XiF][hasht] buckets: 2,097,152 [2^21]; bucket size: 42; 
[12 Dec 2019 02:27:32-XiF][hasht] memory: 676MB; filled: 0 / 88,080,384 (0.00%)
[12 Dec 2019 02:27:32-XiF][asyncio] Inputs: 1; Threads: 1
[12 Dec 2019 02:27:32-XiF][seq] Parsing sequence file human/kmer-counts-jellyfish/17/SRR518958.kmer.gz
[12 Dec 2019 02:27:34-XiF][seq] Loaded 367,996 reads and 0 reads pairs (file: human/kmer-counts-jellyfish/17/SRR518958.kmer.gz)
[12 Dec 2019 02:27:34-XiF][hasht] buckets: 2,097,152 [2^21]; bucket size: 42; 
[12 Dec 2019 02:27:34-XiF][hasht] memory: 676MB; filled: 367,996 / 88,080,384 (0.42%)
[12 Dec 2019 02:27:34-XiF][hasht]  collisions  0: 367996
[12 Dec 2019 02:27:34-XiF][task] input: human/kmer-counts-jellyfish/17/SRR518958.kmer.gz colour: 0
[12 Dec 2019 02:27:34-XiF]  SE reads: 367,996  PE reads: 0
[12 Dec 2019 02:27:34-XiF]  good reads: 367,996  bad reads: 0
[12 Dec 2019 02:27:34-XiF]  dup SE reads: 0  dup PE pairs: 0
[12 Dec 2019 02:27:34-XiF]  bases read: 6,255,932  bases loaded: 6,255,932
[12 Dec 2019 02:27:34-XiF]  num contigs: 367,996  num kmers: 367,996 novel kmers: 367,996
[12 Dec 2019 02:27:34-XiF] Dumping graph...
[12 Dec 2019 02:27:34-XiF][graphwriter] Saving file to: human/bigsi/17/mccortex.SRR518958.ctx
[12 Dec 2019 02:27:34-XiF][FileFilter] Writing graph  [1 src colour]
[12 Dec 2019 02:27:34-XiF][graphwriter] Dumped 367,996 kmers in 1 colour into: human/bigsi/17/mccortex.SRR518958.ctx (ver: 6)
[12 Dec 2019 02:27:34-XiF][memory] We made 19 allocs
[12 Dec 2019 02:27:34-XiF] Done.
[12 Dec 2019 02:27:34-XiF][time] 2.00 seconds
	Command being timed: "mccortex 17 build --nkmers 86000000 --threads 1 --kmer 17 --mem 5G --sample SRR518958 --seq human/kmer-counts-jellyfish/17/SRR518958.kmer.gz human/bigsi/17/mccortex.SRR518958.ctx"
	User time (seconds): 1.40
	System time (seconds): 1.34
	Percent of CPU this job got: 151%
	Elapsed (wall clock) time (h:mm:ss or m:ss): 0:01.81
	Average shared text size (kbytes): 0
	Average unshared data size (kbytes): 0
	Average stack size (kbytes): 0
	Average total size (kbytes): 0
	Maximum resident set size (kbytes): 960184
	Average resident set size (kbytes): 0
	Major (requiring I/O) page faults: 0
	Minor (reclaiming a frame) page faults: 440576
	Voluntary context switches: 119552
	Involuntary context switches: 19
	Swaps: 0
	File system inputs: 3888
	File system outputs: 9352
	Socket messages sent: 0
	Socket messages received: 0
	Signals delivered: 0
	Page size (bytes): 4096
	Exit status: 0
