[12 Dec 2019 02:26:43-DIT][cmd] /home/CSCScience.ca/apetkau/miniconda3/envs/bigsi_mccortex/bin/mccortex31 build --nkmers 86000000 --threads 1 --kmer 17 --mem 5G --sample SRR191487 --seq human/kmer-counts-jellyfish/17/SRR191487.kmer.gz human/bigsi/17/mccortex.SRR191487.ctx
[12 Dec 2019 02:26:43-DIT][cwd] /home/CSCScience.ca/apetkau/workspace/comp7934-project
[12 Dec 2019 02:26:43-DIT][version] mccortex=v0.0.3-610-g400c0e3 zlib=1.2.11 htslib=1.8-17-g699ed53 ASSERTS=ON hash=Lookup3 CHECKS=ON k=3..31
[12 Dec 2019 02:26:43-DIT] Saving graph to: human/bigsi/17/mccortex.SRR191487.ctx
[12 Dec 2019 02:26:43-DIT][sample] 0: SRR191487
[12 Dec 2019 02:26:43-DIT][task] human/kmer-counts-jellyfish/17/SRR191487.kmer.gz; FASTQ offset: auto-detect, threshold: off; cut homopolymers: off; remove PCR duplicates: no; colour: 0
[12 Dec 2019 02:26:43-DIT][memory] 104 bits per kmer
[12 Dec 2019 02:26:43-DIT] Note: Using less memory than requested (1.1GB < 5GB); allows for 88,080,384 kmers
[12 Dec 2019 02:26:43-DIT][memory] graph: 1.1GB
[12 Dec 2019 02:26:43-DIT][memory] total: 1.1GB of 62.6GB RAM
[12 Dec 2019 02:26:43-DIT] Writing 1 colour graph to human/bigsi/17/mccortex.SRR191487.ctx
[12 Dec 2019 02:26:43-DIT][hasht] Allocating table with 88,080,384 entries, using 676MB
[12 Dec 2019 02:26:43-DIT][hasht]  number of buckets: 2,097,152, bucket size: 42
[12 Dec 2019 02:26:43-DIT][graph] kmer-size: 17; colours: 1; capacity: 88,080,384
[12 Dec 2019 02:26:43-DIT][hasht] buckets: 2,097,152 [2^21]; bucket size: 42; 
[12 Dec 2019 02:26:43-DIT][hasht] memory: 676MB; filled: 0 / 88,080,384 (0.00%)
[12 Dec 2019 02:26:43-DIT][asyncio] Inputs: 1; Threads: 1
[12 Dec 2019 02:26:43-DIT][seq] Parsing sequence file human/kmer-counts-jellyfish/17/SRR191487.kmer.gz
[12 Dec 2019 02:26:44-DIT][seq] Loaded 90,272 reads and 0 reads pairs (file: human/kmer-counts-jellyfish/17/SRR191487.kmer.gz)
[12 Dec 2019 02:26:44-DIT][hasht] buckets: 2,097,152 [2^21]; bucket size: 42; 
[12 Dec 2019 02:26:44-DIT][hasht] memory: 676MB; filled: 90,272 / 88,080,384 (0.10%)
[12 Dec 2019 02:26:44-DIT][hasht]  collisions  0: 90272
[12 Dec 2019 02:26:44-DIT][task] input: human/kmer-counts-jellyfish/17/SRR191487.kmer.gz colour: 0
[12 Dec 2019 02:26:44-DIT]  SE reads: 90,272  PE reads: 0
[12 Dec 2019 02:26:44-DIT]  good reads: 90,272  bad reads: 0
[12 Dec 2019 02:26:44-DIT]  dup SE reads: 0  dup PE pairs: 0
[12 Dec 2019 02:26:44-DIT]  bases read: 1,534,624  bases loaded: 1,534,624
[12 Dec 2019 02:26:44-DIT]  num contigs: 90,272  num kmers: 90,272 novel kmers: 90,272
[12 Dec 2019 02:26:44-DIT] Dumping graph...
[12 Dec 2019 02:26:44-DIT][graphwriter] Saving file to: human/bigsi/17/mccortex.SRR191487.ctx
[12 Dec 2019 02:26:44-DIT][FileFilter] Writing graph  [1 src colour]
[12 Dec 2019 02:26:44-DIT][graphwriter] Dumped 90,272 kmers in 1 colour into: human/bigsi/17/mccortex.SRR191487.ctx (ver: 6)
[12 Dec 2019 02:26:44-DIT][memory] We made 19 allocs
[12 Dec 2019 02:26:44-DIT] Done.
[12 Dec 2019 02:26:44-DIT][time] 1.00 seconds
	Command being timed: "mccortex 17 build --nkmers 86000000 --threads 1 --kmer 17 --mem 5G --sample SRR191487 --seq human/kmer-counts-jellyfish/17/SRR191487.kmer.gz human/bigsi/17/mccortex.SRR191487.ctx"
	User time (seconds): 0.42
	System time (seconds): 0.60
	Percent of CPU this job got: 143%
	Elapsed (wall clock) time (h:mm:ss or m:ss): 0:00.72
	Average shared text size (kbytes): 0
	Average unshared data size (kbytes): 0
	Average stack size (kbytes): 0
	Average total size (kbytes): 0
	Maximum resident set size (kbytes): 517816
	Average resident set size (kbytes): 0
	Major (requiring I/O) page faults: 0
	Minor (reclaiming a frame) page faults: 207386
	Voluntary context switches: 58260
	Involuntary context switches: 3
	Swaps: 0
	File system inputs: 920
	File system outputs: 2304
	Socket messages sent: 0
	Socket messages received: 0
	Signals delivered: 0
	Page size (bytes): 4096
	Exit status: 0
