[12 Dec 2019 02:24:14-RIT][cmd] /home/CSCScience.ca/apetkau/miniconda3/envs/bigsi_mccortex/bin/mccortex31 build --nkmers 86000000 --threads 1 --kmer 17 --mem 5G --sample SRR1060774 --seq human/kmer-counts-jellyfish/17/SRR1060774.kmer.gz human/bigsi/17/mccortex.SRR1060774.ctx
[12 Dec 2019 02:24:14-RIT][cwd] /home/CSCScience.ca/apetkau/workspace/comp7934-project
[12 Dec 2019 02:24:14-RIT][version] mccortex=v0.0.3-610-g400c0e3 zlib=1.2.11 htslib=1.8-17-g699ed53 ASSERTS=ON hash=Lookup3 CHECKS=ON k=3..31
[12 Dec 2019 02:24:14-RIT] Saving graph to: human/bigsi/17/mccortex.SRR1060774.ctx
[12 Dec 2019 02:24:14-RIT][sample] 0: SRR1060774
[12 Dec 2019 02:24:14-RIT][task] human/kmer-counts-jellyfish/17/SRR1060774.kmer.gz; FASTQ offset: auto-detect, threshold: off; cut homopolymers: off; remove PCR duplicates: no; colour: 0
[12 Dec 2019 02:24:14-RIT][memory] 104 bits per kmer
[12 Dec 2019 02:24:14-RIT] Note: Using less memory than requested (1.1GB < 5GB); allows for 88,080,384 kmers
[12 Dec 2019 02:24:14-RIT][memory] graph: 1.1GB
[12 Dec 2019 02:24:14-RIT][memory] total: 1.1GB of 62.6GB RAM
[12 Dec 2019 02:24:14-RIT] Writing 1 colour graph to human/bigsi/17/mccortex.SRR1060774.ctx
[12 Dec 2019 02:24:14-RIT][hasht] Allocating table with 88,080,384 entries, using 676MB
[12 Dec 2019 02:24:14-RIT][hasht]  number of buckets: 2,097,152, bucket size: 42
[12 Dec 2019 02:24:14-RIT][graph] kmer-size: 17; colours: 1; capacity: 88,080,384
[12 Dec 2019 02:24:14-RIT][hasht] buckets: 2,097,152 [2^21]; bucket size: 42; 
[12 Dec 2019 02:24:14-RIT][hasht] memory: 676MB; filled: 0 / 88,080,384 (0.00%)
[12 Dec 2019 02:24:14-RIT][asyncio] Inputs: 1; Threads: 1
[12 Dec 2019 02:24:14-RIT][seq] Parsing sequence file human/kmer-counts-jellyfish/17/SRR1060774.kmer.gz
[12 Dec 2019 02:24:20-RIT][seq] Loaded 1,682,206 reads and 0 reads pairs (file: human/kmer-counts-jellyfish/17/SRR1060774.kmer.gz)
[12 Dec 2019 02:24:20-RIT][hasht] buckets: 2,097,152 [2^21]; bucket size: 42; 
[12 Dec 2019 02:24:20-RIT][hasht] memory: 676MB; filled: 1,682,206 / 88,080,384 (1.91%)
[12 Dec 2019 02:24:20-RIT][hasht]  collisions  0: 1682206
[12 Dec 2019 02:24:20-RIT][task] input: human/kmer-counts-jellyfish/17/SRR1060774.kmer.gz colour: 0
[12 Dec 2019 02:24:20-RIT]  SE reads: 1,682,206  PE reads: 0
[12 Dec 2019 02:24:20-RIT]  good reads: 1,682,206  bad reads: 0
[12 Dec 2019 02:24:20-RIT]  dup SE reads: 0  dup PE pairs: 0
[12 Dec 2019 02:24:20-RIT]  bases read: 28,597,502  bases loaded: 28,597,502
[12 Dec 2019 02:24:20-RIT]  num contigs: 1,682,206  num kmers: 1,682,206 novel kmers: 1,682,206
[12 Dec 2019 02:24:20-RIT] Dumping graph...
[12 Dec 2019 02:24:20-RIT][graphwriter] Saving file to: human/bigsi/17/mccortex.SRR1060774.ctx
[12 Dec 2019 02:24:20-RIT][FileFilter] Writing graph  [1 src colour]
[12 Dec 2019 02:24:20-RIT][graphwriter] Dumped 1,682,206 kmers in 1 colour into: human/bigsi/17/mccortex.SRR1060774.ctx (ver: 6)
[12 Dec 2019 02:24:20-RIT][memory] We made 19 allocs
[12 Dec 2019 02:24:20-RIT] Done.
[12 Dec 2019 02:24:20-RIT][time] 6.00 seconds
	Command being timed: "mccortex 17 build --nkmers 86000000 --threads 1 --kmer 17 --mem 5G --sample SRR1060774 --seq human/kmer-counts-jellyfish/17/SRR1060774.kmer.gz human/bigsi/17/mccortex.SRR1060774.ctx"
	User time (seconds): 5.31
	System time (seconds): 4.63
	Percent of CPU this job got: 161%
	Elapsed (wall clock) time (h:mm:ss or m:ss): 0:06.17
	Average shared text size (kbytes): 0
	Average unshared data size (kbytes): 0
	Average stack size (kbytes): 0
	Average total size (kbytes): 0
	Maximum resident set size (kbytes): 1045448
	Average resident set size (kbytes): 0
	Major (requiring I/O) page faults: 0
	Minor (reclaiming a frame) page faults: 882583
	Voluntary context switches: 394551
	Involuntary context switches: 16167
	Swaps: 0
	File system inputs: 18720
	File system outputs: 42728
	Socket messages sent: 0
	Socket messages received: 0
	Signals delivered: 0
	Page size (bytes): 4096
	Exit status: 0
