[12 Dec 2019 02:24:14-Gul][cmd] /home/CSCScience.ca/apetkau/miniconda3/envs/bigsi_mccortex/bin/mccortex31 build --nkmers 86000000 --threads 1 --kmer 17 --mem 5G --sample SRR1012332 --seq human/kmer-counts-jellyfish/17/SRR1012332.kmer.gz human/bigsi/17/mccortex.SRR1012332.ctx
[12 Dec 2019 02:24:14-Gul][cwd] /home/CSCScience.ca/apetkau/workspace/comp7934-project
[12 Dec 2019 02:24:14-Gul][version] mccortex=v0.0.3-610-g400c0e3 zlib=1.2.11 htslib=1.8-17-g699ed53 ASSERTS=ON hash=Lookup3 CHECKS=ON k=3..31
[12 Dec 2019 02:24:14-Gul] Saving graph to: human/bigsi/17/mccortex.SRR1012332.ctx
[12 Dec 2019 02:24:14-Gul][sample] 0: SRR1012332
[12 Dec 2019 02:24:14-Gul][task] human/kmer-counts-jellyfish/17/SRR1012332.kmer.gz; FASTQ offset: auto-detect, threshold: off; cut homopolymers: off; remove PCR duplicates: no; colour: 0
[12 Dec 2019 02:24:14-Gul][memory] 104 bits per kmer
[12 Dec 2019 02:24:14-Gul] Note: Using less memory than requested (1.1GB < 5GB); allows for 88,080,384 kmers
[12 Dec 2019 02:24:14-Gul][memory] graph: 1.1GB
[12 Dec 2019 02:24:14-Gul][memory] total: 1.1GB of 62.6GB RAM
[12 Dec 2019 02:24:14-Gul] Writing 1 colour graph to human/bigsi/17/mccortex.SRR1012332.ctx
[12 Dec 2019 02:24:14-Gul][hasht] Allocating table with 88,080,384 entries, using 676MB
[12 Dec 2019 02:24:14-Gul][hasht]  number of buckets: 2,097,152, bucket size: 42
[12 Dec 2019 02:24:14-Gul][graph] kmer-size: 17; colours: 1; capacity: 88,080,384
[12 Dec 2019 02:24:14-Gul][hasht] buckets: 2,097,152 [2^21]; bucket size: 42; 
[12 Dec 2019 02:24:14-Gul][hasht] memory: 676MB; filled: 0 / 88,080,384 (0.00%)
[12 Dec 2019 02:24:14-Gul][asyncio] Inputs: 1; Threads: 1
[12 Dec 2019 02:24:14-Gul][seq] Parsing sequence file human/kmer-counts-jellyfish/17/SRR1012332.kmer.gz
[12 Dec 2019 02:24:15-Gul][seq] Loaded 262,624 reads and 0 reads pairs (file: human/kmer-counts-jellyfish/17/SRR1012332.kmer.gz)
[12 Dec 2019 02:24:15-Gul][hasht] buckets: 2,097,152 [2^21]; bucket size: 42; 
[12 Dec 2019 02:24:15-Gul][hasht] memory: 676MB; filled: 262,624 / 88,080,384 (0.30%)
[12 Dec 2019 02:24:15-Gul][hasht]  collisions  0: 262624
[12 Dec 2019 02:24:15-Gul][task] input: human/kmer-counts-jellyfish/17/SRR1012332.kmer.gz colour: 0
[12 Dec 2019 02:24:15-Gul]  SE reads: 262,624  PE reads: 0
[12 Dec 2019 02:24:15-Gul]  good reads: 262,624  bad reads: 0
[12 Dec 2019 02:24:15-Gul]  dup SE reads: 0  dup PE pairs: 0
[12 Dec 2019 02:24:15-Gul]  bases read: 4,464,608  bases loaded: 4,464,608
[12 Dec 2019 02:24:15-Gul]  num contigs: 262,624  num kmers: 262,624 novel kmers: 262,624
[12 Dec 2019 02:24:15-Gul] Dumping graph...
[12 Dec 2019 02:24:15-Gul][graphwriter] Saving file to: human/bigsi/17/mccortex.SRR1012332.ctx
[12 Dec 2019 02:24:15-Gul][FileFilter] Writing graph  [1 src colour]
[12 Dec 2019 02:24:15-Gul][graphwriter] Dumped 262,624 kmers in 1 colour into: human/bigsi/17/mccortex.SRR1012332.ctx (ver: 6)
[12 Dec 2019 02:24:15-Gul][memory] We made 19 allocs
[12 Dec 2019 02:24:15-Gul] Done.
[12 Dec 2019 02:24:15-Gul][time] 1.00 seconds
	Command being timed: "mccortex 17 build --nkmers 86000000 --threads 1 --kmer 17 --mem 5G --sample SRR1012332 --seq human/kmer-counts-jellyfish/17/SRR1012332.kmer.gz human/bigsi/17/mccortex.SRR1012332.ctx"
	User time (seconds): 0.97
	System time (seconds): 1.17
	Percent of CPU this job got: 152%
	Elapsed (wall clock) time (h:mm:ss or m:ss): 0:01.40
	Average shared text size (kbytes): 0
	Average unshared data size (kbytes): 0
	Average stack size (kbytes): 0
	Average total size (kbytes): 0
	Maximum resident set size (kbytes): 879136
	Average resident set size (kbytes): 0
	Major (requiring I/O) page faults: 0
	Minor (reclaiming a frame) page faults: 382325
	Voluntary context switches: 113307
	Involuntary context switches: 17
	Swaps: 0
	File system inputs: 2760
	File system outputs: 6680
	Socket messages sent: 0
	Socket messages received: 0
	Signals delivered: 0
	Page size (bytes): 4096
	Exit status: 0
