[12 Dec 2019 02:25:41-HUC][cmd] /home/CSCScience.ca/apetkau/miniconda3/envs/bigsi_mccortex/bin/mccortex31 build --nkmers 86000000 --threads 1 --kmer 17 --mem 5G --sample SRR1313105 --seq human/kmer-counts-jellyfish/17/SRR1313105.kmer.gz human/bigsi/17/mccortex.SRR1313105.ctx
[12 Dec 2019 02:25:41-HUC][cwd] /home/CSCScience.ca/apetkau/workspace/comp7934-project
[12 Dec 2019 02:25:41-HUC][version] mccortex=v0.0.3-610-g400c0e3 zlib=1.2.11 htslib=1.8-17-g699ed53 ASSERTS=ON hash=Lookup3 CHECKS=ON k=3..31
[12 Dec 2019 02:25:41-HUC] Saving graph to: human/bigsi/17/mccortex.SRR1313105.ctx
[12 Dec 2019 02:25:41-HUC][sample] 0: SRR1313105
[12 Dec 2019 02:25:41-HUC][task] human/kmer-counts-jellyfish/17/SRR1313105.kmer.gz; FASTQ offset: auto-detect, threshold: off; cut homopolymers: off; remove PCR duplicates: no; colour: 0
[12 Dec 2019 02:25:41-HUC][memory] 104 bits per kmer
[12 Dec 2019 02:25:41-HUC] Note: Using less memory than requested (1.1GB < 5GB); allows for 88,080,384 kmers
[12 Dec 2019 02:25:41-HUC][memory] graph: 1.1GB
[12 Dec 2019 02:25:41-HUC][memory] total: 1.1GB of 62.6GB RAM
[12 Dec 2019 02:25:41-HUC] Writing 1 colour graph to human/bigsi/17/mccortex.SRR1313105.ctx
[12 Dec 2019 02:25:41-HUC][hasht] Allocating table with 88,080,384 entries, using 676MB
[12 Dec 2019 02:25:41-HUC][hasht]  number of buckets: 2,097,152, bucket size: 42
[12 Dec 2019 02:25:41-HUC][graph] kmer-size: 17; colours: 1; capacity: 88,080,384
[12 Dec 2019 02:25:41-HUC][hasht] buckets: 2,097,152 [2^21]; bucket size: 42; 
[12 Dec 2019 02:25:41-HUC][hasht] memory: 676MB; filled: 0 / 88,080,384 (0.00%)
[12 Dec 2019 02:25:41-HUC][asyncio] Inputs: 1; Threads: 1
[12 Dec 2019 02:25:41-HUC][seq] Parsing sequence file human/kmer-counts-jellyfish/17/SRR1313105.kmer.gz
[12 Dec 2019 02:25:48-HUC][BuildGraph] Read 5,000,000 entries (reads / read pairs)
[12 Dec 2019 02:25:49-HUC][seq] Loaded 5,095,655 reads and 0 reads pairs (file: human/kmer-counts-jellyfish/17/SRR1313105.kmer.gz)
[12 Dec 2019 02:25:49-HUC][hasht] buckets: 2,097,152 [2^21]; bucket size: 42; 
[12 Dec 2019 02:25:49-HUC][hasht] memory: 676MB; filled: 5,095,655 / 88,080,384 (5.79%)
[12 Dec 2019 02:25:49-HUC][hasht]  collisions  0: 5095655
[12 Dec 2019 02:25:49-HUC][task] input: human/kmer-counts-jellyfish/17/SRR1313105.kmer.gz colour: 0
[12 Dec 2019 02:25:49-HUC]  SE reads: 5,095,655  PE reads: 0
[12 Dec 2019 02:25:49-HUC]  good reads: 5,095,655  bad reads: 0
[12 Dec 2019 02:25:49-HUC]  dup SE reads: 0  dup PE pairs: 0
[12 Dec 2019 02:25:49-HUC]  bases read: 86,626,135  bases loaded: 86,626,135
[12 Dec 2019 02:25:49-HUC]  num contigs: 5,095,655  num kmers: 5,095,655 novel kmers: 5,095,655
[12 Dec 2019 02:25:49-HUC] Dumping graph...
[12 Dec 2019 02:25:49-HUC][graphwriter] Saving file to: human/bigsi/17/mccortex.SRR1313105.ctx
[12 Dec 2019 02:25:49-HUC][FileFilter] Writing graph  [1 src colour]
[12 Dec 2019 02:25:49-HUC][graphwriter] Dumped 5,095,655 kmers in 1 colour into: human/bigsi/17/mccortex.SRR1313105.ctx (ver: 6)
[12 Dec 2019 02:25:49-HUC][memory] We made 19 allocs
[12 Dec 2019 02:25:49-HUC] Done.
[12 Dec 2019 02:25:49-HUC][time] 8.00 seconds
	Command being timed: "mccortex 17 build --nkmers 86000000 --threads 1 --kmer 17 --mem 5G --sample SRR1313105 --seq human/kmer-counts-jellyfish/17/SRR1313105.kmer.gz human/bigsi/17/mccortex.SRR1313105.ctx"
	User time (seconds): 9.56
	System time (seconds): 4.20
	Percent of CPU this job got: 172%
	Elapsed (wall clock) time (h:mm:ss or m:ss): 0:07.97
	Average shared text size (kbytes): 0
	Average unshared data size (kbytes): 0
	Average stack size (kbytes): 0
	Average total size (kbytes): 0
	Maximum resident set size (kbytes): 1045624
	Average resident set size (kbytes): 0
	Major (requiring I/O) page faults: 0
	Minor (reclaiming a frame) page faults: 1204606
	Voluntary context switches: 613387
	Involuntary context switches: 23
	Swaps: 0
	File system inputs: 56536
	File system outputs: 129392
	Socket messages sent: 0
	Socket messages received: 0
	Signals delivered: 0
	Page size (bytes): 4096
	Exit status: 0
