[12 Dec 2019 02:27:39-TiD][cmd] /home/CSCScience.ca/apetkau/miniconda3/envs/bigsi_mccortex/bin/mccortex31 build --nkmers 86000000 --threads 1 --kmer 17 --mem 5G --sample SRR537114 --seq human/kmer-counts-jellyfish/17/SRR537114.kmer.gz human/bigsi/17/mccortex.SRR537114.ctx
[12 Dec 2019 02:27:39-TiD][cwd] /home/CSCScience.ca/apetkau/workspace/comp7934-project
[12 Dec 2019 02:27:39-TiD][version] mccortex=v0.0.3-610-g400c0e3 zlib=1.2.11 htslib=1.8-17-g699ed53 ASSERTS=ON hash=Lookup3 CHECKS=ON k=3..31
[12 Dec 2019 02:27:39-TiD] Saving graph to: human/bigsi/17/mccortex.SRR537114.ctx
[12 Dec 2019 02:27:39-TiD][sample] 0: SRR537114
[12 Dec 2019 02:27:39-TiD][task] human/kmer-counts-jellyfish/17/SRR537114.kmer.gz; FASTQ offset: auto-detect, threshold: off; cut homopolymers: off; remove PCR duplicates: no; colour: 0
[12 Dec 2019 02:27:39-TiD][memory] 104 bits per kmer
[12 Dec 2019 02:27:39-TiD] Note: Using less memory than requested (1.1GB < 5GB); allows for 88,080,384 kmers
[12 Dec 2019 02:27:39-TiD][memory] graph: 1.1GB
[12 Dec 2019 02:27:39-TiD][memory] total: 1.1GB of 62.6GB RAM
[12 Dec 2019 02:27:39-TiD] Writing 1 colour graph to human/bigsi/17/mccortex.SRR537114.ctx
[12 Dec 2019 02:27:39-TiD][hasht] Allocating table with 88,080,384 entries, using 676MB
[12 Dec 2019 02:27:39-TiD][hasht]  number of buckets: 2,097,152, bucket size: 42
[12 Dec 2019 02:27:39-TiD][graph] kmer-size: 17; colours: 1; capacity: 88,080,384
[12 Dec 2019 02:27:39-TiD][hasht] buckets: 2,097,152 [2^21]; bucket size: 42; 
[12 Dec 2019 02:27:39-TiD][hasht] memory: 676MB; filled: 0 / 88,080,384 (0.00%)
[12 Dec 2019 02:27:39-TiD][asyncio] Inputs: 1; Threads: 1
[12 Dec 2019 02:27:39-TiD][seq] Parsing sequence file human/kmer-counts-jellyfish/17/SRR537114.kmer.gz
[12 Dec 2019 02:27:40-TiD][seq] Loaded 432,492 reads and 0 reads pairs (file: human/kmer-counts-jellyfish/17/SRR537114.kmer.gz)
[12 Dec 2019 02:27:40-TiD][hasht] buckets: 2,097,152 [2^21]; bucket size: 42; 
[12 Dec 2019 02:27:40-TiD][hasht] memory: 676MB; filled: 432,492 / 88,080,384 (0.49%)
[12 Dec 2019 02:27:40-TiD][hasht]  collisions  0: 432492
[12 Dec 2019 02:27:40-TiD][task] input: human/kmer-counts-jellyfish/17/SRR537114.kmer.gz colour: 0
[12 Dec 2019 02:27:40-TiD]  SE reads: 432,492  PE reads: 0
[12 Dec 2019 02:27:40-TiD]  good reads: 432,492  bad reads: 0
[12 Dec 2019 02:27:40-TiD]  dup SE reads: 0  dup PE pairs: 0
[12 Dec 2019 02:27:40-TiD]  bases read: 7,352,364  bases loaded: 7,352,364
[12 Dec 2019 02:27:40-TiD]  num contigs: 432,492  num kmers: 432,492 novel kmers: 432,492
[12 Dec 2019 02:27:40-TiD] Dumping graph...
[12 Dec 2019 02:27:40-TiD][graphwriter] Saving file to: human/bigsi/17/mccortex.SRR537114.ctx
[12 Dec 2019 02:27:40-TiD][FileFilter] Writing graph  [1 src colour]
[12 Dec 2019 02:27:40-TiD][graphwriter] Dumped 432,492 kmers in 1 colour into: human/bigsi/17/mccortex.SRR537114.ctx (ver: 6)
[12 Dec 2019 02:27:41-TiD][memory] We made 19 allocs
[12 Dec 2019 02:27:41-TiD] Done.
[12 Dec 2019 02:27:41-TiD][time] 2.00 seconds
	Command being timed: "mccortex 17 build --nkmers 86000000 --threads 1 --kmer 17 --mem 5G --sample SRR537114 --seq human/kmer-counts-jellyfish/17/SRR537114.kmer.gz human/bigsi/17/mccortex.SRR537114.ctx"
	User time (seconds): 1.24
	System time (seconds): 1.30
	Percent of CPU this job got: 158%
	Elapsed (wall clock) time (h:mm:ss or m:ss): 0:01.61
	Average shared text size (kbytes): 0
	Average unshared data size (kbytes): 0
	Average stack size (kbytes): 0
	Average total size (kbytes): 0
	Maximum resident set size (kbytes): 987292
	Average resident set size (kbytes): 0
	Major (requiring I/O) page faults: 0
	Minor (reclaiming a frame) page faults: 456648
	Voluntary context switches: 145148
	Involuntary context switches: 11
	Swaps: 0
	File system inputs: 4800
	File system outputs: 10992
	Socket messages sent: 0
	Socket messages received: 0
	Signals delivered: 0
	Page size (bytes): 4096
	Exit status: 0
