[12 Dec 2019 02:25:24-FEH][cmd] /home/CSCScience.ca/apetkau/miniconda3/envs/bigsi_mccortex/bin/mccortex31 build --nkmers 86000000 --threads 1 --kmer 17 --mem 5G --sample SRR1313092 --seq human/kmer-counts-jellyfish/17/SRR1313092.kmer.gz human/bigsi/17/mccortex.SRR1313092.ctx
[12 Dec 2019 02:25:24-FEH][cwd] /home/CSCScience.ca/apetkau/workspace/comp7934-project
[12 Dec 2019 02:25:24-FEH][version] mccortex=v0.0.3-610-g400c0e3 zlib=1.2.11 htslib=1.8-17-g699ed53 ASSERTS=ON hash=Lookup3 CHECKS=ON k=3..31
[12 Dec 2019 02:25:24-FEH] Saving graph to: human/bigsi/17/mccortex.SRR1313092.ctx
[12 Dec 2019 02:25:24-FEH][sample] 0: SRR1313092
[12 Dec 2019 02:25:24-FEH][task] human/kmer-counts-jellyfish/17/SRR1313092.kmer.gz; FASTQ offset: auto-detect, threshold: off; cut homopolymers: off; remove PCR duplicates: no; colour: 0
[12 Dec 2019 02:25:24-FEH][memory] 104 bits per kmer
[12 Dec 2019 02:25:24-FEH] Note: Using less memory than requested (1.1GB < 5GB); allows for 88,080,384 kmers
[12 Dec 2019 02:25:24-FEH][memory] graph: 1.1GB
[12 Dec 2019 02:25:24-FEH][memory] total: 1.1GB of 62.6GB RAM
[12 Dec 2019 02:25:24-FEH] Writing 1 colour graph to human/bigsi/17/mccortex.SRR1313092.ctx
[12 Dec 2019 02:25:24-FEH][hasht] Allocating table with 88,080,384 entries, using 676MB
[12 Dec 2019 02:25:24-FEH][hasht]  number of buckets: 2,097,152, bucket size: 42
[12 Dec 2019 02:25:24-FEH][graph] kmer-size: 17; colours: 1; capacity: 88,080,384
[12 Dec 2019 02:25:24-FEH][hasht] buckets: 2,097,152 [2^21]; bucket size: 42; 
[12 Dec 2019 02:25:24-FEH][hasht] memory: 676MB; filled: 0 / 88,080,384 (0.00%)
[12 Dec 2019 02:25:24-FEH][asyncio] Inputs: 1; Threads: 1
[12 Dec 2019 02:25:24-FEH][seq] Parsing sequence file human/kmer-counts-jellyfish/17/SRR1313092.kmer.gz
[12 Dec 2019 02:25:31-FEH][seq] Loaded 4,411,289 reads and 0 reads pairs (file: human/kmer-counts-jellyfish/17/SRR1313092.kmer.gz)
[12 Dec 2019 02:25:31-FEH][hasht] buckets: 2,097,152 [2^21]; bucket size: 42; 
[12 Dec 2019 02:25:31-FEH][hasht] memory: 676MB; filled: 4,411,289 / 88,080,384 (5.01%)
[12 Dec 2019 02:25:31-FEH][hasht]  collisions  0: 4411289
[12 Dec 2019 02:25:31-FEH][task] input: human/kmer-counts-jellyfish/17/SRR1313092.kmer.gz colour: 0
[12 Dec 2019 02:25:31-FEH]  SE reads: 4,411,289  PE reads: 0
[12 Dec 2019 02:25:31-FEH]  good reads: 4,411,289  bad reads: 0
[12 Dec 2019 02:25:31-FEH]  dup SE reads: 0  dup PE pairs: 0
[12 Dec 2019 02:25:31-FEH]  bases read: 74,991,913  bases loaded: 74,991,913
[12 Dec 2019 02:25:31-FEH]  num contigs: 4,411,289  num kmers: 4,411,289 novel kmers: 4,411,289
[12 Dec 2019 02:25:31-FEH] Dumping graph...
[12 Dec 2019 02:25:31-FEH][graphwriter] Saving file to: human/bigsi/17/mccortex.SRR1313092.ctx
[12 Dec 2019 02:25:31-FEH][FileFilter] Writing graph  [1 src colour]
[12 Dec 2019 02:25:31-FEH][graphwriter] Dumped 4,411,289 kmers in 1 colour into: human/bigsi/17/mccortex.SRR1313092.ctx (ver: 6)
[12 Dec 2019 02:25:31-FEH][memory] We made 19 allocs
[12 Dec 2019 02:25:31-FEH] Done.
[12 Dec 2019 02:25:31-FEH][time] 7.00 seconds
	Command being timed: "mccortex 17 build --nkmers 86000000 --threads 1 --kmer 17 --mem 5G --sample SRR1313092 --seq human/kmer-counts-jellyfish/17/SRR1313092.kmer.gz human/bigsi/17/mccortex.SRR1313092.ctx"
	User time (seconds): 8.54
	System time (seconds): 3.41
	Percent of CPU this job got: 168%
	Elapsed (wall clock) time (h:mm:ss or m:ss): 0:07.09
	Average shared text size (kbytes): 0
	Average unshared data size (kbytes): 0
	Average stack size (kbytes): 0
	Average total size (kbytes): 0
	Maximum resident set size (kbytes): 1045428
	Average resident set size (kbytes): 0
	Major (requiring I/O) page faults: 0
	Minor (reclaiming a frame) page faults: 869830
	Voluntary context switches: 393572
	Involuntary context switches: 44
	Swaps: 0
	File system inputs: 48968
	File system outputs: 112016
	Socket messages sent: 0
	Socket messages received: 0
	Signals delivered: 0
	Page size (bytes): 4096
	Exit status: 0
