Saving howdesbt.SRR10519469.detbrief.rrr.bf
Saving howdesbt.SRR10521984.detbrief.rrr.bf
Saving howdesbt.SRR10519469.detbrief.rrr.bf
Saving howdesbt.SRR10521984.detbrief.rrr.bf
Saving node4.detbrief.rrr.bf
Saving howdesbt.SRR10521982.detbrief.rrr.bf
Saving howdesbt.SRR10519468.detbrief.rrr.bf
Saving howdesbt.SRR10521983.detbrief.rrr.bf
Saving howdesbt.SRR10519468.detbrief.rrr.bf
Saving howdesbt.SRR10521983.detbrief.rrr.bf
Saving node8.detbrief.rrr.bf
Saving howdesbt.SRR10521982.detbrief.rrr.bf
Saving node8.detbrief.rrr.bf
Saving node5.detbrief.rrr.bf
Saving node4.detbrief.rrr.bf
Saving node5.detbrief.rrr.bf
Saving node2.detbrief.rrr.bf
Saving howdesbt.SRR8088181.detbrief.rrr.bf
Saving howdesbt.SRR8088182.detbrief.rrr.bf
Saving howdesbt.SRR8088181.detbrief.rrr.bf
Saving howdesbt.SRR8088182.detbrief.rrr.bf
Saving node12.detbrief.rrr.bf
Saving howdesbt.SRR8088184.detbrief.rrr.bf
Saving howdesbt.SRR8088183.detbrief.rrr.bf
Saving howdesbt.SRR8088185.detbrief.rrr.bf
Saving howdesbt.SRR8088183.detbrief.rrr.bf
Saving howdesbt.SRR8088185.detbrief.rrr.bf
Saving node17.detbrief.rrr.bf
Saving howdesbt.SRR8088184.detbrief.rrr.bf
Saving node17.detbrief.rrr.bf
Saving node13.detbrief.rrr.bf
Saving node12.detbrief.rrr.bf
Saving node13.detbrief.rrr.bf
Saving node9.detbrief.rrr.bf
Saving howdesbt.SRR10519617.detbrief.rrr.bf
Saving howdesbt.SRR10519619.detbrief.rrr.bf
Saving howdesbt.SRR10519620.detbrief.rrr.bf
Saving howdesbt.SRR10519616.detbrief.rrr.bf
Saving howdesbt.SRR10519637.detbrief.rrr.bf
Saving howdesbt.SRR10519616.detbrief.rrr.bf
Saving howdesbt.SRR10519637.detbrief.rrr.bf
Saving node47.detbrief.rrr.bf
Saving howdesbt.SRR10519620.detbrief.rrr.bf
Saving node47.detbrief.rrr.bf
Saving node44.detbrief.rrr.bf
Saving howdesbt.SRR10519619.detbrief.rrr.bf
Saving node44.detbrief.rrr.bf
Saving node40.detbrief.rrr.bf
Saving howdesbt.SRR10519617.detbrief.rrr.bf
Saving node40.detbrief.rrr.bf
Saving node37.detbrief.rrr.bf
Saving howdesbt.SRR10512964.detbrief.rrr.bf
Saving howdesbt.SRR10512965.detbrief.rrr.bf
Saving howdesbt.SRR10512968.detbrief.rrr.bf
Saving howdesbt.SRR10512965.detbrief.rrr.bf
Saving howdesbt.SRR10512968.detbrief.rrr.bf
Saving node45.detbrief.rrr.bf
Saving howdesbt.SRR10512964.detbrief.rrr.bf
Saving node45.detbrief.rrr.bf
Saving node41.detbrief.rrr.bf
Saving howdesbt.SRR10527352.detbrief.rrr.bf
Saving howdesbt.SRR10527353.detbrief.rrr.bf
Saving howdesbt.SRR10527351.detbrief.rrr.bf
Saving howdesbt.SRR10527348.detbrief.rrr.bf
Saving howdesbt.SRR10527349.detbrief.rrr.bf
Saving howdesbt.SRR10527348.detbrief.rrr.bf
Saving howdesbt.SRR10527349.detbrief.rrr.bf
Saving node49.detbrief.rrr.bf
Saving howdesbt.SRR10527351.detbrief.rrr.bf
Saving node49.detbrief.rrr.bf
Saving node48.detbrief.rrr.bf
Saving howdesbt.SRR10527353.detbrief.rrr.bf
Saving node48.detbrief.rrr.bf
Saving node46.detbrief.rrr.bf
Saving howdesbt.SRR10527352.detbrief.rrr.bf
Saving node46.detbrief.rrr.bf
Saving node42.detbrief.rrr.bf
Saving node41.detbrief.rrr.bf
Saving node42.detbrief.rrr.bf
Saving node38.detbrief.rrr.bf
Saving node37.detbrief.rrr.bf
Saving node38.detbrief.rrr.bf
Saving node33.detbrief.rrr.bf
Saving howdesbt.ERR3656018.detbrief.rrr.bf
Saving howdesbt.ERR3656019.detbrief.rrr.bf
Saving howdesbt.ERR3656018.detbrief.rrr.bf
Saving howdesbt.ERR3656019.detbrief.rrr.bf
Saving node34.detbrief.rrr.bf
Saving node33.detbrief.rrr.bf
Saving node34.detbrief.rrr.bf
Saving node27.detbrief.rrr.bf
Saving howdesbt.ERR3656004.detbrief.rrr.bf
Saving howdesbt.ERR3656012.detbrief.rrr.bf
Saving howdesbt.ERR3656015.detbrief.rrr.bf
Saving howdesbt.ERR3656010.detbrief.rrr.bf
Saving howdesbt.ERR3656013.detbrief.rrr.bf
Saving howdesbt.ERR3656010.detbrief.rrr.bf
Saving howdesbt.ERR3656013.detbrief.rrr.bf
Saving node43.detbrief.rrr.bf
Saving howdesbt.ERR3656015.detbrief.rrr.bf
Saving node43.detbrief.rrr.bf
Saving node39.detbrief.rrr.bf
Saving howdesbt.ERR3656012.detbrief.rrr.bf
Saving node39.detbrief.rrr.bf
Saving node35.detbrief.rrr.bf
Saving howdesbt.ERR3656004.detbrief.rrr.bf
Saving node35.detbrief.rrr.bf
Saving node28.detbrief.rrr.bf
Saving node27.detbrief.rrr.bf
Saving node28.detbrief.rrr.bf
Saving node22.detbrief.rrr.bf
Saving howdesbt.ERR3655992.detbrief.rrr.bf
Saving howdesbt.ERR3655994.detbrief.rrr.bf
Saving howdesbt.ERR3655992.detbrief.rrr.bf
Saving howdesbt.ERR3655994.detbrief.rrr.bf
Saving node29.detbrief.rrr.bf
Saving howdesbt.ERR3655998.detbrief.rrr.bf
Saving howdesbt.ERR3656002.detbrief.rrr.bf
Saving howdesbt.ERR3655998.detbrief.rrr.bf
Saving howdesbt.ERR3656002.detbrief.rrr.bf
Saving node30.detbrief.rrr.bf
Saving node29.detbrief.rrr.bf
Saving node30.detbrief.rrr.bf
Saving node23.detbrief.rrr.bf
Saving node22.detbrief.rrr.bf
Saving node23.detbrief.rrr.bf
Saving node18.detbrief.rrr.bf
Saving howdesbt.SRR10298907.detbrief.rrr.bf
Saving howdesbt.SRR10298905.detbrief.rrr.bf
Saving howdesbt.SRR10298903.detbrief.rrr.bf
Saving howdesbt.SRR10298904.detbrief.rrr.bf
Saving howdesbt.SRR10298906.detbrief.rrr.bf
Saving howdesbt.SRR10298904.detbrief.rrr.bf
Saving howdesbt.SRR10298906.detbrief.rrr.bf
Saving node36.detbrief.rrr.bf
Saving howdesbt.SRR10298903.detbrief.rrr.bf
Saving node36.detbrief.rrr.bf
Saving node31.detbrief.rrr.bf
Saving howdesbt.SRR10298905.detbrief.rrr.bf
Saving node31.detbrief.rrr.bf
Saving node24.detbrief.rrr.bf
Saving howdesbt.SRR10298907.detbrief.rrr.bf
Saving node24.detbrief.rrr.bf
Saving node19.detbrief.rrr.bf
Saving node18.detbrief.rrr.bf
Saving node19.detbrief.rrr.bf
Saving node14.detbrief.rrr.bf
Saving howdesbt.SRR10513326.detbrief.rrr.bf
Saving howdesbt.SRR10513363.detbrief.rrr.bf
Saving howdesbt.SRR10513672.detbrief.rrr.bf
Saving howdesbt.SRR10513325.detbrief.rrr.bf
Saving howdesbt.SRR10513328.detbrief.rrr.bf
Saving howdesbt.SRR10513325.detbrief.rrr.bf
Saving howdesbt.SRR10513328.detbrief.rrr.bf
Saving node32.detbrief.rrr.bf
Saving howdesbt.SRR10513672.detbrief.rrr.bf
Saving node32.detbrief.rrr.bf
Saving node25.detbrief.rrr.bf
Saving howdesbt.SRR10513363.detbrief.rrr.bf
Saving node25.detbrief.rrr.bf
Saving node20.detbrief.rrr.bf
Saving howdesbt.SRR10513326.detbrief.rrr.bf
Saving node20.detbrief.rrr.bf
Saving node15.detbrief.rrr.bf
Saving node14.detbrief.rrr.bf
Saving node15.detbrief.rrr.bf
Saving node10.detbrief.rrr.bf
Saving node9.detbrief.rrr.bf
Saving node10.detbrief.rrr.bf
Saving node6.detbrief.rrr.bf
Saving howdesbt.ERR3655996.detbrief.rrr.bf
Saving howdesbt.ERR1144974.detbrief.rrr.bf
Saving howdesbt.ERR1144977.detbrief.rrr.bf
Saving howdesbt.ERR1144975.detbrief.rrr.bf
Saving howdesbt.ERR1144976.detbrief.rrr.bf
Saving howdesbt.ERR1144978.detbrief.rrr.bf
Saving howdesbt.ERR1144976.detbrief.rrr.bf
Saving howdesbt.ERR1144978.detbrief.rrr.bf
Saving node26.detbrief.rrr.bf
Saving howdesbt.ERR1144975.detbrief.rrr.bf
Saving node26.detbrief.rrr.bf
Saving node21.detbrief.rrr.bf
Saving howdesbt.ERR1144977.detbrief.rrr.bf
Saving node21.detbrief.rrr.bf
Saving node16.detbrief.rrr.bf
Saving howdesbt.ERR1144974.detbrief.rrr.bf
Saving node16.detbrief.rrr.bf
Saving node11.detbrief.rrr.bf
Saving howdesbt.ERR3655996.detbrief.rrr.bf
Saving node11.detbrief.rrr.bf
Saving node7.detbrief.rrr.bf
Saving node6.detbrief.rrr.bf
Saving node7.detbrief.rrr.bf
Saving node3.detbrief.rrr.bf
Saving node2.detbrief.rrr.bf
Saving node3.detbrief.rrr.bf
Saving node1.detbrief.rrr.bf
	Command being timed: "howdesbt build --HowDe --tree=howdesbt.cluster.sbt --outtree=howdesbt.build.sbt"
	User time (seconds): 1.13
	System time (seconds): 0.06
	Percent of CPU this job got: 100%
	Elapsed (wall clock) time (h:mm:ss or m:ss): 0:01.20
	Average shared text size (kbytes): 0
	Average unshared data size (kbytes): 0
	Average stack size (kbytes): 0
	Average total size (kbytes): 0
	Maximum resident set size (kbytes): 10420
	Average resident set size (kbytes): 0
	Major (requiring I/O) page faults: 0
	Minor (reclaiming a frame) page faults: 30307
	Voluntary context switches: 1
	Involuntary context switches: 2
	Swaps: 0
	File system inputs: 0
	File system outputs: 111752
	Socket messages sent: 0
	Socket messages received: 0
	Signals delivered: 0
	Page size (bytes): 4096
	Exit status: 0
