[11 Dec 2019 23:22:50-ZUX][cmd] /home/CSCScience.ca/apetkau/miniconda3/envs/bigsi_mccortex/bin/mccortex31 build --nkmers 2100000 --threads 1 --kmer 11 --mem 10G --sample ERR1713395 --seq metagenomics/kmer-counts-jellyfish/11/ERR1713395.kmer.gz metagenomics/bigsi/11/mccortex.ERR1713395.ctx
[11 Dec 2019 23:22:50-ZUX][cwd] /home/CSCScience.ca/apetkau/workspace/comp7934-project
[11 Dec 2019 23:22:50-ZUX][version] mccortex=v0.0.3-610-g400c0e3 zlib=1.2.11 htslib=1.8-17-g699ed53 ASSERTS=ON hash=Lookup3 CHECKS=ON k=3..31
[11 Dec 2019 23:22:50-ZUX] Saving graph to: metagenomics/bigsi/11/mccortex.ERR1713395.ctx
[11 Dec 2019 23:22:50-ZUX][sample] 0: ERR1713395
[11 Dec 2019 23:22:50-ZUX][task] metagenomics/kmer-counts-jellyfish/11/ERR1713395.kmer.gz; FASTQ offset: auto-detect, threshold: off; cut homopolymers: off; remove PCR duplicates: no; colour: 0
[11 Dec 2019 23:22:50-ZUX][memory] 104 bits per kmer
[11 Dec 2019 23:22:50-ZUX] Note: Using less memory than requested (26.9MB < 10GB); allows for 2,162,688 kmers
[11 Dec 2019 23:22:50-ZUX][memory] graph: 26.9MB
[11 Dec 2019 23:22:50-ZUX][memory] total: 26.9MB of 62.6GB RAM
[11 Dec 2019 23:22:50-ZUX] Writing 1 colour graph to metagenomics/bigsi/11/mccortex.ERR1713395.ctx
[11 Dec 2019 23:22:50-ZUX][hasht] Allocating table with 2,162,688 entries, using 16.6MB
[11 Dec 2019 23:22:50-ZUX][hasht]  number of buckets: 65,536, bucket size: 33
[11 Dec 2019 23:22:50-ZUX][graph] kmer-size: 11; colours: 1; capacity: 2,162,688
[11 Dec 2019 23:22:50-ZUX][hasht] buckets: 65,536 [2^16]; bucket size: 33; 
[11 Dec 2019 23:22:50-ZUX][hasht] memory: 16.6MB; filled: 0 / 2,162,688 (0.00%)
[11 Dec 2019 23:22:50-ZUX][asyncio] Inputs: 1; Threads: 1
[11 Dec 2019 23:22:50-ZUX][seq] Parsing sequence file metagenomics/kmer-counts-jellyfish/11/ERR1713395.kmer.gz
[11 Dec 2019 23:22:51-ZUX][seq] Loaded 1,830,983 reads and 0 reads pairs (file: metagenomics/kmer-counts-jellyfish/11/ERR1713395.kmer.gz)
[11 Dec 2019 23:22:51-ZUX][hasht] buckets: 65,536 [2^16]; bucket size: 33; 
[11 Dec 2019 23:22:51-ZUX][hasht] memory: 16.6MB; filled: 1,830,983 / 2,162,688 (84.66%)
[11 Dec 2019 23:22:51-ZUX][hasht]  collisions  0: 1793865
[11 Dec 2019 23:22:51-ZUX][hasht]  collisions  1: 32448
[11 Dec 2019 23:22:51-ZUX][hasht]  collisions  2: 3948
[11 Dec 2019 23:22:51-ZUX][hasht]  collisions  3: 605
[11 Dec 2019 23:22:51-ZUX][hasht]  collisions  4: 96
[11 Dec 2019 23:22:51-ZUX][hasht]  collisions  5: 16
[11 Dec 2019 23:22:51-ZUX][hasht]  collisions  6: 4
[11 Dec 2019 23:22:51-ZUX][hasht]  collisions  8: 1
[11 Dec 2019 23:22:51-ZUX][task] input: metagenomics/kmer-counts-jellyfish/11/ERR1713395.kmer.gz colour: 0
[11 Dec 2019 23:22:51-ZUX]  SE reads: 1,830,983  PE reads: 0
[11 Dec 2019 23:22:51-ZUX]  good reads: 1,830,983  bad reads: 0
[11 Dec 2019 23:22:51-ZUX]  dup SE reads: 0  dup PE pairs: 0
[11 Dec 2019 23:22:51-ZUX]  bases read: 20,140,813  bases loaded: 20,140,813
[11 Dec 2019 23:22:51-ZUX]  num contigs: 1,830,983  num kmers: 1,830,983 novel kmers: 1,830,983
[11 Dec 2019 23:22:51-ZUX] Dumping graph...
[11 Dec 2019 23:22:51-ZUX][graphwriter] Saving file to: metagenomics/bigsi/11/mccortex.ERR1713395.ctx
[11 Dec 2019 23:22:51-ZUX][FileFilter] Writing graph  [1 src colour]
[11 Dec 2019 23:22:51-ZUX][graphwriter] Dumped 1,830,983 kmers in 1 colour into: metagenomics/bigsi/11/mccortex.ERR1713395.ctx (ver: 6)
[11 Dec 2019 23:22:51-ZUX][memory] We made 19 allocs
[11 Dec 2019 23:22:51-ZUX] Done.
[11 Dec 2019 23:22:51-ZUX][time] 1.00 seconds
	Command being timed: "mccortex 11 build --nkmers 2100000 --threads 1 --kmer 11 --mem 10G --sample ERR1713395 --seq metagenomics/kmer-counts-jellyfish/11/ERR1713395.kmer.gz metagenomics/bigsi/11/mccortex.ERR1713395.ctx"
	User time (seconds): 2.26
	System time (seconds): 0.29
	Percent of CPU this job got: 169%
	Elapsed (wall clock) time (h:mm:ss or m:ss): 0:01.51
	Average shared text size (kbytes): 0
	Average unshared data size (kbytes): 0
	Average stack size (kbytes): 0
	Average total size (kbytes): 0
	Maximum resident set size (kbytes): 34504
	Average resident set size (kbytes): 0
	Major (requiring I/O) page faults: 0
	Minor (reclaiming a frame) page faults: 18752
	Voluntary context switches: 7904
	Involuntary context switches: 2966
	Swaps: 0
	File system inputs: 13464
	File system outputs: 46504
	Socket messages sent: 0
	Socket messages received: 0
	Signals delivered: 0
	Page size (bytes): 4096
	Exit status: 0
