[11 Dec 2019 23:22:20-JIP][cmd] /home/CSCScience.ca/apetkau/miniconda3/envs/bigsi_mccortex/bin/mccortex31 build --nkmers 2100000 --threads 1 --kmer 11 --mem 10G --sample ERR1713376 --seq metagenomics/kmer-counts-jellyfish/11/ERR1713376.kmer.gz metagenomics/bigsi/11/mccortex.ERR1713376.ctx
[11 Dec 2019 23:22:20-JIP][cwd] /home/CSCScience.ca/apetkau/workspace/comp7934-project
[11 Dec 2019 23:22:20-JIP][version] mccortex=v0.0.3-610-g400c0e3 zlib=1.2.11 htslib=1.8-17-g699ed53 ASSERTS=ON hash=Lookup3 CHECKS=ON k=3..31
[11 Dec 2019 23:22:20-JIP] Saving graph to: metagenomics/bigsi/11/mccortex.ERR1713376.ctx
[11 Dec 2019 23:22:20-JIP][sample] 0: ERR1713376
[11 Dec 2019 23:22:20-JIP][task] metagenomics/kmer-counts-jellyfish/11/ERR1713376.kmer.gz; FASTQ offset: auto-detect, threshold: off; cut homopolymers: off; remove PCR duplicates: no; colour: 0
[11 Dec 2019 23:22:20-JIP][memory] 104 bits per kmer
[11 Dec 2019 23:22:20-JIP] Note: Using less memory than requested (26.9MB < 10GB); allows for 2,162,688 kmers
[11 Dec 2019 23:22:20-JIP][memory] graph: 26.9MB
[11 Dec 2019 23:22:20-JIP][memory] total: 26.9MB of 62.6GB RAM
[11 Dec 2019 23:22:20-JIP] Writing 1 colour graph to metagenomics/bigsi/11/mccortex.ERR1713376.ctx
[11 Dec 2019 23:22:20-JIP][hasht] Allocating table with 2,162,688 entries, using 16.6MB
[11 Dec 2019 23:22:20-JIP][hasht]  number of buckets: 65,536, bucket size: 33
[11 Dec 2019 23:22:20-JIP][graph] kmer-size: 11; colours: 1; capacity: 2,162,688
[11 Dec 2019 23:22:20-JIP][hasht] buckets: 65,536 [2^16]; bucket size: 33; 
[11 Dec 2019 23:22:20-JIP][hasht] memory: 16.6MB; filled: 0 / 2,162,688 (0.00%)
[11 Dec 2019 23:22:20-JIP][asyncio] Inputs: 1; Threads: 1
[11 Dec 2019 23:22:20-JIP][seq] Parsing sequence file metagenomics/kmer-counts-jellyfish/11/ERR1713376.kmer.gz
[11 Dec 2019 23:22:22-JIP][seq] Loaded 1,858,288 reads and 0 reads pairs (file: metagenomics/kmer-counts-jellyfish/11/ERR1713376.kmer.gz)
[11 Dec 2019 23:22:22-JIP][hasht] buckets: 65,536 [2^16]; bucket size: 33; 
[11 Dec 2019 23:22:22-JIP][hasht] memory: 16.6MB; filled: 1,858,288 / 2,162,688 (85.92%)
[11 Dec 2019 23:22:22-JIP][hasht]  collisions  0: 1814060
[11 Dec 2019 23:22:22-JIP][hasht]  collisions  1: 37839
[11 Dec 2019 23:22:22-JIP][hasht]  collisions  2: 5222
[11 Dec 2019 23:22:22-JIP][hasht]  collisions  3: 925
[11 Dec 2019 23:22:22-JIP][hasht]  collisions  4: 189
[11 Dec 2019 23:22:22-JIP][hasht]  collisions  5: 42
[11 Dec 2019 23:22:22-JIP][hasht]  collisions  6: 10
[11 Dec 2019 23:22:22-JIP][hasht]  collisions  7: 1
[11 Dec 2019 23:22:22-JIP][task] input: metagenomics/kmer-counts-jellyfish/11/ERR1713376.kmer.gz colour: 0
[11 Dec 2019 23:22:22-JIP]  SE reads: 1,858,288  PE reads: 0
[11 Dec 2019 23:22:22-JIP]  good reads: 1,858,288  bad reads: 0
[11 Dec 2019 23:22:22-JIP]  dup SE reads: 0  dup PE pairs: 0
[11 Dec 2019 23:22:22-JIP]  bases read: 20,441,168  bases loaded: 20,441,168
[11 Dec 2019 23:22:22-JIP]  num contigs: 1,858,288  num kmers: 1,858,288 novel kmers: 1,858,288
[11 Dec 2019 23:22:22-JIP] Dumping graph...
[11 Dec 2019 23:22:22-JIP][graphwriter] Saving file to: metagenomics/bigsi/11/mccortex.ERR1713376.ctx
[11 Dec 2019 23:22:22-JIP][FileFilter] Writing graph  [1 src colour]
[11 Dec 2019 23:22:23-JIP][graphwriter] Dumped 1,858,288 kmers in 1 colour into: metagenomics/bigsi/11/mccortex.ERR1713376.ctx (ver: 6)
[11 Dec 2019 23:22:23-JIP][memory] We made 19 allocs
[11 Dec 2019 23:22:23-JIP] Done.
[11 Dec 2019 23:22:23-JIP][time] 3.00 seconds
	Command being timed: "mccortex 11 build --nkmers 2100000 --threads 1 --kmer 11 --mem 10G --sample ERR1713376 --seq metagenomics/kmer-counts-jellyfish/11/ERR1713376.kmer.gz metagenomics/bigsi/11/mccortex.ERR1713376.ctx"
	User time (seconds): 3.45
	System time (seconds): 0.42
	Percent of CPU this job got: 167%
	Elapsed (wall clock) time (h:mm:ss or m:ss): 0:02.31
	Average shared text size (kbytes): 0
	Average unshared data size (kbytes): 0
	Average stack size (kbytes): 0
	Average total size (kbytes): 0
	Maximum resident set size (kbytes): 34544
	Average resident set size (kbytes): 0
	Major (requiring I/O) page faults: 0
	Minor (reclaiming a frame) page faults: 18759
	Voluntary context switches: 13190
	Involuntary context switches: 7398
	Swaps: 0
	File system inputs: 13656
	File system outputs: 47192
	Socket messages sent: 0
	Socket messages received: 0
	Signals delivered: 0
	Page size (bytes): 4096
	Exit status: 0
