[11 Dec 2019 23:22:47-suR][cmd] /home/CSCScience.ca/apetkau/miniconda3/envs/bigsi_mccortex/bin/mccortex31 build --nkmers 2100000 --threads 1 --kmer 11 --mem 10G --sample ERR1713381 --seq metagenomics/kmer-counts-jellyfish/11/ERR1713381.kmer.gz metagenomics/bigsi/11/mccortex.ERR1713381.ctx
[11 Dec 2019 23:22:47-suR][cwd] /home/CSCScience.ca/apetkau/workspace/comp7934-project
[11 Dec 2019 23:22:47-suR][version] mccortex=v0.0.3-610-g400c0e3 zlib=1.2.11 htslib=1.8-17-g699ed53 ASSERTS=ON hash=Lookup3 CHECKS=ON k=3..31
[11 Dec 2019 23:22:47-suR] Saving graph to: metagenomics/bigsi/11/mccortex.ERR1713381.ctx
[11 Dec 2019 23:22:47-suR][sample] 0: ERR1713381
[11 Dec 2019 23:22:47-suR][task] metagenomics/kmer-counts-jellyfish/11/ERR1713381.kmer.gz; FASTQ offset: auto-detect, threshold: off; cut homopolymers: off; remove PCR duplicates: no; colour: 0
[11 Dec 2019 23:22:47-suR][memory] 104 bits per kmer
[11 Dec 2019 23:22:47-suR] Note: Using less memory than requested (26.9MB < 10GB); allows for 2,162,688 kmers
[11 Dec 2019 23:22:47-suR][memory] graph: 26.9MB
[11 Dec 2019 23:22:47-suR][memory] total: 26.9MB of 62.6GB RAM
[11 Dec 2019 23:22:47-suR] Writing 1 colour graph to metagenomics/bigsi/11/mccortex.ERR1713381.ctx
[11 Dec 2019 23:22:47-suR][hasht] Allocating table with 2,162,688 entries, using 16.6MB
[11 Dec 2019 23:22:47-suR][hasht]  number of buckets: 65,536, bucket size: 33
[11 Dec 2019 23:22:47-suR][graph] kmer-size: 11; colours: 1; capacity: 2,162,688
[11 Dec 2019 23:22:47-suR][hasht] buckets: 65,536 [2^16]; bucket size: 33; 
[11 Dec 2019 23:22:47-suR][hasht] memory: 16.6MB; filled: 0 / 2,162,688 (0.00%)
[11 Dec 2019 23:22:47-suR][asyncio] Inputs: 1; Threads: 1
[11 Dec 2019 23:22:47-suR][seq] Parsing sequence file metagenomics/kmer-counts-jellyfish/11/ERR1713381.kmer.gz
[11 Dec 2019 23:22:48-suR][seq] Loaded 1,892,593 reads and 0 reads pairs (file: metagenomics/kmer-counts-jellyfish/11/ERR1713381.kmer.gz)
[11 Dec 2019 23:22:48-suR][hasht] buckets: 65,536 [2^16]; bucket size: 33; 
[11 Dec 2019 23:22:48-suR][hasht] memory: 16.6MB; filled: 1,892,593 / 2,162,688 (87.51%)
[11 Dec 2019 23:22:48-suR][hasht]  collisions  0: 1839789
[11 Dec 2019 23:22:48-suR][hasht]  collisions  1: 44097
[11 Dec 2019 23:22:48-suR][hasht]  collisions  2: 6863
[11 Dec 2019 23:22:48-suR][hasht]  collisions  3: 1400
[11 Dec 2019 23:22:48-suR][hasht]  collisions  4: 335
[11 Dec 2019 23:22:48-suR][hasht]  collisions  5: 75
[11 Dec 2019 23:22:48-suR][hasht]  collisions  6: 22
[11 Dec 2019 23:22:48-suR][hasht]  collisions  7: 10
[11 Dec 2019 23:22:48-suR][hasht]  collisions  8: 1
[11 Dec 2019 23:22:48-suR][hasht]  collisions  9: 1
[11 Dec 2019 23:22:48-suR][task] input: metagenomics/kmer-counts-jellyfish/11/ERR1713381.kmer.gz colour: 0
[11 Dec 2019 23:22:48-suR]  SE reads: 1,892,593  PE reads: 0
[11 Dec 2019 23:22:48-suR]  good reads: 1,892,593  bad reads: 0
[11 Dec 2019 23:22:48-suR]  dup SE reads: 0  dup PE pairs: 0
[11 Dec 2019 23:22:48-suR]  bases read: 20,818,523  bases loaded: 20,818,523
[11 Dec 2019 23:22:48-suR]  num contigs: 1,892,593  num kmers: 1,892,593 novel kmers: 1,892,593
[11 Dec 2019 23:22:48-suR] Dumping graph...
[11 Dec 2019 23:22:48-suR][graphwriter] Saving file to: metagenomics/bigsi/11/mccortex.ERR1713381.ctx
[11 Dec 2019 23:22:48-suR][FileFilter] Writing graph  [1 src colour]
[11 Dec 2019 23:22:48-suR][graphwriter] Dumped 1,892,593 kmers in 1 colour into: metagenomics/bigsi/11/mccortex.ERR1713381.ctx (ver: 6)
[11 Dec 2019 23:22:48-suR][memory] We made 19 allocs
[11 Dec 2019 23:22:48-suR] Done.
[11 Dec 2019 23:22:48-suR][time] 1.00 seconds
	Command being timed: "mccortex 11 build --nkmers 2100000 --threads 1 --kmer 11 --mem 10G --sample ERR1713381 --seq metagenomics/kmer-counts-jellyfish/11/ERR1713381.kmer.gz metagenomics/bigsi/11/mccortex.ERR1713381.ctx"
	User time (seconds): 2.59
	System time (seconds): 0.35
	Percent of CPU this job got: 178%
	Elapsed (wall clock) time (h:mm:ss or m:ss): 0:01.65
	Average shared text size (kbytes): 0
	Average unshared data size (kbytes): 0
	Average stack size (kbytes): 0
	Average total size (kbytes): 0
	Maximum resident set size (kbytes): 34512
	Average resident set size (kbytes): 0
	Major (requiring I/O) page faults: 0
	Minor (reclaiming a frame) page faults: 18747
	Voluntary context switches: 10781
	Involuntary context switches: 64
	Swaps: 0
	File system inputs: 13904
	File system outputs: 48064
	Socket messages sent: 0
	Socket messages received: 0
	Signals delivered: 0
	Page size (bytes): 4096
	Exit status: 0
