[11 Dec 2019 23:20:53-wOx][cmd] /home/CSCScience.ca/apetkau/miniconda3/envs/bigsi_mccortex/bin/mccortex31 build --nkmers 2100000 --threads 1 --kmer 11 --mem 10G --sample ERR1713335 --seq metagenomics/kmer-counts-jellyfish/11/ERR1713335.kmer.gz metagenomics/bigsi/11/mccortex.ERR1713335.ctx
[11 Dec 2019 23:20:53-wOx][cwd] /home/CSCScience.ca/apetkau/workspace/comp7934-project
[11 Dec 2019 23:20:53-wOx][version] mccortex=v0.0.3-610-g400c0e3 zlib=1.2.11 htslib=1.8-17-g699ed53 ASSERTS=ON hash=Lookup3 CHECKS=ON k=3..31
[11 Dec 2019 23:20:53-wOx] Saving graph to: metagenomics/bigsi/11/mccortex.ERR1713335.ctx
[11 Dec 2019 23:20:53-wOx][sample] 0: ERR1713335
[11 Dec 2019 23:20:53-wOx][task] metagenomics/kmer-counts-jellyfish/11/ERR1713335.kmer.gz; FASTQ offset: auto-detect, threshold: off; cut homopolymers: off; remove PCR duplicates: no; colour: 0
[11 Dec 2019 23:20:53-wOx][memory] 104 bits per kmer
[11 Dec 2019 23:20:53-wOx] Note: Using less memory than requested (26.9MB < 10GB); allows for 2,162,688 kmers
[11 Dec 2019 23:20:53-wOx][memory] graph: 26.9MB
[11 Dec 2019 23:20:53-wOx][memory] total: 26.9MB of 62.6GB RAM
[11 Dec 2019 23:20:53-wOx] Writing 1 colour graph to metagenomics/bigsi/11/mccortex.ERR1713335.ctx
[11 Dec 2019 23:20:53-wOx][hasht] Allocating table with 2,162,688 entries, using 16.6MB
[11 Dec 2019 23:20:53-wOx][hasht]  number of buckets: 65,536, bucket size: 33
[11 Dec 2019 23:20:53-wOx][graph] kmer-size: 11; colours: 1; capacity: 2,162,688
[11 Dec 2019 23:20:53-wOx][hasht] buckets: 65,536 [2^16]; bucket size: 33; 
[11 Dec 2019 23:20:53-wOx][hasht] memory: 16.6MB; filled: 0 / 2,162,688 (0.00%)
[11 Dec 2019 23:20:53-wOx][asyncio] Inputs: 1; Threads: 1
[11 Dec 2019 23:20:53-wOx][seq] Parsing sequence file metagenomics/kmer-counts-jellyfish/11/ERR1713335.kmer.gz
[11 Dec 2019 23:20:54-wOx][seq] Loaded 1,831,822 reads and 0 reads pairs (file: metagenomics/kmer-counts-jellyfish/11/ERR1713335.kmer.gz)
[11 Dec 2019 23:20:54-wOx][hasht] buckets: 65,536 [2^16]; bucket size: 33; 
[11 Dec 2019 23:20:54-wOx][hasht] memory: 16.6MB; filled: 1,831,822 / 2,162,688 (84.70%)
[11 Dec 2019 23:20:54-wOx][hasht]  collisions  0: 1795202
[11 Dec 2019 23:20:54-wOx][hasht]  collisions  1: 31969
[11 Dec 2019 23:20:54-wOx][hasht]  collisions  2: 3914
[11 Dec 2019 23:20:54-wOx][hasht]  collisions  3: 606
[11 Dec 2019 23:20:54-wOx][hasht]  collisions  4: 111
[11 Dec 2019 23:20:54-wOx][hasht]  collisions  5: 17
[11 Dec 2019 23:20:54-wOx][hasht]  collisions  6: 2
[11 Dec 2019 23:20:54-wOx][hasht]  collisions  7: 1
[11 Dec 2019 23:20:54-wOx][task] input: metagenomics/kmer-counts-jellyfish/11/ERR1713335.kmer.gz colour: 0
[11 Dec 2019 23:20:54-wOx]  SE reads: 1,831,822  PE reads: 0
[11 Dec 2019 23:20:54-wOx]  good reads: 1,831,822  bad reads: 0
[11 Dec 2019 23:20:54-wOx]  dup SE reads: 0  dup PE pairs: 0
[11 Dec 2019 23:20:54-wOx]  bases read: 20,150,042  bases loaded: 20,150,042
[11 Dec 2019 23:20:54-wOx]  num contigs: 1,831,822  num kmers: 1,831,822 novel kmers: 1,831,822
[11 Dec 2019 23:20:54-wOx] Dumping graph...
[11 Dec 2019 23:20:54-wOx][graphwriter] Saving file to: metagenomics/bigsi/11/mccortex.ERR1713335.ctx
[11 Dec 2019 23:20:54-wOx][FileFilter] Writing graph  [1 src colour]
[11 Dec 2019 23:20:54-wOx][graphwriter] Dumped 1,831,822 kmers in 1 colour into: metagenomics/bigsi/11/mccortex.ERR1713335.ctx (ver: 6)
[11 Dec 2019 23:20:54-wOx][memory] We made 19 allocs
[11 Dec 2019 23:20:54-wOx] Done.
[11 Dec 2019 23:20:54-wOx][time] 1.00 seconds
	Command being timed: "mccortex 11 build --nkmers 2100000 --threads 1 --kmer 11 --mem 10G --sample ERR1713335 --seq metagenomics/kmer-counts-jellyfish/11/ERR1713335.kmer.gz metagenomics/bigsi/11/mccortex.ERR1713335.ctx"
	User time (seconds): 2.51
	System time (seconds): 0.27
	Percent of CPU this job got: 179%
	Elapsed (wall clock) time (h:mm:ss or m:ss): 0:01.55
	Average shared text size (kbytes): 0
	Average unshared data size (kbytes): 0
	Average stack size (kbytes): 0
	Average total size (kbytes): 0
	Maximum resident set size (kbytes): 34452
	Average resident set size (kbytes): 0
	Major (requiring I/O) page faults: 0
	Minor (reclaiming a frame) page faults: 18747
	Voluntary context switches: 7672
	Involuntary context switches: 57
	Swaps: 0
	File system inputs: 13472
	File system outputs: 46520
	Socket messages sent: 0
	Socket messages received: 0
	Signals delivered: 0
	Page size (bytes): 4096
	Exit status: 0
