[11 Dec 2019 23:21:49-KIz][cmd] /home/CSCScience.ca/apetkau/miniconda3/envs/bigsi_mccortex/bin/mccortex31 build --nkmers 2100000 --threads 1 --kmer 11 --mem 10G --sample ERR1713353 --seq metagenomics/kmer-counts-jellyfish/11/ERR1713353.kmer.gz metagenomics/bigsi/11/mccortex.ERR1713353.ctx
[11 Dec 2019 23:21:49-KIz][cwd] /home/CSCScience.ca/apetkau/workspace/comp7934-project
[11 Dec 2019 23:21:49-KIz][version] mccortex=v0.0.3-610-g400c0e3 zlib=1.2.11 htslib=1.8-17-g699ed53 ASSERTS=ON hash=Lookup3 CHECKS=ON k=3..31
[11 Dec 2019 23:21:49-KIz] Saving graph to: metagenomics/bigsi/11/mccortex.ERR1713353.ctx
[11 Dec 2019 23:21:49-KIz][sample] 0: ERR1713353
[11 Dec 2019 23:21:49-KIz][task] metagenomics/kmer-counts-jellyfish/11/ERR1713353.kmer.gz; FASTQ offset: auto-detect, threshold: off; cut homopolymers: off; remove PCR duplicates: no; colour: 0
[11 Dec 2019 23:21:49-KIz][memory] 104 bits per kmer
[11 Dec 2019 23:21:49-KIz] Note: Using less memory than requested (26.9MB < 10GB); allows for 2,162,688 kmers
[11 Dec 2019 23:21:49-KIz][memory] graph: 26.9MB
[11 Dec 2019 23:21:49-KIz][memory] total: 26.9MB of 62.6GB RAM
[11 Dec 2019 23:21:49-KIz] Writing 1 colour graph to metagenomics/bigsi/11/mccortex.ERR1713353.ctx
[11 Dec 2019 23:21:49-KIz][hasht] Allocating table with 2,162,688 entries, using 16.6MB
[11 Dec 2019 23:21:49-KIz][hasht]  number of buckets: 65,536, bucket size: 33
[11 Dec 2019 23:21:49-KIz][graph] kmer-size: 11; colours: 1; capacity: 2,162,688
[11 Dec 2019 23:21:49-KIz][hasht] buckets: 65,536 [2^16]; bucket size: 33; 
[11 Dec 2019 23:21:49-KIz][hasht] memory: 16.6MB; filled: 0 / 2,162,688 (0.00%)
[11 Dec 2019 23:21:49-KIz][asyncio] Inputs: 1; Threads: 1
[11 Dec 2019 23:21:49-KIz][seq] Parsing sequence file metagenomics/kmer-counts-jellyfish/11/ERR1713353.kmer.gz
[11 Dec 2019 23:21:50-KIz][seq] Loaded 1,885,676 reads and 0 reads pairs (file: metagenomics/kmer-counts-jellyfish/11/ERR1713353.kmer.gz)
[11 Dec 2019 23:21:50-KIz][hasht] buckets: 65,536 [2^16]; bucket size: 33; 
[11 Dec 2019 23:21:50-KIz][hasht] memory: 16.6MB; filled: 1,885,676 / 2,162,688 (87.19%)
[11 Dec 2019 23:21:50-KIz][hasht]  collisions  0: 1833935
[11 Dec 2019 23:21:50-KIz][hasht]  collisions  1: 43144
[11 Dec 2019 23:21:50-KIz][hasht]  collisions  2: 6830
[11 Dec 2019 23:21:50-KIz][hasht]  collisions  3: 1384
[11 Dec 2019 23:21:50-KIz][hasht]  collisions  4: 279
[11 Dec 2019 23:21:50-KIz][hasht]  collisions  5: 82
[11 Dec 2019 23:21:50-KIz][hasht]  collisions  6: 18
[11 Dec 2019 23:21:50-KIz][hasht]  collisions  7: 4
[11 Dec 2019 23:21:50-KIz][task] input: metagenomics/kmer-counts-jellyfish/11/ERR1713353.kmer.gz colour: 0
[11 Dec 2019 23:21:50-KIz]  SE reads: 1,885,676  PE reads: 0
[11 Dec 2019 23:21:50-KIz]  good reads: 1,885,676  bad reads: 0
[11 Dec 2019 23:21:50-KIz]  dup SE reads: 0  dup PE pairs: 0
[11 Dec 2019 23:21:50-KIz]  bases read: 20,742,436  bases loaded: 20,742,436
[11 Dec 2019 23:21:50-KIz]  num contigs: 1,885,676  num kmers: 1,885,676 novel kmers: 1,885,676
[11 Dec 2019 23:21:50-KIz] Dumping graph...
[11 Dec 2019 23:21:50-KIz][graphwriter] Saving file to: metagenomics/bigsi/11/mccortex.ERR1713353.ctx
[11 Dec 2019 23:21:50-KIz][FileFilter] Writing graph  [1 src colour]
[11 Dec 2019 23:21:51-KIz][graphwriter] Dumped 1,885,676 kmers in 1 colour into: metagenomics/bigsi/11/mccortex.ERR1713353.ctx (ver: 6)
[11 Dec 2019 23:21:51-KIz][memory] We made 19 allocs
[11 Dec 2019 23:21:51-KIz] Done.
[11 Dec 2019 23:21:51-KIz][time] 2.00 seconds
	Command being timed: "mccortex 11 build --nkmers 2100000 --threads 1 --kmer 11 --mem 10G --sample ERR1713353 --seq metagenomics/kmer-counts-jellyfish/11/ERR1713353.kmer.gz metagenomics/bigsi/11/mccortex.ERR1713353.ctx"
	User time (seconds): 2.33
	System time (seconds): 0.39
	Percent of CPU this job got: 177%
	Elapsed (wall clock) time (h:mm:ss or m:ss): 0:01.53
	Average shared text size (kbytes): 0
	Average unshared data size (kbytes): 0
	Average stack size (kbytes): 0
	Average total size (kbytes): 0
	Maximum resident set size (kbytes): 34536
	Average resident set size (kbytes): 0
	Major (requiring I/O) page faults: 0
	Minor (reclaiming a frame) page faults: 18757
	Voluntary context switches: 9593
	Involuntary context switches: 62
	Swaps: 0
	File system inputs: 13848
	File system outputs: 47888
	Socket messages sent: 0
	Socket messages received: 0
	Signals delivered: 0
	Page size (bytes): 4096
	Exit status: 0
