[11 Dec 2019 23:22:49-KoW][cmd] /home/CSCScience.ca/apetkau/miniconda3/envs/bigsi_mccortex/bin/mccortex31 build --nkmers 2100000 --threads 1 --kmer 11 --mem 10G --sample ERR1713393 --seq metagenomics/kmer-counts-jellyfish/11/ERR1713393.kmer.gz metagenomics/bigsi/11/mccortex.ERR1713393.ctx
[11 Dec 2019 23:22:49-KoW][cwd] /home/CSCScience.ca/apetkau/workspace/comp7934-project
[11 Dec 2019 23:22:49-KoW][version] mccortex=v0.0.3-610-g400c0e3 zlib=1.2.11 htslib=1.8-17-g699ed53 ASSERTS=ON hash=Lookup3 CHECKS=ON k=3..31
[11 Dec 2019 23:22:49-KoW] Saving graph to: metagenomics/bigsi/11/mccortex.ERR1713393.ctx
[11 Dec 2019 23:22:49-KoW][sample] 0: ERR1713393
[11 Dec 2019 23:22:49-KoW][task] metagenomics/kmer-counts-jellyfish/11/ERR1713393.kmer.gz; FASTQ offset: auto-detect, threshold: off; cut homopolymers: off; remove PCR duplicates: no; colour: 0
[11 Dec 2019 23:22:49-KoW][memory] 104 bits per kmer
[11 Dec 2019 23:22:49-KoW] Note: Using less memory than requested (26.9MB < 10GB); allows for 2,162,688 kmers
[11 Dec 2019 23:22:49-KoW][memory] graph: 26.9MB
[11 Dec 2019 23:22:49-KoW][memory] total: 26.9MB of 62.6GB RAM
[11 Dec 2019 23:22:49-KoW] Writing 1 colour graph to metagenomics/bigsi/11/mccortex.ERR1713393.ctx
[11 Dec 2019 23:22:49-KoW][hasht] Allocating table with 2,162,688 entries, using 16.6MB
[11 Dec 2019 23:22:49-KoW][hasht]  number of buckets: 65,536, bucket size: 33
[11 Dec 2019 23:22:49-KoW][graph] kmer-size: 11; colours: 1; capacity: 2,162,688
[11 Dec 2019 23:22:49-KoW][hasht] buckets: 65,536 [2^16]; bucket size: 33; 
[11 Dec 2019 23:22:49-KoW][hasht] memory: 16.6MB; filled: 0 / 2,162,688 (0.00%)
[11 Dec 2019 23:22:49-KoW][asyncio] Inputs: 1; Threads: 1
[11 Dec 2019 23:22:49-KoW][seq] Parsing sequence file metagenomics/kmer-counts-jellyfish/11/ERR1713393.kmer.gz
[11 Dec 2019 23:22:52-KoW][seq] Loaded 1,824,302 reads and 0 reads pairs (file: metagenomics/kmer-counts-jellyfish/11/ERR1713393.kmer.gz)
[11 Dec 2019 23:22:52-KoW][hasht] buckets: 65,536 [2^16]; bucket size: 33; 
[11 Dec 2019 23:22:52-KoW][hasht] memory: 16.6MB; filled: 1,824,302 / 2,162,688 (84.35%)
[11 Dec 2019 23:22:52-KoW][hasht]  collisions  0: 1788781
[11 Dec 2019 23:22:52-KoW][hasht]  collisions  1: 31214
[11 Dec 2019 23:22:52-KoW][hasht]  collisions  2: 3664
[11 Dec 2019 23:22:52-KoW][hasht]  collisions  3: 528
[11 Dec 2019 23:22:52-KoW][hasht]  collisions  4: 93
[11 Dec 2019 23:22:52-KoW][hasht]  collisions  5: 15
[11 Dec 2019 23:22:52-KoW][hasht]  collisions  6: 7
[11 Dec 2019 23:22:52-KoW][task] input: metagenomics/kmer-counts-jellyfish/11/ERR1713393.kmer.gz colour: 0
[11 Dec 2019 23:22:52-KoW]  SE reads: 1,824,302  PE reads: 0
[11 Dec 2019 23:22:52-KoW]  good reads: 1,824,302  bad reads: 0
[11 Dec 2019 23:22:52-KoW]  dup SE reads: 0  dup PE pairs: 0
[11 Dec 2019 23:22:52-KoW]  bases read: 20,067,322  bases loaded: 20,067,322
[11 Dec 2019 23:22:52-KoW]  num contigs: 1,824,302  num kmers: 1,824,302 novel kmers: 1,824,302
[11 Dec 2019 23:22:52-KoW] Dumping graph...
[11 Dec 2019 23:22:52-KoW][graphwriter] Saving file to: metagenomics/bigsi/11/mccortex.ERR1713393.ctx
[11 Dec 2019 23:22:52-KoW][FileFilter] Writing graph  [1 src colour]
[11 Dec 2019 23:22:52-KoW][graphwriter] Dumped 1,824,302 kmers in 1 colour into: metagenomics/bigsi/11/mccortex.ERR1713393.ctx (ver: 6)
[11 Dec 2019 23:22:52-KoW][memory] We made 19 allocs
[11 Dec 2019 23:22:52-KoW] Done.
[11 Dec 2019 23:22:52-KoW][time] 3.00 seconds
	Command being timed: "mccortex 11 build --nkmers 2100000 --threads 1 --kmer 11 --mem 10G --sample ERR1713393 --seq metagenomics/kmer-counts-jellyfish/11/ERR1713393.kmer.gz metagenomics/bigsi/11/mccortex.ERR1713393.ctx"
	User time (seconds): 5.76
	System time (seconds): 0.32
	Percent of CPU this job got: 183%
	Elapsed (wall clock) time (h:mm:ss or m:ss): 0:03.32
	Average shared text size (kbytes): 0
	Average unshared data size (kbytes): 0
	Average stack size (kbytes): 0
	Average total size (kbytes): 0
	Maximum resident set size (kbytes): 34480
	Average resident set size (kbytes): 0
	Major (requiring I/O) page faults: 0
	Minor (reclaiming a frame) page faults: 18761
	Voluntary context switches: 10942
	Involuntary context switches: 1544
	Swaps: 0
	File system inputs: 13416
	File system outputs: 46336
	Socket messages sent: 0
	Socket messages received: 0
	Signals delivered: 0
	Page size (bytes): 4096
	Exit status: 0
