[11 Dec 2019 23:23:45-SeB][cmd] /home/CSCScience.ca/apetkau/miniconda3/envs/bigsi_mccortex/bin/mccortex31 build --nkmers 2100000 --threads 1 --kmer 11 --mem 10G --sample ERR1713409 --seq metagenomics/kmer-counts-jellyfish/11/ERR1713409.kmer.gz metagenomics/bigsi/11/mccortex.ERR1713409.ctx
[11 Dec 2019 23:23:45-SeB][cwd] /home/CSCScience.ca/apetkau/workspace/comp7934-project
[11 Dec 2019 23:23:45-SeB][version] mccortex=v0.0.3-610-g400c0e3 zlib=1.2.11 htslib=1.8-17-g699ed53 ASSERTS=ON hash=Lookup3 CHECKS=ON k=3..31
[11 Dec 2019 23:23:45-SeB] Saving graph to: metagenomics/bigsi/11/mccortex.ERR1713409.ctx
[11 Dec 2019 23:23:45-SeB][sample] 0: ERR1713409
[11 Dec 2019 23:23:45-SeB][task] metagenomics/kmer-counts-jellyfish/11/ERR1713409.kmer.gz; FASTQ offset: auto-detect, threshold: off; cut homopolymers: off; remove PCR duplicates: no; colour: 0
[11 Dec 2019 23:23:45-SeB][memory] 104 bits per kmer
[11 Dec 2019 23:23:45-SeB] Note: Using less memory than requested (26.9MB < 10GB); allows for 2,162,688 kmers
[11 Dec 2019 23:23:45-SeB][memory] graph: 26.9MB
[11 Dec 2019 23:23:45-SeB][memory] total: 26.9MB of 62.6GB RAM
[11 Dec 2019 23:23:45-SeB] Writing 1 colour graph to metagenomics/bigsi/11/mccortex.ERR1713409.ctx
[11 Dec 2019 23:23:45-SeB][hasht] Allocating table with 2,162,688 entries, using 16.6MB
[11 Dec 2019 23:23:45-SeB][hasht]  number of buckets: 65,536, bucket size: 33
[11 Dec 2019 23:23:45-SeB][graph] kmer-size: 11; colours: 1; capacity: 2,162,688
[11 Dec 2019 23:23:45-SeB][hasht] buckets: 65,536 [2^16]; bucket size: 33; 
[11 Dec 2019 23:23:45-SeB][hasht] memory: 16.6MB; filled: 0 / 2,162,688 (0.00%)
[11 Dec 2019 23:23:45-SeB][asyncio] Inputs: 1; Threads: 1
[11 Dec 2019 23:23:45-SeB][seq] Parsing sequence file metagenomics/kmer-counts-jellyfish/11/ERR1713409.kmer.gz
[11 Dec 2019 23:23:47-SeB][seq] Loaded 1,849,628 reads and 0 reads pairs (file: metagenomics/kmer-counts-jellyfish/11/ERR1713409.kmer.gz)
[11 Dec 2019 23:23:47-SeB][hasht] buckets: 65,536 [2^16]; bucket size: 33; 
[11 Dec 2019 23:23:47-SeB][hasht] memory: 16.6MB; filled: 1,849,628 / 2,162,688 (85.52%)
[11 Dec 2019 23:23:47-SeB][hasht]  collisions  0: 1809074
[11 Dec 2019 23:23:47-SeB][hasht]  collisions  1: 34937
[11 Dec 2019 23:23:47-SeB][hasht]  collisions  2: 4616
[11 Dec 2019 23:23:47-SeB][hasht]  collisions  3: 799
[11 Dec 2019 23:23:47-SeB][hasht]  collisions  4: 161
[11 Dec 2019 23:23:47-SeB][hasht]  collisions  5: 37
[11 Dec 2019 23:23:47-SeB][hasht]  collisions  6: 4
[11 Dec 2019 23:23:47-SeB][task] input: metagenomics/kmer-counts-jellyfish/11/ERR1713409.kmer.gz colour: 0
[11 Dec 2019 23:23:47-SeB]  SE reads: 1,849,628  PE reads: 0
[11 Dec 2019 23:23:47-SeB]  good reads: 1,849,628  bad reads: 0
[11 Dec 2019 23:23:47-SeB]  dup SE reads: 0  dup PE pairs: 0
[11 Dec 2019 23:23:47-SeB]  bases read: 20,345,908  bases loaded: 20,345,908
[11 Dec 2019 23:23:47-SeB]  num contigs: 1,849,628  num kmers: 1,849,628 novel kmers: 1,849,628
[11 Dec 2019 23:23:47-SeB] Dumping graph...
[11 Dec 2019 23:23:47-SeB][graphwriter] Saving file to: metagenomics/bigsi/11/mccortex.ERR1713409.ctx
[11 Dec 2019 23:23:47-SeB][FileFilter] Writing graph  [1 src colour]
[11 Dec 2019 23:23:47-SeB][graphwriter] Dumped 1,849,628 kmers in 1 colour into: metagenomics/bigsi/11/mccortex.ERR1713409.ctx (ver: 6)
[11 Dec 2019 23:23:47-SeB][memory] We made 19 allocs
[11 Dec 2019 23:23:47-SeB] Done.
[11 Dec 2019 23:23:47-SeB][time] 2.00 seconds
	Command being timed: "mccortex 11 build --nkmers 2100000 --threads 1 --kmer 11 --mem 10G --sample ERR1713409 --seq metagenomics/kmer-counts-jellyfish/11/ERR1713409.kmer.gz metagenomics/bigsi/11/mccortex.ERR1713409.ctx"
	User time (seconds): 2.42
	System time (seconds): 0.29
	Percent of CPU this job got: 177%
	Elapsed (wall clock) time (h:mm:ss or m:ss): 0:01.53
	Average shared text size (kbytes): 0
	Average unshared data size (kbytes): 0
	Average stack size (kbytes): 0
	Average total size (kbytes): 0
	Maximum resident set size (kbytes): 34540
	Average resident set size (kbytes): 0
	Major (requiring I/O) page faults: 0
	Minor (reclaiming a frame) page faults: 18753
	Voluntary context switches: 9467
	Involuntary context switches: 45
	Swaps: 0
	File system inputs: 13600
	File system outputs: 46976
	Socket messages sent: 0
	Socket messages received: 0
	Signals delivered: 0
	Page size (bytes): 4096
	Exit status: 0
