[11 Dec 2019 23:23:16-kUb][cmd] /home/CSCScience.ca/apetkau/miniconda3/envs/bigsi_mccortex/bin/mccortex31 build --nkmers 2100000 --threads 1 --kmer 11 --mem 10G --sample ERR1713397 --seq metagenomics/kmer-counts-jellyfish/11/ERR1713397.kmer.gz metagenomics/bigsi/11/mccortex.ERR1713397.ctx
[11 Dec 2019 23:23:16-kUb][cwd] /home/CSCScience.ca/apetkau/workspace/comp7934-project
[11 Dec 2019 23:23:16-kUb][version] mccortex=v0.0.3-610-g400c0e3 zlib=1.2.11 htslib=1.8-17-g699ed53 ASSERTS=ON hash=Lookup3 CHECKS=ON k=3..31
[11 Dec 2019 23:23:16-kUb] Saving graph to: metagenomics/bigsi/11/mccortex.ERR1713397.ctx
[11 Dec 2019 23:23:16-kUb][sample] 0: ERR1713397
[11 Dec 2019 23:23:16-kUb][task] metagenomics/kmer-counts-jellyfish/11/ERR1713397.kmer.gz; FASTQ offset: auto-detect, threshold: off; cut homopolymers: off; remove PCR duplicates: no; colour: 0
[11 Dec 2019 23:23:16-kUb][memory] 104 bits per kmer
[11 Dec 2019 23:23:16-kUb] Note: Using less memory than requested (26.9MB < 10GB); allows for 2,162,688 kmers
[11 Dec 2019 23:23:16-kUb][memory] graph: 26.9MB
[11 Dec 2019 23:23:16-kUb][memory] total: 26.9MB of 62.6GB RAM
[11 Dec 2019 23:23:16-kUb] Writing 1 colour graph to metagenomics/bigsi/11/mccortex.ERR1713397.ctx
[11 Dec 2019 23:23:16-kUb][hasht] Allocating table with 2,162,688 entries, using 16.6MB
[11 Dec 2019 23:23:16-kUb][hasht]  number of buckets: 65,536, bucket size: 33
[11 Dec 2019 23:23:16-kUb][graph] kmer-size: 11; colours: 1; capacity: 2,162,688
[11 Dec 2019 23:23:16-kUb][hasht] buckets: 65,536 [2^16]; bucket size: 33; 
[11 Dec 2019 23:23:16-kUb][hasht] memory: 16.6MB; filled: 0 / 2,162,688 (0.00%)
[11 Dec 2019 23:23:16-kUb][asyncio] Inputs: 1; Threads: 1
[11 Dec 2019 23:23:16-kUb][seq] Parsing sequence file metagenomics/kmer-counts-jellyfish/11/ERR1713397.kmer.gz
[11 Dec 2019 23:23:17-kUb][seq] Loaded 1,864,346 reads and 0 reads pairs (file: metagenomics/kmer-counts-jellyfish/11/ERR1713397.kmer.gz)
[11 Dec 2019 23:23:17-kUb][hasht] buckets: 65,536 [2^16]; bucket size: 33; 
[11 Dec 2019 23:23:17-kUb][hasht] memory: 16.6MB; filled: 1,864,346 / 2,162,688 (86.21%)
[11 Dec 2019 23:23:17-kUb][hasht]  collisions  0: 1818737
[11 Dec 2019 23:23:17-kUb][hasht]  collisions  1: 38843
[11 Dec 2019 23:23:17-kUb][hasht]  collisions  2: 5507
[11 Dec 2019 23:23:17-kUb][hasht]  collisions  3: 1020
[11 Dec 2019 23:23:17-kUb][hasht]  collisions  4: 183
[11 Dec 2019 23:23:17-kUb][hasht]  collisions  5: 42
[11 Dec 2019 23:23:17-kUb][hasht]  collisions  6: 13
[11 Dec 2019 23:23:17-kUb][hasht]  collisions  8: 1
[11 Dec 2019 23:23:17-kUb][task] input: metagenomics/kmer-counts-jellyfish/11/ERR1713397.kmer.gz colour: 0
[11 Dec 2019 23:23:17-kUb]  SE reads: 1,864,346  PE reads: 0
[11 Dec 2019 23:23:17-kUb]  good reads: 1,864,346  bad reads: 0
[11 Dec 2019 23:23:17-kUb]  dup SE reads: 0  dup PE pairs: 0
[11 Dec 2019 23:23:17-kUb]  bases read: 20,507,806  bases loaded: 20,507,806
[11 Dec 2019 23:23:17-kUb]  num contigs: 1,864,346  num kmers: 1,864,346 novel kmers: 1,864,346
[11 Dec 2019 23:23:17-kUb] Dumping graph...
[11 Dec 2019 23:23:17-kUb][graphwriter] Saving file to: metagenomics/bigsi/11/mccortex.ERR1713397.ctx
[11 Dec 2019 23:23:17-kUb][FileFilter] Writing graph  [1 src colour]
[11 Dec 2019 23:23:17-kUb][graphwriter] Dumped 1,864,346 kmers in 1 colour into: metagenomics/bigsi/11/mccortex.ERR1713397.ctx (ver: 6)
[11 Dec 2019 23:23:17-kUb][memory] We made 19 allocs
[11 Dec 2019 23:23:17-kUb] Done.
[11 Dec 2019 23:23:17-kUb][time] 1.00 seconds
	Command being timed: "mccortex 11 build --nkmers 2100000 --threads 1 --kmer 11 --mem 10G --sample ERR1713397 --seq metagenomics/kmer-counts-jellyfish/11/ERR1713397.kmer.gz metagenomics/bigsi/11/mccortex.ERR1713397.ctx"
	User time (seconds): 3.01
	System time (seconds): 0.39
	Percent of CPU this job got: 181%
	Elapsed (wall clock) time (h:mm:ss or m:ss): 0:01.87
	Average shared text size (kbytes): 0
	Average unshared data size (kbytes): 0
	Average stack size (kbytes): 0
	Average total size (kbytes): 0
	Maximum resident set size (kbytes): 34432
	Average resident set size (kbytes): 0
	Major (requiring I/O) page faults: 0
	Minor (reclaiming a frame) page faults: 18760
	Voluntary context switches: 11817
	Involuntary context switches: 95
	Swaps: 0
	File system inputs: 13704
	File system outputs: 47360
	Socket messages sent: 0
	Socket messages received: 0
	Signals delivered: 0
	Page size (bytes): 4096
	Exit status: 0
