[11 Dec 2019 23:23:15-yuy][cmd] /home/CSCScience.ca/apetkau/miniconda3/envs/bigsi_mccortex/bin/mccortex31 build --nkmers 2100000 --threads 1 --kmer 11 --mem 10G --sample ERR1713396 --seq metagenomics/kmer-counts-jellyfish/11/ERR1713396.kmer.gz metagenomics/bigsi/11/mccortex.ERR1713396.ctx
[11 Dec 2019 23:23:15-yuy][cwd] /home/CSCScience.ca/apetkau/workspace/comp7934-project
[11 Dec 2019 23:23:15-yuy][version] mccortex=v0.0.3-610-g400c0e3 zlib=1.2.11 htslib=1.8-17-g699ed53 ASSERTS=ON hash=Lookup3 CHECKS=ON k=3..31
[11 Dec 2019 23:23:15-yuy] Saving graph to: metagenomics/bigsi/11/mccortex.ERR1713396.ctx
[11 Dec 2019 23:23:15-yuy][sample] 0: ERR1713396
[11 Dec 2019 23:23:15-yuy][task] metagenomics/kmer-counts-jellyfish/11/ERR1713396.kmer.gz; FASTQ offset: auto-detect, threshold: off; cut homopolymers: off; remove PCR duplicates: no; colour: 0
[11 Dec 2019 23:23:15-yuy][memory] 104 bits per kmer
[11 Dec 2019 23:23:15-yuy] Note: Using less memory than requested (26.9MB < 10GB); allows for 2,162,688 kmers
[11 Dec 2019 23:23:15-yuy][memory] graph: 26.9MB
[11 Dec 2019 23:23:15-yuy][memory] total: 26.9MB of 62.6GB RAM
[11 Dec 2019 23:23:15-yuy] Writing 1 colour graph to metagenomics/bigsi/11/mccortex.ERR1713396.ctx
[11 Dec 2019 23:23:15-yuy][hasht] Allocating table with 2,162,688 entries, using 16.6MB
[11 Dec 2019 23:23:15-yuy][hasht]  number of buckets: 65,536, bucket size: 33
[11 Dec 2019 23:23:15-yuy][graph] kmer-size: 11; colours: 1; capacity: 2,162,688
[11 Dec 2019 23:23:15-yuy][hasht] buckets: 65,536 [2^16]; bucket size: 33; 
[11 Dec 2019 23:23:15-yuy][hasht] memory: 16.6MB; filled: 0 / 2,162,688 (0.00%)
[11 Dec 2019 23:23:15-yuy][asyncio] Inputs: 1; Threads: 1
[11 Dec 2019 23:23:15-yuy][seq] Parsing sequence file metagenomics/kmer-counts-jellyfish/11/ERR1713396.kmer.gz
[11 Dec 2019 23:23:17-yuy][seq] Loaded 1,885,573 reads and 0 reads pairs (file: metagenomics/kmer-counts-jellyfish/11/ERR1713396.kmer.gz)
[11 Dec 2019 23:23:17-yuy][hasht] buckets: 65,536 [2^16]; bucket size: 33; 
[11 Dec 2019 23:23:17-yuy][hasht] memory: 16.6MB; filled: 1,885,573 / 2,162,688 (87.19%)
[11 Dec 2019 23:23:17-yuy][hasht]  collisions  0: 1834984
[11 Dec 2019 23:23:17-yuy][hasht]  collisions  1: 42352
[11 Dec 2019 23:23:17-yuy][hasht]  collisions  2: 6549
[11 Dec 2019 23:23:17-yuy][hasht]  collisions  3: 1307
[11 Dec 2019 23:23:17-yuy][hasht]  collisions  4: 281
[11 Dec 2019 23:23:17-yuy][hasht]  collisions  5: 76
[11 Dec 2019 23:23:17-yuy][hasht]  collisions  6: 20
[11 Dec 2019 23:23:17-yuy][hasht]  collisions  7: 3
[11 Dec 2019 23:23:17-yuy][hasht]  collisions  9: 1
[11 Dec 2019 23:23:17-yuy][task] input: metagenomics/kmer-counts-jellyfish/11/ERR1713396.kmer.gz colour: 0
[11 Dec 2019 23:23:17-yuy]  SE reads: 1,885,573  PE reads: 0
[11 Dec 2019 23:23:17-yuy]  good reads: 1,885,573  bad reads: 0
[11 Dec 2019 23:23:17-yuy]  dup SE reads: 0  dup PE pairs: 0
[11 Dec 2019 23:23:17-yuy]  bases read: 20,741,303  bases loaded: 20,741,303
[11 Dec 2019 23:23:17-yuy]  num contigs: 1,885,573  num kmers: 1,885,573 novel kmers: 1,885,573
[11 Dec 2019 23:23:17-yuy] Dumping graph...
[11 Dec 2019 23:23:17-yuy][graphwriter] Saving file to: metagenomics/bigsi/11/mccortex.ERR1713396.ctx
[11 Dec 2019 23:23:17-yuy][FileFilter] Writing graph  [1 src colour]
[11 Dec 2019 23:23:18-yuy][graphwriter] Dumped 1,885,573 kmers in 1 colour into: metagenomics/bigsi/11/mccortex.ERR1713396.ctx (ver: 6)
[11 Dec 2019 23:23:18-yuy][memory] We made 19 allocs
[11 Dec 2019 23:23:18-yuy] Done.
[11 Dec 2019 23:23:18-yuy][time] 3.00 seconds
	Command being timed: "mccortex 11 build --nkmers 2100000 --threads 1 --kmer 11 --mem 10G --sample ERR1713396 --seq metagenomics/kmer-counts-jellyfish/11/ERR1713396.kmer.gz metagenomics/bigsi/11/mccortex.ERR1713396.ctx"
	User time (seconds): 5.36
	System time (seconds): 0.22
	Percent of CPU this job got: 184%
	Elapsed (wall clock) time (h:mm:ss or m:ss): 0:03.02
	Average shared text size (kbytes): 0
	Average unshared data size (kbytes): 0
	Average stack size (kbytes): 0
	Average total size (kbytes): 0
	Maximum resident set size (kbytes): 34528
	Average resident set size (kbytes): 0
	Major (requiring I/O) page faults: 0
	Minor (reclaiming a frame) page faults: 18860
	Voluntary context switches: 7219
	Involuntary context switches: 23
	Swaps: 0
	File system inputs: 13856
	File system outputs: 47896
	Socket messages sent: 0
	Socket messages received: 0
	Signals delivered: 0
	Page size (bytes): 4096
	Exit status: 0
