[11 Dec 2019 23:23:18-DIn][cmd] /home/CSCScience.ca/apetkau/miniconda3/envs/bigsi_mccortex/bin/mccortex31 build --nkmers 2100000 --threads 1 --kmer 11 --mem 10G --sample ERR1713405 --seq metagenomics/kmer-counts-jellyfish/11/ERR1713405.kmer.gz metagenomics/bigsi/11/mccortex.ERR1713405.ctx
[11 Dec 2019 23:23:18-DIn][cwd] /home/CSCScience.ca/apetkau/workspace/comp7934-project
[11 Dec 2019 23:23:18-DIn][version] mccortex=v0.0.3-610-g400c0e3 zlib=1.2.11 htslib=1.8-17-g699ed53 ASSERTS=ON hash=Lookup3 CHECKS=ON k=3..31
[11 Dec 2019 23:23:18-DIn] Saving graph to: metagenomics/bigsi/11/mccortex.ERR1713405.ctx
[11 Dec 2019 23:23:18-DIn][sample] 0: ERR1713405
[11 Dec 2019 23:23:18-DIn][task] metagenomics/kmer-counts-jellyfish/11/ERR1713405.kmer.gz; FASTQ offset: auto-detect, threshold: off; cut homopolymers: off; remove PCR duplicates: no; colour: 0
[11 Dec 2019 23:23:18-DIn][memory] 104 bits per kmer
[11 Dec 2019 23:23:18-DIn] Note: Using less memory than requested (26.9MB < 10GB); allows for 2,162,688 kmers
[11 Dec 2019 23:23:18-DIn][memory] graph: 26.9MB
[11 Dec 2019 23:23:18-DIn][memory] total: 26.9MB of 62.6GB RAM
[11 Dec 2019 23:23:18-DIn] Writing 1 colour graph to metagenomics/bigsi/11/mccortex.ERR1713405.ctx
[11 Dec 2019 23:23:18-DIn][hasht] Allocating table with 2,162,688 entries, using 16.6MB
[11 Dec 2019 23:23:18-DIn][hasht]  number of buckets: 65,536, bucket size: 33
[11 Dec 2019 23:23:18-DIn][graph] kmer-size: 11; colours: 1; capacity: 2,162,688
[11 Dec 2019 23:23:18-DIn][hasht] buckets: 65,536 [2^16]; bucket size: 33; 
[11 Dec 2019 23:23:18-DIn][hasht] memory: 16.6MB; filled: 0 / 2,162,688 (0.00%)
[11 Dec 2019 23:23:18-DIn][asyncio] Inputs: 1; Threads: 1
[11 Dec 2019 23:23:18-DIn][seq] Parsing sequence file metagenomics/kmer-counts-jellyfish/11/ERR1713405.kmer.gz
[11 Dec 2019 23:23:21-DIn][seq] Loaded 1,854,749 reads and 0 reads pairs (file: metagenomics/kmer-counts-jellyfish/11/ERR1713405.kmer.gz)
[11 Dec 2019 23:23:21-DIn][hasht] buckets: 65,536 [2^16]; bucket size: 33; 
[11 Dec 2019 23:23:21-DIn][hasht] memory: 16.6MB; filled: 1,854,749 / 2,162,688 (85.76%)
[11 Dec 2019 23:23:21-DIn][hasht]  collisions  0: 1812222
[11 Dec 2019 23:23:21-DIn][hasht]  collisions  1: 36409
[11 Dec 2019 23:23:21-DIn][hasht]  collisions  2: 5082
[11 Dec 2019 23:23:21-DIn][hasht]  collisions  3: 813
[11 Dec 2019 23:23:21-DIn][hasht]  collisions  4: 177
[11 Dec 2019 23:23:21-DIn][hasht]  collisions  5: 37
[11 Dec 2019 23:23:21-DIn][hasht]  collisions  6: 5
[11 Dec 2019 23:23:21-DIn][hasht]  collisions  7: 3
[11 Dec 2019 23:23:21-DIn][hasht]  collisions  9: 1
[11 Dec 2019 23:23:21-DIn][task] input: metagenomics/kmer-counts-jellyfish/11/ERR1713405.kmer.gz colour: 0
[11 Dec 2019 23:23:21-DIn]  SE reads: 1,854,749  PE reads: 0
[11 Dec 2019 23:23:21-DIn]  good reads: 1,854,749  bad reads: 0
[11 Dec 2019 23:23:21-DIn]  dup SE reads: 0  dup PE pairs: 0
[11 Dec 2019 23:23:21-DIn]  bases read: 20,402,239  bases loaded: 20,402,239
[11 Dec 2019 23:23:21-DIn]  num contigs: 1,854,749  num kmers: 1,854,749 novel kmers: 1,854,749
[11 Dec 2019 23:23:21-DIn] Dumping graph...
[11 Dec 2019 23:23:21-DIn][graphwriter] Saving file to: metagenomics/bigsi/11/mccortex.ERR1713405.ctx
[11 Dec 2019 23:23:21-DIn][FileFilter] Writing graph  [1 src colour]
[11 Dec 2019 23:23:21-DIn][graphwriter] Dumped 1,854,749 kmers in 1 colour into: metagenomics/bigsi/11/mccortex.ERR1713405.ctx (ver: 6)
[11 Dec 2019 23:23:21-DIn][memory] We made 19 allocs
[11 Dec 2019 23:23:21-DIn] Done.
[11 Dec 2019 23:23:21-DIn][time] 3.00 seconds
	Command being timed: "mccortex 11 build --nkmers 2100000 --threads 1 --kmer 11 --mem 10G --sample ERR1713405 --seq metagenomics/kmer-counts-jellyfish/11/ERR1713405.kmer.gz metagenomics/bigsi/11/mccortex.ERR1713405.ctx"
	User time (seconds): 4.24
	System time (seconds): 0.30
	Percent of CPU this job got: 169%
	Elapsed (wall clock) time (h:mm:ss or m:ss): 0:02.67
	Average shared text size (kbytes): 0
	Average unshared data size (kbytes): 0
	Average stack size (kbytes): 0
	Average total size (kbytes): 0
	Maximum resident set size (kbytes): 34584
	Average resident set size (kbytes): 0
	Major (requiring I/O) page faults: 0
	Minor (reclaiming a frame) page faults: 18757
	Voluntary context switches: 8551
	Involuntary context switches: 827
	Swaps: 0
	File system inputs: 13640
	File system outputs: 47104
	Socket messages sent: 0
	Socket messages received: 0
	Signals delivered: 0
	Page size (bytes): 4096
	Exit status: 0
