[11 Dec 2019 23:21:21-ToG][cmd] /home/CSCScience.ca/apetkau/miniconda3/envs/bigsi_mccortex/bin/mccortex31 build --nkmers 2100000 --threads 1 --kmer 11 --mem 10G --sample ERR1713340 --seq metagenomics/kmer-counts-jellyfish/11/ERR1713340.kmer.gz metagenomics/bigsi/11/mccortex.ERR1713340.ctx
[11 Dec 2019 23:21:21-ToG][cwd] /home/CSCScience.ca/apetkau/workspace/comp7934-project
[11 Dec 2019 23:21:21-ToG][version] mccortex=v0.0.3-610-g400c0e3 zlib=1.2.11 htslib=1.8-17-g699ed53 ASSERTS=ON hash=Lookup3 CHECKS=ON k=3..31
[11 Dec 2019 23:21:21-ToG] Saving graph to: metagenomics/bigsi/11/mccortex.ERR1713340.ctx
[11 Dec 2019 23:21:21-ToG][sample] 0: ERR1713340
[11 Dec 2019 23:21:21-ToG][task] metagenomics/kmer-counts-jellyfish/11/ERR1713340.kmer.gz; FASTQ offset: auto-detect, threshold: off; cut homopolymers: off; remove PCR duplicates: no; colour: 0
[11 Dec 2019 23:21:21-ToG][memory] 104 bits per kmer
[11 Dec 2019 23:21:21-ToG] Note: Using less memory than requested (26.9MB < 10GB); allows for 2,162,688 kmers
[11 Dec 2019 23:21:21-ToG][memory] graph: 26.9MB
[11 Dec 2019 23:21:21-ToG][memory] total: 26.9MB of 62.6GB RAM
[11 Dec 2019 23:21:21-ToG] Writing 1 colour graph to metagenomics/bigsi/11/mccortex.ERR1713340.ctx
[11 Dec 2019 23:21:21-ToG][hasht] Allocating table with 2,162,688 entries, using 16.6MB
[11 Dec 2019 23:21:21-ToG][hasht]  number of buckets: 65,536, bucket size: 33
[11 Dec 2019 23:21:21-ToG][graph] kmer-size: 11; colours: 1; capacity: 2,162,688
[11 Dec 2019 23:21:21-ToG][hasht] buckets: 65,536 [2^16]; bucket size: 33; 
[11 Dec 2019 23:21:21-ToG][hasht] memory: 16.6MB; filled: 0 / 2,162,688 (0.00%)
[11 Dec 2019 23:21:21-ToG][asyncio] Inputs: 1; Threads: 1
[11 Dec 2019 23:21:21-ToG][seq] Parsing sequence file metagenomics/kmer-counts-jellyfish/11/ERR1713340.kmer.gz
[11 Dec 2019 23:21:22-ToG][seq] Loaded 1,866,490 reads and 0 reads pairs (file: metagenomics/kmer-counts-jellyfish/11/ERR1713340.kmer.gz)
[11 Dec 2019 23:21:22-ToG][hasht] buckets: 65,536 [2^16]; bucket size: 33; 
[11 Dec 2019 23:21:22-ToG][hasht] memory: 16.6MB; filled: 1,866,490 / 2,162,688 (86.30%)
[11 Dec 2019 23:21:22-ToG][hasht]  collisions  0: 1820824
[11 Dec 2019 23:21:22-ToG][hasht]  collisions  1: 38838
[11 Dec 2019 23:21:22-ToG][hasht]  collisions  2: 5506
[11 Dec 2019 23:21:22-ToG][hasht]  collisions  3: 1031
[11 Dec 2019 23:21:22-ToG][hasht]  collisions  4: 233
[11 Dec 2019 23:21:22-ToG][hasht]  collisions  5: 40
[11 Dec 2019 23:21:22-ToG][hasht]  collisions  6: 13
[11 Dec 2019 23:21:22-ToG][hasht]  collisions  7: 5
[11 Dec 2019 23:21:22-ToG][task] input: metagenomics/kmer-counts-jellyfish/11/ERR1713340.kmer.gz colour: 0
[11 Dec 2019 23:21:22-ToG]  SE reads: 1,866,490  PE reads: 0
[11 Dec 2019 23:21:22-ToG]  good reads: 1,866,490  bad reads: 0
[11 Dec 2019 23:21:22-ToG]  dup SE reads: 0  dup PE pairs: 0
[11 Dec 2019 23:21:22-ToG]  bases read: 20,531,390  bases loaded: 20,531,390
[11 Dec 2019 23:21:22-ToG]  num contigs: 1,866,490  num kmers: 1,866,490 novel kmers: 1,866,490
[11 Dec 2019 23:21:22-ToG] Dumping graph...
[11 Dec 2019 23:21:22-ToG][graphwriter] Saving file to: metagenomics/bigsi/11/mccortex.ERR1713340.ctx
[11 Dec 2019 23:21:22-ToG][FileFilter] Writing graph  [1 src colour]
[11 Dec 2019 23:21:23-ToG][graphwriter] Dumped 1,866,490 kmers in 1 colour into: metagenomics/bigsi/11/mccortex.ERR1713340.ctx (ver: 6)
[11 Dec 2019 23:21:23-ToG][memory] We made 19 allocs
[11 Dec 2019 23:21:23-ToG] Done.
[11 Dec 2019 23:21:23-ToG][time] 2.00 seconds
	Command being timed: "mccortex 11 build --nkmers 2100000 --threads 1 --kmer 11 --mem 10G --sample ERR1713340 --seq metagenomics/kmer-counts-jellyfish/11/ERR1713340.kmer.gz metagenomics/bigsi/11/mccortex.ERR1713340.ctx"
	User time (seconds): 3.36
	System time (seconds): 0.36
	Percent of CPU this job got: 181%
	Elapsed (wall clock) time (h:mm:ss or m:ss): 0:02.05
	Average shared text size (kbytes): 0
	Average unshared data size (kbytes): 0
	Average stack size (kbytes): 0
	Average total size (kbytes): 0
	Maximum resident set size (kbytes): 34528
	Average resident set size (kbytes): 0
	Major (requiring I/O) page faults: 0
	Minor (reclaiming a frame) page faults: 18765
	Voluntary context switches: 11094
	Involuntary context switches: 23
	Swaps: 0
	File system inputs: 13720
	File system outputs: 47400
	Socket messages sent: 0
	Socket messages received: 0
	Signals delivered: 0
	Page size (bytes): 4096
	Exit status: 0
