[11 Dec 2019 23:23:44-wOK][cmd] /home/CSCScience.ca/apetkau/miniconda3/envs/bigsi_mccortex/bin/mccortex31 build --nkmers 2100000 --threads 1 --kmer 11 --mem 10G --sample ERR1713406 --seq metagenomics/kmer-counts-jellyfish/11/ERR1713406.kmer.gz metagenomics/bigsi/11/mccortex.ERR1713406.ctx
[11 Dec 2019 23:23:44-wOK][cwd] /home/CSCScience.ca/apetkau/workspace/comp7934-project
[11 Dec 2019 23:23:44-wOK][version] mccortex=v0.0.3-610-g400c0e3 zlib=1.2.11 htslib=1.8-17-g699ed53 ASSERTS=ON hash=Lookup3 CHECKS=ON k=3..31
[11 Dec 2019 23:23:44-wOK] Saving graph to: metagenomics/bigsi/11/mccortex.ERR1713406.ctx
[11 Dec 2019 23:23:44-wOK][sample] 0: ERR1713406
[11 Dec 2019 23:23:44-wOK][task] metagenomics/kmer-counts-jellyfish/11/ERR1713406.kmer.gz; FASTQ offset: auto-detect, threshold: off; cut homopolymers: off; remove PCR duplicates: no; colour: 0
[11 Dec 2019 23:23:44-wOK][memory] 104 bits per kmer
[11 Dec 2019 23:23:44-wOK] Note: Using less memory than requested (26.9MB < 10GB); allows for 2,162,688 kmers
[11 Dec 2019 23:23:44-wOK][memory] graph: 26.9MB
[11 Dec 2019 23:23:44-wOK][memory] total: 26.9MB of 62.6GB RAM
[11 Dec 2019 23:23:44-wOK] Writing 1 colour graph to metagenomics/bigsi/11/mccortex.ERR1713406.ctx
[11 Dec 2019 23:23:44-wOK][hasht] Allocating table with 2,162,688 entries, using 16.6MB
[11 Dec 2019 23:23:44-wOK][hasht]  number of buckets: 65,536, bucket size: 33
[11 Dec 2019 23:23:44-wOK][graph] kmer-size: 11; colours: 1; capacity: 2,162,688
[11 Dec 2019 23:23:44-wOK][hasht] buckets: 65,536 [2^16]; bucket size: 33; 
[11 Dec 2019 23:23:44-wOK][hasht] memory: 16.6MB; filled: 0 / 2,162,688 (0.00%)
[11 Dec 2019 23:23:44-wOK][asyncio] Inputs: 1; Threads: 1
[11 Dec 2019 23:23:44-wOK][seq] Parsing sequence file metagenomics/kmer-counts-jellyfish/11/ERR1713406.kmer.gz
[11 Dec 2019 23:23:46-wOK][seq] Loaded 1,836,201 reads and 0 reads pairs (file: metagenomics/kmer-counts-jellyfish/11/ERR1713406.kmer.gz)
[11 Dec 2019 23:23:46-wOK][hasht] buckets: 65,536 [2^16]; bucket size: 33; 
[11 Dec 2019 23:23:46-wOK][hasht] memory: 16.6MB; filled: 1,836,201 / 2,162,688 (84.90%)
[11 Dec 2019 23:23:46-wOK][hasht]  collisions  0: 1797717
[11 Dec 2019 23:23:46-wOK][hasht]  collisions  1: 33599
[11 Dec 2019 23:23:46-wOK][hasht]  collisions  2: 4096
[11 Dec 2019 23:23:46-wOK][hasht]  collisions  3: 647
[11 Dec 2019 23:23:46-wOK][hasht]  collisions  4: 116
[11 Dec 2019 23:23:46-wOK][hasht]  collisions  5: 19
[11 Dec 2019 23:23:46-wOK][hasht]  collisions  6: 4
[11 Dec 2019 23:23:46-wOK][hasht]  collisions  7: 3
[11 Dec 2019 23:23:46-wOK][task] input: metagenomics/kmer-counts-jellyfish/11/ERR1713406.kmer.gz colour: 0
[11 Dec 2019 23:23:46-wOK]  SE reads: 1,836,201  PE reads: 0
[11 Dec 2019 23:23:46-wOK]  good reads: 1,836,201  bad reads: 0
[11 Dec 2019 23:23:46-wOK]  dup SE reads: 0  dup PE pairs: 0
[11 Dec 2019 23:23:46-wOK]  bases read: 20,198,211  bases loaded: 20,198,211
[11 Dec 2019 23:23:46-wOK]  num contigs: 1,836,201  num kmers: 1,836,201 novel kmers: 1,836,201
[11 Dec 2019 23:23:46-wOK] Dumping graph...
[11 Dec 2019 23:23:46-wOK][graphwriter] Saving file to: metagenomics/bigsi/11/mccortex.ERR1713406.ctx
[11 Dec 2019 23:23:46-wOK][FileFilter] Writing graph  [1 src colour]
[11 Dec 2019 23:23:46-wOK][graphwriter] Dumped 1,836,201 kmers in 1 colour into: metagenomics/bigsi/11/mccortex.ERR1713406.ctx (ver: 6)
[11 Dec 2019 23:23:46-wOK][memory] We made 19 allocs
[11 Dec 2019 23:23:46-wOK] Done.
[11 Dec 2019 23:23:46-wOK][time] 2.00 seconds
	Command being timed: "mccortex 11 build --nkmers 2100000 --threads 1 --kmer 11 --mem 10G --sample ERR1713406 --seq metagenomics/kmer-counts-jellyfish/11/ERR1713406.kmer.gz metagenomics/bigsi/11/mccortex.ERR1713406.ctx"
	User time (seconds): 3.29
	System time (seconds): 0.25
	Percent of CPU this job got: 183%
	Elapsed (wall clock) time (h:mm:ss or m:ss): 0:01.93
	Average shared text size (kbytes): 0
	Average unshared data size (kbytes): 0
	Average stack size (kbytes): 0
	Average total size (kbytes): 0
	Maximum resident set size (kbytes): 34440
	Average resident set size (kbytes): 0
	Major (requiring I/O) page faults: 0
	Minor (reclaiming a frame) page faults: 18751
	Voluntary context switches: 6287
	Involuntary context switches: 29
	Swaps: 0
	File system inputs: 13504
	File system outputs: 46632
	Socket messages sent: 0
	Socket messages received: 0
	Signals delivered: 0
	Page size (bytes): 4096
	Exit status: 0
