[11 Dec 2019 23:21:21-kIS][cmd] /home/CSCScience.ca/apetkau/miniconda3/envs/bigsi_mccortex/bin/mccortex31 build --nkmers 2100000 --threads 1 --kmer 11 --mem 10G --sample ERR1713342 --seq metagenomics/kmer-counts-jellyfish/11/ERR1713342.kmer.gz metagenomics/bigsi/11/mccortex.ERR1713342.ctx
[11 Dec 2019 23:21:21-kIS][cwd] /home/CSCScience.ca/apetkau/workspace/comp7934-project
[11 Dec 2019 23:21:21-kIS][version] mccortex=v0.0.3-610-g400c0e3 zlib=1.2.11 htslib=1.8-17-g699ed53 ASSERTS=ON hash=Lookup3 CHECKS=ON k=3..31
[11 Dec 2019 23:21:21-kIS] Saving graph to: metagenomics/bigsi/11/mccortex.ERR1713342.ctx
[11 Dec 2019 23:21:21-kIS][sample] 0: ERR1713342
[11 Dec 2019 23:21:21-kIS][task] metagenomics/kmer-counts-jellyfish/11/ERR1713342.kmer.gz; FASTQ offset: auto-detect, threshold: off; cut homopolymers: off; remove PCR duplicates: no; colour: 0
[11 Dec 2019 23:21:21-kIS][memory] 104 bits per kmer
[11 Dec 2019 23:21:21-kIS] Note: Using less memory than requested (26.9MB < 10GB); allows for 2,162,688 kmers
[11 Dec 2019 23:21:21-kIS][memory] graph: 26.9MB
[11 Dec 2019 23:21:21-kIS][memory] total: 26.9MB of 62.6GB RAM
[11 Dec 2019 23:21:21-kIS] Writing 1 colour graph to metagenomics/bigsi/11/mccortex.ERR1713342.ctx
[11 Dec 2019 23:21:21-kIS][hasht] Allocating table with 2,162,688 entries, using 16.6MB
[11 Dec 2019 23:21:21-kIS][hasht]  number of buckets: 65,536, bucket size: 33
[11 Dec 2019 23:21:21-kIS][graph] kmer-size: 11; colours: 1; capacity: 2,162,688
[11 Dec 2019 23:21:21-kIS][hasht] buckets: 65,536 [2^16]; bucket size: 33; 
[11 Dec 2019 23:21:21-kIS][hasht] memory: 16.6MB; filled: 0 / 2,162,688 (0.00%)
[11 Dec 2019 23:21:21-kIS][asyncio] Inputs: 1; Threads: 1
[11 Dec 2019 23:21:21-kIS][seq] Parsing sequence file metagenomics/kmer-counts-jellyfish/11/ERR1713342.kmer.gz
[11 Dec 2019 23:21:22-kIS][seq] Loaded 1,832,181 reads and 0 reads pairs (file: metagenomics/kmer-counts-jellyfish/11/ERR1713342.kmer.gz)
[11 Dec 2019 23:21:22-kIS][hasht] buckets: 65,536 [2^16]; bucket size: 33; 
[11 Dec 2019 23:21:22-kIS][hasht] memory: 16.6MB; filled: 1,832,181 / 2,162,688 (84.72%)
[11 Dec 2019 23:21:22-kIS][hasht]  collisions  0: 1794189
[11 Dec 2019 23:21:22-kIS][hasht]  collisions  1: 33257
[11 Dec 2019 23:21:22-kIS][hasht]  collisions  2: 3971
[11 Dec 2019 23:21:22-kIS][hasht]  collisions  3: 627
[11 Dec 2019 23:21:22-kIS][hasht]  collisions  4: 105
[11 Dec 2019 23:21:22-kIS][hasht]  collisions  5: 25
[11 Dec 2019 23:21:22-kIS][hasht]  collisions  6: 5
[11 Dec 2019 23:21:22-kIS][hasht]  collisions  7: 2
[11 Dec 2019 23:21:22-kIS][task] input: metagenomics/kmer-counts-jellyfish/11/ERR1713342.kmer.gz colour: 0
[11 Dec 2019 23:21:22-kIS]  SE reads: 1,832,181  PE reads: 0
[11 Dec 2019 23:21:22-kIS]  good reads: 1,832,181  bad reads: 0
[11 Dec 2019 23:21:22-kIS]  dup SE reads: 0  dup PE pairs: 0
[11 Dec 2019 23:21:22-kIS]  bases read: 20,153,991  bases loaded: 20,153,991
[11 Dec 2019 23:21:22-kIS]  num contigs: 1,832,181  num kmers: 1,832,181 novel kmers: 1,832,181
[11 Dec 2019 23:21:22-kIS] Dumping graph...
[11 Dec 2019 23:21:22-kIS][graphwriter] Saving file to: metagenomics/bigsi/11/mccortex.ERR1713342.ctx
[11 Dec 2019 23:21:22-kIS][FileFilter] Writing graph  [1 src colour]
[11 Dec 2019 23:21:22-kIS][graphwriter] Dumped 1,832,181 kmers in 1 colour into: metagenomics/bigsi/11/mccortex.ERR1713342.ctx (ver: 6)
[11 Dec 2019 23:21:22-kIS][memory] We made 19 allocs
[11 Dec 2019 23:21:22-kIS] Done.
[11 Dec 2019 23:21:22-kIS][time] 1.00 seconds
	Command being timed: "mccortex 11 build --nkmers 2100000 --threads 1 --kmer 11 --mem 10G --sample ERR1713342 --seq metagenomics/kmer-counts-jellyfish/11/ERR1713342.kmer.gz metagenomics/bigsi/11/mccortex.ERR1713342.ctx"
	User time (seconds): 2.39
	System time (seconds): 0.35
	Percent of CPU this job got: 178%
	Elapsed (wall clock) time (h:mm:ss or m:ss): 0:01.53
	Average shared text size (kbytes): 0
	Average unshared data size (kbytes): 0
	Average stack size (kbytes): 0
	Average total size (kbytes): 0
	Maximum resident set size (kbytes): 34496
	Average resident set size (kbytes): 0
	Major (requiring I/O) page faults: 0
	Minor (reclaiming a frame) page faults: 18754
	Voluntary context switches: 10927
	Involuntary context switches: 58
	Swaps: 0
	File system inputs: 13472
	File system outputs: 46536
	Socket messages sent: 0
	Socket messages received: 0
	Signals delivered: 0
	Page size (bytes): 4096
	Exit status: 0
