[11 Dec 2019 23:22:18-mom][cmd] /home/CSCScience.ca/apetkau/miniconda3/envs/bigsi_mccortex/bin/mccortex31 build --nkmers 2100000 --threads 1 --kmer 11 --mem 10G --sample ERR1713372 --seq metagenomics/kmer-counts-jellyfish/11/ERR1713372.kmer.gz metagenomics/bigsi/11/mccortex.ERR1713372.ctx
[11 Dec 2019 23:22:18-mom][cwd] /home/CSCScience.ca/apetkau/workspace/comp7934-project
[11 Dec 2019 23:22:18-mom][version] mccortex=v0.0.3-610-g400c0e3 zlib=1.2.11 htslib=1.8-17-g699ed53 ASSERTS=ON hash=Lookup3 CHECKS=ON k=3..31
[11 Dec 2019 23:22:18-mom] Saving graph to: metagenomics/bigsi/11/mccortex.ERR1713372.ctx
[11 Dec 2019 23:22:18-mom][sample] 0: ERR1713372
[11 Dec 2019 23:22:18-mom][task] metagenomics/kmer-counts-jellyfish/11/ERR1713372.kmer.gz; FASTQ offset: auto-detect, threshold: off; cut homopolymers: off; remove PCR duplicates: no; colour: 0
[11 Dec 2019 23:22:18-mom][memory] 104 bits per kmer
[11 Dec 2019 23:22:18-mom] Note: Using less memory than requested (26.9MB < 10GB); allows for 2,162,688 kmers
[11 Dec 2019 23:22:18-mom][memory] graph: 26.9MB
[11 Dec 2019 23:22:18-mom][memory] total: 26.9MB of 62.6GB RAM
[11 Dec 2019 23:22:18-mom] Writing 1 colour graph to metagenomics/bigsi/11/mccortex.ERR1713372.ctx
[11 Dec 2019 23:22:18-mom][hasht] Allocating table with 2,162,688 entries, using 16.6MB
[11 Dec 2019 23:22:18-mom][hasht]  number of buckets: 65,536, bucket size: 33
[11 Dec 2019 23:22:18-mom][graph] kmer-size: 11; colours: 1; capacity: 2,162,688
[11 Dec 2019 23:22:18-mom][hasht] buckets: 65,536 [2^16]; bucket size: 33; 
[11 Dec 2019 23:22:18-mom][hasht] memory: 16.6MB; filled: 0 / 2,162,688 (0.00%)
[11 Dec 2019 23:22:18-mom][asyncio] Inputs: 1; Threads: 1
[11 Dec 2019 23:22:18-mom][seq] Parsing sequence file metagenomics/kmer-counts-jellyfish/11/ERR1713372.kmer.gz
[11 Dec 2019 23:22:20-mom][seq] Loaded 1,827,546 reads and 0 reads pairs (file: metagenomics/kmer-counts-jellyfish/11/ERR1713372.kmer.gz)
[11 Dec 2019 23:22:20-mom][hasht] buckets: 65,536 [2^16]; bucket size: 33; 
[11 Dec 2019 23:22:20-mom][hasht] memory: 16.6MB; filled: 1,827,546 / 2,162,688 (84.50%)
[11 Dec 2019 23:22:20-mom][hasht]  collisions  0: 1791067
[11 Dec 2019 23:22:20-mom][hasht]  collisions  1: 31980
[11 Dec 2019 23:22:20-mom][hasht]  collisions  2: 3826
[11 Dec 2019 23:22:20-mom][hasht]  collisions  3: 548
[11 Dec 2019 23:22:20-mom][hasht]  collisions  4: 103
[11 Dec 2019 23:22:20-mom][hasht]  collisions  5: 19
[11 Dec 2019 23:22:20-mom][hasht]  collisions  6: 3
[11 Dec 2019 23:22:20-mom][task] input: metagenomics/kmer-counts-jellyfish/11/ERR1713372.kmer.gz colour: 0
[11 Dec 2019 23:22:20-mom]  SE reads: 1,827,546  PE reads: 0
[11 Dec 2019 23:22:20-mom]  good reads: 1,827,546  bad reads: 0
[11 Dec 2019 23:22:20-mom]  dup SE reads: 0  dup PE pairs: 0
[11 Dec 2019 23:22:20-mom]  bases read: 20,103,006  bases loaded: 20,103,006
[11 Dec 2019 23:22:20-mom]  num contigs: 1,827,546  num kmers: 1,827,546 novel kmers: 1,827,546
[11 Dec 2019 23:22:20-mom] Dumping graph...
[11 Dec 2019 23:22:20-mom][graphwriter] Saving file to: metagenomics/bigsi/11/mccortex.ERR1713372.ctx
[11 Dec 2019 23:22:20-mom][FileFilter] Writing graph  [1 src colour]
[11 Dec 2019 23:22:20-mom][graphwriter] Dumped 1,827,546 kmers in 1 colour into: metagenomics/bigsi/11/mccortex.ERR1713372.ctx (ver: 6)
[11 Dec 2019 23:22:20-mom][memory] We made 19 allocs
[11 Dec 2019 23:22:20-mom] Done.
[11 Dec 2019 23:22:20-mom][time] 2.00 seconds
	Command being timed: "mccortex 11 build --nkmers 2100000 --threads 1 --kmer 11 --mem 10G --sample ERR1713372 --seq metagenomics/kmer-counts-jellyfish/11/ERR1713372.kmer.gz metagenomics/bigsi/11/mccortex.ERR1713372.ctx"
	User time (seconds): 4.00
	System time (seconds): 0.33
	Percent of CPU this job got: 175%
	Elapsed (wall clock) time (h:mm:ss or m:ss): 0:02.46
	Average shared text size (kbytes): 0
	Average unshared data size (kbytes): 0
	Average stack size (kbytes): 0
	Average total size (kbytes): 0
	Maximum resident set size (kbytes): 34624
	Average resident set size (kbytes): 0
	Major (requiring I/O) page faults: 0
	Minor (reclaiming a frame) page faults: 18748
	Voluntary context switches: 9395
	Involuntary context switches: 2159
	Swaps: 0
	File system inputs: 13440
	File system outputs: 46424
	Socket messages sent: 0
	Socket messages received: 0
	Signals delivered: 0
	Page size (bytes): 4096
	Exit status: 0
