[11 Dec 2019 23:21:52-xaP][cmd] /home/CSCScience.ca/apetkau/miniconda3/envs/bigsi_mccortex/bin/mccortex31 build --nkmers 2100000 --threads 1 --kmer 11 --mem 10G --sample ERR1713363 --seq metagenomics/kmer-counts-jellyfish/11/ERR1713363.kmer.gz metagenomics/bigsi/11/mccortex.ERR1713363.ctx
[11 Dec 2019 23:21:52-xaP][cwd] /home/CSCScience.ca/apetkau/workspace/comp7934-project
[11 Dec 2019 23:21:52-xaP][version] mccortex=v0.0.3-610-g400c0e3 zlib=1.2.11 htslib=1.8-17-g699ed53 ASSERTS=ON hash=Lookup3 CHECKS=ON k=3..31
[11 Dec 2019 23:21:52-xaP] Saving graph to: metagenomics/bigsi/11/mccortex.ERR1713363.ctx
[11 Dec 2019 23:21:52-xaP][sample] 0: ERR1713363
[11 Dec 2019 23:21:52-xaP][task] metagenomics/kmer-counts-jellyfish/11/ERR1713363.kmer.gz; FASTQ offset: auto-detect, threshold: off; cut homopolymers: off; remove PCR duplicates: no; colour: 0
[11 Dec 2019 23:21:52-xaP][memory] 104 bits per kmer
[11 Dec 2019 23:21:52-xaP] Note: Using less memory than requested (26.9MB < 10GB); allows for 2,162,688 kmers
[11 Dec 2019 23:21:52-xaP][memory] graph: 26.9MB
[11 Dec 2019 23:21:52-xaP][memory] total: 26.9MB of 62.6GB RAM
[11 Dec 2019 23:21:52-xaP] Writing 1 colour graph to metagenomics/bigsi/11/mccortex.ERR1713363.ctx
[11 Dec 2019 23:21:52-xaP][hasht] Allocating table with 2,162,688 entries, using 16.6MB
[11 Dec 2019 23:21:52-xaP][hasht]  number of buckets: 65,536, bucket size: 33
[11 Dec 2019 23:21:52-xaP][graph] kmer-size: 11; colours: 1; capacity: 2,162,688
[11 Dec 2019 23:21:52-xaP][hasht] buckets: 65,536 [2^16]; bucket size: 33; 
[11 Dec 2019 23:21:52-xaP][hasht] memory: 16.6MB; filled: 0 / 2,162,688 (0.00%)
[11 Dec 2019 23:21:52-xaP][asyncio] Inputs: 1; Threads: 1
[11 Dec 2019 23:21:52-xaP][seq] Parsing sequence file metagenomics/kmer-counts-jellyfish/11/ERR1713363.kmer.gz
[11 Dec 2019 23:21:53-xaP][seq] Loaded 1,848,885 reads and 0 reads pairs (file: metagenomics/kmer-counts-jellyfish/11/ERR1713363.kmer.gz)
[11 Dec 2019 23:21:53-xaP][hasht] buckets: 65,536 [2^16]; bucket size: 33; 
[11 Dec 2019 23:21:53-xaP][hasht] memory: 16.6MB; filled: 1,848,885 / 2,162,688 (85.49%)
[11 Dec 2019 23:21:53-xaP][hasht]  collisions  0: 1808060
[11 Dec 2019 23:21:53-xaP][hasht]  collisions  1: 35204
[11 Dec 2019 23:21:53-xaP][hasht]  collisions  2: 4681
[11 Dec 2019 23:21:53-xaP][hasht]  collisions  3: 754
[11 Dec 2019 23:21:53-xaP][hasht]  collisions  4: 148
[11 Dec 2019 23:21:53-xaP][hasht]  collisions  5: 32
[11 Dec 2019 23:21:53-xaP][hasht]  collisions  6: 5
[11 Dec 2019 23:21:53-xaP][hasht]  collisions  7: 1
[11 Dec 2019 23:21:53-xaP][task] input: metagenomics/kmer-counts-jellyfish/11/ERR1713363.kmer.gz colour: 0
[11 Dec 2019 23:21:53-xaP]  SE reads: 1,848,885  PE reads: 0
[11 Dec 2019 23:21:53-xaP]  good reads: 1,848,885  bad reads: 0
[11 Dec 2019 23:21:53-xaP]  dup SE reads: 0  dup PE pairs: 0
[11 Dec 2019 23:21:53-xaP]  bases read: 20,337,735  bases loaded: 20,337,735
[11 Dec 2019 23:21:53-xaP]  num contigs: 1,848,885  num kmers: 1,848,885 novel kmers: 1,848,885
[11 Dec 2019 23:21:53-xaP] Dumping graph...
[11 Dec 2019 23:21:53-xaP][graphwriter] Saving file to: metagenomics/bigsi/11/mccortex.ERR1713363.ctx
[11 Dec 2019 23:21:53-xaP][FileFilter] Writing graph  [1 src colour]
[11 Dec 2019 23:21:53-xaP][graphwriter] Dumped 1,848,885 kmers in 1 colour into: metagenomics/bigsi/11/mccortex.ERR1713363.ctx (ver: 6)
[11 Dec 2019 23:21:53-xaP][memory] We made 19 allocs
[11 Dec 2019 23:21:53-xaP] Done.
[11 Dec 2019 23:21:53-xaP][time] 1.00 seconds
	Command being timed: "mccortex 11 build --nkmers 2100000 --threads 1 --kmer 11 --mem 10G --sample ERR1713363 --seq metagenomics/kmer-counts-jellyfish/11/ERR1713363.kmer.gz metagenomics/bigsi/11/mccortex.ERR1713363.ctx"
	User time (seconds): 2.50
	System time (seconds): 0.42
	Percent of CPU this job got: 170%
	Elapsed (wall clock) time (h:mm:ss or m:ss): 0:01.71
	Average shared text size (kbytes): 0
	Average unshared data size (kbytes): 0
	Average stack size (kbytes): 0
	Average total size (kbytes): 0
	Maximum resident set size (kbytes): 34440
	Average resident set size (kbytes): 0
	Major (requiring I/O) page faults: 0
	Minor (reclaiming a frame) page faults: 18747
	Voluntary context switches: 18231
	Involuntary context switches: 5787
	Swaps: 0
	File system inputs: 13592
	File system outputs: 46960
	Socket messages sent: 0
	Socket messages received: 0
	Signals delivered: 0
	Page size (bytes): 4096
	Exit status: 0
