[11 Dec 2019 23:23:17-nub][cmd] /home/CSCScience.ca/apetkau/miniconda3/envs/bigsi_mccortex/bin/mccortex31 build --nkmers 2100000 --threads 1 --kmer 11 --mem 10G --sample ERR1713402 --seq metagenomics/kmer-counts-jellyfish/11/ERR1713402.kmer.gz metagenomics/bigsi/11/mccortex.ERR1713402.ctx
[11 Dec 2019 23:23:17-nub][cwd] /home/CSCScience.ca/apetkau/workspace/comp7934-project
[11 Dec 2019 23:23:17-nub][version] mccortex=v0.0.3-610-g400c0e3 zlib=1.2.11 htslib=1.8-17-g699ed53 ASSERTS=ON hash=Lookup3 CHECKS=ON k=3..31
[11 Dec 2019 23:23:17-nub] Saving graph to: metagenomics/bigsi/11/mccortex.ERR1713402.ctx
[11 Dec 2019 23:23:17-nub][sample] 0: ERR1713402
[11 Dec 2019 23:23:17-nub][task] metagenomics/kmer-counts-jellyfish/11/ERR1713402.kmer.gz; FASTQ offset: auto-detect, threshold: off; cut homopolymers: off; remove PCR duplicates: no; colour: 0
[11 Dec 2019 23:23:17-nub][memory] 104 bits per kmer
[11 Dec 2019 23:23:17-nub] Note: Using less memory than requested (26.9MB < 10GB); allows for 2,162,688 kmers
[11 Dec 2019 23:23:17-nub][memory] graph: 26.9MB
[11 Dec 2019 23:23:17-nub][memory] total: 26.9MB of 62.6GB RAM
[11 Dec 2019 23:23:17-nub] Writing 1 colour graph to metagenomics/bigsi/11/mccortex.ERR1713402.ctx
[11 Dec 2019 23:23:17-nub][hasht] Allocating table with 2,162,688 entries, using 16.6MB
[11 Dec 2019 23:23:17-nub][hasht]  number of buckets: 65,536, bucket size: 33
[11 Dec 2019 23:23:17-nub][graph] kmer-size: 11; colours: 1; capacity: 2,162,688
[11 Dec 2019 23:23:17-nub][hasht] buckets: 65,536 [2^16]; bucket size: 33; 
[11 Dec 2019 23:23:17-nub][hasht] memory: 16.6MB; filled: 0 / 2,162,688 (0.00%)
[11 Dec 2019 23:23:17-nub][asyncio] Inputs: 1; Threads: 1
[11 Dec 2019 23:23:17-nub][seq] Parsing sequence file metagenomics/kmer-counts-jellyfish/11/ERR1713402.kmer.gz
[11 Dec 2019 23:23:19-nub][seq] Loaded 1,865,995 reads and 0 reads pairs (file: metagenomics/kmer-counts-jellyfish/11/ERR1713402.kmer.gz)
[11 Dec 2019 23:23:19-nub][hasht] buckets: 65,536 [2^16]; bucket size: 33; 
[11 Dec 2019 23:23:19-nub][hasht] memory: 16.6MB; filled: 1,865,995 / 2,162,688 (86.28%)
[11 Dec 2019 23:23:19-nub][hasht]  collisions  0: 1820509
[11 Dec 2019 23:23:19-nub][hasht]  collisions  1: 38622
[11 Dec 2019 23:23:19-nub][hasht]  collisions  2: 5559
[11 Dec 2019 23:23:19-nub][hasht]  collisions  3: 1051
[11 Dec 2019 23:23:19-nub][hasht]  collisions  4: 205
[11 Dec 2019 23:23:19-nub][hasht]  collisions  5: 31
[11 Dec 2019 23:23:19-nub][hasht]  collisions  6: 15
[11 Dec 2019 23:23:19-nub][hasht]  collisions  7: 3
[11 Dec 2019 23:23:19-nub][task] input: metagenomics/kmer-counts-jellyfish/11/ERR1713402.kmer.gz colour: 0
[11 Dec 2019 23:23:19-nub]  SE reads: 1,865,995  PE reads: 0
[11 Dec 2019 23:23:19-nub]  good reads: 1,865,995  bad reads: 0
[11 Dec 2019 23:23:19-nub]  dup SE reads: 0  dup PE pairs: 0
[11 Dec 2019 23:23:19-nub]  bases read: 20,525,945  bases loaded: 20,525,945
[11 Dec 2019 23:23:19-nub]  num contigs: 1,865,995  num kmers: 1,865,995 novel kmers: 1,865,995
[11 Dec 2019 23:23:19-nub] Dumping graph...
[11 Dec 2019 23:23:19-nub][graphwriter] Saving file to: metagenomics/bigsi/11/mccortex.ERR1713402.ctx
[11 Dec 2019 23:23:19-nub][FileFilter] Writing graph  [1 src colour]
[11 Dec 2019 23:23:19-nub][graphwriter] Dumped 1,865,995 kmers in 1 colour into: metagenomics/bigsi/11/mccortex.ERR1713402.ctx (ver: 6)
[11 Dec 2019 23:23:19-nub][memory] We made 19 allocs
[11 Dec 2019 23:23:19-nub] Done.
[11 Dec 2019 23:23:19-nub][time] 2.00 seconds
	Command being timed: "mccortex 11 build --nkmers 2100000 --threads 1 --kmer 11 --mem 10G --sample ERR1713402 --seq metagenomics/kmer-counts-jellyfish/11/ERR1713402.kmer.gz metagenomics/bigsi/11/mccortex.ERR1713402.ctx"
	User time (seconds): 2.53
	System time (seconds): 0.45
	Percent of CPU this job got: 157%
	Elapsed (wall clock) time (h:mm:ss or m:ss): 0:01.89
	Average shared text size (kbytes): 0
	Average unshared data size (kbytes): 0
	Average stack size (kbytes): 0
	Average total size (kbytes): 0
	Maximum resident set size (kbytes): 34480
	Average resident set size (kbytes): 0
	Major (requiring I/O) page faults: 0
	Minor (reclaiming a frame) page faults: 18746
	Voluntary context switches: 24128
	Involuntary context switches: 14158
	Swaps: 0
	File system inputs: 13712
	File system outputs: 47392
	Socket messages sent: 0
	Socket messages received: 0
	Signals delivered: 0
	Page size (bytes): 4096
	Exit status: 0
