[11 Dec 2019 23:20:53-rOt][cmd] /home/CSCScience.ca/apetkau/miniconda3/envs/bigsi_mccortex/bin/mccortex31 build --nkmers 2100000 --threads 1 --kmer 11 --mem 10G --sample ERR1713339 --seq metagenomics/kmer-counts-jellyfish/11/ERR1713339.kmer.gz metagenomics/bigsi/11/mccortex.ERR1713339.ctx
[11 Dec 2019 23:20:53-rOt][cwd] /home/CSCScience.ca/apetkau/workspace/comp7934-project
[11 Dec 2019 23:20:53-rOt][version] mccortex=v0.0.3-610-g400c0e3 zlib=1.2.11 htslib=1.8-17-g699ed53 ASSERTS=ON hash=Lookup3 CHECKS=ON k=3..31
[11 Dec 2019 23:20:53-rOt] Saving graph to: metagenomics/bigsi/11/mccortex.ERR1713339.ctx
[11 Dec 2019 23:20:53-rOt][sample] 0: ERR1713339
[11 Dec 2019 23:20:53-rOt][task] metagenomics/kmer-counts-jellyfish/11/ERR1713339.kmer.gz; FASTQ offset: auto-detect, threshold: off; cut homopolymers: off; remove PCR duplicates: no; colour: 0
[11 Dec 2019 23:20:53-rOt][memory] 104 bits per kmer
[11 Dec 2019 23:20:53-rOt] Note: Using less memory than requested (26.9MB < 10GB); allows for 2,162,688 kmers
[11 Dec 2019 23:20:53-rOt][memory] graph: 26.9MB
[11 Dec 2019 23:20:53-rOt][memory] total: 26.9MB of 62.6GB RAM
[11 Dec 2019 23:20:53-rOt] Writing 1 colour graph to metagenomics/bigsi/11/mccortex.ERR1713339.ctx
[11 Dec 2019 23:20:53-rOt][hasht] Allocating table with 2,162,688 entries, using 16.6MB
[11 Dec 2019 23:20:53-rOt][hasht]  number of buckets: 65,536, bucket size: 33
[11 Dec 2019 23:20:53-rOt][graph] kmer-size: 11; colours: 1; capacity: 2,162,688
[11 Dec 2019 23:20:53-rOt][hasht] buckets: 65,536 [2^16]; bucket size: 33; 
[11 Dec 2019 23:20:53-rOt][hasht] memory: 16.6MB; filled: 0 / 2,162,688 (0.00%)
[11 Dec 2019 23:20:53-rOt][asyncio] Inputs: 1; Threads: 1
[11 Dec 2019 23:20:53-rOt][seq] Parsing sequence file metagenomics/kmer-counts-jellyfish/11/ERR1713339.kmer.gz
[11 Dec 2019 23:20:54-rOt][seq] Loaded 1,853,036 reads and 0 reads pairs (file: metagenomics/kmer-counts-jellyfish/11/ERR1713339.kmer.gz)
[11 Dec 2019 23:20:54-rOt][hasht] buckets: 65,536 [2^16]; bucket size: 33; 
[11 Dec 2019 23:20:54-rOt][hasht] memory: 16.6MB; filled: 1,853,036 / 2,162,688 (85.68%)
[11 Dec 2019 23:20:54-rOt][hasht]  collisions  0: 1810991
[11 Dec 2019 23:20:54-rOt][hasht]  collisions  1: 36148
[11 Dec 2019 23:20:54-rOt][hasht]  collisions  2: 4886
[11 Dec 2019 23:20:54-rOt][hasht]  collisions  3: 795
[11 Dec 2019 23:20:54-rOt][hasht]  collisions  4: 172
[11 Dec 2019 23:20:54-rOt][hasht]  collisions  5: 38
[11 Dec 2019 23:20:54-rOt][hasht]  collisions  6: 5
[11 Dec 2019 23:20:54-rOt][hasht]  collisions  8: 1
[11 Dec 2019 23:20:54-rOt][task] input: metagenomics/kmer-counts-jellyfish/11/ERR1713339.kmer.gz colour: 0
[11 Dec 2019 23:20:54-rOt]  SE reads: 1,853,036  PE reads: 0
[11 Dec 2019 23:20:54-rOt]  good reads: 1,853,036  bad reads: 0
[11 Dec 2019 23:20:54-rOt]  dup SE reads: 0  dup PE pairs: 0
[11 Dec 2019 23:20:54-rOt]  bases read: 20,383,396  bases loaded: 20,383,396
[11 Dec 2019 23:20:54-rOt]  num contigs: 1,853,036  num kmers: 1,853,036 novel kmers: 1,853,036
[11 Dec 2019 23:20:54-rOt] Dumping graph...
[11 Dec 2019 23:20:54-rOt][graphwriter] Saving file to: metagenomics/bigsi/11/mccortex.ERR1713339.ctx
[11 Dec 2019 23:20:54-rOt][FileFilter] Writing graph  [1 src colour]
[11 Dec 2019 23:20:54-rOt][graphwriter] Dumped 1,853,036 kmers in 1 colour into: metagenomics/bigsi/11/mccortex.ERR1713339.ctx (ver: 6)
[11 Dec 2019 23:20:54-rOt][memory] We made 19 allocs
[11 Dec 2019 23:20:54-rOt] Done.
[11 Dec 2019 23:20:54-rOt][time] 1.00 seconds
	Command being timed: "mccortex 11 build --nkmers 2100000 --threads 1 --kmer 11 --mem 10G --sample ERR1713339 --seq metagenomics/kmer-counts-jellyfish/11/ERR1713339.kmer.gz metagenomics/bigsi/11/mccortex.ERR1713339.ctx"
	User time (seconds): 2.49
	System time (seconds): 0.35
	Percent of CPU this job got: 179%
	Elapsed (wall clock) time (h:mm:ss or m:ss): 0:01.59
	Average shared text size (kbytes): 0
	Average unshared data size (kbytes): 0
	Average stack size (kbytes): 0
	Average total size (kbytes): 0
	Maximum resident set size (kbytes): 34568
	Average resident set size (kbytes): 0
	Major (requiring I/O) page faults: 0
	Minor (reclaiming a frame) page faults: 18757
	Voluntary context switches: 10240
	Involuntary context switches: 48
	Swaps: 0
	File system inputs: 13624
	File system outputs: 47064
	Socket messages sent: 0
	Socket messages received: 0
	Signals delivered: 0
	Page size (bytes): 4096
	Exit status: 0
