[11 Dec 2019 23:22:19-HuM][cmd] /home/CSCScience.ca/apetkau/miniconda3/envs/bigsi_mccortex/bin/mccortex31 build --nkmers 2100000 --threads 1 --kmer 11 --mem 10G --sample ERR1713374 --seq metagenomics/kmer-counts-jellyfish/11/ERR1713374.kmer.gz metagenomics/bigsi/11/mccortex.ERR1713374.ctx
[11 Dec 2019 23:22:19-HuM][cwd] /home/CSCScience.ca/apetkau/workspace/comp7934-project
[11 Dec 2019 23:22:19-HuM][version] mccortex=v0.0.3-610-g400c0e3 zlib=1.2.11 htslib=1.8-17-g699ed53 ASSERTS=ON hash=Lookup3 CHECKS=ON k=3..31
[11 Dec 2019 23:22:19-HuM] Saving graph to: metagenomics/bigsi/11/mccortex.ERR1713374.ctx
[11 Dec 2019 23:22:19-HuM][sample] 0: ERR1713374
[11 Dec 2019 23:22:19-HuM][task] metagenomics/kmer-counts-jellyfish/11/ERR1713374.kmer.gz; FASTQ offset: auto-detect, threshold: off; cut homopolymers: off; remove PCR duplicates: no; colour: 0
[11 Dec 2019 23:22:19-HuM][memory] 104 bits per kmer
[11 Dec 2019 23:22:19-HuM] Note: Using less memory than requested (26.9MB < 10GB); allows for 2,162,688 kmers
[11 Dec 2019 23:22:19-HuM][memory] graph: 26.9MB
[11 Dec 2019 23:22:19-HuM][memory] total: 26.9MB of 62.6GB RAM
[11 Dec 2019 23:22:19-HuM] Writing 1 colour graph to metagenomics/bigsi/11/mccortex.ERR1713374.ctx
[11 Dec 2019 23:22:19-HuM][hasht] Allocating table with 2,162,688 entries, using 16.6MB
[11 Dec 2019 23:22:19-HuM][hasht]  number of buckets: 65,536, bucket size: 33
[11 Dec 2019 23:22:19-HuM][graph] kmer-size: 11; colours: 1; capacity: 2,162,688
[11 Dec 2019 23:22:19-HuM][hasht] buckets: 65,536 [2^16]; bucket size: 33; 
[11 Dec 2019 23:22:19-HuM][hasht] memory: 16.6MB; filled: 0 / 2,162,688 (0.00%)
[11 Dec 2019 23:22:19-HuM][asyncio] Inputs: 1; Threads: 1
[11 Dec 2019 23:22:19-HuM][seq] Parsing sequence file metagenomics/kmer-counts-jellyfish/11/ERR1713374.kmer.gz
[11 Dec 2019 23:22:20-HuM][seq] Loaded 1,829,963 reads and 0 reads pairs (file: metagenomics/kmer-counts-jellyfish/11/ERR1713374.kmer.gz)
[11 Dec 2019 23:22:20-HuM][hasht] buckets: 65,536 [2^16]; bucket size: 33; 
[11 Dec 2019 23:22:20-HuM][hasht] memory: 16.6MB; filled: 1,829,963 / 2,162,688 (84.62%)
[11 Dec 2019 23:22:20-HuM][hasht]  collisions  0: 1793420
[11 Dec 2019 23:22:20-HuM][hasht]  collisions  1: 31987
[11 Dec 2019 23:22:20-HuM][hasht]  collisions  2: 3848
[11 Dec 2019 23:22:20-HuM][hasht]  collisions  3: 576
[11 Dec 2019 23:22:20-HuM][hasht]  collisions  4: 114
[11 Dec 2019 23:22:20-HuM][hasht]  collisions  5: 14
[11 Dec 2019 23:22:20-HuM][hasht]  collisions  6: 3
[11 Dec 2019 23:22:20-HuM][hasht]  collisions  7: 1
[11 Dec 2019 23:22:20-HuM][task] input: metagenomics/kmer-counts-jellyfish/11/ERR1713374.kmer.gz colour: 0
[11 Dec 2019 23:22:20-HuM]  SE reads: 1,829,963  PE reads: 0
[11 Dec 2019 23:22:20-HuM]  good reads: 1,829,963  bad reads: 0
[11 Dec 2019 23:22:20-HuM]  dup SE reads: 0  dup PE pairs: 0
[11 Dec 2019 23:22:20-HuM]  bases read: 20,129,593  bases loaded: 20,129,593
[11 Dec 2019 23:22:20-HuM]  num contigs: 1,829,963  num kmers: 1,829,963 novel kmers: 1,829,963
[11 Dec 2019 23:22:20-HuM] Dumping graph...
[11 Dec 2019 23:22:20-HuM][graphwriter] Saving file to: metagenomics/bigsi/11/mccortex.ERR1713374.ctx
[11 Dec 2019 23:22:20-HuM][FileFilter] Writing graph  [1 src colour]
[11 Dec 2019 23:22:21-HuM][graphwriter] Dumped 1,829,963 kmers in 1 colour into: metagenomics/bigsi/11/mccortex.ERR1713374.ctx (ver: 6)
[11 Dec 2019 23:22:21-HuM][memory] We made 19 allocs
[11 Dec 2019 23:22:21-HuM] Done.
[11 Dec 2019 23:22:21-HuM][time] 2.00 seconds
	Command being timed: "mccortex 11 build --nkmers 2100000 --threads 1 --kmer 11 --mem 10G --sample ERR1713374 --seq metagenomics/kmer-counts-jellyfish/11/ERR1713374.kmer.gz metagenomics/bigsi/11/mccortex.ERR1713374.ctx"
	User time (seconds): 2.63
	System time (seconds): 0.43
	Percent of CPU this job got: 167%
	Elapsed (wall clock) time (h:mm:ss or m:ss): 0:01.83
	Average shared text size (kbytes): 0
	Average unshared data size (kbytes): 0
	Average stack size (kbytes): 0
	Average total size (kbytes): 0
	Maximum resident set size (kbytes): 34444
	Average resident set size (kbytes): 0
	Major (requiring I/O) page faults: 0
	Minor (reclaiming a frame) page faults: 18741
	Voluntary context switches: 9856
	Involuntary context switches: 7108
	Swaps: 0
	File system inputs: 13464
	File system outputs: 46488
	Socket messages sent: 0
	Socket messages received: 0
	Signals delivered: 0
	Page size (bytes): 4096
	Exit status: 0
