[11 Dec 2019 23:21:50-Yec][cmd] /home/CSCScience.ca/apetkau/miniconda3/envs/bigsi_mccortex/bin/mccortex31 build --nkmers 2100000 --threads 1 --kmer 11 --mem 10G --sample ERR1713361 --seq metagenomics/kmer-counts-jellyfish/11/ERR1713361.kmer.gz metagenomics/bigsi/11/mccortex.ERR1713361.ctx
[11 Dec 2019 23:21:50-Yec][cwd] /home/CSCScience.ca/apetkau/workspace/comp7934-project
[11 Dec 2019 23:21:50-Yec][version] mccortex=v0.0.3-610-g400c0e3 zlib=1.2.11 htslib=1.8-17-g699ed53 ASSERTS=ON hash=Lookup3 CHECKS=ON k=3..31
[11 Dec 2019 23:21:50-Yec] Saving graph to: metagenomics/bigsi/11/mccortex.ERR1713361.ctx
[11 Dec 2019 23:21:50-Yec][sample] 0: ERR1713361
[11 Dec 2019 23:21:50-Yec][task] metagenomics/kmer-counts-jellyfish/11/ERR1713361.kmer.gz; FASTQ offset: auto-detect, threshold: off; cut homopolymers: off; remove PCR duplicates: no; colour: 0
[11 Dec 2019 23:21:50-Yec][memory] 104 bits per kmer
[11 Dec 2019 23:21:50-Yec] Note: Using less memory than requested (26.9MB < 10GB); allows for 2,162,688 kmers
[11 Dec 2019 23:21:50-Yec][memory] graph: 26.9MB
[11 Dec 2019 23:21:50-Yec][memory] total: 26.9MB of 62.6GB RAM
[11 Dec 2019 23:21:50-Yec] Writing 1 colour graph to metagenomics/bigsi/11/mccortex.ERR1713361.ctx
[11 Dec 2019 23:21:50-Yec][hasht] Allocating table with 2,162,688 entries, using 16.6MB
[11 Dec 2019 23:21:50-Yec][hasht]  number of buckets: 65,536, bucket size: 33
[11 Dec 2019 23:21:50-Yec][graph] kmer-size: 11; colours: 1; capacity: 2,162,688
[11 Dec 2019 23:21:50-Yec][hasht] buckets: 65,536 [2^16]; bucket size: 33; 
[11 Dec 2019 23:21:50-Yec][hasht] memory: 16.6MB; filled: 0 / 2,162,688 (0.00%)
[11 Dec 2019 23:21:50-Yec][asyncio] Inputs: 1; Threads: 1
[11 Dec 2019 23:21:50-Yec][seq] Parsing sequence file metagenomics/kmer-counts-jellyfish/11/ERR1713361.kmer.gz
[11 Dec 2019 23:21:52-Yec][seq] Loaded 1,867,178 reads and 0 reads pairs (file: metagenomics/kmer-counts-jellyfish/11/ERR1713361.kmer.gz)
[11 Dec 2019 23:21:52-Yec][hasht] buckets: 65,536 [2^16]; bucket size: 33; 
[11 Dec 2019 23:21:52-Yec][hasht] memory: 16.6MB; filled: 1,867,178 / 2,162,688 (86.34%)
[11 Dec 2019 23:21:52-Yec][hasht]  collisions  0: 1821210
[11 Dec 2019 23:21:52-Yec][hasht]  collisions  1: 39048
[11 Dec 2019 23:21:52-Yec][hasht]  collisions  2: 5590
[11 Dec 2019 23:21:52-Yec][hasht]  collisions  3: 1040
[11 Dec 2019 23:21:52-Yec][hasht]  collisions  4: 231
[11 Dec 2019 23:21:52-Yec][hasht]  collisions  5: 43
[11 Dec 2019 23:21:52-Yec][hasht]  collisions  6: 12
[11 Dec 2019 23:21:52-Yec][hasht]  collisions  7: 3
[11 Dec 2019 23:21:52-Yec][hasht]  collisions 10: 1
[11 Dec 2019 23:21:52-Yec][task] input: metagenomics/kmer-counts-jellyfish/11/ERR1713361.kmer.gz colour: 0
[11 Dec 2019 23:21:52-Yec]  SE reads: 1,867,178  PE reads: 0
[11 Dec 2019 23:21:52-Yec]  good reads: 1,867,178  bad reads: 0
[11 Dec 2019 23:21:52-Yec]  dup SE reads: 0  dup PE pairs: 0
[11 Dec 2019 23:21:52-Yec]  bases read: 20,538,958  bases loaded: 20,538,958
[11 Dec 2019 23:21:52-Yec]  num contigs: 1,867,178  num kmers: 1,867,178 novel kmers: 1,867,178
[11 Dec 2019 23:21:52-Yec] Dumping graph...
[11 Dec 2019 23:21:52-Yec][graphwriter] Saving file to: metagenomics/bigsi/11/mccortex.ERR1713361.ctx
[11 Dec 2019 23:21:52-Yec][FileFilter] Writing graph  [1 src colour]
[11 Dec 2019 23:21:52-Yec][graphwriter] Dumped 1,867,178 kmers in 1 colour into: metagenomics/bigsi/11/mccortex.ERR1713361.ctx (ver: 6)
[11 Dec 2019 23:21:52-Yec][memory] We made 19 allocs
[11 Dec 2019 23:21:52-Yec] Done.
[11 Dec 2019 23:21:52-Yec][time] 2.00 seconds
	Command being timed: "mccortex 11 build --nkmers 2100000 --threads 1 --kmer 11 --mem 10G --sample ERR1713361 --seq metagenomics/kmer-counts-jellyfish/11/ERR1713361.kmer.gz metagenomics/bigsi/11/mccortex.ERR1713361.ctx"
	User time (seconds): 2.85
	System time (seconds): 0.54
	Percent of CPU this job got: 163%
	Elapsed (wall clock) time (h:mm:ss or m:ss): 0:02.07
	Average shared text size (kbytes): 0
	Average unshared data size (kbytes): 0
	Average stack size (kbytes): 0
	Average total size (kbytes): 0
	Maximum resident set size (kbytes): 34444
	Average resident set size (kbytes): 0
	Major (requiring I/O) page faults: 0
	Minor (reclaiming a frame) page faults: 18755
	Voluntary context switches: 24690
	Involuntary context switches: 16551
	Swaps: 0
	File system inputs: 13728
	File system outputs: 47424
	Socket messages sent: 0
	Socket messages received: 0
	Signals delivered: 0
	Page size (bytes): 4096
	Exit status: 0
