[11 Dec 2019 23:21:22-Jay][cmd] /home/CSCScience.ca/apetkau/miniconda3/envs/bigsi_mccortex/bin/mccortex31 build --nkmers 2100000 --threads 1 --kmer 11 --mem 10G --sample ERR1713345 --seq metagenomics/kmer-counts-jellyfish/11/ERR1713345.kmer.gz metagenomics/bigsi/11/mccortex.ERR1713345.ctx
[11 Dec 2019 23:21:22-Jay][cwd] /home/CSCScience.ca/apetkau/workspace/comp7934-project
[11 Dec 2019 23:21:22-Jay][version] mccortex=v0.0.3-610-g400c0e3 zlib=1.2.11 htslib=1.8-17-g699ed53 ASSERTS=ON hash=Lookup3 CHECKS=ON k=3..31
[11 Dec 2019 23:21:22-Jay] Saving graph to: metagenomics/bigsi/11/mccortex.ERR1713345.ctx
[11 Dec 2019 23:21:22-Jay][sample] 0: ERR1713345
[11 Dec 2019 23:21:22-Jay][task] metagenomics/kmer-counts-jellyfish/11/ERR1713345.kmer.gz; FASTQ offset: auto-detect, threshold: off; cut homopolymers: off; remove PCR duplicates: no; colour: 0
[11 Dec 2019 23:21:22-Jay][memory] 104 bits per kmer
[11 Dec 2019 23:21:22-Jay] Note: Using less memory than requested (26.9MB < 10GB); allows for 2,162,688 kmers
[11 Dec 2019 23:21:22-Jay][memory] graph: 26.9MB
[11 Dec 2019 23:21:22-Jay][memory] total: 26.9MB of 62.6GB RAM
[11 Dec 2019 23:21:22-Jay] Writing 1 colour graph to metagenomics/bigsi/11/mccortex.ERR1713345.ctx
[11 Dec 2019 23:21:22-Jay][hasht] Allocating table with 2,162,688 entries, using 16.6MB
[11 Dec 2019 23:21:22-Jay][hasht]  number of buckets: 65,536, bucket size: 33
[11 Dec 2019 23:21:22-Jay][graph] kmer-size: 11; colours: 1; capacity: 2,162,688
[11 Dec 2019 23:21:22-Jay][hasht] buckets: 65,536 [2^16]; bucket size: 33; 
[11 Dec 2019 23:21:22-Jay][hasht] memory: 16.6MB; filled: 0 / 2,162,688 (0.00%)
[11 Dec 2019 23:21:22-Jay][asyncio] Inputs: 1; Threads: 1
[11 Dec 2019 23:21:22-Jay][seq] Parsing sequence file metagenomics/kmer-counts-jellyfish/11/ERR1713345.kmer.gz
[11 Dec 2019 23:21:23-Jay][seq] Loaded 1,860,480 reads and 0 reads pairs (file: metagenomics/kmer-counts-jellyfish/11/ERR1713345.kmer.gz)
[11 Dec 2019 23:21:23-Jay][hasht] buckets: 65,536 [2^16]; bucket size: 33; 
[11 Dec 2019 23:21:23-Jay][hasht] memory: 16.6MB; filled: 1,860,480 / 2,162,688 (86.03%)
[11 Dec 2019 23:21:23-Jay][hasht]  collisions  0: 1815922
[11 Dec 2019 23:21:23-Jay][hasht]  collisions  1: 38073
[11 Dec 2019 23:21:23-Jay][hasht]  collisions  2: 5301
[11 Dec 2019 23:21:23-Jay][hasht]  collisions  3: 959
[11 Dec 2019 23:21:23-Jay][hasht]  collisions  4: 174
[11 Dec 2019 23:21:23-Jay][hasht]  collisions  5: 42
[11 Dec 2019 23:21:23-Jay][hasht]  collisions  6: 8
[11 Dec 2019 23:21:23-Jay][hasht]  collisions  7: 1
[11 Dec 2019 23:21:23-Jay][task] input: metagenomics/kmer-counts-jellyfish/11/ERR1713345.kmer.gz colour: 0
[11 Dec 2019 23:21:23-Jay]  SE reads: 1,860,480  PE reads: 0
[11 Dec 2019 23:21:23-Jay]  good reads: 1,860,480  bad reads: 0
[11 Dec 2019 23:21:23-Jay]  dup SE reads: 0  dup PE pairs: 0
[11 Dec 2019 23:21:23-Jay]  bases read: 20,465,280  bases loaded: 20,465,280
[11 Dec 2019 23:21:23-Jay]  num contigs: 1,860,480  num kmers: 1,860,480 novel kmers: 1,860,480
[11 Dec 2019 23:21:23-Jay] Dumping graph...
[11 Dec 2019 23:21:23-Jay][graphwriter] Saving file to: metagenomics/bigsi/11/mccortex.ERR1713345.ctx
[11 Dec 2019 23:21:23-Jay][FileFilter] Writing graph  [1 src colour]
[11 Dec 2019 23:21:24-Jay][graphwriter] Dumped 1,860,480 kmers in 1 colour into: metagenomics/bigsi/11/mccortex.ERR1713345.ctx (ver: 6)
[11 Dec 2019 23:21:24-Jay][memory] We made 19 allocs
[11 Dec 2019 23:21:24-Jay] Done.
[11 Dec 2019 23:21:24-Jay][time] 2.00 seconds
	Command being timed: "mccortex 11 build --nkmers 2100000 --threads 1 --kmer 11 --mem 10G --sample ERR1713345 --seq metagenomics/kmer-counts-jellyfish/11/ERR1713345.kmer.gz metagenomics/bigsi/11/mccortex.ERR1713345.ctx"
	User time (seconds): 2.64
	System time (seconds): 0.44
	Percent of CPU this job got: 163%
	Elapsed (wall clock) time (h:mm:ss or m:ss): 0:01.88
	Average shared text size (kbytes): 0
	Average unshared data size (kbytes): 0
	Average stack size (kbytes): 0
	Average total size (kbytes): 0
	Maximum resident set size (kbytes): 34576
	Average resident set size (kbytes): 0
	Major (requiring I/O) page faults: 0
	Minor (reclaiming a frame) page faults: 18750
	Voluntary context switches: 22459
	Involuntary context switches: 24901
	Swaps: 0
	File system inputs: 13672
	File system outputs: 47248
	Socket messages sent: 0
	Socket messages received: 0
	Signals delivered: 0
	Page size (bytes): 4096
	Exit status: 0
