[11 Dec 2019 23:22:47-CEm][cmd] /home/CSCScience.ca/apetkau/miniconda3/envs/bigsi_mccortex/bin/mccortex31 build --nkmers 2100000 --threads 1 --kmer 11 --mem 10G --sample ERR1713389 --seq metagenomics/kmer-counts-jellyfish/11/ERR1713389.kmer.gz metagenomics/bigsi/11/mccortex.ERR1713389.ctx
[11 Dec 2019 23:22:47-CEm][cwd] /home/CSCScience.ca/apetkau/workspace/comp7934-project
[11 Dec 2019 23:22:47-CEm][version] mccortex=v0.0.3-610-g400c0e3 zlib=1.2.11 htslib=1.8-17-g699ed53 ASSERTS=ON hash=Lookup3 CHECKS=ON k=3..31
[11 Dec 2019 23:22:47-CEm] Saving graph to: metagenomics/bigsi/11/mccortex.ERR1713389.ctx
[11 Dec 2019 23:22:47-CEm][sample] 0: ERR1713389
[11 Dec 2019 23:22:47-CEm][task] metagenomics/kmer-counts-jellyfish/11/ERR1713389.kmer.gz; FASTQ offset: auto-detect, threshold: off; cut homopolymers: off; remove PCR duplicates: no; colour: 0
[11 Dec 2019 23:22:47-CEm][memory] 104 bits per kmer
[11 Dec 2019 23:22:47-CEm] Note: Using less memory than requested (26.9MB < 10GB); allows for 2,162,688 kmers
[11 Dec 2019 23:22:47-CEm][memory] graph: 26.9MB
[11 Dec 2019 23:22:47-CEm][memory] total: 26.9MB of 62.6GB RAM
[11 Dec 2019 23:22:47-CEm] Writing 1 colour graph to metagenomics/bigsi/11/mccortex.ERR1713389.ctx
[11 Dec 2019 23:22:47-CEm][hasht] Allocating table with 2,162,688 entries, using 16.6MB
[11 Dec 2019 23:22:47-CEm][hasht]  number of buckets: 65,536, bucket size: 33
[11 Dec 2019 23:22:47-CEm][graph] kmer-size: 11; colours: 1; capacity: 2,162,688
[11 Dec 2019 23:22:47-CEm][hasht] buckets: 65,536 [2^16]; bucket size: 33; 
[11 Dec 2019 23:22:47-CEm][hasht] memory: 16.6MB; filled: 0 / 2,162,688 (0.00%)
[11 Dec 2019 23:22:47-CEm][asyncio] Inputs: 1; Threads: 1
[11 Dec 2019 23:22:47-CEm][seq] Parsing sequence file metagenomics/kmer-counts-jellyfish/11/ERR1713389.kmer.gz
[11 Dec 2019 23:22:49-CEm][seq] Loaded 1,864,729 reads and 0 reads pairs (file: metagenomics/kmer-counts-jellyfish/11/ERR1713389.kmer.gz)
[11 Dec 2019 23:22:49-CEm][hasht] buckets: 65,536 [2^16]; bucket size: 33; 
[11 Dec 2019 23:22:49-CEm][hasht] memory: 16.6MB; filled: 1,864,729 / 2,162,688 (86.22%)
[11 Dec 2019 23:22:49-CEm][hasht]  collisions  0: 1819752
[11 Dec 2019 23:22:49-CEm][hasht]  collisions  1: 38415
[11 Dec 2019 23:22:49-CEm][hasht]  collisions  2: 5364
[11 Dec 2019 23:22:49-CEm][hasht]  collisions  3: 946
[11 Dec 2019 23:22:49-CEm][hasht]  collisions  4: 200
[11 Dec 2019 23:22:49-CEm][hasht]  collisions  5: 38
[11 Dec 2019 23:22:49-CEm][hasht]  collisions  6: 12
[11 Dec 2019 23:22:49-CEm][hasht]  collisions  7: 2
[11 Dec 2019 23:22:49-CEm][task] input: metagenomics/kmer-counts-jellyfish/11/ERR1713389.kmer.gz colour: 0
[11 Dec 2019 23:22:49-CEm]  SE reads: 1,864,729  PE reads: 0
[11 Dec 2019 23:22:49-CEm]  good reads: 1,864,729  bad reads: 0
[11 Dec 2019 23:22:49-CEm]  dup SE reads: 0  dup PE pairs: 0
[11 Dec 2019 23:22:49-CEm]  bases read: 20,512,019  bases loaded: 20,512,019
[11 Dec 2019 23:22:49-CEm]  num contigs: 1,864,729  num kmers: 1,864,729 novel kmers: 1,864,729
[11 Dec 2019 23:22:49-CEm] Dumping graph...
[11 Dec 2019 23:22:49-CEm][graphwriter] Saving file to: metagenomics/bigsi/11/mccortex.ERR1713389.ctx
[11 Dec 2019 23:22:49-CEm][FileFilter] Writing graph  [1 src colour]
[11 Dec 2019 23:22:49-CEm][graphwriter] Dumped 1,864,729 kmers in 1 colour into: metagenomics/bigsi/11/mccortex.ERR1713389.ctx (ver: 6)
[11 Dec 2019 23:22:49-CEm][memory] We made 19 allocs
[11 Dec 2019 23:22:49-CEm] Done.
[11 Dec 2019 23:22:49-CEm][time] 2.00 seconds
	Command being timed: "mccortex 11 build --nkmers 2100000 --threads 1 --kmer 11 --mem 10G --sample ERR1713389 --seq metagenomics/kmer-counts-jellyfish/11/ERR1713389.kmer.gz metagenomics/bigsi/11/mccortex.ERR1713389.ctx"
	User time (seconds): 2.33
	System time (seconds): 0.37
	Percent of CPU this job got: 163%
	Elapsed (wall clock) time (h:mm:ss or m:ss): 0:01.65
	Average shared text size (kbytes): 0
	Average unshared data size (kbytes): 0
	Average stack size (kbytes): 0
	Average total size (kbytes): 0
	Maximum resident set size (kbytes): 34508
	Average resident set size (kbytes): 0
	Major (requiring I/O) page faults: 0
	Minor (reclaiming a frame) page faults: 18754
	Voluntary context switches: 8580
	Involuntary context switches: 7826
	Swaps: 0
	File system inputs: 13704
	File system outputs: 47360
	Socket messages sent: 0
	Socket messages received: 0
	Signals delivered: 0
	Page size (bytes): 4096
	Exit status: 0
