[11 Dec 2019 23:23:17-GuC][cmd] /home/CSCScience.ca/apetkau/miniconda3/envs/bigsi_mccortex/bin/mccortex31 build --nkmers 2100000 --threads 1 --kmer 11 --mem 10G --sample ERR1713401 --seq metagenomics/kmer-counts-jellyfish/11/ERR1713401.kmer.gz metagenomics/bigsi/11/mccortex.ERR1713401.ctx
[11 Dec 2019 23:23:17-GuC][cwd] /home/CSCScience.ca/apetkau/workspace/comp7934-project
[11 Dec 2019 23:23:17-GuC][version] mccortex=v0.0.3-610-g400c0e3 zlib=1.2.11 htslib=1.8-17-g699ed53 ASSERTS=ON hash=Lookup3 CHECKS=ON k=3..31
[11 Dec 2019 23:23:17-GuC] Saving graph to: metagenomics/bigsi/11/mccortex.ERR1713401.ctx
[11 Dec 2019 23:23:17-GuC][sample] 0: ERR1713401
[11 Dec 2019 23:23:17-GuC][task] metagenomics/kmer-counts-jellyfish/11/ERR1713401.kmer.gz; FASTQ offset: auto-detect, threshold: off; cut homopolymers: off; remove PCR duplicates: no; colour: 0
[11 Dec 2019 23:23:17-GuC][memory] 104 bits per kmer
[11 Dec 2019 23:23:17-GuC] Note: Using less memory than requested (26.9MB < 10GB); allows for 2,162,688 kmers
[11 Dec 2019 23:23:17-GuC][memory] graph: 26.9MB
[11 Dec 2019 23:23:17-GuC][memory] total: 26.9MB of 62.6GB RAM
[11 Dec 2019 23:23:17-GuC] Writing 1 colour graph to metagenomics/bigsi/11/mccortex.ERR1713401.ctx
[11 Dec 2019 23:23:17-GuC][hasht] Allocating table with 2,162,688 entries, using 16.6MB
[11 Dec 2019 23:23:17-GuC][hasht]  number of buckets: 65,536, bucket size: 33
[11 Dec 2019 23:23:17-GuC][graph] kmer-size: 11; colours: 1; capacity: 2,162,688
[11 Dec 2019 23:23:17-GuC][hasht] buckets: 65,536 [2^16]; bucket size: 33; 
[11 Dec 2019 23:23:17-GuC][hasht] memory: 16.6MB; filled: 0 / 2,162,688 (0.00%)
[11 Dec 2019 23:23:17-GuC][asyncio] Inputs: 1; Threads: 1
[11 Dec 2019 23:23:17-GuC][seq] Parsing sequence file metagenomics/kmer-counts-jellyfish/11/ERR1713401.kmer.gz
[11 Dec 2019 23:23:19-GuC][seq] Loaded 1,867,690 reads and 0 reads pairs (file: metagenomics/kmer-counts-jellyfish/11/ERR1713401.kmer.gz)
[11 Dec 2019 23:23:19-GuC][hasht] buckets: 65,536 [2^16]; bucket size: 33; 
[11 Dec 2019 23:23:19-GuC][hasht] memory: 16.6MB; filled: 1,867,690 / 2,162,688 (86.36%)
[11 Dec 2019 23:23:19-GuC][hasht]  collisions  0: 1822009
[11 Dec 2019 23:23:19-GuC][hasht]  collisions  1: 38855
[11 Dec 2019 23:23:19-GuC][hasht]  collisions  2: 5503
[11 Dec 2019 23:23:19-GuC][hasht]  collisions  3: 1039
[11 Dec 2019 23:23:19-GuC][hasht]  collisions  4: 221
[11 Dec 2019 23:23:19-GuC][hasht]  collisions  5: 47
[11 Dec 2019 23:23:19-GuC][hasht]  collisions  6: 13
[11 Dec 2019 23:23:19-GuC][hasht]  collisions  7: 3
[11 Dec 2019 23:23:19-GuC][task] input: metagenomics/kmer-counts-jellyfish/11/ERR1713401.kmer.gz colour: 0
[11 Dec 2019 23:23:19-GuC]  SE reads: 1,867,690  PE reads: 0
[11 Dec 2019 23:23:19-GuC]  good reads: 1,867,690  bad reads: 0
[11 Dec 2019 23:23:19-GuC]  dup SE reads: 0  dup PE pairs: 0
[11 Dec 2019 23:23:19-GuC]  bases read: 20,544,590  bases loaded: 20,544,590
[11 Dec 2019 23:23:19-GuC]  num contigs: 1,867,690  num kmers: 1,867,690 novel kmers: 1,867,690
[11 Dec 2019 23:23:19-GuC] Dumping graph...
[11 Dec 2019 23:23:19-GuC][graphwriter] Saving file to: metagenomics/bigsi/11/mccortex.ERR1713401.ctx
[11 Dec 2019 23:23:19-GuC][FileFilter] Writing graph  [1 src colour]
[11 Dec 2019 23:23:20-GuC][graphwriter] Dumped 1,867,690 kmers in 1 colour into: metagenomics/bigsi/11/mccortex.ERR1713401.ctx (ver: 6)
[11 Dec 2019 23:23:20-GuC][memory] We made 19 allocs
[11 Dec 2019 23:23:20-GuC] Done.
[11 Dec 2019 23:23:20-GuC][time] 3.00 seconds
	Command being timed: "mccortex 11 build --nkmers 2100000 --threads 1 --kmer 11 --mem 10G --sample ERR1713401 --seq metagenomics/kmer-counts-jellyfish/11/ERR1713401.kmer.gz metagenomics/bigsi/11/mccortex.ERR1713401.ctx"
	User time (seconds): 3.75
	System time (seconds): 0.47
	Percent of CPU this job got: 170%
	Elapsed (wall clock) time (h:mm:ss or m:ss): 0:02.48
	Average shared text size (kbytes): 0
	Average unshared data size (kbytes): 0
	Average stack size (kbytes): 0
	Average total size (kbytes): 0
	Maximum resident set size (kbytes): 34556
	Average resident set size (kbytes): 0
	Major (requiring I/O) page faults: 0
	Minor (reclaiming a frame) page faults: 18758
	Voluntary context switches: 25285
	Involuntary context switches: 5181
	Swaps: 0
	File system inputs: 13728
	File system outputs: 47432
	Socket messages sent: 0
	Socket messages received: 0
	Signals delivered: 0
	Page size (bytes): 4096
	Exit status: 0
