[11 Dec 2019 23:21:21-SuC][cmd] /home/CSCScience.ca/apetkau/miniconda3/envs/bigsi_mccortex/bin/mccortex31 build --nkmers 2100000 --threads 1 --kmer 11 --mem 10G --sample ERR1713341 --seq metagenomics/kmer-counts-jellyfish/11/ERR1713341.kmer.gz metagenomics/bigsi/11/mccortex.ERR1713341.ctx
[11 Dec 2019 23:21:21-SuC][cwd] /home/CSCScience.ca/apetkau/workspace/comp7934-project
[11 Dec 2019 23:21:21-SuC][version] mccortex=v0.0.3-610-g400c0e3 zlib=1.2.11 htslib=1.8-17-g699ed53 ASSERTS=ON hash=Lookup3 CHECKS=ON k=3..31
[11 Dec 2019 23:21:21-SuC] Saving graph to: metagenomics/bigsi/11/mccortex.ERR1713341.ctx
[11 Dec 2019 23:21:21-SuC][sample] 0: ERR1713341
[11 Dec 2019 23:21:21-SuC][task] metagenomics/kmer-counts-jellyfish/11/ERR1713341.kmer.gz; FASTQ offset: auto-detect, threshold: off; cut homopolymers: off; remove PCR duplicates: no; colour: 0
[11 Dec 2019 23:21:21-SuC][memory] 104 bits per kmer
[11 Dec 2019 23:21:21-SuC] Note: Using less memory than requested (26.9MB < 10GB); allows for 2,162,688 kmers
[11 Dec 2019 23:21:21-SuC][memory] graph: 26.9MB
[11 Dec 2019 23:21:21-SuC][memory] total: 26.9MB of 62.6GB RAM
[11 Dec 2019 23:21:21-SuC] Writing 1 colour graph to metagenomics/bigsi/11/mccortex.ERR1713341.ctx
[11 Dec 2019 23:21:21-SuC][hasht] Allocating table with 2,162,688 entries, using 16.6MB
[11 Dec 2019 23:21:21-SuC][hasht]  number of buckets: 65,536, bucket size: 33
[11 Dec 2019 23:21:21-SuC][graph] kmer-size: 11; colours: 1; capacity: 2,162,688
[11 Dec 2019 23:21:21-SuC][hasht] buckets: 65,536 [2^16]; bucket size: 33; 
[11 Dec 2019 23:21:21-SuC][hasht] memory: 16.6MB; filled: 0 / 2,162,688 (0.00%)
[11 Dec 2019 23:21:21-SuC][asyncio] Inputs: 1; Threads: 1
[11 Dec 2019 23:21:21-SuC][seq] Parsing sequence file metagenomics/kmer-counts-jellyfish/11/ERR1713341.kmer.gz
[11 Dec 2019 23:21:22-SuC][seq] Loaded 1,851,305 reads and 0 reads pairs (file: metagenomics/kmer-counts-jellyfish/11/ERR1713341.kmer.gz)
[11 Dec 2019 23:21:22-SuC][hasht] buckets: 65,536 [2^16]; bucket size: 33; 
[11 Dec 2019 23:21:22-SuC][hasht] memory: 16.6MB; filled: 1,851,305 / 2,162,688 (85.60%)
[11 Dec 2019 23:21:22-SuC][hasht]  collisions  0: 1809742
[11 Dec 2019 23:21:22-SuC][hasht]  collisions  1: 35885
[11 Dec 2019 23:21:22-SuC][hasht]  collisions  2: 4671
[11 Dec 2019 23:21:22-SuC][hasht]  collisions  3: 820
[11 Dec 2019 23:21:22-SuC][hasht]  collisions  4: 166
[11 Dec 2019 23:21:22-SuC][hasht]  collisions  5: 17
[11 Dec 2019 23:21:22-SuC][hasht]  collisions  6: 3
[11 Dec 2019 23:21:22-SuC][hasht]  collisions  7: 1
[11 Dec 2019 23:21:22-SuC][task] input: metagenomics/kmer-counts-jellyfish/11/ERR1713341.kmer.gz colour: 0
[11 Dec 2019 23:21:22-SuC]  SE reads: 1,851,305  PE reads: 0
[11 Dec 2019 23:21:22-SuC]  good reads: 1,851,305  bad reads: 0
[11 Dec 2019 23:21:22-SuC]  dup SE reads: 0  dup PE pairs: 0
[11 Dec 2019 23:21:22-SuC]  bases read: 20,364,355  bases loaded: 20,364,355
[11 Dec 2019 23:21:22-SuC]  num contigs: 1,851,305  num kmers: 1,851,305 novel kmers: 1,851,305
[11 Dec 2019 23:21:22-SuC] Dumping graph...
[11 Dec 2019 23:21:22-SuC][graphwriter] Saving file to: metagenomics/bigsi/11/mccortex.ERR1713341.ctx
[11 Dec 2019 23:21:22-SuC][FileFilter] Writing graph  [1 src colour]
[11 Dec 2019 23:21:23-SuC][graphwriter] Dumped 1,851,305 kmers in 1 colour into: metagenomics/bigsi/11/mccortex.ERR1713341.ctx (ver: 6)
[11 Dec 2019 23:21:23-SuC][memory] We made 19 allocs
[11 Dec 2019 23:21:23-SuC] Done.
[11 Dec 2019 23:21:23-SuC][time] 2.00 seconds
	Command being timed: "mccortex 11 build --nkmers 2100000 --threads 1 --kmer 11 --mem 10G --sample ERR1713341 --seq metagenomics/kmer-counts-jellyfish/11/ERR1713341.kmer.gz metagenomics/bigsi/11/mccortex.ERR1713341.ctx"
	User time (seconds): 2.95
	System time (seconds): 0.39
	Percent of CPU this job got: 180%
	Elapsed (wall clock) time (h:mm:ss or m:ss): 0:01.86
	Average shared text size (kbytes): 0
	Average unshared data size (kbytes): 0
	Average stack size (kbytes): 0
	Average total size (kbytes): 0
	Maximum resident set size (kbytes): 34448
	Average resident set size (kbytes): 0
	Major (requiring I/O) page faults: 0
	Minor (reclaiming a frame) page faults: 18753
	Voluntary context switches: 15571
	Involuntary context switches: 85
	Swaps: 0
	File system inputs: 13616
	File system outputs: 47016
	Socket messages sent: 0
	Socket messages received: 0
	Signals delivered: 0
	Page size (bytes): 4096
	Exit status: 0
