[11 Dec 2019 23:23:17-ZOb][cmd] /home/CSCScience.ca/apetkau/miniconda3/envs/bigsi_mccortex/bin/mccortex31 build --nkmers 2100000 --threads 1 --kmer 11 --mem 10G --sample ERR1713400 --seq metagenomics/kmer-counts-jellyfish/11/ERR1713400.kmer.gz metagenomics/bigsi/11/mccortex.ERR1713400.ctx
[11 Dec 2019 23:23:17-ZOb][cwd] /home/CSCScience.ca/apetkau/workspace/comp7934-project
[11 Dec 2019 23:23:17-ZOb][version] mccortex=v0.0.3-610-g400c0e3 zlib=1.2.11 htslib=1.8-17-g699ed53 ASSERTS=ON hash=Lookup3 CHECKS=ON k=3..31
[11 Dec 2019 23:23:17-ZOb] Saving graph to: metagenomics/bigsi/11/mccortex.ERR1713400.ctx
[11 Dec 2019 23:23:17-ZOb][sample] 0: ERR1713400
[11 Dec 2019 23:23:17-ZOb][task] metagenomics/kmer-counts-jellyfish/11/ERR1713400.kmer.gz; FASTQ offset: auto-detect, threshold: off; cut homopolymers: off; remove PCR duplicates: no; colour: 0
[11 Dec 2019 23:23:17-ZOb][memory] 104 bits per kmer
[11 Dec 2019 23:23:17-ZOb] Note: Using less memory than requested (26.9MB < 10GB); allows for 2,162,688 kmers
[11 Dec 2019 23:23:17-ZOb][memory] graph: 26.9MB
[11 Dec 2019 23:23:17-ZOb][memory] total: 26.9MB of 62.6GB RAM
[11 Dec 2019 23:23:17-ZOb] Writing 1 colour graph to metagenomics/bigsi/11/mccortex.ERR1713400.ctx
[11 Dec 2019 23:23:17-ZOb][hasht] Allocating table with 2,162,688 entries, using 16.6MB
[11 Dec 2019 23:23:17-ZOb][hasht]  number of buckets: 65,536, bucket size: 33
[11 Dec 2019 23:23:17-ZOb][graph] kmer-size: 11; colours: 1; capacity: 2,162,688
[11 Dec 2019 23:23:17-ZOb][hasht] buckets: 65,536 [2^16]; bucket size: 33; 
[11 Dec 2019 23:23:17-ZOb][hasht] memory: 16.6MB; filled: 0 / 2,162,688 (0.00%)
[11 Dec 2019 23:23:17-ZOb][asyncio] Inputs: 1; Threads: 1
[11 Dec 2019 23:23:17-ZOb][seq] Parsing sequence file metagenomics/kmer-counts-jellyfish/11/ERR1713400.kmer.gz
[11 Dec 2019 23:23:19-ZOb][seq] Loaded 1,848,864 reads and 0 reads pairs (file: metagenomics/kmer-counts-jellyfish/11/ERR1713400.kmer.gz)
[11 Dec 2019 23:23:19-ZOb][hasht] buckets: 65,536 [2^16]; bucket size: 33; 
[11 Dec 2019 23:23:19-ZOb][hasht] memory: 16.6MB; filled: 1,848,864 / 2,162,688 (85.49%)
[11 Dec 2019 23:23:19-ZOb][hasht]  collisions  0: 1808010
[11 Dec 2019 23:23:19-ZOb][hasht]  collisions  1: 35386
[11 Dec 2019 23:23:19-ZOb][hasht]  collisions  2: 4549
[11 Dec 2019 23:23:19-ZOb][hasht]  collisions  3: 756
[11 Dec 2019 23:23:19-ZOb][hasht]  collisions  4: 141
[11 Dec 2019 23:23:19-ZOb][hasht]  collisions  5: 18
[11 Dec 2019 23:23:19-ZOb][hasht]  collisions  6: 3
[11 Dec 2019 23:23:19-ZOb][hasht]  collisions  7: 1
[11 Dec 2019 23:23:19-ZOb][task] input: metagenomics/kmer-counts-jellyfish/11/ERR1713400.kmer.gz colour: 0
[11 Dec 2019 23:23:19-ZOb]  SE reads: 1,848,864  PE reads: 0
[11 Dec 2019 23:23:19-ZOb]  good reads: 1,848,864  bad reads: 0
[11 Dec 2019 23:23:19-ZOb]  dup SE reads: 0  dup PE pairs: 0
[11 Dec 2019 23:23:19-ZOb]  bases read: 20,337,504  bases loaded: 20,337,504
[11 Dec 2019 23:23:19-ZOb]  num contigs: 1,848,864  num kmers: 1,848,864 novel kmers: 1,848,864
[11 Dec 2019 23:23:19-ZOb] Dumping graph...
[11 Dec 2019 23:23:19-ZOb][graphwriter] Saving file to: metagenomics/bigsi/11/mccortex.ERR1713400.ctx
[11 Dec 2019 23:23:19-ZOb][FileFilter] Writing graph  [1 src colour]
[11 Dec 2019 23:23:19-ZOb][graphwriter] Dumped 1,848,864 kmers in 1 colour into: metagenomics/bigsi/11/mccortex.ERR1713400.ctx (ver: 6)
[11 Dec 2019 23:23:19-ZOb][memory] We made 19 allocs
[11 Dec 2019 23:23:19-ZOb] Done.
[11 Dec 2019 23:23:19-ZOb][time] 2.00 seconds
	Command being timed: "mccortex 11 build --nkmers 2100000 --threads 1 --kmer 11 --mem 10G --sample ERR1713400 --seq metagenomics/kmer-counts-jellyfish/11/ERR1713400.kmer.gz metagenomics/bigsi/11/mccortex.ERR1713400.ctx"
	User time (seconds): 2.54
	System time (seconds): 0.43
	Percent of CPU this job got: 173%
	Elapsed (wall clock) time (h:mm:ss or m:ss): 0:01.72
	Average shared text size (kbytes): 0
	Average unshared data size (kbytes): 0
	Average stack size (kbytes): 0
	Average total size (kbytes): 0
	Maximum resident set size (kbytes): 34544
	Average resident set size (kbytes): 0
	Major (requiring I/O) page faults: 0
	Minor (reclaiming a frame) page faults: 18744
	Voluntary context switches: 10198
	Involuntary context switches: 683
	Swaps: 0
	File system inputs: 13592
	File system outputs: 46952
	Socket messages sent: 0
	Socket messages received: 0
	Signals delivered: 0
	Page size (bytes): 4096
	Exit status: 0
