[11 Dec 2019 23:21:21-Duq][cmd] /home/CSCScience.ca/apetkau/miniconda3/envs/bigsi_mccortex/bin/mccortex31 build --nkmers 2100000 --threads 1 --kmer 11 --mem 10G --sample ERR1713343 --seq metagenomics/kmer-counts-jellyfish/11/ERR1713343.kmer.gz metagenomics/bigsi/11/mccortex.ERR1713343.ctx
[11 Dec 2019 23:21:21-Duq][cwd] /home/CSCScience.ca/apetkau/workspace/comp7934-project
[11 Dec 2019 23:21:21-Duq][version] mccortex=v0.0.3-610-g400c0e3 zlib=1.2.11 htslib=1.8-17-g699ed53 ASSERTS=ON hash=Lookup3 CHECKS=ON k=3..31
[11 Dec 2019 23:21:21-Duq] Saving graph to: metagenomics/bigsi/11/mccortex.ERR1713343.ctx
[11 Dec 2019 23:21:21-Duq][sample] 0: ERR1713343
[11 Dec 2019 23:21:21-Duq][task] metagenomics/kmer-counts-jellyfish/11/ERR1713343.kmer.gz; FASTQ offset: auto-detect, threshold: off; cut homopolymers: off; remove PCR duplicates: no; colour: 0
[11 Dec 2019 23:21:21-Duq][memory] 104 bits per kmer
[11 Dec 2019 23:21:21-Duq] Note: Using less memory than requested (26.9MB < 10GB); allows for 2,162,688 kmers
[11 Dec 2019 23:21:21-Duq][memory] graph: 26.9MB
[11 Dec 2019 23:21:21-Duq][memory] total: 26.9MB of 62.6GB RAM
[11 Dec 2019 23:21:21-Duq] Writing 1 colour graph to metagenomics/bigsi/11/mccortex.ERR1713343.ctx
[11 Dec 2019 23:21:21-Duq][hasht] Allocating table with 2,162,688 entries, using 16.6MB
[11 Dec 2019 23:21:21-Duq][hasht]  number of buckets: 65,536, bucket size: 33
[11 Dec 2019 23:21:21-Duq][graph] kmer-size: 11; colours: 1; capacity: 2,162,688
[11 Dec 2019 23:21:21-Duq][hasht] buckets: 65,536 [2^16]; bucket size: 33; 
[11 Dec 2019 23:21:21-Duq][hasht] memory: 16.6MB; filled: 0 / 2,162,688 (0.00%)
[11 Dec 2019 23:21:21-Duq][asyncio] Inputs: 1; Threads: 1
[11 Dec 2019 23:21:21-Duq][seq] Parsing sequence file metagenomics/kmer-counts-jellyfish/11/ERR1713343.kmer.gz
[11 Dec 2019 23:21:22-Duq][seq] Loaded 1,814,988 reads and 0 reads pairs (file: metagenomics/kmer-counts-jellyfish/11/ERR1713343.kmer.gz)
[11 Dec 2019 23:21:22-Duq][hasht] buckets: 65,536 [2^16]; bucket size: 33; 
[11 Dec 2019 23:21:22-Duq][hasht] memory: 16.6MB; filled: 1,814,988 / 2,162,688 (83.92%)
[11 Dec 2019 23:21:22-Duq][hasht]  collisions  0: 1781738
[11 Dec 2019 23:21:22-Duq][hasht]  collisions  1: 29419
[11 Dec 2019 23:21:22-Duq][hasht]  collisions  2: 3287
[11 Dec 2019 23:21:22-Duq][hasht]  collisions  3: 453
[11 Dec 2019 23:21:22-Duq][hasht]  collisions  4: 80
[11 Dec 2019 23:21:22-Duq][hasht]  collisions  5: 8
[11 Dec 2019 23:21:22-Duq][hasht]  collisions  6: 2
[11 Dec 2019 23:21:22-Duq][hasht]  collisions  7: 1
[11 Dec 2019 23:21:22-Duq][task] input: metagenomics/kmer-counts-jellyfish/11/ERR1713343.kmer.gz colour: 0
[11 Dec 2019 23:21:22-Duq]  SE reads: 1,814,988  PE reads: 0
[11 Dec 2019 23:21:22-Duq]  good reads: 1,814,988  bad reads: 0
[11 Dec 2019 23:21:22-Duq]  dup SE reads: 0  dup PE pairs: 0
[11 Dec 2019 23:21:22-Duq]  bases read: 19,964,868  bases loaded: 19,964,868
[11 Dec 2019 23:21:22-Duq]  num contigs: 1,814,988  num kmers: 1,814,988 novel kmers: 1,814,988
[11 Dec 2019 23:21:22-Duq] Dumping graph...
[11 Dec 2019 23:21:22-Duq][graphwriter] Saving file to: metagenomics/bigsi/11/mccortex.ERR1713343.ctx
[11 Dec 2019 23:21:22-Duq][FileFilter] Writing graph  [1 src colour]
[11 Dec 2019 23:21:23-Duq][graphwriter] Dumped 1,814,988 kmers in 1 colour into: metagenomics/bigsi/11/mccortex.ERR1713343.ctx (ver: 6)
[11 Dec 2019 23:21:23-Duq][memory] We made 19 allocs
[11 Dec 2019 23:21:23-Duq] Done.
[11 Dec 2019 23:21:23-Duq][time] 2.00 seconds
	Command being timed: "mccortex 11 build --nkmers 2100000 --threads 1 --kmer 11 --mem 10G --sample ERR1713343 --seq metagenomics/kmer-counts-jellyfish/11/ERR1713343.kmer.gz metagenomics/bigsi/11/mccortex.ERR1713343.ctx"
	User time (seconds): 2.42
	System time (seconds): 0.38
	Percent of CPU this job got: 169%
	Elapsed (wall clock) time (h:mm:ss or m:ss): 0:01.65
	Average shared text size (kbytes): 0
	Average unshared data size (kbytes): 0
	Average stack size (kbytes): 0
	Average total size (kbytes): 0
	Maximum resident set size (kbytes): 34452
	Average resident set size (kbytes): 0
	Major (requiring I/O) page faults: 0
	Minor (reclaiming a frame) page faults: 18756
	Voluntary context switches: 6776
	Involuntary context switches: 62
	Swaps: 0
	File system inputs: 13352
	File system outputs: 46096
	Socket messages sent: 0
	Socket messages received: 0
	Signals delivered: 0
	Page size (bytes): 4096
	Exit status: 0
