[11 Dec 2019 23:20:53-xeZ][cmd] /home/CSCScience.ca/apetkau/miniconda3/envs/bigsi_mccortex/bin/mccortex31 build --nkmers 2100000 --threads 1 --kmer 11 --mem 10G --sample ERR1713337 --seq metagenomics/kmer-counts-jellyfish/11/ERR1713337.kmer.gz metagenomics/bigsi/11/mccortex.ERR1713337.ctx
[11 Dec 2019 23:20:53-xeZ][cwd] /home/CSCScience.ca/apetkau/workspace/comp7934-project
[11 Dec 2019 23:20:53-xeZ][version] mccortex=v0.0.3-610-g400c0e3 zlib=1.2.11 htslib=1.8-17-g699ed53 ASSERTS=ON hash=Lookup3 CHECKS=ON k=3..31
[11 Dec 2019 23:20:53-xeZ] Saving graph to: metagenomics/bigsi/11/mccortex.ERR1713337.ctx
[11 Dec 2019 23:20:53-xeZ][sample] 0: ERR1713337
[11 Dec 2019 23:20:53-xeZ][task] metagenomics/kmer-counts-jellyfish/11/ERR1713337.kmer.gz; FASTQ offset: auto-detect, threshold: off; cut homopolymers: off; remove PCR duplicates: no; colour: 0
[11 Dec 2019 23:20:53-xeZ][memory] 104 bits per kmer
[11 Dec 2019 23:20:53-xeZ] Note: Using less memory than requested (26.9MB < 10GB); allows for 2,162,688 kmers
[11 Dec 2019 23:20:53-xeZ][memory] graph: 26.9MB
[11 Dec 2019 23:20:53-xeZ][memory] total: 26.9MB of 62.6GB RAM
[11 Dec 2019 23:20:53-xeZ] Writing 1 colour graph to metagenomics/bigsi/11/mccortex.ERR1713337.ctx
[11 Dec 2019 23:20:53-xeZ][hasht] Allocating table with 2,162,688 entries, using 16.6MB
[11 Dec 2019 23:20:53-xeZ][hasht]  number of buckets: 65,536, bucket size: 33
[11 Dec 2019 23:20:53-xeZ][graph] kmer-size: 11; colours: 1; capacity: 2,162,688
[11 Dec 2019 23:20:53-xeZ][hasht] buckets: 65,536 [2^16]; bucket size: 33; 
[11 Dec 2019 23:20:53-xeZ][hasht] memory: 16.6MB; filled: 0 / 2,162,688 (0.00%)
[11 Dec 2019 23:20:53-xeZ][asyncio] Inputs: 1; Threads: 1
[11 Dec 2019 23:20:53-xeZ][seq] Parsing sequence file metagenomics/kmer-counts-jellyfish/11/ERR1713337.kmer.gz
[11 Dec 2019 23:20:54-xeZ][seq] Loaded 1,885,841 reads and 0 reads pairs (file: metagenomics/kmer-counts-jellyfish/11/ERR1713337.kmer.gz)
[11 Dec 2019 23:20:54-xeZ][hasht] buckets: 65,536 [2^16]; bucket size: 33; 
[11 Dec 2019 23:20:54-xeZ][hasht] memory: 16.6MB; filled: 1,885,841 / 2,162,688 (87.20%)
[11 Dec 2019 23:20:54-xeZ][hasht]  collisions  0: 1834891
[11 Dec 2019 23:20:54-xeZ][hasht]  collisions  1: 42659
[11 Dec 2019 23:20:54-xeZ][hasht]  collisions  2: 6546
[11 Dec 2019 23:20:54-xeZ][hasht]  collisions  3: 1356
[11 Dec 2019 23:20:54-xeZ][hasht]  collisions  4: 310
[11 Dec 2019 23:20:54-xeZ][hasht]  collisions  5: 61
[11 Dec 2019 23:20:54-xeZ][hasht]  collisions  6: 16
[11 Dec 2019 23:20:54-xeZ][hasht]  collisions  7: 2
[11 Dec 2019 23:20:54-xeZ][task] input: metagenomics/kmer-counts-jellyfish/11/ERR1713337.kmer.gz colour: 0
[11 Dec 2019 23:20:54-xeZ]  SE reads: 1,885,841  PE reads: 0
[11 Dec 2019 23:20:54-xeZ]  good reads: 1,885,841  bad reads: 0
[11 Dec 2019 23:20:54-xeZ]  dup SE reads: 0  dup PE pairs: 0
[11 Dec 2019 23:20:54-xeZ]  bases read: 20,744,251  bases loaded: 20,744,251
[11 Dec 2019 23:20:54-xeZ]  num contigs: 1,885,841  num kmers: 1,885,841 novel kmers: 1,885,841
[11 Dec 2019 23:20:54-xeZ] Dumping graph...
[11 Dec 2019 23:20:54-xeZ][graphwriter] Saving file to: metagenomics/bigsi/11/mccortex.ERR1713337.ctx
[11 Dec 2019 23:20:54-xeZ][FileFilter] Writing graph  [1 src colour]
[11 Dec 2019 23:20:54-xeZ][graphwriter] Dumped 1,885,841 kmers in 1 colour into: metagenomics/bigsi/11/mccortex.ERR1713337.ctx (ver: 6)
[11 Dec 2019 23:20:54-xeZ][memory] We made 19 allocs
[11 Dec 2019 23:20:54-xeZ] Done.
[11 Dec 2019 23:20:54-xeZ][time] 1.00 seconds
	Command being timed: "mccortex 11 build --nkmers 2100000 --threads 1 --kmer 11 --mem 10G --sample ERR1713337 --seq metagenomics/kmer-counts-jellyfish/11/ERR1713337.kmer.gz metagenomics/bigsi/11/mccortex.ERR1713337.ctx"
	User time (seconds): 2.49
	System time (seconds): 0.41
	Percent of CPU this job got: 178%
	Elapsed (wall clock) time (h:mm:ss or m:ss): 0:01.62
	Average shared text size (kbytes): 0
	Average unshared data size (kbytes): 0
	Average stack size (kbytes): 0
	Average total size (kbytes): 0
	Maximum resident set size (kbytes): 34620
	Average resident set size (kbytes): 0
	Major (requiring I/O) page faults: 0
	Minor (reclaiming a frame) page faults: 18760
	Voluntary context switches: 8845
	Involuntary context switches: 52
	Swaps: 0
	File system inputs: 13856
	File system outputs: 47896
	Socket messages sent: 0
	Socket messages received: 0
	Signals delivered: 0
	Page size (bytes): 4096
	Exit status: 0
