[11 Dec 2019 23:21:23-TiX][cmd] /home/CSCScience.ca/apetkau/miniconda3/envs/bigsi_mccortex/bin/mccortex31 build --nkmers 2100000 --threads 1 --kmer 11 --mem 10G --sample ERR1713352 --seq metagenomics/kmer-counts-jellyfish/11/ERR1713352.kmer.gz metagenomics/bigsi/11/mccortex.ERR1713352.ctx
[11 Dec 2019 23:21:23-TiX][cwd] /home/CSCScience.ca/apetkau/workspace/comp7934-project
[11 Dec 2019 23:21:23-TiX][version] mccortex=v0.0.3-610-g400c0e3 zlib=1.2.11 htslib=1.8-17-g699ed53 ASSERTS=ON hash=Lookup3 CHECKS=ON k=3..31
[11 Dec 2019 23:21:23-TiX] Saving graph to: metagenomics/bigsi/11/mccortex.ERR1713352.ctx
[11 Dec 2019 23:21:23-TiX][sample] 0: ERR1713352
[11 Dec 2019 23:21:23-TiX][task] metagenomics/kmer-counts-jellyfish/11/ERR1713352.kmer.gz; FASTQ offset: auto-detect, threshold: off; cut homopolymers: off; remove PCR duplicates: no; colour: 0
[11 Dec 2019 23:21:23-TiX][memory] 104 bits per kmer
[11 Dec 2019 23:21:23-TiX] Note: Using less memory than requested (26.9MB < 10GB); allows for 2,162,688 kmers
[11 Dec 2019 23:21:23-TiX][memory] graph: 26.9MB
[11 Dec 2019 23:21:23-TiX][memory] total: 26.9MB of 62.6GB RAM
[11 Dec 2019 23:21:23-TiX] Writing 1 colour graph to metagenomics/bigsi/11/mccortex.ERR1713352.ctx
[11 Dec 2019 23:21:23-TiX][hasht] Allocating table with 2,162,688 entries, using 16.6MB
[11 Dec 2019 23:21:23-TiX][hasht]  number of buckets: 65,536, bucket size: 33
[11 Dec 2019 23:21:23-TiX][graph] kmer-size: 11; colours: 1; capacity: 2,162,688
[11 Dec 2019 23:21:23-TiX][hasht] buckets: 65,536 [2^16]; bucket size: 33; 
[11 Dec 2019 23:21:23-TiX][hasht] memory: 16.6MB; filled: 0 / 2,162,688 (0.00%)
[11 Dec 2019 23:21:23-TiX][asyncio] Inputs: 1; Threads: 1
[11 Dec 2019 23:21:23-TiX][seq] Parsing sequence file metagenomics/kmer-counts-jellyfish/11/ERR1713352.kmer.gz
[11 Dec 2019 23:21:24-TiX][seq] Loaded 1,776,724 reads and 0 reads pairs (file: metagenomics/kmer-counts-jellyfish/11/ERR1713352.kmer.gz)
[11 Dec 2019 23:21:24-TiX][hasht] buckets: 65,536 [2^16]; bucket size: 33; 
[11 Dec 2019 23:21:24-TiX][hasht] memory: 16.6MB; filled: 1,776,724 / 2,162,688 (82.15%)
[11 Dec 2019 23:21:24-TiX][hasht]  collisions  0: 1750834
[11 Dec 2019 23:21:24-TiX][hasht]  collisions  1: 23401
[11 Dec 2019 23:21:24-TiX][hasht]  collisions  2: 2170
[11 Dec 2019 23:21:24-TiX][hasht]  collisions  3: 276
[11 Dec 2019 23:21:24-TiX][hasht]  collisions  4: 34
[11 Dec 2019 23:21:24-TiX][hasht]  collisions  5: 8
[11 Dec 2019 23:21:24-TiX][hasht]  collisions  7: 1
[11 Dec 2019 23:21:24-TiX][task] input: metagenomics/kmer-counts-jellyfish/11/ERR1713352.kmer.gz colour: 0
[11 Dec 2019 23:21:24-TiX]  SE reads: 1,776,724  PE reads: 0
[11 Dec 2019 23:21:24-TiX]  good reads: 1,776,724  bad reads: 0
[11 Dec 2019 23:21:24-TiX]  dup SE reads: 0  dup PE pairs: 0
[11 Dec 2019 23:21:24-TiX]  bases read: 19,543,964  bases loaded: 19,543,964
[11 Dec 2019 23:21:24-TiX]  num contigs: 1,776,724  num kmers: 1,776,724 novel kmers: 1,776,724
[11 Dec 2019 23:21:24-TiX] Dumping graph...
[11 Dec 2019 23:21:24-TiX][graphwriter] Saving file to: metagenomics/bigsi/11/mccortex.ERR1713352.ctx
[11 Dec 2019 23:21:24-TiX][FileFilter] Writing graph  [1 src colour]
[11 Dec 2019 23:21:24-TiX][graphwriter] Dumped 1,776,724 kmers in 1 colour into: metagenomics/bigsi/11/mccortex.ERR1713352.ctx (ver: 6)
[11 Dec 2019 23:21:24-TiX][memory] We made 19 allocs
[11 Dec 2019 23:21:24-TiX] Done.
[11 Dec 2019 23:21:24-TiX][time] 1.00 seconds
	Command being timed: "mccortex 11 build --nkmers 2100000 --threads 1 --kmer 11 --mem 10G --sample ERR1713352 --seq metagenomics/kmer-counts-jellyfish/11/ERR1713352.kmer.gz metagenomics/bigsi/11/mccortex.ERR1713352.ctx"
	User time (seconds): 2.54
	System time (seconds): 0.49
	Percent of CPU this job got: 161%
	Elapsed (wall clock) time (h:mm:ss or m:ss): 0:01.88
	Average shared text size (kbytes): 0
	Average unshared data size (kbytes): 0
	Average stack size (kbytes): 0
	Average total size (kbytes): 0
	Maximum resident set size (kbytes): 34564
	Average resident set size (kbytes): 0
	Major (requiring I/O) page faults: 0
	Minor (reclaiming a frame) page faults: 18763
	Voluntary context switches: 14650
	Involuntary context switches: 16099
	Swaps: 0
	File system inputs: 13080
	File system outputs: 45128
	Socket messages sent: 0
	Socket messages received: 0
	Signals delivered: 0
	Page size (bytes): 4096
	Exit status: 0
