[11 Dec 2019 23:20:53-MeK][cmd] /home/CSCScience.ca/apetkau/miniconda3/envs/bigsi_mccortex/bin/mccortex31 build --nkmers 2100000 --threads 1 --kmer 11 --mem 10G --sample ERR1713334 --seq metagenomics/kmer-counts-jellyfish/11/ERR1713334.kmer.gz metagenomics/bigsi/11/mccortex.ERR1713334.ctx
[11 Dec 2019 23:20:53-MeK][cwd] /home/CSCScience.ca/apetkau/workspace/comp7934-project
[11 Dec 2019 23:20:53-MeK][version] mccortex=v0.0.3-610-g400c0e3 zlib=1.2.11 htslib=1.8-17-g699ed53 ASSERTS=ON hash=Lookup3 CHECKS=ON k=3..31
[11 Dec 2019 23:20:53-MeK] Saving graph to: metagenomics/bigsi/11/mccortex.ERR1713334.ctx
[11 Dec 2019 23:20:53-MeK][sample] 0: ERR1713334
[11 Dec 2019 23:20:53-MeK][task] metagenomics/kmer-counts-jellyfish/11/ERR1713334.kmer.gz; FASTQ offset: auto-detect, threshold: off; cut homopolymers: off; remove PCR duplicates: no; colour: 0
[11 Dec 2019 23:20:53-MeK][memory] 104 bits per kmer
[11 Dec 2019 23:20:53-MeK] Note: Using less memory than requested (26.9MB < 10GB); allows for 2,162,688 kmers
[11 Dec 2019 23:20:53-MeK][memory] graph: 26.9MB
[11 Dec 2019 23:20:53-MeK][memory] total: 26.9MB of 62.6GB RAM
[11 Dec 2019 23:20:53-MeK] Writing 1 colour graph to metagenomics/bigsi/11/mccortex.ERR1713334.ctx
[11 Dec 2019 23:20:53-MeK][hasht] Allocating table with 2,162,688 entries, using 16.6MB
[11 Dec 2019 23:20:53-MeK][hasht]  number of buckets: 65,536, bucket size: 33
[11 Dec 2019 23:20:53-MeK][graph] kmer-size: 11; colours: 1; capacity: 2,162,688
[11 Dec 2019 23:20:53-MeK][hasht] buckets: 65,536 [2^16]; bucket size: 33; 
[11 Dec 2019 23:20:53-MeK][hasht] memory: 16.6MB; filled: 0 / 2,162,688 (0.00%)
[11 Dec 2019 23:20:53-MeK][asyncio] Inputs: 1; Threads: 1
[11 Dec 2019 23:20:53-MeK][seq] Parsing sequence file metagenomics/kmer-counts-jellyfish/11/ERR1713334.kmer.gz
[11 Dec 2019 23:20:54-MeK][seq] Loaded 1,863,928 reads and 0 reads pairs (file: metagenomics/kmer-counts-jellyfish/11/ERR1713334.kmer.gz)
[11 Dec 2019 23:20:54-MeK][hasht] buckets: 65,536 [2^16]; bucket size: 33; 
[11 Dec 2019 23:20:54-MeK][hasht] memory: 16.6MB; filled: 1,863,928 / 2,162,688 (86.19%)
[11 Dec 2019 23:20:54-MeK][hasht]  collisions  0: 1818764
[11 Dec 2019 23:20:54-MeK][hasht]  collisions  1: 38510
[11 Dec 2019 23:20:54-MeK][hasht]  collisions  2: 5462
[11 Dec 2019 23:20:54-MeK][hasht]  collisions  3: 950
[11 Dec 2019 23:20:54-MeK][hasht]  collisions  4: 193
[11 Dec 2019 23:20:54-MeK][hasht]  collisions  5: 40
[11 Dec 2019 23:20:54-MeK][hasht]  collisions  6: 4
[11 Dec 2019 23:20:54-MeK][hasht]  collisions  7: 4
[11 Dec 2019 23:20:54-MeK][hasht]  collisions  8: 1
[11 Dec 2019 23:20:54-MeK][task] input: metagenomics/kmer-counts-jellyfish/11/ERR1713334.kmer.gz colour: 0
[11 Dec 2019 23:20:54-MeK]  SE reads: 1,863,928  PE reads: 0
[11 Dec 2019 23:20:54-MeK]  good reads: 1,863,928  bad reads: 0
[11 Dec 2019 23:20:54-MeK]  dup SE reads: 0  dup PE pairs: 0
[11 Dec 2019 23:20:54-MeK]  bases read: 20,503,208  bases loaded: 20,503,208
[11 Dec 2019 23:20:54-MeK]  num contigs: 1,863,928  num kmers: 1,863,928 novel kmers: 1,863,928
[11 Dec 2019 23:20:54-MeK] Dumping graph...
[11 Dec 2019 23:20:54-MeK][graphwriter] Saving file to: metagenomics/bigsi/11/mccortex.ERR1713334.ctx
[11 Dec 2019 23:20:54-MeK][FileFilter] Writing graph  [1 src colour]
[11 Dec 2019 23:20:54-MeK][graphwriter] Dumped 1,863,928 kmers in 1 colour into: metagenomics/bigsi/11/mccortex.ERR1713334.ctx (ver: 6)
[11 Dec 2019 23:20:54-MeK][memory] We made 19 allocs
[11 Dec 2019 23:20:54-MeK] Done.
[11 Dec 2019 23:20:54-MeK][time] 1.00 seconds
	Command being timed: "mccortex 11 build --nkmers 2100000 --threads 1 --kmer 11 --mem 10G --sample ERR1713334 --seq metagenomics/kmer-counts-jellyfish/11/ERR1713334.kmer.gz metagenomics/bigsi/11/mccortex.ERR1713334.ctx"
	User time (seconds): 2.50
	System time (seconds): 0.41
	Percent of CPU this job got: 179%
	Elapsed (wall clock) time (h:mm:ss or m:ss): 0:01.63
	Average shared text size (kbytes): 0
	Average unshared data size (kbytes): 0
	Average stack size (kbytes): 0
	Average total size (kbytes): 0
	Maximum resident set size (kbytes): 34756
	Average resident set size (kbytes): 0
	Major (requiring I/O) page faults: 0
	Minor (reclaiming a frame) page faults: 18756
	Voluntary context switches: 8124
	Involuntary context switches: 155
	Swaps: 0
	File system inputs: 13728
	File system outputs: 47336
	Socket messages sent: 0
	Socket messages received: 0
	Signals delivered: 0
	Page size (bytes): 4096
	Exit status: 0
