[11 Dec 2019 23:22:18-JiK][cmd] /home/CSCScience.ca/apetkau/miniconda3/envs/bigsi_mccortex/bin/mccortex31 build --nkmers 2100000 --threads 1 --kmer 11 --mem 10G --sample ERR1713373 --seq metagenomics/kmer-counts-jellyfish/11/ERR1713373.kmer.gz metagenomics/bigsi/11/mccortex.ERR1713373.ctx
[11 Dec 2019 23:22:18-JiK][cwd] /home/CSCScience.ca/apetkau/workspace/comp7934-project
[11 Dec 2019 23:22:18-JiK][version] mccortex=v0.0.3-610-g400c0e3 zlib=1.2.11 htslib=1.8-17-g699ed53 ASSERTS=ON hash=Lookup3 CHECKS=ON k=3..31
[11 Dec 2019 23:22:18-JiK] Saving graph to: metagenomics/bigsi/11/mccortex.ERR1713373.ctx
[11 Dec 2019 23:22:18-JiK][sample] 0: ERR1713373
[11 Dec 2019 23:22:18-JiK][task] metagenomics/kmer-counts-jellyfish/11/ERR1713373.kmer.gz; FASTQ offset: auto-detect, threshold: off; cut homopolymers: off; remove PCR duplicates: no; colour: 0
[11 Dec 2019 23:22:18-JiK][memory] 104 bits per kmer
[11 Dec 2019 23:22:18-JiK] Note: Using less memory than requested (26.9MB < 10GB); allows for 2,162,688 kmers
[11 Dec 2019 23:22:18-JiK][memory] graph: 26.9MB
[11 Dec 2019 23:22:18-JiK][memory] total: 26.9MB of 62.6GB RAM
[11 Dec 2019 23:22:18-JiK] Writing 1 colour graph to metagenomics/bigsi/11/mccortex.ERR1713373.ctx
[11 Dec 2019 23:22:18-JiK][hasht] Allocating table with 2,162,688 entries, using 16.6MB
[11 Dec 2019 23:22:18-JiK][hasht]  number of buckets: 65,536, bucket size: 33
[11 Dec 2019 23:22:18-JiK][graph] kmer-size: 11; colours: 1; capacity: 2,162,688
[11 Dec 2019 23:22:18-JiK][hasht] buckets: 65,536 [2^16]; bucket size: 33; 
[11 Dec 2019 23:22:18-JiK][hasht] memory: 16.6MB; filled: 0 / 2,162,688 (0.00%)
[11 Dec 2019 23:22:18-JiK][asyncio] Inputs: 1; Threads: 1
[11 Dec 2019 23:22:18-JiK][seq] Parsing sequence file metagenomics/kmer-counts-jellyfish/11/ERR1713373.kmer.gz
[11 Dec 2019 23:22:19-JiK][seq] Loaded 1,856,016 reads and 0 reads pairs (file: metagenomics/kmer-counts-jellyfish/11/ERR1713373.kmer.gz)
[11 Dec 2019 23:22:19-JiK][hasht] buckets: 65,536 [2^16]; bucket size: 33; 
[11 Dec 2019 23:22:19-JiK][hasht] memory: 16.6MB; filled: 1,856,016 / 2,162,688 (85.82%)
[11 Dec 2019 23:22:19-JiK][hasht]  collisions  0: 1813193
[11 Dec 2019 23:22:19-JiK][hasht]  collisions  1: 36808
[11 Dec 2019 23:22:19-JiK][hasht]  collisions  2: 4927
[11 Dec 2019 23:22:19-JiK][hasht]  collisions  3: 880
[11 Dec 2019 23:22:19-JiK][hasht]  collisions  4: 152
[11 Dec 2019 23:22:19-JiK][hasht]  collisions  5: 45
[11 Dec 2019 23:22:19-JiK][hasht]  collisions  6: 8
[11 Dec 2019 23:22:19-JiK][hasht]  collisions  7: 3
[11 Dec 2019 23:22:19-JiK][task] input: metagenomics/kmer-counts-jellyfish/11/ERR1713373.kmer.gz colour: 0
[11 Dec 2019 23:22:19-JiK]  SE reads: 1,856,016  PE reads: 0
[11 Dec 2019 23:22:19-JiK]  good reads: 1,856,016  bad reads: 0
[11 Dec 2019 23:22:19-JiK]  dup SE reads: 0  dup PE pairs: 0
[11 Dec 2019 23:22:19-JiK]  bases read: 20,416,176  bases loaded: 20,416,176
[11 Dec 2019 23:22:19-JiK]  num contigs: 1,856,016  num kmers: 1,856,016 novel kmers: 1,856,016
[11 Dec 2019 23:22:19-JiK] Dumping graph...
[11 Dec 2019 23:22:19-JiK][graphwriter] Saving file to: metagenomics/bigsi/11/mccortex.ERR1713373.ctx
[11 Dec 2019 23:22:19-JiK][FileFilter] Writing graph  [1 src colour]
[11 Dec 2019 23:22:20-JiK][graphwriter] Dumped 1,856,016 kmers in 1 colour into: metagenomics/bigsi/11/mccortex.ERR1713373.ctx (ver: 6)
[11 Dec 2019 23:22:20-JiK][memory] We made 19 allocs
[11 Dec 2019 23:22:20-JiK] Done.
[11 Dec 2019 23:22:20-JiK][time] 2.00 seconds
	Command being timed: "mccortex 11 build --nkmers 2100000 --threads 1 --kmer 11 --mem 10G --sample ERR1713373 --seq metagenomics/kmer-counts-jellyfish/11/ERR1713373.kmer.gz metagenomics/bigsi/11/mccortex.ERR1713373.ctx"
	User time (seconds): 2.64
	System time (seconds): 0.40
	Percent of CPU this job got: 177%
	Elapsed (wall clock) time (h:mm:ss or m:ss): 0:01.72
	Average shared text size (kbytes): 0
	Average unshared data size (kbytes): 0
	Average stack size (kbytes): 0
	Average total size (kbytes): 0
	Maximum resident set size (kbytes): 34504
	Average resident set size (kbytes): 0
	Major (requiring I/O) page faults: 0
	Minor (reclaiming a frame) page faults: 18755
	Voluntary context switches: 9574
	Involuntary context switches: 58
	Swaps: 0
	File system inputs: 13648
	File system outputs: 47144
	Socket messages sent: 0
	Socket messages received: 0
	Signals delivered: 0
	Page size (bytes): 4096
	Exit status: 0
