[11 Dec 2019 23:21:21-yOb][cmd] /home/CSCScience.ca/apetkau/miniconda3/envs/bigsi_mccortex/bin/mccortex31 build --nkmers 2100000 --threads 1 --kmer 11 --mem 10G --sample ERR1713344 --seq metagenomics/kmer-counts-jellyfish/11/ERR1713344.kmer.gz metagenomics/bigsi/11/mccortex.ERR1713344.ctx
[11 Dec 2019 23:21:21-yOb][cwd] /home/CSCScience.ca/apetkau/workspace/comp7934-project
[11 Dec 2019 23:21:21-yOb][version] mccortex=v0.0.3-610-g400c0e3 zlib=1.2.11 htslib=1.8-17-g699ed53 ASSERTS=ON hash=Lookup3 CHECKS=ON k=3..31
[11 Dec 2019 23:21:21-yOb] Saving graph to: metagenomics/bigsi/11/mccortex.ERR1713344.ctx
[11 Dec 2019 23:21:21-yOb][sample] 0: ERR1713344
[11 Dec 2019 23:21:21-yOb][task] metagenomics/kmer-counts-jellyfish/11/ERR1713344.kmer.gz; FASTQ offset: auto-detect, threshold: off; cut homopolymers: off; remove PCR duplicates: no; colour: 0
[11 Dec 2019 23:21:21-yOb][memory] 104 bits per kmer
[11 Dec 2019 23:21:21-yOb] Note: Using less memory than requested (26.9MB < 10GB); allows for 2,162,688 kmers
[11 Dec 2019 23:21:21-yOb][memory] graph: 26.9MB
[11 Dec 2019 23:21:21-yOb][memory] total: 26.9MB of 62.6GB RAM
[11 Dec 2019 23:21:21-yOb] Writing 1 colour graph to metagenomics/bigsi/11/mccortex.ERR1713344.ctx
[11 Dec 2019 23:21:21-yOb][hasht] Allocating table with 2,162,688 entries, using 16.6MB
[11 Dec 2019 23:21:21-yOb][hasht]  number of buckets: 65,536, bucket size: 33
[11 Dec 2019 23:21:21-yOb][graph] kmer-size: 11; colours: 1; capacity: 2,162,688
[11 Dec 2019 23:21:21-yOb][hasht] buckets: 65,536 [2^16]; bucket size: 33; 
[11 Dec 2019 23:21:21-yOb][hasht] memory: 16.6MB; filled: 0 / 2,162,688 (0.00%)
[11 Dec 2019 23:21:21-yOb][asyncio] Inputs: 1; Threads: 1
[11 Dec 2019 23:21:21-yOb][seq] Parsing sequence file metagenomics/kmer-counts-jellyfish/11/ERR1713344.kmer.gz
[11 Dec 2019 23:21:23-yOb][seq] Loaded 1,835,299 reads and 0 reads pairs (file: metagenomics/kmer-counts-jellyfish/11/ERR1713344.kmer.gz)
[11 Dec 2019 23:21:23-yOb][hasht] buckets: 65,536 [2^16]; bucket size: 33; 
[11 Dec 2019 23:21:23-yOb][hasht] memory: 16.6MB; filled: 1,835,299 / 2,162,688 (84.86%)
[11 Dec 2019 23:21:23-yOb][hasht]  collisions  0: 1797424
[11 Dec 2019 23:21:23-yOb][hasht]  collisions  1: 33139
[11 Dec 2019 23:21:23-yOb][hasht]  collisions  2: 3973
[11 Dec 2019 23:21:23-yOb][hasht]  collisions  3: 634
[11 Dec 2019 23:21:23-yOb][hasht]  collisions  4: 101
[11 Dec 2019 23:21:23-yOb][hasht]  collisions  5: 23
[11 Dec 2019 23:21:23-yOb][hasht]  collisions  6: 4
[11 Dec 2019 23:21:23-yOb][hasht]  collisions  8: 1
[11 Dec 2019 23:21:23-yOb][task] input: metagenomics/kmer-counts-jellyfish/11/ERR1713344.kmer.gz colour: 0
[11 Dec 2019 23:21:23-yOb]  SE reads: 1,835,299  PE reads: 0
[11 Dec 2019 23:21:23-yOb]  good reads: 1,835,299  bad reads: 0
[11 Dec 2019 23:21:23-yOb]  dup SE reads: 0  dup PE pairs: 0
[11 Dec 2019 23:21:23-yOb]  bases read: 20,188,289  bases loaded: 20,188,289
[11 Dec 2019 23:21:23-yOb]  num contigs: 1,835,299  num kmers: 1,835,299 novel kmers: 1,835,299
[11 Dec 2019 23:21:23-yOb] Dumping graph...
[11 Dec 2019 23:21:23-yOb][graphwriter] Saving file to: metagenomics/bigsi/11/mccortex.ERR1713344.ctx
[11 Dec 2019 23:21:23-yOb][FileFilter] Writing graph  [1 src colour]
[11 Dec 2019 23:21:23-yOb][graphwriter] Dumped 1,835,299 kmers in 1 colour into: metagenomics/bigsi/11/mccortex.ERR1713344.ctx (ver: 6)
[11 Dec 2019 23:21:23-yOb][memory] We made 19 allocs
[11 Dec 2019 23:21:23-yOb] Done.
[11 Dec 2019 23:21:23-yOb][time] 2.00 seconds
	Command being timed: "mccortex 11 build --nkmers 2100000 --threads 1 --kmer 11 --mem 10G --sample ERR1713344 --seq metagenomics/kmer-counts-jellyfish/11/ERR1713344.kmer.gz metagenomics/bigsi/11/mccortex.ERR1713344.ctx"
	User time (seconds): 2.50
	System time (seconds): 0.36
	Percent of CPU this job got: 165%
	Elapsed (wall clock) time (h:mm:ss or m:ss): 0:01.73
	Average shared text size (kbytes): 0
	Average unshared data size (kbytes): 0
	Average stack size (kbytes): 0
	Average total size (kbytes): 0
	Maximum resident set size (kbytes): 34632
	Average resident set size (kbytes): 0
	Major (requiring I/O) page faults: 0
	Minor (reclaiming a frame) page faults: 18755
	Voluntary context switches: 10171
	Involuntary context switches: 9931
	Swaps: 0
	File system inputs: 13504
	File system outputs: 46608
	Socket messages sent: 0
	Socket messages received: 0
	Signals delivered: 0
	Page size (bytes): 4096
	Exit status: 0
