[11 Dec 2019 23:21:50-KAy][cmd] /home/CSCScience.ca/apetkau/miniconda3/envs/bigsi_mccortex/bin/mccortex31 build --nkmers 2100000 --threads 1 --kmer 11 --mem 10G --sample ERR1713358 --seq metagenomics/kmer-counts-jellyfish/11/ERR1713358.kmer.gz metagenomics/bigsi/11/mccortex.ERR1713358.ctx
[11 Dec 2019 23:21:50-KAy][cwd] /home/CSCScience.ca/apetkau/workspace/comp7934-project
[11 Dec 2019 23:21:50-KAy][version] mccortex=v0.0.3-610-g400c0e3 zlib=1.2.11 htslib=1.8-17-g699ed53 ASSERTS=ON hash=Lookup3 CHECKS=ON k=3..31
[11 Dec 2019 23:21:50-KAy] Saving graph to: metagenomics/bigsi/11/mccortex.ERR1713358.ctx
[11 Dec 2019 23:21:50-KAy][sample] 0: ERR1713358
[11 Dec 2019 23:21:50-KAy][task] metagenomics/kmer-counts-jellyfish/11/ERR1713358.kmer.gz; FASTQ offset: auto-detect, threshold: off; cut homopolymers: off; remove PCR duplicates: no; colour: 0
[11 Dec 2019 23:21:50-KAy][memory] 104 bits per kmer
[11 Dec 2019 23:21:50-KAy] Note: Using less memory than requested (26.9MB < 10GB); allows for 2,162,688 kmers
[11 Dec 2019 23:21:50-KAy][memory] graph: 26.9MB
[11 Dec 2019 23:21:50-KAy][memory] total: 26.9MB of 62.6GB RAM
[11 Dec 2019 23:21:50-KAy] Writing 1 colour graph to metagenomics/bigsi/11/mccortex.ERR1713358.ctx
[11 Dec 2019 23:21:50-KAy][hasht] Allocating table with 2,162,688 entries, using 16.6MB
[11 Dec 2019 23:21:50-KAy][hasht]  number of buckets: 65,536, bucket size: 33
[11 Dec 2019 23:21:50-KAy][graph] kmer-size: 11; colours: 1; capacity: 2,162,688
[11 Dec 2019 23:21:50-KAy][hasht] buckets: 65,536 [2^16]; bucket size: 33; 
[11 Dec 2019 23:21:50-KAy][hasht] memory: 16.6MB; filled: 0 / 2,162,688 (0.00%)
[11 Dec 2019 23:21:50-KAy][asyncio] Inputs: 1; Threads: 1
[11 Dec 2019 23:21:50-KAy][seq] Parsing sequence file metagenomics/kmer-counts-jellyfish/11/ERR1713358.kmer.gz
[11 Dec 2019 23:21:51-KAy][seq] Loaded 1,822,128 reads and 0 reads pairs (file: metagenomics/kmer-counts-jellyfish/11/ERR1713358.kmer.gz)
[11 Dec 2019 23:21:51-KAy][hasht] buckets: 65,536 [2^16]; bucket size: 33; 
[11 Dec 2019 23:21:51-KAy][hasht] memory: 16.6MB; filled: 1,822,128 / 2,162,688 (84.25%)
[11 Dec 2019 23:21:51-KAy][hasht]  collisions  0: 1786665
[11 Dec 2019 23:21:51-KAy][hasht]  collisions  1: 31271
[11 Dec 2019 23:21:51-KAy][hasht]  collisions  2: 3555
[11 Dec 2019 23:21:51-KAy][hasht]  collisions  3: 538
[11 Dec 2019 23:21:51-KAy][hasht]  collisions  4: 82
[11 Dec 2019 23:21:51-KAy][hasht]  collisions  5: 14
[11 Dec 2019 23:21:51-KAy][hasht]  collisions  6: 3
[11 Dec 2019 23:21:51-KAy][task] input: metagenomics/kmer-counts-jellyfish/11/ERR1713358.kmer.gz colour: 0
[11 Dec 2019 23:21:51-KAy]  SE reads: 1,822,128  PE reads: 0
[11 Dec 2019 23:21:51-KAy]  good reads: 1,822,128  bad reads: 0
[11 Dec 2019 23:21:51-KAy]  dup SE reads: 0  dup PE pairs: 0
[11 Dec 2019 23:21:51-KAy]  bases read: 20,043,408  bases loaded: 20,043,408
[11 Dec 2019 23:21:51-KAy]  num contigs: 1,822,128  num kmers: 1,822,128 novel kmers: 1,822,128
[11 Dec 2019 23:21:51-KAy] Dumping graph...
[11 Dec 2019 23:21:51-KAy][graphwriter] Saving file to: metagenomics/bigsi/11/mccortex.ERR1713358.ctx
[11 Dec 2019 23:21:51-KAy][FileFilter] Writing graph  [1 src colour]
[11 Dec 2019 23:21:51-KAy][graphwriter] Dumped 1,822,128 kmers in 1 colour into: metagenomics/bigsi/11/mccortex.ERR1713358.ctx (ver: 6)
[11 Dec 2019 23:21:51-KAy][memory] We made 19 allocs
[11 Dec 2019 23:21:51-KAy] Done.
[11 Dec 2019 23:21:51-KAy][time] 1.00 seconds
	Command being timed: "mccortex 11 build --nkmers 2100000 --threads 1 --kmer 11 --mem 10G --sample ERR1713358 --seq metagenomics/kmer-counts-jellyfish/11/ERR1713358.kmer.gz metagenomics/bigsi/11/mccortex.ERR1713358.ctx"
	User time (seconds): 2.46
	System time (seconds): 0.29
	Percent of CPU this job got: 164%
	Elapsed (wall clock) time (h:mm:ss or m:ss): 0:01.68
	Average shared text size (kbytes): 0
	Average unshared data size (kbytes): 0
	Average stack size (kbytes): 0
	Average total size (kbytes): 0
	Maximum resident set size (kbytes): 34444
	Average resident set size (kbytes): 0
	Major (requiring I/O) page faults: 0
	Minor (reclaiming a frame) page faults: 18752
	Voluntary context switches: 8941
	Involuntary context switches: 4734
	Swaps: 0
	File system inputs: 13400
	File system outputs: 46280
	Socket messages sent: 0
	Socket messages received: 0
	Signals delivered: 0
	Page size (bytes): 4096
	Exit status: 0
