[11 Dec 2019 23:22:45-zub][cmd] /home/CSCScience.ca/apetkau/miniconda3/envs/bigsi_mccortex/bin/mccortex31 build --nkmers 2100000 --threads 1 --kmer 11 --mem 10G --sample ERR1713379 --seq metagenomics/kmer-counts-jellyfish/11/ERR1713379.kmer.gz metagenomics/bigsi/11/mccortex.ERR1713379.ctx
[11 Dec 2019 23:22:45-zub][cwd] /home/CSCScience.ca/apetkau/workspace/comp7934-project
[11 Dec 2019 23:22:45-zub][version] mccortex=v0.0.3-610-g400c0e3 zlib=1.2.11 htslib=1.8-17-g699ed53 ASSERTS=ON hash=Lookup3 CHECKS=ON k=3..31
[11 Dec 2019 23:22:45-zub] Saving graph to: metagenomics/bigsi/11/mccortex.ERR1713379.ctx
[11 Dec 2019 23:22:45-zub][sample] 0: ERR1713379
[11 Dec 2019 23:22:45-zub][task] metagenomics/kmer-counts-jellyfish/11/ERR1713379.kmer.gz; FASTQ offset: auto-detect, threshold: off; cut homopolymers: off; remove PCR duplicates: no; colour: 0
[11 Dec 2019 23:22:45-zub][memory] 104 bits per kmer
[11 Dec 2019 23:22:45-zub] Note: Using less memory than requested (26.9MB < 10GB); allows for 2,162,688 kmers
[11 Dec 2019 23:22:45-zub][memory] graph: 26.9MB
[11 Dec 2019 23:22:45-zub][memory] total: 26.9MB of 62.6GB RAM
[11 Dec 2019 23:22:45-zub] Writing 1 colour graph to metagenomics/bigsi/11/mccortex.ERR1713379.ctx
[11 Dec 2019 23:22:45-zub][hasht] Allocating table with 2,162,688 entries, using 16.6MB
[11 Dec 2019 23:22:45-zub][hasht]  number of buckets: 65,536, bucket size: 33
[11 Dec 2019 23:22:45-zub][graph] kmer-size: 11; colours: 1; capacity: 2,162,688
[11 Dec 2019 23:22:45-zub][hasht] buckets: 65,536 [2^16]; bucket size: 33; 
[11 Dec 2019 23:22:45-zub][hasht] memory: 16.6MB; filled: 0 / 2,162,688 (0.00%)
[11 Dec 2019 23:22:45-zub][asyncio] Inputs: 1; Threads: 1
[11 Dec 2019 23:22:45-zub][seq] Parsing sequence file metagenomics/kmer-counts-jellyfish/11/ERR1713379.kmer.gz
[11 Dec 2019 23:22:48-zub][seq] Loaded 1,861,199 reads and 0 reads pairs (file: metagenomics/kmer-counts-jellyfish/11/ERR1713379.kmer.gz)
[11 Dec 2019 23:22:48-zub][hasht] buckets: 65,536 [2^16]; bucket size: 33; 
[11 Dec 2019 23:22:48-zub][hasht] memory: 16.6MB; filled: 1,861,199 / 2,162,688 (86.06%)
[11 Dec 2019 23:22:48-zub][hasht]  collisions  0: 1816798
[11 Dec 2019 23:22:48-zub][hasht]  collisions  1: 37953
[11 Dec 2019 23:22:48-zub][hasht]  collisions  2: 5240
[11 Dec 2019 23:22:48-zub][hasht]  collisions  3: 946
[11 Dec 2019 23:22:48-zub][hasht]  collisions  4: 215
[11 Dec 2019 23:22:48-zub][hasht]  collisions  5: 32
[11 Dec 2019 23:22:48-zub][hasht]  collisions  6: 14
[11 Dec 2019 23:22:48-zub][hasht]  collisions  7: 1
[11 Dec 2019 23:22:48-zub][task] input: metagenomics/kmer-counts-jellyfish/11/ERR1713379.kmer.gz colour: 0
[11 Dec 2019 23:22:48-zub]  SE reads: 1,861,199  PE reads: 0
[11 Dec 2019 23:22:48-zub]  good reads: 1,861,199  bad reads: 0
[11 Dec 2019 23:22:48-zub]  dup SE reads: 0  dup PE pairs: 0
[11 Dec 2019 23:22:48-zub]  bases read: 20,473,189  bases loaded: 20,473,189
[11 Dec 2019 23:22:48-zub]  num contigs: 1,861,199  num kmers: 1,861,199 novel kmers: 1,861,199
[11 Dec 2019 23:22:48-zub] Dumping graph...
[11 Dec 2019 23:22:48-zub][graphwriter] Saving file to: metagenomics/bigsi/11/mccortex.ERR1713379.ctx
[11 Dec 2019 23:22:48-zub][FileFilter] Writing graph  [1 src colour]
[11 Dec 2019 23:22:48-zub][graphwriter] Dumped 1,861,199 kmers in 1 colour into: metagenomics/bigsi/11/mccortex.ERR1713379.ctx (ver: 6)
[11 Dec 2019 23:22:48-zub][memory] We made 19 allocs
[11 Dec 2019 23:22:48-zub] Done.
[11 Dec 2019 23:22:48-zub][time] 3.00 seconds
	Command being timed: "mccortex 11 build --nkmers 2100000 --threads 1 --kmer 11 --mem 10G --sample ERR1713379 --seq metagenomics/kmer-counts-jellyfish/11/ERR1713379.kmer.gz metagenomics/bigsi/11/mccortex.ERR1713379.ctx"
	User time (seconds): 4.17
	System time (seconds): 0.27
	Percent of CPU this job got: 185%
	Elapsed (wall clock) time (h:mm:ss or m:ss): 0:02.39
	Average shared text size (kbytes): 0
	Average unshared data size (kbytes): 0
	Average stack size (kbytes): 0
	Average total size (kbytes): 0
	Maximum resident set size (kbytes): 34480
	Average resident set size (kbytes): 0
	Major (requiring I/O) page faults: 0
	Minor (reclaiming a frame) page faults: 18753
	Voluntary context switches: 5745
	Involuntary context switches: 36
	Swaps: 0
	File system inputs: 13688
	File system outputs: 47272
	Socket messages sent: 0
	Socket messages received: 0
	Signals delivered: 0
	Page size (bytes): 4096
	Exit status: 0
