[11 Dec 2019 23:23:18-ZuC][cmd] /home/CSCScience.ca/apetkau/miniconda3/envs/bigsi_mccortex/bin/mccortex31 build --nkmers 2100000 --threads 1 --kmer 11 --mem 10G --sample ERR1713403 --seq metagenomics/kmer-counts-jellyfish/11/ERR1713403.kmer.gz metagenomics/bigsi/11/mccortex.ERR1713403.ctx
[11 Dec 2019 23:23:18-ZuC][cwd] /home/CSCScience.ca/apetkau/workspace/comp7934-project
[11 Dec 2019 23:23:18-ZuC][version] mccortex=v0.0.3-610-g400c0e3 zlib=1.2.11 htslib=1.8-17-g699ed53 ASSERTS=ON hash=Lookup3 CHECKS=ON k=3..31
[11 Dec 2019 23:23:18-ZuC] Saving graph to: metagenomics/bigsi/11/mccortex.ERR1713403.ctx
[11 Dec 2019 23:23:18-ZuC][sample] 0: ERR1713403
[11 Dec 2019 23:23:18-ZuC][task] metagenomics/kmer-counts-jellyfish/11/ERR1713403.kmer.gz; FASTQ offset: auto-detect, threshold: off; cut homopolymers: off; remove PCR duplicates: no; colour: 0
[11 Dec 2019 23:23:18-ZuC][memory] 104 bits per kmer
[11 Dec 2019 23:23:18-ZuC] Note: Using less memory than requested (26.9MB < 10GB); allows for 2,162,688 kmers
[11 Dec 2019 23:23:18-ZuC][memory] graph: 26.9MB
[11 Dec 2019 23:23:18-ZuC][memory] total: 26.9MB of 62.6GB RAM
[11 Dec 2019 23:23:18-ZuC] Writing 1 colour graph to metagenomics/bigsi/11/mccortex.ERR1713403.ctx
[11 Dec 2019 23:23:18-ZuC][hasht] Allocating table with 2,162,688 entries, using 16.6MB
[11 Dec 2019 23:23:18-ZuC][hasht]  number of buckets: 65,536, bucket size: 33
[11 Dec 2019 23:23:18-ZuC][graph] kmer-size: 11; colours: 1; capacity: 2,162,688
[11 Dec 2019 23:23:18-ZuC][hasht] buckets: 65,536 [2^16]; bucket size: 33; 
[11 Dec 2019 23:23:18-ZuC][hasht] memory: 16.6MB; filled: 0 / 2,162,688 (0.00%)
[11 Dec 2019 23:23:18-ZuC][asyncio] Inputs: 1; Threads: 1
[11 Dec 2019 23:23:18-ZuC][seq] Parsing sequence file metagenomics/kmer-counts-jellyfish/11/ERR1713403.kmer.gz
[11 Dec 2019 23:23:21-ZuC][seq] Loaded 1,854,719 reads and 0 reads pairs (file: metagenomics/kmer-counts-jellyfish/11/ERR1713403.kmer.gz)
[11 Dec 2019 23:23:21-ZuC][hasht] buckets: 65,536 [2^16]; bucket size: 33; 
[11 Dec 2019 23:23:21-ZuC][hasht] memory: 16.6MB; filled: 1,854,719 / 2,162,688 (85.76%)
[11 Dec 2019 23:23:21-ZuC][hasht]  collisions  0: 1811645
[11 Dec 2019 23:23:21-ZuC][hasht]  collisions  1: 36981
[11 Dec 2019 23:23:21-ZuC][hasht]  collisions  2: 5060
[11 Dec 2019 23:23:21-ZuC][hasht]  collisions  3: 827
[11 Dec 2019 23:23:21-ZuC][hasht]  collisions  4: 155
[11 Dec 2019 23:23:21-ZuC][hasht]  collisions  5: 41
[11 Dec 2019 23:23:21-ZuC][hasht]  collisions  6: 7
[11 Dec 2019 23:23:21-ZuC][hasht]  collisions  7: 3
[11 Dec 2019 23:23:21-ZuC][task] input: metagenomics/kmer-counts-jellyfish/11/ERR1713403.kmer.gz colour: 0
[11 Dec 2019 23:23:21-ZuC]  SE reads: 1,854,719  PE reads: 0
[11 Dec 2019 23:23:21-ZuC]  good reads: 1,854,719  bad reads: 0
[11 Dec 2019 23:23:21-ZuC]  dup SE reads: 0  dup PE pairs: 0
[11 Dec 2019 23:23:21-ZuC]  bases read: 20,401,909  bases loaded: 20,401,909
[11 Dec 2019 23:23:21-ZuC]  num contigs: 1,854,719  num kmers: 1,854,719 novel kmers: 1,854,719
[11 Dec 2019 23:23:21-ZuC] Dumping graph...
[11 Dec 2019 23:23:21-ZuC][graphwriter] Saving file to: metagenomics/bigsi/11/mccortex.ERR1713403.ctx
[11 Dec 2019 23:23:21-ZuC][FileFilter] Writing graph  [1 src colour]
[11 Dec 2019 23:23:21-ZuC][graphwriter] Dumped 1,854,719 kmers in 1 colour into: metagenomics/bigsi/11/mccortex.ERR1713403.ctx (ver: 6)
[11 Dec 2019 23:23:21-ZuC][memory] We made 19 allocs
[11 Dec 2019 23:23:21-ZuC] Done.
[11 Dec 2019 23:23:21-ZuC][time] 3.00 seconds
	Command being timed: "mccortex 11 build --nkmers 2100000 --threads 1 --kmer 11 --mem 10G --sample ERR1713403 --seq metagenomics/kmer-counts-jellyfish/11/ERR1713403.kmer.gz metagenomics/bigsi/11/mccortex.ERR1713403.ctx"
	User time (seconds): 5.87
	System time (seconds): 0.35
	Percent of CPU this job got: 183%
	Elapsed (wall clock) time (h:mm:ss or m:ss): 0:03.39
	Average shared text size (kbytes): 0
	Average unshared data size (kbytes): 0
	Average stack size (kbytes): 0
	Average total size (kbytes): 0
	Maximum resident set size (kbytes): 34448
	Average resident set size (kbytes): 0
	Major (requiring I/O) page faults: 0
	Minor (reclaiming a frame) page faults: 26222
	Voluntary context switches: 11023
	Involuntary context switches: 634
	Swaps: 0
	File system inputs: 13640
	File system outputs: 47104
	Socket messages sent: 0
	Socket messages received: 0
	Signals delivered: 0
	Page size (bytes): 4096
	Exit status: 0
