[11 Dec 2019 23:22:19-Ven][cmd] /home/CSCScience.ca/apetkau/miniconda3/envs/bigsi_mccortex/bin/mccortex31 build --nkmers 2100000 --threads 1 --kmer 11 --mem 10G --sample ERR1713375 --seq metagenomics/kmer-counts-jellyfish/11/ERR1713375.kmer.gz metagenomics/bigsi/11/mccortex.ERR1713375.ctx
[11 Dec 2019 23:22:19-Ven][cwd] /home/CSCScience.ca/apetkau/workspace/comp7934-project
[11 Dec 2019 23:22:19-Ven][version] mccortex=v0.0.3-610-g400c0e3 zlib=1.2.11 htslib=1.8-17-g699ed53 ASSERTS=ON hash=Lookup3 CHECKS=ON k=3..31
[11 Dec 2019 23:22:19-Ven] Saving graph to: metagenomics/bigsi/11/mccortex.ERR1713375.ctx
[11 Dec 2019 23:22:19-Ven][sample] 0: ERR1713375
[11 Dec 2019 23:22:19-Ven][task] metagenomics/kmer-counts-jellyfish/11/ERR1713375.kmer.gz; FASTQ offset: auto-detect, threshold: off; cut homopolymers: off; remove PCR duplicates: no; colour: 0
[11 Dec 2019 23:22:19-Ven][memory] 104 bits per kmer
[11 Dec 2019 23:22:19-Ven] Note: Using less memory than requested (26.9MB < 10GB); allows for 2,162,688 kmers
[11 Dec 2019 23:22:19-Ven][memory] graph: 26.9MB
[11 Dec 2019 23:22:19-Ven][memory] total: 26.9MB of 62.6GB RAM
[11 Dec 2019 23:22:19-Ven] Writing 1 colour graph to metagenomics/bigsi/11/mccortex.ERR1713375.ctx
[11 Dec 2019 23:22:19-Ven][hasht] Allocating table with 2,162,688 entries, using 16.6MB
[11 Dec 2019 23:22:19-Ven][hasht]  number of buckets: 65,536, bucket size: 33
[11 Dec 2019 23:22:19-Ven][graph] kmer-size: 11; colours: 1; capacity: 2,162,688
[11 Dec 2019 23:22:19-Ven][hasht] buckets: 65,536 [2^16]; bucket size: 33; 
[11 Dec 2019 23:22:19-Ven][hasht] memory: 16.6MB; filled: 0 / 2,162,688 (0.00%)
[11 Dec 2019 23:22:19-Ven][asyncio] Inputs: 1; Threads: 1
[11 Dec 2019 23:22:19-Ven][seq] Parsing sequence file metagenomics/kmer-counts-jellyfish/11/ERR1713375.kmer.gz
[11 Dec 2019 23:22:21-Ven][seq] Loaded 1,842,514 reads and 0 reads pairs (file: metagenomics/kmer-counts-jellyfish/11/ERR1713375.kmer.gz)
[11 Dec 2019 23:22:21-Ven][hasht] buckets: 65,536 [2^16]; bucket size: 33; 
[11 Dec 2019 23:22:21-Ven][hasht] memory: 16.6MB; filled: 1,842,514 / 2,162,688 (85.20%)
[11 Dec 2019 23:22:21-Ven][hasht]  collisions  0: 1802648
[11 Dec 2019 23:22:21-Ven][hasht]  collisions  1: 34565
[11 Dec 2019 23:22:21-Ven][hasht]  collisions  2: 4407
[11 Dec 2019 23:22:21-Ven][hasht]  collisions  3: 737
[11 Dec 2019 23:22:21-Ven][hasht]  collisions  4: 125
[11 Dec 2019 23:22:21-Ven][hasht]  collisions  5: 25
[11 Dec 2019 23:22:21-Ven][hasht]  collisions  6: 6
[11 Dec 2019 23:22:21-Ven][hasht]  collisions  7: 1
[11 Dec 2019 23:22:21-Ven][task] input: metagenomics/kmer-counts-jellyfish/11/ERR1713375.kmer.gz colour: 0
[11 Dec 2019 23:22:21-Ven]  SE reads: 1,842,514  PE reads: 0
[11 Dec 2019 23:22:21-Ven]  good reads: 1,842,514  bad reads: 0
[11 Dec 2019 23:22:21-Ven]  dup SE reads: 0  dup PE pairs: 0
[11 Dec 2019 23:22:21-Ven]  bases read: 20,267,654  bases loaded: 20,267,654
[11 Dec 2019 23:22:21-Ven]  num contigs: 1,842,514  num kmers: 1,842,514 novel kmers: 1,842,514
[11 Dec 2019 23:22:21-Ven] Dumping graph...
[11 Dec 2019 23:22:21-Ven][graphwriter] Saving file to: metagenomics/bigsi/11/mccortex.ERR1713375.ctx
[11 Dec 2019 23:22:21-Ven][FileFilter] Writing graph  [1 src colour]
[11 Dec 2019 23:22:21-Ven][graphwriter] Dumped 1,842,514 kmers in 1 colour into: metagenomics/bigsi/11/mccortex.ERR1713375.ctx (ver: 6)
[11 Dec 2019 23:22:21-Ven][memory] We made 19 allocs
[11 Dec 2019 23:22:21-Ven] Done.
[11 Dec 2019 23:22:21-Ven][time] 2.00 seconds
	Command being timed: "mccortex 11 build --nkmers 2100000 --threads 1 --kmer 11 --mem 10G --sample ERR1713375 --seq metagenomics/kmer-counts-jellyfish/11/ERR1713375.kmer.gz metagenomics/bigsi/11/mccortex.ERR1713375.ctx"
	User time (seconds): 3.21
	System time (seconds): 0.35
	Percent of CPU this job got: 165%
	Elapsed (wall clock) time (h:mm:ss or m:ss): 0:02.14
	Average shared text size (kbytes): 0
	Average unshared data size (kbytes): 0
	Average stack size (kbytes): 0
	Average total size (kbytes): 0
	Maximum resident set size (kbytes): 34508
	Average resident set size (kbytes): 0
	Major (requiring I/O) page faults: 0
	Minor (reclaiming a frame) page faults: 18747
	Voluntary context switches: 15202
	Involuntary context switches: 12472
	Swaps: 0
	File system inputs: 13552
	File system outputs: 46792
	Socket messages sent: 0
	Socket messages received: 0
	Signals delivered: 0
	Page size (bytes): 4096
	Exit status: 0
