[11 Dec 2019 23:22:48-caM][cmd] /home/CSCScience.ca/apetkau/miniconda3/envs/bigsi_mccortex/bin/mccortex31 build --nkmers 2100000 --threads 1 --kmer 11 --mem 10G --sample ERR1713391 --seq metagenomics/kmer-counts-jellyfish/11/ERR1713391.kmer.gz metagenomics/bigsi/11/mccortex.ERR1713391.ctx
[11 Dec 2019 23:22:48-caM][cwd] /home/CSCScience.ca/apetkau/workspace/comp7934-project
[11 Dec 2019 23:22:48-caM][version] mccortex=v0.0.3-610-g400c0e3 zlib=1.2.11 htslib=1.8-17-g699ed53 ASSERTS=ON hash=Lookup3 CHECKS=ON k=3..31
[11 Dec 2019 23:22:48-caM] Saving graph to: metagenomics/bigsi/11/mccortex.ERR1713391.ctx
[11 Dec 2019 23:22:48-caM][sample] 0: ERR1713391
[11 Dec 2019 23:22:48-caM][task] metagenomics/kmer-counts-jellyfish/11/ERR1713391.kmer.gz; FASTQ offset: auto-detect, threshold: off; cut homopolymers: off; remove PCR duplicates: no; colour: 0
[11 Dec 2019 23:22:48-caM][memory] 104 bits per kmer
[11 Dec 2019 23:22:48-caM] Note: Using less memory than requested (26.9MB < 10GB); allows for 2,162,688 kmers
[11 Dec 2019 23:22:48-caM][memory] graph: 26.9MB
[11 Dec 2019 23:22:48-caM][memory] total: 26.9MB of 62.6GB RAM
[11 Dec 2019 23:22:48-caM] Writing 1 colour graph to metagenomics/bigsi/11/mccortex.ERR1713391.ctx
[11 Dec 2019 23:22:48-caM][hasht] Allocating table with 2,162,688 entries, using 16.6MB
[11 Dec 2019 23:22:48-caM][hasht]  number of buckets: 65,536, bucket size: 33
[11 Dec 2019 23:22:48-caM][graph] kmer-size: 11; colours: 1; capacity: 2,162,688
[11 Dec 2019 23:22:48-caM][hasht] buckets: 65,536 [2^16]; bucket size: 33; 
[11 Dec 2019 23:22:48-caM][hasht] memory: 16.6MB; filled: 0 / 2,162,688 (0.00%)
[11 Dec 2019 23:22:48-caM][asyncio] Inputs: 1; Threads: 1
[11 Dec 2019 23:22:48-caM][seq] Parsing sequence file metagenomics/kmer-counts-jellyfish/11/ERR1713391.kmer.gz
[11 Dec 2019 23:22:50-caM][seq] Loaded 1,857,546 reads and 0 reads pairs (file: metagenomics/kmer-counts-jellyfish/11/ERR1713391.kmer.gz)
[11 Dec 2019 23:22:50-caM][hasht] buckets: 65,536 [2^16]; bucket size: 33; 
[11 Dec 2019 23:22:50-caM][hasht] memory: 16.6MB; filled: 1,857,546 / 2,162,688 (85.89%)
[11 Dec 2019 23:22:50-caM][hasht]  collisions  0: 1814002
[11 Dec 2019 23:22:50-caM][hasht]  collisions  1: 37343
[11 Dec 2019 23:22:50-caM][hasht]  collisions  2: 5066
[11 Dec 2019 23:22:50-caM][hasht]  collisions  3: 895
[11 Dec 2019 23:22:50-caM][hasht]  collisions  4: 199
[11 Dec 2019 23:22:50-caM][hasht]  collisions  5: 31
[11 Dec 2019 23:22:50-caM][hasht]  collisions  6: 7
[11 Dec 2019 23:22:50-caM][hasht]  collisions  7: 3
[11 Dec 2019 23:22:50-caM][task] input: metagenomics/kmer-counts-jellyfish/11/ERR1713391.kmer.gz colour: 0
[11 Dec 2019 23:22:50-caM]  SE reads: 1,857,546  PE reads: 0
[11 Dec 2019 23:22:50-caM]  good reads: 1,857,546  bad reads: 0
[11 Dec 2019 23:22:50-caM]  dup SE reads: 0  dup PE pairs: 0
[11 Dec 2019 23:22:50-caM]  bases read: 20,433,006  bases loaded: 20,433,006
[11 Dec 2019 23:22:50-caM]  num contigs: 1,857,546  num kmers: 1,857,546 novel kmers: 1,857,546
[11 Dec 2019 23:22:50-caM] Dumping graph...
[11 Dec 2019 23:22:50-caM][graphwriter] Saving file to: metagenomics/bigsi/11/mccortex.ERR1713391.ctx
[11 Dec 2019 23:22:50-caM][FileFilter] Writing graph  [1 src colour]
[11 Dec 2019 23:22:50-caM][graphwriter] Dumped 1,857,546 kmers in 1 colour into: metagenomics/bigsi/11/mccortex.ERR1713391.ctx (ver: 6)
[11 Dec 2019 23:22:50-caM][memory] We made 19 allocs
[11 Dec 2019 23:22:50-caM] Done.
[11 Dec 2019 23:22:50-caM][time] 2.00 seconds
	Command being timed: "mccortex 11 build --nkmers 2100000 --threads 1 --kmer 11 --mem 10G --sample ERR1713391 --seq metagenomics/kmer-counts-jellyfish/11/ERR1713391.kmer.gz metagenomics/bigsi/11/mccortex.ERR1713391.ctx"
	User time (seconds): 2.37
	System time (seconds): 0.36
	Percent of CPU this job got: 171%
	Elapsed (wall clock) time (h:mm:ss or m:ss): 0:01.59
	Average shared text size (kbytes): 0
	Average unshared data size (kbytes): 0
	Average stack size (kbytes): 0
	Average total size (kbytes): 0
	Maximum resident set size (kbytes): 34504
	Average resident set size (kbytes): 0
	Major (requiring I/O) page faults: 0
	Minor (reclaiming a frame) page faults: 18741
	Voluntary context switches: 11873
	Involuntary context switches: 1695
	Swaps: 0
	File system inputs: 13656
	File system outputs: 47176
	Socket messages sent: 0
	Socket messages received: 0
	Signals delivered: 0
	Page size (bytes): 4096
	Exit status: 0
