[11 Dec 2019 23:20:53-HoS][cmd] /home/CSCScience.ca/apetkau/miniconda3/envs/bigsi_mccortex/bin/mccortex31 build --nkmers 2100000 --threads 1 --kmer 11 --mem 10G --sample ERR1713332 --seq metagenomics/kmer-counts-jellyfish/11/ERR1713332.kmer.gz metagenomics/bigsi/11/mccortex.ERR1713332.ctx
[11 Dec 2019 23:20:53-HoS][cwd] /home/CSCScience.ca/apetkau/workspace/comp7934-project
[11 Dec 2019 23:20:53-HoS][version] mccortex=v0.0.3-610-g400c0e3 zlib=1.2.11 htslib=1.8-17-g699ed53 ASSERTS=ON hash=Lookup3 CHECKS=ON k=3..31
[11 Dec 2019 23:20:53-HoS] Saving graph to: metagenomics/bigsi/11/mccortex.ERR1713332.ctx
[11 Dec 2019 23:20:53-HoS][sample] 0: ERR1713332
[11 Dec 2019 23:20:53-HoS][task] metagenomics/kmer-counts-jellyfish/11/ERR1713332.kmer.gz; FASTQ offset: auto-detect, threshold: off; cut homopolymers: off; remove PCR duplicates: no; colour: 0
[11 Dec 2019 23:20:53-HoS][memory] 104 bits per kmer
[11 Dec 2019 23:20:53-HoS] Note: Using less memory than requested (26.9MB < 10GB); allows for 2,162,688 kmers
[11 Dec 2019 23:20:53-HoS][memory] graph: 26.9MB
[11 Dec 2019 23:20:53-HoS][memory] total: 26.9MB of 62.6GB RAM
[11 Dec 2019 23:20:53-HoS] Writing 1 colour graph to metagenomics/bigsi/11/mccortex.ERR1713332.ctx
[11 Dec 2019 23:20:53-HoS][hasht] Allocating table with 2,162,688 entries, using 16.6MB
[11 Dec 2019 23:20:53-HoS][hasht]  number of buckets: 65,536, bucket size: 33
[11 Dec 2019 23:20:53-HoS][graph] kmer-size: 11; colours: 1; capacity: 2,162,688
[11 Dec 2019 23:20:53-HoS][hasht] buckets: 65,536 [2^16]; bucket size: 33; 
[11 Dec 2019 23:20:53-HoS][hasht] memory: 16.6MB; filled: 0 / 2,162,688 (0.00%)
[11 Dec 2019 23:20:53-HoS][asyncio] Inputs: 1; Threads: 1
[11 Dec 2019 23:20:53-HoS][seq] Parsing sequence file metagenomics/kmer-counts-jellyfish/11/ERR1713332.kmer.gz
[11 Dec 2019 23:20:55-HoS][seq] Loaded 1,832,231 reads and 0 reads pairs (file: metagenomics/kmer-counts-jellyfish/11/ERR1713332.kmer.gz)
[11 Dec 2019 23:20:55-HoS][hasht] buckets: 65,536 [2^16]; bucket size: 33; 
[11 Dec 2019 23:20:55-HoS][hasht] memory: 16.6MB; filled: 1,832,231 / 2,162,688 (84.72%)
[11 Dec 2019 23:20:55-HoS][hasht]  collisions  0: 1795234
[11 Dec 2019 23:20:55-HoS][hasht]  collisions  1: 32355
[11 Dec 2019 23:20:55-HoS][hasht]  collisions  2: 3876
[11 Dec 2019 23:20:55-HoS][hasht]  collisions  3: 649
[11 Dec 2019 23:20:55-HoS][hasht]  collisions  4: 93
[11 Dec 2019 23:20:55-HoS][hasht]  collisions  5: 20
[11 Dec 2019 23:20:55-HoS][hasht]  collisions  6: 4
[11 Dec 2019 23:20:55-HoS][task] input: metagenomics/kmer-counts-jellyfish/11/ERR1713332.kmer.gz colour: 0
[11 Dec 2019 23:20:55-HoS]  SE reads: 1,832,231  PE reads: 0
[11 Dec 2019 23:20:55-HoS]  good reads: 1,832,231  bad reads: 0
[11 Dec 2019 23:20:55-HoS]  dup SE reads: 0  dup PE pairs: 0
[11 Dec 2019 23:20:55-HoS]  bases read: 20,154,541  bases loaded: 20,154,541
[11 Dec 2019 23:20:55-HoS]  num contigs: 1,832,231  num kmers: 1,832,231 novel kmers: 1,832,231
[11 Dec 2019 23:20:55-HoS] Dumping graph...
[11 Dec 2019 23:20:55-HoS][graphwriter] Saving file to: metagenomics/bigsi/11/mccortex.ERR1713332.ctx
[11 Dec 2019 23:20:55-HoS][FileFilter] Writing graph  [1 src colour]
[11 Dec 2019 23:20:55-HoS][graphwriter] Dumped 1,832,231 kmers in 1 colour into: metagenomics/bigsi/11/mccortex.ERR1713332.ctx (ver: 6)
[11 Dec 2019 23:20:55-HoS][memory] We made 19 allocs
[11 Dec 2019 23:20:55-HoS] Done.
[11 Dec 2019 23:20:55-HoS][time] 2.00 seconds
	Command being timed: "mccortex 11 build --nkmers 2100000 --threads 1 --kmer 11 --mem 10G --sample ERR1713332 --seq metagenomics/kmer-counts-jellyfish/11/ERR1713332.kmer.gz metagenomics/bigsi/11/mccortex.ERR1713332.ctx"
	User time (seconds): 3.69
	System time (seconds): 0.44
	Percent of CPU this job got: 169%
	Elapsed (wall clock) time (h:mm:ss or m:ss): 0:02.44
	Average shared text size (kbytes): 0
	Average unshared data size (kbytes): 0
	Average stack size (kbytes): 0
	Average total size (kbytes): 0
	Maximum resident set size (kbytes): 34624
	Average resident set size (kbytes): 0
	Major (requiring I/O) page faults: 0
	Minor (reclaiming a frame) page faults: 18744
	Voluntary context switches: 27157
	Involuntary context switches: 6924
	Swaps: 0
	File system inputs: 13480
	File system outputs: 46536
	Socket messages sent: 0
	Socket messages received: 0
	Signals delivered: 0
	Page size (bytes): 4096
	Exit status: 0
