[11 Dec 2019 23:22:18-KaN][cmd] /home/CSCScience.ca/apetkau/miniconda3/envs/bigsi_mccortex/bin/mccortex31 build --nkmers 2100000 --threads 1 --kmer 11 --mem 10G --sample ERR1713366 --seq metagenomics/kmer-counts-jellyfish/11/ERR1713366.kmer.gz metagenomics/bigsi/11/mccortex.ERR1713366.ctx
[11 Dec 2019 23:22:18-KaN][cwd] /home/CSCScience.ca/apetkau/workspace/comp7934-project
[11 Dec 2019 23:22:18-KaN][version] mccortex=v0.0.3-610-g400c0e3 zlib=1.2.11 htslib=1.8-17-g699ed53 ASSERTS=ON hash=Lookup3 CHECKS=ON k=3..31
[11 Dec 2019 23:22:18-KaN] Saving graph to: metagenomics/bigsi/11/mccortex.ERR1713366.ctx
[11 Dec 2019 23:22:18-KaN][sample] 0: ERR1713366
[11 Dec 2019 23:22:18-KaN][task] metagenomics/kmer-counts-jellyfish/11/ERR1713366.kmer.gz; FASTQ offset: auto-detect, threshold: off; cut homopolymers: off; remove PCR duplicates: no; colour: 0
[11 Dec 2019 23:22:18-KaN][memory] 104 bits per kmer
[11 Dec 2019 23:22:18-KaN] Note: Using less memory than requested (26.9MB < 10GB); allows for 2,162,688 kmers
[11 Dec 2019 23:22:18-KaN][memory] graph: 26.9MB
[11 Dec 2019 23:22:18-KaN][memory] total: 26.9MB of 62.6GB RAM
[11 Dec 2019 23:22:18-KaN] Writing 1 colour graph to metagenomics/bigsi/11/mccortex.ERR1713366.ctx
[11 Dec 2019 23:22:18-KaN][hasht] Allocating table with 2,162,688 entries, using 16.6MB
[11 Dec 2019 23:22:18-KaN][hasht]  number of buckets: 65,536, bucket size: 33
[11 Dec 2019 23:22:18-KaN][graph] kmer-size: 11; colours: 1; capacity: 2,162,688
[11 Dec 2019 23:22:18-KaN][hasht] buckets: 65,536 [2^16]; bucket size: 33; 
[11 Dec 2019 23:22:18-KaN][hasht] memory: 16.6MB; filled: 0 / 2,162,688 (0.00%)
[11 Dec 2019 23:22:18-KaN][asyncio] Inputs: 1; Threads: 1
[11 Dec 2019 23:22:18-KaN][seq] Parsing sequence file metagenomics/kmer-counts-jellyfish/11/ERR1713366.kmer.gz
[11 Dec 2019 23:22:20-KaN][seq] Loaded 1,850,891 reads and 0 reads pairs (file: metagenomics/kmer-counts-jellyfish/11/ERR1713366.kmer.gz)
[11 Dec 2019 23:22:20-KaN][hasht] buckets: 65,536 [2^16]; bucket size: 33; 
[11 Dec 2019 23:22:20-KaN][hasht] memory: 16.6MB; filled: 1,850,891 / 2,162,688 (85.58%)
[11 Dec 2019 23:22:20-KaN][hasht]  collisions  0: 1809315
[11 Dec 2019 23:22:20-KaN][hasht]  collisions  1: 35870
[11 Dec 2019 23:22:20-KaN][hasht]  collisions  2: 4733
[11 Dec 2019 23:22:20-KaN][hasht]  collisions  3: 771
[11 Dec 2019 23:22:20-KaN][hasht]  collisions  4: 161
[11 Dec 2019 23:22:20-KaN][hasht]  collisions  5: 34
[11 Dec 2019 23:22:20-KaN][hasht]  collisions  6: 7
[11 Dec 2019 23:22:20-KaN][task] input: metagenomics/kmer-counts-jellyfish/11/ERR1713366.kmer.gz colour: 0
[11 Dec 2019 23:22:20-KaN]  SE reads: 1,850,891  PE reads: 0
[11 Dec 2019 23:22:20-KaN]  good reads: 1,850,891  bad reads: 0
[11 Dec 2019 23:22:20-KaN]  dup SE reads: 0  dup PE pairs: 0
[11 Dec 2019 23:22:20-KaN]  bases read: 20,359,801  bases loaded: 20,359,801
[11 Dec 2019 23:22:20-KaN]  num contigs: 1,850,891  num kmers: 1,850,891 novel kmers: 1,850,891
[11 Dec 2019 23:22:20-KaN] Dumping graph...
[11 Dec 2019 23:22:20-KaN][graphwriter] Saving file to: metagenomics/bigsi/11/mccortex.ERR1713366.ctx
[11 Dec 2019 23:22:20-KaN][FileFilter] Writing graph  [1 src colour]
[11 Dec 2019 23:22:20-KaN][graphwriter] Dumped 1,850,891 kmers in 1 colour into: metagenomics/bigsi/11/mccortex.ERR1713366.ctx (ver: 6)
[11 Dec 2019 23:22:20-KaN][memory] We made 19 allocs
[11 Dec 2019 23:22:20-KaN] Done.
[11 Dec 2019 23:22:20-KaN][time] 2.00 seconds
	Command being timed: "mccortex 11 build --nkmers 2100000 --threads 1 --kmer 11 --mem 10G --sample ERR1713366 --seq metagenomics/kmer-counts-jellyfish/11/ERR1713366.kmer.gz metagenomics/bigsi/11/mccortex.ERR1713366.ctx"
	User time (seconds): 4.31
	System time (seconds): 0.32
	Percent of CPU this job got: 175%
	Elapsed (wall clock) time (h:mm:ss or m:ss): 0:02.63
	Average shared text size (kbytes): 0
	Average unshared data size (kbytes): 0
	Average stack size (kbytes): 0
	Average total size (kbytes): 0
	Maximum resident set size (kbytes): 34624
	Average resident set size (kbytes): 0
	Major (requiring I/O) page faults: 0
	Minor (reclaiming a frame) page faults: 18754
	Voluntary context switches: 8722
	Involuntary context switches: 5180
	Swaps: 0
	File system inputs: 13616
	File system outputs: 47016
	Socket messages sent: 0
	Socket messages received: 0
	Signals delivered: 0
	Page size (bytes): 4096
	Exit status: 0
