[11 Dec 2019 23:22:20-xaf][cmd] /home/CSCScience.ca/apetkau/miniconda3/envs/bigsi_mccortex/bin/mccortex31 build --nkmers 2100000 --threads 1 --kmer 11 --mem 10G --sample ERR1713378 --seq metagenomics/kmer-counts-jellyfish/11/ERR1713378.kmer.gz metagenomics/bigsi/11/mccortex.ERR1713378.ctx
[11 Dec 2019 23:22:20-xaf][cwd] /home/CSCScience.ca/apetkau/workspace/comp7934-project
[11 Dec 2019 23:22:20-xaf][version] mccortex=v0.0.3-610-g400c0e3 zlib=1.2.11 htslib=1.8-17-g699ed53 ASSERTS=ON hash=Lookup3 CHECKS=ON k=3..31
[11 Dec 2019 23:22:20-xaf] Saving graph to: metagenomics/bigsi/11/mccortex.ERR1713378.ctx
[11 Dec 2019 23:22:20-xaf][sample] 0: ERR1713378
[11 Dec 2019 23:22:20-xaf][task] metagenomics/kmer-counts-jellyfish/11/ERR1713378.kmer.gz; FASTQ offset: auto-detect, threshold: off; cut homopolymers: off; remove PCR duplicates: no; colour: 0
[11 Dec 2019 23:22:20-xaf][memory] 104 bits per kmer
[11 Dec 2019 23:22:20-xaf] Note: Using less memory than requested (26.9MB < 10GB); allows for 2,162,688 kmers
[11 Dec 2019 23:22:20-xaf][memory] graph: 26.9MB
[11 Dec 2019 23:22:20-xaf][memory] total: 26.9MB of 62.6GB RAM
[11 Dec 2019 23:22:20-xaf] Writing 1 colour graph to metagenomics/bigsi/11/mccortex.ERR1713378.ctx
[11 Dec 2019 23:22:20-xaf][hasht] Allocating table with 2,162,688 entries, using 16.6MB
[11 Dec 2019 23:22:20-xaf][hasht]  number of buckets: 65,536, bucket size: 33
[11 Dec 2019 23:22:20-xaf][graph] kmer-size: 11; colours: 1; capacity: 2,162,688
[11 Dec 2019 23:22:20-xaf][hasht] buckets: 65,536 [2^16]; bucket size: 33; 
[11 Dec 2019 23:22:20-xaf][hasht] memory: 16.6MB; filled: 0 / 2,162,688 (0.00%)
[11 Dec 2019 23:22:20-xaf][asyncio] Inputs: 1; Threads: 1
[11 Dec 2019 23:22:20-xaf][seq] Parsing sequence file metagenomics/kmer-counts-jellyfish/11/ERR1713378.kmer.gz
[11 Dec 2019 23:22:22-xaf][seq] Loaded 1,832,926 reads and 0 reads pairs (file: metagenomics/kmer-counts-jellyfish/11/ERR1713378.kmer.gz)
[11 Dec 2019 23:22:22-xaf][hasht] buckets: 65,536 [2^16]; bucket size: 33; 
[11 Dec 2019 23:22:22-xaf][hasht] memory: 16.6MB; filled: 1,832,926 / 2,162,688 (84.75%)
[11 Dec 2019 23:22:22-xaf][hasht]  collisions  0: 1795074
[11 Dec 2019 23:22:22-xaf][hasht]  collisions  1: 33023
[11 Dec 2019 23:22:22-xaf][hasht]  collisions  2: 4043
[11 Dec 2019 23:22:22-xaf][hasht]  collisions  3: 645
[11 Dec 2019 23:22:22-xaf][hasht]  collisions  4: 112
[11 Dec 2019 23:22:22-xaf][hasht]  collisions  5: 22
[11 Dec 2019 23:22:22-xaf][hasht]  collisions  6: 5
[11 Dec 2019 23:22:22-xaf][hasht]  collisions  7: 2
[11 Dec 2019 23:22:22-xaf][task] input: metagenomics/kmer-counts-jellyfish/11/ERR1713378.kmer.gz colour: 0
[11 Dec 2019 23:22:22-xaf]  SE reads: 1,832,926  PE reads: 0
[11 Dec 2019 23:22:22-xaf]  good reads: 1,832,926  bad reads: 0
[11 Dec 2019 23:22:22-xaf]  dup SE reads: 0  dup PE pairs: 0
[11 Dec 2019 23:22:22-xaf]  bases read: 20,162,186  bases loaded: 20,162,186
[11 Dec 2019 23:22:22-xaf]  num contigs: 1,832,926  num kmers: 1,832,926 novel kmers: 1,832,926
[11 Dec 2019 23:22:22-xaf] Dumping graph...
[11 Dec 2019 23:22:22-xaf][graphwriter] Saving file to: metagenomics/bigsi/11/mccortex.ERR1713378.ctx
[11 Dec 2019 23:22:22-xaf][FileFilter] Writing graph  [1 src colour]
[11 Dec 2019 23:22:22-xaf][graphwriter] Dumped 1,832,926 kmers in 1 colour into: metagenomics/bigsi/11/mccortex.ERR1713378.ctx (ver: 6)
[11 Dec 2019 23:22:22-xaf][memory] We made 19 allocs
[11 Dec 2019 23:22:22-xaf] Done.
[11 Dec 2019 23:22:22-xaf][time] 2.00 seconds
	Command being timed: "mccortex 11 build --nkmers 2100000 --threads 1 --kmer 11 --mem 10G --sample ERR1713378 --seq metagenomics/kmer-counts-jellyfish/11/ERR1713378.kmer.gz metagenomics/bigsi/11/mccortex.ERR1713378.ctx"
	User time (seconds): 2.55
	System time (seconds): 0.39
	Percent of CPU this job got: 169%
	Elapsed (wall clock) time (h:mm:ss or m:ss): 0:01.74
	Average shared text size (kbytes): 0
	Average unshared data size (kbytes): 0
	Average stack size (kbytes): 0
	Average total size (kbytes): 0
	Maximum resident set size (kbytes): 34444
	Average resident set size (kbytes): 0
	Major (requiring I/O) page faults: 0
	Minor (reclaiming a frame) page faults: 18762
	Voluntary context switches: 18473
	Involuntary context switches: 12512
	Swaps: 0
	File system inputs: 13480
	File system outputs: 46552
	Socket messages sent: 0
	Socket messages received: 0
	Signals delivered: 0
	Page size (bytes): 4096
	Exit status: 0
