[11 Dec 2019 23:22:18-hiQ][cmd] /home/CSCScience.ca/apetkau/miniconda3/envs/bigsi_mccortex/bin/mccortex31 build --nkmers 2100000 --threads 1 --kmer 11 --mem 10G --sample ERR1713371 --seq metagenomics/kmer-counts-jellyfish/11/ERR1713371.kmer.gz metagenomics/bigsi/11/mccortex.ERR1713371.ctx
[11 Dec 2019 23:22:18-hiQ][cwd] /home/CSCScience.ca/apetkau/workspace/comp7934-project
[11 Dec 2019 23:22:18-hiQ][version] mccortex=v0.0.3-610-g400c0e3 zlib=1.2.11 htslib=1.8-17-g699ed53 ASSERTS=ON hash=Lookup3 CHECKS=ON k=3..31
[11 Dec 2019 23:22:18-hiQ] Saving graph to: metagenomics/bigsi/11/mccortex.ERR1713371.ctx
[11 Dec 2019 23:22:18-hiQ][sample] 0: ERR1713371
[11 Dec 2019 23:22:18-hiQ][task] metagenomics/kmer-counts-jellyfish/11/ERR1713371.kmer.gz; FASTQ offset: auto-detect, threshold: off; cut homopolymers: off; remove PCR duplicates: no; colour: 0
[11 Dec 2019 23:22:18-hiQ][memory] 104 bits per kmer
[11 Dec 2019 23:22:18-hiQ] Note: Using less memory than requested (26.9MB < 10GB); allows for 2,162,688 kmers
[11 Dec 2019 23:22:18-hiQ][memory] graph: 26.9MB
[11 Dec 2019 23:22:18-hiQ][memory] total: 26.9MB of 62.6GB RAM
[11 Dec 2019 23:22:18-hiQ] Writing 1 colour graph to metagenomics/bigsi/11/mccortex.ERR1713371.ctx
[11 Dec 2019 23:22:18-hiQ][hasht] Allocating table with 2,162,688 entries, using 16.6MB
[11 Dec 2019 23:22:18-hiQ][hasht]  number of buckets: 65,536, bucket size: 33
[11 Dec 2019 23:22:18-hiQ][graph] kmer-size: 11; colours: 1; capacity: 2,162,688
[11 Dec 2019 23:22:18-hiQ][hasht] buckets: 65,536 [2^16]; bucket size: 33; 
[11 Dec 2019 23:22:18-hiQ][hasht] memory: 16.6MB; filled: 0 / 2,162,688 (0.00%)
[11 Dec 2019 23:22:18-hiQ][asyncio] Inputs: 1; Threads: 1
[11 Dec 2019 23:22:18-hiQ][seq] Parsing sequence file metagenomics/kmer-counts-jellyfish/11/ERR1713371.kmer.gz
[11 Dec 2019 23:22:19-hiQ][seq] Loaded 1,726,982 reads and 0 reads pairs (file: metagenomics/kmer-counts-jellyfish/11/ERR1713371.kmer.gz)
[11 Dec 2019 23:22:19-hiQ][hasht] buckets: 65,536 [2^16]; bucket size: 33; 
[11 Dec 2019 23:22:19-hiQ][hasht] memory: 16.6MB; filled: 1,726,982 / 2,162,688 (79.85%)
[11 Dec 2019 23:22:19-hiQ][hasht]  collisions  0: 1708120
[11 Dec 2019 23:22:19-hiQ][hasht]  collisions  1: 17555
[11 Dec 2019 23:22:19-hiQ][hasht]  collisions  2: 1203
[11 Dec 2019 23:22:19-hiQ][hasht]  collisions  3: 94
[11 Dec 2019 23:22:19-hiQ][hasht]  collisions  4: 9
[11 Dec 2019 23:22:19-hiQ][hasht]  collisions  5: 1
[11 Dec 2019 23:22:19-hiQ][task] input: metagenomics/kmer-counts-jellyfish/11/ERR1713371.kmer.gz colour: 0
[11 Dec 2019 23:22:19-hiQ]  SE reads: 1,726,982  PE reads: 0
[11 Dec 2019 23:22:19-hiQ]  good reads: 1,726,982  bad reads: 0
[11 Dec 2019 23:22:19-hiQ]  dup SE reads: 0  dup PE pairs: 0
[11 Dec 2019 23:22:19-hiQ]  bases read: 18,996,802  bases loaded: 18,996,802
[11 Dec 2019 23:22:19-hiQ]  num contigs: 1,726,982  num kmers: 1,726,982 novel kmers: 1,726,982
[11 Dec 2019 23:22:19-hiQ] Dumping graph...
[11 Dec 2019 23:22:19-hiQ][graphwriter] Saving file to: metagenomics/bigsi/11/mccortex.ERR1713371.ctx
[11 Dec 2019 23:22:19-hiQ][FileFilter] Writing graph  [1 src colour]
[11 Dec 2019 23:22:19-hiQ][graphwriter] Dumped 1,726,982 kmers in 1 colour into: metagenomics/bigsi/11/mccortex.ERR1713371.ctx (ver: 6)
[11 Dec 2019 23:22:19-hiQ][memory] We made 19 allocs
[11 Dec 2019 23:22:19-hiQ] Done.
[11 Dec 2019 23:22:19-hiQ][time] 1.00 seconds
	Command being timed: "mccortex 11 build --nkmers 2100000 --threads 1 --kmer 11 --mem 10G --sample ERR1713371 --seq metagenomics/kmer-counts-jellyfish/11/ERR1713371.kmer.gz metagenomics/bigsi/11/mccortex.ERR1713371.ctx"
	User time (seconds): 2.96
	System time (seconds): 0.33
	Percent of CPU this job got: 182%
	Elapsed (wall clock) time (h:mm:ss or m:ss): 0:01.80
	Average shared text size (kbytes): 0
	Average unshared data size (kbytes): 0
	Average stack size (kbytes): 0
	Average total size (kbytes): 0
	Maximum resident set size (kbytes): 34584
	Average resident set size (kbytes): 0
	Major (requiring I/O) page faults: 0
	Minor (reclaiming a frame) page faults: 18749
	Voluntary context switches: 9704
	Involuntary context switches: 47
	Swaps: 0
	File system inputs: 12720
	File system outputs: 43872
	Socket messages sent: 0
	Socket messages received: 0
	Signals delivered: 0
	Page size (bytes): 4096
	Exit status: 0
