[11 Dec 2019 23:20:53-ZIK][cmd] /home/CSCScience.ca/apetkau/miniconda3/envs/bigsi_mccortex/bin/mccortex31 build --nkmers 2100000 --threads 1 --kmer 11 --mem 10G --sample ERR1713333 --seq metagenomics/kmer-counts-jellyfish/11/ERR1713333.kmer.gz metagenomics/bigsi/11/mccortex.ERR1713333.ctx
[11 Dec 2019 23:20:53-ZIK][cwd] /home/CSCScience.ca/apetkau/workspace/comp7934-project
[11 Dec 2019 23:20:53-ZIK][version] mccortex=v0.0.3-610-g400c0e3 zlib=1.2.11 htslib=1.8-17-g699ed53 ASSERTS=ON hash=Lookup3 CHECKS=ON k=3..31
[11 Dec 2019 23:20:53-ZIK] Saving graph to: metagenomics/bigsi/11/mccortex.ERR1713333.ctx
[11 Dec 2019 23:20:53-ZIK][sample] 0: ERR1713333
[11 Dec 2019 23:20:53-ZIK][task] metagenomics/kmer-counts-jellyfish/11/ERR1713333.kmer.gz; FASTQ offset: auto-detect, threshold: off; cut homopolymers: off; remove PCR duplicates: no; colour: 0
[11 Dec 2019 23:20:53-ZIK][memory] 104 bits per kmer
[11 Dec 2019 23:20:53-ZIK] Note: Using less memory than requested (26.9MB < 10GB); allows for 2,162,688 kmers
[11 Dec 2019 23:20:53-ZIK][memory] graph: 26.9MB
[11 Dec 2019 23:20:53-ZIK][memory] total: 26.9MB of 62.6GB RAM
[11 Dec 2019 23:20:53-ZIK] Writing 1 colour graph to metagenomics/bigsi/11/mccortex.ERR1713333.ctx
[11 Dec 2019 23:20:53-ZIK][hasht] Allocating table with 2,162,688 entries, using 16.6MB
[11 Dec 2019 23:20:53-ZIK][hasht]  number of buckets: 65,536, bucket size: 33
[11 Dec 2019 23:20:53-ZIK][graph] kmer-size: 11; colours: 1; capacity: 2,162,688
[11 Dec 2019 23:20:53-ZIK][hasht] buckets: 65,536 [2^16]; bucket size: 33; 
[11 Dec 2019 23:20:53-ZIK][hasht] memory: 16.6MB; filled: 0 / 2,162,688 (0.00%)
[11 Dec 2019 23:20:53-ZIK][asyncio] Inputs: 1; Threads: 1
[11 Dec 2019 23:20:53-ZIK][seq] Parsing sequence file metagenomics/kmer-counts-jellyfish/11/ERR1713333.kmer.gz
[11 Dec 2019 23:20:54-ZIK][seq] Loaded 1,860,530 reads and 0 reads pairs (file: metagenomics/kmer-counts-jellyfish/11/ERR1713333.kmer.gz)
[11 Dec 2019 23:20:54-ZIK][hasht] buckets: 65,536 [2^16]; bucket size: 33; 
[11 Dec 2019 23:20:54-ZIK][hasht] memory: 16.6MB; filled: 1,860,530 / 2,162,688 (86.03%)
[11 Dec 2019 23:20:54-ZIK][hasht]  collisions  0: 1815985
[11 Dec 2019 23:20:54-ZIK][hasht]  collisions  1: 38218
[11 Dec 2019 23:20:54-ZIK][hasht]  collisions  2: 5149
[11 Dec 2019 23:20:54-ZIK][hasht]  collisions  3: 927
[11 Dec 2019 23:20:54-ZIK][hasht]  collisions  4: 201
[11 Dec 2019 23:20:54-ZIK][hasht]  collisions  5: 37
[11 Dec 2019 23:20:54-ZIK][hasht]  collisions  6: 11
[11 Dec 2019 23:20:54-ZIK][hasht]  collisions  7: 2
[11 Dec 2019 23:20:54-ZIK][task] input: metagenomics/kmer-counts-jellyfish/11/ERR1713333.kmer.gz colour: 0
[11 Dec 2019 23:20:54-ZIK]  SE reads: 1,860,530  PE reads: 0
[11 Dec 2019 23:20:54-ZIK]  good reads: 1,860,530  bad reads: 0
[11 Dec 2019 23:20:54-ZIK]  dup SE reads: 0  dup PE pairs: 0
[11 Dec 2019 23:20:54-ZIK]  bases read: 20,465,830  bases loaded: 20,465,830
[11 Dec 2019 23:20:54-ZIK]  num contigs: 1,860,530  num kmers: 1,860,530 novel kmers: 1,860,530
[11 Dec 2019 23:20:54-ZIK] Dumping graph...
[11 Dec 2019 23:20:54-ZIK][graphwriter] Saving file to: metagenomics/bigsi/11/mccortex.ERR1713333.ctx
[11 Dec 2019 23:20:54-ZIK][FileFilter] Writing graph  [1 src colour]
[11 Dec 2019 23:20:54-ZIK][graphwriter] Dumped 1,860,530 kmers in 1 colour into: metagenomics/bigsi/11/mccortex.ERR1713333.ctx (ver: 6)
[11 Dec 2019 23:20:54-ZIK][memory] We made 19 allocs
[11 Dec 2019 23:20:54-ZIK] Done.
[11 Dec 2019 23:20:54-ZIK][time] 1.00 seconds
	Command being timed: "mccortex 11 build --nkmers 2100000 --threads 1 --kmer 11 --mem 10G --sample ERR1713333 --seq metagenomics/kmer-counts-jellyfish/11/ERR1713333.kmer.gz metagenomics/bigsi/11/mccortex.ERR1713333.ctx"
	User time (seconds): 2.55
	System time (seconds): 0.38
	Percent of CPU this job got: 172%
	Elapsed (wall clock) time (h:mm:ss or m:ss): 0:01.70
	Average shared text size (kbytes): 0
	Average unshared data size (kbytes): 0
	Average stack size (kbytes): 0
	Average total size (kbytes): 0
	Maximum resident set size (kbytes): 34508
	Average resident set size (kbytes): 0
	Major (requiring I/O) page faults: 0
	Minor (reclaiming a frame) page faults: 18756
	Voluntary context switches: 8318
	Involuntary context switches: 5
	Swaps: 0
	File system inputs: 13688
	File system outputs: 47256
	Socket messages sent: 0
	Socket messages received: 0
	Signals delivered: 0
	Page size (bytes): 4096
	Exit status: 0
