[11 Dec 2019 23:22:47-cos][cmd] /home/CSCScience.ca/apetkau/miniconda3/envs/bigsi_mccortex/bin/mccortex31 build --nkmers 2100000 --threads 1 --kmer 11 --mem 10G --sample ERR1713388 --seq metagenomics/kmer-counts-jellyfish/11/ERR1713388.kmer.gz metagenomics/bigsi/11/mccortex.ERR1713388.ctx
[11 Dec 2019 23:22:47-cos][cwd] /home/CSCScience.ca/apetkau/workspace/comp7934-project
[11 Dec 2019 23:22:47-cos][version] mccortex=v0.0.3-610-g400c0e3 zlib=1.2.11 htslib=1.8-17-g699ed53 ASSERTS=ON hash=Lookup3 CHECKS=ON k=3..31
[11 Dec 2019 23:22:47-cos] Saving graph to: metagenomics/bigsi/11/mccortex.ERR1713388.ctx
[11 Dec 2019 23:22:47-cos][sample] 0: ERR1713388
[11 Dec 2019 23:22:47-cos][task] metagenomics/kmer-counts-jellyfish/11/ERR1713388.kmer.gz; FASTQ offset: auto-detect, threshold: off; cut homopolymers: off; remove PCR duplicates: no; colour: 0
[11 Dec 2019 23:22:47-cos][memory] 104 bits per kmer
[11 Dec 2019 23:22:47-cos] Note: Using less memory than requested (26.9MB < 10GB); allows for 2,162,688 kmers
[11 Dec 2019 23:22:47-cos][memory] graph: 26.9MB
[11 Dec 2019 23:22:47-cos][memory] total: 26.9MB of 62.6GB RAM
[11 Dec 2019 23:22:47-cos] Writing 1 colour graph to metagenomics/bigsi/11/mccortex.ERR1713388.ctx
[11 Dec 2019 23:22:47-cos][hasht] Allocating table with 2,162,688 entries, using 16.6MB
[11 Dec 2019 23:22:47-cos][hasht]  number of buckets: 65,536, bucket size: 33
[11 Dec 2019 23:22:47-cos][graph] kmer-size: 11; colours: 1; capacity: 2,162,688
[11 Dec 2019 23:22:47-cos][hasht] buckets: 65,536 [2^16]; bucket size: 33; 
[11 Dec 2019 23:22:47-cos][hasht] memory: 16.6MB; filled: 0 / 2,162,688 (0.00%)
[11 Dec 2019 23:22:47-cos][asyncio] Inputs: 1; Threads: 1
[11 Dec 2019 23:22:47-cos][seq] Parsing sequence file metagenomics/kmer-counts-jellyfish/11/ERR1713388.kmer.gz
[11 Dec 2019 23:22:50-cos][seq] Loaded 1,848,886 reads and 0 reads pairs (file: metagenomics/kmer-counts-jellyfish/11/ERR1713388.kmer.gz)
[11 Dec 2019 23:22:50-cos][hasht] buckets: 65,536 [2^16]; bucket size: 33; 
[11 Dec 2019 23:22:50-cos][hasht] memory: 16.6MB; filled: 1,848,886 / 2,162,688 (85.49%)
[11 Dec 2019 23:22:50-cos][hasht]  collisions  0: 1807872
[11 Dec 2019 23:22:50-cos][hasht]  collisions  1: 35411
[11 Dec 2019 23:22:50-cos][hasht]  collisions  2: 4609
[11 Dec 2019 23:22:50-cos][hasht]  collisions  3: 787
[11 Dec 2019 23:22:50-cos][hasht]  collisions  4: 169
[11 Dec 2019 23:22:50-cos][hasht]  collisions  5: 32
[11 Dec 2019 23:22:50-cos][hasht]  collisions  6: 5
[11 Dec 2019 23:22:50-cos][hasht]  collisions  8: 1
[11 Dec 2019 23:22:50-cos][task] input: metagenomics/kmer-counts-jellyfish/11/ERR1713388.kmer.gz colour: 0
[11 Dec 2019 23:22:50-cos]  SE reads: 1,848,886  PE reads: 0
[11 Dec 2019 23:22:50-cos]  good reads: 1,848,886  bad reads: 0
[11 Dec 2019 23:22:50-cos]  dup SE reads: 0  dup PE pairs: 0
[11 Dec 2019 23:22:50-cos]  bases read: 20,337,746  bases loaded: 20,337,746
[11 Dec 2019 23:22:50-cos]  num contigs: 1,848,886  num kmers: 1,848,886 novel kmers: 1,848,886
[11 Dec 2019 23:22:50-cos] Dumping graph...
[11 Dec 2019 23:22:50-cos][graphwriter] Saving file to: metagenomics/bigsi/11/mccortex.ERR1713388.ctx
[11 Dec 2019 23:22:50-cos][FileFilter] Writing graph  [1 src colour]
[11 Dec 2019 23:22:50-cos][graphwriter] Dumped 1,848,886 kmers in 1 colour into: metagenomics/bigsi/11/mccortex.ERR1713388.ctx (ver: 6)
[11 Dec 2019 23:22:50-cos][memory] We made 19 allocs
[11 Dec 2019 23:22:50-cos] Done.
[11 Dec 2019 23:22:50-cos][time] 3.00 seconds
	Command being timed: "mccortex 11 build --nkmers 2100000 --threads 1 --kmer 11 --mem 10G --sample ERR1713388 --seq metagenomics/kmer-counts-jellyfish/11/ERR1713388.kmer.gz metagenomics/bigsi/11/mccortex.ERR1713388.ctx"
	User time (seconds): 4.84
	System time (seconds): 0.36
	Percent of CPU this job got: 173%
	Elapsed (wall clock) time (h:mm:ss or m:ss): 0:03.01
	Average shared text size (kbytes): 0
	Average unshared data size (kbytes): 0
	Average stack size (kbytes): 0
	Average total size (kbytes): 0
	Maximum resident set size (kbytes): 34576
	Average resident set size (kbytes): 0
	Major (requiring I/O) page faults: 0
	Minor (reclaiming a frame) page faults: 18749
	Voluntary context switches: 9638
	Involuntary context switches: 3935
	Swaps: 0
	File system inputs: 13600
	File system outputs: 46960
	Socket messages sent: 0
	Socket messages received: 0
	Signals delivered: 0
	Page size (bytes): 4096
	Exit status: 0
