[11 Dec 2019 23:21:49-QOc][cmd] /home/CSCScience.ca/apetkau/miniconda3/envs/bigsi_mccortex/bin/mccortex31 build --nkmers 2100000 --threads 1 --kmer 11 --mem 10G --sample ERR1713355 --seq metagenomics/kmer-counts-jellyfish/11/ERR1713355.kmer.gz metagenomics/bigsi/11/mccortex.ERR1713355.ctx
[11 Dec 2019 23:21:49-QOc][cwd] /home/CSCScience.ca/apetkau/workspace/comp7934-project
[11 Dec 2019 23:21:49-QOc][version] mccortex=v0.0.3-610-g400c0e3 zlib=1.2.11 htslib=1.8-17-g699ed53 ASSERTS=ON hash=Lookup3 CHECKS=ON k=3..31
[11 Dec 2019 23:21:49-QOc] Saving graph to: metagenomics/bigsi/11/mccortex.ERR1713355.ctx
[11 Dec 2019 23:21:49-QOc][sample] 0: ERR1713355
[11 Dec 2019 23:21:49-QOc][task] metagenomics/kmer-counts-jellyfish/11/ERR1713355.kmer.gz; FASTQ offset: auto-detect, threshold: off; cut homopolymers: off; remove PCR duplicates: no; colour: 0
[11 Dec 2019 23:21:49-QOc][memory] 104 bits per kmer
[11 Dec 2019 23:21:49-QOc] Note: Using less memory than requested (26.9MB < 10GB); allows for 2,162,688 kmers
[11 Dec 2019 23:21:49-QOc][memory] graph: 26.9MB
[11 Dec 2019 23:21:49-QOc][memory] total: 26.9MB of 62.6GB RAM
[11 Dec 2019 23:21:49-QOc] Writing 1 colour graph to metagenomics/bigsi/11/mccortex.ERR1713355.ctx
[11 Dec 2019 23:21:49-QOc][hasht] Allocating table with 2,162,688 entries, using 16.6MB
[11 Dec 2019 23:21:49-QOc][hasht]  number of buckets: 65,536, bucket size: 33
[11 Dec 2019 23:21:49-QOc][graph] kmer-size: 11; colours: 1; capacity: 2,162,688
[11 Dec 2019 23:21:49-QOc][hasht] buckets: 65,536 [2^16]; bucket size: 33; 
[11 Dec 2019 23:21:49-QOc][hasht] memory: 16.6MB; filled: 0 / 2,162,688 (0.00%)
[11 Dec 2019 23:21:49-QOc][asyncio] Inputs: 1; Threads: 1
[11 Dec 2019 23:21:49-QOc][seq] Parsing sequence file metagenomics/kmer-counts-jellyfish/11/ERR1713355.kmer.gz
[11 Dec 2019 23:21:50-QOc][seq] Loaded 1,837,773 reads and 0 reads pairs (file: metagenomics/kmer-counts-jellyfish/11/ERR1713355.kmer.gz)
[11 Dec 2019 23:21:50-QOc][hasht] buckets: 65,536 [2^16]; bucket size: 33; 
[11 Dec 2019 23:21:50-QOc][hasht] memory: 16.6MB; filled: 1,837,773 / 2,162,688 (84.98%)
[11 Dec 2019 23:21:50-QOc][hasht]  collisions  0: 1799078
[11 Dec 2019 23:21:50-QOc][hasht]  collisions  1: 33685
[11 Dec 2019 23:21:50-QOc][hasht]  collisions  2: 4264
[11 Dec 2019 23:21:50-QOc][hasht]  collisions  3: 596
[11 Dec 2019 23:21:50-QOc][hasht]  collisions  4: 122
[11 Dec 2019 23:21:50-QOc][hasht]  collisions  5: 23
[11 Dec 2019 23:21:50-QOc][hasht]  collisions  6: 5
[11 Dec 2019 23:21:50-QOc][task] input: metagenomics/kmer-counts-jellyfish/11/ERR1713355.kmer.gz colour: 0
[11 Dec 2019 23:21:50-QOc]  SE reads: 1,837,773  PE reads: 0
[11 Dec 2019 23:21:50-QOc]  good reads: 1,837,773  bad reads: 0
[11 Dec 2019 23:21:50-QOc]  dup SE reads: 0  dup PE pairs: 0
[11 Dec 2019 23:21:50-QOc]  bases read: 20,215,503  bases loaded: 20,215,503
[11 Dec 2019 23:21:50-QOc]  num contigs: 1,837,773  num kmers: 1,837,773 novel kmers: 1,837,773
[11 Dec 2019 23:21:50-QOc] Dumping graph...
[11 Dec 2019 23:21:50-QOc][graphwriter] Saving file to: metagenomics/bigsi/11/mccortex.ERR1713355.ctx
[11 Dec 2019 23:21:50-QOc][FileFilter] Writing graph  [1 src colour]
[11 Dec 2019 23:21:51-QOc][graphwriter] Dumped 1,837,773 kmers in 1 colour into: metagenomics/bigsi/11/mccortex.ERR1713355.ctx (ver: 6)
[11 Dec 2019 23:21:51-QOc][memory] We made 19 allocs
[11 Dec 2019 23:21:51-QOc] Done.
[11 Dec 2019 23:21:51-QOc][time] 2.00 seconds
	Command being timed: "mccortex 11 build --nkmers 2100000 --threads 1 --kmer 11 --mem 10G --sample ERR1713355 --seq metagenomics/kmer-counts-jellyfish/11/ERR1713355.kmer.gz metagenomics/bigsi/11/mccortex.ERR1713355.ctx"
	User time (seconds): 2.37
	System time (seconds): 0.31
	Percent of CPU this job got: 178%
	Elapsed (wall clock) time (h:mm:ss or m:ss): 0:01.51
	Average shared text size (kbytes): 0
	Average unshared data size (kbytes): 0
	Average stack size (kbytes): 0
	Average total size (kbytes): 0
	Maximum resident set size (kbytes): 34448
	Average resident set size (kbytes): 0
	Major (requiring I/O) page faults: 0
	Minor (reclaiming a frame) page faults: 18746
	Voluntary context switches: 7328
	Involuntary context switches: 92
	Swaps: 0
	File system inputs: 13520
	File system outputs: 46672
	Socket messages sent: 0
	Socket messages received: 0
	Signals delivered: 0
	Page size (bytes): 4096
	Exit status: 0
