[11 Dec 2019 23:11:48-gaF][cmd] /home/CSCScience.ca/apetkau/miniconda3/envs/bigsi_mccortex/bin/mccortex31 build --nkmers 140000 --threads 1 --kmer 9 --mem 3G --sample SRR10513325 --seq microbial/kmer-counts-jellyfish/9/SRR10513325.kmer.gz microbial/bigsi/9/mccortex.SRR10513325.ctx
[11 Dec 2019 23:11:48-gaF][cwd] /home/CSCScience.ca/apetkau/workspace/comp7934-project
[11 Dec 2019 23:11:48-gaF][version] mccortex=v0.0.3-610-g400c0e3 zlib=1.2.11 htslib=1.8-17-g699ed53 ASSERTS=ON hash=Lookup3 CHECKS=ON k=3..31
[11 Dec 2019 23:11:48-gaF] Saving graph to: microbial/bigsi/9/mccortex.SRR10513325.ctx
[11 Dec 2019 23:11:48-gaF][sample] 0: SRR10513325
[11 Dec 2019 23:11:48-gaF][task] microbial/kmer-counts-jellyfish/9/SRR10513325.kmer.gz; FASTQ offset: auto-detect, threshold: off; cut homopolymers: off; remove PCR duplicates: no; colour: 0
[11 Dec 2019 23:11:48-gaF][memory] 104 bits per kmer
[11 Dec 2019 23:11:48-gaF] Note: Using less memory than requested (1.8MB < 3GB); allows for 143,360 kmers
[11 Dec 2019 23:11:48-gaF][memory] graph: 1.8MB
[11 Dec 2019 23:11:48-gaF][memory] total: 1.8MB of 62.6GB RAM
[11 Dec 2019 23:11:48-gaF] Writing 1 colour graph to microbial/bigsi/9/mccortex.SRR10513325.ctx
[11 Dec 2019 23:11:48-gaF][hasht] Allocating table with 143,360 entries, using 1.1MB
[11 Dec 2019 23:11:48-gaF][hasht]  number of buckets: 4,096, bucket size: 35
[11 Dec 2019 23:11:48-gaF][graph] kmer-size: 9; colours: 1; capacity: 143,360
[11 Dec 2019 23:11:48-gaF][hasht] buckets: 4,096 [2^12]; bucket size: 35; 
[11 Dec 2019 23:11:48-gaF][hasht] memory: 1.1MB; filled: 0 / 143,360 (0.00%)
[11 Dec 2019 23:11:48-gaF][asyncio] Inputs: 1; Threads: 1
[11 Dec 2019 23:11:48-gaF][seq] Parsing sequence file microbial/kmer-counts-jellyfish/9/SRR10513325.kmer.gz
[11 Dec 2019 23:11:48-gaF][seq] Loaded 128,909 reads and 0 reads pairs (file: microbial/kmer-counts-jellyfish/9/SRR10513325.kmer.gz)
[11 Dec 2019 23:11:48-gaF][hasht] buckets: 4,096 [2^12]; bucket size: 35; 
[11 Dec 2019 23:11:48-gaF][hasht] memory: 1.1MB; filled: 128,909 / 143,360 (89.92%)
[11 Dec 2019 23:11:48-gaF][hasht]  collisions  0: 124561
[11 Dec 2019 23:11:48-gaF][hasht]  collisions  1: 3447
[11 Dec 2019 23:11:48-gaF][hasht]  collisions  2: 659
[11 Dec 2019 23:11:48-gaF][hasht]  collisions  3: 164
[11 Dec 2019 23:11:48-gaF][hasht]  collisions  4: 48
[11 Dec 2019 23:11:48-gaF][hasht]  collisions  5: 21
[11 Dec 2019 23:11:48-gaF][hasht]  collisions  6: 5
[11 Dec 2019 23:11:48-gaF][hasht]  collisions  7: 1
[11 Dec 2019 23:11:48-gaF][hasht]  collisions  8: 1
[11 Dec 2019 23:11:48-gaF][hasht]  collisions  9: 1
[11 Dec 2019 23:11:48-gaF][hasht]  collisions 13: 1
[11 Dec 2019 23:11:48-gaF][task] input: microbial/kmer-counts-jellyfish/9/SRR10513325.kmer.gz colour: 0
[11 Dec 2019 23:11:48-gaF]  SE reads: 128,909  PE reads: 0
[11 Dec 2019 23:11:48-gaF]  good reads: 128,909  bad reads: 0
[11 Dec 2019 23:11:48-gaF]  dup SE reads: 0  dup PE pairs: 0
[11 Dec 2019 23:11:48-gaF]  bases read: 1,160,181  bases loaded: 1,160,181
[11 Dec 2019 23:11:48-gaF]  num contigs: 128,909  num kmers: 128,909 novel kmers: 128,909
[11 Dec 2019 23:11:48-gaF] Dumping graph...
[11 Dec 2019 23:11:48-gaF][graphwriter] Saving file to: microbial/bigsi/9/mccortex.SRR10513325.ctx
[11 Dec 2019 23:11:48-gaF][FileFilter] Writing graph  [1 src colour]
[11 Dec 2019 23:11:48-gaF][graphwriter] Dumped 128,909 kmers in 1 colour into: microbial/bigsi/9/mccortex.SRR10513325.ctx (ver: 6)
[11 Dec 2019 23:11:48-gaF][memory] We made 19 allocs
[11 Dec 2019 23:11:48-gaF] Done.
[11 Dec 2019 23:11:48-gaF][time] 0.00 seconds
	Command being timed: "mccortex 9 build --nkmers 140000 --threads 1 --kmer 9 --mem 3G --sample SRR10513325 --seq microbial/kmer-counts-jellyfish/9/SRR10513325.kmer.gz microbial/bigsi/9/mccortex.SRR10513325.ctx"
	User time (seconds): 0.39
	System time (seconds): 0.04
	Percent of CPU this job got: 146%
	Elapsed (wall clock) time (h:mm:ss or m:ss): 0:00.30
	Average shared text size (kbytes): 0
	Average unshared data size (kbytes): 0
	Average stack size (kbytes): 0
	Average total size (kbytes): 0
	Maximum resident set size (kbytes): 10524
	Average resident set size (kbytes): 0
	Major (requiring I/O) page faults: 0
	Minor (reclaiming a frame) page faults: 2594
	Voluntary context switches: 960
	Involuntary context switches: 688
	Swaps: 0
	File system inputs: 528
	File system outputs: 3288
	Socket messages sent: 0
	Socket messages received: 0
	Signals delivered: 0
	Page size (bytes): 4096
	Exit status: 0
