[11 Dec 2019 14:59:54-HaD][cmd] /home/CSCScience.ca/apetkau/miniconda3/envs/bigsi_mccortex/bin/mccortex31 build --nkmers 140000 --threads 1 --kmer 9 --mem 3G --sample ERR3656010 --seq microbial/kmer-counts-jellyfish/9/ERR3656010.kmer.gz microbial/bigsi/9/mccortex.ERR3656010.ctx
[11 Dec 2019 14:59:54-HaD][cwd] /home/CSCScience.ca/apetkau/workspace/comp7934-project
[11 Dec 2019 14:59:54-HaD][version] mccortex=v0.0.3-610-g400c0e3 zlib=1.2.11 htslib=1.8-17-g699ed53 ASSERTS=ON hash=Lookup3 CHECKS=ON k=3..31
[11 Dec 2019 14:59:54-HaD] Saving graph to: microbial/bigsi/9/mccortex.ERR3656010.ctx
[11 Dec 2019 14:59:54-HaD][sample] 0: ERR3656010
[11 Dec 2019 14:59:54-HaD][task] microbial/kmer-counts-jellyfish/9/ERR3656010.kmer.gz; FASTQ offset: auto-detect, threshold: off; cut homopolymers: off; remove PCR duplicates: no; colour: 0
[11 Dec 2019 14:59:54-HaD][memory] 104 bits per kmer
[11 Dec 2019 14:59:54-HaD] Note: Using less memory than requested (1.8MB < 3GB); allows for 143,360 kmers
[11 Dec 2019 14:59:54-HaD][memory] graph: 1.8MB
[11 Dec 2019 14:59:54-HaD][memory] total: 1.8MB of 62.6GB RAM
[11 Dec 2019 14:59:54-HaD] Writing 1 colour graph to microbial/bigsi/9/mccortex.ERR3656010.ctx
[11 Dec 2019 14:59:54-HaD][hasht] Allocating table with 143,360 entries, using 1.1MB
[11 Dec 2019 14:59:54-HaD][hasht]  number of buckets: 4,096, bucket size: 35
[11 Dec 2019 14:59:54-HaD][graph] kmer-size: 9; colours: 1; capacity: 143,360
[11 Dec 2019 14:59:54-HaD][hasht] buckets: 4,096 [2^12]; bucket size: 35; 
[11 Dec 2019 14:59:54-HaD][hasht] memory: 1.1MB; filled: 0 / 143,360 (0.00%)
[11 Dec 2019 14:59:54-HaD][asyncio] Inputs: 1; Threads: 1
[11 Dec 2019 14:59:54-HaD][seq] Parsing sequence file microbial/kmer-counts-jellyfish/9/ERR3656010.kmer.gz
[11 Dec 2019 14:59:54-HaD][seq] Loaded 130,296 reads and 0 reads pairs (file: microbial/kmer-counts-jellyfish/9/ERR3656010.kmer.gz)
[11 Dec 2019 14:59:54-HaD][hasht] buckets: 4,096 [2^12]; bucket size: 35; 
[11 Dec 2019 14:59:54-HaD][hasht] memory: 1.1MB; filled: 130,296 / 143,360 (90.89%)
[11 Dec 2019 14:59:54-HaD][hasht]  collisions  0: 125449
[11 Dec 2019 14:59:54-HaD][hasht]  collisions  1: 3765
[11 Dec 2019 14:59:54-HaD][hasht]  collisions  2: 791
[11 Dec 2019 14:59:54-HaD][hasht]  collisions  3: 208
[11 Dec 2019 14:59:54-HaD][hasht]  collisions  4: 54
[11 Dec 2019 14:59:54-HaD][hasht]  collisions  5: 21
[11 Dec 2019 14:59:54-HaD][hasht]  collisions  6: 4
[11 Dec 2019 14:59:54-HaD][hasht]  collisions  7: 2
[11 Dec 2019 14:59:54-HaD][hasht]  collisions  8: 1
[11 Dec 2019 14:59:54-HaD][hasht]  collisions  9: 1
[11 Dec 2019 14:59:54-HaD][task] input: microbial/kmer-counts-jellyfish/9/ERR3656010.kmer.gz colour: 0
[11 Dec 2019 14:59:54-HaD]  SE reads: 130,296  PE reads: 0
[11 Dec 2019 14:59:54-HaD]  good reads: 130,296  bad reads: 0
[11 Dec 2019 14:59:54-HaD]  dup SE reads: 0  dup PE pairs: 0
[11 Dec 2019 14:59:54-HaD]  bases read: 1,172,664  bases loaded: 1,172,664
[11 Dec 2019 14:59:54-HaD]  num contigs: 130,296  num kmers: 130,296 novel kmers: 130,296
[11 Dec 2019 14:59:54-HaD] Dumping graph...
[11 Dec 2019 14:59:54-HaD][graphwriter] Saving file to: microbial/bigsi/9/mccortex.ERR3656010.ctx
[11 Dec 2019 14:59:54-HaD][FileFilter] Writing graph  [1 src colour]
[11 Dec 2019 14:59:54-HaD][graphwriter] Dumped 130,296 kmers in 1 colour into: microbial/bigsi/9/mccortex.ERR3656010.ctx (ver: 6)
[11 Dec 2019 14:59:54-HaD][memory] We made 19 allocs
[11 Dec 2019 14:59:54-HaD] Done.
[11 Dec 2019 14:59:54-HaD][time] 0.00 seconds
	Command being timed: "mccortex 9 build --nkmers 140000 --threads 1 --kmer 9 --mem 3G --sample ERR3656010 --seq microbial/kmer-counts-jellyfish/9/ERR3656010.kmer.gz microbial/bigsi/9/mccortex.ERR3656010.ctx"
	User time (seconds): 0.25
	System time (seconds): 0.03
	Percent of CPU this job got: 121%
	Elapsed (wall clock) time (h:mm:ss or m:ss): 0:00.24
	Average shared text size (kbytes): 0
	Average unshared data size (kbytes): 0
	Average stack size (kbytes): 0
	Average total size (kbytes): 0
	Maximum resident set size (kbytes): 10532
	Average resident set size (kbytes): 0
	Major (requiring I/O) page faults: 0
	Minor (reclaiming a frame) page faults: 2603
	Voluntary context switches: 262
	Involuntary context switches: 6
	Swaps: 0
	File system inputs: 0
	File system outputs: 3320
	Socket messages sent: 0
	Socket messages received: 0
	Signals delivered: 0
	Page size (bytes): 4096
	Exit status: 0
