[11 Dec 2019 23:11:45-cIG][cmd] /home/CSCScience.ca/apetkau/miniconda3/envs/bigsi_mccortex/bin/mccortex31 build --nkmers 140000 --threads 1 --kmer 9 --mem 3G --sample ERR1144977 --seq microbial/kmer-counts-jellyfish/9/ERR1144977.kmer.gz microbial/bigsi/9/mccortex.ERR1144977.ctx
[11 Dec 2019 23:11:45-cIG][cwd] /home/CSCScience.ca/apetkau/workspace/comp7934-project
[11 Dec 2019 23:11:45-cIG][version] mccortex=v0.0.3-610-g400c0e3 zlib=1.2.11 htslib=1.8-17-g699ed53 ASSERTS=ON hash=Lookup3 CHECKS=ON k=3..31
[11 Dec 2019 23:11:45-cIG] Saving graph to: microbial/bigsi/9/mccortex.ERR1144977.ctx
[11 Dec 2019 23:11:45-cIG][sample] 0: ERR1144977
[11 Dec 2019 23:11:45-cIG][task] microbial/kmer-counts-jellyfish/9/ERR1144977.kmer.gz; FASTQ offset: auto-detect, threshold: off; cut homopolymers: off; remove PCR duplicates: no; colour: 0
[11 Dec 2019 23:11:45-cIG][memory] 104 bits per kmer
[11 Dec 2019 23:11:45-cIG] Note: Using less memory than requested (1.8MB < 3GB); allows for 143,360 kmers
[11 Dec 2019 23:11:45-cIG][memory] graph: 1.8MB
[11 Dec 2019 23:11:45-cIG][memory] total: 1.8MB of 62.6GB RAM
[11 Dec 2019 23:11:45-cIG] Writing 1 colour graph to microbial/bigsi/9/mccortex.ERR1144977.ctx
[11 Dec 2019 23:11:45-cIG][hasht] Allocating table with 143,360 entries, using 1.1MB
[11 Dec 2019 23:11:45-cIG][hasht]  number of buckets: 4,096, bucket size: 35
[11 Dec 2019 23:11:45-cIG][graph] kmer-size: 9; colours: 1; capacity: 143,360
[11 Dec 2019 23:11:45-cIG][hasht] buckets: 4,096 [2^12]; bucket size: 35; 
[11 Dec 2019 23:11:45-cIG][hasht] memory: 1.1MB; filled: 0 / 143,360 (0.00%)
[11 Dec 2019 23:11:45-cIG][asyncio] Inputs: 1; Threads: 1
[11 Dec 2019 23:11:45-cIG][seq] Parsing sequence file microbial/kmer-counts-jellyfish/9/ERR1144977.kmer.gz
[11 Dec 2019 23:11:45-cIG][seq] Loaded 126,135 reads and 0 reads pairs (file: microbial/kmer-counts-jellyfish/9/ERR1144977.kmer.gz)
[11 Dec 2019 23:11:45-cIG][hasht] buckets: 4,096 [2^12]; bucket size: 35; 
[11 Dec 2019 23:11:45-cIG][hasht] memory: 1.1MB; filled: 126,135 / 143,360 (87.98%)
[11 Dec 2019 23:11:45-cIG][hasht]  collisions  0: 122745
[11 Dec 2019 23:11:45-cIG][hasht]  collisions  1: 2786
[11 Dec 2019 23:11:45-cIG][hasht]  collisions  2: 470
[11 Dec 2019 23:11:45-cIG][hasht]  collisions  3: 111
[11 Dec 2019 23:11:45-cIG][hasht]  collisions  4: 20
[11 Dec 2019 23:11:45-cIG][hasht]  collisions  5: 2
[11 Dec 2019 23:11:45-cIG][hasht]  collisions  6: 1
[11 Dec 2019 23:11:45-cIG][task] input: microbial/kmer-counts-jellyfish/9/ERR1144977.kmer.gz colour: 0
[11 Dec 2019 23:11:45-cIG]  SE reads: 126,135  PE reads: 0
[11 Dec 2019 23:11:45-cIG]  good reads: 126,135  bad reads: 0
[11 Dec 2019 23:11:45-cIG]  dup SE reads: 0  dup PE pairs: 0
[11 Dec 2019 23:11:45-cIG]  bases read: 1,135,215  bases loaded: 1,135,215
[11 Dec 2019 23:11:45-cIG]  num contigs: 126,135  num kmers: 126,135 novel kmers: 126,135
[11 Dec 2019 23:11:45-cIG] Dumping graph...
[11 Dec 2019 23:11:45-cIG][graphwriter] Saving file to: microbial/bigsi/9/mccortex.ERR1144977.ctx
[11 Dec 2019 23:11:45-cIG][FileFilter] Writing graph  [1 src colour]
[11 Dec 2019 23:11:45-cIG][graphwriter] Dumped 126,135 kmers in 1 colour into: microbial/bigsi/9/mccortex.ERR1144977.ctx (ver: 6)
[11 Dec 2019 23:11:45-cIG][memory] We made 19 allocs
[11 Dec 2019 23:11:45-cIG] Done.
[11 Dec 2019 23:11:45-cIG][time] 0.00 seconds
	Command being timed: "mccortex 9 build --nkmers 140000 --threads 1 --kmer 9 --mem 3G --sample ERR1144977 --seq microbial/kmer-counts-jellyfish/9/ERR1144977.kmer.gz microbial/bigsi/9/mccortex.ERR1144977.ctx"
	User time (seconds): 0.27
	System time (seconds): 0.04
	Percent of CPU this job got: 167%
	Elapsed (wall clock) time (h:mm:ss or m:ss): 0:00.19
	Average shared text size (kbytes): 0
	Average unshared data size (kbytes): 0
	Average stack size (kbytes): 0
	Average total size (kbytes): 0
	Maximum resident set size (kbytes): 10604
	Average resident set size (kbytes): 0
	Major (requiring I/O) page faults: 0
	Minor (reclaiming a frame) page faults: 2595
	Voluntary context switches: 2188
	Involuntary context switches: 43
	Swaps: 0
	File system inputs: 528
	File system outputs: 3216
	Socket messages sent: 0
	Socket messages received: 0
	Signals delivered: 0
	Page size (bytes): 4096
	Exit status: 0
