[11 Dec 2019 23:11:45-Buz][cmd] /home/CSCScience.ca/apetkau/miniconda3/envs/bigsi_mccortex/bin/mccortex31 build --nkmers 140000 --threads 1 --kmer 9 --mem 3G --sample ERR3656018 --seq microbial/kmer-counts-jellyfish/9/ERR3656018.kmer.gz microbial/bigsi/9/mccortex.ERR3656018.ctx
[11 Dec 2019 23:11:45-Buz][cwd] /home/CSCScience.ca/apetkau/workspace/comp7934-project
[11 Dec 2019 23:11:45-Buz][version] mccortex=v0.0.3-610-g400c0e3 zlib=1.2.11 htslib=1.8-17-g699ed53 ASSERTS=ON hash=Lookup3 CHECKS=ON k=3..31
[11 Dec 2019 23:11:45-Buz] Saving graph to: microbial/bigsi/9/mccortex.ERR3656018.ctx
[11 Dec 2019 23:11:45-Buz][sample] 0: ERR3656018
[11 Dec 2019 23:11:45-Buz][task] microbial/kmer-counts-jellyfish/9/ERR3656018.kmer.gz; FASTQ offset: auto-detect, threshold: off; cut homopolymers: off; remove PCR duplicates: no; colour: 0
[11 Dec 2019 23:11:45-Buz][memory] 104 bits per kmer
[11 Dec 2019 23:11:45-Buz] Note: Using less memory than requested (1.8MB < 3GB); allows for 143,360 kmers
[11 Dec 2019 23:11:45-Buz][memory] graph: 1.8MB
[11 Dec 2019 23:11:45-Buz][memory] total: 1.8MB of 62.6GB RAM
[11 Dec 2019 23:11:45-Buz] Writing 1 colour graph to microbial/bigsi/9/mccortex.ERR3656018.ctx
[11 Dec 2019 23:11:45-Buz][hasht] Allocating table with 143,360 entries, using 1.1MB
[11 Dec 2019 23:11:45-Buz][hasht]  number of buckets: 4,096, bucket size: 35
[11 Dec 2019 23:11:45-Buz][graph] kmer-size: 9; colours: 1; capacity: 143,360
[11 Dec 2019 23:11:45-Buz][hasht] buckets: 4,096 [2^12]; bucket size: 35; 
[11 Dec 2019 23:11:45-Buz][hasht] memory: 1.1MB; filled: 0 / 143,360 (0.00%)
[11 Dec 2019 23:11:45-Buz][asyncio] Inputs: 1; Threads: 1
[11 Dec 2019 23:11:45-Buz][seq] Parsing sequence file microbial/kmer-counts-jellyfish/9/ERR3656018.kmer.gz
[11 Dec 2019 23:11:45-Buz][seq] Loaded 130,693 reads and 0 reads pairs (file: microbial/kmer-counts-jellyfish/9/ERR3656018.kmer.gz)
[11 Dec 2019 23:11:45-Buz][hasht] buckets: 4,096 [2^12]; bucket size: 35; 
[11 Dec 2019 23:11:45-Buz][hasht] memory: 1.1MB; filled: 130,693 / 143,360 (91.16%)
[11 Dec 2019 23:11:45-Buz][hasht]  collisions  0: 125402
[11 Dec 2019 23:11:45-Buz][hasht]  collisions  1: 4074
[11 Dec 2019 23:11:45-Buz][hasht]  collisions  2: 821
[11 Dec 2019 23:11:45-Buz][hasht]  collisions  3: 268
[11 Dec 2019 23:11:45-Buz][hasht]  collisions  4: 81
[11 Dec 2019 23:11:45-Buz][hasht]  collisions  5: 33
[11 Dec 2019 23:11:45-Buz][hasht]  collisions  6: 8
[11 Dec 2019 23:11:45-Buz][hasht]  collisions  7: 5
[11 Dec 2019 23:11:45-Buz][hasht]  collisions  8: 1
[11 Dec 2019 23:11:45-Buz][task] input: microbial/kmer-counts-jellyfish/9/ERR3656018.kmer.gz colour: 0
[11 Dec 2019 23:11:45-Buz]  SE reads: 130,693  PE reads: 0
[11 Dec 2019 23:11:45-Buz]  good reads: 130,693  bad reads: 0
[11 Dec 2019 23:11:45-Buz]  dup SE reads: 0  dup PE pairs: 0
[11 Dec 2019 23:11:45-Buz]  bases read: 1,176,237  bases loaded: 1,176,237
[11 Dec 2019 23:11:45-Buz]  num contigs: 130,693  num kmers: 130,693 novel kmers: 130,693
[11 Dec 2019 23:11:45-Buz] Dumping graph...
[11 Dec 2019 23:11:45-Buz][graphwriter] Saving file to: microbial/bigsi/9/mccortex.ERR3656018.ctx
[11 Dec 2019 23:11:45-Buz][FileFilter] Writing graph  [1 src colour]
[11 Dec 2019 23:11:45-Buz][graphwriter] Dumped 130,693 kmers in 1 colour into: microbial/bigsi/9/mccortex.ERR3656018.ctx (ver: 6)
[11 Dec 2019 23:11:45-Buz][memory] We made 19 allocs
[11 Dec 2019 23:11:45-Buz] Done.
[11 Dec 2019 23:11:45-Buz][time] 0.00 seconds
	Command being timed: "mccortex 9 build --nkmers 140000 --threads 1 --kmer 9 --mem 3G --sample ERR3656018 --seq microbial/kmer-counts-jellyfish/9/ERR3656018.kmer.gz microbial/bigsi/9/mccortex.ERR3656018.ctx"
	User time (seconds): 0.26
	System time (seconds): 0.04
	Percent of CPU this job got: 165%
	Elapsed (wall clock) time (h:mm:ss or m:ss): 0:00.18
	Average shared text size (kbytes): 0
	Average unshared data size (kbytes): 0
	Average stack size (kbytes): 0
	Average total size (kbytes): 0
	Maximum resident set size (kbytes): 10532
	Average resident set size (kbytes): 0
	Major (requiring I/O) page faults: 0
	Minor (reclaiming a frame) page faults: 2595
	Voluntary context switches: 755
	Involuntary context switches: 9
	Swaps: 0
	File system inputs: 528
	File system outputs: 3328
	Socket messages sent: 0
	Socket messages received: 0
	Signals delivered: 0
	Page size (bytes): 4096
	Exit status: 0
