[11 Dec 2019 14:59:58-Kur][cmd] /home/CSCScience.ca/apetkau/miniconda3/envs/bigsi_mccortex/bin/mccortex31 build --nkmers 140000 --threads 1 --kmer 9 --mem 3G --sample SRR10519620 --seq microbial/kmer-counts-jellyfish/9/SRR10519620.kmer.gz microbial/bigsi/9/mccortex.SRR10519620.ctx
[11 Dec 2019 14:59:58-Kur][cwd] /home/CSCScience.ca/apetkau/workspace/comp7934-project
[11 Dec 2019 14:59:58-Kur][version] mccortex=v0.0.3-610-g400c0e3 zlib=1.2.11 htslib=1.8-17-g699ed53 ASSERTS=ON hash=Lookup3 CHECKS=ON k=3..31
[11 Dec 2019 14:59:58-Kur] Saving graph to: microbial/bigsi/9/mccortex.SRR10519620.ctx
[11 Dec 2019 14:59:58-Kur][sample] 0: SRR10519620
[11 Dec 2019 14:59:58-Kur][task] microbial/kmer-counts-jellyfish/9/SRR10519620.kmer.gz; FASTQ offset: auto-detect, threshold: off; cut homopolymers: off; remove PCR duplicates: no; colour: 0
[11 Dec 2019 14:59:58-Kur][memory] 104 bits per kmer
[11 Dec 2019 14:59:58-Kur] Note: Using less memory than requested (1.8MB < 3GB); allows for 143,360 kmers
[11 Dec 2019 14:59:58-Kur][memory] graph: 1.8MB
[11 Dec 2019 14:59:58-Kur][memory] total: 1.8MB of 62.6GB RAM
[11 Dec 2019 14:59:58-Kur] Writing 1 colour graph to microbial/bigsi/9/mccortex.SRR10519620.ctx
[11 Dec 2019 14:59:58-Kur][hasht] Allocating table with 143,360 entries, using 1.1MB
[11 Dec 2019 14:59:58-Kur][hasht]  number of buckets: 4,096, bucket size: 35
[11 Dec 2019 14:59:58-Kur][graph] kmer-size: 9; colours: 1; capacity: 143,360
[11 Dec 2019 14:59:58-Kur][hasht] buckets: 4,096 [2^12]; bucket size: 35; 
[11 Dec 2019 14:59:58-Kur][hasht] memory: 1.1MB; filled: 0 / 143,360 (0.00%)
[11 Dec 2019 14:59:58-Kur][asyncio] Inputs: 1; Threads: 1
[11 Dec 2019 14:59:58-Kur][seq] Parsing sequence file microbial/kmer-counts-jellyfish/9/SRR10519620.kmer.gz
[11 Dec 2019 14:59:58-Kur][seq] Loaded 129,657 reads and 0 reads pairs (file: microbial/kmer-counts-jellyfish/9/SRR10519620.kmer.gz)
[11 Dec 2019 14:59:58-Kur][hasht] buckets: 4,096 [2^12]; bucket size: 35; 
[11 Dec 2019 14:59:58-Kur][hasht] memory: 1.1MB; filled: 129,657 / 143,360 (90.44%)
[11 Dec 2019 14:59:58-Kur][hasht]  collisions  0: 124888
[11 Dec 2019 14:59:58-Kur][hasht]  collisions  1: 3759
[11 Dec 2019 14:59:58-Kur][hasht]  collisions  2: 729
[11 Dec 2019 14:59:58-Kur][hasht]  collisions  3: 207
[11 Dec 2019 14:59:58-Kur][hasht]  collisions  4: 50
[11 Dec 2019 14:59:58-Kur][hasht]  collisions  5: 20
[11 Dec 2019 14:59:58-Kur][hasht]  collisions  6: 2
[11 Dec 2019 14:59:58-Kur][hasht]  collisions  7: 1
[11 Dec 2019 14:59:58-Kur][hasht]  collisions  8: 1
[11 Dec 2019 14:59:58-Kur][task] input: microbial/kmer-counts-jellyfish/9/SRR10519620.kmer.gz colour: 0
[11 Dec 2019 14:59:58-Kur]  SE reads: 129,657  PE reads: 0
[11 Dec 2019 14:59:58-Kur]  good reads: 129,657  bad reads: 0
[11 Dec 2019 14:59:58-Kur]  dup SE reads: 0  dup PE pairs: 0
[11 Dec 2019 14:59:58-Kur]  bases read: 1,166,913  bases loaded: 1,166,913
[11 Dec 2019 14:59:58-Kur]  num contigs: 129,657  num kmers: 129,657 novel kmers: 129,657
[11 Dec 2019 14:59:58-Kur] Dumping graph...
[11 Dec 2019 14:59:58-Kur][graphwriter] Saving file to: microbial/bigsi/9/mccortex.SRR10519620.ctx
[11 Dec 2019 14:59:58-Kur][FileFilter] Writing graph  [1 src colour]
[11 Dec 2019 14:59:58-Kur][graphwriter] Dumped 129,657 kmers in 1 colour into: microbial/bigsi/9/mccortex.SRR10519620.ctx (ver: 6)
[11 Dec 2019 14:59:58-Kur][memory] We made 19 allocs
[11 Dec 2019 14:59:58-Kur] Done.
[11 Dec 2019 14:59:58-Kur][time] 0.00 seconds
	Command being timed: "mccortex 9 build --nkmers 140000 --threads 1 --kmer 9 --mem 3G --sample SRR10519620 --seq microbial/kmer-counts-jellyfish/9/SRR10519620.kmer.gz microbial/bigsi/9/mccortex.SRR10519620.ctx"
	User time (seconds): 0.32
	System time (seconds): 0.10
	Percent of CPU this job got: 82%
	Elapsed (wall clock) time (h:mm:ss or m:ss): 0:00.52
	Average shared text size (kbytes): 0
	Average unshared data size (kbytes): 0
	Average stack size (kbytes): 0
	Average total size (kbytes): 0
	Maximum resident set size (kbytes): 10612
	Average resident set size (kbytes): 0
	Major (requiring I/O) page faults: 0
	Minor (reclaiming a frame) page faults: 2595
	Voluntary context switches: 27871
	Involuntary context switches: 28294
	Swaps: 0
	File system inputs: 0
	File system outputs: 3304
	Socket messages sent: 0
	Socket messages received: 0
	Signals delivered: 0
	Page size (bytes): 4096
	Exit status: 0
