[11 Dec 2019 14:59:58-NoY][cmd] /home/CSCScience.ca/apetkau/miniconda3/envs/bigsi_mccortex/bin/mccortex31 build --nkmers 140000 --threads 1 --kmer 9 --mem 3G --sample SRR10521982 --seq microbial/kmer-counts-jellyfish/9/SRR10521982.kmer.gz microbial/bigsi/9/mccortex.SRR10521982.ctx
[11 Dec 2019 14:59:58-NoY][cwd] /home/CSCScience.ca/apetkau/workspace/comp7934-project
[11 Dec 2019 14:59:58-NoY][version] mccortex=v0.0.3-610-g400c0e3 zlib=1.2.11 htslib=1.8-17-g699ed53 ASSERTS=ON hash=Lookup3 CHECKS=ON k=3..31
[11 Dec 2019 14:59:58-NoY] Saving graph to: microbial/bigsi/9/mccortex.SRR10521982.ctx
[11 Dec 2019 14:59:58-NoY][sample] 0: SRR10521982
[11 Dec 2019 14:59:58-NoY][task] microbial/kmer-counts-jellyfish/9/SRR10521982.kmer.gz; FASTQ offset: auto-detect, threshold: off; cut homopolymers: off; remove PCR duplicates: no; colour: 0
[11 Dec 2019 14:59:58-NoY][memory] 104 bits per kmer
[11 Dec 2019 14:59:58-NoY] Note: Using less memory than requested (1.8MB < 3GB); allows for 143,360 kmers
[11 Dec 2019 14:59:58-NoY][memory] graph: 1.8MB
[11 Dec 2019 14:59:58-NoY][memory] total: 1.8MB of 62.6GB RAM
[11 Dec 2019 14:59:58-NoY] Writing 1 colour graph to microbial/bigsi/9/mccortex.SRR10521982.ctx
[11 Dec 2019 14:59:58-NoY][hasht] Allocating table with 143,360 entries, using 1.1MB
[11 Dec 2019 14:59:58-NoY][hasht]  number of buckets: 4,096, bucket size: 35
[11 Dec 2019 14:59:58-NoY][graph] kmer-size: 9; colours: 1; capacity: 143,360
[11 Dec 2019 14:59:58-NoY][hasht] buckets: 4,096 [2^12]; bucket size: 35; 
[11 Dec 2019 14:59:58-NoY][hasht] memory: 1.1MB; filled: 0 / 143,360 (0.00%)
[11 Dec 2019 14:59:58-NoY][asyncio] Inputs: 1; Threads: 1
[11 Dec 2019 14:59:58-NoY][seq] Parsing sequence file microbial/kmer-counts-jellyfish/9/SRR10521982.kmer.gz
[11 Dec 2019 14:59:58-NoY][seq] Loaded 110,410 reads and 0 reads pairs (file: microbial/kmer-counts-jellyfish/9/SRR10521982.kmer.gz)
[11 Dec 2019 14:59:58-NoY][hasht] buckets: 4,096 [2^12]; bucket size: 35; 
[11 Dec 2019 14:59:58-NoY][hasht] memory: 1.1MB; filled: 110,410 / 143,360 (77.02%)
[11 Dec 2019 14:59:58-NoY][hasht]  collisions  0: 109742
[11 Dec 2019 14:59:58-NoY][hasht]  collisions  1: 645
[11 Dec 2019 14:59:58-NoY][hasht]  collisions  2: 23
[11 Dec 2019 14:59:58-NoY][task] input: microbial/kmer-counts-jellyfish/9/SRR10521982.kmer.gz colour: 0
[11 Dec 2019 14:59:58-NoY]  SE reads: 110,410  PE reads: 0
[11 Dec 2019 14:59:58-NoY]  good reads: 110,410  bad reads: 0
[11 Dec 2019 14:59:58-NoY]  dup SE reads: 0  dup PE pairs: 0
[11 Dec 2019 14:59:58-NoY]  bases read: 993,690  bases loaded: 993,690
[11 Dec 2019 14:59:58-NoY]  num contigs: 110,410  num kmers: 110,410 novel kmers: 110,410
[11 Dec 2019 14:59:58-NoY] Dumping graph...
[11 Dec 2019 14:59:58-NoY][graphwriter] Saving file to: microbial/bigsi/9/mccortex.SRR10521982.ctx
[11 Dec 2019 14:59:58-NoY][FileFilter] Writing graph  [1 src colour]
[11 Dec 2019 14:59:58-NoY][graphwriter] Dumped 110,410 kmers in 1 colour into: microbial/bigsi/9/mccortex.SRR10521982.ctx (ver: 6)
[11 Dec 2019 14:59:58-NoY][memory] We made 19 allocs
[11 Dec 2019 14:59:58-NoY] Done.
[11 Dec 2019 14:59:58-NoY][time] 0.00 seconds
	Command being timed: "mccortex 9 build --nkmers 140000 --threads 1 --kmer 9 --mem 3G --sample SRR10521982 --seq microbial/kmer-counts-jellyfish/9/SRR10521982.kmer.gz microbial/bigsi/9/mccortex.SRR10521982.ctx"
	User time (seconds): 0.16
	System time (seconds): 0.05
	Percent of CPU this job got: 81%
	Elapsed (wall clock) time (h:mm:ss or m:ss): 0:00.27
	Average shared text size (kbytes): 0
	Average unshared data size (kbytes): 0
	Average stack size (kbytes): 0
	Average total size (kbytes): 0
	Maximum resident set size (kbytes): 10764
	Average resident set size (kbytes): 0
	Major (requiring I/O) page faults: 0
	Minor (reclaiming a frame) page faults: 2606
	Voluntary context switches: 1258
	Involuntary context switches: 2159
	Swaps: 0
	File system inputs: 0
	File system outputs: 2816
	Socket messages sent: 0
	Socket messages received: 0
	Signals delivered: 0
	Page size (bytes): 4096
	Exit status: 0
