[11 Dec 2019 23:11:45-Mon][cmd] /home/CSCScience.ca/apetkau/miniconda3/envs/bigsi_mccortex/bin/mccortex31 build --nkmers 140000 --threads 1 --kmer 9 --mem 3G --sample SRR10298906 --seq microbial/kmer-counts-jellyfish/9/SRR10298906.kmer.gz microbial/bigsi/9/mccortex.SRR10298906.ctx
[11 Dec 2019 23:11:45-Mon][cwd] /home/CSCScience.ca/apetkau/workspace/comp7934-project
[11 Dec 2019 23:11:45-Mon][version] mccortex=v0.0.3-610-g400c0e3 zlib=1.2.11 htslib=1.8-17-g699ed53 ASSERTS=ON hash=Lookup3 CHECKS=ON k=3..31
[11 Dec 2019 23:11:45-Mon] Saving graph to: microbial/bigsi/9/mccortex.SRR10298906.ctx
[11 Dec 2019 23:11:45-Mon][sample] 0: SRR10298906
[11 Dec 2019 23:11:45-Mon][task] microbial/kmer-counts-jellyfish/9/SRR10298906.kmer.gz; FASTQ offset: auto-detect, threshold: off; cut homopolymers: off; remove PCR duplicates: no; colour: 0
[11 Dec 2019 23:11:45-Mon][memory] 104 bits per kmer
[11 Dec 2019 23:11:45-Mon] Note: Using less memory than requested (1.8MB < 3GB); allows for 143,360 kmers
[11 Dec 2019 23:11:45-Mon][memory] graph: 1.8MB
[11 Dec 2019 23:11:45-Mon][memory] total: 1.8MB of 62.6GB RAM
[11 Dec 2019 23:11:45-Mon] Writing 1 colour graph to microbial/bigsi/9/mccortex.SRR10298906.ctx
[11 Dec 2019 23:11:45-Mon][hasht] Allocating table with 143,360 entries, using 1.1MB
[11 Dec 2019 23:11:45-Mon][hasht]  number of buckets: 4,096, bucket size: 35
[11 Dec 2019 23:11:45-Mon][graph] kmer-size: 9; colours: 1; capacity: 143,360
[11 Dec 2019 23:11:45-Mon][hasht] buckets: 4,096 [2^12]; bucket size: 35; 
[11 Dec 2019 23:11:45-Mon][hasht] memory: 1.1MB; filled: 0 / 143,360 (0.00%)
[11 Dec 2019 23:11:45-Mon][asyncio] Inputs: 1; Threads: 1
[11 Dec 2019 23:11:45-Mon][seq] Parsing sequence file microbial/kmer-counts-jellyfish/9/SRR10298906.kmer.gz
[11 Dec 2019 23:11:45-Mon][seq] Loaded 130,553 reads and 0 reads pairs (file: microbial/kmer-counts-jellyfish/9/SRR10298906.kmer.gz)
[11 Dec 2019 23:11:45-Mon][hasht] buckets: 4,096 [2^12]; bucket size: 35; 
[11 Dec 2019 23:11:45-Mon][hasht] memory: 1.1MB; filled: 130,553 / 143,360 (91.07%)
[11 Dec 2019 23:11:45-Mon][hasht]  collisions  0: 125354
[11 Dec 2019 23:11:45-Mon][hasht]  collisions  1: 4000
[11 Dec 2019 23:11:45-Mon][hasht]  collisions  2: 859
[11 Dec 2019 23:11:45-Mon][hasht]  collisions  3: 233
[11 Dec 2019 23:11:45-Mon][hasht]  collisions  4: 72
[11 Dec 2019 23:11:45-Mon][hasht]  collisions  5: 28
[11 Dec 2019 23:11:45-Mon][hasht]  collisions  6: 6
[11 Dec 2019 23:11:45-Mon][hasht]  collisions  9: 1
[11 Dec 2019 23:11:45-Mon][task] input: microbial/kmer-counts-jellyfish/9/SRR10298906.kmer.gz colour: 0
[11 Dec 2019 23:11:45-Mon]  SE reads: 130,553  PE reads: 0
[11 Dec 2019 23:11:45-Mon]  good reads: 130,553  bad reads: 0
[11 Dec 2019 23:11:45-Mon]  dup SE reads: 0  dup PE pairs: 0
[11 Dec 2019 23:11:45-Mon]  bases read: 1,174,977  bases loaded: 1,174,977
[11 Dec 2019 23:11:45-Mon]  num contigs: 130,553  num kmers: 130,553 novel kmers: 130,553
[11 Dec 2019 23:11:45-Mon] Dumping graph...
[11 Dec 2019 23:11:45-Mon][graphwriter] Saving file to: microbial/bigsi/9/mccortex.SRR10298906.ctx
[11 Dec 2019 23:11:45-Mon][FileFilter] Writing graph  [1 src colour]
[11 Dec 2019 23:11:45-Mon][graphwriter] Dumped 130,553 kmers in 1 colour into: microbial/bigsi/9/mccortex.SRR10298906.ctx (ver: 6)
[11 Dec 2019 23:11:45-Mon][memory] We made 19 allocs
[11 Dec 2019 23:11:45-Mon] Done.
[11 Dec 2019 23:11:45-Mon][time] 0.00 seconds
	Command being timed: "mccortex 9 build --nkmers 140000 --threads 1 --kmer 9 --mem 3G --sample SRR10298906 --seq microbial/kmer-counts-jellyfish/9/SRR10298906.kmer.gz microbial/bigsi/9/mccortex.SRR10298906.ctx"
	User time (seconds): 0.24
	System time (seconds): 0.06
	Percent of CPU this job got: 128%
	Elapsed (wall clock) time (h:mm:ss or m:ss): 0:00.24
	Average shared text size (kbytes): 0
	Average unshared data size (kbytes): 0
	Average stack size (kbytes): 0
	Average total size (kbytes): 0
	Maximum resident set size (kbytes): 10732
	Average resident set size (kbytes): 0
	Major (requiring I/O) page faults: 0
	Minor (reclaiming a frame) page faults: 2603
	Voluntary context switches: 1500
	Involuntary context switches: 229
	Swaps: 0
	File system inputs: 528
	File system outputs: 3328
	Socket messages sent: 0
	Socket messages received: 0
	Signals delivered: 0
	Page size (bytes): 4096
	Exit status: 0
