[11 Dec 2019 23:11:45-GIn][cmd] /home/CSCScience.ca/apetkau/miniconda3/envs/bigsi_mccortex/bin/mccortex31 build --nkmers 140000 --threads 1 --kmer 9 --mem 3G --sample ERR3655998 --seq microbial/kmer-counts-jellyfish/9/ERR3655998.kmer.gz microbial/bigsi/9/mccortex.ERR3655998.ctx
[11 Dec 2019 23:11:45-GIn][cwd] /home/CSCScience.ca/apetkau/workspace/comp7934-project
[11 Dec 2019 23:11:45-GIn][version] mccortex=v0.0.3-610-g400c0e3 zlib=1.2.11 htslib=1.8-17-g699ed53 ASSERTS=ON hash=Lookup3 CHECKS=ON k=3..31
[11 Dec 2019 23:11:45-GIn] Saving graph to: microbial/bigsi/9/mccortex.ERR3655998.ctx
[11 Dec 2019 23:11:45-GIn][sample] 0: ERR3655998
[11 Dec 2019 23:11:45-GIn][task] microbial/kmer-counts-jellyfish/9/ERR3655998.kmer.gz; FASTQ offset: auto-detect, threshold: off; cut homopolymers: off; remove PCR duplicates: no; colour: 0
[11 Dec 2019 23:11:45-GIn][memory] 104 bits per kmer
[11 Dec 2019 23:11:45-GIn] Note: Using less memory than requested (1.8MB < 3GB); allows for 143,360 kmers
[11 Dec 2019 23:11:45-GIn][memory] graph: 1.8MB
[11 Dec 2019 23:11:45-GIn][memory] total: 1.8MB of 62.6GB RAM
[11 Dec 2019 23:11:45-GIn] Writing 1 colour graph to microbial/bigsi/9/mccortex.ERR3655998.ctx
[11 Dec 2019 23:11:45-GIn][hasht] Allocating table with 143,360 entries, using 1.1MB
[11 Dec 2019 23:11:45-GIn][hasht]  number of buckets: 4,096, bucket size: 35
[11 Dec 2019 23:11:45-GIn][graph] kmer-size: 9; colours: 1; capacity: 143,360
[11 Dec 2019 23:11:45-GIn][hasht] buckets: 4,096 [2^12]; bucket size: 35; 
[11 Dec 2019 23:11:45-GIn][hasht] memory: 1.1MB; filled: 0 / 143,360 (0.00%)
[11 Dec 2019 23:11:45-GIn][asyncio] Inputs: 1; Threads: 1
[11 Dec 2019 23:11:45-GIn][seq] Parsing sequence file microbial/kmer-counts-jellyfish/9/ERR3655998.kmer.gz
[11 Dec 2019 23:11:45-GIn][seq] Loaded 129,160 reads and 0 reads pairs (file: microbial/kmer-counts-jellyfish/9/ERR3655998.kmer.gz)
[11 Dec 2019 23:11:45-GIn][hasht] buckets: 4,096 [2^12]; bucket size: 35; 
[11 Dec 2019 23:11:45-GIn][hasht] memory: 1.1MB; filled: 129,160 / 143,360 (90.09%)
[11 Dec 2019 23:11:45-GIn][hasht]  collisions  0: 124736
[11 Dec 2019 23:11:45-GIn][hasht]  collisions  1: 3508
[11 Dec 2019 23:11:45-GIn][hasht]  collisions  2: 681
[11 Dec 2019 23:11:45-GIn][hasht]  collisions  3: 171
[11 Dec 2019 23:11:45-GIn][hasht]  collisions  4: 47
[11 Dec 2019 23:11:45-GIn][hasht]  collisions  5: 12
[11 Dec 2019 23:11:45-GIn][hasht]  collisions  6: 2
[11 Dec 2019 23:11:45-GIn][hasht]  collisions  7: 2
[11 Dec 2019 23:11:45-GIn][hasht]  collisions  8: 1
[11 Dec 2019 23:11:45-GIn][task] input: microbial/kmer-counts-jellyfish/9/ERR3655998.kmer.gz colour: 0
[11 Dec 2019 23:11:45-GIn]  SE reads: 129,160  PE reads: 0
[11 Dec 2019 23:11:45-GIn]  good reads: 129,160  bad reads: 0
[11 Dec 2019 23:11:45-GIn]  dup SE reads: 0  dup PE pairs: 0
[11 Dec 2019 23:11:45-GIn]  bases read: 1,162,440  bases loaded: 1,162,440
[11 Dec 2019 23:11:45-GIn]  num contigs: 129,160  num kmers: 129,160 novel kmers: 129,160
[11 Dec 2019 23:11:45-GIn] Dumping graph...
[11 Dec 2019 23:11:45-GIn][graphwriter] Saving file to: microbial/bigsi/9/mccortex.ERR3655998.ctx
[11 Dec 2019 23:11:45-GIn][FileFilter] Writing graph  [1 src colour]
[11 Dec 2019 23:11:45-GIn][graphwriter] Dumped 129,160 kmers in 1 colour into: microbial/bigsi/9/mccortex.ERR3655998.ctx (ver: 6)
[11 Dec 2019 23:11:45-GIn][memory] We made 19 allocs
[11 Dec 2019 23:11:45-GIn] Done.
[11 Dec 2019 23:11:45-GIn][time] 0.00 seconds
	Command being timed: "mccortex 9 build --nkmers 140000 --threads 1 --kmer 9 --mem 3G --sample ERR3655998 --seq microbial/kmer-counts-jellyfish/9/ERR3655998.kmer.gz microbial/bigsi/9/mccortex.ERR3655998.ctx"
	User time (seconds): 0.26
	System time (seconds): 0.04
	Percent of CPU this job got: 170%
	Elapsed (wall clock) time (h:mm:ss or m:ss): 0:00.18
	Average shared text size (kbytes): 0
	Average unshared data size (kbytes): 0
	Average stack size (kbytes): 0
	Average total size (kbytes): 0
	Maximum resident set size (kbytes): 10576
	Average resident set size (kbytes): 0
	Major (requiring I/O) page faults: 0
	Minor (reclaiming a frame) page faults: 2603
	Voluntary context switches: 485
	Involuntary context switches: 0
	Swaps: 0
	File system inputs: 528
	File system outputs: 3288
	Socket messages sent: 0
	Socket messages received: 0
	Signals delivered: 0
	Page size (bytes): 4096
	Exit status: 0
