[11 Dec 2019 23:11:48-XOv][cmd] /home/CSCScience.ca/apetkau/miniconda3/envs/bigsi_mccortex/bin/mccortex31 build --nkmers 140000 --threads 1 --kmer 9 --mem 3G --sample SRR10519468 --seq microbial/kmer-counts-jellyfish/9/SRR10519468.kmer.gz microbial/bigsi/9/mccortex.SRR10519468.ctx
[11 Dec 2019 23:11:48-XOv][cwd] /home/CSCScience.ca/apetkau/workspace/comp7934-project
[11 Dec 2019 23:11:48-XOv][version] mccortex=v0.0.3-610-g400c0e3 zlib=1.2.11 htslib=1.8-17-g699ed53 ASSERTS=ON hash=Lookup3 CHECKS=ON k=3..31
[11 Dec 2019 23:11:48-XOv] Saving graph to: microbial/bigsi/9/mccortex.SRR10519468.ctx
[11 Dec 2019 23:11:48-XOv][sample] 0: SRR10519468
[11 Dec 2019 23:11:48-XOv][task] microbial/kmer-counts-jellyfish/9/SRR10519468.kmer.gz; FASTQ offset: auto-detect, threshold: off; cut homopolymers: off; remove PCR duplicates: no; colour: 0
[11 Dec 2019 23:11:48-XOv][memory] 104 bits per kmer
[11 Dec 2019 23:11:48-XOv] Note: Using less memory than requested (1.8MB < 3GB); allows for 143,360 kmers
[11 Dec 2019 23:11:48-XOv][memory] graph: 1.8MB
[11 Dec 2019 23:11:48-XOv][memory] total: 1.8MB of 62.6GB RAM
[11 Dec 2019 23:11:48-XOv] Writing 1 colour graph to microbial/bigsi/9/mccortex.SRR10519468.ctx
[11 Dec 2019 23:11:48-XOv][hasht] Allocating table with 143,360 entries, using 1.1MB
[11 Dec 2019 23:11:48-XOv][hasht]  number of buckets: 4,096, bucket size: 35
[11 Dec 2019 23:11:48-XOv][graph] kmer-size: 9; colours: 1; capacity: 143,360
[11 Dec 2019 23:11:48-XOv][hasht] buckets: 4,096 [2^12]; bucket size: 35; 
[11 Dec 2019 23:11:48-XOv][hasht] memory: 1.1MB; filled: 0 / 143,360 (0.00%)
[11 Dec 2019 23:11:48-XOv][asyncio] Inputs: 1; Threads: 1
[11 Dec 2019 23:11:48-XOv][seq] Parsing sequence file microbial/kmer-counts-jellyfish/9/SRR10519468.kmer.gz
[11 Dec 2019 23:11:48-XOv][seq] Loaded 108,977 reads and 0 reads pairs (file: microbial/kmer-counts-jellyfish/9/SRR10519468.kmer.gz)
[11 Dec 2019 23:11:48-XOv][hasht] buckets: 4,096 [2^12]; bucket size: 35; 
[11 Dec 2019 23:11:48-XOv][hasht] memory: 1.1MB; filled: 108,977 / 143,360 (76.02%)
[11 Dec 2019 23:11:48-XOv][hasht]  collisions  0: 108381
[11 Dec 2019 23:11:48-XOv][hasht]  collisions  1: 571
[11 Dec 2019 23:11:48-XOv][hasht]  collisions  2: 24
[11 Dec 2019 23:11:48-XOv][hasht]  collisions  3: 1
[11 Dec 2019 23:11:48-XOv][task] input: microbial/kmer-counts-jellyfish/9/SRR10519468.kmer.gz colour: 0
[11 Dec 2019 23:11:48-XOv]  SE reads: 108,977  PE reads: 0
[11 Dec 2019 23:11:48-XOv]  good reads: 108,977  bad reads: 0
[11 Dec 2019 23:11:48-XOv]  dup SE reads: 0  dup PE pairs: 0
[11 Dec 2019 23:11:48-XOv]  bases read: 980,793  bases loaded: 980,793
[11 Dec 2019 23:11:48-XOv]  num contigs: 108,977  num kmers: 108,977 novel kmers: 108,977
[11 Dec 2019 23:11:48-XOv] Dumping graph...
[11 Dec 2019 23:11:48-XOv][graphwriter] Saving file to: microbial/bigsi/9/mccortex.SRR10519468.ctx
[11 Dec 2019 23:11:48-XOv][FileFilter] Writing graph  [1 src colour]
[11 Dec 2019 23:11:48-XOv][graphwriter] Dumped 108,977 kmers in 1 colour into: microbial/bigsi/9/mccortex.SRR10519468.ctx (ver: 6)
[11 Dec 2019 23:11:48-XOv][memory] We made 19 allocs
[11 Dec 2019 23:11:48-XOv] Done.
[11 Dec 2019 23:11:48-XOv][time] 0.00 seconds
	Command being timed: "mccortex 9 build --nkmers 140000 --threads 1 --kmer 9 --mem 3G --sample SRR10519468 --seq microbial/kmer-counts-jellyfish/9/SRR10519468.kmer.gz microbial/bigsi/9/mccortex.SRR10519468.ctx"
	User time (seconds): 0.15
	System time (seconds): 0.02
	Percent of CPU this job got: 118%
	Elapsed (wall clock) time (h:mm:ss or m:ss): 0:00.15
	Average shared text size (kbytes): 0
	Average unshared data size (kbytes): 0
	Average stack size (kbytes): 0
	Average total size (kbytes): 0
	Maximum resident set size (kbytes): 10636
	Average resident set size (kbytes): 0
	Major (requiring I/O) page faults: 0
	Minor (reclaiming a frame) page faults: 2598
	Voluntary context switches: 128
	Involuntary context switches: 542
	Swaps: 0
	File system inputs: 456
	File system outputs: 2776
	Socket messages sent: 0
	Socket messages received: 0
	Signals delivered: 0
	Page size (bytes): 4096
	Exit status: 0
