[11 Dec 2019 23:11:45-SAd][cmd] /home/CSCScience.ca/apetkau/miniconda3/envs/bigsi_mccortex/bin/mccortex31 build --nkmers 140000 --threads 1 --kmer 9 --mem 3G --sample ERR1144975 --seq microbial/kmer-counts-jellyfish/9/ERR1144975.kmer.gz microbial/bigsi/9/mccortex.ERR1144975.ctx
[11 Dec 2019 23:11:45-SAd][cwd] /home/CSCScience.ca/apetkau/workspace/comp7934-project
[11 Dec 2019 23:11:45-SAd][version] mccortex=v0.0.3-610-g400c0e3 zlib=1.2.11 htslib=1.8-17-g699ed53 ASSERTS=ON hash=Lookup3 CHECKS=ON k=3..31
[11 Dec 2019 23:11:45-SAd] Saving graph to: microbial/bigsi/9/mccortex.ERR1144975.ctx
[11 Dec 2019 23:11:45-SAd][sample] 0: ERR1144975
[11 Dec 2019 23:11:45-SAd][task] microbial/kmer-counts-jellyfish/9/ERR1144975.kmer.gz; FASTQ offset: auto-detect, threshold: off; cut homopolymers: off; remove PCR duplicates: no; colour: 0
[11 Dec 2019 23:11:45-SAd][memory] 104 bits per kmer
[11 Dec 2019 23:11:45-SAd] Note: Using less memory than requested (1.8MB < 3GB); allows for 143,360 kmers
[11 Dec 2019 23:11:45-SAd][memory] graph: 1.8MB
[11 Dec 2019 23:11:45-SAd][memory] total: 1.8MB of 62.6GB RAM
[11 Dec 2019 23:11:45-SAd] Writing 1 colour graph to microbial/bigsi/9/mccortex.ERR1144975.ctx
[11 Dec 2019 23:11:45-SAd][hasht] Allocating table with 143,360 entries, using 1.1MB
[11 Dec 2019 23:11:45-SAd][hasht]  number of buckets: 4,096, bucket size: 35
[11 Dec 2019 23:11:45-SAd][graph] kmer-size: 9; colours: 1; capacity: 143,360
[11 Dec 2019 23:11:45-SAd][hasht] buckets: 4,096 [2^12]; bucket size: 35; 
[11 Dec 2019 23:11:45-SAd][hasht] memory: 1.1MB; filled: 0 / 143,360 (0.00%)
[11 Dec 2019 23:11:45-SAd][asyncio] Inputs: 1; Threads: 1
[11 Dec 2019 23:11:45-SAd][seq] Parsing sequence file microbial/kmer-counts-jellyfish/9/ERR1144975.kmer.gz
[11 Dec 2019 23:11:45-SAd][seq] Loaded 126,306 reads and 0 reads pairs (file: microbial/kmer-counts-jellyfish/9/ERR1144975.kmer.gz)
[11 Dec 2019 23:11:45-SAd][hasht] buckets: 4,096 [2^12]; bucket size: 35; 
[11 Dec 2019 23:11:45-SAd][hasht] memory: 1.1MB; filled: 126,306 / 143,360 (88.10%)
[11 Dec 2019 23:11:45-SAd][hasht]  collisions  0: 122728
[11 Dec 2019 23:11:45-SAd][hasht]  collisions  1: 2948
[11 Dec 2019 23:11:45-SAd][hasht]  collisions  2: 489
[11 Dec 2019 23:11:45-SAd][hasht]  collisions  3: 102
[11 Dec 2019 23:11:45-SAd][hasht]  collisions  4: 32
[11 Dec 2019 23:11:45-SAd][hasht]  collisions  5: 5
[11 Dec 2019 23:11:45-SAd][hasht]  collisions  6: 2
[11 Dec 2019 23:11:45-SAd][task] input: microbial/kmer-counts-jellyfish/9/ERR1144975.kmer.gz colour: 0
[11 Dec 2019 23:11:45-SAd]  SE reads: 126,306  PE reads: 0
[11 Dec 2019 23:11:45-SAd]  good reads: 126,306  bad reads: 0
[11 Dec 2019 23:11:45-SAd]  dup SE reads: 0  dup PE pairs: 0
[11 Dec 2019 23:11:45-SAd]  bases read: 1,136,754  bases loaded: 1,136,754
[11 Dec 2019 23:11:45-SAd]  num contigs: 126,306  num kmers: 126,306 novel kmers: 126,306
[11 Dec 2019 23:11:45-SAd] Dumping graph...
[11 Dec 2019 23:11:45-SAd][graphwriter] Saving file to: microbial/bigsi/9/mccortex.ERR1144975.ctx
[11 Dec 2019 23:11:45-SAd][FileFilter] Writing graph  [1 src colour]
[11 Dec 2019 23:11:45-SAd][graphwriter] Dumped 126,306 kmers in 1 colour into: microbial/bigsi/9/mccortex.ERR1144975.ctx (ver: 6)
[11 Dec 2019 23:11:45-SAd][memory] We made 19 allocs
[11 Dec 2019 23:11:45-SAd] Done.
[11 Dec 2019 23:11:45-SAd][time] 0.00 seconds
	Command being timed: "mccortex 9 build --nkmers 140000 --threads 1 --kmer 9 --mem 3G --sample ERR1144975 --seq microbial/kmer-counts-jellyfish/9/ERR1144975.kmer.gz microbial/bigsi/9/mccortex.ERR1144975.ctx"
	User time (seconds): 0.43
	System time (seconds): 0.05
	Percent of CPU this job got: 116%
	Elapsed (wall clock) time (h:mm:ss or m:ss): 0:00.42
	Average shared text size (kbytes): 0
	Average unshared data size (kbytes): 0
	Average stack size (kbytes): 0
	Average total size (kbytes): 0
	Maximum resident set size (kbytes): 10584
	Average resident set size (kbytes): 0
	Major (requiring I/O) page faults: 0
	Minor (reclaiming a frame) page faults: 2601
	Voluntary context switches: 3690
	Involuntary context switches: 1459
	Swaps: 0
	File system inputs: 520
	File system outputs: 3216
	Socket messages sent: 0
	Socket messages received: 0
	Signals delivered: 0
	Page size (bytes): 4096
	Exit status: 0
