[11 Dec 2019 23:11:45-DuN][cmd] /home/CSCScience.ca/apetkau/miniconda3/envs/bigsi_mccortex/bin/mccortex31 build --nkmers 140000 --threads 1 --kmer 9 --mem 3G --sample SRR10298905 --seq microbial/kmer-counts-jellyfish/9/SRR10298905.kmer.gz microbial/bigsi/9/mccortex.SRR10298905.ctx
[11 Dec 2019 23:11:45-DuN][cwd] /home/CSCScience.ca/apetkau/workspace/comp7934-project
[11 Dec 2019 23:11:45-DuN][version] mccortex=v0.0.3-610-g400c0e3 zlib=1.2.11 htslib=1.8-17-g699ed53 ASSERTS=ON hash=Lookup3 CHECKS=ON k=3..31
[11 Dec 2019 23:11:45-DuN] Saving graph to: microbial/bigsi/9/mccortex.SRR10298905.ctx
[11 Dec 2019 23:11:45-DuN][sample] 0: SRR10298905
[11 Dec 2019 23:11:45-DuN][task] microbial/kmer-counts-jellyfish/9/SRR10298905.kmer.gz; FASTQ offset: auto-detect, threshold: off; cut homopolymers: off; remove PCR duplicates: no; colour: 0
[11 Dec 2019 23:11:45-DuN][memory] 104 bits per kmer
[11 Dec 2019 23:11:45-DuN] Note: Using less memory than requested (1.8MB < 3GB); allows for 143,360 kmers
[11 Dec 2019 23:11:45-DuN][memory] graph: 1.8MB
[11 Dec 2019 23:11:45-DuN][memory] total: 1.8MB of 62.6GB RAM
[11 Dec 2019 23:11:45-DuN] Writing 1 colour graph to microbial/bigsi/9/mccortex.SRR10298905.ctx
[11 Dec 2019 23:11:45-DuN][hasht] Allocating table with 143,360 entries, using 1.1MB
[11 Dec 2019 23:11:45-DuN][hasht]  number of buckets: 4,096, bucket size: 35
[11 Dec 2019 23:11:45-DuN][graph] kmer-size: 9; colours: 1; capacity: 143,360
[11 Dec 2019 23:11:45-DuN][hasht] buckets: 4,096 [2^12]; bucket size: 35; 
[11 Dec 2019 23:11:45-DuN][hasht] memory: 1.1MB; filled: 0 / 143,360 (0.00%)
[11 Dec 2019 23:11:45-DuN][asyncio] Inputs: 1; Threads: 1
[11 Dec 2019 23:11:45-DuN][seq] Parsing sequence file microbial/kmer-counts-jellyfish/9/SRR10298905.kmer.gz
[11 Dec 2019 23:11:45-DuN][seq] Loaded 130,782 reads and 0 reads pairs (file: microbial/kmer-counts-jellyfish/9/SRR10298905.kmer.gz)
[11 Dec 2019 23:11:45-DuN][hasht] buckets: 4,096 [2^12]; bucket size: 35; 
[11 Dec 2019 23:11:45-DuN][hasht] memory: 1.1MB; filled: 130,782 / 143,360 (91.23%)
[11 Dec 2019 23:11:45-DuN][hasht]  collisions  0: 125281
[11 Dec 2019 23:11:45-DuN][hasht]  collisions  1: 4087
[11 Dec 2019 23:11:45-DuN][hasht]  collisions  2: 1016
[11 Dec 2019 23:11:45-DuN][hasht]  collisions  3: 282
[11 Dec 2019 23:11:45-DuN][hasht]  collisions  4: 67
[11 Dec 2019 23:11:45-DuN][hasht]  collisions  5: 29
[11 Dec 2019 23:11:45-DuN][hasht]  collisions  6: 13
[11 Dec 2019 23:11:45-DuN][hasht]  collisions  7: 6
[11 Dec 2019 23:11:45-DuN][hasht]  collisions  9: 1
[11 Dec 2019 23:11:45-DuN][task] input: microbial/kmer-counts-jellyfish/9/SRR10298905.kmer.gz colour: 0
[11 Dec 2019 23:11:45-DuN]  SE reads: 130,782  PE reads: 0
[11 Dec 2019 23:11:45-DuN]  good reads: 130,782  bad reads: 0
[11 Dec 2019 23:11:45-DuN]  dup SE reads: 0  dup PE pairs: 0
[11 Dec 2019 23:11:45-DuN]  bases read: 1,177,038  bases loaded: 1,177,038
[11 Dec 2019 23:11:45-DuN]  num contigs: 130,782  num kmers: 130,782 novel kmers: 130,782
[11 Dec 2019 23:11:45-DuN] Dumping graph...
[11 Dec 2019 23:11:45-DuN][graphwriter] Saving file to: microbial/bigsi/9/mccortex.SRR10298905.ctx
[11 Dec 2019 23:11:45-DuN][FileFilter] Writing graph  [1 src colour]
[11 Dec 2019 23:11:45-DuN][graphwriter] Dumped 130,782 kmers in 1 colour into: microbial/bigsi/9/mccortex.SRR10298905.ctx (ver: 6)
[11 Dec 2019 23:11:45-DuN][memory] We made 19 allocs
[11 Dec 2019 23:11:45-DuN] Done.
[11 Dec 2019 23:11:45-DuN][time] 0.00 seconds
	Command being timed: "mccortex 9 build --nkmers 140000 --threads 1 --kmer 9 --mem 3G --sample SRR10298905 --seq microbial/kmer-counts-jellyfish/9/SRR10298905.kmer.gz microbial/bigsi/9/mccortex.SRR10298905.ctx"
	User time (seconds): 0.24
	System time (seconds): 0.03
	Percent of CPU this job got: 155%
	Elapsed (wall clock) time (h:mm:ss or m:ss): 0:00.18
	Average shared text size (kbytes): 0
	Average unshared data size (kbytes): 0
	Average stack size (kbytes): 0
	Average total size (kbytes): 0
	Maximum resident set size (kbytes): 10620
	Average resident set size (kbytes): 0
	Major (requiring I/O) page faults: 0
	Minor (reclaiming a frame) page faults: 2600
	Voluntary context switches: 830
	Involuntary context switches: 214
	Swaps: 0
	File system inputs: 528
	File system outputs: 3336
	Socket messages sent: 0
	Socket messages received: 0
	Signals delivered: 0
	Page size (bytes): 4096
	Exit status: 0
