[11 Dec 2019 23:11:45-kuY][cmd] /home/CSCScience.ca/apetkau/miniconda3/envs/bigsi_mccortex/bin/mccortex31 build --nkmers 140000 --threads 1 --kmer 9 --mem 3G --sample ERR3656012 --seq microbial/kmer-counts-jellyfish/9/ERR3656012.kmer.gz microbial/bigsi/9/mccortex.ERR3656012.ctx
[11 Dec 2019 23:11:45-kuY][cwd] /home/CSCScience.ca/apetkau/workspace/comp7934-project
[11 Dec 2019 23:11:45-kuY][version] mccortex=v0.0.3-610-g400c0e3 zlib=1.2.11 htslib=1.8-17-g699ed53 ASSERTS=ON hash=Lookup3 CHECKS=ON k=3..31
[11 Dec 2019 23:11:45-kuY] Saving graph to: microbial/bigsi/9/mccortex.ERR3656012.ctx
[11 Dec 2019 23:11:45-kuY][sample] 0: ERR3656012
[11 Dec 2019 23:11:45-kuY][task] microbial/kmer-counts-jellyfish/9/ERR3656012.kmer.gz; FASTQ offset: auto-detect, threshold: off; cut homopolymers: off; remove PCR duplicates: no; colour: 0
[11 Dec 2019 23:11:45-kuY][memory] 104 bits per kmer
[11 Dec 2019 23:11:45-kuY] Note: Using less memory than requested (1.8MB < 3GB); allows for 143,360 kmers
[11 Dec 2019 23:11:45-kuY][memory] graph: 1.8MB
[11 Dec 2019 23:11:45-kuY][memory] total: 1.8MB of 62.6GB RAM
[11 Dec 2019 23:11:45-kuY] Writing 1 colour graph to microbial/bigsi/9/mccortex.ERR3656012.ctx
[11 Dec 2019 23:11:45-kuY][hasht] Allocating table with 143,360 entries, using 1.1MB
[11 Dec 2019 23:11:45-kuY][hasht]  number of buckets: 4,096, bucket size: 35
[11 Dec 2019 23:11:45-kuY][graph] kmer-size: 9; colours: 1; capacity: 143,360
[11 Dec 2019 23:11:45-kuY][hasht] buckets: 4,096 [2^12]; bucket size: 35; 
[11 Dec 2019 23:11:45-kuY][hasht] memory: 1.1MB; filled: 0 / 143,360 (0.00%)
[11 Dec 2019 23:11:45-kuY][asyncio] Inputs: 1; Threads: 1
[11 Dec 2019 23:11:45-kuY][seq] Parsing sequence file microbial/kmer-counts-jellyfish/9/ERR3656012.kmer.gz
[11 Dec 2019 23:11:45-kuY][seq] Loaded 130,303 reads and 0 reads pairs (file: microbial/kmer-counts-jellyfish/9/ERR3656012.kmer.gz)
[11 Dec 2019 23:11:45-kuY][hasht] buckets: 4,096 [2^12]; bucket size: 35; 
[11 Dec 2019 23:11:45-kuY][hasht] memory: 1.1MB; filled: 130,303 / 143,360 (90.89%)
[11 Dec 2019 23:11:45-kuY][hasht]  collisions  0: 125308
[11 Dec 2019 23:11:45-kuY][hasht]  collisions  1: 3871
[11 Dec 2019 23:11:45-kuY][hasht]  collisions  2: 801
[11 Dec 2019 23:11:45-kuY][hasht]  collisions  3: 218
[11 Dec 2019 23:11:45-kuY][hasht]  collisions  4: 72
[11 Dec 2019 23:11:45-kuY][hasht]  collisions  5: 24
[11 Dec 2019 23:11:45-kuY][hasht]  collisions  6: 4
[11 Dec 2019 23:11:45-kuY][hasht]  collisions  7: 2
[11 Dec 2019 23:11:45-kuY][hasht]  collisions  8: 1
[11 Dec 2019 23:11:45-kuY][hasht]  collisions  9: 2
[11 Dec 2019 23:11:45-kuY][task] input: microbial/kmer-counts-jellyfish/9/ERR3656012.kmer.gz colour: 0
[11 Dec 2019 23:11:45-kuY]  SE reads: 130,303  PE reads: 0
[11 Dec 2019 23:11:45-kuY]  good reads: 130,303  bad reads: 0
[11 Dec 2019 23:11:45-kuY]  dup SE reads: 0  dup PE pairs: 0
[11 Dec 2019 23:11:45-kuY]  bases read: 1,172,727  bases loaded: 1,172,727
[11 Dec 2019 23:11:45-kuY]  num contigs: 130,303  num kmers: 130,303 novel kmers: 130,303
[11 Dec 2019 23:11:45-kuY] Dumping graph...
[11 Dec 2019 23:11:45-kuY][graphwriter] Saving file to: microbial/bigsi/9/mccortex.ERR3656012.ctx
[11 Dec 2019 23:11:45-kuY][FileFilter] Writing graph  [1 src colour]
[11 Dec 2019 23:11:45-kuY][graphwriter] Dumped 130,303 kmers in 1 colour into: microbial/bigsi/9/mccortex.ERR3656012.ctx (ver: 6)
[11 Dec 2019 23:11:45-kuY][memory] We made 19 allocs
[11 Dec 2019 23:11:45-kuY] Done.
[11 Dec 2019 23:11:45-kuY][time] 0.00 seconds
	Command being timed: "mccortex 9 build --nkmers 140000 --threads 1 --kmer 9 --mem 3G --sample ERR3656012 --seq microbial/kmer-counts-jellyfish/9/ERR3656012.kmer.gz microbial/bigsi/9/mccortex.ERR3656012.ctx"
	User time (seconds): 0.34
	System time (seconds): 0.19
	Percent of CPU this job got: 71%
	Elapsed (wall clock) time (h:mm:ss or m:ss): 0:00.74
	Average shared text size (kbytes): 0
	Average unshared data size (kbytes): 0
	Average stack size (kbytes): 0
	Average total size (kbytes): 0
	Maximum resident set size (kbytes): 10528
	Average resident set size (kbytes): 0
	Major (requiring I/O) page faults: 0
	Minor (reclaiming a frame) page faults: 2608
	Voluntary context switches: 26697
	Involuntary context switches: 19306
	Swaps: 0
	File system inputs: 528
	File system outputs: 3320
	Socket messages sent: 0
	Socket messages received: 0
	Signals delivered: 0
	Page size (bytes): 4096
	Exit status: 0
