[11 Dec 2019 14:59:57-neL][cmd] /home/CSCScience.ca/apetkau/miniconda3/envs/bigsi_mccortex/bin/mccortex31 build --nkmers 140000 --threads 1 --kmer 9 --mem 3G --sample SRR10513363 --seq microbial/kmer-counts-jellyfish/9/SRR10513363.kmer.gz microbial/bigsi/9/mccortex.SRR10513363.ctx
[11 Dec 2019 14:59:57-neL][cwd] /home/CSCScience.ca/apetkau/workspace/comp7934-project
[11 Dec 2019 14:59:57-neL][version] mccortex=v0.0.3-610-g400c0e3 zlib=1.2.11 htslib=1.8-17-g699ed53 ASSERTS=ON hash=Lookup3 CHECKS=ON k=3..31
[11 Dec 2019 14:59:57-neL] Saving graph to: microbial/bigsi/9/mccortex.SRR10513363.ctx
[11 Dec 2019 14:59:57-neL][sample] 0: SRR10513363
[11 Dec 2019 14:59:57-neL][task] microbial/kmer-counts-jellyfish/9/SRR10513363.kmer.gz; FASTQ offset: auto-detect, threshold: off; cut homopolymers: off; remove PCR duplicates: no; colour: 0
[11 Dec 2019 14:59:57-neL][memory] 104 bits per kmer
[11 Dec 2019 14:59:57-neL] Note: Using less memory than requested (1.8MB < 3GB); allows for 143,360 kmers
[11 Dec 2019 14:59:57-neL][memory] graph: 1.8MB
[11 Dec 2019 14:59:57-neL][memory] total: 1.8MB of 62.6GB RAM
[11 Dec 2019 14:59:57-neL] Writing 1 colour graph to microbial/bigsi/9/mccortex.SRR10513363.ctx
[11 Dec 2019 14:59:57-neL][hasht] Allocating table with 143,360 entries, using 1.1MB
[11 Dec 2019 14:59:57-neL][hasht]  number of buckets: 4,096, bucket size: 35
[11 Dec 2019 14:59:57-neL][graph] kmer-size: 9; colours: 1; capacity: 143,360
[11 Dec 2019 14:59:57-neL][hasht] buckets: 4,096 [2^12]; bucket size: 35; 
[11 Dec 2019 14:59:57-neL][hasht] memory: 1.1MB; filled: 0 / 143,360 (0.00%)
[11 Dec 2019 14:59:57-neL][asyncio] Inputs: 1; Threads: 1
[11 Dec 2019 14:59:57-neL][seq] Parsing sequence file microbial/kmer-counts-jellyfish/9/SRR10513363.kmer.gz
[11 Dec 2019 14:59:58-neL][seq] Loaded 129,214 reads and 0 reads pairs (file: microbial/kmer-counts-jellyfish/9/SRR10513363.kmer.gz)
[11 Dec 2019 14:59:58-neL][hasht] buckets: 4,096 [2^12]; bucket size: 35; 
[11 Dec 2019 14:59:58-neL][hasht] memory: 1.1MB; filled: 129,214 / 143,360 (90.13%)
[11 Dec 2019 14:59:58-neL][hasht]  collisions  0: 124792
[11 Dec 2019 14:59:58-neL][hasht]  collisions  1: 3435
[11 Dec 2019 14:59:58-neL][hasht]  collisions  2: 712
[11 Dec 2019 14:59:58-neL][hasht]  collisions  3: 181
[11 Dec 2019 14:59:58-neL][hasht]  collisions  4: 62
[11 Dec 2019 14:59:58-neL][hasht]  collisions  5: 23
[11 Dec 2019 14:59:58-neL][hasht]  collisions  6: 5
[11 Dec 2019 14:59:58-neL][hasht]  collisions  7: 3
[11 Dec 2019 14:59:58-neL][hasht]  collisions  8: 1
[11 Dec 2019 14:59:58-neL][task] input: microbial/kmer-counts-jellyfish/9/SRR10513363.kmer.gz colour: 0
[11 Dec 2019 14:59:58-neL]  SE reads: 129,214  PE reads: 0
[11 Dec 2019 14:59:58-neL]  good reads: 129,214  bad reads: 0
[11 Dec 2019 14:59:58-neL]  dup SE reads: 0  dup PE pairs: 0
[11 Dec 2019 14:59:58-neL]  bases read: 1,162,926  bases loaded: 1,162,926
[11 Dec 2019 14:59:58-neL]  num contigs: 129,214  num kmers: 129,214 novel kmers: 129,214
[11 Dec 2019 14:59:58-neL] Dumping graph...
[11 Dec 2019 14:59:58-neL][graphwriter] Saving file to: microbial/bigsi/9/mccortex.SRR10513363.ctx
[11 Dec 2019 14:59:58-neL][FileFilter] Writing graph  [1 src colour]
[11 Dec 2019 14:59:58-neL][graphwriter] Dumped 129,214 kmers in 1 colour into: microbial/bigsi/9/mccortex.SRR10513363.ctx (ver: 6)
[11 Dec 2019 14:59:58-neL][memory] We made 19 allocs
[11 Dec 2019 14:59:58-neL] Done.
[11 Dec 2019 14:59:58-neL][time] 1.00 seconds
	Command being timed: "mccortex 9 build --nkmers 140000 --threads 1 --kmer 9 --mem 3G --sample SRR10513363 --seq microbial/kmer-counts-jellyfish/9/SRR10513363.kmer.gz microbial/bigsi/9/mccortex.SRR10513363.ctx"
	User time (seconds): 0.17
	System time (seconds): 0.03
	Percent of CPU this job got: 105%
	Elapsed (wall clock) time (h:mm:ss or m:ss): 0:00.19
	Average shared text size (kbytes): 0
	Average unshared data size (kbytes): 0
	Average stack size (kbytes): 0
	Average total size (kbytes): 0
	Maximum resident set size (kbytes): 10700
	Average resident set size (kbytes): 0
	Major (requiring I/O) page faults: 0
	Minor (reclaiming a frame) page faults: 2609
	Voluntary context switches: 787
	Involuntary context switches: 4032
	Swaps: 0
	File system inputs: 0
	File system outputs: 3296
	Socket messages sent: 0
	Socket messages received: 0
	Signals delivered: 0
	Page size (bytes): 4096
	Exit status: 0
