[11 Dec 2019 14:59:57-xuH][cmd] /home/CSCScience.ca/apetkau/miniconda3/envs/bigsi_mccortex/bin/mccortex31 build --nkmers 140000 --threads 1 --kmer 9 --mem 3G --sample SRR10512968 --seq microbial/kmer-counts-jellyfish/9/SRR10512968.kmer.gz microbial/bigsi/9/mccortex.SRR10512968.ctx
[11 Dec 2019 14:59:57-xuH][cwd] /home/CSCScience.ca/apetkau/workspace/comp7934-project
[11 Dec 2019 14:59:57-xuH][version] mccortex=v0.0.3-610-g400c0e3 zlib=1.2.11 htslib=1.8-17-g699ed53 ASSERTS=ON hash=Lookup3 CHECKS=ON k=3..31
[11 Dec 2019 14:59:57-xuH] Saving graph to: microbial/bigsi/9/mccortex.SRR10512968.ctx
[11 Dec 2019 14:59:57-xuH][sample] 0: SRR10512968
[11 Dec 2019 14:59:57-xuH][task] microbial/kmer-counts-jellyfish/9/SRR10512968.kmer.gz; FASTQ offset: auto-detect, threshold: off; cut homopolymers: off; remove PCR duplicates: no; colour: 0
[11 Dec 2019 14:59:57-xuH][memory] 104 bits per kmer
[11 Dec 2019 14:59:57-xuH] Note: Using less memory than requested (1.8MB < 3GB); allows for 143,360 kmers
[11 Dec 2019 14:59:57-xuH][memory] graph: 1.8MB
[11 Dec 2019 14:59:57-xuH][memory] total: 1.8MB of 62.6GB RAM
[11 Dec 2019 14:59:57-xuH] Writing 1 colour graph to microbial/bigsi/9/mccortex.SRR10512968.ctx
[11 Dec 2019 14:59:57-xuH][hasht] Allocating table with 143,360 entries, using 1.1MB
[11 Dec 2019 14:59:57-xuH][hasht]  number of buckets: 4,096, bucket size: 35
[11 Dec 2019 14:59:57-xuH][graph] kmer-size: 9; colours: 1; capacity: 143,360
[11 Dec 2019 14:59:57-xuH][hasht] buckets: 4,096 [2^12]; bucket size: 35; 
[11 Dec 2019 14:59:57-xuH][hasht] memory: 1.1MB; filled: 0 / 143,360 (0.00%)
[11 Dec 2019 14:59:57-xuH][asyncio] Inputs: 1; Threads: 1
[11 Dec 2019 14:59:57-xuH][seq] Parsing sequence file microbial/kmer-counts-jellyfish/9/SRR10512968.kmer.gz
[11 Dec 2019 14:59:57-xuH][seq] Loaded 130,996 reads and 0 reads pairs (file: microbial/kmer-counts-jellyfish/9/SRR10512968.kmer.gz)
[11 Dec 2019 14:59:57-xuH][hasht] buckets: 4,096 [2^12]; bucket size: 35; 
[11 Dec 2019 14:59:57-xuH][hasht] memory: 1.1MB; filled: 130,996 / 143,360 (91.38%)
[11 Dec 2019 14:59:57-xuH][hasht]  collisions  0: 125835
[11 Dec 2019 14:59:57-xuH][hasht]  collisions  1: 3887
[11 Dec 2019 14:59:57-xuH][hasht]  collisions  2: 890
[11 Dec 2019 14:59:57-xuH][hasht]  collisions  3: 250
[11 Dec 2019 14:59:57-xuH][hasht]  collisions  4: 88
[11 Dec 2019 14:59:57-xuH][hasht]  collisions  5: 28
[11 Dec 2019 14:59:57-xuH][hasht]  collisions  6: 11
[11 Dec 2019 14:59:57-xuH][hasht]  collisions  7: 5
[11 Dec 2019 14:59:57-xuH][hasht]  collisions  8: 2
[11 Dec 2019 14:59:57-xuH][task] input: microbial/kmer-counts-jellyfish/9/SRR10512968.kmer.gz colour: 0
[11 Dec 2019 14:59:57-xuH]  SE reads: 130,996  PE reads: 0
[11 Dec 2019 14:59:57-xuH]  good reads: 130,996  bad reads: 0
[11 Dec 2019 14:59:57-xuH]  dup SE reads: 0  dup PE pairs: 0
[11 Dec 2019 14:59:57-xuH]  bases read: 1,178,964  bases loaded: 1,178,964
[11 Dec 2019 14:59:57-xuH]  num contigs: 130,996  num kmers: 130,996 novel kmers: 130,996
[11 Dec 2019 14:59:57-xuH] Dumping graph...
[11 Dec 2019 14:59:57-xuH][graphwriter] Saving file to: microbial/bigsi/9/mccortex.SRR10512968.ctx
[11 Dec 2019 14:59:57-xuH][FileFilter] Writing graph  [1 src colour]
[11 Dec 2019 14:59:57-xuH][graphwriter] Dumped 130,996 kmers in 1 colour into: microbial/bigsi/9/mccortex.SRR10512968.ctx (ver: 6)
[11 Dec 2019 14:59:57-xuH][memory] We made 19 allocs
[11 Dec 2019 14:59:57-xuH] Done.
[11 Dec 2019 14:59:57-xuH][time] 0.00 seconds
	Command being timed: "mccortex 9 build --nkmers 140000 --threads 1 --kmer 9 --mem 3G --sample SRR10512968 --seq microbial/kmer-counts-jellyfish/9/SRR10512968.kmer.gz microbial/bigsi/9/mccortex.SRR10512968.ctx"
	User time (seconds): 0.21
	System time (seconds): 0.01
	Percent of CPU this job got: 166%
	Elapsed (wall clock) time (h:mm:ss or m:ss): 0:00.13
	Average shared text size (kbytes): 0
	Average unshared data size (kbytes): 0
	Average stack size (kbytes): 0
	Average total size (kbytes): 0
	Maximum resident set size (kbytes): 10732
	Average resident set size (kbytes): 0
	Major (requiring I/O) page faults: 0
	Minor (reclaiming a frame) page faults: 2606
	Voluntary context switches: 284
	Involuntary context switches: 2
	Swaps: 0
	File system inputs: 0
	File system outputs: 3336
	Socket messages sent: 0
	Socket messages received: 0
	Signals delivered: 0
	Page size (bytes): 4096
	Exit status: 0
