[11 Dec 2019 23:11:49-Mep][cmd] /home/CSCScience.ca/apetkau/miniconda3/envs/bigsi_mccortex/bin/mccortex31 build --nkmers 140000 --threads 1 --kmer 9 --mem 3G --sample SRR10527351 --seq microbial/kmer-counts-jellyfish/9/SRR10527351.kmer.gz microbial/bigsi/9/mccortex.SRR10527351.ctx
[11 Dec 2019 23:11:49-Mep][cwd] /home/CSCScience.ca/apetkau/workspace/comp7934-project
[11 Dec 2019 23:11:49-Mep][version] mccortex=v0.0.3-610-g400c0e3 zlib=1.2.11 htslib=1.8-17-g699ed53 ASSERTS=ON hash=Lookup3 CHECKS=ON k=3..31
[11 Dec 2019 23:11:49-Mep] Saving graph to: microbial/bigsi/9/mccortex.SRR10527351.ctx
[11 Dec 2019 23:11:49-Mep][sample] 0: SRR10527351
[11 Dec 2019 23:11:49-Mep][task] microbial/kmer-counts-jellyfish/9/SRR10527351.kmer.gz; FASTQ offset: auto-detect, threshold: off; cut homopolymers: off; remove PCR duplicates: no; colour: 0
[11 Dec 2019 23:11:49-Mep][memory] 104 bits per kmer
[11 Dec 2019 23:11:49-Mep] Note: Using less memory than requested (1.8MB < 3GB); allows for 143,360 kmers
[11 Dec 2019 23:11:49-Mep][memory] graph: 1.8MB
[11 Dec 2019 23:11:49-Mep][memory] total: 1.8MB of 62.6GB RAM
[11 Dec 2019 23:11:49-Mep] Writing 1 colour graph to microbial/bigsi/9/mccortex.SRR10527351.ctx
[11 Dec 2019 23:11:49-Mep][hasht] Allocating table with 143,360 entries, using 1.1MB
[11 Dec 2019 23:11:49-Mep][hasht]  number of buckets: 4,096, bucket size: 35
[11 Dec 2019 23:11:49-Mep][graph] kmer-size: 9; colours: 1; capacity: 143,360
[11 Dec 2019 23:11:49-Mep][hasht] buckets: 4,096 [2^12]; bucket size: 35; 
[11 Dec 2019 23:11:49-Mep][hasht] memory: 1.1MB; filled: 0 / 143,360 (0.00%)
[11 Dec 2019 23:11:49-Mep][asyncio] Inputs: 1; Threads: 1
[11 Dec 2019 23:11:49-Mep][seq] Parsing sequence file microbial/kmer-counts-jellyfish/9/SRR10527351.kmer.gz
[11 Dec 2019 23:11:49-Mep][seq] Loaded 130,148 reads and 0 reads pairs (file: microbial/kmer-counts-jellyfish/9/SRR10527351.kmer.gz)
[11 Dec 2019 23:11:49-Mep][hasht] buckets: 4,096 [2^12]; bucket size: 35; 
[11 Dec 2019 23:11:49-Mep][hasht] memory: 1.1MB; filled: 130,148 / 143,360 (90.78%)
[11 Dec 2019 23:11:49-Mep][hasht]  collisions  0: 125166
[11 Dec 2019 23:11:49-Mep][hasht]  collisions  1: 3874
[11 Dec 2019 23:11:49-Mep][hasht]  collisions  2: 770
[11 Dec 2019 23:11:49-Mep][hasht]  collisions  3: 239
[11 Dec 2019 23:11:49-Mep][hasht]  collisions  4: 66
[11 Dec 2019 23:11:49-Mep][hasht]  collisions  5: 21
[11 Dec 2019 23:11:49-Mep][hasht]  collisions  6: 6
[11 Dec 2019 23:11:49-Mep][hasht]  collisions  7: 3
[11 Dec 2019 23:11:49-Mep][hasht]  collisions  8: 3
[11 Dec 2019 23:11:49-Mep][task] input: microbial/kmer-counts-jellyfish/9/SRR10527351.kmer.gz colour: 0
[11 Dec 2019 23:11:49-Mep]  SE reads: 130,148  PE reads: 0
[11 Dec 2019 23:11:49-Mep]  good reads: 130,148  bad reads: 0
[11 Dec 2019 23:11:49-Mep]  dup SE reads: 0  dup PE pairs: 0
[11 Dec 2019 23:11:49-Mep]  bases read: 1,171,332  bases loaded: 1,171,332
[11 Dec 2019 23:11:49-Mep]  num contigs: 130,148  num kmers: 130,148 novel kmers: 130,148
[11 Dec 2019 23:11:49-Mep] Dumping graph...
[11 Dec 2019 23:11:49-Mep][graphwriter] Saving file to: microbial/bigsi/9/mccortex.SRR10527351.ctx
[11 Dec 2019 23:11:49-Mep][FileFilter] Writing graph  [1 src colour]
[11 Dec 2019 23:11:49-Mep][graphwriter] Dumped 130,148 kmers in 1 colour into: microbial/bigsi/9/mccortex.SRR10527351.ctx (ver: 6)
[11 Dec 2019 23:11:49-Mep][memory] We made 19 allocs
[11 Dec 2019 23:11:49-Mep] Done.
[11 Dec 2019 23:11:49-Mep][time] 0.00 seconds
	Command being timed: "mccortex 9 build --nkmers 140000 --threads 1 --kmer 9 --mem 3G --sample SRR10527351 --seq microbial/kmer-counts-jellyfish/9/SRR10527351.kmer.gz microbial/bigsi/9/mccortex.SRR10527351.ctx"
	User time (seconds): 0.32
	System time (seconds): 0.11
	Percent of CPU this job got: 71%
	Elapsed (wall clock) time (h:mm:ss or m:ss): 0:00.61
	Average shared text size (kbytes): 0
	Average unshared data size (kbytes): 0
	Average stack size (kbytes): 0
	Average total size (kbytes): 0
	Maximum resident set size (kbytes): 10576
	Average resident set size (kbytes): 0
	Major (requiring I/O) page faults: 0
	Minor (reclaiming a frame) page faults: 2603
	Voluntary context switches: 16586
	Involuntary context switches: 18357
	Swaps: 0
	File system inputs: 528
	File system outputs: 3320
	Socket messages sent: 0
	Socket messages received: 0
	Signals delivered: 0
	Page size (bytes): 4096
	Exit status: 0
