[11 Dec 2019 14:59:57-Ric][cmd] /home/CSCScience.ca/apetkau/miniconda3/envs/bigsi_mccortex/bin/mccortex31 build --nkmers 140000 --threads 1 --kmer 9 --mem 3G --sample SRR10519617 --seq microbial/kmer-counts-jellyfish/9/SRR10519617.kmer.gz microbial/bigsi/9/mccortex.SRR10519617.ctx
[11 Dec 2019 14:59:57-Ric][cwd] /home/CSCScience.ca/apetkau/workspace/comp7934-project
[11 Dec 2019 14:59:57-Ric][version] mccortex=v0.0.3-610-g400c0e3 zlib=1.2.11 htslib=1.8-17-g699ed53 ASSERTS=ON hash=Lookup3 CHECKS=ON k=3..31
[11 Dec 2019 14:59:57-Ric] Saving graph to: microbial/bigsi/9/mccortex.SRR10519617.ctx
[11 Dec 2019 14:59:57-Ric][sample] 0: SRR10519617
[11 Dec 2019 14:59:57-Ric][task] microbial/kmer-counts-jellyfish/9/SRR10519617.kmer.gz; FASTQ offset: auto-detect, threshold: off; cut homopolymers: off; remove PCR duplicates: no; colour: 0
[11 Dec 2019 14:59:57-Ric][memory] 104 bits per kmer
[11 Dec 2019 14:59:57-Ric] Note: Using less memory than requested (1.8MB < 3GB); allows for 143,360 kmers
[11 Dec 2019 14:59:57-Ric][memory] graph: 1.8MB
[11 Dec 2019 14:59:57-Ric][memory] total: 1.8MB of 62.6GB RAM
[11 Dec 2019 14:59:57-Ric] Writing 1 colour graph to microbial/bigsi/9/mccortex.SRR10519617.ctx
[11 Dec 2019 14:59:57-Ric][hasht] Allocating table with 143,360 entries, using 1.1MB
[11 Dec 2019 14:59:57-Ric][hasht]  number of buckets: 4,096, bucket size: 35
[11 Dec 2019 14:59:57-Ric][graph] kmer-size: 9; colours: 1; capacity: 143,360
[11 Dec 2019 14:59:57-Ric][hasht] buckets: 4,096 [2^12]; bucket size: 35; 
[11 Dec 2019 14:59:57-Ric][hasht] memory: 1.1MB; filled: 0 / 143,360 (0.00%)
[11 Dec 2019 14:59:57-Ric][asyncio] Inputs: 1; Threads: 1
[11 Dec 2019 14:59:57-Ric][seq] Parsing sequence file microbial/kmer-counts-jellyfish/9/SRR10519617.kmer.gz
[11 Dec 2019 14:59:58-Ric][seq] Loaded 129,651 reads and 0 reads pairs (file: microbial/kmer-counts-jellyfish/9/SRR10519617.kmer.gz)
[11 Dec 2019 14:59:58-Ric][hasht] buckets: 4,096 [2^12]; bucket size: 35; 
[11 Dec 2019 14:59:58-Ric][hasht] memory: 1.1MB; filled: 129,651 / 143,360 (90.44%)
[11 Dec 2019 14:59:58-Ric][hasht]  collisions  0: 125032
[11 Dec 2019 14:59:58-Ric][hasht]  collisions  1: 3624
[11 Dec 2019 14:59:58-Ric][hasht]  collisions  2: 729
[11 Dec 2019 14:59:58-Ric][hasht]  collisions  3: 173
[11 Dec 2019 14:59:58-Ric][hasht]  collisions  4: 59
[11 Dec 2019 14:59:58-Ric][hasht]  collisions  5: 24
[11 Dec 2019 14:59:58-Ric][hasht]  collisions  6: 8
[11 Dec 2019 14:59:58-Ric][hasht]  collisions  7: 1
[11 Dec 2019 14:59:58-Ric][hasht]  collisions  8: 1
[11 Dec 2019 14:59:58-Ric][task] input: microbial/kmer-counts-jellyfish/9/SRR10519617.kmer.gz colour: 0
[11 Dec 2019 14:59:58-Ric]  SE reads: 129,651  PE reads: 0
[11 Dec 2019 14:59:58-Ric]  good reads: 129,651  bad reads: 0
[11 Dec 2019 14:59:58-Ric]  dup SE reads: 0  dup PE pairs: 0
[11 Dec 2019 14:59:58-Ric]  bases read: 1,166,859  bases loaded: 1,166,859
[11 Dec 2019 14:59:58-Ric]  num contigs: 129,651  num kmers: 129,651 novel kmers: 129,651
[11 Dec 2019 14:59:58-Ric] Dumping graph...
[11 Dec 2019 14:59:58-Ric][graphwriter] Saving file to: microbial/bigsi/9/mccortex.SRR10519617.ctx
[11 Dec 2019 14:59:58-Ric][FileFilter] Writing graph  [1 src colour]
[11 Dec 2019 14:59:58-Ric][graphwriter] Dumped 129,651 kmers in 1 colour into: microbial/bigsi/9/mccortex.SRR10519617.ctx (ver: 6)
[11 Dec 2019 14:59:58-Ric][memory] We made 19 allocs
[11 Dec 2019 14:59:58-Ric] Done.
[11 Dec 2019 14:59:58-Ric][time] 1.00 seconds
	Command being timed: "mccortex 9 build --nkmers 140000 --threads 1 --kmer 9 --mem 3G --sample SRR10519617 --seq microbial/kmer-counts-jellyfish/9/SRR10519617.kmer.gz microbial/bigsi/9/mccortex.SRR10519617.ctx"
	User time (seconds): 0.19
	System time (seconds): 0.03
	Percent of CPU this job got: 69%
	Elapsed (wall clock) time (h:mm:ss or m:ss): 0:00.33
	Average shared text size (kbytes): 0
	Average unshared data size (kbytes): 0
	Average stack size (kbytes): 0
	Average total size (kbytes): 0
	Maximum resident set size (kbytes): 10608
	Average resident set size (kbytes): 0
	Major (requiring I/O) page faults: 0
	Minor (reclaiming a frame) page faults: 2603
	Voluntary context switches: 873
	Involuntary context switches: 1589
	Swaps: 0
	File system inputs: 0
	File system outputs: 3304
	Socket messages sent: 0
	Socket messages received: 0
	Signals delivered: 0
	Page size (bytes): 4096
	Exit status: 0
