[11 Dec 2019 23:11:52-Nor][cmd] /home/CSCScience.ca/apetkau/miniconda3/envs/bigsi_mccortex/bin/mccortex31 build --nkmers 140000 --threads 1 --kmer 9 --mem 3G --sample SRR8088184 --seq microbial/kmer-counts-jellyfish/9/SRR8088184.kmer.gz microbial/bigsi/9/mccortex.SRR8088184.ctx
[11 Dec 2019 23:11:52-Nor][cwd] /home/CSCScience.ca/apetkau/workspace/comp7934-project
[11 Dec 2019 23:11:52-Nor][version] mccortex=v0.0.3-610-g400c0e3 zlib=1.2.11 htslib=1.8-17-g699ed53 ASSERTS=ON hash=Lookup3 CHECKS=ON k=3..31
[11 Dec 2019 23:11:52-Nor] Saving graph to: microbial/bigsi/9/mccortex.SRR8088184.ctx
[11 Dec 2019 23:11:52-Nor][sample] 0: SRR8088184
[11 Dec 2019 23:11:52-Nor][task] microbial/kmer-counts-jellyfish/9/SRR8088184.kmer.gz; FASTQ offset: auto-detect, threshold: off; cut homopolymers: off; remove PCR duplicates: no; colour: 0
[11 Dec 2019 23:11:52-Nor][memory] 104 bits per kmer
[11 Dec 2019 23:11:52-Nor] Note: Using less memory than requested (1.8MB < 3GB); allows for 143,360 kmers
[11 Dec 2019 23:11:52-Nor][memory] graph: 1.8MB
[11 Dec 2019 23:11:52-Nor][memory] total: 1.8MB of 62.6GB RAM
[11 Dec 2019 23:11:52-Nor] Writing 1 colour graph to microbial/bigsi/9/mccortex.SRR8088184.ctx
[11 Dec 2019 23:11:52-Nor][hasht] Allocating table with 143,360 entries, using 1.1MB
[11 Dec 2019 23:11:52-Nor][hasht]  number of buckets: 4,096, bucket size: 35
[11 Dec 2019 23:11:52-Nor][graph] kmer-size: 9; colours: 1; capacity: 143,360
[11 Dec 2019 23:11:52-Nor][hasht] buckets: 4,096 [2^12]; bucket size: 35; 
[11 Dec 2019 23:11:52-Nor][hasht] memory: 1.1MB; filled: 0 / 143,360 (0.00%)
[11 Dec 2019 23:11:52-Nor][asyncio] Inputs: 1; Threads: 1
[11 Dec 2019 23:11:52-Nor][seq] Parsing sequence file microbial/kmer-counts-jellyfish/9/SRR8088184.kmer.gz
[11 Dec 2019 23:11:52-Nor][seq] Loaded 128,826 reads and 0 reads pairs (file: microbial/kmer-counts-jellyfish/9/SRR8088184.kmer.gz)
[11 Dec 2019 23:11:52-Nor][hasht] buckets: 4,096 [2^12]; bucket size: 35; 
[11 Dec 2019 23:11:52-Nor][hasht] memory: 1.1MB; filled: 128,826 / 143,360 (89.86%)
[11 Dec 2019 23:11:52-Nor][hasht]  collisions  0: 124315
[11 Dec 2019 23:11:52-Nor][hasht]  collisions  1: 3586
[11 Dec 2019 23:11:52-Nor][hasht]  collisions  2: 690
[11 Dec 2019 23:11:52-Nor][hasht]  collisions  3: 158
[11 Dec 2019 23:11:52-Nor][hasht]  collisions  4: 54
[11 Dec 2019 23:11:52-Nor][hasht]  collisions  5: 9
[11 Dec 2019 23:11:52-Nor][hasht]  collisions  6: 9
[11 Dec 2019 23:11:52-Nor][hasht]  collisions  7: 3
[11 Dec 2019 23:11:52-Nor][hasht]  collisions  9: 1
[11 Dec 2019 23:11:52-Nor][hasht]  collisions 10: 1
[11 Dec 2019 23:11:52-Nor][task] input: microbial/kmer-counts-jellyfish/9/SRR8088184.kmer.gz colour: 0
[11 Dec 2019 23:11:52-Nor]  SE reads: 128,826  PE reads: 0
[11 Dec 2019 23:11:52-Nor]  good reads: 128,826  bad reads: 0
[11 Dec 2019 23:11:52-Nor]  dup SE reads: 0  dup PE pairs: 0
[11 Dec 2019 23:11:52-Nor]  bases read: 1,159,434  bases loaded: 1,159,434
[11 Dec 2019 23:11:52-Nor]  num contigs: 128,826  num kmers: 128,826 novel kmers: 128,826
[11 Dec 2019 23:11:52-Nor] Dumping graph...
[11 Dec 2019 23:11:52-Nor][graphwriter] Saving file to: microbial/bigsi/9/mccortex.SRR8088184.ctx
[11 Dec 2019 23:11:52-Nor][FileFilter] Writing graph  [1 src colour]
[11 Dec 2019 23:11:52-Nor][graphwriter] Dumped 128,826 kmers in 1 colour into: microbial/bigsi/9/mccortex.SRR8088184.ctx (ver: 6)
[11 Dec 2019 23:11:52-Nor][memory] We made 19 allocs
[11 Dec 2019 23:11:52-Nor] Done.
[11 Dec 2019 23:11:52-Nor][time] 0.00 seconds
	Command being timed: "mccortex 9 build --nkmers 140000 --threads 1 --kmer 9 --mem 3G --sample SRR8088184 --seq microbial/kmer-counts-jellyfish/9/SRR8088184.kmer.gz microbial/bigsi/9/mccortex.SRR8088184.ctx"
	User time (seconds): 0.18
	System time (seconds): 0.03
	Percent of CPU this job got: 163%
	Elapsed (wall clock) time (h:mm:ss or m:ss): 0:00.13
	Average shared text size (kbytes): 0
	Average unshared data size (kbytes): 0
	Average stack size (kbytes): 0
	Average total size (kbytes): 0
	Maximum resident set size (kbytes): 10532
	Average resident set size (kbytes): 0
	Major (requiring I/O) page faults: 0
	Minor (reclaiming a frame) page faults: 2596
	Voluntary context switches: 202
	Involuntary context switches: 4
	Swaps: 0
	File system inputs: 528
	File system outputs: 3280
	Socket messages sent: 0
	Socket messages received: 0
	Signals delivered: 0
	Page size (bytes): 4096
	Exit status: 0
