[11 Dec 2019 23:11:45-fiN][cmd] /home/CSCScience.ca/apetkau/miniconda3/envs/bigsi_mccortex/bin/mccortex31 build --nkmers 140000 --threads 1 --kmer 9 --mem 3G --sample SRR10298904 --seq microbial/kmer-counts-jellyfish/9/SRR10298904.kmer.gz microbial/bigsi/9/mccortex.SRR10298904.ctx
[11 Dec 2019 23:11:45-fiN][cwd] /home/CSCScience.ca/apetkau/workspace/comp7934-project
[11 Dec 2019 23:11:45-fiN][version] mccortex=v0.0.3-610-g400c0e3 zlib=1.2.11 htslib=1.8-17-g699ed53 ASSERTS=ON hash=Lookup3 CHECKS=ON k=3..31
[11 Dec 2019 23:11:45-fiN] Saving graph to: microbial/bigsi/9/mccortex.SRR10298904.ctx
[11 Dec 2019 23:11:45-fiN][sample] 0: SRR10298904
[11 Dec 2019 23:11:45-fiN][task] microbial/kmer-counts-jellyfish/9/SRR10298904.kmer.gz; FASTQ offset: auto-detect, threshold: off; cut homopolymers: off; remove PCR duplicates: no; colour: 0
[11 Dec 2019 23:11:45-fiN][memory] 104 bits per kmer
[11 Dec 2019 23:11:45-fiN] Note: Using less memory than requested (1.8MB < 3GB); allows for 143,360 kmers
[11 Dec 2019 23:11:45-fiN][memory] graph: 1.8MB
[11 Dec 2019 23:11:45-fiN][memory] total: 1.8MB of 62.6GB RAM
[11 Dec 2019 23:11:45-fiN] Writing 1 colour graph to microbial/bigsi/9/mccortex.SRR10298904.ctx
[11 Dec 2019 23:11:45-fiN][hasht] Allocating table with 143,360 entries, using 1.1MB
[11 Dec 2019 23:11:45-fiN][hasht]  number of buckets: 4,096, bucket size: 35
[11 Dec 2019 23:11:45-fiN][graph] kmer-size: 9; colours: 1; capacity: 143,360
[11 Dec 2019 23:11:45-fiN][hasht] buckets: 4,096 [2^12]; bucket size: 35; 
[11 Dec 2019 23:11:45-fiN][hasht] memory: 1.1MB; filled: 0 / 143,360 (0.00%)
[11 Dec 2019 23:11:45-fiN][asyncio] Inputs: 1; Threads: 1
[11 Dec 2019 23:11:45-fiN][seq] Parsing sequence file microbial/kmer-counts-jellyfish/9/SRR10298904.kmer.gz
[11 Dec 2019 23:11:45-fiN][seq] Loaded 130,398 reads and 0 reads pairs (file: microbial/kmer-counts-jellyfish/9/SRR10298904.kmer.gz)
[11 Dec 2019 23:11:45-fiN][hasht] buckets: 4,096 [2^12]; bucket size: 35; 
[11 Dec 2019 23:11:45-fiN][hasht] memory: 1.1MB; filled: 130,398 / 143,360 (90.96%)
[11 Dec 2019 23:11:45-fiN][hasht]  collisions  0: 125538
[11 Dec 2019 23:11:45-fiN][hasht]  collisions  1: 3777
[11 Dec 2019 23:11:45-fiN][hasht]  collisions  2: 776
[11 Dec 2019 23:11:45-fiN][hasht]  collisions  3: 209
[11 Dec 2019 23:11:45-fiN][hasht]  collisions  4: 67
[11 Dec 2019 23:11:45-fiN][hasht]  collisions  5: 19
[11 Dec 2019 23:11:45-fiN][hasht]  collisions  6: 9
[11 Dec 2019 23:11:45-fiN][hasht]  collisions  7: 2
[11 Dec 2019 23:11:45-fiN][hasht]  collisions  8: 1
[11 Dec 2019 23:11:45-fiN][task] input: microbial/kmer-counts-jellyfish/9/SRR10298904.kmer.gz colour: 0
[11 Dec 2019 23:11:45-fiN]  SE reads: 130,398  PE reads: 0
[11 Dec 2019 23:11:45-fiN]  good reads: 130,398  bad reads: 0
[11 Dec 2019 23:11:45-fiN]  dup SE reads: 0  dup PE pairs: 0
[11 Dec 2019 23:11:45-fiN]  bases read: 1,173,582  bases loaded: 1,173,582
[11 Dec 2019 23:11:45-fiN]  num contigs: 130,398  num kmers: 130,398 novel kmers: 130,398
[11 Dec 2019 23:11:45-fiN] Dumping graph...
[11 Dec 2019 23:11:45-fiN][graphwriter] Saving file to: microbial/bigsi/9/mccortex.SRR10298904.ctx
[11 Dec 2019 23:11:45-fiN][FileFilter] Writing graph  [1 src colour]
[11 Dec 2019 23:11:46-fiN][graphwriter] Dumped 130,398 kmers in 1 colour into: microbial/bigsi/9/mccortex.SRR10298904.ctx (ver: 6)
[11 Dec 2019 23:11:46-fiN][memory] We made 19 allocs
[11 Dec 2019 23:11:46-fiN] Done.
[11 Dec 2019 23:11:46-fiN][time] 1.00 seconds
	Command being timed: "mccortex 9 build --nkmers 140000 --threads 1 --kmer 9 --mem 3G --sample SRR10298904 --seq microbial/kmer-counts-jellyfish/9/SRR10298904.kmer.gz microbial/bigsi/9/mccortex.SRR10298904.ctx"
	User time (seconds): 0.31
	System time (seconds): 0.13
	Percent of CPU this job got: 61%
	Elapsed (wall clock) time (h:mm:ss or m:ss): 0:00.73
	Average shared text size (kbytes): 0
	Average unshared data size (kbytes): 0
	Average stack size (kbytes): 0
	Average total size (kbytes): 0
	Maximum resident set size (kbytes): 10512
	Average resident set size (kbytes): 0
	Major (requiring I/O) page faults: 0
	Minor (reclaiming a frame) page faults: 2606
	Voluntary context switches: 13104
	Involuntary context switches: 10999
	Swaps: 0
	File system inputs: 528
	File system outputs: 3320
	Socket messages sent: 0
	Socket messages received: 0
	Signals delivered: 0
	Page size (bytes): 4096
	Exit status: 0
