[11 Dec 2019 14:59:58-Zew][cmd] /home/CSCScience.ca/apetkau/miniconda3/envs/bigsi_mccortex/bin/mccortex31 build --nkmers 140000 --threads 1 --kmer 9 --mem 3G --sample SRR8088181 --seq microbial/kmer-counts-jellyfish/9/SRR8088181.kmer.gz microbial/bigsi/9/mccortex.SRR8088181.ctx
[11 Dec 2019 14:59:58-Zew][cwd] /home/CSCScience.ca/apetkau/workspace/comp7934-project
[11 Dec 2019 14:59:58-Zew][version] mccortex=v0.0.3-610-g400c0e3 zlib=1.2.11 htslib=1.8-17-g699ed53 ASSERTS=ON hash=Lookup3 CHECKS=ON k=3..31
[11 Dec 2019 14:59:58-Zew] Saving graph to: microbial/bigsi/9/mccortex.SRR8088181.ctx
[11 Dec 2019 14:59:58-Zew][sample] 0: SRR8088181
[11 Dec 2019 14:59:58-Zew][task] microbial/kmer-counts-jellyfish/9/SRR8088181.kmer.gz; FASTQ offset: auto-detect, threshold: off; cut homopolymers: off; remove PCR duplicates: no; colour: 0
[11 Dec 2019 14:59:58-Zew][memory] 104 bits per kmer
[11 Dec 2019 14:59:58-Zew] Note: Using less memory than requested (1.8MB < 3GB); allows for 143,360 kmers
[11 Dec 2019 14:59:58-Zew][memory] graph: 1.8MB
[11 Dec 2019 14:59:58-Zew][memory] total: 1.8MB of 62.6GB RAM
[11 Dec 2019 14:59:58-Zew] Writing 1 colour graph to microbial/bigsi/9/mccortex.SRR8088181.ctx
[11 Dec 2019 14:59:58-Zew][hasht] Allocating table with 143,360 entries, using 1.1MB
[11 Dec 2019 14:59:58-Zew][hasht]  number of buckets: 4,096, bucket size: 35
[11 Dec 2019 14:59:58-Zew][graph] kmer-size: 9; colours: 1; capacity: 143,360
[11 Dec 2019 14:59:58-Zew][hasht] buckets: 4,096 [2^12]; bucket size: 35; 
[11 Dec 2019 14:59:58-Zew][hasht] memory: 1.1MB; filled: 0 / 143,360 (0.00%)
[11 Dec 2019 14:59:58-Zew][asyncio] Inputs: 1; Threads: 1
[11 Dec 2019 14:59:58-Zew][seq] Parsing sequence file microbial/kmer-counts-jellyfish/9/SRR8088181.kmer.gz
[11 Dec 2019 14:59:58-Zew][seq] Loaded 128,053 reads and 0 reads pairs (file: microbial/kmer-counts-jellyfish/9/SRR8088181.kmer.gz)
[11 Dec 2019 14:59:58-Zew][hasht] buckets: 4,096 [2^12]; bucket size: 35; 
[11 Dec 2019 14:59:58-Zew][hasht] memory: 1.1MB; filled: 128,053 / 143,360 (89.32%)
[11 Dec 2019 14:59:58-Zew][hasht]  collisions  0: 123878
[11 Dec 2019 14:59:58-Zew][hasht]  collisions  1: 3383
[11 Dec 2019 14:59:58-Zew][hasht]  collisions  2: 619
[11 Dec 2019 14:59:58-Zew][hasht]  collisions  3: 132
[11 Dec 2019 14:59:58-Zew][hasht]  collisions  4: 27
[11 Dec 2019 14:59:58-Zew][hasht]  collisions  5: 9
[11 Dec 2019 14:59:58-Zew][hasht]  collisions  6: 2
[11 Dec 2019 14:59:58-Zew][hasht]  collisions  7: 3
[11 Dec 2019 14:59:58-Zew][task] input: microbial/kmer-counts-jellyfish/9/SRR8088181.kmer.gz colour: 0
[11 Dec 2019 14:59:58-Zew]  SE reads: 128,053  PE reads: 0
[11 Dec 2019 14:59:58-Zew]  good reads: 128,053  bad reads: 0
[11 Dec 2019 14:59:58-Zew]  dup SE reads: 0  dup PE pairs: 0
[11 Dec 2019 14:59:58-Zew]  bases read: 1,152,477  bases loaded: 1,152,477
[11 Dec 2019 14:59:58-Zew]  num contigs: 128,053  num kmers: 128,053 novel kmers: 128,053
[11 Dec 2019 14:59:58-Zew] Dumping graph...
[11 Dec 2019 14:59:58-Zew][graphwriter] Saving file to: microbial/bigsi/9/mccortex.SRR8088181.ctx
[11 Dec 2019 14:59:58-Zew][FileFilter] Writing graph  [1 src colour]
[11 Dec 2019 14:59:58-Zew][graphwriter] Dumped 128,053 kmers in 1 colour into: microbial/bigsi/9/mccortex.SRR8088181.ctx (ver: 6)
[11 Dec 2019 14:59:58-Zew][memory] We made 19 allocs
[11 Dec 2019 14:59:58-Zew] Done.
[11 Dec 2019 14:59:58-Zew][time] 0.00 seconds
	Command being timed: "mccortex 9 build --nkmers 140000 --threads 1 --kmer 9 --mem 3G --sample SRR8088181 --seq microbial/kmer-counts-jellyfish/9/SRR8088181.kmer.gz microbial/bigsi/9/mccortex.SRR8088181.ctx"
	User time (seconds): 0.17
	System time (seconds): 0.09
	Percent of CPU this job got: 66%
	Elapsed (wall clock) time (h:mm:ss or m:ss): 0:00.40
	Average shared text size (kbytes): 0
	Average unshared data size (kbytes): 0
	Average stack size (kbytes): 0
	Average total size (kbytes): 0
	Maximum resident set size (kbytes): 10564
	Average resident set size (kbytes): 0
	Major (requiring I/O) page faults: 0
	Minor (reclaiming a frame) page faults: 2603
	Voluntary context switches: 10976
	Involuntary context switches: 10513
	Swaps: 0
	File system inputs: 0
	File system outputs: 3264
	Socket messages sent: 0
	Socket messages received: 0
	Signals delivered: 0
	Page size (bytes): 4096
	Exit status: 0
