[11 Dec 2019 23:11:48-Reh][cmd] /home/CSCScience.ca/apetkau/miniconda3/envs/bigsi_mccortex/bin/mccortex31 build --nkmers 140000 --threads 1 --kmer 9 --mem 3G --sample SRR10521983 --seq microbial/kmer-counts-jellyfish/9/SRR10521983.kmer.gz microbial/bigsi/9/mccortex.SRR10521983.ctx
[11 Dec 2019 23:11:48-Reh][cwd] /home/CSCScience.ca/apetkau/workspace/comp7934-project
[11 Dec 2019 23:11:48-Reh][version] mccortex=v0.0.3-610-g400c0e3 zlib=1.2.11 htslib=1.8-17-g699ed53 ASSERTS=ON hash=Lookup3 CHECKS=ON k=3..31
[11 Dec 2019 23:11:48-Reh] Saving graph to: microbial/bigsi/9/mccortex.SRR10521983.ctx
[11 Dec 2019 23:11:48-Reh][sample] 0: SRR10521983
[11 Dec 2019 23:11:48-Reh][task] microbial/kmer-counts-jellyfish/9/SRR10521983.kmer.gz; FASTQ offset: auto-detect, threshold: off; cut homopolymers: off; remove PCR duplicates: no; colour: 0
[11 Dec 2019 23:11:48-Reh][memory] 104 bits per kmer
[11 Dec 2019 23:11:48-Reh] Note: Using less memory than requested (1.8MB < 3GB); allows for 143,360 kmers
[11 Dec 2019 23:11:48-Reh][memory] graph: 1.8MB
[11 Dec 2019 23:11:48-Reh][memory] total: 1.8MB of 62.6GB RAM
[11 Dec 2019 23:11:48-Reh] Writing 1 colour graph to microbial/bigsi/9/mccortex.SRR10521983.ctx
[11 Dec 2019 23:11:48-Reh][hasht] Allocating table with 143,360 entries, using 1.1MB
[11 Dec 2019 23:11:48-Reh][hasht]  number of buckets: 4,096, bucket size: 35
[11 Dec 2019 23:11:48-Reh][graph] kmer-size: 9; colours: 1; capacity: 143,360
[11 Dec 2019 23:11:48-Reh][hasht] buckets: 4,096 [2^12]; bucket size: 35; 
[11 Dec 2019 23:11:48-Reh][hasht] memory: 1.1MB; filled: 0 / 143,360 (0.00%)
[11 Dec 2019 23:11:48-Reh][asyncio] Inputs: 1; Threads: 1
[11 Dec 2019 23:11:48-Reh][seq] Parsing sequence file microbial/kmer-counts-jellyfish/9/SRR10521983.kmer.gz
[11 Dec 2019 23:11:49-Reh][seq] Loaded 110,797 reads and 0 reads pairs (file: microbial/kmer-counts-jellyfish/9/SRR10521983.kmer.gz)
[11 Dec 2019 23:11:49-Reh][hasht] buckets: 4,096 [2^12]; bucket size: 35; 
[11 Dec 2019 23:11:49-Reh][hasht] memory: 1.1MB; filled: 110,797 / 143,360 (77.29%)
[11 Dec 2019 23:11:49-Reh][hasht]  collisions  0: 110047
[11 Dec 2019 23:11:49-Reh][hasht]  collisions  1: 722
[11 Dec 2019 23:11:49-Reh][hasht]  collisions  2: 26
[11 Dec 2019 23:11:49-Reh][hasht]  collisions  3: 2
[11 Dec 2019 23:11:49-Reh][task] input: microbial/kmer-counts-jellyfish/9/SRR10521983.kmer.gz colour: 0
[11 Dec 2019 23:11:49-Reh]  SE reads: 110,797  PE reads: 0
[11 Dec 2019 23:11:49-Reh]  good reads: 110,797  bad reads: 0
[11 Dec 2019 23:11:49-Reh]  dup SE reads: 0  dup PE pairs: 0
[11 Dec 2019 23:11:49-Reh]  bases read: 997,173  bases loaded: 997,173
[11 Dec 2019 23:11:49-Reh]  num contigs: 110,797  num kmers: 110,797 novel kmers: 110,797
[11 Dec 2019 23:11:49-Reh] Dumping graph...
[11 Dec 2019 23:11:49-Reh][graphwriter] Saving file to: microbial/bigsi/9/mccortex.SRR10521983.ctx
[11 Dec 2019 23:11:49-Reh][FileFilter] Writing graph  [1 src colour]
[11 Dec 2019 23:11:49-Reh][graphwriter] Dumped 110,797 kmers in 1 colour into: microbial/bigsi/9/mccortex.SRR10521983.ctx (ver: 6)
[11 Dec 2019 23:11:49-Reh][memory] We made 19 allocs
[11 Dec 2019 23:11:49-Reh] Done.
[11 Dec 2019 23:11:49-Reh][time] 1.00 seconds
	Command being timed: "mccortex 9 build --nkmers 140000 --threads 1 --kmer 9 --mem 3G --sample SRR10521983 --seq microbial/kmer-counts-jellyfish/9/SRR10521983.kmer.gz microbial/bigsi/9/mccortex.SRR10521983.ctx"
	User time (seconds): 0.18
	System time (seconds): 0.12
	Percent of CPU this job got: 60%
	Elapsed (wall clock) time (h:mm:ss or m:ss): 0:00.51
	Average shared text size (kbytes): 0
	Average unshared data size (kbytes): 0
	Average stack size (kbytes): 0
	Average total size (kbytes): 0
	Maximum resident set size (kbytes): 10524
	Average resident set size (kbytes): 0
	Major (requiring I/O) page faults: 0
	Minor (reclaiming a frame) page faults: 2595
	Voluntary context switches: 13368
	Involuntary context switches: 16121
	Swaps: 0
	File system inputs: 456
	File system outputs: 2824
	Socket messages sent: 0
	Socket messages received: 0
	Signals delivered: 0
	Page size (bytes): 4096
	Exit status: 0
