[11 Dec 2019 23:11:48-HEq][cmd] /home/CSCScience.ca/apetkau/miniconda3/envs/bigsi_mccortex/bin/mccortex31 build --nkmers 140000 --threads 1 --kmer 9 --mem 3G --sample SRR10519616 --seq microbial/kmer-counts-jellyfish/9/SRR10519616.kmer.gz microbial/bigsi/9/mccortex.SRR10519616.ctx
[11 Dec 2019 23:11:48-HEq][cwd] /home/CSCScience.ca/apetkau/workspace/comp7934-project
[11 Dec 2019 23:11:48-HEq][version] mccortex=v0.0.3-610-g400c0e3 zlib=1.2.11 htslib=1.8-17-g699ed53 ASSERTS=ON hash=Lookup3 CHECKS=ON k=3..31
[11 Dec 2019 23:11:48-HEq] Saving graph to: microbial/bigsi/9/mccortex.SRR10519616.ctx
[11 Dec 2019 23:11:48-HEq][sample] 0: SRR10519616
[11 Dec 2019 23:11:48-HEq][task] microbial/kmer-counts-jellyfish/9/SRR10519616.kmer.gz; FASTQ offset: auto-detect, threshold: off; cut homopolymers: off; remove PCR duplicates: no; colour: 0
[11 Dec 2019 23:11:48-HEq][memory] 104 bits per kmer
[11 Dec 2019 23:11:48-HEq] Note: Using less memory than requested (1.8MB < 3GB); allows for 143,360 kmers
[11 Dec 2019 23:11:48-HEq][memory] graph: 1.8MB
[11 Dec 2019 23:11:48-HEq][memory] total: 1.8MB of 62.6GB RAM
[11 Dec 2019 23:11:48-HEq] Writing 1 colour graph to microbial/bigsi/9/mccortex.SRR10519616.ctx
[11 Dec 2019 23:11:48-HEq][hasht] Allocating table with 143,360 entries, using 1.1MB
[11 Dec 2019 23:11:48-HEq][hasht]  number of buckets: 4,096, bucket size: 35
[11 Dec 2019 23:11:48-HEq][graph] kmer-size: 9; colours: 1; capacity: 143,360
[11 Dec 2019 23:11:48-HEq][hasht] buckets: 4,096 [2^12]; bucket size: 35; 
[11 Dec 2019 23:11:48-HEq][hasht] memory: 1.1MB; filled: 0 / 143,360 (0.00%)
[11 Dec 2019 23:11:48-HEq][asyncio] Inputs: 1; Threads: 1
[11 Dec 2019 23:11:48-HEq][seq] Parsing sequence file microbial/kmer-counts-jellyfish/9/SRR10519616.kmer.gz
[11 Dec 2019 23:11:48-HEq][seq] Loaded 129,916 reads and 0 reads pairs (file: microbial/kmer-counts-jellyfish/9/SRR10519616.kmer.gz)
[11 Dec 2019 23:11:48-HEq][hasht] buckets: 4,096 [2^12]; bucket size: 35; 
[11 Dec 2019 23:11:48-HEq][hasht] memory: 1.1MB; filled: 129,916 / 143,360 (90.62%)
[11 Dec 2019 23:11:48-HEq][hasht]  collisions  0: 125200
[11 Dec 2019 23:11:48-HEq][hasht]  collisions  1: 3640
[11 Dec 2019 23:11:48-HEq][hasht]  collisions  2: 768
[11 Dec 2019 23:11:48-HEq][hasht]  collisions  3: 201
[11 Dec 2019 23:11:48-HEq][hasht]  collisions  4: 65
[11 Dec 2019 23:11:48-HEq][hasht]  collisions  5: 35
[11 Dec 2019 23:11:48-HEq][hasht]  collisions  6: 4
[11 Dec 2019 23:11:48-HEq][hasht]  collisions  7: 2
[11 Dec 2019 23:11:48-HEq][hasht]  collisions  8: 1
[11 Dec 2019 23:11:48-HEq][task] input: microbial/kmer-counts-jellyfish/9/SRR10519616.kmer.gz colour: 0
[11 Dec 2019 23:11:48-HEq]  SE reads: 129,916  PE reads: 0
[11 Dec 2019 23:11:48-HEq]  good reads: 129,916  bad reads: 0
[11 Dec 2019 23:11:48-HEq]  dup SE reads: 0  dup PE pairs: 0
[11 Dec 2019 23:11:48-HEq]  bases read: 1,169,244  bases loaded: 1,169,244
[11 Dec 2019 23:11:48-HEq]  num contigs: 129,916  num kmers: 129,916 novel kmers: 129,916
[11 Dec 2019 23:11:48-HEq] Dumping graph...
[11 Dec 2019 23:11:48-HEq][graphwriter] Saving file to: microbial/bigsi/9/mccortex.SRR10519616.ctx
[11 Dec 2019 23:11:48-HEq][FileFilter] Writing graph  [1 src colour]
[11 Dec 2019 23:11:48-HEq][graphwriter] Dumped 129,916 kmers in 1 colour into: microbial/bigsi/9/mccortex.SRR10519616.ctx (ver: 6)
[11 Dec 2019 23:11:48-HEq][memory] We made 19 allocs
[11 Dec 2019 23:11:48-HEq] Done.
[11 Dec 2019 23:11:48-HEq][time] 0.00 seconds
	Command being timed: "mccortex 9 build --nkmers 140000 --threads 1 --kmer 9 --mem 3G --sample SRR10519616 --seq microbial/kmer-counts-jellyfish/9/SRR10519616.kmer.gz microbial/bigsi/9/mccortex.SRR10519616.ctx"
	User time (seconds): 0.18
	System time (seconds): 0.00
	Percent of CPU this job got: 93%
	Elapsed (wall clock) time (h:mm:ss or m:ss): 0:00.20
	Average shared text size (kbytes): 0
	Average unshared data size (kbytes): 0
	Average stack size (kbytes): 0
	Average total size (kbytes): 0
	Maximum resident set size (kbytes): 10756
	Average resident set size (kbytes): 0
	Major (requiring I/O) page faults: 0
	Minor (reclaiming a frame) page faults: 2603
	Voluntary context switches: 138
	Involuntary context switches: 1234
	Swaps: 0
	File system inputs: 528
	File system outputs: 3312
	Socket messages sent: 0
	Socket messages received: 0
	Signals delivered: 0
	Page size (bytes): 4096
	Exit status: 0
