[11 Dec 2019 14:59:54-MUs][cmd] /home/CSCScience.ca/apetkau/miniconda3/envs/bigsi_mccortex/bin/mccortex31 build --nkmers 140000 --threads 1 --kmer 9 --mem 3G --sample ERR3656013 --seq microbial/kmer-counts-jellyfish/9/ERR3656013.kmer.gz microbial/bigsi/9/mccortex.ERR3656013.ctx
[11 Dec 2019 14:59:54-MUs][cwd] /home/CSCScience.ca/apetkau/workspace/comp7934-project
[11 Dec 2019 14:59:54-MUs][version] mccortex=v0.0.3-610-g400c0e3 zlib=1.2.11 htslib=1.8-17-g699ed53 ASSERTS=ON hash=Lookup3 CHECKS=ON k=3..31
[11 Dec 2019 14:59:54-MUs] Saving graph to: microbial/bigsi/9/mccortex.ERR3656013.ctx
[11 Dec 2019 14:59:54-MUs][sample] 0: ERR3656013
[11 Dec 2019 14:59:54-MUs][task] microbial/kmer-counts-jellyfish/9/ERR3656013.kmer.gz; FASTQ offset: auto-detect, threshold: off; cut homopolymers: off; remove PCR duplicates: no; colour: 0
[11 Dec 2019 14:59:54-MUs][memory] 104 bits per kmer
[11 Dec 2019 14:59:54-MUs] Note: Using less memory than requested (1.8MB < 3GB); allows for 143,360 kmers
[11 Dec 2019 14:59:54-MUs][memory] graph: 1.8MB
[11 Dec 2019 14:59:54-MUs][memory] total: 1.8MB of 62.6GB RAM
[11 Dec 2019 14:59:54-MUs] Writing 1 colour graph to microbial/bigsi/9/mccortex.ERR3656013.ctx
[11 Dec 2019 14:59:54-MUs][hasht] Allocating table with 143,360 entries, using 1.1MB
[11 Dec 2019 14:59:54-MUs][hasht]  number of buckets: 4,096, bucket size: 35
[11 Dec 2019 14:59:54-MUs][graph] kmer-size: 9; colours: 1; capacity: 143,360
[11 Dec 2019 14:59:54-MUs][hasht] buckets: 4,096 [2^12]; bucket size: 35; 
[11 Dec 2019 14:59:54-MUs][hasht] memory: 1.1MB; filled: 0 / 143,360 (0.00%)
[11 Dec 2019 14:59:54-MUs][asyncio] Inputs: 1; Threads: 1
[11 Dec 2019 14:59:54-MUs][seq] Parsing sequence file microbial/kmer-counts-jellyfish/9/ERR3656013.kmer.gz
[11 Dec 2019 14:59:55-MUs][seq] Loaded 130,322 reads and 0 reads pairs (file: microbial/kmer-counts-jellyfish/9/ERR3656013.kmer.gz)
[11 Dec 2019 14:59:55-MUs][hasht] buckets: 4,096 [2^12]; bucket size: 35; 
[11 Dec 2019 14:59:55-MUs][hasht] memory: 1.1MB; filled: 130,322 / 143,360 (90.91%)
[11 Dec 2019 14:59:55-MUs][hasht]  collisions  0: 125218
[11 Dec 2019 14:59:55-MUs][hasht]  collisions  1: 3888
[11 Dec 2019 14:59:55-MUs][hasht]  collisions  2: 873
[11 Dec 2019 14:59:55-MUs][hasht]  collisions  3: 256
[11 Dec 2019 14:59:55-MUs][hasht]  collisions  4: 49
[11 Dec 2019 14:59:55-MUs][hasht]  collisions  5: 20
[11 Dec 2019 14:59:55-MUs][hasht]  collisions  6: 10
[11 Dec 2019 14:59:55-MUs][hasht]  collisions  7: 3
[11 Dec 2019 14:59:55-MUs][hasht]  collisions  8: 1
[11 Dec 2019 14:59:55-MUs][hasht]  collisions  9: 2
[11 Dec 2019 14:59:55-MUs][hasht]  collisions 10: 2
[11 Dec 2019 14:59:55-MUs][task] input: microbial/kmer-counts-jellyfish/9/ERR3656013.kmer.gz colour: 0
[11 Dec 2019 14:59:55-MUs]  SE reads: 130,322  PE reads: 0
[11 Dec 2019 14:59:55-MUs]  good reads: 130,322  bad reads: 0
[11 Dec 2019 14:59:55-MUs]  dup SE reads: 0  dup PE pairs: 0
[11 Dec 2019 14:59:55-MUs]  bases read: 1,172,898  bases loaded: 1,172,898
[11 Dec 2019 14:59:55-MUs]  num contigs: 130,322  num kmers: 130,322 novel kmers: 130,322
[11 Dec 2019 14:59:55-MUs] Dumping graph...
[11 Dec 2019 14:59:55-MUs][graphwriter] Saving file to: microbial/bigsi/9/mccortex.ERR3656013.ctx
[11 Dec 2019 14:59:55-MUs][FileFilter] Writing graph  [1 src colour]
[11 Dec 2019 14:59:55-MUs][graphwriter] Dumped 130,322 kmers in 1 colour into: microbial/bigsi/9/mccortex.ERR3656013.ctx (ver: 6)
[11 Dec 2019 14:59:55-MUs][memory] We made 19 allocs
[11 Dec 2019 14:59:55-MUs] Done.
[11 Dec 2019 14:59:55-MUs][time] 1.00 seconds
	Command being timed: "mccortex 9 build --nkmers 140000 --threads 1 --kmer 9 --mem 3G --sample ERR3656013 --seq microbial/kmer-counts-jellyfish/9/ERR3656013.kmer.gz microbial/bigsi/9/mccortex.ERR3656013.ctx"
	User time (seconds): 0.43
	System time (seconds): 0.07
	Percent of CPU this job got: 71%
	Elapsed (wall clock) time (h:mm:ss or m:ss): 0:00.71
	Average shared text size (kbytes): 0
	Average unshared data size (kbytes): 0
	Average stack size (kbytes): 0
	Average total size (kbytes): 0
	Maximum resident set size (kbytes): 10532
	Average resident set size (kbytes): 0
	Major (requiring I/O) page faults: 0
	Minor (reclaiming a frame) page faults: 2594
	Voluntary context switches: 11150
	Involuntary context switches: 12351
	Swaps: 0
	File system inputs: 0
	File system outputs: 3320
	Socket messages sent: 0
	Socket messages received: 0
	Signals delivered: 0
	Page size (bytes): 4096
	Exit status: 0
