[11 Dec 2019 23:11:45-tUX][cmd] /home/CSCScience.ca/apetkau/miniconda3/envs/bigsi_mccortex/bin/mccortex31 build --nkmers 140000 --threads 1 --kmer 9 --mem 3G --sample ERR1144978 --seq microbial/kmer-counts-jellyfish/9/ERR1144978.kmer.gz microbial/bigsi/9/mccortex.ERR1144978.ctx
[11 Dec 2019 23:11:45-tUX][cwd] /home/CSCScience.ca/apetkau/workspace/comp7934-project
[11 Dec 2019 23:11:45-tUX][version] mccortex=v0.0.3-610-g400c0e3 zlib=1.2.11 htslib=1.8-17-g699ed53 ASSERTS=ON hash=Lookup3 CHECKS=ON k=3..31
[11 Dec 2019 23:11:45-tUX] Saving graph to: microbial/bigsi/9/mccortex.ERR1144978.ctx
[11 Dec 2019 23:11:45-tUX][sample] 0: ERR1144978
[11 Dec 2019 23:11:45-tUX][task] microbial/kmer-counts-jellyfish/9/ERR1144978.kmer.gz; FASTQ offset: auto-detect, threshold: off; cut homopolymers: off; remove PCR duplicates: no; colour: 0
[11 Dec 2019 23:11:45-tUX][memory] 104 bits per kmer
[11 Dec 2019 23:11:45-tUX] Note: Using less memory than requested (1.8MB < 3GB); allows for 143,360 kmers
[11 Dec 2019 23:11:45-tUX][memory] graph: 1.8MB
[11 Dec 2019 23:11:45-tUX][memory] total: 1.8MB of 62.6GB RAM
[11 Dec 2019 23:11:45-tUX] Writing 1 colour graph to microbial/bigsi/9/mccortex.ERR1144978.ctx
[11 Dec 2019 23:11:45-tUX][hasht] Allocating table with 143,360 entries, using 1.1MB
[11 Dec 2019 23:11:45-tUX][hasht]  number of buckets: 4,096, bucket size: 35
[11 Dec 2019 23:11:45-tUX][graph] kmer-size: 9; colours: 1; capacity: 143,360
[11 Dec 2019 23:11:45-tUX][hasht] buckets: 4,096 [2^12]; bucket size: 35; 
[11 Dec 2019 23:11:45-tUX][hasht] memory: 1.1MB; filled: 0 / 143,360 (0.00%)
[11 Dec 2019 23:11:45-tUX][asyncio] Inputs: 1; Threads: 1
[11 Dec 2019 23:11:45-tUX][seq] Parsing sequence file microbial/kmer-counts-jellyfish/9/ERR1144978.kmer.gz
[11 Dec 2019 23:11:45-tUX][seq] Loaded 126,085 reads and 0 reads pairs (file: microbial/kmer-counts-jellyfish/9/ERR1144978.kmer.gz)
[11 Dec 2019 23:11:45-tUX][hasht] buckets: 4,096 [2^12]; bucket size: 35; 
[11 Dec 2019 23:11:45-tUX][hasht] memory: 1.1MB; filled: 126,085 / 143,360 (87.95%)
[11 Dec 2019 23:11:45-tUX][hasht]  collisions  0: 122802
[11 Dec 2019 23:11:45-tUX][hasht]  collisions  1: 2755
[11 Dec 2019 23:11:45-tUX][hasht]  collisions  2: 407
[11 Dec 2019 23:11:45-tUX][hasht]  collisions  3: 94
[11 Dec 2019 23:11:45-tUX][hasht]  collisions  4: 21
[11 Dec 2019 23:11:45-tUX][hasht]  collisions  5: 5
[11 Dec 2019 23:11:45-tUX][hasht]  collisions  6: 1
[11 Dec 2019 23:11:45-tUX][task] input: microbial/kmer-counts-jellyfish/9/ERR1144978.kmer.gz colour: 0
[11 Dec 2019 23:11:45-tUX]  SE reads: 126,085  PE reads: 0
[11 Dec 2019 23:11:45-tUX]  good reads: 126,085  bad reads: 0
[11 Dec 2019 23:11:45-tUX]  dup SE reads: 0  dup PE pairs: 0
[11 Dec 2019 23:11:45-tUX]  bases read: 1,134,765  bases loaded: 1,134,765
[11 Dec 2019 23:11:45-tUX]  num contigs: 126,085  num kmers: 126,085 novel kmers: 126,085
[11 Dec 2019 23:11:45-tUX] Dumping graph...
[11 Dec 2019 23:11:45-tUX][graphwriter] Saving file to: microbial/bigsi/9/mccortex.ERR1144978.ctx
[11 Dec 2019 23:11:45-tUX][FileFilter] Writing graph  [1 src colour]
[11 Dec 2019 23:11:45-tUX][graphwriter] Dumped 126,085 kmers in 1 colour into: microbial/bigsi/9/mccortex.ERR1144978.ctx (ver: 6)
[11 Dec 2019 23:11:45-tUX][memory] We made 19 allocs
[11 Dec 2019 23:11:45-tUX] Done.
[11 Dec 2019 23:11:45-tUX][time] 0.00 seconds
	Command being timed: "mccortex 9 build --nkmers 140000 --threads 1 --kmer 9 --mem 3G --sample ERR1144978 --seq microbial/kmer-counts-jellyfish/9/ERR1144978.kmer.gz microbial/bigsi/9/mccortex.ERR1144978.ctx"
	User time (seconds): 0.29
	System time (seconds): 0.06
	Percent of CPU this job got: 150%
	Elapsed (wall clock) time (h:mm:ss or m:ss): 0:00.23
	Average shared text size (kbytes): 0
	Average unshared data size (kbytes): 0
	Average stack size (kbytes): 0
	Average total size (kbytes): 0
	Maximum resident set size (kbytes): 10664
	Average resident set size (kbytes): 0
	Major (requiring I/O) page faults: 0
	Minor (reclaiming a frame) page faults: 2604
	Voluntary context switches: 3818
	Involuntary context switches: 25
	Swaps: 0
	File system inputs: 520
	File system outputs: 3216
	Socket messages sent: 0
	Socket messages received: 0
	Signals delivered: 0
	Page size (bytes): 4096
	Exit status: 0
