[11 Dec 2019 14:59:58-BIJ][cmd] /home/CSCScience.ca/apetkau/miniconda3/envs/bigsi_mccortex/bin/mccortex31 build --nkmers 140000 --threads 1 --kmer 9 --mem 3G --sample SRR10519637 --seq microbial/kmer-counts-jellyfish/9/SRR10519637.kmer.gz microbial/bigsi/9/mccortex.SRR10519637.ctx
[11 Dec 2019 14:59:58-BIJ][cwd] /home/CSCScience.ca/apetkau/workspace/comp7934-project
[11 Dec 2019 14:59:58-BIJ][version] mccortex=v0.0.3-610-g400c0e3 zlib=1.2.11 htslib=1.8-17-g699ed53 ASSERTS=ON hash=Lookup3 CHECKS=ON k=3..31
[11 Dec 2019 14:59:58-BIJ] Saving graph to: microbial/bigsi/9/mccortex.SRR10519637.ctx
[11 Dec 2019 14:59:58-BIJ][sample] 0: SRR10519637
[11 Dec 2019 14:59:58-BIJ][task] microbial/kmer-counts-jellyfish/9/SRR10519637.kmer.gz; FASTQ offset: auto-detect, threshold: off; cut homopolymers: off; remove PCR duplicates: no; colour: 0
[11 Dec 2019 14:59:58-BIJ][memory] 104 bits per kmer
[11 Dec 2019 14:59:58-BIJ] Note: Using less memory than requested (1.8MB < 3GB); allows for 143,360 kmers
[11 Dec 2019 14:59:58-BIJ][memory] graph: 1.8MB
[11 Dec 2019 14:59:58-BIJ][memory] total: 1.8MB of 62.6GB RAM
[11 Dec 2019 14:59:58-BIJ] Writing 1 colour graph to microbial/bigsi/9/mccortex.SRR10519637.ctx
[11 Dec 2019 14:59:58-BIJ][hasht] Allocating table with 143,360 entries, using 1.1MB
[11 Dec 2019 14:59:58-BIJ][hasht]  number of buckets: 4,096, bucket size: 35
[11 Dec 2019 14:59:58-BIJ][graph] kmer-size: 9; colours: 1; capacity: 143,360
[11 Dec 2019 14:59:58-BIJ][hasht] buckets: 4,096 [2^12]; bucket size: 35; 
[11 Dec 2019 14:59:58-BIJ][hasht] memory: 1.1MB; filled: 0 / 143,360 (0.00%)
[11 Dec 2019 14:59:58-BIJ][asyncio] Inputs: 1; Threads: 1
[11 Dec 2019 14:59:58-BIJ][seq] Parsing sequence file microbial/kmer-counts-jellyfish/9/SRR10519637.kmer.gz
[11 Dec 2019 14:59:58-BIJ][seq] Loaded 129,890 reads and 0 reads pairs (file: microbial/kmer-counts-jellyfish/9/SRR10519637.kmer.gz)
[11 Dec 2019 14:59:58-BIJ][hasht] buckets: 4,096 [2^12]; bucket size: 35; 
[11 Dec 2019 14:59:58-BIJ][hasht] memory: 1.1MB; filled: 129,890 / 143,360 (90.60%)
[11 Dec 2019 14:59:58-BIJ][hasht]  collisions  0: 125116
[11 Dec 2019 14:59:58-BIJ][hasht]  collisions  1: 3747
[11 Dec 2019 14:59:58-BIJ][hasht]  collisions  2: 730
[11 Dec 2019 14:59:58-BIJ][hasht]  collisions  3: 196
[11 Dec 2019 14:59:58-BIJ][hasht]  collisions  4: 69
[11 Dec 2019 14:59:58-BIJ][hasht]  collisions  5: 24
[11 Dec 2019 14:59:58-BIJ][hasht]  collisions  6: 4
[11 Dec 2019 14:59:58-BIJ][hasht]  collisions  7: 2
[11 Dec 2019 14:59:58-BIJ][hasht]  collisions  8: 1
[11 Dec 2019 14:59:58-BIJ][hasht]  collisions  9: 1
[11 Dec 2019 14:59:58-BIJ][task] input: microbial/kmer-counts-jellyfish/9/SRR10519637.kmer.gz colour: 0
[11 Dec 2019 14:59:58-BIJ]  SE reads: 129,890  PE reads: 0
[11 Dec 2019 14:59:58-BIJ]  good reads: 129,890  bad reads: 0
[11 Dec 2019 14:59:58-BIJ]  dup SE reads: 0  dup PE pairs: 0
[11 Dec 2019 14:59:58-BIJ]  bases read: 1,169,010  bases loaded: 1,169,010
[11 Dec 2019 14:59:58-BIJ]  num contigs: 129,890  num kmers: 129,890 novel kmers: 129,890
[11 Dec 2019 14:59:58-BIJ] Dumping graph...
[11 Dec 2019 14:59:58-BIJ][graphwriter] Saving file to: microbial/bigsi/9/mccortex.SRR10519637.ctx
[11 Dec 2019 14:59:58-BIJ][FileFilter] Writing graph  [1 src colour]
[11 Dec 2019 14:59:58-BIJ][graphwriter] Dumped 129,890 kmers in 1 colour into: microbial/bigsi/9/mccortex.SRR10519637.ctx (ver: 6)
[11 Dec 2019 14:59:58-BIJ][memory] We made 19 allocs
[11 Dec 2019 14:59:58-BIJ] Done.
[11 Dec 2019 14:59:58-BIJ][time] 0.00 seconds
	Command being timed: "mccortex 9 build --nkmers 140000 --threads 1 --kmer 9 --mem 3G --sample SRR10519637 --seq microbial/kmer-counts-jellyfish/9/SRR10519637.kmer.gz microbial/bigsi/9/mccortex.SRR10519637.ctx"
	User time (seconds): 0.21
	System time (seconds): 0.03
	Percent of CPU this job got: 78%
	Elapsed (wall clock) time (h:mm:ss or m:ss): 0:00.31
	Average shared text size (kbytes): 0
	Average unshared data size (kbytes): 0
	Average stack size (kbytes): 0
	Average total size (kbytes): 0
	Maximum resident set size (kbytes): 10532
	Average resident set size (kbytes): 0
	Major (requiring I/O) page faults: 0
	Minor (reclaiming a frame) page faults: 2606
	Voluntary context switches: 578
	Involuntary context switches: 2803
	Swaps: 0
	File system inputs: 0
	File system outputs: 3312
	Socket messages sent: 0
	Socket messages received: 0
	Signals delivered: 0
	Page size (bytes): 4096
	Exit status: 0
