[11 Dec 2019 23:11:48-vAC][cmd] /home/CSCScience.ca/apetkau/miniconda3/envs/bigsi_mccortex/bin/mccortex31 build --nkmers 140000 --threads 1 --kmer 9 --mem 3G --sample SRR10519469 --seq microbial/kmer-counts-jellyfish/9/SRR10519469.kmer.gz microbial/bigsi/9/mccortex.SRR10519469.ctx
[11 Dec 2019 23:11:48-vAC][cwd] /home/CSCScience.ca/apetkau/workspace/comp7934-project
[11 Dec 2019 23:11:48-vAC][version] mccortex=v0.0.3-610-g400c0e3 zlib=1.2.11 htslib=1.8-17-g699ed53 ASSERTS=ON hash=Lookup3 CHECKS=ON k=3..31
[11 Dec 2019 23:11:48-vAC] Saving graph to: microbial/bigsi/9/mccortex.SRR10519469.ctx
[11 Dec 2019 23:11:48-vAC][sample] 0: SRR10519469
[11 Dec 2019 23:11:48-vAC][task] microbial/kmer-counts-jellyfish/9/SRR10519469.kmer.gz; FASTQ offset: auto-detect, threshold: off; cut homopolymers: off; remove PCR duplicates: no; colour: 0
[11 Dec 2019 23:11:48-vAC][memory] 104 bits per kmer
[11 Dec 2019 23:11:48-vAC] Note: Using less memory than requested (1.8MB < 3GB); allows for 143,360 kmers
[11 Dec 2019 23:11:48-vAC][memory] graph: 1.8MB
[11 Dec 2019 23:11:48-vAC][memory] total: 1.8MB of 62.6GB RAM
[11 Dec 2019 23:11:48-vAC] Writing 1 colour graph to microbial/bigsi/9/mccortex.SRR10519469.ctx
[11 Dec 2019 23:11:48-vAC][hasht] Allocating table with 143,360 entries, using 1.1MB
[11 Dec 2019 23:11:48-vAC][hasht]  number of buckets: 4,096, bucket size: 35
[11 Dec 2019 23:11:48-vAC][graph] kmer-size: 9; colours: 1; capacity: 143,360
[11 Dec 2019 23:11:48-vAC][hasht] buckets: 4,096 [2^12]; bucket size: 35; 
[11 Dec 2019 23:11:48-vAC][hasht] memory: 1.1MB; filled: 0 / 143,360 (0.00%)
[11 Dec 2019 23:11:48-vAC][asyncio] Inputs: 1; Threads: 1
[11 Dec 2019 23:11:48-vAC][seq] Parsing sequence file microbial/kmer-counts-jellyfish/9/SRR10519469.kmer.gz
[11 Dec 2019 23:11:48-vAC][seq] Loaded 112,301 reads and 0 reads pairs (file: microbial/kmer-counts-jellyfish/9/SRR10519469.kmer.gz)
[11 Dec 2019 23:11:48-vAC][hasht] buckets: 4,096 [2^12]; bucket size: 35; 
[11 Dec 2019 23:11:48-vAC][hasht] memory: 1.1MB; filled: 112,301 / 143,360 (78.33%)
[11 Dec 2019 23:11:48-vAC][hasht]  collisions  0: 111461
[11 Dec 2019 23:11:48-vAC][hasht]  collisions  1: 788
[11 Dec 2019 23:11:48-vAC][hasht]  collisions  2: 50
[11 Dec 2019 23:11:48-vAC][hasht]  collisions  3: 1
[11 Dec 2019 23:11:48-vAC][hasht]  collisions  4: 1
[11 Dec 2019 23:11:48-vAC][task] input: microbial/kmer-counts-jellyfish/9/SRR10519469.kmer.gz colour: 0
[11 Dec 2019 23:11:48-vAC]  SE reads: 112,301  PE reads: 0
[11 Dec 2019 23:11:48-vAC]  good reads: 112,301  bad reads: 0
[11 Dec 2019 23:11:48-vAC]  dup SE reads: 0  dup PE pairs: 0
[11 Dec 2019 23:11:48-vAC]  bases read: 1,010,709  bases loaded: 1,010,709
[11 Dec 2019 23:11:48-vAC]  num contigs: 112,301  num kmers: 112,301 novel kmers: 112,301
[11 Dec 2019 23:11:48-vAC] Dumping graph...
[11 Dec 2019 23:11:48-vAC][graphwriter] Saving file to: microbial/bigsi/9/mccortex.SRR10519469.ctx
[11 Dec 2019 23:11:48-vAC][FileFilter] Writing graph  [1 src colour]
[11 Dec 2019 23:11:48-vAC][graphwriter] Dumped 112,301 kmers in 1 colour into: microbial/bigsi/9/mccortex.SRR10519469.ctx (ver: 6)
[11 Dec 2019 23:11:48-vAC][memory] We made 19 allocs
[11 Dec 2019 23:11:48-vAC] Done.
[11 Dec 2019 23:11:48-vAC][time] 0.00 seconds
	Command being timed: "mccortex 9 build --nkmers 140000 --threads 1 --kmer 9 --mem 3G --sample SRR10519469 --seq microbial/kmer-counts-jellyfish/9/SRR10519469.kmer.gz microbial/bigsi/9/mccortex.SRR10519469.ctx"
	User time (seconds): 0.20
	System time (seconds): 0.05
	Percent of CPU this job got: 113%
	Elapsed (wall clock) time (h:mm:ss or m:ss): 0:00.23
	Average shared text size (kbytes): 0
	Average unshared data size (kbytes): 0
	Average stack size (kbytes): 0
	Average total size (kbytes): 0
	Maximum resident set size (kbytes): 10592
	Average resident set size (kbytes): 0
	Major (requiring I/O) page faults: 0
	Minor (reclaiming a frame) page faults: 2595
	Voluntary context switches: 8933
	Involuntary context switches: 9707
	Swaps: 0
	File system inputs: 464
	File system outputs: 2864
	Socket messages sent: 0
	Socket messages received: 0
	Signals delivered: 0
	Page size (bytes): 4096
	Exit status: 0
