[11 Dec 2019 23:11:45-juB][cmd] /home/CSCScience.ca/apetkau/miniconda3/envs/bigsi_mccortex/bin/mccortex31 build --nkmers 140000 --threads 1 --kmer 9 --mem 3G --sample ERR3655996 --seq microbial/kmer-counts-jellyfish/9/ERR3655996.kmer.gz microbial/bigsi/9/mccortex.ERR3655996.ctx
[11 Dec 2019 23:11:45-juB][cwd] /home/CSCScience.ca/apetkau/workspace/comp7934-project
[11 Dec 2019 23:11:45-juB][version] mccortex=v0.0.3-610-g400c0e3 zlib=1.2.11 htslib=1.8-17-g699ed53 ASSERTS=ON hash=Lookup3 CHECKS=ON k=3..31
[11 Dec 2019 23:11:45-juB] Saving graph to: microbial/bigsi/9/mccortex.ERR3655996.ctx
[11 Dec 2019 23:11:45-juB][sample] 0: ERR3655996
[11 Dec 2019 23:11:45-juB][task] microbial/kmer-counts-jellyfish/9/ERR3655996.kmer.gz; FASTQ offset: auto-detect, threshold: off; cut homopolymers: off; remove PCR duplicates: no; colour: 0
[11 Dec 2019 23:11:45-juB][memory] 104 bits per kmer
[11 Dec 2019 23:11:45-juB] Note: Using less memory than requested (1.8MB < 3GB); allows for 143,360 kmers
[11 Dec 2019 23:11:45-juB][memory] graph: 1.8MB
[11 Dec 2019 23:11:45-juB][memory] total: 1.8MB of 62.6GB RAM
[11 Dec 2019 23:11:45-juB] Writing 1 colour graph to microbial/bigsi/9/mccortex.ERR3655996.ctx
[11 Dec 2019 23:11:45-juB][hasht] Allocating table with 143,360 entries, using 1.1MB
[11 Dec 2019 23:11:45-juB][hasht]  number of buckets: 4,096, bucket size: 35
[11 Dec 2019 23:11:45-juB][graph] kmer-size: 9; colours: 1; capacity: 143,360
[11 Dec 2019 23:11:45-juB][hasht] buckets: 4,096 [2^12]; bucket size: 35; 
[11 Dec 2019 23:11:45-juB][hasht] memory: 1.1MB; filled: 0 / 143,360 (0.00%)
[11 Dec 2019 23:11:45-juB][asyncio] Inputs: 1; Threads: 1
[11 Dec 2019 23:11:45-juB][seq] Parsing sequence file microbial/kmer-counts-jellyfish/9/ERR3655996.kmer.gz
[11 Dec 2019 23:11:45-juB][seq] Loaded 129,449 reads and 0 reads pairs (file: microbial/kmer-counts-jellyfish/9/ERR3655996.kmer.gz)
[11 Dec 2019 23:11:45-juB][hasht] buckets: 4,096 [2^12]; bucket size: 35; 
[11 Dec 2019 23:11:45-juB][hasht] memory: 1.1MB; filled: 129,449 / 143,360 (90.30%)
[11 Dec 2019 23:11:45-juB][hasht]  collisions  0: 124632
[11 Dec 2019 23:11:45-juB][hasht]  collisions  1: 3790
[11 Dec 2019 23:11:45-juB][hasht]  collisions  2: 729
[11 Dec 2019 23:11:45-juB][hasht]  collisions  3: 210
[11 Dec 2019 23:11:45-juB][hasht]  collisions  4: 62
[11 Dec 2019 23:11:45-juB][hasht]  collisions  5: 19
[11 Dec 2019 23:11:45-juB][hasht]  collisions  6: 6
[11 Dec 2019 23:11:45-juB][hasht]  collisions  7: 1
[11 Dec 2019 23:11:45-juB][task] input: microbial/kmer-counts-jellyfish/9/ERR3655996.kmer.gz colour: 0
[11 Dec 2019 23:11:45-juB]  SE reads: 129,449  PE reads: 0
[11 Dec 2019 23:11:45-juB]  good reads: 129,449  bad reads: 0
[11 Dec 2019 23:11:45-juB]  dup SE reads: 0  dup PE pairs: 0
[11 Dec 2019 23:11:45-juB]  bases read: 1,165,041  bases loaded: 1,165,041
[11 Dec 2019 23:11:45-juB]  num contigs: 129,449  num kmers: 129,449 novel kmers: 129,449
[11 Dec 2019 23:11:45-juB] Dumping graph...
[11 Dec 2019 23:11:45-juB][graphwriter] Saving file to: microbial/bigsi/9/mccortex.ERR3655996.ctx
[11 Dec 2019 23:11:45-juB][FileFilter] Writing graph  [1 src colour]
[11 Dec 2019 23:11:45-juB][graphwriter] Dumped 129,449 kmers in 1 colour into: microbial/bigsi/9/mccortex.ERR3655996.ctx (ver: 6)
[11 Dec 2019 23:11:45-juB][memory] We made 19 allocs
[11 Dec 2019 23:11:45-juB] Done.
[11 Dec 2019 23:11:45-juB][time] 0.00 seconds
	Command being timed: "mccortex 9 build --nkmers 140000 --threads 1 --kmer 9 --mem 3G --sample ERR3655996 --seq microbial/kmer-counts-jellyfish/9/ERR3655996.kmer.gz microbial/bigsi/9/mccortex.ERR3655996.ctx"
	User time (seconds): 0.29
	System time (seconds): 0.05
	Percent of CPU this job got: 143%
	Elapsed (wall clock) time (h:mm:ss or m:ss): 0:00.24
	Average shared text size (kbytes): 0
	Average unshared data size (kbytes): 0
	Average stack size (kbytes): 0
	Average total size (kbytes): 0
	Maximum resident set size (kbytes): 10524
	Average resident set size (kbytes): 0
	Major (requiring I/O) page faults: 0
	Minor (reclaiming a frame) page faults: 2609
	Voluntary context switches: 6670
	Involuntary context switches: 57
	Swaps: 0
	File system inputs: 536
	File system outputs: 3296
	Socket messages sent: 0
	Socket messages received: 0
	Signals delivered: 0
	Page size (bytes): 4096
	Exit status: 0
