[11 Dec 2019 14:59:58-KiS][cmd] /home/CSCScience.ca/apetkau/miniconda3/envs/bigsi_mccortex/bin/mccortex31 build --nkmers 140000 --threads 1 --kmer 9 --mem 3G --sample SRR8088182 --seq microbial/kmer-counts-jellyfish/9/SRR8088182.kmer.gz microbial/bigsi/9/mccortex.SRR8088182.ctx
[11 Dec 2019 14:59:58-KiS][cwd] /home/CSCScience.ca/apetkau/workspace/comp7934-project
[11 Dec 2019 14:59:58-KiS][version] mccortex=v0.0.3-610-g400c0e3 zlib=1.2.11 htslib=1.8-17-g699ed53 ASSERTS=ON hash=Lookup3 CHECKS=ON k=3..31
[11 Dec 2019 14:59:58-KiS] Saving graph to: microbial/bigsi/9/mccortex.SRR8088182.ctx
[11 Dec 2019 14:59:58-KiS][sample] 0: SRR8088182
[11 Dec 2019 14:59:58-KiS][task] microbial/kmer-counts-jellyfish/9/SRR8088182.kmer.gz; FASTQ offset: auto-detect, threshold: off; cut homopolymers: off; remove PCR duplicates: no; colour: 0
[11 Dec 2019 14:59:58-KiS][memory] 104 bits per kmer
[11 Dec 2019 14:59:58-KiS] Note: Using less memory than requested (1.8MB < 3GB); allows for 143,360 kmers
[11 Dec 2019 14:59:58-KiS][memory] graph: 1.8MB
[11 Dec 2019 14:59:58-KiS][memory] total: 1.8MB of 62.6GB RAM
[11 Dec 2019 14:59:58-KiS] Writing 1 colour graph to microbial/bigsi/9/mccortex.SRR8088182.ctx
[11 Dec 2019 14:59:58-KiS][hasht] Allocating table with 143,360 entries, using 1.1MB
[11 Dec 2019 14:59:58-KiS][hasht]  number of buckets: 4,096, bucket size: 35
[11 Dec 2019 14:59:58-KiS][graph] kmer-size: 9; colours: 1; capacity: 143,360
[11 Dec 2019 14:59:58-KiS][hasht] buckets: 4,096 [2^12]; bucket size: 35; 
[11 Dec 2019 14:59:58-KiS][hasht] memory: 1.1MB; filled: 0 / 143,360 (0.00%)
[11 Dec 2019 14:59:58-KiS][asyncio] Inputs: 1; Threads: 1
[11 Dec 2019 14:59:59-KiS][seq] Parsing sequence file microbial/kmer-counts-jellyfish/9/SRR8088182.kmer.gz
[11 Dec 2019 14:59:59-KiS][seq] Loaded 127,934 reads and 0 reads pairs (file: microbial/kmer-counts-jellyfish/9/SRR8088182.kmer.gz)
[11 Dec 2019 14:59:59-KiS][hasht] buckets: 4,096 [2^12]; bucket size: 35; 
[11 Dec 2019 14:59:59-KiS][hasht] memory: 1.1MB; filled: 127,934 / 143,360 (89.24%)
[11 Dec 2019 14:59:59-KiS][hasht]  collisions  0: 123611
[11 Dec 2019 14:59:59-KiS][hasht]  collisions  1: 3523
[11 Dec 2019 14:59:59-KiS][hasht]  collisions  2: 601
[11 Dec 2019 14:59:59-KiS][hasht]  collisions  3: 150
[11 Dec 2019 14:59:59-KiS][hasht]  collisions  4: 35
[11 Dec 2019 14:59:59-KiS][hasht]  collisions  5: 10
[11 Dec 2019 14:59:59-KiS][hasht]  collisions  6: 2
[11 Dec 2019 14:59:59-KiS][hasht]  collisions  7: 1
[11 Dec 2019 14:59:59-KiS][hasht]  collisions  9: 1
[11 Dec 2019 14:59:59-KiS][task] input: microbial/kmer-counts-jellyfish/9/SRR8088182.kmer.gz colour: 0
[11 Dec 2019 14:59:59-KiS]  SE reads: 127,934  PE reads: 0
[11 Dec 2019 14:59:59-KiS]  good reads: 127,934  bad reads: 0
[11 Dec 2019 14:59:59-KiS]  dup SE reads: 0  dup PE pairs: 0
[11 Dec 2019 14:59:59-KiS]  bases read: 1,151,406  bases loaded: 1,151,406
[11 Dec 2019 14:59:59-KiS]  num contigs: 127,934  num kmers: 127,934 novel kmers: 127,934
[11 Dec 2019 14:59:59-KiS] Dumping graph...
[11 Dec 2019 14:59:59-KiS][graphwriter] Saving file to: microbial/bigsi/9/mccortex.SRR8088182.ctx
[11 Dec 2019 14:59:59-KiS][FileFilter] Writing graph  [1 src colour]
[11 Dec 2019 14:59:59-KiS][graphwriter] Dumped 127,934 kmers in 1 colour into: microbial/bigsi/9/mccortex.SRR8088182.ctx (ver: 6)
[11 Dec 2019 14:59:59-KiS][memory] We made 19 allocs
[11 Dec 2019 14:59:59-KiS] Done.
[11 Dec 2019 14:59:59-KiS][time] 1.00 seconds
	Command being timed: "mccortex 9 build --nkmers 140000 --threads 1 --kmer 9 --mem 3G --sample SRR8088182 --seq microbial/kmer-counts-jellyfish/9/SRR8088182.kmer.gz microbial/bigsi/9/mccortex.SRR8088182.ctx"
	User time (seconds): 0.40
	System time (seconds): 0.04
	Percent of CPU this job got: 109%
	Elapsed (wall clock) time (h:mm:ss or m:ss): 0:00.41
	Average shared text size (kbytes): 0
	Average unshared data size (kbytes): 0
	Average stack size (kbytes): 0
	Average total size (kbytes): 0
	Maximum resident set size (kbytes): 10700
	Average resident set size (kbytes): 0
	Major (requiring I/O) page faults: 0
	Minor (reclaiming a frame) page faults: 2606
	Voluntary context switches: 3077
	Involuntary context switches: 3403
	Swaps: 0
	File system inputs: 0
	File system outputs: 3264
	Socket messages sent: 0
	Socket messages received: 0
	Signals delivered: 0
	Page size (bytes): 4096
	Exit status: 0
