/home/CSCScience.ca/apetkau/miniconda3/envs/bigsi_mccortex/lib/python3.7/site-packages/bigsi/__main__.py:45: YAMLLoadWarning: calling yaml.load() without Loader=... is deprecated, as the default Loader is unsafe. Please read https://msg.pyyaml.org/load for full details.
  config = yaml.load(infile)
	Command being timed: "bigsi bloom metagenomics/bigsi/15/mccortex.ERR1713400.ctx metagenomics/bigsi/15/bigsi.ERR1713400.bloom"
	User time (seconds): 132.41
	System time (seconds): 3.90
	Percent of CPU this job got: 104%
	Elapsed (wall clock) time (h:mm:ss or m:ss): 2:10.63
	Average shared text size (kbytes): 0
	Average unshared data size (kbytes): 0
	Average stack size (kbytes): 0
	Average total size (kbytes): 0
	Maximum resident set size (kbytes): 670188
	Average resident set size (kbytes): 0
	Major (requiring I/O) page faults: 0
	Minor (reclaiming a frame) page faults: 369699
	Voluntary context switches: 111
	Involuntary context switches: 476066
	Swaps: 0
	File system inputs: 0
	File system outputs: 51280
	Socket messages sent: 0
	Socket messages received: 0
	Signals delivered: 0
	Page size (bytes): 4096
	Exit status: 0
