[11 Dec 2019 21:35:28-DuT][cmd] /home/CSCScience.ca/apetkau/miniconda3/envs/bigsi_mccortex/bin/mccortex31 build --nkmers 210000000 --threads 1 --kmer 15 --mem 10G --sample ERR1713378 --seq metagenomics/kmer-counts-jellyfish/15/ERR1713378.kmer.gz metagenomics/bigsi/15/mccortex.ERR1713378.ctx
[11 Dec 2019 21:35:28-DuT][cwd] /home/CSCScience.ca/apetkau/workspace/comp7934-project
[11 Dec 2019 21:35:28-DuT][version] mccortex=v0.0.3-610-g400c0e3 zlib=1.2.11 htslib=1.8-17-g699ed53 ASSERTS=ON hash=Lookup3 CHECKS=ON k=3..31
[11 Dec 2019 21:35:28-DuT] Saving graph to: metagenomics/bigsi/15/mccortex.ERR1713378.ctx
[11 Dec 2019 21:35:28-DuT][sample] 0: ERR1713378
[11 Dec 2019 21:35:28-DuT][task] metagenomics/kmer-counts-jellyfish/15/ERR1713378.kmer.gz; FASTQ offset: auto-detect, threshold: off; cut homopolymers: off; remove PCR duplicates: no; colour: 0
[11 Dec 2019 21:35:28-DuT][memory] 104 bits per kmer
[11 Dec 2019 21:35:28-DuT] Note: Using less memory than requested (2.7GB < 10GB); allows for 218,103,808 kmers
[11 Dec 2019 21:35:28-DuT][memory] graph: 2.7GB
[11 Dec 2019 21:35:28-DuT][memory] total: 2.7GB of 62.6GB RAM
[11 Dec 2019 21:35:28-DuT] Writing 1 colour graph to metagenomics/bigsi/15/mccortex.ERR1713378.ctx
[11 Dec 2019 21:35:28-DuT][hasht] Allocating table with 218,103,808 entries, using 1.6GB
[11 Dec 2019 21:35:28-DuT][hasht]  number of buckets: 8,388,608, bucket size: 26
[11 Dec 2019 21:35:28-DuT][graph] kmer-size: 15; colours: 1; capacity: 218,103,808
[11 Dec 2019 21:35:28-DuT][hasht] buckets: 8,388,608 [2^23]; bucket size: 26; 
[11 Dec 2019 21:35:28-DuT][hasht] memory: 1.6GB; filled: 0 / 218,103,808 (0.00%)
[11 Dec 2019 21:35:28-DuT][asyncio] Inputs: 1; Threads: 1
[11 Dec 2019 21:35:28-DuT][seq] Parsing sequence file metagenomics/kmer-counts-jellyfish/15/ERR1713378.kmer.gz
[11 Dec 2019 21:35:38-DuT][BuildGraph] Read 5,000,000 entries (reads / read pairs)
[11 Dec 2019 21:35:42-DuT][seq] Loaded 8,494,392 reads and 0 reads pairs (file: metagenomics/kmer-counts-jellyfish/15/ERR1713378.kmer.gz)
[11 Dec 2019 21:35:42-DuT][hasht] buckets: 8,388,608 [2^23]; bucket size: 26; 
[11 Dec 2019 21:35:42-DuT][hasht] memory: 1.6GB; filled: 8,494,392 / 218,103,808 (3.89%)
[11 Dec 2019 21:35:42-DuT][hasht]  collisions  0: 8494392
[11 Dec 2019 21:35:42-DuT][task] input: metagenomics/kmer-counts-jellyfish/15/ERR1713378.kmer.gz colour: 0
[11 Dec 2019 21:35:42-DuT]  SE reads: 8,494,392  PE reads: 0
[11 Dec 2019 21:35:42-DuT]  good reads: 8,494,392  bad reads: 0
[11 Dec 2019 21:35:42-DuT]  dup SE reads: 0  dup PE pairs: 0
[11 Dec 2019 21:35:42-DuT]  bases read: 127,415,880  bases loaded: 127,415,880
[11 Dec 2019 21:35:42-DuT]  num contigs: 8,494,392  num kmers: 8,494,392 novel kmers: 8,494,392
[11 Dec 2019 21:35:42-DuT] Dumping graph...
[11 Dec 2019 21:35:42-DuT][graphwriter] Saving file to: metagenomics/bigsi/15/mccortex.ERR1713378.ctx
[11 Dec 2019 21:35:42-DuT][FileFilter] Writing graph  [1 src colour]
[11 Dec 2019 21:35:43-DuT][graphwriter] Dumped 8,494,392 kmers in 1 colour into: metagenomics/bigsi/15/mccortex.ERR1713378.ctx (ver: 6)
[11 Dec 2019 21:35:43-DuT][memory] We made 19 allocs
[11 Dec 2019 21:35:43-DuT] Done.
[11 Dec 2019 21:35:43-DuT][time] 15.00 seconds
	Command being timed: "mccortex 15 build --nkmers 210000000 --threads 1 --kmer 15 --mem 10G --sample ERR1713378 --seq metagenomics/kmer-counts-jellyfish/15/ERR1713378.kmer.gz metagenomics/bigsi/15/mccortex.ERR1713378.ctx"
	User time (seconds): 17.39
	System time (seconds): 8.74
	Percent of CPU this job got: 169%
	Elapsed (wall clock) time (h:mm:ss or m:ss): 0:15.37
	Average shared text size (kbytes): 0
	Average unshared data size (kbytes): 0
	Average stack size (kbytes): 0
	Average total size (kbytes): 0
	Maximum resident set size (kbytes): 2582396
	Average resident set size (kbytes): 0
	Major (requiring I/O) page faults: 0
	Minor (reclaiming a frame) page faults: 2293593
	Voluntary context switches: 1210069
	Involuntary context switches: 14641
	Swaps: 0
	File system inputs: 8
	File system outputs: 215688
	Socket messages sent: 0
	Socket messages received: 0
	Signals delivered: 0
	Page size (bytes): 4096
	Exit status: 0
