[11 Dec 2019 21:40:27-SIr][cmd] /home/CSCScience.ca/apetkau/miniconda3/envs/bigsi_mccortex/bin/mccortex31 build --nkmers 210000000 --threads 1 --kmer 15 --mem 10G --sample ERR1713402 --seq metagenomics/kmer-counts-jellyfish/15/ERR1713402.kmer.gz metagenomics/bigsi/15/mccortex.ERR1713402.ctx
[11 Dec 2019 21:40:27-SIr][cwd] /home/CSCScience.ca/apetkau/workspace/comp7934-project
[11 Dec 2019 21:40:27-SIr][version] mccortex=v0.0.3-610-g400c0e3 zlib=1.2.11 htslib=1.8-17-g699ed53 ASSERTS=ON hash=Lookup3 CHECKS=ON k=3..31
[11 Dec 2019 21:40:27-SIr] Saving graph to: metagenomics/bigsi/15/mccortex.ERR1713402.ctx
[11 Dec 2019 21:40:27-SIr][sample] 0: ERR1713402
[11 Dec 2019 21:40:27-SIr][task] metagenomics/kmer-counts-jellyfish/15/ERR1713402.kmer.gz; FASTQ offset: auto-detect, threshold: off; cut homopolymers: off; remove PCR duplicates: no; colour: 0
[11 Dec 2019 21:40:27-SIr][memory] 104 bits per kmer
[11 Dec 2019 21:40:27-SIr] Note: Using less memory than requested (2.7GB < 10GB); allows for 218,103,808 kmers
[11 Dec 2019 21:40:27-SIr][memory] graph: 2.7GB
[11 Dec 2019 21:40:27-SIr][memory] total: 2.7GB of 62.6GB RAM
[11 Dec 2019 21:40:27-SIr] Writing 1 colour graph to metagenomics/bigsi/15/mccortex.ERR1713402.ctx
[11 Dec 2019 21:40:27-SIr][hasht] Allocating table with 218,103,808 entries, using 1.6GB
[11 Dec 2019 21:40:27-SIr][hasht]  number of buckets: 8,388,608, bucket size: 26
[11 Dec 2019 21:40:27-SIr][graph] kmer-size: 15; colours: 1; capacity: 218,103,808
[11 Dec 2019 21:40:27-SIr][hasht] buckets: 8,388,608 [2^23]; bucket size: 26; 
[11 Dec 2019 21:40:27-SIr][hasht] memory: 1.6GB; filled: 0 / 218,103,808 (0.00%)
[11 Dec 2019 21:40:27-SIr][asyncio] Inputs: 1; Threads: 1
[11 Dec 2019 21:40:27-SIr][seq] Parsing sequence file metagenomics/kmer-counts-jellyfish/15/ERR1713402.kmer.gz
[11 Dec 2019 21:40:41-SIr][BuildGraph] Read 5,000,000 entries (reads / read pairs)
[11 Dec 2019 21:40:47-SIr][seq] Loaded 8,426,731 reads and 0 reads pairs (file: metagenomics/kmer-counts-jellyfish/15/ERR1713402.kmer.gz)
[11 Dec 2019 21:40:47-SIr][hasht] buckets: 8,388,608 [2^23]; bucket size: 26; 
[11 Dec 2019 21:40:47-SIr][hasht] memory: 1.6GB; filled: 8,426,731 / 218,103,808 (3.86%)
[11 Dec 2019 21:40:47-SIr][hasht]  collisions  0: 8426731
[11 Dec 2019 21:40:47-SIr][task] input: metagenomics/kmer-counts-jellyfish/15/ERR1713402.kmer.gz colour: 0
[11 Dec 2019 21:40:47-SIr]  SE reads: 8,426,731  PE reads: 0
[11 Dec 2019 21:40:47-SIr]  good reads: 8,426,731  bad reads: 0
[11 Dec 2019 21:40:47-SIr]  dup SE reads: 0  dup PE pairs: 0
[11 Dec 2019 21:40:47-SIr]  bases read: 126,400,965  bases loaded: 126,400,965
[11 Dec 2019 21:40:47-SIr]  num contigs: 8,426,731  num kmers: 8,426,731 novel kmers: 8,426,731
[11 Dec 2019 21:40:47-SIr] Dumping graph...
[11 Dec 2019 21:40:47-SIr][graphwriter] Saving file to: metagenomics/bigsi/15/mccortex.ERR1713402.ctx
[11 Dec 2019 21:40:47-SIr][FileFilter] Writing graph  [1 src colour]
[11 Dec 2019 21:40:49-SIr][graphwriter] Dumped 8,426,731 kmers in 1 colour into: metagenomics/bigsi/15/mccortex.ERR1713402.ctx (ver: 6)
[11 Dec 2019 21:40:49-SIr][memory] We made 19 allocs
[11 Dec 2019 21:40:49-SIr] Done.
[11 Dec 2019 21:40:49-SIr][time] 22.00 seconds
	Command being timed: "mccortex 15 build --nkmers 210000000 --threads 1 --kmer 15 --mem 10G --sample ERR1713402 --seq metagenomics/kmer-counts-jellyfish/15/ERR1713402.kmer.gz metagenomics/bigsi/15/mccortex.ERR1713402.ctx"
	User time (seconds): 25.96
	System time (seconds): 10.52
	Percent of CPU this job got: 168%
	Elapsed (wall clock) time (h:mm:ss or m:ss): 0:21.61
	Average shared text size (kbytes): 0
	Average unshared data size (kbytes): 0
	Average stack size (kbytes): 0
	Average total size (kbytes): 0
	Maximum resident set size (kbytes): 2582292
	Average resident set size (kbytes): 0
	Major (requiring I/O) page faults: 0
	Minor (reclaiming a frame) page faults: 2546072
	Voluntary context switches: 1140052
	Involuntary context switches: 15673
	Swaps: 0
	File system inputs: 8
	File system outputs: 213976
	Socket messages sent: 0
	Socket messages received: 0
	Signals delivered: 0
	Page size (bytes): 4096
	Exit status: 0
