[11 Dec 2019 21:40:01-Poc][cmd] /home/CSCScience.ca/apetkau/miniconda3/envs/bigsi_mccortex/bin/mccortex31 build --nkmers 210000000 --threads 1 --kmer 15 --mem 10G --sample ERR1713396 --seq metagenomics/kmer-counts-jellyfish/15/ERR1713396.kmer.gz metagenomics/bigsi/15/mccortex.ERR1713396.ctx
[11 Dec 2019 21:40:01-Poc][cwd] /home/CSCScience.ca/apetkau/workspace/comp7934-project
[11 Dec 2019 21:40:01-Poc][version] mccortex=v0.0.3-610-g400c0e3 zlib=1.2.11 htslib=1.8-17-g699ed53 ASSERTS=ON hash=Lookup3 CHECKS=ON k=3..31
[11 Dec 2019 21:40:01-Poc] Saving graph to: metagenomics/bigsi/15/mccortex.ERR1713396.ctx
[11 Dec 2019 21:40:01-Poc][sample] 0: ERR1713396
[11 Dec 2019 21:40:01-Poc][task] metagenomics/kmer-counts-jellyfish/15/ERR1713396.kmer.gz; FASTQ offset: auto-detect, threshold: off; cut homopolymers: off; remove PCR duplicates: no; colour: 0
[11 Dec 2019 21:40:01-Poc][memory] 104 bits per kmer
[11 Dec 2019 21:40:01-Poc] Note: Using less memory than requested (2.7GB < 10GB); allows for 218,103,808 kmers
[11 Dec 2019 21:40:01-Poc][memory] graph: 2.7GB
[11 Dec 2019 21:40:01-Poc][memory] total: 2.7GB of 62.6GB RAM
[11 Dec 2019 21:40:01-Poc] Writing 1 colour graph to metagenomics/bigsi/15/mccortex.ERR1713396.ctx
[11 Dec 2019 21:40:01-Poc][hasht] Allocating table with 218,103,808 entries, using 1.6GB
[11 Dec 2019 21:40:01-Poc][hasht]  number of buckets: 8,388,608, bucket size: 26
[11 Dec 2019 21:40:01-Poc][graph] kmer-size: 15; colours: 1; capacity: 218,103,808
[11 Dec 2019 21:40:01-Poc][hasht] buckets: 8,388,608 [2^23]; bucket size: 26; 
[11 Dec 2019 21:40:01-Poc][hasht] memory: 1.6GB; filled: 0 / 218,103,808 (0.00%)
[11 Dec 2019 21:40:01-Poc][asyncio] Inputs: 1; Threads: 1
[11 Dec 2019 21:40:01-Poc][seq] Parsing sequence file metagenomics/kmer-counts-jellyfish/15/ERR1713396.kmer.gz
[11 Dec 2019 21:40:13-Poc][BuildGraph] Read 5,000,000 entries (reads / read pairs)
[11 Dec 2019 21:40:18-Poc][seq] Loaded 8,619,825 reads and 0 reads pairs (file: metagenomics/kmer-counts-jellyfish/15/ERR1713396.kmer.gz)
[11 Dec 2019 21:40:18-Poc][hasht] buckets: 8,388,608 [2^23]; bucket size: 26; 
[11 Dec 2019 21:40:18-Poc][hasht] memory: 1.6GB; filled: 8,619,825 / 218,103,808 (3.95%)
[11 Dec 2019 21:40:18-Poc][hasht]  collisions  0: 8619825
[11 Dec 2019 21:40:18-Poc][task] input: metagenomics/kmer-counts-jellyfish/15/ERR1713396.kmer.gz colour: 0
[11 Dec 2019 21:40:18-Poc]  SE reads: 8,619,825  PE reads: 0
[11 Dec 2019 21:40:18-Poc]  good reads: 8,619,825  bad reads: 0
[11 Dec 2019 21:40:18-Poc]  dup SE reads: 0  dup PE pairs: 0
[11 Dec 2019 21:40:18-Poc]  bases read: 129,297,375  bases loaded: 129,297,375
[11 Dec 2019 21:40:18-Poc]  num contigs: 8,619,825  num kmers: 8,619,825 novel kmers: 8,619,825
[11 Dec 2019 21:40:18-Poc] Dumping graph...
[11 Dec 2019 21:40:18-Poc][graphwriter] Saving file to: metagenomics/bigsi/15/mccortex.ERR1713396.ctx
[11 Dec 2019 21:40:18-Poc][FileFilter] Writing graph  [1 src colour]
[11 Dec 2019 21:40:19-Poc][graphwriter] Dumped 8,619,825 kmers in 1 colour into: metagenomics/bigsi/15/mccortex.ERR1713396.ctx (ver: 6)
[11 Dec 2019 21:40:19-Poc][memory] We made 19 allocs
[11 Dec 2019 21:40:19-Poc] Done.
[11 Dec 2019 21:40:19-Poc][time] 18.00 seconds
	Command being timed: "mccortex 15 build --nkmers 210000000 --threads 1 --kmer 15 --mem 10G --sample ERR1713396 --seq metagenomics/kmer-counts-jellyfish/15/ERR1713396.kmer.gz metagenomics/bigsi/15/mccortex.ERR1713396.ctx"
	User time (seconds): 21.85
	System time (seconds): 10.04
	Percent of CPU this job got: 169%
	Elapsed (wall clock) time (h:mm:ss or m:ss): 0:18.87
	Average shared text size (kbytes): 0
	Average unshared data size (kbytes): 0
	Average stack size (kbytes): 0
	Average total size (kbytes): 0
	Maximum resident set size (kbytes): 2582252
	Average resident set size (kbytes): 0
	Major (requiring I/O) page faults: 0
	Minor (reclaiming a frame) page faults: 2711597
	Voluntary context switches: 1308274
	Involuntary context switches: 42
	Swaps: 0
	File system inputs: 16
	File system outputs: 218880
	Socket messages sent: 0
	Socket messages received: 0
	Signals delivered: 0
	Page size (bytes): 4096
	Exit status: 0
