[11 Dec 2019 21:27:37-YoH][cmd] /home/CSCScience.ca/apetkau/miniconda3/envs/bigsi_mccortex/bin/mccortex31 build --nkmers 210000000 --threads 1 --kmer 15 --mem 10G --sample ERR1713331 --seq metagenomics/kmer-counts-jellyfish/15/ERR1713331.kmer.gz metagenomics/bigsi/15/mccortex.ERR1713331.ctx
[11 Dec 2019 21:27:37-YoH][cwd] /home/CSCScience.ca/apetkau/workspace/comp7934-project
[11 Dec 2019 21:27:37-YoH][version] mccortex=v0.0.3-610-g400c0e3 zlib=1.2.11 htslib=1.8-17-g699ed53 ASSERTS=ON hash=Lookup3 CHECKS=ON k=3..31
[11 Dec 2019 21:27:37-YoH] Saving graph to: metagenomics/bigsi/15/mccortex.ERR1713331.ctx
[11 Dec 2019 21:27:37-YoH][sample] 0: ERR1713331
[11 Dec 2019 21:27:37-YoH][task] metagenomics/kmer-counts-jellyfish/15/ERR1713331.kmer.gz; FASTQ offset: auto-detect, threshold: off; cut homopolymers: off; remove PCR duplicates: no; colour: 0
[11 Dec 2019 21:27:37-YoH][memory] 104 bits per kmer
[11 Dec 2019 21:27:37-YoH] Note: Using less memory than requested (2.7GB < 10GB); allows for 218,103,808 kmers
[11 Dec 2019 21:27:37-YoH][memory] graph: 2.7GB
[11 Dec 2019 21:27:37-YoH][memory] total: 2.7GB of 62.6GB RAM
[11 Dec 2019 21:27:37-YoH] Writing 1 colour graph to metagenomics/bigsi/15/mccortex.ERR1713331.ctx
[11 Dec 2019 21:27:37-YoH][hasht] Allocating table with 218,103,808 entries, using 1.6GB
[11 Dec 2019 21:27:37-YoH][hasht]  number of buckets: 8,388,608, bucket size: 26
[11 Dec 2019 21:27:37-YoH][graph] kmer-size: 15; colours: 1; capacity: 218,103,808
[11 Dec 2019 21:27:37-YoH][hasht] buckets: 8,388,608 [2^23]; bucket size: 26; 
[11 Dec 2019 21:27:37-YoH][hasht] memory: 1.6GB; filled: 0 / 218,103,808 (0.00%)
[11 Dec 2019 21:27:37-YoH][asyncio] Inputs: 1; Threads: 1
[11 Dec 2019 21:27:37-YoH][seq] Parsing sequence file metagenomics/kmer-counts-jellyfish/15/ERR1713331.kmer.gz
[11 Dec 2019 21:27:48-YoH][BuildGraph] Read 5,000,000 entries (reads / read pairs)
[11 Dec 2019 21:27:53-YoH][seq] Loaded 8,266,148 reads and 0 reads pairs (file: metagenomics/kmer-counts-jellyfish/15/ERR1713331.kmer.gz)
[11 Dec 2019 21:27:53-YoH][hasht] buckets: 8,388,608 [2^23]; bucket size: 26; 
[11 Dec 2019 21:27:53-YoH][hasht] memory: 1.6GB; filled: 8,266,148 / 218,103,808 (3.79%)
[11 Dec 2019 21:27:53-YoH][hasht]  collisions  0: 8266148
[11 Dec 2019 21:27:53-YoH][task] input: metagenomics/kmer-counts-jellyfish/15/ERR1713331.kmer.gz colour: 0
[11 Dec 2019 21:27:53-YoH]  SE reads: 8,266,148  PE reads: 0
[11 Dec 2019 21:27:53-YoH]  good reads: 8,266,148  bad reads: 0
[11 Dec 2019 21:27:53-YoH]  dup SE reads: 0  dup PE pairs: 0
[11 Dec 2019 21:27:53-YoH]  bases read: 123,992,220  bases loaded: 123,992,220
[11 Dec 2019 21:27:53-YoH]  num contigs: 8,266,148  num kmers: 8,266,148 novel kmers: 8,266,148
[11 Dec 2019 21:27:53-YoH] Dumping graph...
[11 Dec 2019 21:27:53-YoH][graphwriter] Saving file to: metagenomics/bigsi/15/mccortex.ERR1713331.ctx
[11 Dec 2019 21:27:53-YoH][FileFilter] Writing graph  [1 src colour]
[11 Dec 2019 21:27:54-YoH][graphwriter] Dumped 8,266,148 kmers in 1 colour into: metagenomics/bigsi/15/mccortex.ERR1713331.ctx (ver: 6)
[11 Dec 2019 21:27:54-YoH][memory] We made 19 allocs
[11 Dec 2019 21:27:54-YoH] Done.
[11 Dec 2019 21:27:54-YoH][time] 17.00 seconds
	Command being timed: "mccortex 15 build --nkmers 210000000 --threads 1 --kmer 15 --mem 10G --sample ERR1713331 --seq metagenomics/kmer-counts-jellyfish/15/ERR1713331.kmer.gz metagenomics/bigsi/15/mccortex.ERR1713331.ctx"
	User time (seconds): 19.07
	System time (seconds): 10.59
	Percent of CPU this job got: 172%
	Elapsed (wall clock) time (h:mm:ss or m:ss): 0:17.24
	Average shared text size (kbytes): 0
	Average unshared data size (kbytes): 0
	Average stack size (kbytes): 0
	Average total size (kbytes): 0
	Maximum resident set size (kbytes): 2582428
	Average resident set size (kbytes): 0
	Major (requiring I/O) page faults: 0
	Minor (reclaiming a frame) page faults: 3042619
	Voluntary context switches: 1501750
	Involuntary context switches: 34
	Swaps: 0
	File system inputs: 0
	File system outputs: 209896
	Socket messages sent: 0
	Socket messages received: 0
	Signals delivered: 0
	Page size (bytes): 4096
	Exit status: 0
