[11 Dec 2019 21:27:37-KAB][cmd] /home/CSCScience.ca/apetkau/miniconda3/envs/bigsi_mccortex/bin/mccortex31 build --nkmers 210000000 --threads 1 --kmer 15 --mem 10G --sample ERR1713334 --seq metagenomics/kmer-counts-jellyfish/15/ERR1713334.kmer.gz metagenomics/bigsi/15/mccortex.ERR1713334.ctx
[11 Dec 2019 21:27:37-KAB][cwd] /home/CSCScience.ca/apetkau/workspace/comp7934-project
[11 Dec 2019 21:27:37-KAB][version] mccortex=v0.0.3-610-g400c0e3 zlib=1.2.11 htslib=1.8-17-g699ed53 ASSERTS=ON hash=Lookup3 CHECKS=ON k=3..31
[11 Dec 2019 21:27:37-KAB] Saving graph to: metagenomics/bigsi/15/mccortex.ERR1713334.ctx
[11 Dec 2019 21:27:37-KAB][sample] 0: ERR1713334
[11 Dec 2019 21:27:37-KAB][task] metagenomics/kmer-counts-jellyfish/15/ERR1713334.kmer.gz; FASTQ offset: auto-detect, threshold: off; cut homopolymers: off; remove PCR duplicates: no; colour: 0
[11 Dec 2019 21:27:37-KAB][memory] 104 bits per kmer
[11 Dec 2019 21:27:37-KAB] Note: Using less memory than requested (2.7GB < 10GB); allows for 218,103,808 kmers
[11 Dec 2019 21:27:37-KAB][memory] graph: 2.7GB
[11 Dec 2019 21:27:37-KAB][memory] total: 2.7GB of 62.6GB RAM
[11 Dec 2019 21:27:37-KAB] Writing 1 colour graph to metagenomics/bigsi/15/mccortex.ERR1713334.ctx
[11 Dec 2019 21:27:37-KAB][hasht] Allocating table with 218,103,808 entries, using 1.6GB
[11 Dec 2019 21:27:37-KAB][hasht]  number of buckets: 8,388,608, bucket size: 26
[11 Dec 2019 21:27:37-KAB][graph] kmer-size: 15; colours: 1; capacity: 218,103,808
[11 Dec 2019 21:27:37-KAB][hasht] buckets: 8,388,608 [2^23]; bucket size: 26; 
[11 Dec 2019 21:27:37-KAB][hasht] memory: 1.6GB; filled: 0 / 218,103,808 (0.00%)
[11 Dec 2019 21:27:37-KAB][asyncio] Inputs: 1; Threads: 1
[11 Dec 2019 21:27:37-KAB][seq] Parsing sequence file metagenomics/kmer-counts-jellyfish/15/ERR1713334.kmer.gz
[11 Dec 2019 21:27:50-KAB][BuildGraph] Read 5,000,000 entries (reads / read pairs)
[11 Dec 2019 21:27:56-KAB][seq] Loaded 8,537,195 reads and 0 reads pairs (file: metagenomics/kmer-counts-jellyfish/15/ERR1713334.kmer.gz)
[11 Dec 2019 21:27:56-KAB][hasht] buckets: 8,388,608 [2^23]; bucket size: 26; 
[11 Dec 2019 21:27:56-KAB][hasht] memory: 1.6GB; filled: 8,537,195 / 218,103,808 (3.91%)
[11 Dec 2019 21:27:56-KAB][hasht]  collisions  0: 8537195
[11 Dec 2019 21:27:56-KAB][task] input: metagenomics/kmer-counts-jellyfish/15/ERR1713334.kmer.gz colour: 0
[11 Dec 2019 21:27:56-KAB]  SE reads: 8,537,195  PE reads: 0
[11 Dec 2019 21:27:56-KAB]  good reads: 8,537,195  bad reads: 0
[11 Dec 2019 21:27:56-KAB]  dup SE reads: 0  dup PE pairs: 0
[11 Dec 2019 21:27:56-KAB]  bases read: 128,057,925  bases loaded: 128,057,925
[11 Dec 2019 21:27:56-KAB]  num contigs: 8,537,195  num kmers: 8,537,195 novel kmers: 8,537,195
[11 Dec 2019 21:27:56-KAB] Dumping graph...
[11 Dec 2019 21:27:56-KAB][graphwriter] Saving file to: metagenomics/bigsi/15/mccortex.ERR1713334.ctx
[11 Dec 2019 21:27:56-KAB][FileFilter] Writing graph  [1 src colour]
[11 Dec 2019 21:27:58-KAB][graphwriter] Dumped 8,537,195 kmers in 1 colour into: metagenomics/bigsi/15/mccortex.ERR1713334.ctx (ver: 6)
[11 Dec 2019 21:27:58-KAB][memory] We made 19 allocs
[11 Dec 2019 21:27:58-KAB] Done.
[11 Dec 2019 21:27:58-KAB][time] 21.00 seconds
	Command being timed: "mccortex 15 build --nkmers 210000000 --threads 1 --kmer 15 --mem 10G --sample ERR1713334 --seq metagenomics/kmer-counts-jellyfish/15/ERR1713334.kmer.gz metagenomics/bigsi/15/mccortex.ERR1713334.ctx"
	User time (seconds): 24.54
	System time (seconds): 10.58
	Percent of CPU this job got: 168%
	Elapsed (wall clock) time (h:mm:ss or m:ss): 0:20.78
	Average shared text size (kbytes): 0
	Average unshared data size (kbytes): 0
	Average stack size (kbytes): 0
	Average total size (kbytes): 0
	Maximum resident set size (kbytes): 2582440
	Average resident set size (kbytes): 0
	Major (requiring I/O) page faults: 0
	Minor (reclaiming a frame) page faults: 3162566
	Voluntary context switches: 1193151
	Involuntary context switches: 66215
	Swaps: 0
	File system inputs: 0
	File system outputs: 216776
	Socket messages sent: 0
	Socket messages received: 0
	Signals delivered: 0
	Page size (bytes): 4096
	Exit status: 0
