[11 Dec 2019 21:40:41-WAc][cmd] /home/CSCScience.ca/apetkau/miniconda3/envs/bigsi_mccortex/bin/mccortex31 build --nkmers 210000000 --threads 1 --kmer 15 --mem 10G --sample ERR1713403 --seq metagenomics/kmer-counts-jellyfish/15/ERR1713403.kmer.gz metagenomics/bigsi/15/mccortex.ERR1713403.ctx
[11 Dec 2019 21:40:41-WAc][cwd] /home/CSCScience.ca/apetkau/workspace/comp7934-project
[11 Dec 2019 21:40:41-WAc][version] mccortex=v0.0.3-610-g400c0e3 zlib=1.2.11 htslib=1.8-17-g699ed53 ASSERTS=ON hash=Lookup3 CHECKS=ON k=3..31
[11 Dec 2019 21:40:41-WAc] Saving graph to: metagenomics/bigsi/15/mccortex.ERR1713403.ctx
[11 Dec 2019 21:40:41-WAc][sample] 0: ERR1713403
[11 Dec 2019 21:40:41-WAc][task] metagenomics/kmer-counts-jellyfish/15/ERR1713403.kmer.gz; FASTQ offset: auto-detect, threshold: off; cut homopolymers: off; remove PCR duplicates: no; colour: 0
[11 Dec 2019 21:40:41-WAc][memory] 104 bits per kmer
[11 Dec 2019 21:40:41-WAc] Note: Using less memory than requested (2.7GB < 10GB); allows for 218,103,808 kmers
[11 Dec 2019 21:40:41-WAc][memory] graph: 2.7GB
[11 Dec 2019 21:40:41-WAc][memory] total: 2.7GB of 62.6GB RAM
[11 Dec 2019 21:40:41-WAc] Writing 1 colour graph to metagenomics/bigsi/15/mccortex.ERR1713403.ctx
[11 Dec 2019 21:40:41-WAc][hasht] Allocating table with 218,103,808 entries, using 1.6GB
[11 Dec 2019 21:40:41-WAc][hasht]  number of buckets: 8,388,608, bucket size: 26
[11 Dec 2019 21:40:41-WAc][graph] kmer-size: 15; colours: 1; capacity: 218,103,808
[11 Dec 2019 21:40:41-WAc][hasht] buckets: 8,388,608 [2^23]; bucket size: 26; 
[11 Dec 2019 21:40:41-WAc][hasht] memory: 1.6GB; filled: 0 / 218,103,808 (0.00%)
[11 Dec 2019 21:40:41-WAc][asyncio] Inputs: 1; Threads: 1
[11 Dec 2019 21:40:41-WAc][seq] Parsing sequence file metagenomics/kmer-counts-jellyfish/15/ERR1713403.kmer.gz
[11 Dec 2019 21:40:51-WAc][BuildGraph] Read 5,000,000 entries (reads / read pairs)
[11 Dec 2019 21:40:55-WAc][seq] Loaded 8,297,611 reads and 0 reads pairs (file: metagenomics/kmer-counts-jellyfish/15/ERR1713403.kmer.gz)
[11 Dec 2019 21:40:55-WAc][hasht] buckets: 8,388,608 [2^23]; bucket size: 26; 
[11 Dec 2019 21:40:55-WAc][hasht] memory: 1.6GB; filled: 8,297,611 / 218,103,808 (3.80%)
[11 Dec 2019 21:40:55-WAc][hasht]  collisions  0: 8297611
[11 Dec 2019 21:40:55-WAc][task] input: metagenomics/kmer-counts-jellyfish/15/ERR1713403.kmer.gz colour: 0
[11 Dec 2019 21:40:55-WAc]  SE reads: 8,297,611  PE reads: 0
[11 Dec 2019 21:40:55-WAc]  good reads: 8,297,611  bad reads: 0
[11 Dec 2019 21:40:55-WAc]  dup SE reads: 0  dup PE pairs: 0
[11 Dec 2019 21:40:55-WAc]  bases read: 124,464,165  bases loaded: 124,464,165
[11 Dec 2019 21:40:55-WAc]  num contigs: 8,297,611  num kmers: 8,297,611 novel kmers: 8,297,611
[11 Dec 2019 21:40:55-WAc] Dumping graph...
[11 Dec 2019 21:40:55-WAc][graphwriter] Saving file to: metagenomics/bigsi/15/mccortex.ERR1713403.ctx
[11 Dec 2019 21:40:55-WAc][FileFilter] Writing graph  [1 src colour]
[11 Dec 2019 21:40:56-WAc][graphwriter] Dumped 8,297,611 kmers in 1 colour into: metagenomics/bigsi/15/mccortex.ERR1713403.ctx (ver: 6)
[11 Dec 2019 21:40:57-WAc][memory] We made 19 allocs
[11 Dec 2019 21:40:57-WAc] Done.
[11 Dec 2019 21:40:57-WAc][time] 16.00 seconds
	Command being timed: "mccortex 15 build --nkmers 210000000 --threads 1 --kmer 15 --mem 10G --sample ERR1713403 --seq metagenomics/kmer-counts-jellyfish/15/ERR1713403.kmer.gz metagenomics/bigsi/15/mccortex.ERR1713403.ctx"
	User time (seconds): 17.78
	System time (seconds): 8.73
	Percent of CPU this job got: 170%
	Elapsed (wall clock) time (h:mm:ss or m:ss): 0:15.52
	Average shared text size (kbytes): 0
	Average unshared data size (kbytes): 0
	Average stack size (kbytes): 0
	Average total size (kbytes): 0
	Maximum resident set size (kbytes): 2582400
	Average resident set size (kbytes): 0
	Major (requiring I/O) page faults: 0
	Minor (reclaiming a frame) page faults: 2858678
	Voluntary context switches: 1423310
	Involuntary context switches: 11337
	Swaps: 0
	File system inputs: 0
	File system outputs: 210696
	Socket messages sent: 0
	Socket messages received: 0
	Signals delivered: 0
	Page size (bytes): 4096
	Exit status: 0
