[11 Dec 2019 21:40:41-TAC][cmd] /home/CSCScience.ca/apetkau/miniconda3/envs/bigsi_mccortex/bin/mccortex31 build --nkmers 210000000 --threads 1 --kmer 15 --mem 10G --sample ERR1713405 --seq metagenomics/kmer-counts-jellyfish/15/ERR1713405.kmer.gz metagenomics/bigsi/15/mccortex.ERR1713405.ctx
[11 Dec 2019 21:40:41-TAC][cwd] /home/CSCScience.ca/apetkau/workspace/comp7934-project
[11 Dec 2019 21:40:41-TAC][version] mccortex=v0.0.3-610-g400c0e3 zlib=1.2.11 htslib=1.8-17-g699ed53 ASSERTS=ON hash=Lookup3 CHECKS=ON k=3..31
[11 Dec 2019 21:40:41-TAC] Saving graph to: metagenomics/bigsi/15/mccortex.ERR1713405.ctx
[11 Dec 2019 21:40:41-TAC][sample] 0: ERR1713405
[11 Dec 2019 21:40:41-TAC][task] metagenomics/kmer-counts-jellyfish/15/ERR1713405.kmer.gz; FASTQ offset: auto-detect, threshold: off; cut homopolymers: off; remove PCR duplicates: no; colour: 0
[11 Dec 2019 21:40:41-TAC][memory] 104 bits per kmer
[11 Dec 2019 21:40:41-TAC] Note: Using less memory than requested (2.7GB < 10GB); allows for 218,103,808 kmers
[11 Dec 2019 21:40:41-TAC][memory] graph: 2.7GB
[11 Dec 2019 21:40:41-TAC][memory] total: 2.7GB of 62.6GB RAM
[11 Dec 2019 21:40:41-TAC] Writing 1 colour graph to metagenomics/bigsi/15/mccortex.ERR1713405.ctx
[11 Dec 2019 21:40:41-TAC][hasht] Allocating table with 218,103,808 entries, using 1.6GB
[11 Dec 2019 21:40:41-TAC][hasht]  number of buckets: 8,388,608, bucket size: 26
[11 Dec 2019 21:40:41-TAC][graph] kmer-size: 15; colours: 1; capacity: 218,103,808
[11 Dec 2019 21:40:41-TAC][hasht] buckets: 8,388,608 [2^23]; bucket size: 26; 
[11 Dec 2019 21:40:41-TAC][hasht] memory: 1.6GB; filled: 0 / 218,103,808 (0.00%)
[11 Dec 2019 21:40:41-TAC][asyncio] Inputs: 1; Threads: 1
[11 Dec 2019 21:40:41-TAC][seq] Parsing sequence file metagenomics/kmer-counts-jellyfish/15/ERR1713405.kmer.gz
[11 Dec 2019 21:40:53-TAC][BuildGraph] Read 5,000,000 entries (reads / read pairs)
[11 Dec 2019 21:40:58-TAC][seq] Loaded 8,559,966 reads and 0 reads pairs (file: metagenomics/kmer-counts-jellyfish/15/ERR1713405.kmer.gz)
[11 Dec 2019 21:40:58-TAC][hasht] buckets: 8,388,608 [2^23]; bucket size: 26; 
[11 Dec 2019 21:40:58-TAC][hasht] memory: 1.6GB; filled: 8,559,966 / 218,103,808 (3.92%)
[11 Dec 2019 21:40:58-TAC][hasht]  collisions  0: 8559966
[11 Dec 2019 21:40:58-TAC][task] input: metagenomics/kmer-counts-jellyfish/15/ERR1713405.kmer.gz colour: 0
[11 Dec 2019 21:40:58-TAC]  SE reads: 8,559,966  PE reads: 0
[11 Dec 2019 21:40:58-TAC]  good reads: 8,559,966  bad reads: 0
[11 Dec 2019 21:40:58-TAC]  dup SE reads: 0  dup PE pairs: 0
[11 Dec 2019 21:40:58-TAC]  bases read: 128,399,490  bases loaded: 128,399,490
[11 Dec 2019 21:40:58-TAC]  num contigs: 8,559,966  num kmers: 8,559,966 novel kmers: 8,559,966
[11 Dec 2019 21:40:58-TAC] Dumping graph...
[11 Dec 2019 21:40:58-TAC][graphwriter] Saving file to: metagenomics/bigsi/15/mccortex.ERR1713405.ctx
[11 Dec 2019 21:40:58-TAC][FileFilter] Writing graph  [1 src colour]
[11 Dec 2019 21:41:00-TAC][graphwriter] Dumped 8,559,966 kmers in 1 colour into: metagenomics/bigsi/15/mccortex.ERR1713405.ctx (ver: 6)
[11 Dec 2019 21:41:00-TAC][memory] We made 19 allocs
[11 Dec 2019 21:41:00-TAC] Done.
[11 Dec 2019 21:41:00-TAC][time] 19.00 seconds
	Command being timed: "mccortex 15 build --nkmers 210000000 --threads 1 --kmer 15 --mem 10G --sample ERR1713405 --seq metagenomics/kmer-counts-jellyfish/15/ERR1713405.kmer.gz metagenomics/bigsi/15/mccortex.ERR1713405.ctx"
	User time (seconds): 25.08
	System time (seconds): 7.28
	Percent of CPU this job got: 172%
	Elapsed (wall clock) time (h:mm:ss or m:ss): 0:18.75
	Average shared text size (kbytes): 0
	Average unshared data size (kbytes): 0
	Average stack size (kbytes): 0
	Average total size (kbytes): 0
	Maximum resident set size (kbytes): 2582256
	Average resident set size (kbytes): 0
	Major (requiring I/O) page faults: 0
	Minor (reclaiming a frame) page faults: 2206422
	Voluntary context switches: 745489
	Involuntary context switches: 8448
	Swaps: 0
	File system inputs: 8
	File system outputs: 217352
	Socket messages sent: 0
	Socket messages received: 0
	Signals delivered: 0
	Page size (bytes): 4096
	Exit status: 0
