[11 Dec 2019 21:37:45-xuq][cmd] /home/CSCScience.ca/apetkau/miniconda3/envs/bigsi_mccortex/bin/mccortex31 build --nkmers 210000000 --threads 1 --kmer 15 --mem 10G --sample ERR1713388 --seq metagenomics/kmer-counts-jellyfish/15/ERR1713388.kmer.gz metagenomics/bigsi/15/mccortex.ERR1713388.ctx
[11 Dec 2019 21:37:45-xuq][cwd] /home/CSCScience.ca/apetkau/workspace/comp7934-project
[11 Dec 2019 21:37:45-xuq][version] mccortex=v0.0.3-610-g400c0e3 zlib=1.2.11 htslib=1.8-17-g699ed53 ASSERTS=ON hash=Lookup3 CHECKS=ON k=3..31
[11 Dec 2019 21:37:45-xuq] Saving graph to: metagenomics/bigsi/15/mccortex.ERR1713388.ctx
[11 Dec 2019 21:37:45-xuq][sample] 0: ERR1713388
[11 Dec 2019 21:37:45-xuq][task] metagenomics/kmer-counts-jellyfish/15/ERR1713388.kmer.gz; FASTQ offset: auto-detect, threshold: off; cut homopolymers: off; remove PCR duplicates: no; colour: 0
[11 Dec 2019 21:37:45-xuq][memory] 104 bits per kmer
[11 Dec 2019 21:37:45-xuq] Note: Using less memory than requested (2.7GB < 10GB); allows for 218,103,808 kmers
[11 Dec 2019 21:37:45-xuq][memory] graph: 2.7GB
[11 Dec 2019 21:37:45-xuq][memory] total: 2.7GB of 62.6GB RAM
[11 Dec 2019 21:37:45-xuq] Writing 1 colour graph to metagenomics/bigsi/15/mccortex.ERR1713388.ctx
[11 Dec 2019 21:37:45-xuq][hasht] Allocating table with 218,103,808 entries, using 1.6GB
[11 Dec 2019 21:37:45-xuq][hasht]  number of buckets: 8,388,608, bucket size: 26
[11 Dec 2019 21:37:45-xuq][graph] kmer-size: 15; colours: 1; capacity: 218,103,808
[11 Dec 2019 21:37:45-xuq][hasht] buckets: 8,388,608 [2^23]; bucket size: 26; 
[11 Dec 2019 21:37:45-xuq][hasht] memory: 1.6GB; filled: 0 / 218,103,808 (0.00%)
[11 Dec 2019 21:37:45-xuq][asyncio] Inputs: 1; Threads: 1
[11 Dec 2019 21:37:45-xuq][seq] Parsing sequence file metagenomics/kmer-counts-jellyfish/15/ERR1713388.kmer.gz
[11 Dec 2019 21:37:55-xuq][BuildGraph] Read 5,000,000 entries (reads / read pairs)
[11 Dec 2019 21:38:00-xuq][seq] Loaded 8,388,484 reads and 0 reads pairs (file: metagenomics/kmer-counts-jellyfish/15/ERR1713388.kmer.gz)
[11 Dec 2019 21:38:00-xuq][hasht] buckets: 8,388,608 [2^23]; bucket size: 26; 
[11 Dec 2019 21:38:00-xuq][hasht] memory: 1.6GB; filled: 8,388,484 / 218,103,808 (3.85%)
[11 Dec 2019 21:38:00-xuq][hasht]  collisions  0: 8388484
[11 Dec 2019 21:38:00-xuq][task] input: metagenomics/kmer-counts-jellyfish/15/ERR1713388.kmer.gz colour: 0
[11 Dec 2019 21:38:00-xuq]  SE reads: 8,388,484  PE reads: 0
[11 Dec 2019 21:38:00-xuq]  good reads: 8,388,484  bad reads: 0
[11 Dec 2019 21:38:00-xuq]  dup SE reads: 0  dup PE pairs: 0
[11 Dec 2019 21:38:00-xuq]  bases read: 125,827,260  bases loaded: 125,827,260
[11 Dec 2019 21:38:00-xuq]  num contigs: 8,388,484  num kmers: 8,388,484 novel kmers: 8,388,484
[11 Dec 2019 21:38:00-xuq] Dumping graph...
[11 Dec 2019 21:38:00-xuq][graphwriter] Saving file to: metagenomics/bigsi/15/mccortex.ERR1713388.ctx
[11 Dec 2019 21:38:00-xuq][FileFilter] Writing graph  [1 src colour]
[11 Dec 2019 21:38:01-xuq][graphwriter] Dumped 8,388,484 kmers in 1 colour into: metagenomics/bigsi/15/mccortex.ERR1713388.ctx (ver: 6)
[11 Dec 2019 21:38:01-xuq][memory] We made 19 allocs
[11 Dec 2019 21:38:01-xuq] Done.
[11 Dec 2019 21:38:01-xuq][time] 16.00 seconds
	Command being timed: "mccortex 15 build --nkmers 210000000 --threads 1 --kmer 15 --mem 10G --sample ERR1713388 --seq metagenomics/kmer-counts-jellyfish/15/ERR1713388.kmer.gz metagenomics/bigsi/15/mccortex.ERR1713388.ctx"
	User time (seconds): 18.74
	System time (seconds): 9.47
	Percent of CPU this job got: 171%
	Elapsed (wall clock) time (h:mm:ss or m:ss): 0:16.47
	Average shared text size (kbytes): 0
	Average unshared data size (kbytes): 0
	Average stack size (kbytes): 0
	Average total size (kbytes): 0
	Maximum resident set size (kbytes): 2582568
	Average resident set size (kbytes): 0
	Major (requiring I/O) page faults: 0
	Minor (reclaiming a frame) page faults: 2872906
	Voluntary context switches: 1507579
	Involuntary context switches: 4652
	Swaps: 0
	File system inputs: 8
	File system outputs: 213000
	Socket messages sent: 0
	Socket messages received: 0
	Signals delivered: 0
	Page size (bytes): 4096
	Exit status: 0
