[11 Dec 2019 21:37:58-hET][cmd] /home/CSCScience.ca/apetkau/miniconda3/envs/bigsi_mccortex/bin/mccortex31 build --nkmers 210000000 --threads 1 --kmer 15 --mem 10G --sample ERR1713391 --seq metagenomics/kmer-counts-jellyfish/15/ERR1713391.kmer.gz metagenomics/bigsi/15/mccortex.ERR1713391.ctx
[11 Dec 2019 21:37:58-hET][cwd] /home/CSCScience.ca/apetkau/workspace/comp7934-project
[11 Dec 2019 21:37:58-hET][version] mccortex=v0.0.3-610-g400c0e3 zlib=1.2.11 htslib=1.8-17-g699ed53 ASSERTS=ON hash=Lookup3 CHECKS=ON k=3..31
[11 Dec 2019 21:37:58-hET] Saving graph to: metagenomics/bigsi/15/mccortex.ERR1713391.ctx
[11 Dec 2019 21:37:58-hET][sample] 0: ERR1713391
[11 Dec 2019 21:37:58-hET][task] metagenomics/kmer-counts-jellyfish/15/ERR1713391.kmer.gz; FASTQ offset: auto-detect, threshold: off; cut homopolymers: off; remove PCR duplicates: no; colour: 0
[11 Dec 2019 21:37:58-hET][memory] 104 bits per kmer
[11 Dec 2019 21:37:58-hET] Note: Using less memory than requested (2.7GB < 10GB); allows for 218,103,808 kmers
[11 Dec 2019 21:37:58-hET][memory] graph: 2.7GB
[11 Dec 2019 21:37:58-hET][memory] total: 2.7GB of 62.6GB RAM
[11 Dec 2019 21:37:58-hET] Writing 1 colour graph to metagenomics/bigsi/15/mccortex.ERR1713391.ctx
[11 Dec 2019 21:37:58-hET][hasht] Allocating table with 218,103,808 entries, using 1.6GB
[11 Dec 2019 21:37:58-hET][hasht]  number of buckets: 8,388,608, bucket size: 26
[11 Dec 2019 21:37:58-hET][graph] kmer-size: 15; colours: 1; capacity: 218,103,808
[11 Dec 2019 21:37:58-hET][hasht] buckets: 8,388,608 [2^23]; bucket size: 26; 
[11 Dec 2019 21:37:58-hET][hasht] memory: 1.6GB; filled: 0 / 218,103,808 (0.00%)
[11 Dec 2019 21:37:58-hET][asyncio] Inputs: 1; Threads: 1
[11 Dec 2019 21:37:58-hET][seq] Parsing sequence file metagenomics/kmer-counts-jellyfish/15/ERR1713391.kmer.gz
[11 Dec 2019 21:38:14-hET][BuildGraph] Read 5,000,000 entries (reads / read pairs)
[11 Dec 2019 21:38:21-hET][seq] Loaded 8,587,547 reads and 0 reads pairs (file: metagenomics/kmer-counts-jellyfish/15/ERR1713391.kmer.gz)
[11 Dec 2019 21:38:21-hET][hasht] buckets: 8,388,608 [2^23]; bucket size: 26; 
[11 Dec 2019 21:38:21-hET][hasht] memory: 1.6GB; filled: 8,587,547 / 218,103,808 (3.94%)
[11 Dec 2019 21:38:21-hET][hasht]  collisions  0: 8587547
[11 Dec 2019 21:38:21-hET][task] input: metagenomics/kmer-counts-jellyfish/15/ERR1713391.kmer.gz colour: 0
[11 Dec 2019 21:38:21-hET]  SE reads: 8,587,547  PE reads: 0
[11 Dec 2019 21:38:21-hET]  good reads: 8,587,547  bad reads: 0
[11 Dec 2019 21:38:21-hET]  dup SE reads: 0  dup PE pairs: 0
[11 Dec 2019 21:38:21-hET]  bases read: 128,813,205  bases loaded: 128,813,205
[11 Dec 2019 21:38:21-hET]  num contigs: 8,587,547  num kmers: 8,587,547 novel kmers: 8,587,547
[11 Dec 2019 21:38:21-hET] Dumping graph...
[11 Dec 2019 21:38:21-hET][graphwriter] Saving file to: metagenomics/bigsi/15/mccortex.ERR1713391.ctx
[11 Dec 2019 21:38:21-hET][FileFilter] Writing graph  [1 src colour]
[11 Dec 2019 21:38:22-hET][graphwriter] Dumped 8,587,547 kmers in 1 colour into: metagenomics/bigsi/15/mccortex.ERR1713391.ctx (ver: 6)
[11 Dec 2019 21:38:23-hET][memory] We made 19 allocs
[11 Dec 2019 21:38:23-hET] Done.
[11 Dec 2019 21:38:23-hET][time] 25.00 seconds
	Command being timed: "mccortex 15 build --nkmers 210000000 --threads 1 --kmer 15 --mem 10G --sample ERR1713391 --seq metagenomics/kmer-counts-jellyfish/15/ERR1713391.kmer.gz metagenomics/bigsi/15/mccortex.ERR1713391.ctx"
	User time (seconds): 28.01
	System time (seconds): 13.54
	Percent of CPU this job got: 166%
	Elapsed (wall clock) time (h:mm:ss or m:ss): 0:24.93
	Average shared text size (kbytes): 0
	Average unshared data size (kbytes): 0
	Average stack size (kbytes): 0
	Average total size (kbytes): 0
	Maximum resident set size (kbytes): 2582324
	Average resident set size (kbytes): 0
	Major (requiring I/O) page faults: 0
	Minor (reclaiming a frame) page faults: 3616322
	Voluntary context switches: 1466200
	Involuntary context switches: 34871
	Swaps: 0
	File system inputs: 24
	File system outputs: 218056
	Socket messages sent: 0
	Socket messages received: 0
	Signals delivered: 0
	Page size (bytes): 4096
	Exit status: 0
