[11 Dec 2019 21:30:07-vEt][cmd] /home/CSCScience.ca/apetkau/miniconda3/envs/bigsi_mccortex/bin/mccortex31 build --nkmers 210000000 --threads 1 --kmer 15 --mem 10G --sample ERR1713344 --seq metagenomics/kmer-counts-jellyfish/15/ERR1713344.kmer.gz metagenomics/bigsi/15/mccortex.ERR1713344.ctx
[11 Dec 2019 21:30:07-vEt][cwd] /home/CSCScience.ca/apetkau/workspace/comp7934-project
[11 Dec 2019 21:30:07-vEt][version] mccortex=v0.0.3-610-g400c0e3 zlib=1.2.11 htslib=1.8-17-g699ed53 ASSERTS=ON hash=Lookup3 CHECKS=ON k=3..31
[11 Dec 2019 21:30:07-vEt] Saving graph to: metagenomics/bigsi/15/mccortex.ERR1713344.ctx
[11 Dec 2019 21:30:07-vEt][sample] 0: ERR1713344
[11 Dec 2019 21:30:07-vEt][task] metagenomics/kmer-counts-jellyfish/15/ERR1713344.kmer.gz; FASTQ offset: auto-detect, threshold: off; cut homopolymers: off; remove PCR duplicates: no; colour: 0
[11 Dec 2019 21:30:07-vEt][memory] 104 bits per kmer
[11 Dec 2019 21:30:07-vEt] Note: Using less memory than requested (2.7GB < 10GB); allows for 218,103,808 kmers
[11 Dec 2019 21:30:07-vEt][memory] graph: 2.7GB
[11 Dec 2019 21:30:07-vEt][memory] total: 2.7GB of 62.6GB RAM
[11 Dec 2019 21:30:07-vEt] Writing 1 colour graph to metagenomics/bigsi/15/mccortex.ERR1713344.ctx
[11 Dec 2019 21:30:07-vEt][hasht] Allocating table with 218,103,808 entries, using 1.6GB
[11 Dec 2019 21:30:07-vEt][hasht]  number of buckets: 8,388,608, bucket size: 26
[11 Dec 2019 21:30:07-vEt][graph] kmer-size: 15; colours: 1; capacity: 218,103,808
[11 Dec 2019 21:30:07-vEt][hasht] buckets: 8,388,608 [2^23]; bucket size: 26; 
[11 Dec 2019 21:30:07-vEt][hasht] memory: 1.6GB; filled: 0 / 218,103,808 (0.00%)
[11 Dec 2019 21:30:07-vEt][asyncio] Inputs: 1; Threads: 1
[11 Dec 2019 21:30:07-vEt][seq] Parsing sequence file metagenomics/kmer-counts-jellyfish/15/ERR1713344.kmer.gz
[11 Dec 2019 21:30:21-vEt][BuildGraph] Read 5,000,000 entries (reads / read pairs)
[11 Dec 2019 21:30:28-vEt][seq] Loaded 8,604,493 reads and 0 reads pairs (file: metagenomics/kmer-counts-jellyfish/15/ERR1713344.kmer.gz)
[11 Dec 2019 21:30:28-vEt][hasht] buckets: 8,388,608 [2^23]; bucket size: 26; 
[11 Dec 2019 21:30:28-vEt][hasht] memory: 1.6GB; filled: 8,604,493 / 218,103,808 (3.95%)
[11 Dec 2019 21:30:28-vEt][hasht]  collisions  0: 8604493
[11 Dec 2019 21:30:28-vEt][task] input: metagenomics/kmer-counts-jellyfish/15/ERR1713344.kmer.gz colour: 0
[11 Dec 2019 21:30:28-vEt]  SE reads: 8,604,493  PE reads: 0
[11 Dec 2019 21:30:28-vEt]  good reads: 8,604,493  bad reads: 0
[11 Dec 2019 21:30:28-vEt]  dup SE reads: 0  dup PE pairs: 0
[11 Dec 2019 21:30:28-vEt]  bases read: 129,067,395  bases loaded: 129,067,395
[11 Dec 2019 21:30:28-vEt]  num contigs: 8,604,493  num kmers: 8,604,493 novel kmers: 8,604,493
[11 Dec 2019 21:30:28-vEt] Dumping graph...
[11 Dec 2019 21:30:28-vEt][graphwriter] Saving file to: metagenomics/bigsi/15/mccortex.ERR1713344.ctx
[11 Dec 2019 21:30:28-vEt][FileFilter] Writing graph  [1 src colour]
[11 Dec 2019 21:30:29-vEt][graphwriter] Dumped 8,604,493 kmers in 1 colour into: metagenomics/bigsi/15/mccortex.ERR1713344.ctx (ver: 6)
[11 Dec 2019 21:30:30-vEt][memory] We made 19 allocs
[11 Dec 2019 21:30:30-vEt] Done.
[11 Dec 2019 21:30:30-vEt][time] 23.00 seconds
	Command being timed: "mccortex 15 build --nkmers 210000000 --threads 1 --kmer 15 --mem 10G --sample ERR1713344 --seq metagenomics/kmer-counts-jellyfish/15/ERR1713344.kmer.gz metagenomics/bigsi/15/mccortex.ERR1713344.ctx"
	User time (seconds): 26.63
	System time (seconds): 11.37
	Percent of CPU this job got: 169%
	Elapsed (wall clock) time (h:mm:ss or m:ss): 0:22.42
	Average shared text size (kbytes): 0
	Average unshared data size (kbytes): 0
	Average stack size (kbytes): 0
	Average total size (kbytes): 0
	Maximum resident set size (kbytes): 2582436
	Average resident set size (kbytes): 0
	Major (requiring I/O) page faults: 0
	Minor (reclaiming a frame) page faults: 2909381
	Voluntary context switches: 1259115
	Involuntary context switches: 27416
	Swaps: 0
	File system inputs: 0
	File system outputs: 218488
	Socket messages sent: 0
	Socket messages received: 0
	Signals delivered: 0
	Page size (bytes): 4096
	Exit status: 0
