[11 Dec 2019 21:30:02-yez][cmd] /home/CSCScience.ca/apetkau/miniconda3/envs/bigsi_mccortex/bin/mccortex31 build --nkmers 210000000 --threads 1 --kmer 15 --mem 10G --sample ERR1713341 --seq metagenomics/kmer-counts-jellyfish/15/ERR1713341.kmer.gz metagenomics/bigsi/15/mccortex.ERR1713341.ctx
[11 Dec 2019 21:30:02-yez][cwd] /home/CSCScience.ca/apetkau/workspace/comp7934-project
[11 Dec 2019 21:30:02-yez][version] mccortex=v0.0.3-610-g400c0e3 zlib=1.2.11 htslib=1.8-17-g699ed53 ASSERTS=ON hash=Lookup3 CHECKS=ON k=3..31
[11 Dec 2019 21:30:02-yez] Saving graph to: metagenomics/bigsi/15/mccortex.ERR1713341.ctx
[11 Dec 2019 21:30:02-yez][sample] 0: ERR1713341
[11 Dec 2019 21:30:02-yez][task] metagenomics/kmer-counts-jellyfish/15/ERR1713341.kmer.gz; FASTQ offset: auto-detect, threshold: off; cut homopolymers: off; remove PCR duplicates: no; colour: 0
[11 Dec 2019 21:30:02-yez][memory] 104 bits per kmer
[11 Dec 2019 21:30:02-yez] Note: Using less memory than requested (2.7GB < 10GB); allows for 218,103,808 kmers
[11 Dec 2019 21:30:02-yez][memory] graph: 2.7GB
[11 Dec 2019 21:30:02-yez][memory] total: 2.7GB of 62.6GB RAM
[11 Dec 2019 21:30:02-yez] Writing 1 colour graph to metagenomics/bigsi/15/mccortex.ERR1713341.ctx
[11 Dec 2019 21:30:02-yez][hasht] Allocating table with 218,103,808 entries, using 1.6GB
[11 Dec 2019 21:30:02-yez][hasht]  number of buckets: 8,388,608, bucket size: 26
[11 Dec 2019 21:30:02-yez][graph] kmer-size: 15; colours: 1; capacity: 218,103,808
[11 Dec 2019 21:30:02-yez][hasht] buckets: 8,388,608 [2^23]; bucket size: 26; 
[11 Dec 2019 21:30:02-yez][hasht] memory: 1.6GB; filled: 0 / 218,103,808 (0.00%)
[11 Dec 2019 21:30:02-yez][asyncio] Inputs: 1; Threads: 1
[11 Dec 2019 21:30:02-yez][seq] Parsing sequence file metagenomics/kmer-counts-jellyfish/15/ERR1713341.kmer.gz
[11 Dec 2019 21:30:13-yez][BuildGraph] Read 5,000,000 entries (reads / read pairs)
[11 Dec 2019 21:30:17-yez][seq] Loaded 8,321,423 reads and 0 reads pairs (file: metagenomics/kmer-counts-jellyfish/15/ERR1713341.kmer.gz)
[11 Dec 2019 21:30:17-yez][hasht] buckets: 8,388,608 [2^23]; bucket size: 26; 
[11 Dec 2019 21:30:17-yez][hasht] memory: 1.6GB; filled: 8,321,423 / 218,103,808 (3.82%)
[11 Dec 2019 21:30:17-yez][hasht]  collisions  0: 8321423
[11 Dec 2019 21:30:17-yez][task] input: metagenomics/kmer-counts-jellyfish/15/ERR1713341.kmer.gz colour: 0
[11 Dec 2019 21:30:17-yez]  SE reads: 8,321,423  PE reads: 0
[11 Dec 2019 21:30:17-yez]  good reads: 8,321,423  bad reads: 0
[11 Dec 2019 21:30:17-yez]  dup SE reads: 0  dup PE pairs: 0
[11 Dec 2019 21:30:17-yez]  bases read: 124,821,345  bases loaded: 124,821,345
[11 Dec 2019 21:30:17-yez]  num contigs: 8,321,423  num kmers: 8,321,423 novel kmers: 8,321,423
[11 Dec 2019 21:30:17-yez] Dumping graph...
[11 Dec 2019 21:30:17-yez][graphwriter] Saving file to: metagenomics/bigsi/15/mccortex.ERR1713341.ctx
[11 Dec 2019 21:30:17-yez][FileFilter] Writing graph  [1 src colour]
[11 Dec 2019 21:30:18-yez][graphwriter] Dumped 8,321,423 kmers in 1 colour into: metagenomics/bigsi/15/mccortex.ERR1713341.ctx (ver: 6)
[11 Dec 2019 21:30:19-yez][memory] We made 19 allocs
[11 Dec 2019 21:30:19-yez] Done.
[11 Dec 2019 21:30:19-yez][time] 17.00 seconds
	Command being timed: "mccortex 15 build --nkmers 210000000 --threads 1 --kmer 15 --mem 10G --sample ERR1713341 --seq metagenomics/kmer-counts-jellyfish/15/ERR1713341.kmer.gz metagenomics/bigsi/15/mccortex.ERR1713341.ctx"
	User time (seconds): 18.41
	System time (seconds): 9.57
	Percent of CPU this job got: 170%
	Elapsed (wall clock) time (h:mm:ss or m:ss): 0:16.39
	Average shared text size (kbytes): 0
	Average unshared data size (kbytes): 0
	Average stack size (kbytes): 0
	Average total size (kbytes): 0
	Maximum resident set size (kbytes): 2582376
	Average resident set size (kbytes): 0
	Major (requiring I/O) page faults: 0
	Minor (reclaiming a frame) page faults: 2941013
	Voluntary context switches: 1532442
	Involuntary context switches: 28
	Swaps: 0
	File system inputs: 0
	File system outputs: 211304
	Socket messages sent: 0
	Socket messages received: 0
	Signals delivered: 0
	Page size (bytes): 4096
	Exit status: 0
