[11 Dec 2019 21:32:50-Lon][cmd] /home/CSCScience.ca/apetkau/miniconda3/envs/bigsi_mccortex/bin/mccortex31 build --nkmers 210000000 --threads 1 --kmer 15 --mem 10G --sample ERR1713363 --seq metagenomics/kmer-counts-jellyfish/15/ERR1713363.kmer.gz metagenomics/bigsi/15/mccortex.ERR1713363.ctx
[11 Dec 2019 21:32:50-Lon][cwd] /home/CSCScience.ca/apetkau/workspace/comp7934-project
[11 Dec 2019 21:32:50-Lon][version] mccortex=v0.0.3-610-g400c0e3 zlib=1.2.11 htslib=1.8-17-g699ed53 ASSERTS=ON hash=Lookup3 CHECKS=ON k=3..31
[11 Dec 2019 21:32:50-Lon] Saving graph to: metagenomics/bigsi/15/mccortex.ERR1713363.ctx
[11 Dec 2019 21:32:50-Lon][sample] 0: ERR1713363
[11 Dec 2019 21:32:50-Lon][task] metagenomics/kmer-counts-jellyfish/15/ERR1713363.kmer.gz; FASTQ offset: auto-detect, threshold: off; cut homopolymers: off; remove PCR duplicates: no; colour: 0
[11 Dec 2019 21:32:50-Lon][memory] 104 bits per kmer
[11 Dec 2019 21:32:50-Lon] Note: Using less memory than requested (2.7GB < 10GB); allows for 218,103,808 kmers
[11 Dec 2019 21:32:50-Lon][memory] graph: 2.7GB
[11 Dec 2019 21:32:50-Lon][memory] total: 2.7GB of 62.6GB RAM
[11 Dec 2019 21:32:50-Lon] Writing 1 colour graph to metagenomics/bigsi/15/mccortex.ERR1713363.ctx
[11 Dec 2019 21:32:50-Lon][hasht] Allocating table with 218,103,808 entries, using 1.6GB
[11 Dec 2019 21:32:50-Lon][hasht]  number of buckets: 8,388,608, bucket size: 26
[11 Dec 2019 21:32:50-Lon][graph] kmer-size: 15; colours: 1; capacity: 218,103,808
[11 Dec 2019 21:32:50-Lon][hasht] buckets: 8,388,608 [2^23]; bucket size: 26; 
[11 Dec 2019 21:32:50-Lon][hasht] memory: 1.6GB; filled: 0 / 218,103,808 (0.00%)
[11 Dec 2019 21:32:50-Lon][asyncio] Inputs: 1; Threads: 1
[11 Dec 2019 21:32:50-Lon][seq] Parsing sequence file metagenomics/kmer-counts-jellyfish/15/ERR1713363.kmer.gz
[11 Dec 2019 21:33:03-Lon][BuildGraph] Read 5,000,000 entries (reads / read pairs)
[11 Dec 2019 21:33:08-Lon][seq] Loaded 8,335,976 reads and 0 reads pairs (file: metagenomics/kmer-counts-jellyfish/15/ERR1713363.kmer.gz)
[11 Dec 2019 21:33:08-Lon][hasht] buckets: 8,388,608 [2^23]; bucket size: 26; 
[11 Dec 2019 21:33:08-Lon][hasht] memory: 1.6GB; filled: 8,335,976 / 218,103,808 (3.82%)
[11 Dec 2019 21:33:08-Lon][hasht]  collisions  0: 8335976
[11 Dec 2019 21:33:08-Lon][task] input: metagenomics/kmer-counts-jellyfish/15/ERR1713363.kmer.gz colour: 0
[11 Dec 2019 21:33:08-Lon]  SE reads: 8,335,976  PE reads: 0
[11 Dec 2019 21:33:08-Lon]  good reads: 8,335,976  bad reads: 0
[11 Dec 2019 21:33:08-Lon]  dup SE reads: 0  dup PE pairs: 0
[11 Dec 2019 21:33:08-Lon]  bases read: 125,039,640  bases loaded: 125,039,640
[11 Dec 2019 21:33:08-Lon]  num contigs: 8,335,976  num kmers: 8,335,976 novel kmers: 8,335,976
[11 Dec 2019 21:33:08-Lon] Dumping graph...
[11 Dec 2019 21:33:08-Lon][graphwriter] Saving file to: metagenomics/bigsi/15/mccortex.ERR1713363.ctx
[11 Dec 2019 21:33:08-Lon][FileFilter] Writing graph  [1 src colour]
[11 Dec 2019 21:33:10-Lon][graphwriter] Dumped 8,335,976 kmers in 1 colour into: metagenomics/bigsi/15/mccortex.ERR1713363.ctx (ver: 6)
[11 Dec 2019 21:33:10-Lon][memory] We made 19 allocs
[11 Dec 2019 21:33:10-Lon] Done.
[11 Dec 2019 21:33:10-Lon][time] 20.00 seconds
	Command being timed: "mccortex 15 build --nkmers 210000000 --threads 1 --kmer 15 --mem 10G --sample ERR1713363 --seq metagenomics/kmer-counts-jellyfish/15/ERR1713363.kmer.gz metagenomics/bigsi/15/mccortex.ERR1713363.ctx"
	User time (seconds): 23.29
	System time (seconds): 10.23
	Percent of CPU this job got: 168%
	Elapsed (wall clock) time (h:mm:ss or m:ss): 0:19.89
	Average shared text size (kbytes): 0
	Average unshared data size (kbytes): 0
	Average stack size (kbytes): 0
	Average total size (kbytes): 0
	Maximum resident set size (kbytes): 2582404
	Average resident set size (kbytes): 0
	Major (requiring I/O) page faults: 0
	Minor (reclaiming a frame) page faults: 3282715
	Voluntary context switches: 1334322
	Involuntary context switches: 19031
	Swaps: 0
	File system inputs: 0
	File system outputs: 211664
	Socket messages sent: 0
	Socket messages received: 0
	Signals delivered: 0
	Page size (bytes): 4096
	Exit status: 0
