[11 Dec 2019 21:27:37-XIp][cmd] /home/CSCScience.ca/apetkau/miniconda3/envs/bigsi_mccortex/bin/mccortex31 build --nkmers 210000000 --threads 1 --kmer 15 --mem 10G --sample ERR1713333 --seq metagenomics/kmer-counts-jellyfish/15/ERR1713333.kmer.gz metagenomics/bigsi/15/mccortex.ERR1713333.ctx
[11 Dec 2019 21:27:37-XIp][cwd] /home/CSCScience.ca/apetkau/workspace/comp7934-project
[11 Dec 2019 21:27:37-XIp][version] mccortex=v0.0.3-610-g400c0e3 zlib=1.2.11 htslib=1.8-17-g699ed53 ASSERTS=ON hash=Lookup3 CHECKS=ON k=3..31
[11 Dec 2019 21:27:37-XIp] Saving graph to: metagenomics/bigsi/15/mccortex.ERR1713333.ctx
[11 Dec 2019 21:27:37-XIp][sample] 0: ERR1713333
[11 Dec 2019 21:27:37-XIp][task] metagenomics/kmer-counts-jellyfish/15/ERR1713333.kmer.gz; FASTQ offset: auto-detect, threshold: off; cut homopolymers: off; remove PCR duplicates: no; colour: 0
[11 Dec 2019 21:27:37-XIp][memory] 104 bits per kmer
[11 Dec 2019 21:27:37-XIp] Note: Using less memory than requested (2.7GB < 10GB); allows for 218,103,808 kmers
[11 Dec 2019 21:27:37-XIp][memory] graph: 2.7GB
[11 Dec 2019 21:27:37-XIp][memory] total: 2.7GB of 62.6GB RAM
[11 Dec 2019 21:27:37-XIp] Writing 1 colour graph to metagenomics/bigsi/15/mccortex.ERR1713333.ctx
[11 Dec 2019 21:27:37-XIp][hasht] Allocating table with 218,103,808 entries, using 1.6GB
[11 Dec 2019 21:27:37-XIp][hasht]  number of buckets: 8,388,608, bucket size: 26
[11 Dec 2019 21:27:37-XIp][graph] kmer-size: 15; colours: 1; capacity: 218,103,808
[11 Dec 2019 21:27:37-XIp][hasht] buckets: 8,388,608 [2^23]; bucket size: 26; 
[11 Dec 2019 21:27:37-XIp][hasht] memory: 1.6GB; filled: 0 / 218,103,808 (0.00%)
[11 Dec 2019 21:27:37-XIp][asyncio] Inputs: 1; Threads: 1
[11 Dec 2019 21:27:37-XIp][seq] Parsing sequence file metagenomics/kmer-counts-jellyfish/15/ERR1713333.kmer.gz
[11 Dec 2019 21:27:48-XIp][BuildGraph] Read 5,000,000 entries (reads / read pairs)
[11 Dec 2019 21:27:53-XIp][seq] Loaded 8,192,181 reads and 0 reads pairs (file: metagenomics/kmer-counts-jellyfish/15/ERR1713333.kmer.gz)
[11 Dec 2019 21:27:53-XIp][hasht] buckets: 8,388,608 [2^23]; bucket size: 26; 
[11 Dec 2019 21:27:53-XIp][hasht] memory: 1.6GB; filled: 8,192,181 / 218,103,808 (3.76%)
[11 Dec 2019 21:27:53-XIp][hasht]  collisions  0: 8192181
[11 Dec 2019 21:27:53-XIp][task] input: metagenomics/kmer-counts-jellyfish/15/ERR1713333.kmer.gz colour: 0
[11 Dec 2019 21:27:53-XIp]  SE reads: 8,192,181  PE reads: 0
[11 Dec 2019 21:27:53-XIp]  good reads: 8,192,181  bad reads: 0
[11 Dec 2019 21:27:53-XIp]  dup SE reads: 0  dup PE pairs: 0
[11 Dec 2019 21:27:53-XIp]  bases read: 122,882,715  bases loaded: 122,882,715
[11 Dec 2019 21:27:53-XIp]  num contigs: 8,192,181  num kmers: 8,192,181 novel kmers: 8,192,181
[11 Dec 2019 21:27:53-XIp] Dumping graph...
[11 Dec 2019 21:27:53-XIp][graphwriter] Saving file to: metagenomics/bigsi/15/mccortex.ERR1713333.ctx
[11 Dec 2019 21:27:53-XIp][FileFilter] Writing graph  [1 src colour]
[11 Dec 2019 21:27:54-XIp][graphwriter] Dumped 8,192,181 kmers in 1 colour into: metagenomics/bigsi/15/mccortex.ERR1713333.ctx (ver: 6)
[11 Dec 2019 21:27:55-XIp][memory] We made 19 allocs
[11 Dec 2019 21:27:55-XIp] Done.
[11 Dec 2019 21:27:55-XIp][time] 18.00 seconds
	Command being timed: "mccortex 15 build --nkmers 210000000 --threads 1 --kmer 15 --mem 10G --sample ERR1713333 --seq metagenomics/kmer-counts-jellyfish/15/ERR1713333.kmer.gz metagenomics/bigsi/15/mccortex.ERR1713333.ctx"
	User time (seconds): 18.90
	System time (seconds): 10.60
	Percent of CPU this job got: 167%
	Elapsed (wall clock) time (h:mm:ss or m:ss): 0:17.57
	Average shared text size (kbytes): 0
	Average unshared data size (kbytes): 0
	Average stack size (kbytes): 0
	Average total size (kbytes): 0
	Maximum resident set size (kbytes): 2582392
	Average resident set size (kbytes): 0
	Major (requiring I/O) page faults: 0
	Minor (reclaiming a frame) page faults: 2910400
	Voluntary context switches: 1517632
	Involuntary context switches: 24
	Swaps: 0
	File system inputs: 0
	File system outputs: 208016
	Socket messages sent: 0
	Socket messages received: 0
	Signals delivered: 0
	Page size (bytes): 4096
	Exit status: 0
