[11 Dec 2019 21:37:50-fow][cmd] /home/CSCScience.ca/apetkau/miniconda3/envs/bigsi_mccortex/bin/mccortex31 build --nkmers 210000000 --threads 1 --kmer 15 --mem 10G --sample ERR1713389 --seq metagenomics/kmer-counts-jellyfish/15/ERR1713389.kmer.gz metagenomics/bigsi/15/mccortex.ERR1713389.ctx
[11 Dec 2019 21:37:50-fow][cwd] /home/CSCScience.ca/apetkau/workspace/comp7934-project
[11 Dec 2019 21:37:50-fow][version] mccortex=v0.0.3-610-g400c0e3 zlib=1.2.11 htslib=1.8-17-g699ed53 ASSERTS=ON hash=Lookup3 CHECKS=ON k=3..31
[11 Dec 2019 21:37:50-fow] Saving graph to: metagenomics/bigsi/15/mccortex.ERR1713389.ctx
[11 Dec 2019 21:37:50-fow][sample] 0: ERR1713389
[11 Dec 2019 21:37:50-fow][task] metagenomics/kmer-counts-jellyfish/15/ERR1713389.kmer.gz; FASTQ offset: auto-detect, threshold: off; cut homopolymers: off; remove PCR duplicates: no; colour: 0
[11 Dec 2019 21:37:50-fow][memory] 104 bits per kmer
[11 Dec 2019 21:37:50-fow] Note: Using less memory than requested (2.7GB < 10GB); allows for 218,103,808 kmers
[11 Dec 2019 21:37:50-fow][memory] graph: 2.7GB
[11 Dec 2019 21:37:50-fow][memory] total: 2.7GB of 62.6GB RAM
[11 Dec 2019 21:37:50-fow] Writing 1 colour graph to metagenomics/bigsi/15/mccortex.ERR1713389.ctx
[11 Dec 2019 21:37:50-fow][hasht] Allocating table with 218,103,808 entries, using 1.6GB
[11 Dec 2019 21:37:50-fow][hasht]  number of buckets: 8,388,608, bucket size: 26
[11 Dec 2019 21:37:50-fow][graph] kmer-size: 15; colours: 1; capacity: 218,103,808
[11 Dec 2019 21:37:50-fow][hasht] buckets: 8,388,608 [2^23]; bucket size: 26; 
[11 Dec 2019 21:37:50-fow][hasht] memory: 1.6GB; filled: 0 / 218,103,808 (0.00%)
[11 Dec 2019 21:37:50-fow][asyncio] Inputs: 1; Threads: 1
[11 Dec 2019 21:37:50-fow][seq] Parsing sequence file metagenomics/kmer-counts-jellyfish/15/ERR1713389.kmer.gz
[11 Dec 2019 21:38:03-fow][BuildGraph] Read 5,000,000 entries (reads / read pairs)
[11 Dec 2019 21:38:09-fow][seq] Loaded 8,498,174 reads and 0 reads pairs (file: metagenomics/kmer-counts-jellyfish/15/ERR1713389.kmer.gz)
[11 Dec 2019 21:38:09-fow][hasht] buckets: 8,388,608 [2^23]; bucket size: 26; 
[11 Dec 2019 21:38:09-fow][hasht] memory: 1.6GB; filled: 8,498,174 / 218,103,808 (3.90%)
[11 Dec 2019 21:38:09-fow][hasht]  collisions  0: 8498174
[11 Dec 2019 21:38:09-fow][task] input: metagenomics/kmer-counts-jellyfish/15/ERR1713389.kmer.gz colour: 0
[11 Dec 2019 21:38:09-fow]  SE reads: 8,498,174  PE reads: 0
[11 Dec 2019 21:38:09-fow]  good reads: 8,498,174  bad reads: 0
[11 Dec 2019 21:38:09-fow]  dup SE reads: 0  dup PE pairs: 0
[11 Dec 2019 21:38:09-fow]  bases read: 127,472,610  bases loaded: 127,472,610
[11 Dec 2019 21:38:09-fow]  num contigs: 8,498,174  num kmers: 8,498,174 novel kmers: 8,498,174
[11 Dec 2019 21:38:09-fow] Dumping graph...
[11 Dec 2019 21:38:09-fow][graphwriter] Saving file to: metagenomics/bigsi/15/mccortex.ERR1713389.ctx
[11 Dec 2019 21:38:09-fow][FileFilter] Writing graph  [1 src colour]
[11 Dec 2019 21:38:11-fow][graphwriter] Dumped 8,498,174 kmers in 1 colour into: metagenomics/bigsi/15/mccortex.ERR1713389.ctx (ver: 6)
[11 Dec 2019 21:38:11-fow][memory] We made 19 allocs
[11 Dec 2019 21:38:11-fow] Done.
[11 Dec 2019 21:38:11-fow][time] 21.00 seconds
	Command being timed: "mccortex 15 build --nkmers 210000000 --threads 1 --kmer 15 --mem 10G --sample ERR1713389 --seq metagenomics/kmer-counts-jellyfish/15/ERR1713389.kmer.gz metagenomics/bigsi/15/mccortex.ERR1713389.ctx"
	User time (seconds): 24.91
	System time (seconds): 9.97
	Percent of CPU this job got: 170%
	Elapsed (wall clock) time (h:mm:ss or m:ss): 0:20.47
	Average shared text size (kbytes): 0
	Average unshared data size (kbytes): 0
	Average stack size (kbytes): 0
	Average total size (kbytes): 0
	Maximum resident set size (kbytes): 2582252
	Average resident set size (kbytes): 0
	Major (requiring I/O) page faults: 0
	Minor (reclaiming a frame) page faults: 2863385
	Voluntary context switches: 1028513
	Involuntary context switches: 8904
	Swaps: 0
	File system inputs: 8
	File system outputs: 215784
	Socket messages sent: 0
	Socket messages received: 0
	Signals delivered: 0
	Page size (bytes): 4096
	Exit status: 0
