[11 Dec 2019 21:38:02-wIc][cmd] /home/CSCScience.ca/apetkau/miniconda3/envs/bigsi_mccortex/bin/mccortex31 build --nkmers 210000000 --threads 1 --kmer 15 --mem 10G --sample ERR1713395 --seq metagenomics/kmer-counts-jellyfish/15/ERR1713395.kmer.gz metagenomics/bigsi/15/mccortex.ERR1713395.ctx
[11 Dec 2019 21:38:02-wIc][cwd] /home/CSCScience.ca/apetkau/workspace/comp7934-project
[11 Dec 2019 21:38:02-wIc][version] mccortex=v0.0.3-610-g400c0e3 zlib=1.2.11 htslib=1.8-17-g699ed53 ASSERTS=ON hash=Lookup3 CHECKS=ON k=3..31
[11 Dec 2019 21:38:02-wIc] Saving graph to: metagenomics/bigsi/15/mccortex.ERR1713395.ctx
[11 Dec 2019 21:38:02-wIc][sample] 0: ERR1713395
[11 Dec 2019 21:38:02-wIc][task] metagenomics/kmer-counts-jellyfish/15/ERR1713395.kmer.gz; FASTQ offset: auto-detect, threshold: off; cut homopolymers: off; remove PCR duplicates: no; colour: 0
[11 Dec 2019 21:38:02-wIc][memory] 104 bits per kmer
[11 Dec 2019 21:38:02-wIc] Note: Using less memory than requested (2.7GB < 10GB); allows for 218,103,808 kmers
[11 Dec 2019 21:38:02-wIc][memory] graph: 2.7GB
[11 Dec 2019 21:38:02-wIc][memory] total: 2.7GB of 62.6GB RAM
[11 Dec 2019 21:38:02-wIc] Writing 1 colour graph to metagenomics/bigsi/15/mccortex.ERR1713395.ctx
[11 Dec 2019 21:38:02-wIc][hasht] Allocating table with 218,103,808 entries, using 1.6GB
[11 Dec 2019 21:38:02-wIc][hasht]  number of buckets: 8,388,608, bucket size: 26
[11 Dec 2019 21:38:02-wIc][graph] kmer-size: 15; colours: 1; capacity: 218,103,808
[11 Dec 2019 21:38:02-wIc][hasht] buckets: 8,388,608 [2^23]; bucket size: 26; 
[11 Dec 2019 21:38:02-wIc][hasht] memory: 1.6GB; filled: 0 / 218,103,808 (0.00%)
[11 Dec 2019 21:38:02-wIc][asyncio] Inputs: 1; Threads: 1
[11 Dec 2019 21:38:02-wIc][seq] Parsing sequence file metagenomics/kmer-counts-jellyfish/15/ERR1713395.kmer.gz
[11 Dec 2019 21:38:17-wIc][BuildGraph] Read 5,000,000 entries (reads / read pairs)
[11 Dec 2019 21:38:24-wIc][seq] Loaded 8,415,115 reads and 0 reads pairs (file: metagenomics/kmer-counts-jellyfish/15/ERR1713395.kmer.gz)
[11 Dec 2019 21:38:24-wIc][hasht] buckets: 8,388,608 [2^23]; bucket size: 26; 
[11 Dec 2019 21:38:24-wIc][hasht] memory: 1.6GB; filled: 8,415,115 / 218,103,808 (3.86%)
[11 Dec 2019 21:38:24-wIc][hasht]  collisions  0: 8415115
[11 Dec 2019 21:38:24-wIc][task] input: metagenomics/kmer-counts-jellyfish/15/ERR1713395.kmer.gz colour: 0
[11 Dec 2019 21:38:24-wIc]  SE reads: 8,415,115  PE reads: 0
[11 Dec 2019 21:38:24-wIc]  good reads: 8,415,115  bad reads: 0
[11 Dec 2019 21:38:24-wIc]  dup SE reads: 0  dup PE pairs: 0
[11 Dec 2019 21:38:24-wIc]  bases read: 126,226,725  bases loaded: 126,226,725
[11 Dec 2019 21:38:24-wIc]  num contigs: 8,415,115  num kmers: 8,415,115 novel kmers: 8,415,115
[11 Dec 2019 21:38:24-wIc] Dumping graph...
[11 Dec 2019 21:38:24-wIc][graphwriter] Saving file to: metagenomics/bigsi/15/mccortex.ERR1713395.ctx
[11 Dec 2019 21:38:24-wIc][FileFilter] Writing graph  [1 src colour]
[11 Dec 2019 21:38:25-wIc][graphwriter] Dumped 8,415,115 kmers in 1 colour into: metagenomics/bigsi/15/mccortex.ERR1713395.ctx (ver: 6)
[11 Dec 2019 21:38:26-wIc][memory] We made 19 allocs
[11 Dec 2019 21:38:26-wIc] Done.
[11 Dec 2019 21:38:26-wIc][time] 24.00 seconds
	Command being timed: "mccortex 15 build --nkmers 210000000 --threads 1 --kmer 15 --mem 10G --sample ERR1713395 --seq metagenomics/kmer-counts-jellyfish/15/ERR1713395.kmer.gz metagenomics/bigsi/15/mccortex.ERR1713395.ctx"
	User time (seconds): 27.22
	System time (seconds): 11.83
	Percent of CPU this job got: 169%
	Elapsed (wall clock) time (h:mm:ss or m:ss): 0:23.09
	Average shared text size (kbytes): 0
	Average unshared data size (kbytes): 0
	Average stack size (kbytes): 0
	Average total size (kbytes): 0
	Maximum resident set size (kbytes): 2582448
	Average resident set size (kbytes): 0
	Major (requiring I/O) page faults: 0
	Minor (reclaiming a frame) page faults: 3058207
	Voluntary context switches: 1371879
	Involuntary context switches: 46870
	Swaps: 0
	File system inputs: 24
	File system outputs: 213680
	Socket messages sent: 0
	Socket messages received: 0
	Signals delivered: 0
	Page size (bytes): 4096
	Exit status: 0
