[11 Dec 2019 21:35:11-lAd][cmd] /home/CSCScience.ca/apetkau/miniconda3/envs/bigsi_mccortex/bin/mccortex31 build --nkmers 210000000 --threads 1 --kmer 15 --mem 10G --sample ERR1713373 --seq metagenomics/kmer-counts-jellyfish/15/ERR1713373.kmer.gz metagenomics/bigsi/15/mccortex.ERR1713373.ctx
[11 Dec 2019 21:35:11-lAd][cwd] /home/CSCScience.ca/apetkau/workspace/comp7934-project
[11 Dec 2019 21:35:11-lAd][version] mccortex=v0.0.3-610-g400c0e3 zlib=1.2.11 htslib=1.8-17-g699ed53 ASSERTS=ON hash=Lookup3 CHECKS=ON k=3..31
[11 Dec 2019 21:35:11-lAd] Saving graph to: metagenomics/bigsi/15/mccortex.ERR1713373.ctx
[11 Dec 2019 21:35:11-lAd][sample] 0: ERR1713373
[11 Dec 2019 21:35:11-lAd][task] metagenomics/kmer-counts-jellyfish/15/ERR1713373.kmer.gz; FASTQ offset: auto-detect, threshold: off; cut homopolymers: off; remove PCR duplicates: no; colour: 0
[11 Dec 2019 21:35:11-lAd][memory] 104 bits per kmer
[11 Dec 2019 21:35:11-lAd] Note: Using less memory than requested (2.7GB < 10GB); allows for 218,103,808 kmers
[11 Dec 2019 21:35:11-lAd][memory] graph: 2.7GB
[11 Dec 2019 21:35:11-lAd][memory] total: 2.7GB of 62.6GB RAM
[11 Dec 2019 21:35:11-lAd] Writing 1 colour graph to metagenomics/bigsi/15/mccortex.ERR1713373.ctx
[11 Dec 2019 21:35:11-lAd][hasht] Allocating table with 218,103,808 entries, using 1.6GB
[11 Dec 2019 21:35:11-lAd][hasht]  number of buckets: 8,388,608, bucket size: 26
[11 Dec 2019 21:35:11-lAd][graph] kmer-size: 15; colours: 1; capacity: 218,103,808
[11 Dec 2019 21:35:11-lAd][hasht] buckets: 8,388,608 [2^23]; bucket size: 26; 
[11 Dec 2019 21:35:11-lAd][hasht] memory: 1.6GB; filled: 0 / 218,103,808 (0.00%)
[11 Dec 2019 21:35:11-lAd][asyncio] Inputs: 1; Threads: 1
[11 Dec 2019 21:35:11-lAd][seq] Parsing sequence file metagenomics/kmer-counts-jellyfish/15/ERR1713373.kmer.gz
[11 Dec 2019 21:35:22-lAd][BuildGraph] Read 5,000,000 entries (reads / read pairs)
[11 Dec 2019 21:35:29-lAd][seq] Loaded 8,433,226 reads and 0 reads pairs (file: metagenomics/kmer-counts-jellyfish/15/ERR1713373.kmer.gz)
[11 Dec 2019 21:35:29-lAd][hasht] buckets: 8,388,608 [2^23]; bucket size: 26; 
[11 Dec 2019 21:35:29-lAd][hasht] memory: 1.6GB; filled: 8,433,226 / 218,103,808 (3.87%)
[11 Dec 2019 21:35:29-lAd][hasht]  collisions  0: 8433226
[11 Dec 2019 21:35:29-lAd][task] input: metagenomics/kmer-counts-jellyfish/15/ERR1713373.kmer.gz colour: 0
[11 Dec 2019 21:35:29-lAd]  SE reads: 8,433,226  PE reads: 0
[11 Dec 2019 21:35:29-lAd]  good reads: 8,433,226  bad reads: 0
[11 Dec 2019 21:35:29-lAd]  dup SE reads: 0  dup PE pairs: 0
[11 Dec 2019 21:35:29-lAd]  bases read: 126,498,390  bases loaded: 126,498,390
[11 Dec 2019 21:35:29-lAd]  num contigs: 8,433,226  num kmers: 8,433,226 novel kmers: 8,433,226
[11 Dec 2019 21:35:29-lAd] Dumping graph...
[11 Dec 2019 21:35:29-lAd][graphwriter] Saving file to: metagenomics/bigsi/15/mccortex.ERR1713373.ctx
[11 Dec 2019 21:35:29-lAd][FileFilter] Writing graph  [1 src colour]
[11 Dec 2019 21:35:30-lAd][graphwriter] Dumped 8,433,226 kmers in 1 colour into: metagenomics/bigsi/15/mccortex.ERR1713373.ctx (ver: 6)
[11 Dec 2019 21:35:30-lAd][memory] We made 19 allocs
[11 Dec 2019 21:35:30-lAd] Done.
[11 Dec 2019 21:35:30-lAd][time] 19.00 seconds
	Command being timed: "mccortex 15 build --nkmers 210000000 --threads 1 --kmer 15 --mem 10G --sample ERR1713373 --seq metagenomics/kmer-counts-jellyfish/15/ERR1713373.kmer.gz metagenomics/bigsi/15/mccortex.ERR1713373.ctx"
	User time (seconds): 23.87
	System time (seconds): 9.61
	Percent of CPU this job got: 169%
	Elapsed (wall clock) time (h:mm:ss or m:ss): 0:19.80
	Average shared text size (kbytes): 0
	Average unshared data size (kbytes): 0
	Average stack size (kbytes): 0
	Average total size (kbytes): 0
	Maximum resident set size (kbytes): 2582324
	Average resident set size (kbytes): 0
	Major (requiring I/O) page faults: 0
	Minor (reclaiming a frame) page faults: 3179527
	Voluntary context switches: 1110697
	Involuntary context switches: 13981
	Swaps: 0
	File system inputs: 0
	File system outputs: 214136
	Socket messages sent: 0
	Socket messages received: 0
	Signals delivered: 0
	Page size (bytes): 4096
	Exit status: 0
