[11 Dec 2019 21:37:26-Bey][cmd] /home/CSCScience.ca/apetkau/miniconda3/envs/bigsi_mccortex/bin/mccortex31 build --nkmers 210000000 --threads 1 --kmer 15 --mem 10G --sample ERR1713381 --seq metagenomics/kmer-counts-jellyfish/15/ERR1713381.kmer.gz metagenomics/bigsi/15/mccortex.ERR1713381.ctx
[11 Dec 2019 21:37:26-Bey][cwd] /home/CSCScience.ca/apetkau/workspace/comp7934-project
[11 Dec 2019 21:37:26-Bey][version] mccortex=v0.0.3-610-g400c0e3 zlib=1.2.11 htslib=1.8-17-g699ed53 ASSERTS=ON hash=Lookup3 CHECKS=ON k=3..31
[11 Dec 2019 21:37:26-Bey] Saving graph to: metagenomics/bigsi/15/mccortex.ERR1713381.ctx
[11 Dec 2019 21:37:26-Bey][sample] 0: ERR1713381
[11 Dec 2019 21:37:26-Bey][task] metagenomics/kmer-counts-jellyfish/15/ERR1713381.kmer.gz; FASTQ offset: auto-detect, threshold: off; cut homopolymers: off; remove PCR duplicates: no; colour: 0
[11 Dec 2019 21:37:26-Bey][memory] 104 bits per kmer
[11 Dec 2019 21:37:26-Bey] Note: Using less memory than requested (2.7GB < 10GB); allows for 218,103,808 kmers
[11 Dec 2019 21:37:26-Bey][memory] graph: 2.7GB
[11 Dec 2019 21:37:26-Bey][memory] total: 2.7GB of 62.6GB RAM
[11 Dec 2019 21:37:26-Bey] Writing 1 colour graph to metagenomics/bigsi/15/mccortex.ERR1713381.ctx
[11 Dec 2019 21:37:26-Bey][hasht] Allocating table with 218,103,808 entries, using 1.6GB
[11 Dec 2019 21:37:26-Bey][hasht]  number of buckets: 8,388,608, bucket size: 26
[11 Dec 2019 21:37:26-Bey][graph] kmer-size: 15; colours: 1; capacity: 218,103,808
[11 Dec 2019 21:37:26-Bey][hasht] buckets: 8,388,608 [2^23]; bucket size: 26; 
[11 Dec 2019 21:37:26-Bey][hasht] memory: 1.6GB; filled: 0 / 218,103,808 (0.00%)
[11 Dec 2019 21:37:26-Bey][asyncio] Inputs: 1; Threads: 1
[11 Dec 2019 21:37:26-Bey][seq] Parsing sequence file metagenomics/kmer-counts-jellyfish/15/ERR1713381.kmer.gz
[11 Dec 2019 21:37:39-Bey][BuildGraph] Read 5,000,000 entries (reads / read pairs)
[11 Dec 2019 21:37:45-Bey][seq] Loaded 8,613,633 reads and 0 reads pairs (file: metagenomics/kmer-counts-jellyfish/15/ERR1713381.kmer.gz)
[11 Dec 2019 21:37:45-Bey][hasht] buckets: 8,388,608 [2^23]; bucket size: 26; 
[11 Dec 2019 21:37:45-Bey][hasht] memory: 1.6GB; filled: 8,613,633 / 218,103,808 (3.95%)
[11 Dec 2019 21:37:45-Bey][hasht]  collisions  0: 8613633
[11 Dec 2019 21:37:45-Bey][task] input: metagenomics/kmer-counts-jellyfish/15/ERR1713381.kmer.gz colour: 0
[11 Dec 2019 21:37:45-Bey]  SE reads: 8,613,633  PE reads: 0
[11 Dec 2019 21:37:45-Bey]  good reads: 8,613,633  bad reads: 0
[11 Dec 2019 21:37:45-Bey]  dup SE reads: 0  dup PE pairs: 0
[11 Dec 2019 21:37:45-Bey]  bases read: 129,204,495  bases loaded: 129,204,495
[11 Dec 2019 21:37:45-Bey]  num contigs: 8,613,633  num kmers: 8,613,633 novel kmers: 8,613,633
[11 Dec 2019 21:37:45-Bey] Dumping graph...
[11 Dec 2019 21:37:45-Bey][graphwriter] Saving file to: metagenomics/bigsi/15/mccortex.ERR1713381.ctx
[11 Dec 2019 21:37:45-Bey][FileFilter] Writing graph  [1 src colour]
[11 Dec 2019 21:37:47-Bey][graphwriter] Dumped 8,613,633 kmers in 1 colour into: metagenomics/bigsi/15/mccortex.ERR1713381.ctx (ver: 6)
[11 Dec 2019 21:37:47-Bey][memory] We made 19 allocs
[11 Dec 2019 21:37:47-Bey] Done.
[11 Dec 2019 21:37:47-Bey][time] 21.00 seconds
	Command being timed: "mccortex 15 build --nkmers 210000000 --threads 1 --kmer 15 --mem 10G --sample ERR1713381 --seq metagenomics/kmer-counts-jellyfish/15/ERR1713381.kmer.gz metagenomics/bigsi/15/mccortex.ERR1713381.ctx"
	User time (seconds): 25.42
	System time (seconds): 9.47
	Percent of CPU this job got: 170%
	Elapsed (wall clock) time (h:mm:ss or m:ss): 0:20.50
	Average shared text size (kbytes): 0
	Average unshared data size (kbytes): 0
	Average stack size (kbytes): 0
	Average total size (kbytes): 0
	Maximum resident set size (kbytes): 2582300
	Average resident set size (kbytes): 0
	Major (requiring I/O) page faults: 0
	Minor (reclaiming a frame) page faults: 3047084
	Voluntary context switches: 1024064
	Involuntary context switches: 1739
	Swaps: 0
	File system inputs: 0
	File system outputs: 218728
	Socket messages sent: 0
	Socket messages received: 0
	Signals delivered: 0
	Page size (bytes): 4096
	Exit status: 0
