[11 Dec 2019 21:35:23-ReD][cmd] /home/CSCScience.ca/apetkau/miniconda3/envs/bigsi_mccortex/bin/mccortex31 build --nkmers 210000000 --threads 1 --kmer 15 --mem 10G --sample ERR1713375 --seq metagenomics/kmer-counts-jellyfish/15/ERR1713375.kmer.gz metagenomics/bigsi/15/mccortex.ERR1713375.ctx
[11 Dec 2019 21:35:23-ReD][cwd] /home/CSCScience.ca/apetkau/workspace/comp7934-project
[11 Dec 2019 21:35:23-ReD][version] mccortex=v0.0.3-610-g400c0e3 zlib=1.2.11 htslib=1.8-17-g699ed53 ASSERTS=ON hash=Lookup3 CHECKS=ON k=3..31
[11 Dec 2019 21:35:23-ReD] Saving graph to: metagenomics/bigsi/15/mccortex.ERR1713375.ctx
[11 Dec 2019 21:35:23-ReD][sample] 0: ERR1713375
[11 Dec 2019 21:35:23-ReD][task] metagenomics/kmer-counts-jellyfish/15/ERR1713375.kmer.gz; FASTQ offset: auto-detect, threshold: off; cut homopolymers: off; remove PCR duplicates: no; colour: 0
[11 Dec 2019 21:35:23-ReD][memory] 104 bits per kmer
[11 Dec 2019 21:35:23-ReD] Note: Using less memory than requested (2.7GB < 10GB); allows for 218,103,808 kmers
[11 Dec 2019 21:35:23-ReD][memory] graph: 2.7GB
[11 Dec 2019 21:35:23-ReD][memory] total: 2.7GB of 62.6GB RAM
[11 Dec 2019 21:35:23-ReD] Writing 1 colour graph to metagenomics/bigsi/15/mccortex.ERR1713375.ctx
[11 Dec 2019 21:35:23-ReD][hasht] Allocating table with 218,103,808 entries, using 1.6GB
[11 Dec 2019 21:35:23-ReD][hasht]  number of buckets: 8,388,608, bucket size: 26
[11 Dec 2019 21:35:23-ReD][graph] kmer-size: 15; colours: 1; capacity: 218,103,808
[11 Dec 2019 21:35:23-ReD][hasht] buckets: 8,388,608 [2^23]; bucket size: 26; 
[11 Dec 2019 21:35:23-ReD][hasht] memory: 1.6GB; filled: 0 / 218,103,808 (0.00%)
[11 Dec 2019 21:35:23-ReD][asyncio] Inputs: 1; Threads: 1
[11 Dec 2019 21:35:23-ReD][seq] Parsing sequence file metagenomics/kmer-counts-jellyfish/15/ERR1713375.kmer.gz
[11 Dec 2019 21:35:35-ReD][BuildGraph] Read 5,000,000 entries (reads / read pairs)
[11 Dec 2019 21:35:40-ReD][seq] Loaded 8,426,632 reads and 0 reads pairs (file: metagenomics/kmer-counts-jellyfish/15/ERR1713375.kmer.gz)
[11 Dec 2019 21:35:40-ReD][hasht] buckets: 8,388,608 [2^23]; bucket size: 26; 
[11 Dec 2019 21:35:40-ReD][hasht] memory: 1.6GB; filled: 8,426,632 / 218,103,808 (3.86%)
[11 Dec 2019 21:35:40-ReD][hasht]  collisions  0: 8426632
[11 Dec 2019 21:35:40-ReD][task] input: metagenomics/kmer-counts-jellyfish/15/ERR1713375.kmer.gz colour: 0
[11 Dec 2019 21:35:40-ReD]  SE reads: 8,426,632  PE reads: 0
[11 Dec 2019 21:35:40-ReD]  good reads: 8,426,632  bad reads: 0
[11 Dec 2019 21:35:40-ReD]  dup SE reads: 0  dup PE pairs: 0
[11 Dec 2019 21:35:40-ReD]  bases read: 126,399,480  bases loaded: 126,399,480
[11 Dec 2019 21:35:40-ReD]  num contigs: 8,426,632  num kmers: 8,426,632 novel kmers: 8,426,632
[11 Dec 2019 21:35:40-ReD] Dumping graph...
[11 Dec 2019 21:35:40-ReD][graphwriter] Saving file to: metagenomics/bigsi/15/mccortex.ERR1713375.ctx
[11 Dec 2019 21:35:40-ReD][FileFilter] Writing graph  [1 src colour]
[11 Dec 2019 21:35:41-ReD][graphwriter] Dumped 8,426,632 kmers in 1 colour into: metagenomics/bigsi/15/mccortex.ERR1713375.ctx (ver: 6)
[11 Dec 2019 21:35:41-ReD][memory] We made 19 allocs
[11 Dec 2019 21:35:41-ReD] Done.
[11 Dec 2019 21:35:41-ReD][time] 18.00 seconds
	Command being timed: "mccortex 15 build --nkmers 210000000 --threads 1 --kmer 15 --mem 10G --sample ERR1713375 --seq metagenomics/kmer-counts-jellyfish/15/ERR1713375.kmer.gz metagenomics/bigsi/15/mccortex.ERR1713375.ctx"
	User time (seconds): 19.49
	System time (seconds): 11.15
	Percent of CPU this job got: 168%
	Elapsed (wall clock) time (h:mm:ss or m:ss): 0:18.23
	Average shared text size (kbytes): 0
	Average unshared data size (kbytes): 0
	Average stack size (kbytes): 0
	Average total size (kbytes): 0
	Maximum resident set size (kbytes): 2582436
	Average resident set size (kbytes): 0
	Major (requiring I/O) page faults: 0
	Minor (reclaiming a frame) page faults: 2372848
	Voluntary context switches: 1478292
	Involuntary context switches: 16879
	Swaps: 0
	File system inputs: 0
	File system outputs: 213968
	Socket messages sent: 0
	Socket messages received: 0
	Signals delivered: 0
	Page size (bytes): 4096
	Exit status: 0
