[11 Dec 2019 21:42:42-XET][cmd] /home/CSCScience.ca/apetkau/miniconda3/envs/bigsi_mccortex/bin/mccortex31 build --nkmers 210000000 --threads 1 --kmer 15 --mem 10G --sample ERR1713409 --seq metagenomics/kmer-counts-jellyfish/15/ERR1713409.kmer.gz metagenomics/bigsi/15/mccortex.ERR1713409.ctx
[11 Dec 2019 21:42:42-XET][cwd] /home/CSCScience.ca/apetkau/workspace/comp7934-project
[11 Dec 2019 21:42:42-XET][version] mccortex=v0.0.3-610-g400c0e3 zlib=1.2.11 htslib=1.8-17-g699ed53 ASSERTS=ON hash=Lookup3 CHECKS=ON k=3..31
[11 Dec 2019 21:42:42-XET] Saving graph to: metagenomics/bigsi/15/mccortex.ERR1713409.ctx
[11 Dec 2019 21:42:42-XET][sample] 0: ERR1713409
[11 Dec 2019 21:42:42-XET][task] metagenomics/kmer-counts-jellyfish/15/ERR1713409.kmer.gz; FASTQ offset: auto-detect, threshold: off; cut homopolymers: off; remove PCR duplicates: no; colour: 0
[11 Dec 2019 21:42:42-XET][memory] 104 bits per kmer
[11 Dec 2019 21:42:42-XET] Note: Using less memory than requested (2.7GB < 10GB); allows for 218,103,808 kmers
[11 Dec 2019 21:42:42-XET][memory] graph: 2.7GB
[11 Dec 2019 21:42:42-XET][memory] total: 2.7GB of 62.6GB RAM
[11 Dec 2019 21:42:42-XET] Writing 1 colour graph to metagenomics/bigsi/15/mccortex.ERR1713409.ctx
[11 Dec 2019 21:42:42-XET][hasht] Allocating table with 218,103,808 entries, using 1.6GB
[11 Dec 2019 21:42:42-XET][hasht]  number of buckets: 8,388,608, bucket size: 26
[11 Dec 2019 21:42:42-XET][graph] kmer-size: 15; colours: 1; capacity: 218,103,808
[11 Dec 2019 21:42:42-XET][hasht] buckets: 8,388,608 [2^23]; bucket size: 26; 
[11 Dec 2019 21:42:42-XET][hasht] memory: 1.6GB; filled: 0 / 218,103,808 (0.00%)
[11 Dec 2019 21:42:42-XET][asyncio] Inputs: 1; Threads: 1
[11 Dec 2019 21:42:42-XET][seq] Parsing sequence file metagenomics/kmer-counts-jellyfish/15/ERR1713409.kmer.gz
[11 Dec 2019 21:42:53-XET][BuildGraph] Read 5,000,000 entries (reads / read pairs)
[11 Dec 2019 21:42:57-XET][seq] Loaded 8,340,472 reads and 0 reads pairs (file: metagenomics/kmer-counts-jellyfish/15/ERR1713409.kmer.gz)
[11 Dec 2019 21:42:57-XET][hasht] buckets: 8,388,608 [2^23]; bucket size: 26; 
[11 Dec 2019 21:42:57-XET][hasht] memory: 1.6GB; filled: 8,340,472 / 218,103,808 (3.82%)
[11 Dec 2019 21:42:57-XET][hasht]  collisions  0: 8340472
[11 Dec 2019 21:42:57-XET][task] input: metagenomics/kmer-counts-jellyfish/15/ERR1713409.kmer.gz colour: 0
[11 Dec 2019 21:42:57-XET]  SE reads: 8,340,472  PE reads: 0
[11 Dec 2019 21:42:57-XET]  good reads: 8,340,472  bad reads: 0
[11 Dec 2019 21:42:57-XET]  dup SE reads: 0  dup PE pairs: 0
[11 Dec 2019 21:42:57-XET]  bases read: 125,107,080  bases loaded: 125,107,080
[11 Dec 2019 21:42:57-XET]  num contigs: 8,340,472  num kmers: 8,340,472 novel kmers: 8,340,472
[11 Dec 2019 21:42:57-XET] Dumping graph...
[11 Dec 2019 21:42:57-XET][graphwriter] Saving file to: metagenomics/bigsi/15/mccortex.ERR1713409.ctx
[11 Dec 2019 21:42:57-XET][FileFilter] Writing graph  [1 src colour]
[11 Dec 2019 21:42:59-XET][graphwriter] Dumped 8,340,472 kmers in 1 colour into: metagenomics/bigsi/15/mccortex.ERR1713409.ctx (ver: 6)
[11 Dec 2019 21:42:59-XET][memory] We made 19 allocs
[11 Dec 2019 21:42:59-XET] Done.
[11 Dec 2019 21:42:59-XET][time] 17.00 seconds
	Command being timed: "mccortex 15 build --nkmers 210000000 --threads 1 --kmer 15 --mem 10G --sample ERR1713409 --seq metagenomics/kmer-counts-jellyfish/15/ERR1713409.kmer.gz metagenomics/bigsi/15/mccortex.ERR1713409.ctx"
	User time (seconds): 18.89
	System time (seconds): 9.46
	Percent of CPU this job got: 171%
	Elapsed (wall clock) time (h:mm:ss or m:ss): 0:16.55
	Average shared text size (kbytes): 0
	Average unshared data size (kbytes): 0
	Average stack size (kbytes): 0
	Average total size (kbytes): 0
	Maximum resident set size (kbytes): 2582256
	Average resident set size (kbytes): 0
	Major (requiring I/O) page faults: 0
	Minor (reclaiming a frame) page faults: 3190487
	Voluntary context switches: 1553655
	Involuntary context switches: 44
	Swaps: 0
	File system inputs: 0
	File system outputs: 211792
	Socket messages sent: 0
	Socket messages received: 0
	Signals delivered: 0
	Page size (bytes): 4096
	Exit status: 0
