[11 Dec 2019 21:27:37-LEd][cmd] /home/CSCScience.ca/apetkau/miniconda3/envs/bigsi_mccortex/bin/mccortex31 build --nkmers 210000000 --threads 1 --kmer 15 --mem 10G --sample ERR1713332 --seq metagenomics/kmer-counts-jellyfish/15/ERR1713332.kmer.gz metagenomics/bigsi/15/mccortex.ERR1713332.ctx
[11 Dec 2019 21:27:37-LEd][cwd] /home/CSCScience.ca/apetkau/workspace/comp7934-project
[11 Dec 2019 21:27:37-LEd][version] mccortex=v0.0.3-610-g400c0e3 zlib=1.2.11 htslib=1.8-17-g699ed53 ASSERTS=ON hash=Lookup3 CHECKS=ON k=3..31
[11 Dec 2019 21:27:37-LEd] Saving graph to: metagenomics/bigsi/15/mccortex.ERR1713332.ctx
[11 Dec 2019 21:27:37-LEd][sample] 0: ERR1713332
[11 Dec 2019 21:27:37-LEd][task] metagenomics/kmer-counts-jellyfish/15/ERR1713332.kmer.gz; FASTQ offset: auto-detect, threshold: off; cut homopolymers: off; remove PCR duplicates: no; colour: 0
[11 Dec 2019 21:27:37-LEd][memory] 104 bits per kmer
[11 Dec 2019 21:27:37-LEd] Note: Using less memory than requested (2.7GB < 10GB); allows for 218,103,808 kmers
[11 Dec 2019 21:27:37-LEd][memory] graph: 2.7GB
[11 Dec 2019 21:27:37-LEd][memory] total: 2.7GB of 62.6GB RAM
[11 Dec 2019 21:27:37-LEd] Writing 1 colour graph to metagenomics/bigsi/15/mccortex.ERR1713332.ctx
[11 Dec 2019 21:27:37-LEd][hasht] Allocating table with 218,103,808 entries, using 1.6GB
[11 Dec 2019 21:27:37-LEd][hasht]  number of buckets: 8,388,608, bucket size: 26
[11 Dec 2019 21:27:37-LEd][graph] kmer-size: 15; colours: 1; capacity: 218,103,808
[11 Dec 2019 21:27:37-LEd][hasht] buckets: 8,388,608 [2^23]; bucket size: 26; 
[11 Dec 2019 21:27:37-LEd][hasht] memory: 1.6GB; filled: 0 / 218,103,808 (0.00%)
[11 Dec 2019 21:27:37-LEd][asyncio] Inputs: 1; Threads: 1
[11 Dec 2019 21:27:37-LEd][seq] Parsing sequence file metagenomics/kmer-counts-jellyfish/15/ERR1713332.kmer.gz
[11 Dec 2019 21:27:48-LEd][BuildGraph] Read 5,000,000 entries (reads / read pairs)
[11 Dec 2019 21:27:53-LEd][seq] Loaded 8,217,513 reads and 0 reads pairs (file: metagenomics/kmer-counts-jellyfish/15/ERR1713332.kmer.gz)
[11 Dec 2019 21:27:53-LEd][hasht] buckets: 8,388,608 [2^23]; bucket size: 26; 
[11 Dec 2019 21:27:53-LEd][hasht] memory: 1.6GB; filled: 8,217,513 / 218,103,808 (3.77%)
[11 Dec 2019 21:27:53-LEd][hasht]  collisions  0: 8217513
[11 Dec 2019 21:27:53-LEd][task] input: metagenomics/kmer-counts-jellyfish/15/ERR1713332.kmer.gz colour: 0
[11 Dec 2019 21:27:53-LEd]  SE reads: 8,217,513  PE reads: 0
[11 Dec 2019 21:27:53-LEd]  good reads: 8,217,513  bad reads: 0
[11 Dec 2019 21:27:53-LEd]  dup SE reads: 0  dup PE pairs: 0
[11 Dec 2019 21:27:53-LEd]  bases read: 123,262,695  bases loaded: 123,262,695
[11 Dec 2019 21:27:53-LEd]  num contigs: 8,217,513  num kmers: 8,217,513 novel kmers: 8,217,513
[11 Dec 2019 21:27:53-LEd] Dumping graph...
[11 Dec 2019 21:27:53-LEd][graphwriter] Saving file to: metagenomics/bigsi/15/mccortex.ERR1713332.ctx
[11 Dec 2019 21:27:53-LEd][FileFilter] Writing graph  [1 src colour]
[11 Dec 2019 21:27:55-LEd][graphwriter] Dumped 8,217,513 kmers in 1 colour into: metagenomics/bigsi/15/mccortex.ERR1713332.ctx (ver: 6)
[11 Dec 2019 21:27:56-LEd][memory] We made 19 allocs
[11 Dec 2019 21:27:56-LEd] Done.
[11 Dec 2019 21:27:56-LEd][time] 19.00 seconds
	Command being timed: "mccortex 15 build --nkmers 210000000 --threads 1 --kmer 15 --mem 10G --sample ERR1713332 --seq metagenomics/kmer-counts-jellyfish/15/ERR1713332.kmer.gz metagenomics/bigsi/15/mccortex.ERR1713332.ctx"
	User time (seconds): 19.50
	System time (seconds): 10.75
	Percent of CPU this job got: 161%
	Elapsed (wall clock) time (h:mm:ss or m:ss): 0:18.75
	Average shared text size (kbytes): 0
	Average unshared data size (kbytes): 0
	Average stack size (kbytes): 0
	Average total size (kbytes): 0
	Maximum resident set size (kbytes): 2582252
	Average resident set size (kbytes): 0
	Major (requiring I/O) page faults: 0
	Minor (reclaiming a frame) page faults: 2983768
	Voluntary context switches: 1569796
	Involuntary context switches: 30
	Swaps: 0
	File system inputs: 0
	File system outputs: 208656
	Socket messages sent: 0
	Socket messages received: 0
	Signals delivered: 0
	Page size (bytes): 4096
	Exit status: 0
