[11 Dec 2019 21:40:06-NEQ][cmd] /home/CSCScience.ca/apetkau/miniconda3/envs/bigsi_mccortex/bin/mccortex31 build --nkmers 210000000 --threads 1 --kmer 15 --mem 10G --sample ERR1713397 --seq metagenomics/kmer-counts-jellyfish/15/ERR1713397.kmer.gz metagenomics/bigsi/15/mccortex.ERR1713397.ctx
[11 Dec 2019 21:40:06-NEQ][cwd] /home/CSCScience.ca/apetkau/workspace/comp7934-project
[11 Dec 2019 21:40:06-NEQ][version] mccortex=v0.0.3-610-g400c0e3 zlib=1.2.11 htslib=1.8-17-g699ed53 ASSERTS=ON hash=Lookup3 CHECKS=ON k=3..31
[11 Dec 2019 21:40:06-NEQ] Saving graph to: metagenomics/bigsi/15/mccortex.ERR1713397.ctx
[11 Dec 2019 21:40:06-NEQ][sample] 0: ERR1713397
[11 Dec 2019 21:40:06-NEQ][task] metagenomics/kmer-counts-jellyfish/15/ERR1713397.kmer.gz; FASTQ offset: auto-detect, threshold: off; cut homopolymers: off; remove PCR duplicates: no; colour: 0
[11 Dec 2019 21:40:06-NEQ][memory] 104 bits per kmer
[11 Dec 2019 21:40:06-NEQ] Note: Using less memory than requested (2.7GB < 10GB); allows for 218,103,808 kmers
[11 Dec 2019 21:40:06-NEQ][memory] graph: 2.7GB
[11 Dec 2019 21:40:06-NEQ][memory] total: 2.7GB of 62.6GB RAM
[11 Dec 2019 21:40:06-NEQ] Writing 1 colour graph to metagenomics/bigsi/15/mccortex.ERR1713397.ctx
[11 Dec 2019 21:40:06-NEQ][hasht] Allocating table with 218,103,808 entries, using 1.6GB
[11 Dec 2019 21:40:06-NEQ][hasht]  number of buckets: 8,388,608, bucket size: 26
[11 Dec 2019 21:40:06-NEQ][graph] kmer-size: 15; colours: 1; capacity: 218,103,808
[11 Dec 2019 21:40:06-NEQ][hasht] buckets: 8,388,608 [2^23]; bucket size: 26; 
[11 Dec 2019 21:40:06-NEQ][hasht] memory: 1.6GB; filled: 0 / 218,103,808 (0.00%)
[11 Dec 2019 21:40:06-NEQ][asyncio] Inputs: 1; Threads: 1
[11 Dec 2019 21:40:06-NEQ][seq] Parsing sequence file metagenomics/kmer-counts-jellyfish/15/ERR1713397.kmer.gz
[11 Dec 2019 21:40:18-NEQ][BuildGraph] Read 5,000,000 entries (reads / read pairs)
[11 Dec 2019 21:40:23-NEQ][seq] Loaded 8,577,940 reads and 0 reads pairs (file: metagenomics/kmer-counts-jellyfish/15/ERR1713397.kmer.gz)
[11 Dec 2019 21:40:23-NEQ][hasht] buckets: 8,388,608 [2^23]; bucket size: 26; 
[11 Dec 2019 21:40:23-NEQ][hasht] memory: 1.6GB; filled: 8,577,940 / 218,103,808 (3.93%)
[11 Dec 2019 21:40:23-NEQ][hasht]  collisions  0: 8577940
[11 Dec 2019 21:40:23-NEQ][task] input: metagenomics/kmer-counts-jellyfish/15/ERR1713397.kmer.gz colour: 0
[11 Dec 2019 21:40:23-NEQ]  SE reads: 8,577,940  PE reads: 0
[11 Dec 2019 21:40:23-NEQ]  good reads: 8,577,940  bad reads: 0
[11 Dec 2019 21:40:23-NEQ]  dup SE reads: 0  dup PE pairs: 0
[11 Dec 2019 21:40:23-NEQ]  bases read: 128,669,100  bases loaded: 128,669,100
[11 Dec 2019 21:40:23-NEQ]  num contigs: 8,577,940  num kmers: 8,577,940 novel kmers: 8,577,940
[11 Dec 2019 21:40:23-NEQ] Dumping graph...
[11 Dec 2019 21:40:23-NEQ][graphwriter] Saving file to: metagenomics/bigsi/15/mccortex.ERR1713397.ctx
[11 Dec 2019 21:40:23-NEQ][FileFilter] Writing graph  [1 src colour]
[11 Dec 2019 21:40:25-NEQ][graphwriter] Dumped 8,577,940 kmers in 1 colour into: metagenomics/bigsi/15/mccortex.ERR1713397.ctx (ver: 6)
[11 Dec 2019 21:40:25-NEQ][memory] We made 19 allocs
[11 Dec 2019 21:40:25-NEQ] Done.
[11 Dec 2019 21:40:25-NEQ][time] 19.00 seconds
	Command being timed: "mccortex 15 build --nkmers 210000000 --threads 1 --kmer 15 --mem 10G --sample ERR1713397 --seq metagenomics/kmer-counts-jellyfish/15/ERR1713397.kmer.gz metagenomics/bigsi/15/mccortex.ERR1713397.ctx"
	User time (seconds): 20.43
	System time (seconds): 10.67
	Percent of CPU this job got: 170%
	Elapsed (wall clock) time (h:mm:ss or m:ss): 0:18.29
	Average shared text size (kbytes): 0
	Average unshared data size (kbytes): 0
	Average stack size (kbytes): 0
	Average total size (kbytes): 0
	Maximum resident set size (kbytes): 2582500
	Average resident set size (kbytes): 0
	Major (requiring I/O) page faults: 0
	Minor (reclaiming a frame) page faults: 3495023
	Voluntary context switches: 1703574
	Involuntary context switches: 2188
	Swaps: 0
	File system inputs: 8
	File system outputs: 217808
	Socket messages sent: 0
	Socket messages received: 0
	Signals delivered: 0
	Page size (bytes): 4096
	Exit status: 0
