[11 Dec 2019 21:32:50-CAV][cmd] /home/CSCScience.ca/apetkau/miniconda3/envs/bigsi_mccortex/bin/mccortex31 build --nkmers 210000000 --threads 1 --kmer 15 --mem 10G --sample ERR1713362 --seq metagenomics/kmer-counts-jellyfish/15/ERR1713362.kmer.gz metagenomics/bigsi/15/mccortex.ERR1713362.ctx
[11 Dec 2019 21:32:50-CAV][cwd] /home/CSCScience.ca/apetkau/workspace/comp7934-project
[11 Dec 2019 21:32:50-CAV][version] mccortex=v0.0.3-610-g400c0e3 zlib=1.2.11 htslib=1.8-17-g699ed53 ASSERTS=ON hash=Lookup3 CHECKS=ON k=3..31
[11 Dec 2019 21:32:50-CAV] Saving graph to: metagenomics/bigsi/15/mccortex.ERR1713362.ctx
[11 Dec 2019 21:32:50-CAV][sample] 0: ERR1713362
[11 Dec 2019 21:32:50-CAV][task] metagenomics/kmer-counts-jellyfish/15/ERR1713362.kmer.gz; FASTQ offset: auto-detect, threshold: off; cut homopolymers: off; remove PCR duplicates: no; colour: 0
[11 Dec 2019 21:32:50-CAV][memory] 104 bits per kmer
[11 Dec 2019 21:32:50-CAV] Note: Using less memory than requested (2.7GB < 10GB); allows for 218,103,808 kmers
[11 Dec 2019 21:32:50-CAV][memory] graph: 2.7GB
[11 Dec 2019 21:32:50-CAV][memory] total: 2.7GB of 62.6GB RAM
[11 Dec 2019 21:32:50-CAV] Writing 1 colour graph to metagenomics/bigsi/15/mccortex.ERR1713362.ctx
[11 Dec 2019 21:32:50-CAV][hasht] Allocating table with 218,103,808 entries, using 1.6GB
[11 Dec 2019 21:32:50-CAV][hasht]  number of buckets: 8,388,608, bucket size: 26
[11 Dec 2019 21:32:50-CAV][graph] kmer-size: 15; colours: 1; capacity: 218,103,808
[11 Dec 2019 21:32:50-CAV][hasht] buckets: 8,388,608 [2^23]; bucket size: 26; 
[11 Dec 2019 21:32:50-CAV][hasht] memory: 1.6GB; filled: 0 / 218,103,808 (0.00%)
[11 Dec 2019 21:32:50-CAV][asyncio] Inputs: 1; Threads: 1
[11 Dec 2019 21:32:50-CAV][seq] Parsing sequence file metagenomics/kmer-counts-jellyfish/15/ERR1713362.kmer.gz
[11 Dec 2019 21:33:03-CAV][BuildGraph] Read 5,000,000 entries (reads / read pairs)
[11 Dec 2019 21:33:08-CAV][seq] Loaded 8,670,667 reads and 0 reads pairs (file: metagenomics/kmer-counts-jellyfish/15/ERR1713362.kmer.gz)
[11 Dec 2019 21:33:08-CAV][hasht] buckets: 8,388,608 [2^23]; bucket size: 26; 
[11 Dec 2019 21:33:08-CAV][hasht] memory: 1.6GB; filled: 8,670,667 / 218,103,808 (3.98%)
[11 Dec 2019 21:33:08-CAV][hasht]  collisions  0: 8670667
[11 Dec 2019 21:33:08-CAV][task] input: metagenomics/kmer-counts-jellyfish/15/ERR1713362.kmer.gz colour: 0
[11 Dec 2019 21:33:08-CAV]  SE reads: 8,670,667  PE reads: 0
[11 Dec 2019 21:33:08-CAV]  good reads: 8,670,667  bad reads: 0
[11 Dec 2019 21:33:08-CAV]  dup SE reads: 0  dup PE pairs: 0
[11 Dec 2019 21:33:08-CAV]  bases read: 130,060,005  bases loaded: 130,060,005
[11 Dec 2019 21:33:08-CAV]  num contigs: 8,670,667  num kmers: 8,670,667 novel kmers: 8,670,667
[11 Dec 2019 21:33:08-CAV] Dumping graph...
[11 Dec 2019 21:33:08-CAV][graphwriter] Saving file to: metagenomics/bigsi/15/mccortex.ERR1713362.ctx
[11 Dec 2019 21:33:08-CAV][FileFilter] Writing graph  [1 src colour]
[11 Dec 2019 21:33:09-CAV][graphwriter] Dumped 8,670,667 kmers in 1 colour into: metagenomics/bigsi/15/mccortex.ERR1713362.ctx (ver: 6)
[11 Dec 2019 21:33:10-CAV][memory] We made 19 allocs
[11 Dec 2019 21:33:10-CAV] Done.
[11 Dec 2019 21:33:10-CAV][time] 20.00 seconds
	Command being timed: "mccortex 15 build --nkmers 210000000 --threads 1 --kmer 15 --mem 10G --sample ERR1713362 --seq metagenomics/kmer-counts-jellyfish/15/ERR1713362.kmer.gz metagenomics/bigsi/15/mccortex.ERR1713362.ctx"
	User time (seconds): 22.03
	System time (seconds): 11.26
	Percent of CPU this job got: 166%
	Elapsed (wall clock) time (h:mm:ss or m:ss): 0:19.94
	Average shared text size (kbytes): 0
	Average unshared data size (kbytes): 0
	Average stack size (kbytes): 0
	Average total size (kbytes): 0
	Maximum resident set size (kbytes): 2582464
	Average resident set size (kbytes): 0
	Major (requiring I/O) page faults: 0
	Minor (reclaiming a frame) page faults: 3535422
	Voluntary context switches: 1532028
	Involuntary context switches: 14899
	Swaps: 0
	File system inputs: 0
	File system outputs: 220168
	Socket messages sent: 0
	Socket messages received: 0
	Signals delivered: 0
	Page size (bytes): 4096
	Exit status: 0
