[11 Dec 2019 21:37:43-sAr][cmd] /home/CSCScience.ca/apetkau/miniconda3/envs/bigsi_mccortex/bin/mccortex31 build --nkmers 210000000 --threads 1 --kmer 15 --mem 10G --sample ERR1713382 --seq metagenomics/kmer-counts-jellyfish/15/ERR1713382.kmer.gz metagenomics/bigsi/15/mccortex.ERR1713382.ctx
[11 Dec 2019 21:37:43-sAr][cwd] /home/CSCScience.ca/apetkau/workspace/comp7934-project
[11 Dec 2019 21:37:43-sAr][version] mccortex=v0.0.3-610-g400c0e3 zlib=1.2.11 htslib=1.8-17-g699ed53 ASSERTS=ON hash=Lookup3 CHECKS=ON k=3..31
[11 Dec 2019 21:37:43-sAr] Saving graph to: metagenomics/bigsi/15/mccortex.ERR1713382.ctx
[11 Dec 2019 21:37:43-sAr][sample] 0: ERR1713382
[11 Dec 2019 21:37:43-sAr][task] metagenomics/kmer-counts-jellyfish/15/ERR1713382.kmer.gz; FASTQ offset: auto-detect, threshold: off; cut homopolymers: off; remove PCR duplicates: no; colour: 0
[11 Dec 2019 21:37:43-sAr][memory] 104 bits per kmer
[11 Dec 2019 21:37:43-sAr] Note: Using less memory than requested (2.7GB < 10GB); allows for 218,103,808 kmers
[11 Dec 2019 21:37:43-sAr][memory] graph: 2.7GB
[11 Dec 2019 21:37:43-sAr][memory] total: 2.7GB of 62.6GB RAM
[11 Dec 2019 21:37:43-sAr] Writing 1 colour graph to metagenomics/bigsi/15/mccortex.ERR1713382.ctx
[11 Dec 2019 21:37:43-sAr][hasht] Allocating table with 218,103,808 entries, using 1.6GB
[11 Dec 2019 21:37:43-sAr][hasht]  number of buckets: 8,388,608, bucket size: 26
[11 Dec 2019 21:37:43-sAr][graph] kmer-size: 15; colours: 1; capacity: 218,103,808
[11 Dec 2019 21:37:43-sAr][hasht] buckets: 8,388,608 [2^23]; bucket size: 26; 
[11 Dec 2019 21:37:43-sAr][hasht] memory: 1.6GB; filled: 0 / 218,103,808 (0.00%)
[11 Dec 2019 21:37:43-sAr][asyncio] Inputs: 1; Threads: 1
[11 Dec 2019 21:37:43-sAr][seq] Parsing sequence file metagenomics/kmer-counts-jellyfish/15/ERR1713382.kmer.gz
[11 Dec 2019 21:37:59-sAr][BuildGraph] Read 5,000,000 entries (reads / read pairs)
[11 Dec 2019 21:38:05-sAr][seq] Loaded 8,418,918 reads and 0 reads pairs (file: metagenomics/kmer-counts-jellyfish/15/ERR1713382.kmer.gz)
[11 Dec 2019 21:38:05-sAr][hasht] buckets: 8,388,608 [2^23]; bucket size: 26; 
[11 Dec 2019 21:38:05-sAr][hasht] memory: 1.6GB; filled: 8,418,918 / 218,103,808 (3.86%)
[11 Dec 2019 21:38:05-sAr][hasht]  collisions  0: 8418918
[11 Dec 2019 21:38:05-sAr][task] input: metagenomics/kmer-counts-jellyfish/15/ERR1713382.kmer.gz colour: 0
[11 Dec 2019 21:38:05-sAr]  SE reads: 8,418,918  PE reads: 0
[11 Dec 2019 21:38:05-sAr]  good reads: 8,418,918  bad reads: 0
[11 Dec 2019 21:38:05-sAr]  dup SE reads: 0  dup PE pairs: 0
[11 Dec 2019 21:38:05-sAr]  bases read: 126,283,770  bases loaded: 126,283,770
[11 Dec 2019 21:38:05-sAr]  num contigs: 8,418,918  num kmers: 8,418,918 novel kmers: 8,418,918
[11 Dec 2019 21:38:05-sAr] Dumping graph...
[11 Dec 2019 21:38:05-sAr][graphwriter] Saving file to: metagenomics/bigsi/15/mccortex.ERR1713382.ctx
[11 Dec 2019 21:38:05-sAr][FileFilter] Writing graph  [1 src colour]
[11 Dec 2019 21:38:07-sAr][graphwriter] Dumped 8,418,918 kmers in 1 colour into: metagenomics/bigsi/15/mccortex.ERR1713382.ctx (ver: 6)
[11 Dec 2019 21:38:07-sAr][memory] We made 19 allocs
[11 Dec 2019 21:38:07-sAr] Done.
[11 Dec 2019 21:38:07-sAr][time] 24.00 seconds
	Command being timed: "mccortex 15 build --nkmers 210000000 --threads 1 --kmer 15 --mem 10G --sample ERR1713382 --seq metagenomics/kmer-counts-jellyfish/15/ERR1713382.kmer.gz metagenomics/bigsi/15/mccortex.ERR1713382.ctx"
	User time (seconds): 25.49
	System time (seconds): 13.56
	Percent of CPU this job got: 166%
	Elapsed (wall clock) time (h:mm:ss or m:ss): 0:23.47
	Average shared text size (kbytes): 0
	Average unshared data size (kbytes): 0
	Average stack size (kbytes): 0
	Average total size (kbytes): 0
	Maximum resident set size (kbytes): 2582316
	Average resident set size (kbytes): 0
	Major (requiring I/O) page faults: 0
	Minor (reclaiming a frame) page faults: 3024114
	Voluntary context switches: 1447458
	Involuntary context switches: 11493
	Swaps: 0
	File system inputs: 24
	File system outputs: 213776
	Socket messages sent: 0
	Socket messages received: 0
	Signals delivered: 0
	Page size (bytes): 4096
	Exit status: 0
