[11 Dec 2019 21:27:37-MOc][cmd] /home/CSCScience.ca/apetkau/miniconda3/envs/bigsi_mccortex/bin/mccortex31 build --nkmers 210000000 --threads 1 --kmer 15 --mem 10G --sample ERR1713335 --seq metagenomics/kmer-counts-jellyfish/15/ERR1713335.kmer.gz metagenomics/bigsi/15/mccortex.ERR1713335.ctx
[11 Dec 2019 21:27:37-MOc][cwd] /home/CSCScience.ca/apetkau/workspace/comp7934-project
[11 Dec 2019 21:27:37-MOc][version] mccortex=v0.0.3-610-g400c0e3 zlib=1.2.11 htslib=1.8-17-g699ed53 ASSERTS=ON hash=Lookup3 CHECKS=ON k=3..31
[11 Dec 2019 21:27:37-MOc] Saving graph to: metagenomics/bigsi/15/mccortex.ERR1713335.ctx
[11 Dec 2019 21:27:37-MOc][sample] 0: ERR1713335
[11 Dec 2019 21:27:37-MOc][task] metagenomics/kmer-counts-jellyfish/15/ERR1713335.kmer.gz; FASTQ offset: auto-detect, threshold: off; cut homopolymers: off; remove PCR duplicates: no; colour: 0
[11 Dec 2019 21:27:37-MOc][memory] 104 bits per kmer
[11 Dec 2019 21:27:37-MOc] Note: Using less memory than requested (2.7GB < 10GB); allows for 218,103,808 kmers
[11 Dec 2019 21:27:37-MOc][memory] graph: 2.7GB
[11 Dec 2019 21:27:37-MOc][memory] total: 2.7GB of 62.6GB RAM
[11 Dec 2019 21:27:37-MOc] Writing 1 colour graph to metagenomics/bigsi/15/mccortex.ERR1713335.ctx
[11 Dec 2019 21:27:37-MOc][hasht] Allocating table with 218,103,808 entries, using 1.6GB
[11 Dec 2019 21:27:37-MOc][hasht]  number of buckets: 8,388,608, bucket size: 26
[11 Dec 2019 21:27:37-MOc][graph] kmer-size: 15; colours: 1; capacity: 218,103,808
[11 Dec 2019 21:27:37-MOc][hasht] buckets: 8,388,608 [2^23]; bucket size: 26; 
[11 Dec 2019 21:27:37-MOc][hasht] memory: 1.6GB; filled: 0 / 218,103,808 (0.00%)
[11 Dec 2019 21:27:37-MOc][asyncio] Inputs: 1; Threads: 1
[11 Dec 2019 21:27:37-MOc][seq] Parsing sequence file metagenomics/kmer-counts-jellyfish/15/ERR1713335.kmer.gz
[11 Dec 2019 21:27:52-MOc][BuildGraph] Read 5,000,000 entries (reads / read pairs)
[11 Dec 2019 21:27:57-MOc][seq] Loaded 8,395,459 reads and 0 reads pairs (file: metagenomics/kmer-counts-jellyfish/15/ERR1713335.kmer.gz)
[11 Dec 2019 21:27:57-MOc][hasht] buckets: 8,388,608 [2^23]; bucket size: 26; 
[11 Dec 2019 21:27:57-MOc][hasht] memory: 1.6GB; filled: 8,395,459 / 218,103,808 (3.85%)
[11 Dec 2019 21:27:57-MOc][hasht]  collisions  0: 8395459
[11 Dec 2019 21:27:57-MOc][task] input: metagenomics/kmer-counts-jellyfish/15/ERR1713335.kmer.gz colour: 0
[11 Dec 2019 21:27:57-MOc]  SE reads: 8,395,459  PE reads: 0
[11 Dec 2019 21:27:57-MOc]  good reads: 8,395,459  bad reads: 0
[11 Dec 2019 21:27:57-MOc]  dup SE reads: 0  dup PE pairs: 0
[11 Dec 2019 21:27:57-MOc]  bases read: 125,931,885  bases loaded: 125,931,885
[11 Dec 2019 21:27:57-MOc]  num contigs: 8,395,459  num kmers: 8,395,459 novel kmers: 8,395,459
[11 Dec 2019 21:27:57-MOc] Dumping graph...
[11 Dec 2019 21:27:57-MOc][graphwriter] Saving file to: metagenomics/bigsi/15/mccortex.ERR1713335.ctx
[11 Dec 2019 21:27:57-MOc][FileFilter] Writing graph  [1 src colour]
[11 Dec 2019 21:27:58-MOc][graphwriter] Dumped 8,395,459 kmers in 1 colour into: metagenomics/bigsi/15/mccortex.ERR1713335.ctx (ver: 6)
[11 Dec 2019 21:27:59-MOc][memory] We made 19 allocs
[11 Dec 2019 21:27:59-MOc] Done.
[11 Dec 2019 21:27:59-MOc][time] 22.00 seconds
	Command being timed: "mccortex 15 build --nkmers 210000000 --threads 1 --kmer 15 --mem 10G --sample ERR1713335 --seq metagenomics/kmer-counts-jellyfish/15/ERR1713335.kmer.gz metagenomics/bigsi/15/mccortex.ERR1713335.ctx"
	User time (seconds): 25.10
	System time (seconds): 11.43
	Percent of CPU this job got: 168%
	Elapsed (wall clock) time (h:mm:ss or m:ss): 0:21.71
	Average shared text size (kbytes): 0
	Average unshared data size (kbytes): 0
	Average stack size (kbytes): 0
	Average total size (kbytes): 0
	Maximum resident set size (kbytes): 2582340
	Average resident set size (kbytes): 0
	Major (requiring I/O) page faults: 0
	Minor (reclaiming a frame) page faults: 2527154
	Voluntary context switches: 1223969
	Involuntary context switches: 51218
	Swaps: 0
	File system inputs: 8
	File system outputs: 213176
	Socket messages sent: 0
	Socket messages received: 0
	Signals delivered: 0
	Page size (bytes): 4096
	Exit status: 0
