[11 Dec 2019 21:27:37-pof][cmd] /home/CSCScience.ca/apetkau/miniconda3/envs/bigsi_mccortex/bin/mccortex31 build --nkmers 210000000 --threads 1 --kmer 15 --mem 10G --sample ERR1713337 --seq metagenomics/kmer-counts-jellyfish/15/ERR1713337.kmer.gz metagenomics/bigsi/15/mccortex.ERR1713337.ctx
[11 Dec 2019 21:27:37-pof][cwd] /home/CSCScience.ca/apetkau/workspace/comp7934-project
[11 Dec 2019 21:27:37-pof][version] mccortex=v0.0.3-610-g400c0e3 zlib=1.2.11 htslib=1.8-17-g699ed53 ASSERTS=ON hash=Lookup3 CHECKS=ON k=3..31
[11 Dec 2019 21:27:37-pof] Saving graph to: metagenomics/bigsi/15/mccortex.ERR1713337.ctx
[11 Dec 2019 21:27:37-pof][sample] 0: ERR1713337
[11 Dec 2019 21:27:37-pof][task] metagenomics/kmer-counts-jellyfish/15/ERR1713337.kmer.gz; FASTQ offset: auto-detect, threshold: off; cut homopolymers: off; remove PCR duplicates: no; colour: 0
[11 Dec 2019 21:27:37-pof][memory] 104 bits per kmer
[11 Dec 2019 21:27:37-pof] Note: Using less memory than requested (2.7GB < 10GB); allows for 218,103,808 kmers
[11 Dec 2019 21:27:37-pof][memory] graph: 2.7GB
[11 Dec 2019 21:27:37-pof][memory] total: 2.7GB of 62.6GB RAM
[11 Dec 2019 21:27:37-pof] Writing 1 colour graph to metagenomics/bigsi/15/mccortex.ERR1713337.ctx
[11 Dec 2019 21:27:37-pof][hasht] Allocating table with 218,103,808 entries, using 1.6GB
[11 Dec 2019 21:27:37-pof][hasht]  number of buckets: 8,388,608, bucket size: 26
[11 Dec 2019 21:27:37-pof][graph] kmer-size: 15; colours: 1; capacity: 218,103,808
[11 Dec 2019 21:27:37-pof][hasht] buckets: 8,388,608 [2^23]; bucket size: 26; 
[11 Dec 2019 21:27:37-pof][hasht] memory: 1.6GB; filled: 0 / 218,103,808 (0.00%)
[11 Dec 2019 21:27:37-pof][asyncio] Inputs: 1; Threads: 1
[11 Dec 2019 21:27:37-pof][seq] Parsing sequence file metagenomics/kmer-counts-jellyfish/15/ERR1713337.kmer.gz
[11 Dec 2019 21:27:48-pof][BuildGraph] Read 5,000,000 entries (reads / read pairs)
[11 Dec 2019 21:27:53-pof][seq] Loaded 8,498,059 reads and 0 reads pairs (file: metagenomics/kmer-counts-jellyfish/15/ERR1713337.kmer.gz)
[11 Dec 2019 21:27:53-pof][hasht] buckets: 8,388,608 [2^23]; bucket size: 26; 
[11 Dec 2019 21:27:53-pof][hasht] memory: 1.6GB; filled: 8,498,059 / 218,103,808 (3.90%)
[11 Dec 2019 21:27:53-pof][hasht]  collisions  0: 8498059
[11 Dec 2019 21:27:53-pof][task] input: metagenomics/kmer-counts-jellyfish/15/ERR1713337.kmer.gz colour: 0
[11 Dec 2019 21:27:53-pof]  SE reads: 8,498,059  PE reads: 0
[11 Dec 2019 21:27:53-pof]  good reads: 8,498,059  bad reads: 0
[11 Dec 2019 21:27:53-pof]  dup SE reads: 0  dup PE pairs: 0
[11 Dec 2019 21:27:53-pof]  bases read: 127,470,885  bases loaded: 127,470,885
[11 Dec 2019 21:27:53-pof]  num contigs: 8,498,059  num kmers: 8,498,059 novel kmers: 8,498,059
[11 Dec 2019 21:27:53-pof] Dumping graph...
[11 Dec 2019 21:27:53-pof][graphwriter] Saving file to: metagenomics/bigsi/15/mccortex.ERR1713337.ctx
[11 Dec 2019 21:27:53-pof][FileFilter] Writing graph  [1 src colour]
[11 Dec 2019 21:27:55-pof][graphwriter] Dumped 8,498,059 kmers in 1 colour into: metagenomics/bigsi/15/mccortex.ERR1713337.ctx (ver: 6)
[11 Dec 2019 21:27:56-pof][memory] We made 19 allocs
[11 Dec 2019 21:27:56-pof] Done.
[11 Dec 2019 21:27:56-pof][time] 19.00 seconds
	Command being timed: "mccortex 15 build --nkmers 210000000 --threads 1 --kmer 15 --mem 10G --sample ERR1713337 --seq metagenomics/kmer-counts-jellyfish/15/ERR1713337.kmer.gz metagenomics/bigsi/15/mccortex.ERR1713337.ctx"
	User time (seconds): 19.23
	System time (seconds): 10.97
	Percent of CPU this job got: 162%
	Elapsed (wall clock) time (h:mm:ss or m:ss): 0:18.54
	Average shared text size (kbytes): 0
	Average unshared data size (kbytes): 0
	Average stack size (kbytes): 0
	Average total size (kbytes): 0
	Maximum resident set size (kbytes): 2582364
	Average resident set size (kbytes): 0
	Major (requiring I/O) page faults: 0
	Minor (reclaiming a frame) page faults: 3039538
	Voluntary context switches: 1570363
	Involuntary context switches: 47
	Swaps: 0
	File system inputs: 0
	File system outputs: 215784
	Socket messages sent: 0
	Socket messages received: 0
	Signals delivered: 0
	Page size (bytes): 4096
	Exit status: 0
