[11 Dec 2019 21:35:04-dOX][cmd] /home/CSCScience.ca/apetkau/miniconda3/envs/bigsi_mccortex/bin/mccortex31 build --nkmers 210000000 --threads 1 --kmer 15 --mem 10G --sample ERR1713371 --seq metagenomics/kmer-counts-jellyfish/15/ERR1713371.kmer.gz metagenomics/bigsi/15/mccortex.ERR1713371.ctx
[11 Dec 2019 21:35:04-dOX][cwd] /home/CSCScience.ca/apetkau/workspace/comp7934-project
[11 Dec 2019 21:35:04-dOX][version] mccortex=v0.0.3-610-g400c0e3 zlib=1.2.11 htslib=1.8-17-g699ed53 ASSERTS=ON hash=Lookup3 CHECKS=ON k=3..31
[11 Dec 2019 21:35:04-dOX] Saving graph to: metagenomics/bigsi/15/mccortex.ERR1713371.ctx
[11 Dec 2019 21:35:04-dOX][sample] 0: ERR1713371
[11 Dec 2019 21:35:04-dOX][task] metagenomics/kmer-counts-jellyfish/15/ERR1713371.kmer.gz; FASTQ offset: auto-detect, threshold: off; cut homopolymers: off; remove PCR duplicates: no; colour: 0
[11 Dec 2019 21:35:04-dOX][memory] 104 bits per kmer
[11 Dec 2019 21:35:04-dOX] Note: Using less memory than requested (2.7GB < 10GB); allows for 218,103,808 kmers
[11 Dec 2019 21:35:04-dOX][memory] graph: 2.7GB
[11 Dec 2019 21:35:04-dOX][memory] total: 2.7GB of 62.6GB RAM
[11 Dec 2019 21:35:04-dOX] Writing 1 colour graph to metagenomics/bigsi/15/mccortex.ERR1713371.ctx
[11 Dec 2019 21:35:04-dOX][hasht] Allocating table with 218,103,808 entries, using 1.6GB
[11 Dec 2019 21:35:04-dOX][hasht]  number of buckets: 8,388,608, bucket size: 26
[11 Dec 2019 21:35:04-dOX][graph] kmer-size: 15; colours: 1; capacity: 218,103,808
[11 Dec 2019 21:35:04-dOX][hasht] buckets: 8,388,608 [2^23]; bucket size: 26; 
[11 Dec 2019 21:35:04-dOX][hasht] memory: 1.6GB; filled: 0 / 218,103,808 (0.00%)
[11 Dec 2019 21:35:04-dOX][asyncio] Inputs: 1; Threads: 1
[11 Dec 2019 21:35:04-dOX][seq] Parsing sequence file metagenomics/kmer-counts-jellyfish/15/ERR1713371.kmer.gz
[11 Dec 2019 21:35:14-dOX][BuildGraph] Read 5,000,000 entries (reads / read pairs)
[11 Dec 2019 21:35:18-dOX][seq] Loaded 7,707,878 reads and 0 reads pairs (file: metagenomics/kmer-counts-jellyfish/15/ERR1713371.kmer.gz)
[11 Dec 2019 21:35:18-dOX][hasht] buckets: 8,388,608 [2^23]; bucket size: 26; 
[11 Dec 2019 21:35:18-dOX][hasht] memory: 1.6GB; filled: 7,707,878 / 218,103,808 (3.53%)
[11 Dec 2019 21:35:18-dOX][hasht]  collisions  0: 7707878
[11 Dec 2019 21:35:18-dOX][task] input: metagenomics/kmer-counts-jellyfish/15/ERR1713371.kmer.gz colour: 0
[11 Dec 2019 21:35:18-dOX]  SE reads: 7,707,878  PE reads: 0
[11 Dec 2019 21:35:18-dOX]  good reads: 7,707,878  bad reads: 0
[11 Dec 2019 21:35:18-dOX]  dup SE reads: 0  dup PE pairs: 0
[11 Dec 2019 21:35:18-dOX]  bases read: 115,618,170  bases loaded: 115,618,170
[11 Dec 2019 21:35:18-dOX]  num contigs: 7,707,878  num kmers: 7,707,878 novel kmers: 7,707,878
[11 Dec 2019 21:35:18-dOX] Dumping graph...
[11 Dec 2019 21:35:18-dOX][graphwriter] Saving file to: metagenomics/bigsi/15/mccortex.ERR1713371.ctx
[11 Dec 2019 21:35:18-dOX][FileFilter] Writing graph  [1 src colour]
[11 Dec 2019 21:35:19-dOX][graphwriter] Dumped 7,707,878 kmers in 1 colour into: metagenomics/bigsi/15/mccortex.ERR1713371.ctx (ver: 6)
[11 Dec 2019 21:35:19-dOX][memory] We made 19 allocs
[11 Dec 2019 21:35:19-dOX] Done.
[11 Dec 2019 21:35:19-dOX][time] 15.00 seconds
	Command being timed: "mccortex 15 build --nkmers 210000000 --threads 1 --kmer 15 --mem 10G --sample ERR1713371 --seq metagenomics/kmer-counts-jellyfish/15/ERR1713371.kmer.gz metagenomics/bigsi/15/mccortex.ERR1713371.ctx"
	User time (seconds): 16.95
	System time (seconds): 9.06
	Percent of CPU this job got: 170%
	Elapsed (wall clock) time (h:mm:ss or m:ss): 0:15.24
	Average shared text size (kbytes): 0
	Average unshared data size (kbytes): 0
	Average stack size (kbytes): 0
	Average total size (kbytes): 0
	Maximum resident set size (kbytes): 2582348
	Average resident set size (kbytes): 0
	Major (requiring I/O) page faults: 0
	Minor (reclaiming a frame) page faults: 2868039
	Voluntary context switches: 1449579
	Involuntary context switches: 28
	Swaps: 0
	File system inputs: 0
	File system outputs: 195728
	Socket messages sent: 0
	Socket messages received: 0
	Signals delivered: 0
	Page size (bytes): 4096
	Exit status: 0
