[11 Dec 2019 21:30:18-hIx][cmd] /home/CSCScience.ca/apetkau/miniconda3/envs/bigsi_mccortex/bin/mccortex31 build --nkmers 210000000 --threads 1 --kmer 15 --mem 10G --sample ERR1713352 --seq metagenomics/kmer-counts-jellyfish/15/ERR1713352.kmer.gz metagenomics/bigsi/15/mccortex.ERR1713352.ctx
[11 Dec 2019 21:30:18-hIx][cwd] /home/CSCScience.ca/apetkau/workspace/comp7934-project
[11 Dec 2019 21:30:18-hIx][version] mccortex=v0.0.3-610-g400c0e3 zlib=1.2.11 htslib=1.8-17-g699ed53 ASSERTS=ON hash=Lookup3 CHECKS=ON k=3..31
[11 Dec 2019 21:30:18-hIx] Saving graph to: metagenomics/bigsi/15/mccortex.ERR1713352.ctx
[11 Dec 2019 21:30:18-hIx][sample] 0: ERR1713352
[11 Dec 2019 21:30:18-hIx][task] metagenomics/kmer-counts-jellyfish/15/ERR1713352.kmer.gz; FASTQ offset: auto-detect, threshold: off; cut homopolymers: off; remove PCR duplicates: no; colour: 0
[11 Dec 2019 21:30:18-hIx][memory] 104 bits per kmer
[11 Dec 2019 21:30:18-hIx] Note: Using less memory than requested (2.7GB < 10GB); allows for 218,103,808 kmers
[11 Dec 2019 21:30:18-hIx][memory] graph: 2.7GB
[11 Dec 2019 21:30:18-hIx][memory] total: 2.7GB of 62.6GB RAM
[11 Dec 2019 21:30:18-hIx] Writing 1 colour graph to metagenomics/bigsi/15/mccortex.ERR1713352.ctx
[11 Dec 2019 21:30:18-hIx][hasht] Allocating table with 218,103,808 entries, using 1.6GB
[11 Dec 2019 21:30:18-hIx][hasht]  number of buckets: 8,388,608, bucket size: 26
[11 Dec 2019 21:30:18-hIx][graph] kmer-size: 15; colours: 1; capacity: 218,103,808
[11 Dec 2019 21:30:18-hIx][hasht] buckets: 8,388,608 [2^23]; bucket size: 26; 
[11 Dec 2019 21:30:18-hIx][hasht] memory: 1.6GB; filled: 0 / 218,103,808 (0.00%)
[11 Dec 2019 21:30:18-hIx][asyncio] Inputs: 1; Threads: 1
[11 Dec 2019 21:30:18-hIx][seq] Parsing sequence file metagenomics/kmer-counts-jellyfish/15/ERR1713352.kmer.gz
[11 Dec 2019 21:30:32-hIx][BuildGraph] Read 5,000,000 entries (reads / read pairs)
[11 Dec 2019 21:30:37-hIx][seq] Loaded 8,181,105 reads and 0 reads pairs (file: metagenomics/kmer-counts-jellyfish/15/ERR1713352.kmer.gz)
[11 Dec 2019 21:30:37-hIx][hasht] buckets: 8,388,608 [2^23]; bucket size: 26; 
[11 Dec 2019 21:30:37-hIx][hasht] memory: 1.6GB; filled: 8,181,105 / 218,103,808 (3.75%)
[11 Dec 2019 21:30:37-hIx][hasht]  collisions  0: 8181105
[11 Dec 2019 21:30:37-hIx][task] input: metagenomics/kmer-counts-jellyfish/15/ERR1713352.kmer.gz colour: 0
[11 Dec 2019 21:30:37-hIx]  SE reads: 8,181,105  PE reads: 0
[11 Dec 2019 21:30:37-hIx]  good reads: 8,181,105  bad reads: 0
[11 Dec 2019 21:30:37-hIx]  dup SE reads: 0  dup PE pairs: 0
[11 Dec 2019 21:30:37-hIx]  bases read: 122,716,575  bases loaded: 122,716,575
[11 Dec 2019 21:30:37-hIx]  num contigs: 8,181,105  num kmers: 8,181,105 novel kmers: 8,181,105
[11 Dec 2019 21:30:37-hIx] Dumping graph...
[11 Dec 2019 21:30:37-hIx][graphwriter] Saving file to: metagenomics/bigsi/15/mccortex.ERR1713352.ctx
[11 Dec 2019 21:30:37-hIx][FileFilter] Writing graph  [1 src colour]
[11 Dec 2019 21:30:38-hIx][graphwriter] Dumped 8,181,105 kmers in 1 colour into: metagenomics/bigsi/15/mccortex.ERR1713352.ctx (ver: 6)
[11 Dec 2019 21:30:38-hIx][memory] We made 19 allocs
[11 Dec 2019 21:30:38-hIx] Done.
[11 Dec 2019 21:30:38-hIx][time] 20.00 seconds
	Command being timed: "mccortex 15 build --nkmers 210000000 --threads 1 --kmer 15 --mem 10G --sample ERR1713352 --seq metagenomics/kmer-counts-jellyfish/15/ERR1713352.kmer.gz metagenomics/bigsi/15/mccortex.ERR1713352.ctx"
	User time (seconds): 21.76
	System time (seconds): 12.67
	Percent of CPU this job got: 168%
	Elapsed (wall clock) time (h:mm:ss or m:ss): 0:20.49
	Average shared text size (kbytes): 0
	Average unshared data size (kbytes): 0
	Average stack size (kbytes): 0
	Average total size (kbytes): 0
	Maximum resident set size (kbytes): 2582252
	Average resident set size (kbytes): 0
	Major (requiring I/O) page faults: 0
	Minor (reclaiming a frame) page faults: 4859078
	Voluntary context switches: 2140417
	Involuntary context switches: 67453
	Swaps: 0
	File system inputs: 0
	File system outputs: 207736
	Socket messages sent: 0
	Socket messages received: 0
	Signals delivered: 0
	Page size (bytes): 4096
	Exit status: 0
