[11 Dec 2019 21:32:30-vUY][cmd] /home/CSCScience.ca/apetkau/miniconda3/envs/bigsi_mccortex/bin/mccortex31 build --nkmers 210000000 --threads 1 --kmer 15 --mem 10G --sample ERR1713353 --seq metagenomics/kmer-counts-jellyfish/15/ERR1713353.kmer.gz metagenomics/bigsi/15/mccortex.ERR1713353.ctx
[11 Dec 2019 21:32:30-vUY][cwd] /home/CSCScience.ca/apetkau/workspace/comp7934-project
[11 Dec 2019 21:32:30-vUY][version] mccortex=v0.0.3-610-g400c0e3 zlib=1.2.11 htslib=1.8-17-g699ed53 ASSERTS=ON hash=Lookup3 CHECKS=ON k=3..31
[11 Dec 2019 21:32:30-vUY] Saving graph to: metagenomics/bigsi/15/mccortex.ERR1713353.ctx
[11 Dec 2019 21:32:30-vUY][sample] 0: ERR1713353
[11 Dec 2019 21:32:30-vUY][task] metagenomics/kmer-counts-jellyfish/15/ERR1713353.kmer.gz; FASTQ offset: auto-detect, threshold: off; cut homopolymers: off; remove PCR duplicates: no; colour: 0
[11 Dec 2019 21:32:30-vUY][memory] 104 bits per kmer
[11 Dec 2019 21:32:30-vUY] Note: Using less memory than requested (2.7GB < 10GB); allows for 218,103,808 kmers
[11 Dec 2019 21:32:30-vUY][memory] graph: 2.7GB
[11 Dec 2019 21:32:30-vUY][memory] total: 2.7GB of 62.6GB RAM
[11 Dec 2019 21:32:30-vUY] Writing 1 colour graph to metagenomics/bigsi/15/mccortex.ERR1713353.ctx
[11 Dec 2019 21:32:30-vUY][hasht] Allocating table with 218,103,808 entries, using 1.6GB
[11 Dec 2019 21:32:30-vUY][hasht]  number of buckets: 8,388,608, bucket size: 26
[11 Dec 2019 21:32:30-vUY][graph] kmer-size: 15; colours: 1; capacity: 218,103,808
[11 Dec 2019 21:32:30-vUY][hasht] buckets: 8,388,608 [2^23]; bucket size: 26; 
[11 Dec 2019 21:32:30-vUY][hasht] memory: 1.6GB; filled: 0 / 218,103,808 (0.00%)
[11 Dec 2019 21:32:30-vUY][asyncio] Inputs: 1; Threads: 1
[11 Dec 2019 21:32:30-vUY][seq] Parsing sequence file metagenomics/kmer-counts-jellyfish/15/ERR1713353.kmer.gz
[11 Dec 2019 21:32:41-vUY][BuildGraph] Read 5,000,000 entries (reads / read pairs)
[11 Dec 2019 21:32:46-vUY][seq] Loaded 8,502,210 reads and 0 reads pairs (file: metagenomics/kmer-counts-jellyfish/15/ERR1713353.kmer.gz)
[11 Dec 2019 21:32:46-vUY][hasht] buckets: 8,388,608 [2^23]; bucket size: 26; 
[11 Dec 2019 21:32:46-vUY][hasht] memory: 1.6GB; filled: 8,502,210 / 218,103,808 (3.90%)
[11 Dec 2019 21:32:46-vUY][hasht]  collisions  0: 8502210
[11 Dec 2019 21:32:46-vUY][task] input: metagenomics/kmer-counts-jellyfish/15/ERR1713353.kmer.gz colour: 0
[11 Dec 2019 21:32:46-vUY]  SE reads: 8,502,210  PE reads: 0
[11 Dec 2019 21:32:46-vUY]  good reads: 8,502,210  bad reads: 0
[11 Dec 2019 21:32:46-vUY]  dup SE reads: 0  dup PE pairs: 0
[11 Dec 2019 21:32:46-vUY]  bases read: 127,533,150  bases loaded: 127,533,150
[11 Dec 2019 21:32:46-vUY]  num contigs: 8,502,210  num kmers: 8,502,210 novel kmers: 8,502,210
[11 Dec 2019 21:32:46-vUY] Dumping graph...
[11 Dec 2019 21:32:46-vUY][graphwriter] Saving file to: metagenomics/bigsi/15/mccortex.ERR1713353.ctx
[11 Dec 2019 21:32:46-vUY][FileFilter] Writing graph  [1 src colour]
[11 Dec 2019 21:32:47-vUY][graphwriter] Dumped 8,502,210 kmers in 1 colour into: metagenomics/bigsi/15/mccortex.ERR1713353.ctx (ver: 6)
[11 Dec 2019 21:32:47-vUY][memory] We made 19 allocs
[11 Dec 2019 21:32:47-vUY] Done.
[11 Dec 2019 21:32:47-vUY][time] 17.00 seconds
	Command being timed: "mccortex 15 build --nkmers 210000000 --threads 1 --kmer 15 --mem 10G --sample ERR1713353 --seq metagenomics/kmer-counts-jellyfish/15/ERR1713353.kmer.gz metagenomics/bigsi/15/mccortex.ERR1713353.ctx"
	User time (seconds): 18.79
	System time (seconds): 10.93
	Percent of CPU this job got: 169%
	Elapsed (wall clock) time (h:mm:ss or m:ss): 0:17.54
	Average shared text size (kbytes): 0
	Average unshared data size (kbytes): 0
	Average stack size (kbytes): 0
	Average total size (kbytes): 0
	Maximum resident set size (kbytes): 2582284
	Average resident set size (kbytes): 0
	Major (requiring I/O) page faults: 0
	Minor (reclaiming a frame) page faults: 2536284
	Voluntary context switches: 1417494
	Involuntary context switches: 53
	Swaps: 0
	File system inputs: 0
	File system outputs: 215904
	Socket messages sent: 0
	Socket messages received: 0
	Signals delivered: 0
	Page size (bytes): 4096
	Exit status: 0
