[11 Dec 2019 21:35:03-kEr][cmd] /home/CSCScience.ca/apetkau/miniconda3/envs/bigsi_mccortex/bin/mccortex31 build --nkmers 210000000 --threads 1 --kmer 15 --mem 10G --sample ERR1713366 --seq metagenomics/kmer-counts-jellyfish/15/ERR1713366.kmer.gz metagenomics/bigsi/15/mccortex.ERR1713366.ctx
[11 Dec 2019 21:35:03-kEr][cwd] /home/CSCScience.ca/apetkau/workspace/comp7934-project
[11 Dec 2019 21:35:03-kEr][version] mccortex=v0.0.3-610-g400c0e3 zlib=1.2.11 htslib=1.8-17-g699ed53 ASSERTS=ON hash=Lookup3 CHECKS=ON k=3..31
[11 Dec 2019 21:35:03-kEr] Saving graph to: metagenomics/bigsi/15/mccortex.ERR1713366.ctx
[11 Dec 2019 21:35:03-kEr][sample] 0: ERR1713366
[11 Dec 2019 21:35:03-kEr][task] metagenomics/kmer-counts-jellyfish/15/ERR1713366.kmer.gz; FASTQ offset: auto-detect, threshold: off; cut homopolymers: off; remove PCR duplicates: no; colour: 0
[11 Dec 2019 21:35:03-kEr][memory] 104 bits per kmer
[11 Dec 2019 21:35:03-kEr] Note: Using less memory than requested (2.7GB < 10GB); allows for 218,103,808 kmers
[11 Dec 2019 21:35:03-kEr][memory] graph: 2.7GB
[11 Dec 2019 21:35:03-kEr][memory] total: 2.7GB of 62.6GB RAM
[11 Dec 2019 21:35:03-kEr] Writing 1 colour graph to metagenomics/bigsi/15/mccortex.ERR1713366.ctx
[11 Dec 2019 21:35:03-kEr][hasht] Allocating table with 218,103,808 entries, using 1.6GB
[11 Dec 2019 21:35:03-kEr][hasht]  number of buckets: 8,388,608, bucket size: 26
[11 Dec 2019 21:35:03-kEr][graph] kmer-size: 15; colours: 1; capacity: 218,103,808
[11 Dec 2019 21:35:03-kEr][hasht] buckets: 8,388,608 [2^23]; bucket size: 26; 
[11 Dec 2019 21:35:03-kEr][hasht] memory: 1.6GB; filled: 0 / 218,103,808 (0.00%)
[11 Dec 2019 21:35:03-kEr][asyncio] Inputs: 1; Threads: 1
[11 Dec 2019 21:35:03-kEr][seq] Parsing sequence file metagenomics/kmer-counts-jellyfish/15/ERR1713366.kmer.gz
[11 Dec 2019 21:35:17-kEr][BuildGraph] Read 5,000,000 entries (reads / read pairs)
[11 Dec 2019 21:35:23-kEr][seq] Loaded 7,785,704 reads and 0 reads pairs (file: metagenomics/kmer-counts-jellyfish/15/ERR1713366.kmer.gz)
[11 Dec 2019 21:35:23-kEr][hasht] buckets: 8,388,608 [2^23]; bucket size: 26; 
[11 Dec 2019 21:35:23-kEr][hasht] memory: 1.6GB; filled: 7,785,704 / 218,103,808 (3.57%)
[11 Dec 2019 21:35:23-kEr][hasht]  collisions  0: 7785704
[11 Dec 2019 21:35:23-kEr][task] input: metagenomics/kmer-counts-jellyfish/15/ERR1713366.kmer.gz colour: 0
[11 Dec 2019 21:35:23-kEr]  SE reads: 7,785,704  PE reads: 0
[11 Dec 2019 21:35:23-kEr]  good reads: 7,785,704  bad reads: 0
[11 Dec 2019 21:35:23-kEr]  dup SE reads: 0  dup PE pairs: 0
[11 Dec 2019 21:35:23-kEr]  bases read: 116,785,560  bases loaded: 116,785,560
[11 Dec 2019 21:35:23-kEr]  num contigs: 7,785,704  num kmers: 7,785,704 novel kmers: 7,785,704
[11 Dec 2019 21:35:23-kEr] Dumping graph...
[11 Dec 2019 21:35:23-kEr][graphwriter] Saving file to: metagenomics/bigsi/15/mccortex.ERR1713366.ctx
[11 Dec 2019 21:35:23-kEr][FileFilter] Writing graph  [1 src colour]
[11 Dec 2019 21:35:24-kEr][graphwriter] Dumped 7,785,704 kmers in 1 colour into: metagenomics/bigsi/15/mccortex.ERR1713366.ctx (ver: 6)
[11 Dec 2019 21:35:24-kEr][memory] We made 19 allocs
[11 Dec 2019 21:35:24-kEr] Done.
[11 Dec 2019 21:35:24-kEr][time] 21.00 seconds
	Command being timed: "mccortex 15 build --nkmers 210000000 --threads 1 --kmer 15 --mem 10G --sample ERR1713366 --seq metagenomics/kmer-counts-jellyfish/15/ERR1713366.kmer.gz metagenomics/bigsi/15/mccortex.ERR1713366.ctx"
	User time (seconds): 21.94
	System time (seconds): 13.84
	Percent of CPU this job got: 167%
	Elapsed (wall clock) time (h:mm:ss or m:ss): 0:21.41
	Average shared text size (kbytes): 0
	Average unshared data size (kbytes): 0
	Average stack size (kbytes): 0
	Average total size (kbytes): 0
	Maximum resident set size (kbytes): 2582372
	Average resident set size (kbytes): 0
	Major (requiring I/O) page faults: 0
	Minor (reclaiming a frame) page faults: 4612624
	Voluntary context switches: 2000371
	Involuntary context switches: 8762
	Swaps: 0
	File system inputs: 0
	File system outputs: 197704
	Socket messages sent: 0
	Socket messages received: 0
	Signals delivered: 0
	Page size (bytes): 4096
	Exit status: 0
