[11 Dec 2019 21:40:18-kUL][cmd] /home/CSCScience.ca/apetkau/miniconda3/envs/bigsi_mccortex/bin/mccortex31 build --nkmers 210000000 --threads 1 --kmer 15 --mem 10G --sample ERR1713400 --seq metagenomics/kmer-counts-jellyfish/15/ERR1713400.kmer.gz metagenomics/bigsi/15/mccortex.ERR1713400.ctx
[11 Dec 2019 21:40:18-kUL][cwd] /home/CSCScience.ca/apetkau/workspace/comp7934-project
[11 Dec 2019 21:40:18-kUL][version] mccortex=v0.0.3-610-g400c0e3 zlib=1.2.11 htslib=1.8-17-g699ed53 ASSERTS=ON hash=Lookup3 CHECKS=ON k=3..31
[11 Dec 2019 21:40:18-kUL] Saving graph to: metagenomics/bigsi/15/mccortex.ERR1713400.ctx
[11 Dec 2019 21:40:18-kUL][sample] 0: ERR1713400
[11 Dec 2019 21:40:18-kUL][task] metagenomics/kmer-counts-jellyfish/15/ERR1713400.kmer.gz; FASTQ offset: auto-detect, threshold: off; cut homopolymers: off; remove PCR duplicates: no; colour: 0
[11 Dec 2019 21:40:18-kUL][memory] 104 bits per kmer
[11 Dec 2019 21:40:18-kUL] Note: Using less memory than requested (2.7GB < 10GB); allows for 218,103,808 kmers
[11 Dec 2019 21:40:18-kUL][memory] graph: 2.7GB
[11 Dec 2019 21:40:18-kUL][memory] total: 2.7GB of 62.6GB RAM
[11 Dec 2019 21:40:18-kUL] Writing 1 colour graph to metagenomics/bigsi/15/mccortex.ERR1713400.ctx
[11 Dec 2019 21:40:18-kUL][hasht] Allocating table with 218,103,808 entries, using 1.6GB
[11 Dec 2019 21:40:18-kUL][hasht]  number of buckets: 8,388,608, bucket size: 26
[11 Dec 2019 21:40:18-kUL][graph] kmer-size: 15; colours: 1; capacity: 218,103,808
[11 Dec 2019 21:40:18-kUL][hasht] buckets: 8,388,608 [2^23]; bucket size: 26; 
[11 Dec 2019 21:40:18-kUL][hasht] memory: 1.6GB; filled: 0 / 218,103,808 (0.00%)
[11 Dec 2019 21:40:18-kUL][asyncio] Inputs: 1; Threads: 1
[11 Dec 2019 21:40:18-kUL][seq] Parsing sequence file metagenomics/kmer-counts-jellyfish/15/ERR1713400.kmer.gz
[11 Dec 2019 21:40:33-kUL][BuildGraph] Read 5,000,000 entries (reads / read pairs)
[11 Dec 2019 21:40:37-kUL][seq] Loaded 8,181,102 reads and 0 reads pairs (file: metagenomics/kmer-counts-jellyfish/15/ERR1713400.kmer.gz)
[11 Dec 2019 21:40:37-kUL][hasht] buckets: 8,388,608 [2^23]; bucket size: 26; 
[11 Dec 2019 21:40:37-kUL][hasht] memory: 1.6GB; filled: 8,181,102 / 218,103,808 (3.75%)
[11 Dec 2019 21:40:37-kUL][hasht]  collisions  0: 8181102
[11 Dec 2019 21:40:37-kUL][task] input: metagenomics/kmer-counts-jellyfish/15/ERR1713400.kmer.gz colour: 0
[11 Dec 2019 21:40:37-kUL]  SE reads: 8,181,102  PE reads: 0
[11 Dec 2019 21:40:37-kUL]  good reads: 8,181,102  bad reads: 0
[11 Dec 2019 21:40:37-kUL]  dup SE reads: 0  dup PE pairs: 0
[11 Dec 2019 21:40:37-kUL]  bases read: 122,716,530  bases loaded: 122,716,530
[11 Dec 2019 21:40:37-kUL]  num contigs: 8,181,102  num kmers: 8,181,102 novel kmers: 8,181,102
[11 Dec 2019 21:40:37-kUL] Dumping graph...
[11 Dec 2019 21:40:37-kUL][graphwriter] Saving file to: metagenomics/bigsi/15/mccortex.ERR1713400.ctx
[11 Dec 2019 21:40:37-kUL][FileFilter] Writing graph  [1 src colour]
[11 Dec 2019 21:40:38-kUL][graphwriter] Dumped 8,181,102 kmers in 1 colour into: metagenomics/bigsi/15/mccortex.ERR1713400.ctx (ver: 6)
[11 Dec 2019 21:40:39-kUL][memory] We made 19 allocs
[11 Dec 2019 21:40:39-kUL] Done.
[11 Dec 2019 21:40:39-kUL][time] 21.00 seconds
	Command being timed: "mccortex 15 build --nkmers 210000000 --threads 1 --kmer 15 --mem 10G --sample ERR1713400 --seq metagenomics/kmer-counts-jellyfish/15/ERR1713400.kmer.gz metagenomics/bigsi/15/mccortex.ERR1713400.ctx"
	User time (seconds): 21.26
	System time (seconds): 13.53
	Percent of CPU this job got: 165%
	Elapsed (wall clock) time (h:mm:ss or m:ss): 0:21.01
	Average shared text size (kbytes): 0
	Average unshared data size (kbytes): 0
	Average stack size (kbytes): 0
	Average total size (kbytes): 0
	Maximum resident set size (kbytes): 2582396
	Average resident set size (kbytes): 0
	Major (requiring I/O) page faults: 0
	Minor (reclaiming a frame) page faults: 3212120
	Voluntary context switches: 1792176
	Involuntary context switches: 14276
	Swaps: 0
	File system inputs: 8
	File system outputs: 207736
	Socket messages sent: 0
	Socket messages received: 0
	Signals delivered: 0
	Page size (bytes): 4096
	Exit status: 0
