[11 Dec 2019 21:42:39-yaL][cmd] /home/CSCScience.ca/apetkau/miniconda3/envs/bigsi_mccortex/bin/mccortex31 build --nkmers 210000000 --threads 1 --kmer 15 --mem 10G --sample ERR1713406 --seq metagenomics/kmer-counts-jellyfish/15/ERR1713406.kmer.gz metagenomics/bigsi/15/mccortex.ERR1713406.ctx
[11 Dec 2019 21:42:39-yaL][cwd] /home/CSCScience.ca/apetkau/workspace/comp7934-project
[11 Dec 2019 21:42:39-yaL][version] mccortex=v0.0.3-610-g400c0e3 zlib=1.2.11 htslib=1.8-17-g699ed53 ASSERTS=ON hash=Lookup3 CHECKS=ON k=3..31
[11 Dec 2019 21:42:39-yaL] Saving graph to: metagenomics/bigsi/15/mccortex.ERR1713406.ctx
[11 Dec 2019 21:42:39-yaL][sample] 0: ERR1713406
[11 Dec 2019 21:42:39-yaL][task] metagenomics/kmer-counts-jellyfish/15/ERR1713406.kmer.gz; FASTQ offset: auto-detect, threshold: off; cut homopolymers: off; remove PCR duplicates: no; colour: 0
[11 Dec 2019 21:42:39-yaL][memory] 104 bits per kmer
[11 Dec 2019 21:42:39-yaL] Note: Using less memory than requested (2.7GB < 10GB); allows for 218,103,808 kmers
[11 Dec 2019 21:42:39-yaL][memory] graph: 2.7GB
[11 Dec 2019 21:42:39-yaL][memory] total: 2.7GB of 62.6GB RAM
[11 Dec 2019 21:42:39-yaL] Writing 1 colour graph to metagenomics/bigsi/15/mccortex.ERR1713406.ctx
[11 Dec 2019 21:42:39-yaL][hasht] Allocating table with 218,103,808 entries, using 1.6GB
[11 Dec 2019 21:42:39-yaL][hasht]  number of buckets: 8,388,608, bucket size: 26
[11 Dec 2019 21:42:39-yaL][graph] kmer-size: 15; colours: 1; capacity: 218,103,808
[11 Dec 2019 21:42:39-yaL][hasht] buckets: 8,388,608 [2^23]; bucket size: 26; 
[11 Dec 2019 21:42:39-yaL][hasht] memory: 1.6GB; filled: 0 / 218,103,808 (0.00%)
[11 Dec 2019 21:42:39-yaL][asyncio] Inputs: 1; Threads: 1
[11 Dec 2019 21:42:39-yaL][seq] Parsing sequence file metagenomics/kmer-counts-jellyfish/15/ERR1713406.kmer.gz
[11 Dec 2019 21:42:53-yaL][BuildGraph] Read 5,000,000 entries (reads / read pairs)
[11 Dec 2019 21:42:58-yaL][seq] Loaded 8,545,507 reads and 0 reads pairs (file: metagenomics/kmer-counts-jellyfish/15/ERR1713406.kmer.gz)
[11 Dec 2019 21:42:58-yaL][hasht] buckets: 8,388,608 [2^23]; bucket size: 26; 
[11 Dec 2019 21:42:58-yaL][hasht] memory: 1.6GB; filled: 8,545,507 / 218,103,808 (3.92%)
[11 Dec 2019 21:42:58-yaL][hasht]  collisions  0: 8545507
[11 Dec 2019 21:42:58-yaL][task] input: metagenomics/kmer-counts-jellyfish/15/ERR1713406.kmer.gz colour: 0
[11 Dec 2019 21:42:58-yaL]  SE reads: 8,545,507  PE reads: 0
[11 Dec 2019 21:42:58-yaL]  good reads: 8,545,507  bad reads: 0
[11 Dec 2019 21:42:58-yaL]  dup SE reads: 0  dup PE pairs: 0
[11 Dec 2019 21:42:58-yaL]  bases read: 128,182,605  bases loaded: 128,182,605
[11 Dec 2019 21:42:58-yaL]  num contigs: 8,545,507  num kmers: 8,545,507 novel kmers: 8,545,507
[11 Dec 2019 21:42:58-yaL] Dumping graph...
[11 Dec 2019 21:42:58-yaL][graphwriter] Saving file to: metagenomics/bigsi/15/mccortex.ERR1713406.ctx
[11 Dec 2019 21:42:58-yaL][FileFilter] Writing graph  [1 src colour]
[11 Dec 2019 21:42:59-yaL][graphwriter] Dumped 8,545,507 kmers in 1 colour into: metagenomics/bigsi/15/mccortex.ERR1713406.ctx (ver: 6)
[11 Dec 2019 21:42:59-yaL][memory] We made 19 allocs
[11 Dec 2019 21:42:59-yaL] Done.
[11 Dec 2019 21:42:59-yaL][time] 20.00 seconds
	Command being timed: "mccortex 15 build --nkmers 210000000 --threads 1 --kmer 15 --mem 10G --sample ERR1713406 --seq metagenomics/kmer-counts-jellyfish/15/ERR1713406.kmer.gz metagenomics/bigsi/15/mccortex.ERR1713406.ctx"
	User time (seconds): 24.05
	System time (seconds): 10.51
	Percent of CPU this job got: 170%
	Elapsed (wall clock) time (h:mm:ss or m:ss): 0:20.31
	Average shared text size (kbytes): 0
	Average unshared data size (kbytes): 0
	Average stack size (kbytes): 0
	Average total size (kbytes): 0
	Maximum resident set size (kbytes): 2582356
	Average resident set size (kbytes): 0
	Major (requiring I/O) page faults: 0
	Minor (reclaiming a frame) page faults: 2848892
	Voluntary context switches: 1281487
	Involuntary context switches: 52
	Swaps: 0
	File system inputs: 8
	File system outputs: 216992
	Socket messages sent: 0
	Socket messages received: 0
	Signals delivered: 0
	Page size (bytes): 4096
	Exit status: 0
