[11 Dec 2019 21:30:04-Muz][cmd] /home/CSCScience.ca/apetkau/miniconda3/envs/bigsi_mccortex/bin/mccortex31 build --nkmers 210000000 --threads 1 --kmer 15 --mem 10G --sample ERR1713342 --seq metagenomics/kmer-counts-jellyfish/15/ERR1713342.kmer.gz metagenomics/bigsi/15/mccortex.ERR1713342.ctx
[11 Dec 2019 21:30:04-Muz][cwd] /home/CSCScience.ca/apetkau/workspace/comp7934-project
[11 Dec 2019 21:30:04-Muz][version] mccortex=v0.0.3-610-g400c0e3 zlib=1.2.11 htslib=1.8-17-g699ed53 ASSERTS=ON hash=Lookup3 CHECKS=ON k=3..31
[11 Dec 2019 21:30:04-Muz] Saving graph to: metagenomics/bigsi/15/mccortex.ERR1713342.ctx
[11 Dec 2019 21:30:04-Muz][sample] 0: ERR1713342
[11 Dec 2019 21:30:04-Muz][task] metagenomics/kmer-counts-jellyfish/15/ERR1713342.kmer.gz; FASTQ offset: auto-detect, threshold: off; cut homopolymers: off; remove PCR duplicates: no; colour: 0
[11 Dec 2019 21:30:04-Muz][memory] 104 bits per kmer
[11 Dec 2019 21:30:04-Muz] Note: Using less memory than requested (2.7GB < 10GB); allows for 218,103,808 kmers
[11 Dec 2019 21:30:04-Muz][memory] graph: 2.7GB
[11 Dec 2019 21:30:04-Muz][memory] total: 2.7GB of 62.6GB RAM
[11 Dec 2019 21:30:04-Muz] Writing 1 colour graph to metagenomics/bigsi/15/mccortex.ERR1713342.ctx
[11 Dec 2019 21:30:04-Muz][hasht] Allocating table with 218,103,808 entries, using 1.6GB
[11 Dec 2019 21:30:04-Muz][hasht]  number of buckets: 8,388,608, bucket size: 26
[11 Dec 2019 21:30:04-Muz][graph] kmer-size: 15; colours: 1; capacity: 218,103,808
[11 Dec 2019 21:30:04-Muz][hasht] buckets: 8,388,608 [2^23]; bucket size: 26; 
[11 Dec 2019 21:30:04-Muz][hasht] memory: 1.6GB; filled: 0 / 218,103,808 (0.00%)
[11 Dec 2019 21:30:04-Muz][asyncio] Inputs: 1; Threads: 1
[11 Dec 2019 21:30:04-Muz][seq] Parsing sequence file metagenomics/kmer-counts-jellyfish/15/ERR1713342.kmer.gz
[11 Dec 2019 21:30:21-Muz][BuildGraph] Read 5,000,000 entries (reads / read pairs)
[11 Dec 2019 21:30:26-Muz][seq] Loaded 8,451,407 reads and 0 reads pairs (file: metagenomics/kmer-counts-jellyfish/15/ERR1713342.kmer.gz)
[11 Dec 2019 21:30:26-Muz][hasht] buckets: 8,388,608 [2^23]; bucket size: 26; 
[11 Dec 2019 21:30:26-Muz][hasht] memory: 1.6GB; filled: 8,451,407 / 218,103,808 (3.87%)
[11 Dec 2019 21:30:26-Muz][hasht]  collisions  0: 8451407
[11 Dec 2019 21:30:26-Muz][task] input: metagenomics/kmer-counts-jellyfish/15/ERR1713342.kmer.gz colour: 0
[11 Dec 2019 21:30:26-Muz]  SE reads: 8,451,407  PE reads: 0
[11 Dec 2019 21:30:26-Muz]  good reads: 8,451,407  bad reads: 0
[11 Dec 2019 21:30:26-Muz]  dup SE reads: 0  dup PE pairs: 0
[11 Dec 2019 21:30:26-Muz]  bases read: 126,771,105  bases loaded: 126,771,105
[11 Dec 2019 21:30:26-Muz]  num contigs: 8,451,407  num kmers: 8,451,407 novel kmers: 8,451,407
[11 Dec 2019 21:30:26-Muz] Dumping graph...
[11 Dec 2019 21:30:26-Muz][graphwriter] Saving file to: metagenomics/bigsi/15/mccortex.ERR1713342.ctx
[11 Dec 2019 21:30:26-Muz][FileFilter] Writing graph  [1 src colour]
[11 Dec 2019 21:30:28-Muz][graphwriter] Dumped 8,451,407 kmers in 1 colour into: metagenomics/bigsi/15/mccortex.ERR1713342.ctx (ver: 6)
[11 Dec 2019 21:30:28-Muz][memory] We made 19 allocs
[11 Dec 2019 21:30:28-Muz] Done.
[11 Dec 2019 21:30:28-Muz][time] 24.00 seconds
	Command being timed: "mccortex 15 build --nkmers 210000000 --threads 1 --kmer 15 --mem 10G --sample ERR1713342 --seq metagenomics/kmer-counts-jellyfish/15/ERR1713342.kmer.gz metagenomics/bigsi/15/mccortex.ERR1713342.ctx"
	User time (seconds): 22.55
	System time (seconds): 17.30
	Percent of CPU this job got: 165%
	Elapsed (wall clock) time (h:mm:ss or m:ss): 0:24.10
	Average shared text size (kbytes): 0
	Average unshared data size (kbytes): 0
	Average stack size (kbytes): 0
	Average total size (kbytes): 0
	Maximum resident set size (kbytes): 2582304
	Average resident set size (kbytes): 0
	Major (requiring I/O) page faults: 0
	Minor (reclaiming a frame) page faults: 4839091
	Voluntary context switches: 2181546
	Involuntary context switches: 18233
	Swaps: 0
	File system inputs: 0
	File system outputs: 214600
	Socket messages sent: 0
	Socket messages received: 0
	Signals delivered: 0
	Page size (bytes): 4096
	Exit status: 0
