[11 Dec 2019 21:27:37-nat][cmd] /home/CSCScience.ca/apetkau/miniconda3/envs/bigsi_mccortex/bin/mccortex31 build --nkmers 210000000 --threads 1 --kmer 15 --mem 10G --sample ERR1713339 --seq metagenomics/kmer-counts-jellyfish/15/ERR1713339.kmer.gz metagenomics/bigsi/15/mccortex.ERR1713339.ctx
[11 Dec 2019 21:27:37-nat][cwd] /home/CSCScience.ca/apetkau/workspace/comp7934-project
[11 Dec 2019 21:27:37-nat][version] mccortex=v0.0.3-610-g400c0e3 zlib=1.2.11 htslib=1.8-17-g699ed53 ASSERTS=ON hash=Lookup3 CHECKS=ON k=3..31
[11 Dec 2019 21:27:37-nat] Saving graph to: metagenomics/bigsi/15/mccortex.ERR1713339.ctx
[11 Dec 2019 21:27:37-nat][sample] 0: ERR1713339
[11 Dec 2019 21:27:37-nat][task] metagenomics/kmer-counts-jellyfish/15/ERR1713339.kmer.gz; FASTQ offset: auto-detect, threshold: off; cut homopolymers: off; remove PCR duplicates: no; colour: 0
[11 Dec 2019 21:27:37-nat][memory] 104 bits per kmer
[11 Dec 2019 21:27:37-nat] Note: Using less memory than requested (2.7GB < 10GB); allows for 218,103,808 kmers
[11 Dec 2019 21:27:37-nat][memory] graph: 2.7GB
[11 Dec 2019 21:27:37-nat][memory] total: 2.7GB of 62.6GB RAM
[11 Dec 2019 21:27:37-nat] Writing 1 colour graph to metagenomics/bigsi/15/mccortex.ERR1713339.ctx
[11 Dec 2019 21:27:37-nat][hasht] Allocating table with 218,103,808 entries, using 1.6GB
[11 Dec 2019 21:27:37-nat][hasht]  number of buckets: 8,388,608, bucket size: 26
[11 Dec 2019 21:27:37-nat][graph] kmer-size: 15; colours: 1; capacity: 218,103,808
[11 Dec 2019 21:27:37-nat][hasht] buckets: 8,388,608 [2^23]; bucket size: 26; 
[11 Dec 2019 21:27:37-nat][hasht] memory: 1.6GB; filled: 0 / 218,103,808 (0.00%)
[11 Dec 2019 21:27:37-nat][asyncio] Inputs: 1; Threads: 1
[11 Dec 2019 21:27:37-nat][seq] Parsing sequence file metagenomics/kmer-counts-jellyfish/15/ERR1713339.kmer.gz
[11 Dec 2019 21:27:48-nat][BuildGraph] Read 5,000,000 entries (reads / read pairs)
[11 Dec 2019 21:27:53-nat][seq] Loaded 8,275,682 reads and 0 reads pairs (file: metagenomics/kmer-counts-jellyfish/15/ERR1713339.kmer.gz)
[11 Dec 2019 21:27:53-nat][hasht] buckets: 8,388,608 [2^23]; bucket size: 26; 
[11 Dec 2019 21:27:53-nat][hasht] memory: 1.6GB; filled: 8,275,682 / 218,103,808 (3.79%)
[11 Dec 2019 21:27:53-nat][hasht]  collisions  0: 8275682
[11 Dec 2019 21:27:53-nat][task] input: metagenomics/kmer-counts-jellyfish/15/ERR1713339.kmer.gz colour: 0
[11 Dec 2019 21:27:53-nat]  SE reads: 8,275,682  PE reads: 0
[11 Dec 2019 21:27:53-nat]  good reads: 8,275,682  bad reads: 0
[11 Dec 2019 21:27:53-nat]  dup SE reads: 0  dup PE pairs: 0
[11 Dec 2019 21:27:53-nat]  bases read: 124,135,230  bases loaded: 124,135,230
[11 Dec 2019 21:27:53-nat]  num contigs: 8,275,682  num kmers: 8,275,682 novel kmers: 8,275,682
[11 Dec 2019 21:27:53-nat] Dumping graph...
[11 Dec 2019 21:27:53-nat][graphwriter] Saving file to: metagenomics/bigsi/15/mccortex.ERR1713339.ctx
[11 Dec 2019 21:27:53-nat][FileFilter] Writing graph  [1 src colour]
[11 Dec 2019 21:27:55-nat][graphwriter] Dumped 8,275,682 kmers in 1 colour into: metagenomics/bigsi/15/mccortex.ERR1713339.ctx (ver: 6)
[11 Dec 2019 21:27:55-nat][memory] We made 19 allocs
[11 Dec 2019 21:27:55-nat] Done.
[11 Dec 2019 21:27:55-nat][time] 18.00 seconds
	Command being timed: "mccortex 15 build --nkmers 210000000 --threads 1 --kmer 15 --mem 10G --sample ERR1713339 --seq metagenomics/kmer-counts-jellyfish/15/ERR1713339.kmer.gz metagenomics/bigsi/15/mccortex.ERR1713339.ctx"
	User time (seconds): 18.84
	System time (seconds): 10.88
	Percent of CPU this job got: 162%
	Elapsed (wall clock) time (h:mm:ss or m:ss): 0:18.32
	Average shared text size (kbytes): 0
	Average unshared data size (kbytes): 0
	Average stack size (kbytes): 0
	Average total size (kbytes): 0
	Maximum resident set size (kbytes): 2582340
	Average resident set size (kbytes): 0
	Major (requiring I/O) page faults: 0
	Minor (reclaiming a frame) page faults: 2834998
	Voluntary context switches: 1514411
	Involuntary context switches: 33
	Swaps: 0
	File system inputs: 8
	File system outputs: 210136
	Socket messages sent: 0
	Socket messages received: 0
	Signals delivered: 0
	Page size (bytes): 4096
	Exit status: 0
