[11 Dec 2019 21:40:16-duf][cmd] /home/CSCScience.ca/apetkau/miniconda3/envs/bigsi_mccortex/bin/mccortex31 build --nkmers 210000000 --threads 1 --kmer 15 --mem 10G --sample ERR1713399 --seq metagenomics/kmer-counts-jellyfish/15/ERR1713399.kmer.gz metagenomics/bigsi/15/mccortex.ERR1713399.ctx
[11 Dec 2019 21:40:16-duf][cwd] /home/CSCScience.ca/apetkau/workspace/comp7934-project
[11 Dec 2019 21:40:16-duf][version] mccortex=v0.0.3-610-g400c0e3 zlib=1.2.11 htslib=1.8-17-g699ed53 ASSERTS=ON hash=Lookup3 CHECKS=ON k=3..31
[11 Dec 2019 21:40:16-duf] Saving graph to: metagenomics/bigsi/15/mccortex.ERR1713399.ctx
[11 Dec 2019 21:40:16-duf][sample] 0: ERR1713399
[11 Dec 2019 21:40:16-duf][task] metagenomics/kmer-counts-jellyfish/15/ERR1713399.kmer.gz; FASTQ offset: auto-detect, threshold: off; cut homopolymers: off; remove PCR duplicates: no; colour: 0
[11 Dec 2019 21:40:16-duf][memory] 104 bits per kmer
[11 Dec 2019 21:40:16-duf] Note: Using less memory than requested (2.7GB < 10GB); allows for 218,103,808 kmers
[11 Dec 2019 21:40:16-duf][memory] graph: 2.7GB
[11 Dec 2019 21:40:16-duf][memory] total: 2.7GB of 62.6GB RAM
[11 Dec 2019 21:40:16-duf] Writing 1 colour graph to metagenomics/bigsi/15/mccortex.ERR1713399.ctx
[11 Dec 2019 21:40:16-duf][hasht] Allocating table with 218,103,808 entries, using 1.6GB
[11 Dec 2019 21:40:16-duf][hasht]  number of buckets: 8,388,608, bucket size: 26
[11 Dec 2019 21:40:16-duf][graph] kmer-size: 15; colours: 1; capacity: 218,103,808
[11 Dec 2019 21:40:16-duf][hasht] buckets: 8,388,608 [2^23]; bucket size: 26; 
[11 Dec 2019 21:40:16-duf][hasht] memory: 1.6GB; filled: 0 / 218,103,808 (0.00%)
[11 Dec 2019 21:40:16-duf][asyncio] Inputs: 1; Threads: 1
[11 Dec 2019 21:40:16-duf][seq] Parsing sequence file metagenomics/kmer-counts-jellyfish/15/ERR1713399.kmer.gz
[11 Dec 2019 21:40:27-duf][BuildGraph] Read 5,000,000 entries (reads / read pairs)
[11 Dec 2019 21:40:31-duf][seq] Loaded 8,483,254 reads and 0 reads pairs (file: metagenomics/kmer-counts-jellyfish/15/ERR1713399.kmer.gz)
[11 Dec 2019 21:40:31-duf][hasht] buckets: 8,388,608 [2^23]; bucket size: 26; 
[11 Dec 2019 21:40:31-duf][hasht] memory: 1.6GB; filled: 8,483,254 / 218,103,808 (3.89%)
[11 Dec 2019 21:40:31-duf][hasht]  collisions  0: 8483254
[11 Dec 2019 21:40:31-duf][task] input: metagenomics/kmer-counts-jellyfish/15/ERR1713399.kmer.gz colour: 0
[11 Dec 2019 21:40:31-duf]  SE reads: 8,483,254  PE reads: 0
[11 Dec 2019 21:40:31-duf]  good reads: 8,483,254  bad reads: 0
[11 Dec 2019 21:40:31-duf]  dup SE reads: 0  dup PE pairs: 0
[11 Dec 2019 21:40:31-duf]  bases read: 127,248,810  bases loaded: 127,248,810
[11 Dec 2019 21:40:31-duf]  num contigs: 8,483,254  num kmers: 8,483,254 novel kmers: 8,483,254
[11 Dec 2019 21:40:31-duf] Dumping graph...
[11 Dec 2019 21:40:31-duf][graphwriter] Saving file to: metagenomics/bigsi/15/mccortex.ERR1713399.ctx
[11 Dec 2019 21:40:31-duf][FileFilter] Writing graph  [1 src colour]
[11 Dec 2019 21:40:33-duf][graphwriter] Dumped 8,483,254 kmers in 1 colour into: metagenomics/bigsi/15/mccortex.ERR1713399.ctx (ver: 6)
[11 Dec 2019 21:40:33-duf][memory] We made 19 allocs
[11 Dec 2019 21:40:33-duf] Done.
[11 Dec 2019 21:40:33-duf][time] 17.00 seconds
	Command being timed: "mccortex 15 build --nkmers 210000000 --threads 1 --kmer 15 --mem 10G --sample ERR1713399 --seq metagenomics/kmer-counts-jellyfish/15/ERR1713399.kmer.gz metagenomics/bigsi/15/mccortex.ERR1713399.ctx"
	User time (seconds): 18.96
	System time (seconds): 9.46
	Percent of CPU this job got: 169%
	Elapsed (wall clock) time (h:mm:ss or m:ss): 0:16.74
	Average shared text size (kbytes): 0
	Average unshared data size (kbytes): 0
	Average stack size (kbytes): 0
	Average total size (kbytes): 0
	Maximum resident set size (kbytes): 2582280
	Average resident set size (kbytes): 0
	Major (requiring I/O) page faults: 0
	Minor (reclaiming a frame) page faults: 2879753
	Voluntary context switches: 1535204
	Involuntary context switches: 9013
	Swaps: 0
	File system inputs: 16
	File system outputs: 215408
	Socket messages sent: 0
	Socket messages received: 0
	Signals delivered: 0
	Page size (bytes): 4096
	Exit status: 0
