[11 Dec 2019 21:32:32-XEP][cmd] /home/CSCScience.ca/apetkau/miniconda3/envs/bigsi_mccortex/bin/mccortex31 build --nkmers 210000000 --threads 1 --kmer 15 --mem 10G --sample ERR1713355 --seq metagenomics/kmer-counts-jellyfish/15/ERR1713355.kmer.gz metagenomics/bigsi/15/mccortex.ERR1713355.ctx
[11 Dec 2019 21:32:32-XEP][cwd] /home/CSCScience.ca/apetkau/workspace/comp7934-project
[11 Dec 2019 21:32:32-XEP][version] mccortex=v0.0.3-610-g400c0e3 zlib=1.2.11 htslib=1.8-17-g699ed53 ASSERTS=ON hash=Lookup3 CHECKS=ON k=3..31
[11 Dec 2019 21:32:32-XEP] Saving graph to: metagenomics/bigsi/15/mccortex.ERR1713355.ctx
[11 Dec 2019 21:32:32-XEP][sample] 0: ERR1713355
[11 Dec 2019 21:32:32-XEP][task] metagenomics/kmer-counts-jellyfish/15/ERR1713355.kmer.gz; FASTQ offset: auto-detect, threshold: off; cut homopolymers: off; remove PCR duplicates: no; colour: 0
[11 Dec 2019 21:32:32-XEP][memory] 104 bits per kmer
[11 Dec 2019 21:32:32-XEP] Note: Using less memory than requested (2.7GB < 10GB); allows for 218,103,808 kmers
[11 Dec 2019 21:32:32-XEP][memory] graph: 2.7GB
[11 Dec 2019 21:32:32-XEP][memory] total: 2.7GB of 62.6GB RAM
[11 Dec 2019 21:32:32-XEP] Writing 1 colour graph to metagenomics/bigsi/15/mccortex.ERR1713355.ctx
[11 Dec 2019 21:32:32-XEP][hasht] Allocating table with 218,103,808 entries, using 1.6GB
[11 Dec 2019 21:32:32-XEP][hasht]  number of buckets: 8,388,608, bucket size: 26
[11 Dec 2019 21:32:32-XEP][graph] kmer-size: 15; colours: 1; capacity: 218,103,808
[11 Dec 2019 21:32:32-XEP][hasht] buckets: 8,388,608 [2^23]; bucket size: 26; 
[11 Dec 2019 21:32:32-XEP][hasht] memory: 1.6GB; filled: 0 / 218,103,808 (0.00%)
[11 Dec 2019 21:32:32-XEP][asyncio] Inputs: 1; Threads: 1
[11 Dec 2019 21:32:32-XEP][seq] Parsing sequence file metagenomics/kmer-counts-jellyfish/15/ERR1713355.kmer.gz
[11 Dec 2019 21:32:44-XEP][BuildGraph] Read 5,000,000 entries (reads / read pairs)
[11 Dec 2019 21:32:50-XEP][seq] Loaded 8,253,517 reads and 0 reads pairs (file: metagenomics/kmer-counts-jellyfish/15/ERR1713355.kmer.gz)
[11 Dec 2019 21:32:50-XEP][hasht] buckets: 8,388,608 [2^23]; bucket size: 26; 
[11 Dec 2019 21:32:50-XEP][hasht] memory: 1.6GB; filled: 8,253,517 / 218,103,808 (3.78%)
[11 Dec 2019 21:32:50-XEP][hasht]  collisions  0: 8253517
[11 Dec 2019 21:32:50-XEP][task] input: metagenomics/kmer-counts-jellyfish/15/ERR1713355.kmer.gz colour: 0
[11 Dec 2019 21:32:50-XEP]  SE reads: 8,253,517  PE reads: 0
[11 Dec 2019 21:32:50-XEP]  good reads: 8,253,517  bad reads: 0
[11 Dec 2019 21:32:50-XEP]  dup SE reads: 0  dup PE pairs: 0
[11 Dec 2019 21:32:50-XEP]  bases read: 123,802,755  bases loaded: 123,802,755
[11 Dec 2019 21:32:50-XEP]  num contigs: 8,253,517  num kmers: 8,253,517 novel kmers: 8,253,517
[11 Dec 2019 21:32:50-XEP] Dumping graph...
[11 Dec 2019 21:32:50-XEP][graphwriter] Saving file to: metagenomics/bigsi/15/mccortex.ERR1713355.ctx
[11 Dec 2019 21:32:50-XEP][FileFilter] Writing graph  [1 src colour]
[11 Dec 2019 21:32:51-XEP][graphwriter] Dumped 8,253,517 kmers in 1 colour into: metagenomics/bigsi/15/mccortex.ERR1713355.ctx (ver: 6)
[11 Dec 2019 21:32:52-XEP][memory] We made 19 allocs
[11 Dec 2019 21:32:52-XEP] Done.
[11 Dec 2019 21:32:52-XEP][time] 20.00 seconds
	Command being timed: "mccortex 15 build --nkmers 210000000 --threads 1 --kmer 15 --mem 10G --sample ERR1713355 --seq metagenomics/kmer-counts-jellyfish/15/ERR1713355.kmer.gz metagenomics/bigsi/15/mccortex.ERR1713355.ctx"
	User time (seconds): 20.64
	System time (seconds): 12.16
	Percent of CPU this job got: 170%
	Elapsed (wall clock) time (h:mm:ss or m:ss): 0:19.22
	Average shared text size (kbytes): 0
	Average unshared data size (kbytes): 0
	Average stack size (kbytes): 0
	Average total size (kbytes): 0
	Maximum resident set size (kbytes): 2582348
	Average resident set size (kbytes): 0
	Major (requiring I/O) page faults: 0
	Minor (reclaiming a frame) page faults: 4650614
	Voluntary context switches: 1983473
	Involuntary context switches: 23370
	Swaps: 0
	File system inputs: 0
	File system outputs: 209584
	Socket messages sent: 0
	Socket messages received: 0
	Signals delivered: 0
	Page size (bytes): 4096
	Exit status: 0
