[11 Dec 2019 21:32:48-QUp][cmd] /home/CSCScience.ca/apetkau/miniconda3/envs/bigsi_mccortex/bin/mccortex31 build --nkmers 210000000 --threads 1 --kmer 15 --mem 10G --sample ERR1713359 --seq metagenomics/kmer-counts-jellyfish/15/ERR1713359.kmer.gz metagenomics/bigsi/15/mccortex.ERR1713359.ctx
[11 Dec 2019 21:32:48-QUp][cwd] /home/CSCScience.ca/apetkau/workspace/comp7934-project
[11 Dec 2019 21:32:48-QUp][version] mccortex=v0.0.3-610-g400c0e3 zlib=1.2.11 htslib=1.8-17-g699ed53 ASSERTS=ON hash=Lookup3 CHECKS=ON k=3..31
[11 Dec 2019 21:32:48-QUp] Saving graph to: metagenomics/bigsi/15/mccortex.ERR1713359.ctx
[11 Dec 2019 21:32:48-QUp][sample] 0: ERR1713359
[11 Dec 2019 21:32:48-QUp][task] metagenomics/kmer-counts-jellyfish/15/ERR1713359.kmer.gz; FASTQ offset: auto-detect, threshold: off; cut homopolymers: off; remove PCR duplicates: no; colour: 0
[11 Dec 2019 21:32:48-QUp][memory] 104 bits per kmer
[11 Dec 2019 21:32:48-QUp] Note: Using less memory than requested (2.7GB < 10GB); allows for 218,103,808 kmers
[11 Dec 2019 21:32:48-QUp][memory] graph: 2.7GB
[11 Dec 2019 21:32:48-QUp][memory] total: 2.7GB of 62.6GB RAM
[11 Dec 2019 21:32:48-QUp] Writing 1 colour graph to metagenomics/bigsi/15/mccortex.ERR1713359.ctx
[11 Dec 2019 21:32:48-QUp][hasht] Allocating table with 218,103,808 entries, using 1.6GB
[11 Dec 2019 21:32:48-QUp][hasht]  number of buckets: 8,388,608, bucket size: 26
[11 Dec 2019 21:32:48-QUp][graph] kmer-size: 15; colours: 1; capacity: 218,103,808
[11 Dec 2019 21:32:48-QUp][hasht] buckets: 8,388,608 [2^23]; bucket size: 26; 
[11 Dec 2019 21:32:48-QUp][hasht] memory: 1.6GB; filled: 0 / 218,103,808 (0.00%)
[11 Dec 2019 21:32:48-QUp][asyncio] Inputs: 1; Threads: 1
[11 Dec 2019 21:32:48-QUp][seq] Parsing sequence file metagenomics/kmer-counts-jellyfish/15/ERR1713359.kmer.gz
[11 Dec 2019 21:33:02-QUp][BuildGraph] Read 5,000,000 entries (reads / read pairs)
[11 Dec 2019 21:33:06-QUp][seq] Loaded 7,714,886 reads and 0 reads pairs (file: metagenomics/kmer-counts-jellyfish/15/ERR1713359.kmer.gz)
[11 Dec 2019 21:33:06-QUp][hasht] buckets: 8,388,608 [2^23]; bucket size: 26; 
[11 Dec 2019 21:33:06-QUp][hasht] memory: 1.6GB; filled: 7,714,886 / 218,103,808 (3.54%)
[11 Dec 2019 21:33:06-QUp][hasht]  collisions  0: 7714886
[11 Dec 2019 21:33:06-QUp][task] input: metagenomics/kmer-counts-jellyfish/15/ERR1713359.kmer.gz colour: 0
[11 Dec 2019 21:33:06-QUp]  SE reads: 7,714,886  PE reads: 0
[11 Dec 2019 21:33:06-QUp]  good reads: 7,714,886  bad reads: 0
[11 Dec 2019 21:33:06-QUp]  dup SE reads: 0  dup PE pairs: 0
[11 Dec 2019 21:33:06-QUp]  bases read: 115,723,290  bases loaded: 115,723,290
[11 Dec 2019 21:33:06-QUp]  num contigs: 7,714,886  num kmers: 7,714,886 novel kmers: 7,714,886
[11 Dec 2019 21:33:06-QUp] Dumping graph...
[11 Dec 2019 21:33:06-QUp][graphwriter] Saving file to: metagenomics/bigsi/15/mccortex.ERR1713359.ctx
[11 Dec 2019 21:33:06-QUp][FileFilter] Writing graph  [1 src colour]
[11 Dec 2019 21:33:08-QUp][graphwriter] Dumped 7,714,886 kmers in 1 colour into: metagenomics/bigsi/15/mccortex.ERR1713359.ctx (ver: 6)
[11 Dec 2019 21:33:08-QUp][memory] We made 19 allocs
[11 Dec 2019 21:33:08-QUp] Done.
[11 Dec 2019 21:33:08-QUp][time] 20.00 seconds
	Command being timed: "mccortex 15 build --nkmers 210000000 --threads 1 --kmer 15 --mem 10G --sample ERR1713359 --seq metagenomics/kmer-counts-jellyfish/15/ERR1713359.kmer.gz metagenomics/bigsi/15/mccortex.ERR1713359.ctx"
	User time (seconds): 23.38
	System time (seconds): 10.76
	Percent of CPU this job got: 169%
	Elapsed (wall clock) time (h:mm:ss or m:ss): 0:20.14
	Average shared text size (kbytes): 0
	Average unshared data size (kbytes): 0
	Average stack size (kbytes): 0
	Average total size (kbytes): 0
	Maximum resident set size (kbytes): 2582344
	Average resident set size (kbytes): 0
	Major (requiring I/O) page faults: 0
	Minor (reclaiming a frame) page faults: 3464259
	Voluntary context switches: 1273244
	Involuntary context switches: 21138
	Swaps: 0
	File system inputs: 0
	File system outputs: 195896
	Socket messages sent: 0
	Socket messages received: 0
	Signals delivered: 0
	Page size (bytes): 4096
	Exit status: 0
