[11 Dec 2019 21:37:24-foy][cmd] /home/CSCScience.ca/apetkau/miniconda3/envs/bigsi_mccortex/bin/mccortex31 build --nkmers 210000000 --threads 1 --kmer 15 --mem 10G --sample ERR1713379 --seq metagenomics/kmer-counts-jellyfish/15/ERR1713379.kmer.gz metagenomics/bigsi/15/mccortex.ERR1713379.ctx
[11 Dec 2019 21:37:24-foy][cwd] /home/CSCScience.ca/apetkau/workspace/comp7934-project
[11 Dec 2019 21:37:24-foy][version] mccortex=v0.0.3-610-g400c0e3 zlib=1.2.11 htslib=1.8-17-g699ed53 ASSERTS=ON hash=Lookup3 CHECKS=ON k=3..31
[11 Dec 2019 21:37:24-foy] Saving graph to: metagenomics/bigsi/15/mccortex.ERR1713379.ctx
[11 Dec 2019 21:37:24-foy][sample] 0: ERR1713379
[11 Dec 2019 21:37:24-foy][task] metagenomics/kmer-counts-jellyfish/15/ERR1713379.kmer.gz; FASTQ offset: auto-detect, threshold: off; cut homopolymers: off; remove PCR duplicates: no; colour: 0
[11 Dec 2019 21:37:24-foy][memory] 104 bits per kmer
[11 Dec 2019 21:37:24-foy] Note: Using less memory than requested (2.7GB < 10GB); allows for 218,103,808 kmers
[11 Dec 2019 21:37:24-foy][memory] graph: 2.7GB
[11 Dec 2019 21:37:24-foy][memory] total: 2.7GB of 62.6GB RAM
[11 Dec 2019 21:37:24-foy] Writing 1 colour graph to metagenomics/bigsi/15/mccortex.ERR1713379.ctx
[11 Dec 2019 21:37:24-foy][hasht] Allocating table with 218,103,808 entries, using 1.6GB
[11 Dec 2019 21:37:24-foy][hasht]  number of buckets: 8,388,608, bucket size: 26
[11 Dec 2019 21:37:24-foy][graph] kmer-size: 15; colours: 1; capacity: 218,103,808
[11 Dec 2019 21:37:24-foy][hasht] buckets: 8,388,608 [2^23]; bucket size: 26; 
[11 Dec 2019 21:37:24-foy][hasht] memory: 1.6GB; filled: 0 / 218,103,808 (0.00%)
[11 Dec 2019 21:37:24-foy][asyncio] Inputs: 1; Threads: 1
[11 Dec 2019 21:37:24-foy][seq] Parsing sequence file metagenomics/kmer-counts-jellyfish/15/ERR1713379.kmer.gz
[11 Dec 2019 21:37:37-foy][BuildGraph] Read 5,000,000 entries (reads / read pairs)
[11 Dec 2019 21:37:42-foy][seq] Loaded 8,555,118 reads and 0 reads pairs (file: metagenomics/kmer-counts-jellyfish/15/ERR1713379.kmer.gz)
[11 Dec 2019 21:37:42-foy][hasht] buckets: 8,388,608 [2^23]; bucket size: 26; 
[11 Dec 2019 21:37:42-foy][hasht] memory: 1.6GB; filled: 8,555,118 / 218,103,808 (3.92%)
[11 Dec 2019 21:37:42-foy][hasht]  collisions  0: 8555118
[11 Dec 2019 21:37:42-foy][task] input: metagenomics/kmer-counts-jellyfish/15/ERR1713379.kmer.gz colour: 0
[11 Dec 2019 21:37:42-foy]  SE reads: 8,555,118  PE reads: 0
[11 Dec 2019 21:37:42-foy]  good reads: 8,555,118  bad reads: 0
[11 Dec 2019 21:37:42-foy]  dup SE reads: 0  dup PE pairs: 0
[11 Dec 2019 21:37:42-foy]  bases read: 128,326,770  bases loaded: 128,326,770
[11 Dec 2019 21:37:42-foy]  num contigs: 8,555,118  num kmers: 8,555,118 novel kmers: 8,555,118
[11 Dec 2019 21:37:42-foy] Dumping graph...
[11 Dec 2019 21:37:42-foy][graphwriter] Saving file to: metagenomics/bigsi/15/mccortex.ERR1713379.ctx
[11 Dec 2019 21:37:42-foy][FileFilter] Writing graph  [1 src colour]
[11 Dec 2019 21:37:44-foy][graphwriter] Dumped 8,555,118 kmers in 1 colour into: metagenomics/bigsi/15/mccortex.ERR1713379.ctx (ver: 6)
[11 Dec 2019 21:37:44-foy][memory] We made 19 allocs
[11 Dec 2019 21:37:44-foy] Done.
[11 Dec 2019 21:37:44-foy][time] 20.00 seconds
	Command being timed: "mccortex 15 build --nkmers 210000000 --threads 1 --kmer 15 --mem 10G --sample ERR1713379 --seq metagenomics/kmer-counts-jellyfish/15/ERR1713379.kmer.gz metagenomics/bigsi/15/mccortex.ERR1713379.ctx"
	User time (seconds): 24.91
	System time (seconds): 9.50
	Percent of CPU this job got: 171%
	Elapsed (wall clock) time (h:mm:ss or m:ss): 0:20.08
	Average shared text size (kbytes): 0
	Average unshared data size (kbytes): 0
	Average stack size (kbytes): 0
	Average total size (kbytes): 0
	Maximum resident set size (kbytes): 2582372
	Average resident set size (kbytes): 0
	Major (requiring I/O) page faults: 0
	Minor (reclaiming a frame) page faults: 2570154
	Voluntary context switches: 997119
	Involuntary context switches: 55
	Swaps: 0
	File system inputs: 0
	File system outputs: 217248
	Socket messages sent: 0
	Socket messages received: 0
	Signals delivered: 0
	Page size (bytes): 4096
	Exit status: 0
