[11 Dec 2019 21:30:02-Fic][cmd] /home/CSCScience.ca/apetkau/miniconda3/envs/bigsi_mccortex/bin/mccortex31 build --nkmers 210000000 --threads 1 --kmer 15 --mem 10G --sample ERR1713340 --seq metagenomics/kmer-counts-jellyfish/15/ERR1713340.kmer.gz metagenomics/bigsi/15/mccortex.ERR1713340.ctx
[11 Dec 2019 21:30:02-Fic][cwd] /home/CSCScience.ca/apetkau/workspace/comp7934-project
[11 Dec 2019 21:30:02-Fic][version] mccortex=v0.0.3-610-g400c0e3 zlib=1.2.11 htslib=1.8-17-g699ed53 ASSERTS=ON hash=Lookup3 CHECKS=ON k=3..31
[11 Dec 2019 21:30:02-Fic] Saving graph to: metagenomics/bigsi/15/mccortex.ERR1713340.ctx
[11 Dec 2019 21:30:02-Fic][sample] 0: ERR1713340
[11 Dec 2019 21:30:02-Fic][task] metagenomics/kmer-counts-jellyfish/15/ERR1713340.kmer.gz; FASTQ offset: auto-detect, threshold: off; cut homopolymers: off; remove PCR duplicates: no; colour: 0
[11 Dec 2019 21:30:02-Fic][memory] 104 bits per kmer
[11 Dec 2019 21:30:02-Fic] Note: Using less memory than requested (2.7GB < 10GB); allows for 218,103,808 kmers
[11 Dec 2019 21:30:02-Fic][memory] graph: 2.7GB
[11 Dec 2019 21:30:02-Fic][memory] total: 2.7GB of 62.6GB RAM
[11 Dec 2019 21:30:02-Fic] Writing 1 colour graph to metagenomics/bigsi/15/mccortex.ERR1713340.ctx
[11 Dec 2019 21:30:02-Fic][hasht] Allocating table with 218,103,808 entries, using 1.6GB
[11 Dec 2019 21:30:02-Fic][hasht]  number of buckets: 8,388,608, bucket size: 26
[11 Dec 2019 21:30:02-Fic][graph] kmer-size: 15; colours: 1; capacity: 218,103,808
[11 Dec 2019 21:30:02-Fic][hasht] buckets: 8,388,608 [2^23]; bucket size: 26; 
[11 Dec 2019 21:30:02-Fic][hasht] memory: 1.6GB; filled: 0 / 218,103,808 (0.00%)
[11 Dec 2019 21:30:02-Fic][asyncio] Inputs: 1; Threads: 1
[11 Dec 2019 21:30:02-Fic][seq] Parsing sequence file metagenomics/kmer-counts-jellyfish/15/ERR1713340.kmer.gz
[11 Dec 2019 21:30:13-Fic][BuildGraph] Read 5,000,000 entries (reads / read pairs)
[11 Dec 2019 21:30:18-Fic][seq] Loaded 8,358,675 reads and 0 reads pairs (file: metagenomics/kmer-counts-jellyfish/15/ERR1713340.kmer.gz)
[11 Dec 2019 21:30:18-Fic][hasht] buckets: 8,388,608 [2^23]; bucket size: 26; 
[11 Dec 2019 21:30:18-Fic][hasht] memory: 1.6GB; filled: 8,358,675 / 218,103,808 (3.83%)
[11 Dec 2019 21:30:18-Fic][hasht]  collisions  0: 8358675
[11 Dec 2019 21:30:18-Fic][task] input: metagenomics/kmer-counts-jellyfish/15/ERR1713340.kmer.gz colour: 0
[11 Dec 2019 21:30:18-Fic]  SE reads: 8,358,675  PE reads: 0
[11 Dec 2019 21:30:18-Fic]  good reads: 8,358,675  bad reads: 0
[11 Dec 2019 21:30:18-Fic]  dup SE reads: 0  dup PE pairs: 0
[11 Dec 2019 21:30:18-Fic]  bases read: 125,380,125  bases loaded: 125,380,125
[11 Dec 2019 21:30:18-Fic]  num contigs: 8,358,675  num kmers: 8,358,675 novel kmers: 8,358,675
[11 Dec 2019 21:30:18-Fic] Dumping graph...
[11 Dec 2019 21:30:18-Fic][graphwriter] Saving file to: metagenomics/bigsi/15/mccortex.ERR1713340.ctx
[11 Dec 2019 21:30:18-Fic][FileFilter] Writing graph  [1 src colour]
[11 Dec 2019 21:30:20-Fic][graphwriter] Dumped 8,358,675 kmers in 1 colour into: metagenomics/bigsi/15/mccortex.ERR1713340.ctx (ver: 6)
[11 Dec 2019 21:30:20-Fic][memory] We made 19 allocs
[11 Dec 2019 21:30:20-Fic] Done.
[11 Dec 2019 21:30:20-Fic][time] 18.00 seconds
	Command being timed: "mccortex 15 build --nkmers 210000000 --threads 1 --kmer 15 --mem 10G --sample ERR1713340 --seq metagenomics/kmer-counts-jellyfish/15/ERR1713340.kmer.gz metagenomics/bigsi/15/mccortex.ERR1713340.ctx"
	User time (seconds): 19.74
	System time (seconds): 11.41
	Percent of CPU this job got: 171%
	Elapsed (wall clock) time (h:mm:ss or m:ss): 0:18.12
	Average shared text size (kbytes): 0
	Average unshared data size (kbytes): 0
	Average stack size (kbytes): 0
	Average total size (kbytes): 0
	Maximum resident set size (kbytes): 2582460
	Average resident set size (kbytes): 0
	Major (requiring I/O) page faults: 0
	Minor (reclaiming a frame) page faults: 3629790
	Voluntary context switches: 1721631
	Involuntary context switches: 36
	Swaps: 0
	File system inputs: 0
	File system outputs: 212256
	Socket messages sent: 0
	Socket messages received: 0
	Signals delivered: 0
	Page size (bytes): 4096
	Exit status: 0
