[11 Dec 2019 21:30:15-Bus][cmd] /home/CSCScience.ca/apetkau/miniconda3/envs/bigsi_mccortex/bin/mccortex31 build --nkmers 210000000 --threads 1 --kmer 15 --mem 10G --sample ERR1713351 --seq metagenomics/kmer-counts-jellyfish/15/ERR1713351.kmer.gz metagenomics/bigsi/15/mccortex.ERR1713351.ctx
[11 Dec 2019 21:30:15-Bus][cwd] /home/CSCScience.ca/apetkau/workspace/comp7934-project
[11 Dec 2019 21:30:15-Bus][version] mccortex=v0.0.3-610-g400c0e3 zlib=1.2.11 htslib=1.8-17-g699ed53 ASSERTS=ON hash=Lookup3 CHECKS=ON k=3..31
[11 Dec 2019 21:30:15-Bus] Saving graph to: metagenomics/bigsi/15/mccortex.ERR1713351.ctx
[11 Dec 2019 21:30:15-Bus][sample] 0: ERR1713351
[11 Dec 2019 21:30:15-Bus][task] metagenomics/kmer-counts-jellyfish/15/ERR1713351.kmer.gz; FASTQ offset: auto-detect, threshold: off; cut homopolymers: off; remove PCR duplicates: no; colour: 0
[11 Dec 2019 21:30:15-Bus][memory] 104 bits per kmer
[11 Dec 2019 21:30:15-Bus] Note: Using less memory than requested (2.7GB < 10GB); allows for 218,103,808 kmers
[11 Dec 2019 21:30:15-Bus][memory] graph: 2.7GB
[11 Dec 2019 21:30:15-Bus][memory] total: 2.7GB of 62.6GB RAM
[11 Dec 2019 21:30:15-Bus] Writing 1 colour graph to metagenomics/bigsi/15/mccortex.ERR1713351.ctx
[11 Dec 2019 21:30:15-Bus][hasht] Allocating table with 218,103,808 entries, using 1.6GB
[11 Dec 2019 21:30:15-Bus][hasht]  number of buckets: 8,388,608, bucket size: 26
[11 Dec 2019 21:30:15-Bus][graph] kmer-size: 15; colours: 1; capacity: 218,103,808
[11 Dec 2019 21:30:15-Bus][hasht] buckets: 8,388,608 [2^23]; bucket size: 26; 
[11 Dec 2019 21:30:15-Bus][hasht] memory: 1.6GB; filled: 0 / 218,103,808 (0.00%)
[11 Dec 2019 21:30:15-Bus][asyncio] Inputs: 1; Threads: 1
[11 Dec 2019 21:30:15-Bus][seq] Parsing sequence file metagenomics/kmer-counts-jellyfish/15/ERR1713351.kmer.gz
[11 Dec 2019 21:30:26-Bus][BuildGraph] Read 5,000,000 entries (reads / read pairs)
[11 Dec 2019 21:30:31-Bus][seq] Loaded 8,552,943 reads and 0 reads pairs (file: metagenomics/kmer-counts-jellyfish/15/ERR1713351.kmer.gz)
[11 Dec 2019 21:30:31-Bus][hasht] buckets: 8,388,608 [2^23]; bucket size: 26; 
[11 Dec 2019 21:30:31-Bus][hasht] memory: 1.6GB; filled: 8,552,943 / 218,103,808 (3.92%)
[11 Dec 2019 21:30:31-Bus][hasht]  collisions  0: 8552943
[11 Dec 2019 21:30:31-Bus][task] input: metagenomics/kmer-counts-jellyfish/15/ERR1713351.kmer.gz colour: 0
[11 Dec 2019 21:30:31-Bus]  SE reads: 8,552,943  PE reads: 0
[11 Dec 2019 21:30:31-Bus]  good reads: 8,552,943  bad reads: 0
[11 Dec 2019 21:30:31-Bus]  dup SE reads: 0  dup PE pairs: 0
[11 Dec 2019 21:30:31-Bus]  bases read: 128,294,145  bases loaded: 128,294,145
[11 Dec 2019 21:30:31-Bus]  num contigs: 8,552,943  num kmers: 8,552,943 novel kmers: 8,552,943
[11 Dec 2019 21:30:31-Bus] Dumping graph...
[11 Dec 2019 21:30:31-Bus][graphwriter] Saving file to: metagenomics/bigsi/15/mccortex.ERR1713351.ctx
[11 Dec 2019 21:30:31-Bus][FileFilter] Writing graph  [1 src colour]
[11 Dec 2019 21:30:33-Bus][graphwriter] Dumped 8,552,943 kmers in 1 colour into: metagenomics/bigsi/15/mccortex.ERR1713351.ctx (ver: 6)
[11 Dec 2019 21:30:33-Bus][memory] We made 19 allocs
[11 Dec 2019 21:30:33-Bus] Done.
[11 Dec 2019 21:30:33-Bus][time] 18.00 seconds
	Command being timed: "mccortex 15 build --nkmers 210000000 --threads 1 --kmer 15 --mem 10G --sample ERR1713351 --seq metagenomics/kmer-counts-jellyfish/15/ERR1713351.kmer.gz metagenomics/bigsi/15/mccortex.ERR1713351.ctx"
	User time (seconds): 19.82
	System time (seconds): 9.96
	Percent of CPU this job got: 169%
	Elapsed (wall clock) time (h:mm:ss or m:ss): 0:17.54
	Average shared text size (kbytes): 0
	Average unshared data size (kbytes): 0
	Average stack size (kbytes): 0
	Average total size (kbytes): 0
	Maximum resident set size (kbytes): 2582248
	Average resident set size (kbytes): 0
	Major (requiring I/O) page faults: 0
	Minor (reclaiming a frame) page faults: 3060388
	Voluntary context switches: 1497378
	Involuntary context switches: 56298
	Swaps: 0
	File system inputs: 0
	File system outputs: 217176
	Socket messages sent: 0
	Socket messages received: 0
	Signals delivered: 0
	Page size (bytes): 4096
	Exit status: 0
