[11 Dec 2019 21:30:06-Was][cmd] /home/CSCScience.ca/apetkau/miniconda3/envs/bigsi_mccortex/bin/mccortex31 build --nkmers 210000000 --threads 1 --kmer 15 --mem 10G --sample ERR1713343 --seq metagenomics/kmer-counts-jellyfish/15/ERR1713343.kmer.gz metagenomics/bigsi/15/mccortex.ERR1713343.ctx
[11 Dec 2019 21:30:06-Was][cwd] /home/CSCScience.ca/apetkau/workspace/comp7934-project
[11 Dec 2019 21:30:06-Was][version] mccortex=v0.0.3-610-g400c0e3 zlib=1.2.11 htslib=1.8-17-g699ed53 ASSERTS=ON hash=Lookup3 CHECKS=ON k=3..31
[11 Dec 2019 21:30:06-Was] Saving graph to: metagenomics/bigsi/15/mccortex.ERR1713343.ctx
[11 Dec 2019 21:30:06-Was][sample] 0: ERR1713343
[11 Dec 2019 21:30:06-Was][task] metagenomics/kmer-counts-jellyfish/15/ERR1713343.kmer.gz; FASTQ offset: auto-detect, threshold: off; cut homopolymers: off; remove PCR duplicates: no; colour: 0
[11 Dec 2019 21:30:06-Was][memory] 104 bits per kmer
[11 Dec 2019 21:30:06-Was] Note: Using less memory than requested (2.7GB < 10GB); allows for 218,103,808 kmers
[11 Dec 2019 21:30:06-Was][memory] graph: 2.7GB
[11 Dec 2019 21:30:06-Was][memory] total: 2.7GB of 62.6GB RAM
[11 Dec 2019 21:30:06-Was] Writing 1 colour graph to metagenomics/bigsi/15/mccortex.ERR1713343.ctx
[11 Dec 2019 21:30:06-Was][hasht] Allocating table with 218,103,808 entries, using 1.6GB
[11 Dec 2019 21:30:06-Was][hasht]  number of buckets: 8,388,608, bucket size: 26
[11 Dec 2019 21:30:06-Was][graph] kmer-size: 15; colours: 1; capacity: 218,103,808
[11 Dec 2019 21:30:06-Was][hasht] buckets: 8,388,608 [2^23]; bucket size: 26; 
[11 Dec 2019 21:30:06-Was][hasht] memory: 1.6GB; filled: 0 / 218,103,808 (0.00%)
[11 Dec 2019 21:30:06-Was][asyncio] Inputs: 1; Threads: 1
[11 Dec 2019 21:30:06-Was][seq] Parsing sequence file metagenomics/kmer-counts-jellyfish/15/ERR1713343.kmer.gz
[11 Dec 2019 21:30:16-Was][BuildGraph] Read 5,000,000 entries (reads / read pairs)
[11 Dec 2019 21:30:21-Was][seq] Loaded 8,136,700 reads and 0 reads pairs (file: metagenomics/kmer-counts-jellyfish/15/ERR1713343.kmer.gz)
[11 Dec 2019 21:30:21-Was][hasht] buckets: 8,388,608 [2^23]; bucket size: 26; 
[11 Dec 2019 21:30:21-Was][hasht] memory: 1.6GB; filled: 8,136,700 / 218,103,808 (3.73%)
[11 Dec 2019 21:30:21-Was][hasht]  collisions  0: 8136700
[11 Dec 2019 21:30:21-Was][task] input: metagenomics/kmer-counts-jellyfish/15/ERR1713343.kmer.gz colour: 0
[11 Dec 2019 21:30:21-Was]  SE reads: 8,136,700  PE reads: 0
[11 Dec 2019 21:30:21-Was]  good reads: 8,136,700  bad reads: 0
[11 Dec 2019 21:30:21-Was]  dup SE reads: 0  dup PE pairs: 0
[11 Dec 2019 21:30:21-Was]  bases read: 122,050,500  bases loaded: 122,050,500
[11 Dec 2019 21:30:21-Was]  num contigs: 8,136,700  num kmers: 8,136,700 novel kmers: 8,136,700
[11 Dec 2019 21:30:21-Was] Dumping graph...
[11 Dec 2019 21:30:21-Was][graphwriter] Saving file to: metagenomics/bigsi/15/mccortex.ERR1713343.ctx
[11 Dec 2019 21:30:21-Was][FileFilter] Writing graph  [1 src colour]
[11 Dec 2019 21:30:22-Was][graphwriter] Dumped 8,136,700 kmers in 1 colour into: metagenomics/bigsi/15/mccortex.ERR1713343.ctx (ver: 6)
[11 Dec 2019 21:30:22-Was][memory] We made 19 allocs
[11 Dec 2019 21:30:22-Was] Done.
[11 Dec 2019 21:30:22-Was][time] 16.00 seconds
	Command being timed: "mccortex 15 build --nkmers 210000000 --threads 1 --kmer 15 --mem 10G --sample ERR1713343 --seq metagenomics/kmer-counts-jellyfish/15/ERR1713343.kmer.gz metagenomics/bigsi/15/mccortex.ERR1713343.ctx"
	User time (seconds): 18.51
	System time (seconds): 9.91
	Percent of CPU this job got: 170%
	Elapsed (wall clock) time (h:mm:ss or m:ss): 0:16.68
	Average shared text size (kbytes): 0
	Average unshared data size (kbytes): 0
	Average stack size (kbytes): 0
	Average total size (kbytes): 0
	Maximum resident set size (kbytes): 2582508
	Average resident set size (kbytes): 0
	Major (requiring I/O) page faults: 0
	Minor (reclaiming a frame) page faults: 2939130
	Voluntary context switches: 1487607
	Involuntary context switches: 8436
	Swaps: 0
	File system inputs: 0
	File system outputs: 206608
	Socket messages sent: 0
	Socket messages received: 0
	Signals delivered: 0
	Page size (bytes): 4096
	Exit status: 0
