[11 Dec 2019 21:38:00-RIL][cmd] /home/CSCScience.ca/apetkau/miniconda3/envs/bigsi_mccortex/bin/mccortex31 build --nkmers 210000000 --threads 1 --kmer 15 --mem 10G --sample ERR1713393 --seq metagenomics/kmer-counts-jellyfish/15/ERR1713393.kmer.gz metagenomics/bigsi/15/mccortex.ERR1713393.ctx
[11 Dec 2019 21:38:00-RIL][cwd] /home/CSCScience.ca/apetkau/workspace/comp7934-project
[11 Dec 2019 21:38:00-RIL][version] mccortex=v0.0.3-610-g400c0e3 zlib=1.2.11 htslib=1.8-17-g699ed53 ASSERTS=ON hash=Lookup3 CHECKS=ON k=3..31
[11 Dec 2019 21:38:00-RIL] Saving graph to: metagenomics/bigsi/15/mccortex.ERR1713393.ctx
[11 Dec 2019 21:38:00-RIL][sample] 0: ERR1713393
[11 Dec 2019 21:38:00-RIL][task] metagenomics/kmer-counts-jellyfish/15/ERR1713393.kmer.gz; FASTQ offset: auto-detect, threshold: off; cut homopolymers: off; remove PCR duplicates: no; colour: 0
[11 Dec 2019 21:38:00-RIL][memory] 104 bits per kmer
[11 Dec 2019 21:38:00-RIL] Note: Using less memory than requested (2.7GB < 10GB); allows for 218,103,808 kmers
[11 Dec 2019 21:38:00-RIL][memory] graph: 2.7GB
[11 Dec 2019 21:38:00-RIL][memory] total: 2.7GB of 62.6GB RAM
[11 Dec 2019 21:38:00-RIL] Writing 1 colour graph to metagenomics/bigsi/15/mccortex.ERR1713393.ctx
[11 Dec 2019 21:38:00-RIL][hasht] Allocating table with 218,103,808 entries, using 1.6GB
[11 Dec 2019 21:38:00-RIL][hasht]  number of buckets: 8,388,608, bucket size: 26
[11 Dec 2019 21:38:00-RIL][graph] kmer-size: 15; colours: 1; capacity: 218,103,808
[11 Dec 2019 21:38:00-RIL][hasht] buckets: 8,388,608 [2^23]; bucket size: 26; 
[11 Dec 2019 21:38:00-RIL][hasht] memory: 1.6GB; filled: 0 / 218,103,808 (0.00%)
[11 Dec 2019 21:38:00-RIL][asyncio] Inputs: 1; Threads: 1
[11 Dec 2019 21:38:00-RIL][seq] Parsing sequence file metagenomics/kmer-counts-jellyfish/15/ERR1713393.kmer.gz
[11 Dec 2019 21:38:10-RIL][BuildGraph] Read 5,000,000 entries (reads / read pairs)
[11 Dec 2019 21:38:14-RIL][seq] Loaded 7,648,415 reads and 0 reads pairs (file: metagenomics/kmer-counts-jellyfish/15/ERR1713393.kmer.gz)
[11 Dec 2019 21:38:14-RIL][hasht] buckets: 8,388,608 [2^23]; bucket size: 26; 
[11 Dec 2019 21:38:14-RIL][hasht] memory: 1.6GB; filled: 7,648,415 / 218,103,808 (3.51%)
[11 Dec 2019 21:38:14-RIL][hasht]  collisions  0: 7648415
[11 Dec 2019 21:38:14-RIL][task] input: metagenomics/kmer-counts-jellyfish/15/ERR1713393.kmer.gz colour: 0
[11 Dec 2019 21:38:14-RIL]  SE reads: 7,648,415  PE reads: 0
[11 Dec 2019 21:38:14-RIL]  good reads: 7,648,415  bad reads: 0
[11 Dec 2019 21:38:14-RIL]  dup SE reads: 0  dup PE pairs: 0
[11 Dec 2019 21:38:14-RIL]  bases read: 114,726,225  bases loaded: 114,726,225
[11 Dec 2019 21:38:14-RIL]  num contigs: 7,648,415  num kmers: 7,648,415 novel kmers: 7,648,415
[11 Dec 2019 21:38:14-RIL] Dumping graph...
[11 Dec 2019 21:38:14-RIL][graphwriter] Saving file to: metagenomics/bigsi/15/mccortex.ERR1713393.ctx
[11 Dec 2019 21:38:14-RIL][FileFilter] Writing graph  [1 src colour]
[11 Dec 2019 21:38:15-RIL][graphwriter] Dumped 7,648,415 kmers in 1 colour into: metagenomics/bigsi/15/mccortex.ERR1713393.ctx (ver: 6)
[11 Dec 2019 21:38:15-RIL][memory] We made 19 allocs
[11 Dec 2019 21:38:15-RIL] Done.
[11 Dec 2019 21:38:15-RIL][time] 15.00 seconds
	Command being timed: "mccortex 15 build --nkmers 210000000 --threads 1 --kmer 15 --mem 10G --sample ERR1713393 --seq metagenomics/kmer-counts-jellyfish/15/ERR1713393.kmer.gz metagenomics/bigsi/15/mccortex.ERR1713393.ctx"
	User time (seconds): 17.71
	System time (seconds): 9.37
	Percent of CPU this job got: 169%
	Elapsed (wall clock) time (h:mm:ss or m:ss): 0:15.94
	Average shared text size (kbytes): 0
	Average unshared data size (kbytes): 0
	Average stack size (kbytes): 0
	Average total size (kbytes): 0
	Maximum resident set size (kbytes): 2582252
	Average resident set size (kbytes): 0
	Major (requiring I/O) page faults: 0
	Minor (reclaiming a frame) page faults: 2842571
	Voluntary context switches: 1440839
	Involuntary context switches: 26853
	Swaps: 0
	File system inputs: 16
	File system outputs: 194208
	Socket messages sent: 0
	Socket messages received: 0
	Signals delivered: 0
	Page size (bytes): 4096
	Exit status: 0
