	Command being timed: "gzip -d --stdout /home/CSCScience.ca/apetkau/workspace/comp7934-project/microbial/kmer-counts-jellyfish/13/ERR1144976.kmer.gz"
	User time (seconds): 0.43
	System time (seconds): 0.05
	Percent of CPU this job got: 58%
	Elapsed (wall clock) time (h:mm:ss or m:ss): 0:00.82
	Average shared text size (kbytes): 0
	Average unshared data size (kbytes): 0
	Average stack size (kbytes): 0
	Average total size (kbytes): 0
	Maximum resident set size (kbytes): 1756
	Average resident set size (kbytes): 0
	Major (requiring I/O) page faults: 0
	Minor (reclaiming a frame) page faults: 94
	Voluntary context switches: 60
	Involuntary context switches: 30
	Swaps: 0
	File system inputs: 24400
	File system outputs: 77576
	Socket messages sent: 0
	Socket messages received: 0
	Signals delivered: 0
	Page size (bytes): 4096
	Exit status: 0
