	Command being timed: "gzip -d --stdout /home/CSCScience.ca/apetkau/workspace/comp7934-project/microbial/kmer-counts-jellyfish/13/SRR10512964.kmer.gz"
	User time (seconds): 0.63
	System time (seconds): 0.05
	Percent of CPU this job got: 59%
	Elapsed (wall clock) time (h:mm:ss or m:ss): 0:01.15
	Average shared text size (kbytes): 0
	Average unshared data size (kbytes): 0
	Average stack size (kbytes): 0
	Average total size (kbytes): 0
	Maximum resident set size (kbytes): 1660
	Average resident set size (kbytes): 0
	Major (requiring I/O) page faults: 0
	Minor (reclaiming a frame) page faults: 91
	Voluntary context switches: 80
	Involuntary context switches: 51
	Swaps: 0
	File system inputs: 42576
	File system outputs: 134168
	Socket messages sent: 0
	Socket messages received: 0
	Signals delivered: 0
	Page size (bytes): 4096
	Exit status: 0
