[11 Dec 2019 21:11:04-yik][cmd] /home/CSCScience.ca/apetkau/miniconda3/envs/bigsi_mccortex/bin/mccortex31 build --nkmers 61000000 --threads 1 --kmer 15 --mem 3G --sample ERR3655992 --seq microbial/kmer-counts-jellyfish/15/ERR3655992.kmer.gz microbial/bigsi/15/mccortex.ERR3655992.ctx
[11 Dec 2019 21:11:04-yik][cwd] /home/CSCScience.ca/apetkau/workspace/comp7934-project
[11 Dec 2019 21:11:04-yik][version] mccortex=v0.0.3-610-g400c0e3 zlib=1.2.11 htslib=1.8-17-g699ed53 ASSERTS=ON hash=Lookup3 CHECKS=ON k=3..31
[11 Dec 2019 21:11:04-yik] Saving graph to: microbial/bigsi/15/mccortex.ERR3655992.ctx
[11 Dec 2019 21:11:04-yik][sample] 0: ERR3655992
[11 Dec 2019 21:11:04-yik][task] microbial/kmer-counts-jellyfish/15/ERR3655992.kmer.gz; FASTQ offset: auto-detect, threshold: off; cut homopolymers: off; remove PCR duplicates: no; colour: 0
[11 Dec 2019 21:11:04-yik][memory] 104 bits per kmer
[11 Dec 2019 21:11:04-yik] Note: Using less memory than requested (784MB < 3GB); allows for 62,914,560 kmers
[11 Dec 2019 21:11:04-yik][memory] graph: 784MB
[11 Dec 2019 21:11:04-yik][memory] total: 784MB of 62.6GB RAM
[11 Dec 2019 21:11:04-yik] Writing 1 colour graph to microbial/bigsi/15/mccortex.ERR3655992.ctx
[11 Dec 2019 21:11:04-yik][hasht] Allocating table with 62,914,560 entries, using 484MB
[11 Dec 2019 21:11:04-yik][hasht]  number of buckets: 2,097,152, bucket size: 30
[11 Dec 2019 21:11:04-yik][graph] kmer-size: 15; colours: 1; capacity: 62,914,560
[11 Dec 2019 21:11:04-yik][hasht] buckets: 2,097,152 [2^21]; bucket size: 30; 
[11 Dec 2019 21:11:04-yik][hasht] memory: 484MB; filled: 0 / 62,914,560 (0.00%)
[11 Dec 2019 21:11:04-yik][asyncio] Inputs: 1; Threads: 1
[11 Dec 2019 21:11:04-yik][seq] Parsing sequence file microbial/kmer-counts-jellyfish/15/ERR3655992.kmer.gz
[11 Dec 2019 21:11:12-yik][seq] Loaded 4,743,543 reads and 0 reads pairs (file: microbial/kmer-counts-jellyfish/15/ERR3655992.kmer.gz)
[11 Dec 2019 21:11:12-yik][hasht] buckets: 2,097,152 [2^21]; bucket size: 30; 
[11 Dec 2019 21:11:12-yik][hasht] memory: 484MB; filled: 4,743,543 / 62,914,560 (7.54%)
[11 Dec 2019 21:11:12-yik][hasht]  collisions  0: 4743543
[11 Dec 2019 21:11:12-yik][task] input: microbial/kmer-counts-jellyfish/15/ERR3655992.kmer.gz colour: 0
[11 Dec 2019 21:11:12-yik]  SE reads: 4,743,543  PE reads: 0
[11 Dec 2019 21:11:12-yik]  good reads: 4,743,543  bad reads: 0
[11 Dec 2019 21:11:12-yik]  dup SE reads: 0  dup PE pairs: 0
[11 Dec 2019 21:11:12-yik]  bases read: 71,153,145  bases loaded: 71,153,145
[11 Dec 2019 21:11:12-yik]  num contigs: 4,743,543  num kmers: 4,743,543 novel kmers: 4,743,543
[11 Dec 2019 21:11:12-yik] Dumping graph...
[11 Dec 2019 21:11:12-yik][graphwriter] Saving file to: microbial/bigsi/15/mccortex.ERR3655992.ctx
[11 Dec 2019 21:11:12-yik][FileFilter] Writing graph  [1 src colour]
[11 Dec 2019 21:11:13-yik][graphwriter] Dumped 4,743,543 kmers in 1 colour into: microbial/bigsi/15/mccortex.ERR3655992.ctx (ver: 6)
[11 Dec 2019 21:11:13-yik][memory] We made 19 allocs
[11 Dec 2019 21:11:13-yik] Done.
[11 Dec 2019 21:11:13-yik][time] 9.00 seconds
	Command being timed: "mccortex 15 build --nkmers 61000000 --threads 1 --kmer 15 --mem 3G --sample ERR3655992 --seq microbial/kmer-counts-jellyfish/15/ERR3655992.kmer.gz microbial/bigsi/15/mccortex.ERR3655992.ctx"
	User time (seconds): 10.48
	System time (seconds): 4.09
	Percent of CPU this job got: 163%
	Elapsed (wall clock) time (h:mm:ss or m:ss): 0:08.89
	Average shared text size (kbytes): 0
	Average unshared data size (kbytes): 0
	Average stack size (kbytes): 0
	Average total size (kbytes): 0
	Maximum resident set size (kbytes): 750604
	Average resident set size (kbytes): 0
	Major (requiring I/O) page faults: 0
	Minor (reclaiming a frame) page faults: 823043
	Voluntary context switches: 308021
	Involuntary context switches: 8761
	Swaps: 0
	File system inputs: 46144
	File system outputs: 120464
	Socket messages sent: 0
	Socket messages received: 0
	Signals delivered: 0
	Page size (bytes): 4096
	Exit status: 0
