[11 Dec 2019 21:11:04-luM][cmd] /home/CSCScience.ca/apetkau/miniconda3/envs/bigsi_mccortex/bin/mccortex31 build --nkmers 61000000 --threads 1 --kmer 15 --mem 3G --sample ERR3655994 --seq microbial/kmer-counts-jellyfish/15/ERR3655994.kmer.gz microbial/bigsi/15/mccortex.ERR3655994.ctx
[11 Dec 2019 21:11:04-luM][cwd] /home/CSCScience.ca/apetkau/workspace/comp7934-project
[11 Dec 2019 21:11:04-luM][version] mccortex=v0.0.3-610-g400c0e3 zlib=1.2.11 htslib=1.8-17-g699ed53 ASSERTS=ON hash=Lookup3 CHECKS=ON k=3..31
[11 Dec 2019 21:11:04-luM] Saving graph to: microbial/bigsi/15/mccortex.ERR3655994.ctx
[11 Dec 2019 21:11:04-luM][sample] 0: ERR3655994
[11 Dec 2019 21:11:04-luM][task] microbial/kmer-counts-jellyfish/15/ERR3655994.kmer.gz; FASTQ offset: auto-detect, threshold: off; cut homopolymers: off; remove PCR duplicates: no; colour: 0
[11 Dec 2019 21:11:04-luM][memory] 104 bits per kmer
[11 Dec 2019 21:11:04-luM] Note: Using less memory than requested (784MB < 3GB); allows for 62,914,560 kmers
[11 Dec 2019 21:11:04-luM][memory] graph: 784MB
[11 Dec 2019 21:11:04-luM][memory] total: 784MB of 62.6GB RAM
[11 Dec 2019 21:11:04-luM] Writing 1 colour graph to microbial/bigsi/15/mccortex.ERR3655994.ctx
[11 Dec 2019 21:11:04-luM][hasht] Allocating table with 62,914,560 entries, using 484MB
[11 Dec 2019 21:11:04-luM][hasht]  number of buckets: 2,097,152, bucket size: 30
[11 Dec 2019 21:11:04-luM][graph] kmer-size: 15; colours: 1; capacity: 62,914,560
[11 Dec 2019 21:11:04-luM][hasht] buckets: 2,097,152 [2^21]; bucket size: 30; 
[11 Dec 2019 21:11:04-luM][hasht] memory: 484MB; filled: 0 / 62,914,560 (0.00%)
[11 Dec 2019 21:11:04-luM][asyncio] Inputs: 1; Threads: 1
[11 Dec 2019 21:11:04-luM][seq] Parsing sequence file microbial/kmer-counts-jellyfish/15/ERR3655994.kmer.gz
[11 Dec 2019 21:11:14-luM][BuildGraph] Read 5,000,000 entries (reads / read pairs)
[11 Dec 2019 21:11:14-luM][seq] Loaded 5,050,616 reads and 0 reads pairs (file: microbial/kmer-counts-jellyfish/15/ERR3655994.kmer.gz)
[11 Dec 2019 21:11:14-luM][hasht] buckets: 2,097,152 [2^21]; bucket size: 30; 
[11 Dec 2019 21:11:14-luM][hasht] memory: 484MB; filled: 5,050,616 / 62,914,560 (8.03%)
[11 Dec 2019 21:11:14-luM][hasht]  collisions  0: 5050616
[11 Dec 2019 21:11:14-luM][task] input: microbial/kmer-counts-jellyfish/15/ERR3655994.kmer.gz colour: 0
[11 Dec 2019 21:11:14-luM]  SE reads: 5,050,616  PE reads: 0
[11 Dec 2019 21:11:14-luM]  good reads: 5,050,616  bad reads: 0
[11 Dec 2019 21:11:14-luM]  dup SE reads: 0  dup PE pairs: 0
[11 Dec 2019 21:11:14-luM]  bases read: 75,759,240  bases loaded: 75,759,240
[11 Dec 2019 21:11:14-luM]  num contigs: 5,050,616  num kmers: 5,050,616 novel kmers: 5,050,616
[11 Dec 2019 21:11:14-luM] Dumping graph...
[11 Dec 2019 21:11:14-luM][graphwriter] Saving file to: microbial/bigsi/15/mccortex.ERR3655994.ctx
[11 Dec 2019 21:11:14-luM][FileFilter] Writing graph  [1 src colour]
[11 Dec 2019 21:11:15-luM][graphwriter] Dumped 5,050,616 kmers in 1 colour into: microbial/bigsi/15/mccortex.ERR3655994.ctx (ver: 6)
[11 Dec 2019 21:11:15-luM][memory] We made 19 allocs
[11 Dec 2019 21:11:15-luM] Done.
[11 Dec 2019 21:11:15-luM][time] 11.00 seconds
	Command being timed: "mccortex 15 build --nkmers 61000000 --threads 1 --kmer 15 --mem 3G --sample ERR3655994 --seq microbial/kmer-counts-jellyfish/15/ERR3655994.kmer.gz microbial/bigsi/15/mccortex.ERR3655994.ctx"
	User time (seconds): 12.55
	System time (seconds): 5.69
	Percent of CPU this job got: 165%
	Elapsed (wall clock) time (h:mm:ss or m:ss): 0:11.00
	Average shared text size (kbytes): 0
	Average unshared data size (kbytes): 0
	Average stack size (kbytes): 0
	Average total size (kbytes): 0
	Maximum resident set size (kbytes): 750776
	Average resident set size (kbytes): 0
	Major (requiring I/O) page faults: 0
	Minor (reclaiming a frame) page faults: 926833
	Voluntary context switches: 523014
	Involuntary context switches: 72141
	Swaps: 0
	File system inputs: 0
	File system outputs: 128256
	Socket messages sent: 0
	Socket messages received: 0
	Signals delivered: 0
	Page size (bytes): 4096
	Exit status: 0
