[11 Dec 2019 21:12:18-GUT][cmd] /home/CSCScience.ca/apetkau/miniconda3/envs/bigsi_mccortex/bin/mccortex31 build --nkmers 61000000 --threads 1 --kmer 15 --mem 3G --sample SRR10519616 --seq microbial/kmer-counts-jellyfish/15/SRR10519616.kmer.gz microbial/bigsi/15/mccortex.SRR10519616.ctx
[11 Dec 2019 21:12:18-GUT][cwd] /home/CSCScience.ca/apetkau/workspace/comp7934-project
[11 Dec 2019 21:12:18-GUT][version] mccortex=v0.0.3-610-g400c0e3 zlib=1.2.11 htslib=1.8-17-g699ed53 ASSERTS=ON hash=Lookup3 CHECKS=ON k=3..31
[11 Dec 2019 21:12:18-GUT] Saving graph to: microbial/bigsi/15/mccortex.SRR10519616.ctx
[11 Dec 2019 21:12:18-GUT][sample] 0: SRR10519616
[11 Dec 2019 21:12:18-GUT][task] microbial/kmer-counts-jellyfish/15/SRR10519616.kmer.gz; FASTQ offset: auto-detect, threshold: off; cut homopolymers: off; remove PCR duplicates: no; colour: 0
[11 Dec 2019 21:12:18-GUT][memory] 104 bits per kmer
[11 Dec 2019 21:12:18-GUT] Note: Using less memory than requested (784MB < 3GB); allows for 62,914,560 kmers
[11 Dec 2019 21:12:18-GUT][memory] graph: 784MB
[11 Dec 2019 21:12:18-GUT][memory] total: 784MB of 62.6GB RAM
[11 Dec 2019 21:12:18-GUT] Writing 1 colour graph to microbial/bigsi/15/mccortex.SRR10519616.ctx
[11 Dec 2019 21:12:18-GUT][hasht] Allocating table with 62,914,560 entries, using 484MB
[11 Dec 2019 21:12:18-GUT][hasht]  number of buckets: 2,097,152, bucket size: 30
[11 Dec 2019 21:12:18-GUT][graph] kmer-size: 15; colours: 1; capacity: 62,914,560
[11 Dec 2019 21:12:18-GUT][hasht] buckets: 2,097,152 [2^21]; bucket size: 30; 
[11 Dec 2019 21:12:18-GUT][hasht] memory: 484MB; filled: 0 / 62,914,560 (0.00%)
[11 Dec 2019 21:12:18-GUT][asyncio] Inputs: 1; Threads: 1
[11 Dec 2019 21:12:18-GUT][seq] Parsing sequence file microbial/kmer-counts-jellyfish/15/SRR10519616.kmer.gz
[11 Dec 2019 21:12:24-GUT][seq] Loaded 3,965,037 reads and 0 reads pairs (file: microbial/kmer-counts-jellyfish/15/SRR10519616.kmer.gz)
[11 Dec 2019 21:12:24-GUT][hasht] buckets: 2,097,152 [2^21]; bucket size: 30; 
[11 Dec 2019 21:12:24-GUT][hasht] memory: 484MB; filled: 3,965,037 / 62,914,560 (6.30%)
[11 Dec 2019 21:12:24-GUT][hasht]  collisions  0: 3965037
[11 Dec 2019 21:12:24-GUT][task] input: microbial/kmer-counts-jellyfish/15/SRR10519616.kmer.gz colour: 0
[11 Dec 2019 21:12:24-GUT]  SE reads: 3,965,037  PE reads: 0
[11 Dec 2019 21:12:24-GUT]  good reads: 3,965,037  bad reads: 0
[11 Dec 2019 21:12:24-GUT]  dup SE reads: 0  dup PE pairs: 0
[11 Dec 2019 21:12:24-GUT]  bases read: 59,475,555  bases loaded: 59,475,555
[11 Dec 2019 21:12:24-GUT]  num contigs: 3,965,037  num kmers: 3,965,037 novel kmers: 3,965,037
[11 Dec 2019 21:12:24-GUT] Dumping graph...
[11 Dec 2019 21:12:24-GUT][graphwriter] Saving file to: microbial/bigsi/15/mccortex.SRR10519616.ctx
[11 Dec 2019 21:12:24-GUT][FileFilter] Writing graph  [1 src colour]
[11 Dec 2019 21:12:25-GUT][graphwriter] Dumped 3,965,037 kmers in 1 colour into: microbial/bigsi/15/mccortex.SRR10519616.ctx (ver: 6)
[11 Dec 2019 21:12:25-GUT][memory] We made 19 allocs
[11 Dec 2019 21:12:25-GUT] Done.
[11 Dec 2019 21:12:25-GUT][time] 7.00 seconds
	Command being timed: "mccortex 15 build --nkmers 61000000 --threads 1 --kmer 15 --mem 3G --sample SRR10519616 --seq microbial/kmer-counts-jellyfish/15/SRR10519616.kmer.gz microbial/bigsi/15/mccortex.SRR10519616.ctx"
	User time (seconds): 8.59
	System time (seconds): 3.61
	Percent of CPU this job got: 162%
	Elapsed (wall clock) time (h:mm:ss or m:ss): 0:07.50
	Average shared text size (kbytes): 0
	Average unshared data size (kbytes): 0
	Average stack size (kbytes): 0
	Average total size (kbytes): 0
	Maximum resident set size (kbytes): 750624
	Average resident set size (kbytes): 0
	Major (requiring I/O) page faults: 0
	Minor (reclaiming a frame) page faults: 752017
	Voluntary context switches: 404766
	Involuntary context switches: 43303
	Swaps: 0
	File system inputs: 8
	File system outputs: 100688
	Socket messages sent: 0
	Socket messages received: 0
	Signals delivered: 0
	Page size (bytes): 4096
	Exit status: 0
