[11 Dec 2019 21:12:19-wiB][cmd] /home/CSCScience.ca/apetkau/miniconda3/envs/bigsi_mccortex/bin/mccortex31 build --nkmers 61000000 --threads 1 --kmer 15 --mem 3G --sample SRR10521982 --seq microbial/kmer-counts-jellyfish/15/SRR10521982.kmer.gz microbial/bigsi/15/mccortex.SRR10521982.ctx
[11 Dec 2019 21:12:19-wiB][cwd] /home/CSCScience.ca/apetkau/workspace/comp7934-project
[11 Dec 2019 21:12:19-wiB][version] mccortex=v0.0.3-610-g400c0e3 zlib=1.2.11 htslib=1.8-17-g699ed53 ASSERTS=ON hash=Lookup3 CHECKS=ON k=3..31
[11 Dec 2019 21:12:19-wiB] Saving graph to: microbial/bigsi/15/mccortex.SRR10521982.ctx
[11 Dec 2019 21:12:19-wiB][sample] 0: SRR10521982
[11 Dec 2019 21:12:19-wiB][task] microbial/kmer-counts-jellyfish/15/SRR10521982.kmer.gz; FASTQ offset: auto-detect, threshold: off; cut homopolymers: off; remove PCR duplicates: no; colour: 0
[11 Dec 2019 21:12:19-wiB][memory] 104 bits per kmer
[11 Dec 2019 21:12:19-wiB] Note: Using less memory than requested (784MB < 3GB); allows for 62,914,560 kmers
[11 Dec 2019 21:12:19-wiB][memory] graph: 784MB
[11 Dec 2019 21:12:19-wiB][memory] total: 784MB of 62.6GB RAM
[11 Dec 2019 21:12:19-wiB] Writing 1 colour graph to microbial/bigsi/15/mccortex.SRR10521982.ctx
[11 Dec 2019 21:12:19-wiB][hasht] Allocating table with 62,914,560 entries, using 484MB
[11 Dec 2019 21:12:19-wiB][hasht]  number of buckets: 2,097,152, bucket size: 30
[11 Dec 2019 21:12:19-wiB][graph] kmer-size: 15; colours: 1; capacity: 62,914,560
[11 Dec 2019 21:12:19-wiB][hasht] buckets: 2,097,152 [2^21]; bucket size: 30; 
[11 Dec 2019 21:12:19-wiB][hasht] memory: 484MB; filled: 0 / 62,914,560 (0.00%)
[11 Dec 2019 21:12:19-wiB][asyncio] Inputs: 1; Threads: 1
[11 Dec 2019 21:12:19-wiB][seq] Parsing sequence file microbial/kmer-counts-jellyfish/15/SRR10521982.kmer.gz
[11 Dec 2019 21:12:23-wiB][seq] Loaded 1,690,005 reads and 0 reads pairs (file: microbial/kmer-counts-jellyfish/15/SRR10521982.kmer.gz)
[11 Dec 2019 21:12:23-wiB][hasht] buckets: 2,097,152 [2^21]; bucket size: 30; 
[11 Dec 2019 21:12:23-wiB][hasht] memory: 484MB; filled: 1,690,005 / 62,914,560 (2.69%)
[11 Dec 2019 21:12:23-wiB][hasht]  collisions  0: 1690005
[11 Dec 2019 21:12:23-wiB][task] input: microbial/kmer-counts-jellyfish/15/SRR10521982.kmer.gz colour: 0
[11 Dec 2019 21:12:23-wiB]  SE reads: 1,690,005  PE reads: 0
[11 Dec 2019 21:12:23-wiB]  good reads: 1,690,005  bad reads: 0
[11 Dec 2019 21:12:23-wiB]  dup SE reads: 0  dup PE pairs: 0
[11 Dec 2019 21:12:23-wiB]  bases read: 25,350,075  bases loaded: 25,350,075
[11 Dec 2019 21:12:23-wiB]  num contigs: 1,690,005  num kmers: 1,690,005 novel kmers: 1,690,005
[11 Dec 2019 21:12:23-wiB] Dumping graph...
[11 Dec 2019 21:12:23-wiB][graphwriter] Saving file to: microbial/bigsi/15/mccortex.SRR10521982.ctx
[11 Dec 2019 21:12:23-wiB][FileFilter] Writing graph  [1 src colour]
[11 Dec 2019 21:12:23-wiB][graphwriter] Dumped 1,690,005 kmers in 1 colour into: microbial/bigsi/15/mccortex.SRR10521982.ctx (ver: 6)
[11 Dec 2019 21:12:23-wiB][memory] We made 19 allocs
[11 Dec 2019 21:12:23-wiB] Done.
[11 Dec 2019 21:12:23-wiB][time] 4.00 seconds
	Command being timed: "mccortex 15 build --nkmers 61000000 --threads 1 --kmer 15 --mem 3G --sample SRR10521982 --seq microbial/kmer-counts-jellyfish/15/SRR10521982.kmer.gz microbial/bigsi/15/mccortex.SRR10521982.ctx"
	User time (seconds): 4.05
	System time (seconds): 2.43
	Percent of CPU this job got: 159%
	Elapsed (wall clock) time (h:mm:ss or m:ss): 0:04.07
	Average shared text size (kbytes): 0
	Average unshared data size (kbytes): 0
	Average stack size (kbytes): 0
	Average total size (kbytes): 0
	Maximum resident set size (kbytes): 750568
	Average resident set size (kbytes): 0
	Major (requiring I/O) page faults: 0
	Minor (reclaiming a frame) page faults: 560473
	Voluntary context switches: 232965
	Involuntary context switches: 32503
	Swaps: 0
	File system inputs: 0
	File system outputs: 42920
	Socket messages sent: 0
	Socket messages received: 0
	Signals delivered: 0
	Page size (bytes): 4096
	Exit status: 0
