[11 Dec 2019 21:11:04-GUp][cmd] /home/CSCScience.ca/apetkau/miniconda3/envs/bigsi_mccortex/bin/mccortex31 build --nkmers 61000000 --threads 1 --kmer 15 --mem 3G --sample ERR1144978 --seq microbial/kmer-counts-jellyfish/15/ERR1144978.kmer.gz microbial/bigsi/15/mccortex.ERR1144978.ctx
[11 Dec 2019 21:11:04-GUp][cwd] /home/CSCScience.ca/apetkau/workspace/comp7934-project
[11 Dec 2019 21:11:04-GUp][version] mccortex=v0.0.3-610-g400c0e3 zlib=1.2.11 htslib=1.8-17-g699ed53 ASSERTS=ON hash=Lookup3 CHECKS=ON k=3..31
[11 Dec 2019 21:11:04-GUp] Saving graph to: microbial/bigsi/15/mccortex.ERR1144978.ctx
[11 Dec 2019 21:11:04-GUp][sample] 0: ERR1144978
[11 Dec 2019 21:11:04-GUp][task] microbial/kmer-counts-jellyfish/15/ERR1144978.kmer.gz; FASTQ offset: auto-detect, threshold: off; cut homopolymers: off; remove PCR duplicates: no; colour: 0
[11 Dec 2019 21:11:04-GUp][memory] 104 bits per kmer
[11 Dec 2019 21:11:04-GUp] Note: Using less memory than requested (784MB < 3GB); allows for 62,914,560 kmers
[11 Dec 2019 21:11:04-GUp][memory] graph: 784MB
[11 Dec 2019 21:11:04-GUp][memory] total: 784MB of 62.6GB RAM
[11 Dec 2019 21:11:04-GUp] Writing 1 colour graph to microbial/bigsi/15/mccortex.ERR1144978.ctx
[11 Dec 2019 21:11:04-GUp][hasht] Allocating table with 62,914,560 entries, using 484MB
[11 Dec 2019 21:11:04-GUp][hasht]  number of buckets: 2,097,152, bucket size: 30
[11 Dec 2019 21:11:04-GUp][graph] kmer-size: 15; colours: 1; capacity: 62,914,560
[11 Dec 2019 21:11:04-GUp][hasht] buckets: 2,097,152 [2^21]; bucket size: 30; 
[11 Dec 2019 21:11:04-GUp][hasht] memory: 484MB; filled: 0 / 62,914,560 (0.00%)
[11 Dec 2019 21:11:04-GUp][asyncio] Inputs: 1; Threads: 1
[11 Dec 2019 21:11:04-GUp][seq] Parsing sequence file microbial/kmer-counts-jellyfish/15/ERR1144978.kmer.gz
[11 Dec 2019 21:11:11-GUp][seq] Loaded 3,580,130 reads and 0 reads pairs (file: microbial/kmer-counts-jellyfish/15/ERR1144978.kmer.gz)
[11 Dec 2019 21:11:11-GUp][hasht] buckets: 2,097,152 [2^21]; bucket size: 30; 
[11 Dec 2019 21:11:11-GUp][hasht] memory: 484MB; filled: 3,580,130 / 62,914,560 (5.69%)
[11 Dec 2019 21:11:11-GUp][hasht]  collisions  0: 3580130
[11 Dec 2019 21:11:11-GUp][task] input: microbial/kmer-counts-jellyfish/15/ERR1144978.kmer.gz colour: 0
[11 Dec 2019 21:11:11-GUp]  SE reads: 3,580,130  PE reads: 0
[11 Dec 2019 21:11:11-GUp]  good reads: 3,580,130  bad reads: 0
[11 Dec 2019 21:11:11-GUp]  dup SE reads: 0  dup PE pairs: 0
[11 Dec 2019 21:11:11-GUp]  bases read: 53,701,950  bases loaded: 53,701,950
[11 Dec 2019 21:11:11-GUp]  num contigs: 3,580,130  num kmers: 3,580,130 novel kmers: 3,580,130
[11 Dec 2019 21:11:11-GUp] Dumping graph...
[11 Dec 2019 21:11:11-GUp][graphwriter] Saving file to: microbial/bigsi/15/mccortex.ERR1144978.ctx
[11 Dec 2019 21:11:11-GUp][FileFilter] Writing graph  [1 src colour]
[11 Dec 2019 21:11:12-GUp][graphwriter] Dumped 3,580,130 kmers in 1 colour into: microbial/bigsi/15/mccortex.ERR1144978.ctx (ver: 6)
[11 Dec 2019 21:11:12-GUp][memory] We made 19 allocs
[11 Dec 2019 21:11:12-GUp] Done.
[11 Dec 2019 21:11:12-GUp][time] 8.00 seconds
	Command being timed: "mccortex 15 build --nkmers 61000000 --threads 1 --kmer 15 --mem 3G --sample ERR1144978 --seq microbial/kmer-counts-jellyfish/15/ERR1144978.kmer.gz microbial/bigsi/15/mccortex.ERR1144978.ctx"
	User time (seconds): 8.74
	System time (seconds): 4.52
	Percent of CPU this job got: 172%
	Elapsed (wall clock) time (h:mm:ss or m:ss): 0:07.67
	Average shared text size (kbytes): 0
	Average unshared data size (kbytes): 0
	Average stack size (kbytes): 0
	Average total size (kbytes): 0
	Maximum resident set size (kbytes): 750704
	Average resident set size (kbytes): 0
	Major (requiring I/O) page faults: 0
	Minor (reclaiming a frame) page faults: 814458
	Voluntary context switches: 423727
	Involuntary context switches: 2195
	Swaps: 0
	File system inputs: 34976
	File system outputs: 90920
	Socket messages sent: 0
	Socket messages received: 0
	Signals delivered: 0
	Page size (bytes): 4096
	Exit status: 0
