[11 Dec 2019 21:12:18-REw][cmd] /home/CSCScience.ca/apetkau/miniconda3/envs/bigsi_mccortex/bin/mccortex31 build --nkmers 61000000 --threads 1 --kmer 15 --mem 3G --sample SRR10519617 --seq microbial/kmer-counts-jellyfish/15/SRR10519617.kmer.gz microbial/bigsi/15/mccortex.SRR10519617.ctx
[11 Dec 2019 21:12:18-REw][cwd] /home/CSCScience.ca/apetkau/workspace/comp7934-project
[11 Dec 2019 21:12:18-REw][version] mccortex=v0.0.3-610-g400c0e3 zlib=1.2.11 htslib=1.8-17-g699ed53 ASSERTS=ON hash=Lookup3 CHECKS=ON k=3..31
[11 Dec 2019 21:12:18-REw] Saving graph to: microbial/bigsi/15/mccortex.SRR10519617.ctx
[11 Dec 2019 21:12:18-REw][sample] 0: SRR10519617
[11 Dec 2019 21:12:18-REw][task] microbial/kmer-counts-jellyfish/15/SRR10519617.kmer.gz; FASTQ offset: auto-detect, threshold: off; cut homopolymers: off; remove PCR duplicates: no; colour: 0
[11 Dec 2019 21:12:18-REw][memory] 104 bits per kmer
[11 Dec 2019 21:12:18-REw] Note: Using less memory than requested (784MB < 3GB); allows for 62,914,560 kmers
[11 Dec 2019 21:12:18-REw][memory] graph: 784MB
[11 Dec 2019 21:12:18-REw][memory] total: 784MB of 62.6GB RAM
[11 Dec 2019 21:12:18-REw] Writing 1 colour graph to microbial/bigsi/15/mccortex.SRR10519617.ctx
[11 Dec 2019 21:12:18-REw][hasht] Allocating table with 62,914,560 entries, using 484MB
[11 Dec 2019 21:12:18-REw][hasht]  number of buckets: 2,097,152, bucket size: 30
[11 Dec 2019 21:12:18-REw][graph] kmer-size: 15; colours: 1; capacity: 62,914,560
[11 Dec 2019 21:12:18-REw][hasht] buckets: 2,097,152 [2^21]; bucket size: 30; 
[11 Dec 2019 21:12:18-REw][hasht] memory: 484MB; filled: 0 / 62,914,560 (0.00%)
[11 Dec 2019 21:12:18-REw][asyncio] Inputs: 1; Threads: 1
[11 Dec 2019 21:12:18-REw][seq] Parsing sequence file microbial/kmer-counts-jellyfish/15/SRR10519617.kmer.gz
[11 Dec 2019 21:12:27-REw][seq] Loaded 3,691,491 reads and 0 reads pairs (file: microbial/kmer-counts-jellyfish/15/SRR10519617.kmer.gz)
[11 Dec 2019 21:12:27-REw][hasht] buckets: 2,097,152 [2^21]; bucket size: 30; 
[11 Dec 2019 21:12:27-REw][hasht] memory: 484MB; filled: 3,691,491 / 62,914,560 (5.87%)
[11 Dec 2019 21:12:27-REw][hasht]  collisions  0: 3691491
[11 Dec 2019 21:12:27-REw][task] input: microbial/kmer-counts-jellyfish/15/SRR10519617.kmer.gz colour: 0
[11 Dec 2019 21:12:27-REw]  SE reads: 3,691,491  PE reads: 0
[11 Dec 2019 21:12:27-REw]  good reads: 3,691,491  bad reads: 0
[11 Dec 2019 21:12:27-REw]  dup SE reads: 0  dup PE pairs: 0
[11 Dec 2019 21:12:27-REw]  bases read: 55,372,365  bases loaded: 55,372,365
[11 Dec 2019 21:12:27-REw]  num contigs: 3,691,491  num kmers: 3,691,491 novel kmers: 3,691,491
[11 Dec 2019 21:12:27-REw] Dumping graph...
[11 Dec 2019 21:12:27-REw][graphwriter] Saving file to: microbial/bigsi/15/mccortex.SRR10519617.ctx
[11 Dec 2019 21:12:27-REw][FileFilter] Writing graph  [1 src colour]
[11 Dec 2019 21:12:27-REw][graphwriter] Dumped 3,691,491 kmers in 1 colour into: microbial/bigsi/15/mccortex.SRR10519617.ctx (ver: 6)
[11 Dec 2019 21:12:27-REw][memory] We made 19 allocs
[11 Dec 2019 21:12:27-REw] Done.
[11 Dec 2019 21:12:27-REw][time] 9.00 seconds
	Command being timed: "mccortex 15 build --nkmers 61000000 --threads 1 --kmer 15 --mem 3G --sample SRR10519617 --seq microbial/kmer-counts-jellyfish/15/SRR10519617.kmer.gz microbial/bigsi/15/mccortex.SRR10519617.ctx"
	User time (seconds): 12.09
	System time (seconds): 3.76
	Percent of CPU this job got: 163%
	Elapsed (wall clock) time (h:mm:ss or m:ss): 0:09.68
	Average shared text size (kbytes): 0
	Average unshared data size (kbytes): 0
	Average stack size (kbytes): 0
	Average total size (kbytes): 0
	Maximum resident set size (kbytes): 750664
	Average resident set size (kbytes): 0
	Major (requiring I/O) page faults: 0
	Minor (reclaiming a frame) page faults: 930850
	Voluntary context switches: 354984
	Involuntary context switches: 44086
	Swaps: 0
	File system inputs: 0
	File system outputs: 93744
	Socket messages sent: 0
	Socket messages received: 0
	Signals delivered: 0
	Page size (bytes): 4096
	Exit status: 0
