[11 Dec 2019 21:11:04-dIh][cmd] /home/CSCScience.ca/apetkau/miniconda3/envs/bigsi_mccortex/bin/mccortex31 build --nkmers 61000000 --threads 1 --kmer 15 --mem 3G --sample ERR1144975 --seq microbial/kmer-counts-jellyfish/15/ERR1144975.kmer.gz microbial/bigsi/15/mccortex.ERR1144975.ctx
[11 Dec 2019 21:11:04-dIh][cwd] /home/CSCScience.ca/apetkau/workspace/comp7934-project
[11 Dec 2019 21:11:04-dIh][version] mccortex=v0.0.3-610-g400c0e3 zlib=1.2.11 htslib=1.8-17-g699ed53 ASSERTS=ON hash=Lookup3 CHECKS=ON k=3..31
[11 Dec 2019 21:11:04-dIh] Saving graph to: microbial/bigsi/15/mccortex.ERR1144975.ctx
[11 Dec 2019 21:11:04-dIh][sample] 0: ERR1144975
[11 Dec 2019 21:11:04-dIh][task] microbial/kmer-counts-jellyfish/15/ERR1144975.kmer.gz; FASTQ offset: auto-detect, threshold: off; cut homopolymers: off; remove PCR duplicates: no; colour: 0
[11 Dec 2019 21:11:04-dIh][memory] 104 bits per kmer
[11 Dec 2019 21:11:04-dIh] Note: Using less memory than requested (784MB < 3GB); allows for 62,914,560 kmers
[11 Dec 2019 21:11:04-dIh][memory] graph: 784MB
[11 Dec 2019 21:11:04-dIh][memory] total: 784MB of 62.6GB RAM
[11 Dec 2019 21:11:04-dIh] Writing 1 colour graph to microbial/bigsi/15/mccortex.ERR1144975.ctx
[11 Dec 2019 21:11:04-dIh][hasht] Allocating table with 62,914,560 entries, using 484MB
[11 Dec 2019 21:11:04-dIh][hasht]  number of buckets: 2,097,152, bucket size: 30
[11 Dec 2019 21:11:04-dIh][graph] kmer-size: 15; colours: 1; capacity: 62,914,560
[11 Dec 2019 21:11:04-dIh][hasht] buckets: 2,097,152 [2^21]; bucket size: 30; 
[11 Dec 2019 21:11:04-dIh][hasht] memory: 484MB; filled: 0 / 62,914,560 (0.00%)
[11 Dec 2019 21:11:04-dIh][asyncio] Inputs: 1; Threads: 1
[11 Dec 2019 21:11:04-dIh][seq] Parsing sequence file microbial/kmer-counts-jellyfish/15/ERR1144975.kmer.gz
[11 Dec 2019 21:11:12-dIh][seq] Loaded 3,568,479 reads and 0 reads pairs (file: microbial/kmer-counts-jellyfish/15/ERR1144975.kmer.gz)
[11 Dec 2019 21:11:12-dIh][hasht] buckets: 2,097,152 [2^21]; bucket size: 30; 
[11 Dec 2019 21:11:12-dIh][hasht] memory: 484MB; filled: 3,568,479 / 62,914,560 (5.67%)
[11 Dec 2019 21:11:12-dIh][hasht]  collisions  0: 3568479
[11 Dec 2019 21:11:12-dIh][task] input: microbial/kmer-counts-jellyfish/15/ERR1144975.kmer.gz colour: 0
[11 Dec 2019 21:11:12-dIh]  SE reads: 3,568,479  PE reads: 0
[11 Dec 2019 21:11:12-dIh]  good reads: 3,568,479  bad reads: 0
[11 Dec 2019 21:11:12-dIh]  dup SE reads: 0  dup PE pairs: 0
[11 Dec 2019 21:11:12-dIh]  bases read: 53,527,185  bases loaded: 53,527,185
[11 Dec 2019 21:11:12-dIh]  num contigs: 3,568,479  num kmers: 3,568,479 novel kmers: 3,568,479
[11 Dec 2019 21:11:12-dIh] Dumping graph...
[11 Dec 2019 21:11:12-dIh][graphwriter] Saving file to: microbial/bigsi/15/mccortex.ERR1144975.ctx
[11 Dec 2019 21:11:12-dIh][FileFilter] Writing graph  [1 src colour]
[11 Dec 2019 21:11:13-dIh][graphwriter] Dumped 3,568,479 kmers in 1 colour into: microbial/bigsi/15/mccortex.ERR1144975.ctx (ver: 6)
[11 Dec 2019 21:11:13-dIh][memory] We made 19 allocs
[11 Dec 2019 21:11:13-dIh] Done.
[11 Dec 2019 21:11:13-dIh][time] 9.00 seconds
	Command being timed: "mccortex 15 build --nkmers 61000000 --threads 1 --kmer 15 --mem 3G --sample ERR1144975 --seq microbial/kmer-counts-jellyfish/15/ERR1144975.kmer.gz microbial/bigsi/15/mccortex.ERR1144975.ctx"
	User time (seconds): 9.90
	System time (seconds): 5.31
	Percent of CPU this job got: 164%
	Elapsed (wall clock) time (h:mm:ss or m:ss): 0:09.22
	Average shared text size (kbytes): 0
	Average unshared data size (kbytes): 0
	Average stack size (kbytes): 0
	Average total size (kbytes): 0
	Maximum resident set size (kbytes): 750696
	Average resident set size (kbytes): 0
	Major (requiring I/O) page faults: 0
	Minor (reclaiming a frame) page faults: 878422
	Voluntary context switches: 499629
	Involuntary context switches: 26034
	Swaps: 0
	File system inputs: 0
	File system outputs: 90624
	Socket messages sent: 0
	Socket messages received: 0
	Signals delivered: 0
	Page size (bytes): 4096
	Exit status: 0
