[11 Dec 2019 21:12:13-Gic][cmd] /home/CSCScience.ca/apetkau/miniconda3/envs/bigsi_mccortex/bin/mccortex31 build --nkmers 61000000 --threads 1 --kmer 15 --mem 3G --sample SRR10512968 --seq microbial/kmer-counts-jellyfish/15/SRR10512968.kmer.gz microbial/bigsi/15/mccortex.SRR10512968.ctx
[11 Dec 2019 21:12:13-Gic][cwd] /home/CSCScience.ca/apetkau/workspace/comp7934-project
[11 Dec 2019 21:12:13-Gic][version] mccortex=v0.0.3-610-g400c0e3 zlib=1.2.11 htslib=1.8-17-g699ed53 ASSERTS=ON hash=Lookup3 CHECKS=ON k=3..31
[11 Dec 2019 21:12:13-Gic] Saving graph to: microbial/bigsi/15/mccortex.SRR10512968.ctx
[11 Dec 2019 21:12:13-Gic][sample] 0: SRR10512968
[11 Dec 2019 21:12:13-Gic][task] microbial/kmer-counts-jellyfish/15/SRR10512968.kmer.gz; FASTQ offset: auto-detect, threshold: off; cut homopolymers: off; remove PCR duplicates: no; colour: 0
[11 Dec 2019 21:12:13-Gic][memory] 104 bits per kmer
[11 Dec 2019 21:12:13-Gic] Note: Using less memory than requested (784MB < 3GB); allows for 62,914,560 kmers
[11 Dec 2019 21:12:13-Gic][memory] graph: 784MB
[11 Dec 2019 21:12:13-Gic][memory] total: 784MB of 62.6GB RAM
[11 Dec 2019 21:12:13-Gic] Writing 1 colour graph to microbial/bigsi/15/mccortex.SRR10512968.ctx
[11 Dec 2019 21:12:13-Gic][hasht] Allocating table with 62,914,560 entries, using 484MB
[11 Dec 2019 21:12:13-Gic][hasht]  number of buckets: 2,097,152, bucket size: 30
[11 Dec 2019 21:12:13-Gic][graph] kmer-size: 15; colours: 1; capacity: 62,914,560
[11 Dec 2019 21:12:13-Gic][hasht] buckets: 2,097,152 [2^21]; bucket size: 30; 
[11 Dec 2019 21:12:13-Gic][hasht] memory: 484MB; filled: 0 / 62,914,560 (0.00%)
[11 Dec 2019 21:12:13-Gic][asyncio] Inputs: 1; Threads: 1
[11 Dec 2019 21:12:13-Gic][seq] Parsing sequence file microbial/kmer-counts-jellyfish/15/SRR10512968.kmer.gz
[11 Dec 2019 21:12:22-Gic][BuildGraph] Read 5,000,000 entries (reads / read pairs)
[11 Dec 2019 21:12:24-Gic][seq] Loaded 6,242,105 reads and 0 reads pairs (file: microbial/kmer-counts-jellyfish/15/SRR10512968.kmer.gz)
[11 Dec 2019 21:12:24-Gic][hasht] buckets: 2,097,152 [2^21]; bucket size: 30; 
[11 Dec 2019 21:12:24-Gic][hasht] memory: 484MB; filled: 6,242,105 / 62,914,560 (9.92%)
[11 Dec 2019 21:12:24-Gic][hasht]  collisions  0: 6242105
[11 Dec 2019 21:12:24-Gic][task] input: microbial/kmer-counts-jellyfish/15/SRR10512968.kmer.gz colour: 0
[11 Dec 2019 21:12:24-Gic]  SE reads: 6,242,105  PE reads: 0
[11 Dec 2019 21:12:24-Gic]  good reads: 6,242,105  bad reads: 0
[11 Dec 2019 21:12:24-Gic]  dup SE reads: 0  dup PE pairs: 0
[11 Dec 2019 21:12:24-Gic]  bases read: 93,631,575  bases loaded: 93,631,575
[11 Dec 2019 21:12:24-Gic]  num contigs: 6,242,105  num kmers: 6,242,105 novel kmers: 6,242,105
[11 Dec 2019 21:12:24-Gic] Dumping graph...
[11 Dec 2019 21:12:24-Gic][graphwriter] Saving file to: microbial/bigsi/15/mccortex.SRR10512968.ctx
[11 Dec 2019 21:12:24-Gic][FileFilter] Writing graph  [1 src colour]
[11 Dec 2019 21:12:25-Gic][graphwriter] Dumped 6,242,105 kmers in 1 colour into: microbial/bigsi/15/mccortex.SRR10512968.ctx (ver: 6)
[11 Dec 2019 21:12:25-Gic][memory] We made 19 allocs
[11 Dec 2019 21:12:25-Gic] Done.
[11 Dec 2019 21:12:25-Gic][time] 12.00 seconds
	Command being timed: "mccortex 15 build --nkmers 61000000 --threads 1 --kmer 15 --mem 3G --sample SRR10512968 --seq microbial/kmer-counts-jellyfish/15/SRR10512968.kmer.gz microbial/bigsi/15/mccortex.SRR10512968.ctx"
	User time (seconds): 14.67
	System time (seconds): 4.91
	Percent of CPU this job got: 169%
	Elapsed (wall clock) time (h:mm:ss or m:ss): 0:11.56
	Average shared text size (kbytes): 0
	Average unshared data size (kbytes): 0
	Average stack size (kbytes): 0
	Average total size (kbytes): 0
	Maximum resident set size (kbytes): 750692
	Average resident set size (kbytes): 0
	Major (requiring I/O) page faults: 0
	Minor (reclaiming a frame) page faults: 1006547
	Voluntary context switches: 441372
	Involuntary context switches: 47549
	Swaps: 0
	File system inputs: 0
	File system outputs: 158504
	Socket messages sent: 0
	Socket messages received: 0
	Signals delivered: 0
	Page size (bytes): 4096
	Exit status: 0
