[11 Dec 2019 21:12:17-TAn][cmd] /home/CSCScience.ca/apetkau/miniconda3/envs/bigsi_mccortex/bin/mccortex31 build --nkmers 61000000 --threads 1 --kmer 15 --mem 3G --sample SRR10513363 --seq microbial/kmer-counts-jellyfish/15/SRR10513363.kmer.gz microbial/bigsi/15/mccortex.SRR10513363.ctx
[11 Dec 2019 21:12:17-TAn][cwd] /home/CSCScience.ca/apetkau/workspace/comp7934-project
[11 Dec 2019 21:12:17-TAn][version] mccortex=v0.0.3-610-g400c0e3 zlib=1.2.11 htslib=1.8-17-g699ed53 ASSERTS=ON hash=Lookup3 CHECKS=ON k=3..31
[11 Dec 2019 21:12:17-TAn] Saving graph to: microbial/bigsi/15/mccortex.SRR10513363.ctx
[11 Dec 2019 21:12:17-TAn][sample] 0: SRR10513363
[11 Dec 2019 21:12:17-TAn][task] microbial/kmer-counts-jellyfish/15/SRR10513363.kmer.gz; FASTQ offset: auto-detect, threshold: off; cut homopolymers: off; remove PCR duplicates: no; colour: 0
[11 Dec 2019 21:12:17-TAn][memory] 104 bits per kmer
[11 Dec 2019 21:12:17-TAn] Note: Using less memory than requested (784MB < 3GB); allows for 62,914,560 kmers
[11 Dec 2019 21:12:17-TAn][memory] graph: 784MB
[11 Dec 2019 21:12:17-TAn][memory] total: 784MB of 62.6GB RAM
[11 Dec 2019 21:12:17-TAn] Writing 1 colour graph to microbial/bigsi/15/mccortex.SRR10513363.ctx
[11 Dec 2019 21:12:17-TAn][hasht] Allocating table with 62,914,560 entries, using 484MB
[11 Dec 2019 21:12:17-TAn][hasht]  number of buckets: 2,097,152, bucket size: 30
[11 Dec 2019 21:12:17-TAn][graph] kmer-size: 15; colours: 1; capacity: 62,914,560
[11 Dec 2019 21:12:17-TAn][hasht] buckets: 2,097,152 [2^21]; bucket size: 30; 
[11 Dec 2019 21:12:17-TAn][hasht] memory: 484MB; filled: 0 / 62,914,560 (0.00%)
[11 Dec 2019 21:12:17-TAn][asyncio] Inputs: 1; Threads: 1
[11 Dec 2019 21:12:17-TAn][seq] Parsing sequence file microbial/kmer-counts-jellyfish/15/SRR10513363.kmer.gz
[11 Dec 2019 21:12:21-TAn][seq] Loaded 2,368,093 reads and 0 reads pairs (file: microbial/kmer-counts-jellyfish/15/SRR10513363.kmer.gz)
[11 Dec 2019 21:12:21-TAn][hasht] buckets: 2,097,152 [2^21]; bucket size: 30; 
[11 Dec 2019 21:12:21-TAn][hasht] memory: 484MB; filled: 2,368,093 / 62,914,560 (3.76%)
[11 Dec 2019 21:12:21-TAn][hasht]  collisions  0: 2368093
[11 Dec 2019 21:12:21-TAn][task] input: microbial/kmer-counts-jellyfish/15/SRR10513363.kmer.gz colour: 0
[11 Dec 2019 21:12:21-TAn]  SE reads: 2,368,093  PE reads: 0
[11 Dec 2019 21:12:21-TAn]  good reads: 2,368,093  bad reads: 0
[11 Dec 2019 21:12:21-TAn]  dup SE reads: 0  dup PE pairs: 0
[11 Dec 2019 21:12:21-TAn]  bases read: 35,521,395  bases loaded: 35,521,395
[11 Dec 2019 21:12:21-TAn]  num contigs: 2,368,093  num kmers: 2,368,093 novel kmers: 2,368,093
[11 Dec 2019 21:12:21-TAn] Dumping graph...
[11 Dec 2019 21:12:21-TAn][graphwriter] Saving file to: microbial/bigsi/15/mccortex.SRR10513363.ctx
[11 Dec 2019 21:12:21-TAn][FileFilter] Writing graph  [1 src colour]
[11 Dec 2019 21:12:22-TAn][graphwriter] Dumped 2,368,093 kmers in 1 colour into: microbial/bigsi/15/mccortex.SRR10513363.ctx (ver: 6)
[11 Dec 2019 21:12:22-TAn][memory] We made 19 allocs
[11 Dec 2019 21:12:22-TAn] Done.
[11 Dec 2019 21:12:22-TAn][time] 5.00 seconds
	Command being timed: "mccortex 15 build --nkmers 61000000 --threads 1 --kmer 15 --mem 3G --sample SRR10513363 --seq microbial/kmer-counts-jellyfish/15/SRR10513363.kmer.gz microbial/bigsi/15/mccortex.SRR10513363.ctx"
	User time (seconds): 5.65
	System time (seconds): 3.15
	Percent of CPU this job got: 164%
	Elapsed (wall clock) time (h:mm:ss or m:ss): 0:05.36
	Average shared text size (kbytes): 0
	Average unshared data size (kbytes): 0
	Average stack size (kbytes): 0
	Average total size (kbytes): 0
	Maximum resident set size (kbytes): 750576
	Average resident set size (kbytes): 0
	Major (requiring I/O) page faults: 0
	Minor (reclaiming a frame) page faults: 636172
	Voluntary context switches: 301589
	Involuntary context switches: 21121
	Swaps: 0
	File system inputs: 0
	File system outputs: 60136
	Socket messages sent: 0
	Socket messages received: 0
	Signals delivered: 0
	Page size (bytes): 4096
	Exit status: 0
