[11 Dec 2019 21:12:53-YAm][cmd] /home/CSCScience.ca/apetkau/miniconda3/envs/bigsi_mccortex/bin/mccortex31 build --nkmers 61000000 --threads 1 --kmer 15 --mem 3G --sample SRR8088183 --seq microbial/kmer-counts-jellyfish/15/SRR8088183.kmer.gz microbial/bigsi/15/mccortex.SRR8088183.ctx
[11 Dec 2019 21:12:53-YAm][cwd] /home/CSCScience.ca/apetkau/workspace/comp7934-project
[11 Dec 2019 21:12:53-YAm][version] mccortex=v0.0.3-610-g400c0e3 zlib=1.2.11 htslib=1.8-17-g699ed53 ASSERTS=ON hash=Lookup3 CHECKS=ON k=3..31
[11 Dec 2019 21:12:53-YAm] Saving graph to: microbial/bigsi/15/mccortex.SRR8088183.ctx
[11 Dec 2019 21:12:53-YAm][sample] 0: SRR8088183
[11 Dec 2019 21:12:53-YAm][task] microbial/kmer-counts-jellyfish/15/SRR8088183.kmer.gz; FASTQ offset: auto-detect, threshold: off; cut homopolymers: off; remove PCR duplicates: no; colour: 0
[11 Dec 2019 21:12:53-YAm][memory] 104 bits per kmer
[11 Dec 2019 21:12:53-YAm] Note: Using less memory than requested (784MB < 3GB); allows for 62,914,560 kmers
[11 Dec 2019 21:12:53-YAm][memory] graph: 784MB
[11 Dec 2019 21:12:53-YAm][memory] total: 784MB of 62.6GB RAM
[11 Dec 2019 21:12:53-YAm] Writing 1 colour graph to microbial/bigsi/15/mccortex.SRR8088183.ctx
[11 Dec 2019 21:12:53-YAm][hasht] Allocating table with 62,914,560 entries, using 484MB
[11 Dec 2019 21:12:53-YAm][hasht]  number of buckets: 2,097,152, bucket size: 30
[11 Dec 2019 21:12:53-YAm][graph] kmer-size: 15; colours: 1; capacity: 62,914,560
[11 Dec 2019 21:12:53-YAm][hasht] buckets: 2,097,152 [2^21]; bucket size: 30; 
[11 Dec 2019 21:12:53-YAm][hasht] memory: 484MB; filled: 0 / 62,914,560 (0.00%)
[11 Dec 2019 21:12:53-YAm][asyncio] Inputs: 1; Threads: 1
[11 Dec 2019 21:12:53-YAm][seq] Parsing sequence file microbial/kmer-counts-jellyfish/15/SRR8088183.kmer.gz
[11 Dec 2019 21:12:57-YAm][seq] Loaded 2,373,895 reads and 0 reads pairs (file: microbial/kmer-counts-jellyfish/15/SRR8088183.kmer.gz)
[11 Dec 2019 21:12:57-YAm][hasht] buckets: 2,097,152 [2^21]; bucket size: 30; 
[11 Dec 2019 21:12:57-YAm][hasht] memory: 484MB; filled: 2,373,895 / 62,914,560 (3.77%)
[11 Dec 2019 21:12:57-YAm][hasht]  collisions  0: 2373895
[11 Dec 2019 21:12:57-YAm][task] input: microbial/kmer-counts-jellyfish/15/SRR8088183.kmer.gz colour: 0
[11 Dec 2019 21:12:57-YAm]  SE reads: 2,373,895  PE reads: 0
[11 Dec 2019 21:12:57-YAm]  good reads: 2,373,895  bad reads: 0
[11 Dec 2019 21:12:57-YAm]  dup SE reads: 0  dup PE pairs: 0
[11 Dec 2019 21:12:57-YAm]  bases read: 35,608,425  bases loaded: 35,608,425
[11 Dec 2019 21:12:57-YAm]  num contigs: 2,373,895  num kmers: 2,373,895 novel kmers: 2,373,895
[11 Dec 2019 21:12:57-YAm] Dumping graph...
[11 Dec 2019 21:12:57-YAm][graphwriter] Saving file to: microbial/bigsi/15/mccortex.SRR8088183.ctx
[11 Dec 2019 21:12:57-YAm][FileFilter] Writing graph  [1 src colour]
[11 Dec 2019 21:12:57-YAm][graphwriter] Dumped 2,373,895 kmers in 1 colour into: microbial/bigsi/15/mccortex.SRR8088183.ctx (ver: 6)
[11 Dec 2019 21:12:57-YAm][memory] We made 19 allocs
[11 Dec 2019 21:12:57-YAm] Done.
[11 Dec 2019 21:12:57-YAm][time] 4.00 seconds
	Command being timed: "mccortex 15 build --nkmers 61000000 --threads 1 --kmer 15 --mem 3G --sample SRR8088183 --seq microbial/kmer-counts-jellyfish/15/SRR8088183.kmer.gz microbial/bigsi/15/mccortex.SRR8088183.ctx"
	User time (seconds): 5.04
	System time (seconds): 2.24
	Percent of CPU this job got: 164%
	Elapsed (wall clock) time (h:mm:ss or m:ss): 0:04.43
	Average shared text size (kbytes): 0
	Average unshared data size (kbytes): 0
	Average stack size (kbytes): 0
	Average total size (kbytes): 0
	Maximum resident set size (kbytes): 750700
	Average resident set size (kbytes): 0
	Major (requiring I/O) page faults: 0
	Minor (reclaiming a frame) page faults: 630464
	Voluntary context switches: 274996
	Involuntary context switches: 21709
	Swaps: 0
	File system inputs: 23336
	File system outputs: 60288
	Socket messages sent: 0
	Socket messages received: 0
	Signals delivered: 0
	Page size (bytes): 4096
	Exit status: 0
