[11 Dec 2019 21:12:18-fUl][cmd] /home/CSCScience.ca/apetkau/miniconda3/envs/bigsi_mccortex/bin/mccortex31 build --nkmers 61000000 --threads 1 --kmer 15 --mem 3G --sample SRR10519469 --seq microbial/kmer-counts-jellyfish/15/SRR10519469.kmer.gz microbial/bigsi/15/mccortex.SRR10519469.ctx
[11 Dec 2019 21:12:18-fUl][cwd] /home/CSCScience.ca/apetkau/workspace/comp7934-project
[11 Dec 2019 21:12:18-fUl][version] mccortex=v0.0.3-610-g400c0e3 zlib=1.2.11 htslib=1.8-17-g699ed53 ASSERTS=ON hash=Lookup3 CHECKS=ON k=3..31
[11 Dec 2019 21:12:18-fUl] Saving graph to: microbial/bigsi/15/mccortex.SRR10519469.ctx
[11 Dec 2019 21:12:18-fUl][sample] 0: SRR10519469
[11 Dec 2019 21:12:18-fUl][task] microbial/kmer-counts-jellyfish/15/SRR10519469.kmer.gz; FASTQ offset: auto-detect, threshold: off; cut homopolymers: off; remove PCR duplicates: no; colour: 0
[11 Dec 2019 21:12:18-fUl][memory] 104 bits per kmer
[11 Dec 2019 21:12:18-fUl] Note: Using less memory than requested (784MB < 3GB); allows for 62,914,560 kmers
[11 Dec 2019 21:12:18-fUl][memory] graph: 784MB
[11 Dec 2019 21:12:18-fUl][memory] total: 784MB of 62.6GB RAM
[11 Dec 2019 21:12:18-fUl] Writing 1 colour graph to microbial/bigsi/15/mccortex.SRR10519469.ctx
[11 Dec 2019 21:12:18-fUl][hasht] Allocating table with 62,914,560 entries, using 484MB
[11 Dec 2019 21:12:18-fUl][hasht]  number of buckets: 2,097,152, bucket size: 30
[11 Dec 2019 21:12:18-fUl][graph] kmer-size: 15; colours: 1; capacity: 62,914,560
[11 Dec 2019 21:12:18-fUl][hasht] buckets: 2,097,152 [2^21]; bucket size: 30; 
[11 Dec 2019 21:12:18-fUl][hasht] memory: 484MB; filled: 0 / 62,914,560 (0.00%)
[11 Dec 2019 21:12:18-fUl][asyncio] Inputs: 1; Threads: 1
[11 Dec 2019 21:12:18-fUl][seq] Parsing sequence file microbial/kmer-counts-jellyfish/15/SRR10519469.kmer.gz
[11 Dec 2019 21:12:21-fUl][seq] Loaded 1,633,112 reads and 0 reads pairs (file: microbial/kmer-counts-jellyfish/15/SRR10519469.kmer.gz)
[11 Dec 2019 21:12:21-fUl][hasht] buckets: 2,097,152 [2^21]; bucket size: 30; 
[11 Dec 2019 21:12:21-fUl][hasht] memory: 484MB; filled: 1,633,112 / 62,914,560 (2.60%)
[11 Dec 2019 21:12:21-fUl][hasht]  collisions  0: 1633112
[11 Dec 2019 21:12:21-fUl][task] input: microbial/kmer-counts-jellyfish/15/SRR10519469.kmer.gz colour: 0
[11 Dec 2019 21:12:21-fUl]  SE reads: 1,633,112  PE reads: 0
[11 Dec 2019 21:12:21-fUl]  good reads: 1,633,112  bad reads: 0
[11 Dec 2019 21:12:21-fUl]  dup SE reads: 0  dup PE pairs: 0
[11 Dec 2019 21:12:21-fUl]  bases read: 24,496,680  bases loaded: 24,496,680
[11 Dec 2019 21:12:21-fUl]  num contigs: 1,633,112  num kmers: 1,633,112 novel kmers: 1,633,112
[11 Dec 2019 21:12:21-fUl] Dumping graph...
[11 Dec 2019 21:12:21-fUl][graphwriter] Saving file to: microbial/bigsi/15/mccortex.SRR10519469.ctx
[11 Dec 2019 21:12:21-fUl][FileFilter] Writing graph  [1 src colour]
[11 Dec 2019 21:12:22-fUl][graphwriter] Dumped 1,633,112 kmers in 1 colour into: microbial/bigsi/15/mccortex.SRR10519469.ctx (ver: 6)
[11 Dec 2019 21:12:22-fUl][memory] We made 19 allocs
[11 Dec 2019 21:12:22-fUl] Done.
[11 Dec 2019 21:12:22-fUl][time] 4.00 seconds
	Command being timed: "mccortex 15 build --nkmers 61000000 --threads 1 --kmer 15 --mem 3G --sample SRR10519469 --seq microbial/kmer-counts-jellyfish/15/SRR10519469.kmer.gz microbial/bigsi/15/mccortex.SRR10519469.ctx"
	User time (seconds): 4.60
	System time (seconds): 2.15
	Percent of CPU this job got: 160%
	Elapsed (wall clock) time (h:mm:ss or m:ss): 0:04.21
	Average shared text size (kbytes): 0
	Average unshared data size (kbytes): 0
	Average stack size (kbytes): 0
	Average total size (kbytes): 0
	Maximum resident set size (kbytes): 750904
	Average resident set size (kbytes): 0
	Major (requiring I/O) page faults: 0
	Minor (reclaiming a frame) page faults: 513087
	Voluntary context switches: 211011
	Involuntary context switches: 8348
	Swaps: 0
	File system inputs: 0
	File system outputs: 41480
	Socket messages sent: 0
	Socket messages received: 0
	Signals delivered: 0
	Page size (bytes): 4096
	Exit status: 0
