[11 Dec 2019 21:12:18-guS][cmd] /home/CSCScience.ca/apetkau/miniconda3/envs/bigsi_mccortex/bin/mccortex31 build --nkmers 61000000 --threads 1 --kmer 15 --mem 3G --sample SRR10519637 --seq microbial/kmer-counts-jellyfish/15/SRR10519637.kmer.gz microbial/bigsi/15/mccortex.SRR10519637.ctx
[11 Dec 2019 21:12:18-guS][cwd] /home/CSCScience.ca/apetkau/workspace/comp7934-project
[11 Dec 2019 21:12:18-guS][version] mccortex=v0.0.3-610-g400c0e3 zlib=1.2.11 htslib=1.8-17-g699ed53 ASSERTS=ON hash=Lookup3 CHECKS=ON k=3..31
[11 Dec 2019 21:12:18-guS] Saving graph to: microbial/bigsi/15/mccortex.SRR10519637.ctx
[11 Dec 2019 21:12:18-guS][sample] 0: SRR10519637
[11 Dec 2019 21:12:18-guS][task] microbial/kmer-counts-jellyfish/15/SRR10519637.kmer.gz; FASTQ offset: auto-detect, threshold: off; cut homopolymers: off; remove PCR duplicates: no; colour: 0
[11 Dec 2019 21:12:18-guS][memory] 104 bits per kmer
[11 Dec 2019 21:12:18-guS] Note: Using less memory than requested (784MB < 3GB); allows for 62,914,560 kmers
[11 Dec 2019 21:12:18-guS][memory] graph: 784MB
[11 Dec 2019 21:12:18-guS][memory] total: 784MB of 62.6GB RAM
[11 Dec 2019 21:12:18-guS] Writing 1 colour graph to microbial/bigsi/15/mccortex.SRR10519637.ctx
[11 Dec 2019 21:12:18-guS][hasht] Allocating table with 62,914,560 entries, using 484MB
[11 Dec 2019 21:12:18-guS][hasht]  number of buckets: 2,097,152, bucket size: 30
[11 Dec 2019 21:12:18-guS][graph] kmer-size: 15; colours: 1; capacity: 62,914,560
[11 Dec 2019 21:12:18-guS][hasht] buckets: 2,097,152 [2^21]; bucket size: 30; 
[11 Dec 2019 21:12:18-guS][hasht] memory: 484MB; filled: 0 / 62,914,560 (0.00%)
[11 Dec 2019 21:12:18-guS][asyncio] Inputs: 1; Threads: 1
[11 Dec 2019 21:12:18-guS][seq] Parsing sequence file microbial/kmer-counts-jellyfish/15/SRR10519637.kmer.gz
[11 Dec 2019 21:12:25-guS][seq] Loaded 3,942,952 reads and 0 reads pairs (file: microbial/kmer-counts-jellyfish/15/SRR10519637.kmer.gz)
[11 Dec 2019 21:12:25-guS][hasht] buckets: 2,097,152 [2^21]; bucket size: 30; 
[11 Dec 2019 21:12:25-guS][hasht] memory: 484MB; filled: 3,942,952 / 62,914,560 (6.27%)
[11 Dec 2019 21:12:25-guS][hasht]  collisions  0: 3942952
[11 Dec 2019 21:12:25-guS][task] input: microbial/kmer-counts-jellyfish/15/SRR10519637.kmer.gz colour: 0
[11 Dec 2019 21:12:25-guS]  SE reads: 3,942,952  PE reads: 0
[11 Dec 2019 21:12:25-guS]  good reads: 3,942,952  bad reads: 0
[11 Dec 2019 21:12:25-guS]  dup SE reads: 0  dup PE pairs: 0
[11 Dec 2019 21:12:25-guS]  bases read: 59,144,280  bases loaded: 59,144,280
[11 Dec 2019 21:12:25-guS]  num contigs: 3,942,952  num kmers: 3,942,952 novel kmers: 3,942,952
[11 Dec 2019 21:12:25-guS] Dumping graph...
[11 Dec 2019 21:12:25-guS][graphwriter] Saving file to: microbial/bigsi/15/mccortex.SRR10519637.ctx
[11 Dec 2019 21:12:25-guS][FileFilter] Writing graph  [1 src colour]
[11 Dec 2019 21:12:26-guS][graphwriter] Dumped 3,942,952 kmers in 1 colour into: microbial/bigsi/15/mccortex.SRR10519637.ctx (ver: 6)
[11 Dec 2019 21:12:26-guS][memory] We made 19 allocs
[11 Dec 2019 21:12:26-guS] Done.
[11 Dec 2019 21:12:26-guS][time] 8.00 seconds
	Command being timed: "mccortex 15 build --nkmers 61000000 --threads 1 --kmer 15 --mem 3G --sample SRR10519637 --seq microbial/kmer-counts-jellyfish/15/SRR10519637.kmer.gz microbial/bigsi/15/mccortex.SRR10519637.ctx"
	User time (seconds): 8.69
	System time (seconds): 3.85
	Percent of CPU this job got: 163%
	Elapsed (wall clock) time (h:mm:ss or m:ss): 0:07.67
	Average shared text size (kbytes): 0
	Average unshared data size (kbytes): 0
	Average stack size (kbytes): 0
	Average total size (kbytes): 0
	Maximum resident set size (kbytes): 750756
	Average resident set size (kbytes): 0
	Major (requiring I/O) page faults: 0
	Minor (reclaiming a frame) page faults: 816724
	Voluntary context switches: 423223
	Involuntary context switches: 49076
	Swaps: 0
	File system inputs: 0
	File system outputs: 100128
	Socket messages sent: 0
	Socket messages received: 0
	Signals delivered: 0
	Page size (bytes): 4096
	Exit status: 0
