[11 Dec 2019 21:12:47-KAG][cmd] /home/CSCScience.ca/apetkau/miniconda3/envs/bigsi_mccortex/bin/mccortex31 build --nkmers 61000000 --threads 1 --kmer 15 --mem 3G --sample SRR10527353 --seq microbial/kmer-counts-jellyfish/15/SRR10527353.kmer.gz microbial/bigsi/15/mccortex.SRR10527353.ctx
[11 Dec 2019 21:12:47-KAG][cwd] /home/CSCScience.ca/apetkau/workspace/comp7934-project
[11 Dec 2019 21:12:47-KAG][version] mccortex=v0.0.3-610-g400c0e3 zlib=1.2.11 htslib=1.8-17-g699ed53 ASSERTS=ON hash=Lookup3 CHECKS=ON k=3..31
[11 Dec 2019 21:12:47-KAG] Saving graph to: microbial/bigsi/15/mccortex.SRR10527353.ctx
[11 Dec 2019 21:12:47-KAG][sample] 0: SRR10527353
[11 Dec 2019 21:12:47-KAG][task] microbial/kmer-counts-jellyfish/15/SRR10527353.kmer.gz; FASTQ offset: auto-detect, threshold: off; cut homopolymers: off; remove PCR duplicates: no; colour: 0
[11 Dec 2019 21:12:47-KAG][memory] 104 bits per kmer
[11 Dec 2019 21:12:47-KAG] Note: Using less memory than requested (784MB < 3GB); allows for 62,914,560 kmers
[11 Dec 2019 21:12:47-KAG][memory] graph: 784MB
[11 Dec 2019 21:12:47-KAG][memory] total: 784MB of 62.6GB RAM
[11 Dec 2019 21:12:47-KAG] Writing 1 colour graph to microbial/bigsi/15/mccortex.SRR10527353.ctx
[11 Dec 2019 21:12:47-KAG][hasht] Allocating table with 62,914,560 entries, using 484MB
[11 Dec 2019 21:12:47-KAG][hasht]  number of buckets: 2,097,152, bucket size: 30
[11 Dec 2019 21:12:47-KAG][graph] kmer-size: 15; colours: 1; capacity: 62,914,560
[11 Dec 2019 21:12:47-KAG][hasht] buckets: 2,097,152 [2^21]; bucket size: 30; 
[11 Dec 2019 21:12:47-KAG][hasht] memory: 484MB; filled: 0 / 62,914,560 (0.00%)
[11 Dec 2019 21:12:47-KAG][asyncio] Inputs: 1; Threads: 1
[11 Dec 2019 21:12:47-KAG][seq] Parsing sequence file microbial/kmer-counts-jellyfish/15/SRR10527353.kmer.gz
[11 Dec 2019 21:12:56-KAG][seq] Loaded 3,994,103 reads and 0 reads pairs (file: microbial/kmer-counts-jellyfish/15/SRR10527353.kmer.gz)
[11 Dec 2019 21:12:56-KAG][hasht] buckets: 2,097,152 [2^21]; bucket size: 30; 
[11 Dec 2019 21:12:56-KAG][hasht] memory: 484MB; filled: 3,994,103 / 62,914,560 (6.35%)
[11 Dec 2019 21:12:56-KAG][hasht]  collisions  0: 3994103
[11 Dec 2019 21:12:56-KAG][task] input: microbial/kmer-counts-jellyfish/15/SRR10527353.kmer.gz colour: 0
[11 Dec 2019 21:12:56-KAG]  SE reads: 3,994,103  PE reads: 0
[11 Dec 2019 21:12:56-KAG]  good reads: 3,994,103  bad reads: 0
[11 Dec 2019 21:12:56-KAG]  dup SE reads: 0  dup PE pairs: 0
[11 Dec 2019 21:12:56-KAG]  bases read: 59,911,545  bases loaded: 59,911,545
[11 Dec 2019 21:12:56-KAG]  num contigs: 3,994,103  num kmers: 3,994,103 novel kmers: 3,994,103
[11 Dec 2019 21:12:56-KAG] Dumping graph...
[11 Dec 2019 21:12:56-KAG][graphwriter] Saving file to: microbial/bigsi/15/mccortex.SRR10527353.ctx
[11 Dec 2019 21:12:56-KAG][FileFilter] Writing graph  [1 src colour]
[11 Dec 2019 21:12:56-KAG][graphwriter] Dumped 3,994,103 kmers in 1 colour into: microbial/bigsi/15/mccortex.SRR10527353.ctx (ver: 6)
[11 Dec 2019 21:12:56-KAG][memory] We made 19 allocs
[11 Dec 2019 21:12:56-KAG] Done.
[11 Dec 2019 21:12:56-KAG][time] 9.00 seconds
	Command being timed: "mccortex 15 build --nkmers 61000000 --threads 1 --kmer 15 --mem 3G --sample SRR10527353 --seq microbial/kmer-counts-jellyfish/15/SRR10527353.kmer.gz microbial/bigsi/15/mccortex.SRR10527353.ctx"
	User time (seconds): 12.20
	System time (seconds): 3.76
	Percent of CPU this job got: 172%
	Elapsed (wall clock) time (h:mm:ss or m:ss): 0:09.26
	Average shared text size (kbytes): 0
	Average unshared data size (kbytes): 0
	Average stack size (kbytes): 0
	Average total size (kbytes): 0
	Maximum resident set size (kbytes): 750644
	Average resident set size (kbytes): 0
	Major (requiring I/O) page faults: 0
	Minor (reclaiming a frame) page faults: 999447
	Voluntary context switches: 346089
	Involuntary context switches: 23989
	Swaps: 0
	File system inputs: 0
	File system outputs: 101424
	Socket messages sent: 0
	Socket messages received: 0
	Signals delivered: 0
	Page size (bytes): 4096
	Exit status: 0
