[11 Dec 2019 21:11:04-kEs][cmd] /home/CSCScience.ca/apetkau/miniconda3/envs/bigsi_mccortex/bin/mccortex31 build --nkmers 61000000 --threads 1 --kmer 15 --mem 3G --sample ERR3656002 --seq microbial/kmer-counts-jellyfish/15/ERR3656002.kmer.gz microbial/bigsi/15/mccortex.ERR3656002.ctx
[11 Dec 2019 21:11:04-kEs][cwd] /home/CSCScience.ca/apetkau/workspace/comp7934-project
[11 Dec 2019 21:11:04-kEs][version] mccortex=v0.0.3-610-g400c0e3 zlib=1.2.11 htslib=1.8-17-g699ed53 ASSERTS=ON hash=Lookup3 CHECKS=ON k=3..31
[11 Dec 2019 21:11:04-kEs] Saving graph to: microbial/bigsi/15/mccortex.ERR3656002.ctx
[11 Dec 2019 21:11:04-kEs][sample] 0: ERR3656002
[11 Dec 2019 21:11:04-kEs][task] microbial/kmer-counts-jellyfish/15/ERR3656002.kmer.gz; FASTQ offset: auto-detect, threshold: off; cut homopolymers: off; remove PCR duplicates: no; colour: 0
[11 Dec 2019 21:11:04-kEs][memory] 104 bits per kmer
[11 Dec 2019 21:11:04-kEs] Note: Using less memory than requested (784MB < 3GB); allows for 62,914,560 kmers
[11 Dec 2019 21:11:04-kEs][memory] graph: 784MB
[11 Dec 2019 21:11:04-kEs][memory] total: 784MB of 62.6GB RAM
[11 Dec 2019 21:11:04-kEs] Writing 1 colour graph to microbial/bigsi/15/mccortex.ERR3656002.ctx
[11 Dec 2019 21:11:04-kEs][hasht] Allocating table with 62,914,560 entries, using 484MB
[11 Dec 2019 21:11:04-kEs][hasht]  number of buckets: 2,097,152, bucket size: 30
[11 Dec 2019 21:11:04-kEs][graph] kmer-size: 15; colours: 1; capacity: 62,914,560
[11 Dec 2019 21:11:04-kEs][hasht] buckets: 2,097,152 [2^21]; bucket size: 30; 
[11 Dec 2019 21:11:04-kEs][hasht] memory: 484MB; filled: 0 / 62,914,560 (0.00%)
[11 Dec 2019 21:11:04-kEs][asyncio] Inputs: 1; Threads: 1
[11 Dec 2019 21:11:04-kEs][seq] Parsing sequence file microbial/kmer-counts-jellyfish/15/ERR3656002.kmer.gz
[11 Dec 2019 21:11:15-kEs][seq] Loaded 4,954,526 reads and 0 reads pairs (file: microbial/kmer-counts-jellyfish/15/ERR3656002.kmer.gz)
[11 Dec 2019 21:11:15-kEs][hasht] buckets: 2,097,152 [2^21]; bucket size: 30; 
[11 Dec 2019 21:11:15-kEs][hasht] memory: 484MB; filled: 4,954,526 / 62,914,560 (7.88%)
[11 Dec 2019 21:11:15-kEs][hasht]  collisions  0: 4954526
[11 Dec 2019 21:11:15-kEs][task] input: microbial/kmer-counts-jellyfish/15/ERR3656002.kmer.gz colour: 0
[11 Dec 2019 21:11:15-kEs]  SE reads: 4,954,526  PE reads: 0
[11 Dec 2019 21:11:15-kEs]  good reads: 4,954,526  bad reads: 0
[11 Dec 2019 21:11:15-kEs]  dup SE reads: 0  dup PE pairs: 0
[11 Dec 2019 21:11:15-kEs]  bases read: 74,317,890  bases loaded: 74,317,890
[11 Dec 2019 21:11:15-kEs]  num contigs: 4,954,526  num kmers: 4,954,526 novel kmers: 4,954,526
[11 Dec 2019 21:11:15-kEs] Dumping graph...
[11 Dec 2019 21:11:15-kEs][graphwriter] Saving file to: microbial/bigsi/15/mccortex.ERR3656002.ctx
[11 Dec 2019 21:11:15-kEs][FileFilter] Writing graph  [1 src colour]
[11 Dec 2019 21:11:15-kEs][graphwriter] Dumped 4,954,526 kmers in 1 colour into: microbial/bigsi/15/mccortex.ERR3656002.ctx (ver: 6)
[11 Dec 2019 21:11:15-kEs][memory] We made 19 allocs
[11 Dec 2019 21:11:15-kEs] Done.
[11 Dec 2019 21:11:15-kEs][time] 11.00 seconds
	Command being timed: "mccortex 15 build --nkmers 61000000 --threads 1 --kmer 15 --mem 3G --sample ERR3656002 --seq microbial/kmer-counts-jellyfish/15/ERR3656002.kmer.gz microbial/bigsi/15/mccortex.ERR3656002.ctx"
	User time (seconds): 12.54
	System time (seconds): 5.56
	Percent of CPU this job got: 161%
	Elapsed (wall clock) time (h:mm:ss or m:ss): 0:11.21
	Average shared text size (kbytes): 0
	Average unshared data size (kbytes): 0
	Average stack size (kbytes): 0
	Average total size (kbytes): 0
	Maximum resident set size (kbytes): 750640
	Average resident set size (kbytes): 0
	Major (requiring I/O) page faults: 0
	Minor (reclaiming a frame) page faults: 936806
	Voluntary context switches: 523770
	Involuntary context switches: 76687
	Swaps: 0
	File system inputs: 48360
	File system outputs: 125816
	Socket messages sent: 0
	Socket messages received: 0
	Signals delivered: 0
	Page size (bytes): 4096
	Exit status: 0
