[11 Dec 2019 21:11:04-NuH][cmd] /home/CSCScience.ca/apetkau/miniconda3/envs/bigsi_mccortex/bin/mccortex31 build --nkmers 61000000 --threads 1 --kmer 15 --mem 3G --sample ERR3656018 --seq microbial/kmer-counts-jellyfish/15/ERR3656018.kmer.gz microbial/bigsi/15/mccortex.ERR3656018.ctx
[11 Dec 2019 21:11:04-NuH][cwd] /home/CSCScience.ca/apetkau/workspace/comp7934-project
[11 Dec 2019 21:11:04-NuH][version] mccortex=v0.0.3-610-g400c0e3 zlib=1.2.11 htslib=1.8-17-g699ed53 ASSERTS=ON hash=Lookup3 CHECKS=ON k=3..31
[11 Dec 2019 21:11:04-NuH] Saving graph to: microbial/bigsi/15/mccortex.ERR3656018.ctx
[11 Dec 2019 21:11:04-NuH][sample] 0: ERR3656018
[11 Dec 2019 21:11:04-NuH][task] microbial/kmer-counts-jellyfish/15/ERR3656018.kmer.gz; FASTQ offset: auto-detect, threshold: off; cut homopolymers: off; remove PCR duplicates: no; colour: 0
[11 Dec 2019 21:11:04-NuH][memory] 104 bits per kmer
[11 Dec 2019 21:11:04-NuH] Note: Using less memory than requested (784MB < 3GB); allows for 62,914,560 kmers
[11 Dec 2019 21:11:04-NuH][memory] graph: 784MB
[11 Dec 2019 21:11:04-NuH][memory] total: 784MB of 62.6GB RAM
[11 Dec 2019 21:11:04-NuH] Writing 1 colour graph to microbial/bigsi/15/mccortex.ERR3656018.ctx
[11 Dec 2019 21:11:04-NuH][hasht] Allocating table with 62,914,560 entries, using 484MB
[11 Dec 2019 21:11:04-NuH][hasht]  number of buckets: 2,097,152, bucket size: 30
[11 Dec 2019 21:11:04-NuH][graph] kmer-size: 15; colours: 1; capacity: 62,914,560
[11 Dec 2019 21:11:04-NuH][hasht] buckets: 2,097,152 [2^21]; bucket size: 30; 
[11 Dec 2019 21:11:04-NuH][hasht] memory: 484MB; filled: 0 / 62,914,560 (0.00%)
[11 Dec 2019 21:11:04-NuH][asyncio] Inputs: 1; Threads: 1
[11 Dec 2019 21:11:04-NuH][seq] Parsing sequence file microbial/kmer-counts-jellyfish/15/ERR3656018.kmer.gz
[11 Dec 2019 21:11:13-NuH][seq] Loaded 4,670,141 reads and 0 reads pairs (file: microbial/kmer-counts-jellyfish/15/ERR3656018.kmer.gz)
[11 Dec 2019 21:11:13-NuH][hasht] buckets: 2,097,152 [2^21]; bucket size: 30; 
[11 Dec 2019 21:11:13-NuH][hasht] memory: 484MB; filled: 4,670,141 / 62,914,560 (7.42%)
[11 Dec 2019 21:11:13-NuH][hasht]  collisions  0: 4670141
[11 Dec 2019 21:11:13-NuH][task] input: microbial/kmer-counts-jellyfish/15/ERR3656018.kmer.gz colour: 0
[11 Dec 2019 21:11:13-NuH]  SE reads: 4,670,141  PE reads: 0
[11 Dec 2019 21:11:13-NuH]  good reads: 4,670,141  bad reads: 0
[11 Dec 2019 21:11:13-NuH]  dup SE reads: 0  dup PE pairs: 0
[11 Dec 2019 21:11:13-NuH]  bases read: 70,052,115  bases loaded: 70,052,115
[11 Dec 2019 21:11:13-NuH]  num contigs: 4,670,141  num kmers: 4,670,141 novel kmers: 4,670,141
[11 Dec 2019 21:11:13-NuH] Dumping graph...
[11 Dec 2019 21:11:13-NuH][graphwriter] Saving file to: microbial/bigsi/15/mccortex.ERR3656018.ctx
[11 Dec 2019 21:11:13-NuH][FileFilter] Writing graph  [1 src colour]
[11 Dec 2019 21:11:14-NuH][graphwriter] Dumped 4,670,141 kmers in 1 colour into: microbial/bigsi/15/mccortex.ERR3656018.ctx (ver: 6)
[11 Dec 2019 21:11:14-NuH][memory] We made 19 allocs
[11 Dec 2019 21:11:14-NuH] Done.
[11 Dec 2019 21:11:14-NuH][time] 10.00 seconds
	Command being timed: "mccortex 15 build --nkmers 61000000 --threads 1 --kmer 15 --mem 3G --sample ERR3656018 --seq microbial/kmer-counts-jellyfish/15/ERR3656018.kmer.gz microbial/bigsi/15/mccortex.ERR3656018.ctx"
	User time (seconds): 11.29
	System time (seconds): 4.83
	Percent of CPU this job got: 166%
	Elapsed (wall clock) time (h:mm:ss or m:ss): 0:09.71
	Average shared text size (kbytes): 0
	Average unshared data size (kbytes): 0
	Average stack size (kbytes): 0
	Average total size (kbytes): 0
	Maximum resident set size (kbytes): 750576
	Average resident set size (kbytes): 0
	Major (requiring I/O) page faults: 0
	Minor (reclaiming a frame) page faults: 743705
	Voluntary context switches: 406526
	Involuntary context switches: 38671
	Swaps: 0
	File system inputs: 0
	File system outputs: 118600
	Socket messages sent: 0
	Socket messages received: 0
	Signals delivered: 0
	Page size (bytes): 4096
	Exit status: 0
