[11 Dec 2019 21:12:14-LAr][cmd] /home/CSCScience.ca/apetkau/miniconda3/envs/bigsi_mccortex/bin/mccortex31 build --nkmers 61000000 --threads 1 --kmer 15 --mem 3G --sample SRR10513326 --seq microbial/kmer-counts-jellyfish/15/SRR10513326.kmer.gz microbial/bigsi/15/mccortex.SRR10513326.ctx
[11 Dec 2019 21:12:14-LAr][cwd] /home/CSCScience.ca/apetkau/workspace/comp7934-project
[11 Dec 2019 21:12:14-LAr][version] mccortex=v0.0.3-610-g400c0e3 zlib=1.2.11 htslib=1.8-17-g699ed53 ASSERTS=ON hash=Lookup3 CHECKS=ON k=3..31
[11 Dec 2019 21:12:14-LAr] Saving graph to: microbial/bigsi/15/mccortex.SRR10513326.ctx
[11 Dec 2019 21:12:14-LAr][sample] 0: SRR10513326
[11 Dec 2019 21:12:14-LAr][task] microbial/kmer-counts-jellyfish/15/SRR10513326.kmer.gz; FASTQ offset: auto-detect, threshold: off; cut homopolymers: off; remove PCR duplicates: no; colour: 0
[11 Dec 2019 21:12:14-LAr][memory] 104 bits per kmer
[11 Dec 2019 21:12:14-LAr] Note: Using less memory than requested (784MB < 3GB); allows for 62,914,560 kmers
[11 Dec 2019 21:12:14-LAr][memory] graph: 784MB
[11 Dec 2019 21:12:14-LAr][memory] total: 784MB of 62.6GB RAM
[11 Dec 2019 21:12:14-LAr] Writing 1 colour graph to microbial/bigsi/15/mccortex.SRR10513326.ctx
[11 Dec 2019 21:12:14-LAr][hasht] Allocating table with 62,914,560 entries, using 484MB
[11 Dec 2019 21:12:14-LAr][hasht]  number of buckets: 2,097,152, bucket size: 30
[11 Dec 2019 21:12:14-LAr][graph] kmer-size: 15; colours: 1; capacity: 62,914,560
[11 Dec 2019 21:12:14-LAr][hasht] buckets: 2,097,152 [2^21]; bucket size: 30; 
[11 Dec 2019 21:12:14-LAr][hasht] memory: 484MB; filled: 0 / 62,914,560 (0.00%)
[11 Dec 2019 21:12:14-LAr][asyncio] Inputs: 1; Threads: 1
[11 Dec 2019 21:12:14-LAr][seq] Parsing sequence file microbial/kmer-counts-jellyfish/15/SRR10513326.kmer.gz
[11 Dec 2019 21:12:19-LAr][seq] Loaded 2,755,921 reads and 0 reads pairs (file: microbial/kmer-counts-jellyfish/15/SRR10513326.kmer.gz)
[11 Dec 2019 21:12:19-LAr][hasht] buckets: 2,097,152 [2^21]; bucket size: 30; 
[11 Dec 2019 21:12:19-LAr][hasht] memory: 484MB; filled: 2,755,921 / 62,914,560 (4.38%)
[11 Dec 2019 21:12:19-LAr][hasht]  collisions  0: 2755921
[11 Dec 2019 21:12:19-LAr][task] input: microbial/kmer-counts-jellyfish/15/SRR10513326.kmer.gz colour: 0
[11 Dec 2019 21:12:19-LAr]  SE reads: 2,755,921  PE reads: 0
[11 Dec 2019 21:12:19-LAr]  good reads: 2,755,921  bad reads: 0
[11 Dec 2019 21:12:19-LAr]  dup SE reads: 0  dup PE pairs: 0
[11 Dec 2019 21:12:19-LAr]  bases read: 41,338,815  bases loaded: 41,338,815
[11 Dec 2019 21:12:19-LAr]  num contigs: 2,755,921  num kmers: 2,755,921 novel kmers: 2,755,921
[11 Dec 2019 21:12:19-LAr] Dumping graph...
[11 Dec 2019 21:12:19-LAr][graphwriter] Saving file to: microbial/bigsi/15/mccortex.SRR10513326.ctx
[11 Dec 2019 21:12:19-LAr][FileFilter] Writing graph  [1 src colour]
[11 Dec 2019 21:12:19-LAr][graphwriter] Dumped 2,755,921 kmers in 1 colour into: microbial/bigsi/15/mccortex.SRR10513326.ctx (ver: 6)
[11 Dec 2019 21:12:19-LAr][memory] We made 19 allocs
[11 Dec 2019 21:12:19-LAr] Done.
[11 Dec 2019 21:12:19-LAr][time] 5.00 seconds
	Command being timed: "mccortex 15 build --nkmers 61000000 --threads 1 --kmer 15 --mem 3G --sample SRR10513326 --seq microbial/kmer-counts-jellyfish/15/SRR10513326.kmer.gz microbial/bigsi/15/mccortex.SRR10513326.ctx"
	User time (seconds): 5.94
	System time (seconds): 3.09
	Percent of CPU this job got: 170%
	Elapsed (wall clock) time (h:mm:ss or m:ss): 0:05.31
	Average shared text size (kbytes): 0
	Average unshared data size (kbytes): 0
	Average stack size (kbytes): 0
	Average total size (kbytes): 0
	Maximum resident set size (kbytes): 750632
	Average resident set size (kbytes): 0
	Major (requiring I/O) page faults: 0
	Minor (reclaiming a frame) page faults: 628798
	Voluntary context switches: 296975
	Involuntary context switches: 29
	Swaps: 0
	File system inputs: 0
	File system outputs: 69984
	Socket messages sent: 0
	Socket messages received: 0
	Signals delivered: 0
	Page size (bytes): 4096
	Exit status: 0
