[11 Dec 2019 21:11:04-vug][cmd] /home/CSCScience.ca/apetkau/miniconda3/envs/bigsi_mccortex/bin/mccortex31 build --nkmers 61000000 --threads 1 --kmer 15 --mem 3G --sample ERR3655998 --seq microbial/kmer-counts-jellyfish/15/ERR3655998.kmer.gz microbial/bigsi/15/mccortex.ERR3655998.ctx
[11 Dec 2019 21:11:04-vug][cwd] /home/CSCScience.ca/apetkau/workspace/comp7934-project
[11 Dec 2019 21:11:04-vug][version] mccortex=v0.0.3-610-g400c0e3 zlib=1.2.11 htslib=1.8-17-g699ed53 ASSERTS=ON hash=Lookup3 CHECKS=ON k=3..31
[11 Dec 2019 21:11:04-vug] Saving graph to: microbial/bigsi/15/mccortex.ERR3655998.ctx
[11 Dec 2019 21:11:04-vug][sample] 0: ERR3655998
[11 Dec 2019 21:11:04-vug][task] microbial/kmer-counts-jellyfish/15/ERR3655998.kmer.gz; FASTQ offset: auto-detect, threshold: off; cut homopolymers: off; remove PCR duplicates: no; colour: 0
[11 Dec 2019 21:11:04-vug][memory] 104 bits per kmer
[11 Dec 2019 21:11:04-vug] Note: Using less memory than requested (784MB < 3GB); allows for 62,914,560 kmers
[11 Dec 2019 21:11:04-vug][memory] graph: 784MB
[11 Dec 2019 21:11:04-vug][memory] total: 784MB of 62.6GB RAM
[11 Dec 2019 21:11:04-vug] Writing 1 colour graph to microbial/bigsi/15/mccortex.ERR3655998.ctx
[11 Dec 2019 21:11:04-vug][hasht] Allocating table with 62,914,560 entries, using 484MB
[11 Dec 2019 21:11:04-vug][hasht]  number of buckets: 2,097,152, bucket size: 30
[11 Dec 2019 21:11:04-vug][graph] kmer-size: 15; colours: 1; capacity: 62,914,560
[11 Dec 2019 21:11:04-vug][hasht] buckets: 2,097,152 [2^21]; bucket size: 30; 
[11 Dec 2019 21:11:04-vug][hasht] memory: 484MB; filled: 0 / 62,914,560 (0.00%)
[11 Dec 2019 21:11:04-vug][asyncio] Inputs: 1; Threads: 1
[11 Dec 2019 21:11:04-vug][seq] Parsing sequence file microbial/kmer-counts-jellyfish/15/ERR3655998.kmer.gz
[11 Dec 2019 21:11:14-vug][seq] Loaded 4,876,724 reads and 0 reads pairs (file: microbial/kmer-counts-jellyfish/15/ERR3655998.kmer.gz)
[11 Dec 2019 21:11:14-vug][hasht] buckets: 2,097,152 [2^21]; bucket size: 30; 
[11 Dec 2019 21:11:14-vug][hasht] memory: 484MB; filled: 4,876,724 / 62,914,560 (7.75%)
[11 Dec 2019 21:11:14-vug][hasht]  collisions  0: 4876724
[11 Dec 2019 21:11:14-vug][task] input: microbial/kmer-counts-jellyfish/15/ERR3655998.kmer.gz colour: 0
[11 Dec 2019 21:11:14-vug]  SE reads: 4,876,724  PE reads: 0
[11 Dec 2019 21:11:14-vug]  good reads: 4,876,724  bad reads: 0
[11 Dec 2019 21:11:14-vug]  dup SE reads: 0  dup PE pairs: 0
[11 Dec 2019 21:11:14-vug]  bases read: 73,150,860  bases loaded: 73,150,860
[11 Dec 2019 21:11:14-vug]  num contigs: 4,876,724  num kmers: 4,876,724 novel kmers: 4,876,724
[11 Dec 2019 21:11:14-vug] Dumping graph...
[11 Dec 2019 21:11:14-vug][graphwriter] Saving file to: microbial/bigsi/15/mccortex.ERR3655998.ctx
[11 Dec 2019 21:11:14-vug][FileFilter] Writing graph  [1 src colour]
[11 Dec 2019 21:11:15-vug][graphwriter] Dumped 4,876,724 kmers in 1 colour into: microbial/bigsi/15/mccortex.ERR3655998.ctx (ver: 6)
[11 Dec 2019 21:11:15-vug][memory] We made 19 allocs
[11 Dec 2019 21:11:15-vug] Done.
[11 Dec 2019 21:11:15-vug][time] 11.00 seconds
	Command being timed: "mccortex 15 build --nkmers 61000000 --threads 1 --kmer 15 --mem 3G --sample ERR3655998 --seq microbial/kmer-counts-jellyfish/15/ERR3655998.kmer.gz microbial/bigsi/15/mccortex.ERR3655998.ctx"
	User time (seconds): 12.22
	System time (seconds): 5.87
	Percent of CPU this job got: 162%
	Elapsed (wall clock) time (h:mm:ss or m:ss): 0:11.13
	Average shared text size (kbytes): 0
	Average unshared data size (kbytes): 0
	Average stack size (kbytes): 0
	Average total size (kbytes): 0
	Maximum resident set size (kbytes): 750676
	Average resident set size (kbytes): 0
	Major (requiring I/O) page faults: 0
	Minor (reclaiming a frame) page faults: 992381
	Voluntary context switches: 503600
	Involuntary context switches: 83476
	Swaps: 0
	File system inputs: 0
	File system outputs: 123840
	Socket messages sent: 0
	Socket messages received: 0
	Signals delivered: 0
	Page size (bytes): 4096
	Exit status: 0
