[11 Dec 2019 21:11:04-zAq][cmd] /home/CSCScience.ca/apetkau/miniconda3/envs/bigsi_mccortex/bin/mccortex31 build --nkmers 61000000 --threads 1 --kmer 15 --mem 3G --sample ERR1144977 --seq microbial/kmer-counts-jellyfish/15/ERR1144977.kmer.gz microbial/bigsi/15/mccortex.ERR1144977.ctx
[11 Dec 2019 21:11:04-zAq][cwd] /home/CSCScience.ca/apetkau/workspace/comp7934-project
[11 Dec 2019 21:11:04-zAq][version] mccortex=v0.0.3-610-g400c0e3 zlib=1.2.11 htslib=1.8-17-g699ed53 ASSERTS=ON hash=Lookup3 CHECKS=ON k=3..31
[11 Dec 2019 21:11:04-zAq] Saving graph to: microbial/bigsi/15/mccortex.ERR1144977.ctx
[11 Dec 2019 21:11:04-zAq][sample] 0: ERR1144977
[11 Dec 2019 21:11:04-zAq][task] microbial/kmer-counts-jellyfish/15/ERR1144977.kmer.gz; FASTQ offset: auto-detect, threshold: off; cut homopolymers: off; remove PCR duplicates: no; colour: 0
[11 Dec 2019 21:11:04-zAq][memory] 104 bits per kmer
[11 Dec 2019 21:11:04-zAq] Note: Using less memory than requested (784MB < 3GB); allows for 62,914,560 kmers
[11 Dec 2019 21:11:04-zAq][memory] graph: 784MB
[11 Dec 2019 21:11:04-zAq][memory] total: 784MB of 62.6GB RAM
[11 Dec 2019 21:11:04-zAq] Writing 1 colour graph to microbial/bigsi/15/mccortex.ERR1144977.ctx
[11 Dec 2019 21:11:04-zAq][hasht] Allocating table with 62,914,560 entries, using 484MB
[11 Dec 2019 21:11:04-zAq][hasht]  number of buckets: 2,097,152, bucket size: 30
[11 Dec 2019 21:11:04-zAq][graph] kmer-size: 15; colours: 1; capacity: 62,914,560
[11 Dec 2019 21:11:04-zAq][hasht] buckets: 2,097,152 [2^21]; bucket size: 30; 
[11 Dec 2019 21:11:04-zAq][hasht] memory: 484MB; filled: 0 / 62,914,560 (0.00%)
[11 Dec 2019 21:11:04-zAq][asyncio] Inputs: 1; Threads: 1
[11 Dec 2019 21:11:04-zAq][seq] Parsing sequence file microbial/kmer-counts-jellyfish/15/ERR1144977.kmer.gz
[11 Dec 2019 21:11:12-zAq][seq] Loaded 3,579,312 reads and 0 reads pairs (file: microbial/kmer-counts-jellyfish/15/ERR1144977.kmer.gz)
[11 Dec 2019 21:11:12-zAq][hasht] buckets: 2,097,152 [2^21]; bucket size: 30; 
[11 Dec 2019 21:11:12-zAq][hasht] memory: 484MB; filled: 3,579,312 / 62,914,560 (5.69%)
[11 Dec 2019 21:11:12-zAq][hasht]  collisions  0: 3579312
[11 Dec 2019 21:11:12-zAq][task] input: microbial/kmer-counts-jellyfish/15/ERR1144977.kmer.gz colour: 0
[11 Dec 2019 21:11:12-zAq]  SE reads: 3,579,312  PE reads: 0
[11 Dec 2019 21:11:12-zAq]  good reads: 3,579,312  bad reads: 0
[11 Dec 2019 21:11:12-zAq]  dup SE reads: 0  dup PE pairs: 0
[11 Dec 2019 21:11:12-zAq]  bases read: 53,689,680  bases loaded: 53,689,680
[11 Dec 2019 21:11:12-zAq]  num contigs: 3,579,312  num kmers: 3,579,312 novel kmers: 3,579,312
[11 Dec 2019 21:11:12-zAq] Dumping graph...
[11 Dec 2019 21:11:12-zAq][graphwriter] Saving file to: microbial/bigsi/15/mccortex.ERR1144977.ctx
[11 Dec 2019 21:11:12-zAq][FileFilter] Writing graph  [1 src colour]
[11 Dec 2019 21:11:12-zAq][graphwriter] Dumped 3,579,312 kmers in 1 colour into: microbial/bigsi/15/mccortex.ERR1144977.ctx (ver: 6)
[11 Dec 2019 21:11:12-zAq][memory] We made 19 allocs
[11 Dec 2019 21:11:12-zAq] Done.
[11 Dec 2019 21:11:12-zAq][time] 8.00 seconds
	Command being timed: "mccortex 15 build --nkmers 61000000 --threads 1 --kmer 15 --mem 3G --sample ERR1144977 --seq microbial/kmer-counts-jellyfish/15/ERR1144977.kmer.gz microbial/bigsi/15/mccortex.ERR1144977.ctx"
	User time (seconds): 9.60
	System time (seconds): 4.58
	Percent of CPU this job got: 170%
	Elapsed (wall clock) time (h:mm:ss or m:ss): 0:08.34
	Average shared text size (kbytes): 0
	Average unshared data size (kbytes): 0
	Average stack size (kbytes): 0
	Average total size (kbytes): 0
	Maximum resident set size (kbytes): 750580
	Average resident set size (kbytes): 0
	Major (requiring I/O) page faults: 0
	Minor (reclaiming a frame) page faults: 814691
	Voluntary context switches: 391869
	Involuntary context switches: 10577
	Swaps: 0
	File system inputs: 0
	File system outputs: 90904
	Socket messages sent: 0
	Socket messages received: 0
	Signals delivered: 0
	Page size (bytes): 4096
	Exit status: 0
