[11 Dec 2019 21:11:04-MOv][cmd] /home/CSCScience.ca/apetkau/miniconda3/envs/bigsi_mccortex/bin/mccortex31 build --nkmers 61000000 --threads 1 --kmer 15 --mem 3G --sample SRR10298907 --seq microbial/kmer-counts-jellyfish/15/SRR10298907.kmer.gz microbial/bigsi/15/mccortex.SRR10298907.ctx
[11 Dec 2019 21:11:04-MOv][cwd] /home/CSCScience.ca/apetkau/workspace/comp7934-project
[11 Dec 2019 21:11:04-MOv][version] mccortex=v0.0.3-610-g400c0e3 zlib=1.2.11 htslib=1.8-17-g699ed53 ASSERTS=ON hash=Lookup3 CHECKS=ON k=3..31
[11 Dec 2019 21:11:04-MOv] Saving graph to: microbial/bigsi/15/mccortex.SRR10298907.ctx
[11 Dec 2019 21:11:04-MOv][sample] 0: SRR10298907
[11 Dec 2019 21:11:04-MOv][task] microbial/kmer-counts-jellyfish/15/SRR10298907.kmer.gz; FASTQ offset: auto-detect, threshold: off; cut homopolymers: off; remove PCR duplicates: no; colour: 0
[11 Dec 2019 21:11:04-MOv][memory] 104 bits per kmer
[11 Dec 2019 21:11:04-MOv] Note: Using less memory than requested (784MB < 3GB); allows for 62,914,560 kmers
[11 Dec 2019 21:11:04-MOv][memory] graph: 784MB
[11 Dec 2019 21:11:04-MOv][memory] total: 784MB of 62.6GB RAM
[11 Dec 2019 21:11:04-MOv] Writing 1 colour graph to microbial/bigsi/15/mccortex.SRR10298907.ctx
[11 Dec 2019 21:11:04-MOv][hasht] Allocating table with 62,914,560 entries, using 484MB
[11 Dec 2019 21:11:04-MOv][hasht]  number of buckets: 2,097,152, bucket size: 30
[11 Dec 2019 21:11:04-MOv][graph] kmer-size: 15; colours: 1; capacity: 62,914,560
[11 Dec 2019 21:11:04-MOv][hasht] buckets: 2,097,152 [2^21]; bucket size: 30; 
[11 Dec 2019 21:11:04-MOv][hasht] memory: 484MB; filled: 0 / 62,914,560 (0.00%)
[11 Dec 2019 21:11:04-MOv][asyncio] Inputs: 1; Threads: 1
[11 Dec 2019 21:11:04-MOv][seq] Parsing sequence file microbial/kmer-counts-jellyfish/15/SRR10298907.kmer.gz
[11 Dec 2019 21:11:14-MOv][seq] Loaded 3,560,958 reads and 0 reads pairs (file: microbial/kmer-counts-jellyfish/15/SRR10298907.kmer.gz)
[11 Dec 2019 21:11:14-MOv][hasht] buckets: 2,097,152 [2^21]; bucket size: 30; 
[11 Dec 2019 21:11:14-MOv][hasht] memory: 484MB; filled: 3,560,958 / 62,914,560 (5.66%)
[11 Dec 2019 21:11:14-MOv][hasht]  collisions  0: 3560958
[11 Dec 2019 21:11:14-MOv][task] input: microbial/kmer-counts-jellyfish/15/SRR10298907.kmer.gz colour: 0
[11 Dec 2019 21:11:14-MOv]  SE reads: 3,560,958  PE reads: 0
[11 Dec 2019 21:11:14-MOv]  good reads: 3,560,958  bad reads: 0
[11 Dec 2019 21:11:14-MOv]  dup SE reads: 0  dup PE pairs: 0
[11 Dec 2019 21:11:14-MOv]  bases read: 53,414,370  bases loaded: 53,414,370
[11 Dec 2019 21:11:14-MOv]  num contigs: 3,560,958  num kmers: 3,560,958 novel kmers: 3,560,958
[11 Dec 2019 21:11:14-MOv] Dumping graph...
[11 Dec 2019 21:11:14-MOv][graphwriter] Saving file to: microbial/bigsi/15/mccortex.SRR10298907.ctx
[11 Dec 2019 21:11:14-MOv][FileFilter] Writing graph  [1 src colour]
[11 Dec 2019 21:11:14-MOv][graphwriter] Dumped 3,560,958 kmers in 1 colour into: microbial/bigsi/15/mccortex.SRR10298907.ctx (ver: 6)
[11 Dec 2019 21:11:15-MOv][memory] We made 19 allocs
[11 Dec 2019 21:11:15-MOv] Done.
[11 Dec 2019 21:11:15-MOv][time] 11.00 seconds
	Command being timed: "mccortex 15 build --nkmers 61000000 --threads 1 --kmer 15 --mem 3G --sample SRR10298907 --seq microbial/kmer-counts-jellyfish/15/SRR10298907.kmer.gz microbial/bigsi/15/mccortex.SRR10298907.ctx"
	User time (seconds): 11.90
	System time (seconds): 4.83
	Percent of CPU this job got: 161%
	Elapsed (wall clock) time (h:mm:ss or m:ss): 0:10.35
	Average shared text size (kbytes): 0
	Average unshared data size (kbytes): 0
	Average stack size (kbytes): 0
	Average total size (kbytes): 0
	Maximum resident set size (kbytes): 750624
	Average resident set size (kbytes): 0
	Major (requiring I/O) page faults: 0
	Minor (reclaiming a frame) page faults: 927493
	Voluntary context switches: 423133
	Involuntary context switches: 42362
	Swaps: 0
	File system inputs: 0
	File system outputs: 90432
	Socket messages sent: 0
	Socket messages received: 0
	Signals delivered: 0
	Page size (bytes): 4096
	Exit status: 0
