[11 Dec 2019 21:11:04-ZUG][cmd] /home/CSCScience.ca/apetkau/miniconda3/envs/bigsi_mccortex/bin/mccortex31 build --nkmers 61000000 --threads 1 --kmer 15 --mem 3G --sample SRR10298906 --seq microbial/kmer-counts-jellyfish/15/SRR10298906.kmer.gz microbial/bigsi/15/mccortex.SRR10298906.ctx
[11 Dec 2019 21:11:04-ZUG][cwd] /home/CSCScience.ca/apetkau/workspace/comp7934-project
[11 Dec 2019 21:11:04-ZUG][version] mccortex=v0.0.3-610-g400c0e3 zlib=1.2.11 htslib=1.8-17-g699ed53 ASSERTS=ON hash=Lookup3 CHECKS=ON k=3..31
[11 Dec 2019 21:11:04-ZUG] Saving graph to: microbial/bigsi/15/mccortex.SRR10298906.ctx
[11 Dec 2019 21:11:04-ZUG][sample] 0: SRR10298906
[11 Dec 2019 21:11:04-ZUG][task] microbial/kmer-counts-jellyfish/15/SRR10298906.kmer.gz; FASTQ offset: auto-detect, threshold: off; cut homopolymers: off; remove PCR duplicates: no; colour: 0
[11 Dec 2019 21:11:04-ZUG][memory] 104 bits per kmer
[11 Dec 2019 21:11:04-ZUG] Note: Using less memory than requested (784MB < 3GB); allows for 62,914,560 kmers
[11 Dec 2019 21:11:04-ZUG][memory] graph: 784MB
[11 Dec 2019 21:11:04-ZUG][memory] total: 784MB of 62.6GB RAM
[11 Dec 2019 21:11:04-ZUG] Writing 1 colour graph to microbial/bigsi/15/mccortex.SRR10298906.ctx
[11 Dec 2019 21:11:04-ZUG][hasht] Allocating table with 62,914,560 entries, using 484MB
[11 Dec 2019 21:11:04-ZUG][hasht]  number of buckets: 2,097,152, bucket size: 30
[11 Dec 2019 21:11:04-ZUG][graph] kmer-size: 15; colours: 1; capacity: 62,914,560
[11 Dec 2019 21:11:04-ZUG][hasht] buckets: 2,097,152 [2^21]; bucket size: 30; 
[11 Dec 2019 21:11:04-ZUG][hasht] memory: 484MB; filled: 0 / 62,914,560 (0.00%)
[11 Dec 2019 21:11:04-ZUG][asyncio] Inputs: 1; Threads: 1
[11 Dec 2019 21:11:04-ZUG][seq] Parsing sequence file microbial/kmer-counts-jellyfish/15/SRR10298906.kmer.gz
[11 Dec 2019 21:11:11-ZUG][seq] Loaded 3,378,965 reads and 0 reads pairs (file: microbial/kmer-counts-jellyfish/15/SRR10298906.kmer.gz)
[11 Dec 2019 21:11:11-ZUG][hasht] buckets: 2,097,152 [2^21]; bucket size: 30; 
[11 Dec 2019 21:11:11-ZUG][hasht] memory: 484MB; filled: 3,378,965 / 62,914,560 (5.37%)
[11 Dec 2019 21:11:11-ZUG][hasht]  collisions  0: 3378965
[11 Dec 2019 21:11:11-ZUG][task] input: microbial/kmer-counts-jellyfish/15/SRR10298906.kmer.gz colour: 0
[11 Dec 2019 21:11:11-ZUG]  SE reads: 3,378,965  PE reads: 0
[11 Dec 2019 21:11:11-ZUG]  good reads: 3,378,965  bad reads: 0
[11 Dec 2019 21:11:11-ZUG]  dup SE reads: 0  dup PE pairs: 0
[11 Dec 2019 21:11:11-ZUG]  bases read: 50,684,475  bases loaded: 50,684,475
[11 Dec 2019 21:11:11-ZUG]  num contigs: 3,378,965  num kmers: 3,378,965 novel kmers: 3,378,965
[11 Dec 2019 21:11:11-ZUG] Dumping graph...
[11 Dec 2019 21:11:11-ZUG][graphwriter] Saving file to: microbial/bigsi/15/mccortex.SRR10298906.ctx
[11 Dec 2019 21:11:11-ZUG][FileFilter] Writing graph  [1 src colour]
[11 Dec 2019 21:11:12-ZUG][graphwriter] Dumped 3,378,965 kmers in 1 colour into: microbial/bigsi/15/mccortex.SRR10298906.ctx (ver: 6)
[11 Dec 2019 21:11:12-ZUG][memory] We made 19 allocs
[11 Dec 2019 21:11:12-ZUG] Done.
[11 Dec 2019 21:11:12-ZUG][time] 8.00 seconds
	Command being timed: "mccortex 15 build --nkmers 61000000 --threads 1 --kmer 15 --mem 3G --sample SRR10298906 --seq microbial/kmer-counts-jellyfish/15/SRR10298906.kmer.gz microbial/bigsi/15/mccortex.SRR10298906.ctx"
	User time (seconds): 8.61
	System time (seconds): 4.25
	Percent of CPU this job got: 172%
	Elapsed (wall clock) time (h:mm:ss or m:ss): 0:07.45
	Average shared text size (kbytes): 0
	Average unshared data size (kbytes): 0
	Average stack size (kbytes): 0
	Average total size (kbytes): 0
	Maximum resident set size (kbytes): 750728
	Average resident set size (kbytes): 0
	Major (requiring I/O) page faults: 0
	Minor (reclaiming a frame) page faults: 815146
	Voluntary context switches: 428788
	Involuntary context switches: 3000
	Swaps: 0
	File system inputs: 0
	File system outputs: 85816
	Socket messages sent: 0
	Socket messages received: 0
	Signals delivered: 0
	Page size (bytes): 4096
	Exit status: 0
