[11 Dec 2019 21:12:17-wEx][cmd] /home/CSCScience.ca/apetkau/miniconda3/envs/bigsi_mccortex/bin/mccortex31 build --nkmers 61000000 --threads 1 --kmer 15 --mem 3G --sample SRR10519468 --seq microbial/kmer-counts-jellyfish/15/SRR10519468.kmer.gz microbial/bigsi/15/mccortex.SRR10519468.ctx
[11 Dec 2019 21:12:17-wEx][cwd] /home/CSCScience.ca/apetkau/workspace/comp7934-project
[11 Dec 2019 21:12:17-wEx][version] mccortex=v0.0.3-610-g400c0e3 zlib=1.2.11 htslib=1.8-17-g699ed53 ASSERTS=ON hash=Lookup3 CHECKS=ON k=3..31
[11 Dec 2019 21:12:17-wEx] Saving graph to: microbial/bigsi/15/mccortex.SRR10519468.ctx
[11 Dec 2019 21:12:17-wEx][sample] 0: SRR10519468
[11 Dec 2019 21:12:17-wEx][task] microbial/kmer-counts-jellyfish/15/SRR10519468.kmer.gz; FASTQ offset: auto-detect, threshold: off; cut homopolymers: off; remove PCR duplicates: no; colour: 0
[11 Dec 2019 21:12:17-wEx][memory] 104 bits per kmer
[11 Dec 2019 21:12:17-wEx] Note: Using less memory than requested (784MB < 3GB); allows for 62,914,560 kmers
[11 Dec 2019 21:12:17-wEx][memory] graph: 784MB
[11 Dec 2019 21:12:17-wEx][memory] total: 784MB of 62.6GB RAM
[11 Dec 2019 21:12:17-wEx] Writing 1 colour graph to microbial/bigsi/15/mccortex.SRR10519468.ctx
[11 Dec 2019 21:12:17-wEx][hasht] Allocating table with 62,914,560 entries, using 484MB
[11 Dec 2019 21:12:17-wEx][hasht]  number of buckets: 2,097,152, bucket size: 30
[11 Dec 2019 21:12:17-wEx][graph] kmer-size: 15; colours: 1; capacity: 62,914,560
[11 Dec 2019 21:12:17-wEx][hasht] buckets: 2,097,152 [2^21]; bucket size: 30; 
[11 Dec 2019 21:12:17-wEx][hasht] memory: 484MB; filled: 0 / 62,914,560 (0.00%)
[11 Dec 2019 21:12:17-wEx][asyncio] Inputs: 1; Threads: 1
[11 Dec 2019 21:12:17-wEx][seq] Parsing sequence file microbial/kmer-counts-jellyfish/15/SRR10519468.kmer.gz
[11 Dec 2019 21:12:21-wEx][seq] Loaded 1,590,979 reads and 0 reads pairs (file: microbial/kmer-counts-jellyfish/15/SRR10519468.kmer.gz)
[11 Dec 2019 21:12:21-wEx][hasht] buckets: 2,097,152 [2^21]; bucket size: 30; 
[11 Dec 2019 21:12:21-wEx][hasht] memory: 484MB; filled: 1,590,979 / 62,914,560 (2.53%)
[11 Dec 2019 21:12:21-wEx][hasht]  collisions  0: 1590979
[11 Dec 2019 21:12:21-wEx][task] input: microbial/kmer-counts-jellyfish/15/SRR10519468.kmer.gz colour: 0
[11 Dec 2019 21:12:21-wEx]  SE reads: 1,590,979  PE reads: 0
[11 Dec 2019 21:12:21-wEx]  good reads: 1,590,979  bad reads: 0
[11 Dec 2019 21:12:21-wEx]  dup SE reads: 0  dup PE pairs: 0
[11 Dec 2019 21:12:21-wEx]  bases read: 23,864,685  bases loaded: 23,864,685
[11 Dec 2019 21:12:21-wEx]  num contigs: 1,590,979  num kmers: 1,590,979 novel kmers: 1,590,979
[11 Dec 2019 21:12:21-wEx] Dumping graph...
[11 Dec 2019 21:12:21-wEx][graphwriter] Saving file to: microbial/bigsi/15/mccortex.SRR10519468.ctx
[11 Dec 2019 21:12:21-wEx][FileFilter] Writing graph  [1 src colour]
[11 Dec 2019 21:12:21-wEx][graphwriter] Dumped 1,590,979 kmers in 1 colour into: microbial/bigsi/15/mccortex.SRR10519468.ctx (ver: 6)
[11 Dec 2019 21:12:21-wEx][memory] We made 19 allocs
[11 Dec 2019 21:12:21-wEx] Done.
[11 Dec 2019 21:12:21-wEx][time] 4.00 seconds
	Command being timed: "mccortex 15 build --nkmers 61000000 --threads 1 --kmer 15 --mem 3G --sample SRR10519468 --seq microbial/kmer-counts-jellyfish/15/SRR10519468.kmer.gz microbial/bigsi/15/mccortex.SRR10519468.ctx"
	User time (seconds): 3.85
	System time (seconds): 2.22
	Percent of CPU this job got: 163%
	Elapsed (wall clock) time (h:mm:ss or m:ss): 0:03.71
	Average shared text size (kbytes): 0
	Average unshared data size (kbytes): 0
	Average stack size (kbytes): 0
	Average total size (kbytes): 0
	Maximum resident set size (kbytes): 750612
	Average resident set size (kbytes): 0
	Major (requiring I/O) page faults: 0
	Minor (reclaiming a frame) page faults: 510704
	Voluntary context switches: 193410
	Involuntary context switches: 12923
	Swaps: 0
	File system inputs: 0
	File system outputs: 40408
	Socket messages sent: 0
	Socket messages received: 0
	Signals delivered: 0
	Page size (bytes): 4096
	Exit status: 0
