[11 Dec 2019 21:12:39-MOf][cmd] /home/CSCScience.ca/apetkau/miniconda3/envs/bigsi_mccortex/bin/mccortex31 build --nkmers 61000000 --threads 1 --kmer 15 --mem 3G --sample SRR10527348 --seq microbial/kmer-counts-jellyfish/15/SRR10527348.kmer.gz microbial/bigsi/15/mccortex.SRR10527348.ctx
[11 Dec 2019 21:12:39-MOf][cwd] /home/CSCScience.ca/apetkau/workspace/comp7934-project
[11 Dec 2019 21:12:39-MOf][version] mccortex=v0.0.3-610-g400c0e3 zlib=1.2.11 htslib=1.8-17-g699ed53 ASSERTS=ON hash=Lookup3 CHECKS=ON k=3..31
[11 Dec 2019 21:12:39-MOf] Saving graph to: microbial/bigsi/15/mccortex.SRR10527348.ctx
[11 Dec 2019 21:12:39-MOf][sample] 0: SRR10527348
[11 Dec 2019 21:12:39-MOf][task] microbial/kmer-counts-jellyfish/15/SRR10527348.kmer.gz; FASTQ offset: auto-detect, threshold: off; cut homopolymers: off; remove PCR duplicates: no; colour: 0
[11 Dec 2019 21:12:39-MOf][memory] 104 bits per kmer
[11 Dec 2019 21:12:39-MOf] Note: Using less memory than requested (784MB < 3GB); allows for 62,914,560 kmers
[11 Dec 2019 21:12:39-MOf][memory] graph: 784MB
[11 Dec 2019 21:12:39-MOf][memory] total: 784MB of 62.6GB RAM
[11 Dec 2019 21:12:39-MOf] Writing 1 colour graph to microbial/bigsi/15/mccortex.SRR10527348.ctx
[11 Dec 2019 21:12:39-MOf][hasht] Allocating table with 62,914,560 entries, using 484MB
[11 Dec 2019 21:12:39-MOf][hasht]  number of buckets: 2,097,152, bucket size: 30
[11 Dec 2019 21:12:39-MOf][graph] kmer-size: 15; colours: 1; capacity: 62,914,560
[11 Dec 2019 21:12:39-MOf][hasht] buckets: 2,097,152 [2^21]; bucket size: 30; 
[11 Dec 2019 21:12:39-MOf][hasht] memory: 484MB; filled: 0 / 62,914,560 (0.00%)
[11 Dec 2019 21:12:39-MOf][asyncio] Inputs: 1; Threads: 1
[11 Dec 2019 21:12:39-MOf][seq] Parsing sequence file microbial/kmer-counts-jellyfish/15/SRR10527348.kmer.gz
[11 Dec 2019 21:12:48-MOf][seq] Loaded 3,560,833 reads and 0 reads pairs (file: microbial/kmer-counts-jellyfish/15/SRR10527348.kmer.gz)
[11 Dec 2019 21:12:48-MOf][hasht] buckets: 2,097,152 [2^21]; bucket size: 30; 
[11 Dec 2019 21:12:48-MOf][hasht] memory: 484MB; filled: 3,560,833 / 62,914,560 (5.66%)
[11 Dec 2019 21:12:48-MOf][hasht]  collisions  0: 3560833
[11 Dec 2019 21:12:48-MOf][task] input: microbial/kmer-counts-jellyfish/15/SRR10527348.kmer.gz colour: 0
[11 Dec 2019 21:12:48-MOf]  SE reads: 3,560,833  PE reads: 0
[11 Dec 2019 21:12:48-MOf]  good reads: 3,560,833  bad reads: 0
[11 Dec 2019 21:12:48-MOf]  dup SE reads: 0  dup PE pairs: 0
[11 Dec 2019 21:12:48-MOf]  bases read: 53,412,495  bases loaded: 53,412,495
[11 Dec 2019 21:12:48-MOf]  num contigs: 3,560,833  num kmers: 3,560,833 novel kmers: 3,560,833
[11 Dec 2019 21:12:48-MOf] Dumping graph...
[11 Dec 2019 21:12:48-MOf][graphwriter] Saving file to: microbial/bigsi/15/mccortex.SRR10527348.ctx
[11 Dec 2019 21:12:48-MOf][FileFilter] Writing graph  [1 src colour]
[11 Dec 2019 21:12:48-MOf][graphwriter] Dumped 3,560,833 kmers in 1 colour into: microbial/bigsi/15/mccortex.SRR10527348.ctx (ver: 6)
[11 Dec 2019 21:12:49-MOf][memory] We made 19 allocs
[11 Dec 2019 21:12:49-MOf] Done.
[11 Dec 2019 21:12:49-MOf][time] 10.00 seconds
	Command being timed: "mccortex 15 build --nkmers 61000000 --threads 1 --kmer 15 --mem 3G --sample SRR10527348 --seq microbial/kmer-counts-jellyfish/15/SRR10527348.kmer.gz microbial/bigsi/15/mccortex.SRR10527348.ctx"
	User time (seconds): 11.93
	System time (seconds): 4.13
	Percent of CPU this job got: 171%
	Elapsed (wall clock) time (h:mm:ss or m:ss): 0:09.36
	Average shared text size (kbytes): 0
	Average unshared data size (kbytes): 0
	Average stack size (kbytes): 0
	Average total size (kbytes): 0
	Maximum resident set size (kbytes): 750668
	Average resident set size (kbytes): 0
	Major (requiring I/O) page faults: 0
	Minor (reclaiming a frame) page faults: 931294
	Voluntary context switches: 386006
	Involuntary context switches: 3498
	Swaps: 0
	File system inputs: 0
	File system outputs: 90424
	Socket messages sent: 0
	Socket messages received: 0
	Signals delivered: 0
	Page size (bytes): 4096
	Exit status: 0
