[11 Dec 2019 21:11:04-lOH][cmd] /home/CSCScience.ca/apetkau/miniconda3/envs/bigsi_mccortex/bin/mccortex31 build --nkmers 61000000 --threads 1 --kmer 15 --mem 3G --sample SRR10298905 --seq microbial/kmer-counts-jellyfish/15/SRR10298905.kmer.gz microbial/bigsi/15/mccortex.SRR10298905.ctx
[11 Dec 2019 21:11:04-lOH][cwd] /home/CSCScience.ca/apetkau/workspace/comp7934-project
[11 Dec 2019 21:11:04-lOH][version] mccortex=v0.0.3-610-g400c0e3 zlib=1.2.11 htslib=1.8-17-g699ed53 ASSERTS=ON hash=Lookup3 CHECKS=ON k=3..31
[11 Dec 2019 21:11:04-lOH] Saving graph to: microbial/bigsi/15/mccortex.SRR10298905.ctx
[11 Dec 2019 21:11:04-lOH][sample] 0: SRR10298905
[11 Dec 2019 21:11:04-lOH][task] microbial/kmer-counts-jellyfish/15/SRR10298905.kmer.gz; FASTQ offset: auto-detect, threshold: off; cut homopolymers: off; remove PCR duplicates: no; colour: 0
[11 Dec 2019 21:11:04-lOH][memory] 104 bits per kmer
[11 Dec 2019 21:11:04-lOH] Note: Using less memory than requested (784MB < 3GB); allows for 62,914,560 kmers
[11 Dec 2019 21:11:04-lOH][memory] graph: 784MB
[11 Dec 2019 21:11:04-lOH][memory] total: 784MB of 62.6GB RAM
[11 Dec 2019 21:11:04-lOH] Writing 1 colour graph to microbial/bigsi/15/mccortex.SRR10298905.ctx
[11 Dec 2019 21:11:04-lOH][hasht] Allocating table with 62,914,560 entries, using 484MB
[11 Dec 2019 21:11:04-lOH][hasht]  number of buckets: 2,097,152, bucket size: 30
[11 Dec 2019 21:11:04-lOH][graph] kmer-size: 15; colours: 1; capacity: 62,914,560
[11 Dec 2019 21:11:04-lOH][hasht] buckets: 2,097,152 [2^21]; bucket size: 30; 
[11 Dec 2019 21:11:04-lOH][hasht] memory: 484MB; filled: 0 / 62,914,560 (0.00%)
[11 Dec 2019 21:11:04-lOH][asyncio] Inputs: 1; Threads: 1
[11 Dec 2019 21:11:04-lOH][seq] Parsing sequence file microbial/kmer-counts-jellyfish/15/SRR10298905.kmer.gz
[11 Dec 2019 21:11:12-lOH][seq] Loaded 3,625,930 reads and 0 reads pairs (file: microbial/kmer-counts-jellyfish/15/SRR10298905.kmer.gz)
[11 Dec 2019 21:11:12-lOH][hasht] buckets: 2,097,152 [2^21]; bucket size: 30; 
[11 Dec 2019 21:11:12-lOH][hasht] memory: 484MB; filled: 3,625,930 / 62,914,560 (5.76%)
[11 Dec 2019 21:11:12-lOH][hasht]  collisions  0: 3625930
[11 Dec 2019 21:11:12-lOH][task] input: microbial/kmer-counts-jellyfish/15/SRR10298905.kmer.gz colour: 0
[11 Dec 2019 21:11:12-lOH]  SE reads: 3,625,930  PE reads: 0
[11 Dec 2019 21:11:12-lOH]  good reads: 3,625,930  bad reads: 0
[11 Dec 2019 21:11:12-lOH]  dup SE reads: 0  dup PE pairs: 0
[11 Dec 2019 21:11:12-lOH]  bases read: 54,388,950  bases loaded: 54,388,950
[11 Dec 2019 21:11:12-lOH]  num contigs: 3,625,930  num kmers: 3,625,930 novel kmers: 3,625,930
[11 Dec 2019 21:11:12-lOH] Dumping graph...
[11 Dec 2019 21:11:12-lOH][graphwriter] Saving file to: microbial/bigsi/15/mccortex.SRR10298905.ctx
[11 Dec 2019 21:11:12-lOH][FileFilter] Writing graph  [1 src colour]
[11 Dec 2019 21:11:12-lOH][graphwriter] Dumped 3,625,930 kmers in 1 colour into: microbial/bigsi/15/mccortex.SRR10298905.ctx (ver: 6)
[11 Dec 2019 21:11:13-lOH][memory] We made 19 allocs
[11 Dec 2019 21:11:13-lOH] Done.
[11 Dec 2019 21:11:13-lOH][time] 9.00 seconds
	Command being timed: "mccortex 15 build --nkmers 61000000 --threads 1 --kmer 15 --mem 3G --sample SRR10298905 --seq microbial/kmer-counts-jellyfish/15/SRR10298905.kmer.gz microbial/bigsi/15/mccortex.SRR10298905.ctx"
	User time (seconds): 9.57
	System time (seconds): 4.73
	Percent of CPU this job got: 168%
	Elapsed (wall clock) time (h:mm:ss or m:ss): 0:08.47
	Average shared text size (kbytes): 0
	Average unshared data size (kbytes): 0
	Average stack size (kbytes): 0
	Average total size (kbytes): 0
	Maximum resident set size (kbytes): 750636
	Average resident set size (kbytes): 0
	Major (requiring I/O) page faults: 0
	Minor (reclaiming a frame) page faults: 820653
	Voluntary context switches: 492461
	Involuntary context switches: 5825
	Swaps: 0
	File system inputs: 0
	File system outputs: 92088
	Socket messages sent: 0
	Socket messages received: 0
	Signals delivered: 0
	Page size (bytes): 4096
	Exit status: 0
