[11 Dec 2019 21:12:38-NEj][cmd] /home/CSCScience.ca/apetkau/miniconda3/envs/bigsi_mccortex/bin/mccortex31 build --nkmers 61000000 --threads 1 --kmer 15 --mem 3G --sample SRR10521984 --seq microbial/kmer-counts-jellyfish/15/SRR10521984.kmer.gz microbial/bigsi/15/mccortex.SRR10521984.ctx
[11 Dec 2019 21:12:38-NEj][cwd] /home/CSCScience.ca/apetkau/workspace/comp7934-project
[11 Dec 2019 21:12:38-NEj][version] mccortex=v0.0.3-610-g400c0e3 zlib=1.2.11 htslib=1.8-17-g699ed53 ASSERTS=ON hash=Lookup3 CHECKS=ON k=3..31
[11 Dec 2019 21:12:38-NEj] Saving graph to: microbial/bigsi/15/mccortex.SRR10521984.ctx
[11 Dec 2019 21:12:38-NEj][sample] 0: SRR10521984
[11 Dec 2019 21:12:38-NEj][task] microbial/kmer-counts-jellyfish/15/SRR10521984.kmer.gz; FASTQ offset: auto-detect, threshold: off; cut homopolymers: off; remove PCR duplicates: no; colour: 0
[11 Dec 2019 21:12:38-NEj][memory] 104 bits per kmer
[11 Dec 2019 21:12:38-NEj] Note: Using less memory than requested (784MB < 3GB); allows for 62,914,560 kmers
[11 Dec 2019 21:12:38-NEj][memory] graph: 784MB
[11 Dec 2019 21:12:38-NEj][memory] total: 784MB of 62.6GB RAM
[11 Dec 2019 21:12:38-NEj] Writing 1 colour graph to microbial/bigsi/15/mccortex.SRR10521984.ctx
[11 Dec 2019 21:12:38-NEj][hasht] Allocating table with 62,914,560 entries, using 484MB
[11 Dec 2019 21:12:38-NEj][hasht]  number of buckets: 2,097,152, bucket size: 30
[11 Dec 2019 21:12:38-NEj][graph] kmer-size: 15; colours: 1; capacity: 62,914,560
[11 Dec 2019 21:12:38-NEj][hasht] buckets: 2,097,152 [2^21]; bucket size: 30; 
[11 Dec 2019 21:12:38-NEj][hasht] memory: 484MB; filled: 0 / 62,914,560 (0.00%)
[11 Dec 2019 21:12:38-NEj][asyncio] Inputs: 1; Threads: 1
[11 Dec 2019 21:12:38-NEj][seq] Parsing sequence file microbial/kmer-counts-jellyfish/15/SRR10521984.kmer.gz
[11 Dec 2019 21:12:43-NEj][seq] Loaded 1,783,496 reads and 0 reads pairs (file: microbial/kmer-counts-jellyfish/15/SRR10521984.kmer.gz)
[11 Dec 2019 21:12:43-NEj][hasht] buckets: 2,097,152 [2^21]; bucket size: 30; 
[11 Dec 2019 21:12:43-NEj][hasht] memory: 484MB; filled: 1,783,496 / 62,914,560 (2.83%)
[11 Dec 2019 21:12:43-NEj][hasht]  collisions  0: 1783496
[11 Dec 2019 21:12:43-NEj][task] input: microbial/kmer-counts-jellyfish/15/SRR10521984.kmer.gz colour: 0
[11 Dec 2019 21:12:43-NEj]  SE reads: 1,783,496  PE reads: 0
[11 Dec 2019 21:12:43-NEj]  good reads: 1,783,496  bad reads: 0
[11 Dec 2019 21:12:43-NEj]  dup SE reads: 0  dup PE pairs: 0
[11 Dec 2019 21:12:43-NEj]  bases read: 26,752,440  bases loaded: 26,752,440
[11 Dec 2019 21:12:43-NEj]  num contigs: 1,783,496  num kmers: 1,783,496 novel kmers: 1,783,496
[11 Dec 2019 21:12:43-NEj] Dumping graph...
[11 Dec 2019 21:12:43-NEj][graphwriter] Saving file to: microbial/bigsi/15/mccortex.SRR10521984.ctx
[11 Dec 2019 21:12:43-NEj][FileFilter] Writing graph  [1 src colour]
[11 Dec 2019 21:12:43-NEj][graphwriter] Dumped 1,783,496 kmers in 1 colour into: microbial/bigsi/15/mccortex.SRR10521984.ctx (ver: 6)
[11 Dec 2019 21:12:43-NEj][memory] We made 19 allocs
[11 Dec 2019 21:12:43-NEj] Done.
[11 Dec 2019 21:12:43-NEj][time] 5.00 seconds
	Command being timed: "mccortex 15 build --nkmers 61000000 --threads 1 --kmer 15 --mem 3G --sample SRR10521984 --seq microbial/kmer-counts-jellyfish/15/SRR10521984.kmer.gz microbial/bigsi/15/mccortex.SRR10521984.ctx"
	User time (seconds): 5.71
	System time (seconds): 2.84
	Percent of CPU this job got: 166%
	Elapsed (wall clock) time (h:mm:ss or m:ss): 0:05.14
	Average shared text size (kbytes): 0
	Average unshared data size (kbytes): 0
	Average stack size (kbytes): 0
	Average total size (kbytes): 0
	Maximum resident set size (kbytes): 750888
	Average resident set size (kbytes): 0
	Major (requiring I/O) page faults: 0
	Minor (reclaiming a frame) page faults: 629135
	Voluntary context switches: 257276
	Involuntary context switches: 14
	Swaps: 0
	File system inputs: 0
	File system outputs: 45296
	Socket messages sent: 0
	Socket messages received: 0
	Signals delivered: 0
	Page size (bytes): 4096
	Exit status: 0
