[11 Dec 2019 21:11:04-TEN][cmd] /home/CSCScience.ca/apetkau/miniconda3/envs/bigsi_mccortex/bin/mccortex31 build --nkmers 61000000 --threads 1 --kmer 15 --mem 3G --sample ERR3656004 --seq microbial/kmer-counts-jellyfish/15/ERR3656004.kmer.gz microbial/bigsi/15/mccortex.ERR3656004.ctx
[11 Dec 2019 21:11:04-TEN][cwd] /home/CSCScience.ca/apetkau/workspace/comp7934-project
[11 Dec 2019 21:11:04-TEN][version] mccortex=v0.0.3-610-g400c0e3 zlib=1.2.11 htslib=1.8-17-g699ed53 ASSERTS=ON hash=Lookup3 CHECKS=ON k=3..31
[11 Dec 2019 21:11:04-TEN] Saving graph to: microbial/bigsi/15/mccortex.ERR3656004.ctx
[11 Dec 2019 21:11:04-TEN][sample] 0: ERR3656004
[11 Dec 2019 21:11:04-TEN][task] microbial/kmer-counts-jellyfish/15/ERR3656004.kmer.gz; FASTQ offset: auto-detect, threshold: off; cut homopolymers: off; remove PCR duplicates: no; colour: 0
[11 Dec 2019 21:11:04-TEN][memory] 104 bits per kmer
[11 Dec 2019 21:11:04-TEN] Note: Using less memory than requested (784MB < 3GB); allows for 62,914,560 kmers
[11 Dec 2019 21:11:04-TEN][memory] graph: 784MB
[11 Dec 2019 21:11:04-TEN][memory] total: 784MB of 62.6GB RAM
[11 Dec 2019 21:11:04-TEN] Writing 1 colour graph to microbial/bigsi/15/mccortex.ERR3656004.ctx
[11 Dec 2019 21:11:04-TEN][hasht] Allocating table with 62,914,560 entries, using 484MB
[11 Dec 2019 21:11:04-TEN][hasht]  number of buckets: 2,097,152, bucket size: 30
[11 Dec 2019 21:11:04-TEN][graph] kmer-size: 15; colours: 1; capacity: 62,914,560
[11 Dec 2019 21:11:04-TEN][hasht] buckets: 2,097,152 [2^21]; bucket size: 30; 
[11 Dec 2019 21:11:04-TEN][hasht] memory: 484MB; filled: 0 / 62,914,560 (0.00%)
[11 Dec 2019 21:11:04-TEN][asyncio] Inputs: 1; Threads: 1
[11 Dec 2019 21:11:04-TEN][seq] Parsing sequence file microbial/kmer-counts-jellyfish/15/ERR3656004.kmer.gz
[11 Dec 2019 21:11:14-TEN][seq] Loaded 3,577,605 reads and 0 reads pairs (file: microbial/kmer-counts-jellyfish/15/ERR3656004.kmer.gz)
[11 Dec 2019 21:11:14-TEN][hasht] buckets: 2,097,152 [2^21]; bucket size: 30; 
[11 Dec 2019 21:11:14-TEN][hasht] memory: 484MB; filled: 3,577,605 / 62,914,560 (5.69%)
[11 Dec 2019 21:11:14-TEN][hasht]  collisions  0: 3577605
[11 Dec 2019 21:11:14-TEN][task] input: microbial/kmer-counts-jellyfish/15/ERR3656004.kmer.gz colour: 0
[11 Dec 2019 21:11:14-TEN]  SE reads: 3,577,605  PE reads: 0
[11 Dec 2019 21:11:14-TEN]  good reads: 3,577,605  bad reads: 0
[11 Dec 2019 21:11:14-TEN]  dup SE reads: 0  dup PE pairs: 0
[11 Dec 2019 21:11:14-TEN]  bases read: 53,664,075  bases loaded: 53,664,075
[11 Dec 2019 21:11:14-TEN]  num contigs: 3,577,605  num kmers: 3,577,605 novel kmers: 3,577,605
[11 Dec 2019 21:11:14-TEN] Dumping graph...
[11 Dec 2019 21:11:14-TEN][graphwriter] Saving file to: microbial/bigsi/15/mccortex.ERR3656004.ctx
[11 Dec 2019 21:11:14-TEN][FileFilter] Writing graph  [1 src colour]
[11 Dec 2019 21:11:14-TEN][graphwriter] Dumped 3,577,605 kmers in 1 colour into: microbial/bigsi/15/mccortex.ERR3656004.ctx (ver: 6)
[11 Dec 2019 21:11:14-TEN][memory] We made 19 allocs
[11 Dec 2019 21:11:14-TEN] Done.
[11 Dec 2019 21:11:14-TEN][time] 10.00 seconds
	Command being timed: "mccortex 15 build --nkmers 61000000 --threads 1 --kmer 15 --mem 3G --sample ERR3656004 --seq microbial/kmer-counts-jellyfish/15/ERR3656004.kmer.gz microbial/bigsi/15/mccortex.ERR3656004.ctx"
	User time (seconds): 12.37
	System time (seconds): 4.25
	Percent of CPU this job got: 162%
	Elapsed (wall clock) time (h:mm:ss or m:ss): 0:10.23
	Average shared text size (kbytes): 0
	Average unshared data size (kbytes): 0
	Average stack size (kbytes): 0
	Average total size (kbytes): 0
	Maximum resident set size (kbytes): 750636
	Average resident set size (kbytes): 0
	Major (requiring I/O) page faults: 0
	Minor (reclaiming a frame) page faults: 922967
	Voluntary context switches: 343331
	Involuntary context switches: 70727
	Swaps: 0
	File system inputs: 0
	File system outputs: 90856
	Socket messages sent: 0
	Socket messages received: 0
	Signals delivered: 0
	Page size (bytes): 4096
	Exit status: 0
