[11 Dec 2019 21:12:44-fUS][cmd] /home/CSCScience.ca/apetkau/miniconda3/envs/bigsi_mccortex/bin/mccortex31 build --nkmers 61000000 --threads 1 --kmer 15 --mem 3G --sample SRR10527352 --seq microbial/kmer-counts-jellyfish/15/SRR10527352.kmer.gz microbial/bigsi/15/mccortex.SRR10527352.ctx
[11 Dec 2019 21:12:44-fUS][cwd] /home/CSCScience.ca/apetkau/workspace/comp7934-project
[11 Dec 2019 21:12:44-fUS][version] mccortex=v0.0.3-610-g400c0e3 zlib=1.2.11 htslib=1.8-17-g699ed53 ASSERTS=ON hash=Lookup3 CHECKS=ON k=3..31
[11 Dec 2019 21:12:44-fUS] Saving graph to: microbial/bigsi/15/mccortex.SRR10527352.ctx
[11 Dec 2019 21:12:44-fUS][sample] 0: SRR10527352
[11 Dec 2019 21:12:44-fUS][task] microbial/kmer-counts-jellyfish/15/SRR10527352.kmer.gz; FASTQ offset: auto-detect, threshold: off; cut homopolymers: off; remove PCR duplicates: no; colour: 0
[11 Dec 2019 21:12:44-fUS][memory] 104 bits per kmer
[11 Dec 2019 21:12:44-fUS] Note: Using less memory than requested (784MB < 3GB); allows for 62,914,560 kmers
[11 Dec 2019 21:12:44-fUS][memory] graph: 784MB
[11 Dec 2019 21:12:44-fUS][memory] total: 784MB of 62.6GB RAM
[11 Dec 2019 21:12:44-fUS] Writing 1 colour graph to microbial/bigsi/15/mccortex.SRR10527352.ctx
[11 Dec 2019 21:12:44-fUS][hasht] Allocating table with 62,914,560 entries, using 484MB
[11 Dec 2019 21:12:44-fUS][hasht]  number of buckets: 2,097,152, bucket size: 30
[11 Dec 2019 21:12:44-fUS][graph] kmer-size: 15; colours: 1; capacity: 62,914,560
[11 Dec 2019 21:12:44-fUS][hasht] buckets: 2,097,152 [2^21]; bucket size: 30; 
[11 Dec 2019 21:12:44-fUS][hasht] memory: 484MB; filled: 0 / 62,914,560 (0.00%)
[11 Dec 2019 21:12:44-fUS][asyncio] Inputs: 1; Threads: 1
[11 Dec 2019 21:12:44-fUS][seq] Parsing sequence file microbial/kmer-counts-jellyfish/15/SRR10527352.kmer.gz
[11 Dec 2019 21:12:51-fUS][seq] Loaded 3,842,965 reads and 0 reads pairs (file: microbial/kmer-counts-jellyfish/15/SRR10527352.kmer.gz)
[11 Dec 2019 21:12:51-fUS][hasht] buckets: 2,097,152 [2^21]; bucket size: 30; 
[11 Dec 2019 21:12:51-fUS][hasht] memory: 484MB; filled: 3,842,965 / 62,914,560 (6.11%)
[11 Dec 2019 21:12:51-fUS][hasht]  collisions  0: 3842965
[11 Dec 2019 21:12:51-fUS][task] input: microbial/kmer-counts-jellyfish/15/SRR10527352.kmer.gz colour: 0
[11 Dec 2019 21:12:51-fUS]  SE reads: 3,842,965  PE reads: 0
[11 Dec 2019 21:12:51-fUS]  good reads: 3,842,965  bad reads: 0
[11 Dec 2019 21:12:51-fUS]  dup SE reads: 0  dup PE pairs: 0
[11 Dec 2019 21:12:51-fUS]  bases read: 57,644,475  bases loaded: 57,644,475
[11 Dec 2019 21:12:51-fUS]  num contigs: 3,842,965  num kmers: 3,842,965 novel kmers: 3,842,965
[11 Dec 2019 21:12:51-fUS] Dumping graph...
[11 Dec 2019 21:12:51-fUS][graphwriter] Saving file to: microbial/bigsi/15/mccortex.SRR10527352.ctx
[11 Dec 2019 21:12:51-fUS][FileFilter] Writing graph  [1 src colour]
[11 Dec 2019 21:12:52-fUS][graphwriter] Dumped 3,842,965 kmers in 1 colour into: microbial/bigsi/15/mccortex.SRR10527352.ctx (ver: 6)
[11 Dec 2019 21:12:52-fUS][memory] We made 19 allocs
[11 Dec 2019 21:12:52-fUS] Done.
[11 Dec 2019 21:12:52-fUS][time] 8.00 seconds
	Command being timed: "mccortex 15 build --nkmers 61000000 --threads 1 --kmer 15 --mem 3G --sample SRR10527352 --seq microbial/kmer-counts-jellyfish/15/SRR10527352.kmer.gz microbial/bigsi/15/mccortex.SRR10527352.ctx"
	User time (seconds): 11.07
	System time (seconds): 2.76
	Percent of CPU this job got: 175%
	Elapsed (wall clock) time (h:mm:ss or m:ss): 0:07.89
	Average shared text size (kbytes): 0
	Average unshared data size (kbytes): 0
	Average stack size (kbytes): 0
	Average total size (kbytes): 0
	Maximum resident set size (kbytes): 750648
	Average resident set size (kbytes): 0
	Major (requiring I/O) page faults: 0
	Minor (reclaiming a frame) page faults: 695493
	Voluntary context switches: 211637
	Involuntary context switches: 4224
	Swaps: 0
	File system inputs: 0
	File system outputs: 97584
	Socket messages sent: 0
	Socket messages received: 0
	Signals delivered: 0
	Page size (bytes): 4096
	Exit status: 0
