[11 Dec 2019 21:12:48-HIY][cmd] /home/CSCScience.ca/apetkau/miniconda3/envs/bigsi_mccortex/bin/mccortex31 build --nkmers 61000000 --threads 1 --kmer 15 --mem 3G --sample SRR8088181 --seq microbial/kmer-counts-jellyfish/15/SRR8088181.kmer.gz microbial/bigsi/15/mccortex.SRR8088181.ctx
[11 Dec 2019 21:12:48-HIY][cwd] /home/CSCScience.ca/apetkau/workspace/comp7934-project
[11 Dec 2019 21:12:48-HIY][version] mccortex=v0.0.3-610-g400c0e3 zlib=1.2.11 htslib=1.8-17-g699ed53 ASSERTS=ON hash=Lookup3 CHECKS=ON k=3..31
[11 Dec 2019 21:12:48-HIY] Saving graph to: microbial/bigsi/15/mccortex.SRR8088181.ctx
[11 Dec 2019 21:12:48-HIY][sample] 0: SRR8088181
[11 Dec 2019 21:12:48-HIY][task] microbial/kmer-counts-jellyfish/15/SRR8088181.kmer.gz; FASTQ offset: auto-detect, threshold: off; cut homopolymers: off; remove PCR duplicates: no; colour: 0
[11 Dec 2019 21:12:48-HIY][memory] 104 bits per kmer
[11 Dec 2019 21:12:48-HIY] Note: Using less memory than requested (784MB < 3GB); allows for 62,914,560 kmers
[11 Dec 2019 21:12:48-HIY][memory] graph: 784MB
[11 Dec 2019 21:12:48-HIY][memory] total: 784MB of 62.6GB RAM
[11 Dec 2019 21:12:48-HIY] Writing 1 colour graph to microbial/bigsi/15/mccortex.SRR8088181.ctx
[11 Dec 2019 21:12:48-HIY][hasht] Allocating table with 62,914,560 entries, using 484MB
[11 Dec 2019 21:12:48-HIY][hasht]  number of buckets: 2,097,152, bucket size: 30
[11 Dec 2019 21:12:48-HIY][graph] kmer-size: 15; colours: 1; capacity: 62,914,560
[11 Dec 2019 21:12:48-HIY][hasht] buckets: 2,097,152 [2^21]; bucket size: 30; 
[11 Dec 2019 21:12:48-HIY][hasht] memory: 484MB; filled: 0 / 62,914,560 (0.00%)
[11 Dec 2019 21:12:48-HIY][asyncio] Inputs: 1; Threads: 1
[11 Dec 2019 21:12:48-HIY][seq] Parsing sequence file microbial/kmer-counts-jellyfish/15/SRR8088181.kmer.gz
[11 Dec 2019 21:12:52-HIY][seq] Loaded 2,397,777 reads and 0 reads pairs (file: microbial/kmer-counts-jellyfish/15/SRR8088181.kmer.gz)
[11 Dec 2019 21:12:52-HIY][hasht] buckets: 2,097,152 [2^21]; bucket size: 30; 
[11 Dec 2019 21:12:52-HIY][hasht] memory: 484MB; filled: 2,397,777 / 62,914,560 (3.81%)
[11 Dec 2019 21:12:52-HIY][hasht]  collisions  0: 2397777
[11 Dec 2019 21:12:52-HIY][task] input: microbial/kmer-counts-jellyfish/15/SRR8088181.kmer.gz colour: 0
[11 Dec 2019 21:12:52-HIY]  SE reads: 2,397,777  PE reads: 0
[11 Dec 2019 21:12:52-HIY]  good reads: 2,397,777  bad reads: 0
[11 Dec 2019 21:12:52-HIY]  dup SE reads: 0  dup PE pairs: 0
[11 Dec 2019 21:12:52-HIY]  bases read: 35,966,655  bases loaded: 35,966,655
[11 Dec 2019 21:12:52-HIY]  num contigs: 2,397,777  num kmers: 2,397,777 novel kmers: 2,397,777
[11 Dec 2019 21:12:52-HIY] Dumping graph...
[11 Dec 2019 21:12:52-HIY][graphwriter] Saving file to: microbial/bigsi/15/mccortex.SRR8088181.ctx
[11 Dec 2019 21:12:52-HIY][FileFilter] Writing graph  [1 src colour]
[11 Dec 2019 21:12:53-HIY][graphwriter] Dumped 2,397,777 kmers in 1 colour into: microbial/bigsi/15/mccortex.SRR8088181.ctx (ver: 6)
[11 Dec 2019 21:12:53-HIY][memory] We made 19 allocs
[11 Dec 2019 21:12:53-HIY] Done.
[11 Dec 2019 21:12:53-HIY][time] 5.00 seconds
	Command being timed: "mccortex 15 build --nkmers 61000000 --threads 1 --kmer 15 --mem 3G --sample SRR8088181 --seq microbial/kmer-counts-jellyfish/15/SRR8088181.kmer.gz microbial/bigsi/15/mccortex.SRR8088181.ctx"
	User time (seconds): 5.16
	System time (seconds): 2.87
	Percent of CPU this job got: 167%
	Elapsed (wall clock) time (h:mm:ss or m:ss): 0:04.79
	Average shared text size (kbytes): 0
	Average unshared data size (kbytes): 0
	Average stack size (kbytes): 0
	Average total size (kbytes): 0
	Maximum resident set size (kbytes): 750552
	Average resident set size (kbytes): 0
	Major (requiring I/O) page faults: 0
	Minor (reclaiming a frame) page faults: 627410
	Voluntary context switches: 317340
	Involuntary context switches: 11616
	Swaps: 0
	File system inputs: 0
	File system outputs: 60896
	Socket messages sent: 0
	Socket messages received: 0
	Signals delivered: 0
	Page size (bytes): 4096
	Exit status: 0
