[11 Dec 2019 21:12:14-LAm][cmd] /home/CSCScience.ca/apetkau/miniconda3/envs/bigsi_mccortex/bin/mccortex31 build --nkmers 61000000 --threads 1 --kmer 15 --mem 3G --sample SRR10513325 --seq microbial/kmer-counts-jellyfish/15/SRR10513325.kmer.gz microbial/bigsi/15/mccortex.SRR10513325.ctx
[11 Dec 2019 21:12:14-LAm][cwd] /home/CSCScience.ca/apetkau/workspace/comp7934-project
[11 Dec 2019 21:12:14-LAm][version] mccortex=v0.0.3-610-g400c0e3 zlib=1.2.11 htslib=1.8-17-g699ed53 ASSERTS=ON hash=Lookup3 CHECKS=ON k=3..31
[11 Dec 2019 21:12:14-LAm] Saving graph to: microbial/bigsi/15/mccortex.SRR10513325.ctx
[11 Dec 2019 21:12:14-LAm][sample] 0: SRR10513325
[11 Dec 2019 21:12:14-LAm][task] microbial/kmer-counts-jellyfish/15/SRR10513325.kmer.gz; FASTQ offset: auto-detect, threshold: off; cut homopolymers: off; remove PCR duplicates: no; colour: 0
[11 Dec 2019 21:12:14-LAm][memory] 104 bits per kmer
[11 Dec 2019 21:12:14-LAm] Note: Using less memory than requested (784MB < 3GB); allows for 62,914,560 kmers
[11 Dec 2019 21:12:14-LAm][memory] graph: 784MB
[11 Dec 2019 21:12:14-LAm][memory] total: 784MB of 62.6GB RAM
[11 Dec 2019 21:12:14-LAm] Writing 1 colour graph to microbial/bigsi/15/mccortex.SRR10513325.ctx
[11 Dec 2019 21:12:14-LAm][hasht] Allocating table with 62,914,560 entries, using 484MB
[11 Dec 2019 21:12:14-LAm][hasht]  number of buckets: 2,097,152, bucket size: 30
[11 Dec 2019 21:12:14-LAm][graph] kmer-size: 15; colours: 1; capacity: 62,914,560
[11 Dec 2019 21:12:14-LAm][hasht] buckets: 2,097,152 [2^21]; bucket size: 30; 
[11 Dec 2019 21:12:14-LAm][hasht] memory: 484MB; filled: 0 / 62,914,560 (0.00%)
[11 Dec 2019 21:12:14-LAm][asyncio] Inputs: 1; Threads: 1
[11 Dec 2019 21:12:14-LAm][seq] Parsing sequence file microbial/kmer-counts-jellyfish/15/SRR10513325.kmer.gz
[11 Dec 2019 21:12:18-LAm][seq] Loaded 2,441,839 reads and 0 reads pairs (file: microbial/kmer-counts-jellyfish/15/SRR10513325.kmer.gz)
[11 Dec 2019 21:12:18-LAm][hasht] buckets: 2,097,152 [2^21]; bucket size: 30; 
[11 Dec 2019 21:12:18-LAm][hasht] memory: 484MB; filled: 2,441,839 / 62,914,560 (3.88%)
[11 Dec 2019 21:12:18-LAm][hasht]  collisions  0: 2441839
[11 Dec 2019 21:12:18-LAm][task] input: microbial/kmer-counts-jellyfish/15/SRR10513325.kmer.gz colour: 0
[11 Dec 2019 21:12:18-LAm]  SE reads: 2,441,839  PE reads: 0
[11 Dec 2019 21:12:18-LAm]  good reads: 2,441,839  bad reads: 0
[11 Dec 2019 21:12:18-LAm]  dup SE reads: 0  dup PE pairs: 0
[11 Dec 2019 21:12:18-LAm]  bases read: 36,627,585  bases loaded: 36,627,585
[11 Dec 2019 21:12:18-LAm]  num contigs: 2,441,839  num kmers: 2,441,839 novel kmers: 2,441,839
[11 Dec 2019 21:12:18-LAm] Dumping graph...
[11 Dec 2019 21:12:18-LAm][graphwriter] Saving file to: microbial/bigsi/15/mccortex.SRR10513325.ctx
[11 Dec 2019 21:12:18-LAm][FileFilter] Writing graph  [1 src colour]
[11 Dec 2019 21:12:19-LAm][graphwriter] Dumped 2,441,839 kmers in 1 colour into: microbial/bigsi/15/mccortex.SRR10513325.ctx (ver: 6)
[11 Dec 2019 21:12:19-LAm][memory] We made 19 allocs
[11 Dec 2019 21:12:19-LAm] Done.
[11 Dec 2019 21:12:19-LAm][time] 5.00 seconds
	Command being timed: "mccortex 15 build --nkmers 61000000 --threads 1 --kmer 15 --mem 3G --sample SRR10513325 --seq microbial/kmer-counts-jellyfish/15/SRR10513325.kmer.gz microbial/bigsi/15/mccortex.SRR10513325.ctx"
	User time (seconds): 5.81
	System time (seconds): 2.90
	Percent of CPU this job got: 167%
	Elapsed (wall clock) time (h:mm:ss or m:ss): 0:05.21
	Average shared text size (kbytes): 0
	Average unshared data size (kbytes): 0
	Average stack size (kbytes): 0
	Average total size (kbytes): 0
	Maximum resident set size (kbytes): 750644
	Average resident set size (kbytes): 0
	Major (requiring I/O) page faults: 0
	Minor (reclaiming a frame) page faults: 700134
	Voluntary context switches: 325386
	Involuntary context switches: 26
	Swaps: 0
	File system inputs: 0
	File system outputs: 62016
	Socket messages sent: 0
	Socket messages received: 0
	Signals delivered: 0
	Page size (bytes): 4096
	Exit status: 0
