[11 Dec 2019 21:12:18-jug][cmd] /home/CSCScience.ca/apetkau/miniconda3/envs/bigsi_mccortex/bin/mccortex31 build --nkmers 61000000 --threads 1 --kmer 15 --mem 3G --sample SRR10519620 --seq microbial/kmer-counts-jellyfish/15/SRR10519620.kmer.gz microbial/bigsi/15/mccortex.SRR10519620.ctx
[11 Dec 2019 21:12:18-jug][cwd] /home/CSCScience.ca/apetkau/workspace/comp7934-project
[11 Dec 2019 21:12:18-jug][version] mccortex=v0.0.3-610-g400c0e3 zlib=1.2.11 htslib=1.8-17-g699ed53 ASSERTS=ON hash=Lookup3 CHECKS=ON k=3..31
[11 Dec 2019 21:12:18-jug] Saving graph to: microbial/bigsi/15/mccortex.SRR10519620.ctx
[11 Dec 2019 21:12:18-jug][sample] 0: SRR10519620
[11 Dec 2019 21:12:18-jug][task] microbial/kmer-counts-jellyfish/15/SRR10519620.kmer.gz; FASTQ offset: auto-detect, threshold: off; cut homopolymers: off; remove PCR duplicates: no; colour: 0
[11 Dec 2019 21:12:18-jug][memory] 104 bits per kmer
[11 Dec 2019 21:12:18-jug] Note: Using less memory than requested (784MB < 3GB); allows for 62,914,560 kmers
[11 Dec 2019 21:12:18-jug][memory] graph: 784MB
[11 Dec 2019 21:12:18-jug][memory] total: 784MB of 62.6GB RAM
[11 Dec 2019 21:12:18-jug] Writing 1 colour graph to microbial/bigsi/15/mccortex.SRR10519620.ctx
[11 Dec 2019 21:12:18-jug][hasht] Allocating table with 62,914,560 entries, using 484MB
[11 Dec 2019 21:12:18-jug][hasht]  number of buckets: 2,097,152, bucket size: 30
[11 Dec 2019 21:12:18-jug][graph] kmer-size: 15; colours: 1; capacity: 62,914,560
[11 Dec 2019 21:12:18-jug][hasht] buckets: 2,097,152 [2^21]; bucket size: 30; 
[11 Dec 2019 21:12:18-jug][hasht] memory: 484MB; filled: 0 / 62,914,560 (0.00%)
[11 Dec 2019 21:12:18-jug][asyncio] Inputs: 1; Threads: 1
[11 Dec 2019 21:12:18-jug][seq] Parsing sequence file microbial/kmer-counts-jellyfish/15/SRR10519620.kmer.gz
[11 Dec 2019 21:12:27-jug][seq] Loaded 3,883,980 reads and 0 reads pairs (file: microbial/kmer-counts-jellyfish/15/SRR10519620.kmer.gz)
[11 Dec 2019 21:12:27-jug][hasht] buckets: 2,097,152 [2^21]; bucket size: 30; 
[11 Dec 2019 21:12:27-jug][hasht] memory: 484MB; filled: 3,883,980 / 62,914,560 (6.17%)
[11 Dec 2019 21:12:27-jug][hasht]  collisions  0: 3883980
[11 Dec 2019 21:12:27-jug][task] input: microbial/kmer-counts-jellyfish/15/SRR10519620.kmer.gz colour: 0
[11 Dec 2019 21:12:27-jug]  SE reads: 3,883,980  PE reads: 0
[11 Dec 2019 21:12:27-jug]  good reads: 3,883,980  bad reads: 0
[11 Dec 2019 21:12:27-jug]  dup SE reads: 0  dup PE pairs: 0
[11 Dec 2019 21:12:27-jug]  bases read: 58,259,700  bases loaded: 58,259,700
[11 Dec 2019 21:12:27-jug]  num contigs: 3,883,980  num kmers: 3,883,980 novel kmers: 3,883,980
[11 Dec 2019 21:12:27-jug] Dumping graph...
[11 Dec 2019 21:12:27-jug][graphwriter] Saving file to: microbial/bigsi/15/mccortex.SRR10519620.ctx
[11 Dec 2019 21:12:27-jug][FileFilter] Writing graph  [1 src colour]
[11 Dec 2019 21:12:28-jug][graphwriter] Dumped 3,883,980 kmers in 1 colour into: microbial/bigsi/15/mccortex.SRR10519620.ctx (ver: 6)
[11 Dec 2019 21:12:28-jug][memory] We made 19 allocs
[11 Dec 2019 21:12:28-jug] Done.
[11 Dec 2019 21:12:28-jug][time] 10.00 seconds
	Command being timed: "mccortex 15 build --nkmers 61000000 --threads 1 --kmer 15 --mem 3G --sample SRR10519620 --seq microbial/kmer-counts-jellyfish/15/SRR10519620.kmer.gz microbial/bigsi/15/mccortex.SRR10519620.ctx"
	User time (seconds): 11.90
	System time (seconds): 3.95
	Percent of CPU this job got: 164%
	Elapsed (wall clock) time (h:mm:ss or m:ss): 0:09.64
	Average shared text size (kbytes): 0
	Average unshared data size (kbytes): 0
	Average stack size (kbytes): 0
	Average total size (kbytes): 0
	Maximum resident set size (kbytes): 750636
	Average resident set size (kbytes): 0
	Major (requiring I/O) page faults: 0
	Minor (reclaiming a frame) page faults: 934528
	Voluntary context switches: 340097
	Involuntary context switches: 34366
	Swaps: 0
	File system inputs: 0
	File system outputs: 98632
	Socket messages sent: 0
	Socket messages received: 0
	Signals delivered: 0
	Page size (bytes): 4096
	Exit status: 0
