[11 Dec 2019 21:12:52-wuX][cmd] /home/CSCScience.ca/apetkau/miniconda3/envs/bigsi_mccortex/bin/mccortex31 build --nkmers 61000000 --threads 1 --kmer 15 --mem 3G --sample SRR8088182 --seq microbial/kmer-counts-jellyfish/15/SRR8088182.kmer.gz microbial/bigsi/15/mccortex.SRR8088182.ctx
[11 Dec 2019 21:12:52-wuX][cwd] /home/CSCScience.ca/apetkau/workspace/comp7934-project
[11 Dec 2019 21:12:52-wuX][version] mccortex=v0.0.3-610-g400c0e3 zlib=1.2.11 htslib=1.8-17-g699ed53 ASSERTS=ON hash=Lookup3 CHECKS=ON k=3..31
[11 Dec 2019 21:12:52-wuX] Saving graph to: microbial/bigsi/15/mccortex.SRR8088182.ctx
[11 Dec 2019 21:12:52-wuX][sample] 0: SRR8088182
[11 Dec 2019 21:12:52-wuX][task] microbial/kmer-counts-jellyfish/15/SRR8088182.kmer.gz; FASTQ offset: auto-detect, threshold: off; cut homopolymers: off; remove PCR duplicates: no; colour: 0
[11 Dec 2019 21:12:52-wuX][memory] 104 bits per kmer
[11 Dec 2019 21:12:52-wuX] Note: Using less memory than requested (784MB < 3GB); allows for 62,914,560 kmers
[11 Dec 2019 21:12:52-wuX][memory] graph: 784MB
[11 Dec 2019 21:12:52-wuX][memory] total: 784MB of 62.6GB RAM
[11 Dec 2019 21:12:52-wuX] Writing 1 colour graph to microbial/bigsi/15/mccortex.SRR8088182.ctx
[11 Dec 2019 21:12:52-wuX][hasht] Allocating table with 62,914,560 entries, using 484MB
[11 Dec 2019 21:12:52-wuX][hasht]  number of buckets: 2,097,152, bucket size: 30
[11 Dec 2019 21:12:52-wuX][graph] kmer-size: 15; colours: 1; capacity: 62,914,560
[11 Dec 2019 21:12:52-wuX][hasht] buckets: 2,097,152 [2^21]; bucket size: 30; 
[11 Dec 2019 21:12:52-wuX][hasht] memory: 484MB; filled: 0 / 62,914,560 (0.00%)
[11 Dec 2019 21:12:52-wuX][asyncio] Inputs: 1; Threads: 1
[11 Dec 2019 21:12:52-wuX][seq] Parsing sequence file microbial/kmer-counts-jellyfish/15/SRR8088182.kmer.gz
[11 Dec 2019 21:12:56-wuX][seq] Loaded 2,364,479 reads and 0 reads pairs (file: microbial/kmer-counts-jellyfish/15/SRR8088182.kmer.gz)
[11 Dec 2019 21:12:56-wuX][hasht] buckets: 2,097,152 [2^21]; bucket size: 30; 
[11 Dec 2019 21:12:56-wuX][hasht] memory: 484MB; filled: 2,364,479 / 62,914,560 (3.76%)
[11 Dec 2019 21:12:56-wuX][hasht]  collisions  0: 2364479
[11 Dec 2019 21:12:56-wuX][task] input: microbial/kmer-counts-jellyfish/15/SRR8088182.kmer.gz colour: 0
[11 Dec 2019 21:12:56-wuX]  SE reads: 2,364,479  PE reads: 0
[11 Dec 2019 21:12:56-wuX]  good reads: 2,364,479  bad reads: 0
[11 Dec 2019 21:12:56-wuX]  dup SE reads: 0  dup PE pairs: 0
[11 Dec 2019 21:12:56-wuX]  bases read: 35,467,185  bases loaded: 35,467,185
[11 Dec 2019 21:12:56-wuX]  num contigs: 2,364,479  num kmers: 2,364,479 novel kmers: 2,364,479
[11 Dec 2019 21:12:56-wuX] Dumping graph...
[11 Dec 2019 21:12:56-wuX][graphwriter] Saving file to: microbial/bigsi/15/mccortex.SRR8088182.ctx
[11 Dec 2019 21:12:56-wuX][FileFilter] Writing graph  [1 src colour]
[11 Dec 2019 21:12:57-wuX][graphwriter] Dumped 2,364,479 kmers in 1 colour into: microbial/bigsi/15/mccortex.SRR8088182.ctx (ver: 6)
[11 Dec 2019 21:12:57-wuX][memory] We made 19 allocs
[11 Dec 2019 21:12:57-wuX] Done.
[11 Dec 2019 21:12:57-wuX][time] 5.00 seconds
	Command being timed: "mccortex 15 build --nkmers 61000000 --threads 1 --kmer 15 --mem 3G --sample SRR8088182 --seq microbial/kmer-counts-jellyfish/15/SRR8088182.kmer.gz microbial/bigsi/15/mccortex.SRR8088182.ctx"
	User time (seconds): 5.31
	System time (seconds): 2.53
	Percent of CPU this job got: 162%
	Elapsed (wall clock) time (h:mm:ss or m:ss): 0:04.81
	Average shared text size (kbytes): 0
	Average unshared data size (kbytes): 0
	Average stack size (kbytes): 0
	Average total size (kbytes): 0
	Maximum resident set size (kbytes): 750824
	Average resident set size (kbytes): 0
	Major (requiring I/O) page faults: 0
	Minor (reclaiming a frame) page faults: 633378
	Voluntary context switches: 277587
	Involuntary context switches: 17694
	Swaps: 0
	File system inputs: 23264
	File system outputs: 60048
	Socket messages sent: 0
	Socket messages received: 0
	Signals delivered: 0
	Page size (bytes): 4096
	Exit status: 0
