[11 Dec 2019 21:12:18-cOG][cmd] /home/CSCScience.ca/apetkau/miniconda3/envs/bigsi_mccortex/bin/mccortex31 build --nkmers 61000000 --threads 1 --kmer 15 --mem 3G --sample SRR10519619 --seq microbial/kmer-counts-jellyfish/15/SRR10519619.kmer.gz microbial/bigsi/15/mccortex.SRR10519619.ctx
[11 Dec 2019 21:12:18-cOG][cwd] /home/CSCScience.ca/apetkau/workspace/comp7934-project
[11 Dec 2019 21:12:18-cOG][version] mccortex=v0.0.3-610-g400c0e3 zlib=1.2.11 htslib=1.8-17-g699ed53 ASSERTS=ON hash=Lookup3 CHECKS=ON k=3..31
[11 Dec 2019 21:12:18-cOG] Saving graph to: microbial/bigsi/15/mccortex.SRR10519619.ctx
[11 Dec 2019 21:12:18-cOG][sample] 0: SRR10519619
[11 Dec 2019 21:12:18-cOG][task] microbial/kmer-counts-jellyfish/15/SRR10519619.kmer.gz; FASTQ offset: auto-detect, threshold: off; cut homopolymers: off; remove PCR duplicates: no; colour: 0
[11 Dec 2019 21:12:18-cOG][memory] 104 bits per kmer
[11 Dec 2019 21:12:18-cOG] Note: Using less memory than requested (784MB < 3GB); allows for 62,914,560 kmers
[11 Dec 2019 21:12:18-cOG][memory] graph: 784MB
[11 Dec 2019 21:12:18-cOG][memory] total: 784MB of 62.6GB RAM
[11 Dec 2019 21:12:18-cOG] Writing 1 colour graph to microbial/bigsi/15/mccortex.SRR10519619.ctx
[11 Dec 2019 21:12:18-cOG][hasht] Allocating table with 62,914,560 entries, using 484MB
[11 Dec 2019 21:12:18-cOG][hasht]  number of buckets: 2,097,152, bucket size: 30
[11 Dec 2019 21:12:18-cOG][graph] kmer-size: 15; colours: 1; capacity: 62,914,560
[11 Dec 2019 21:12:18-cOG][hasht] buckets: 2,097,152 [2^21]; bucket size: 30; 
[11 Dec 2019 21:12:18-cOG][hasht] memory: 484MB; filled: 0 / 62,914,560 (0.00%)
[11 Dec 2019 21:12:18-cOG][asyncio] Inputs: 1; Threads: 1
[11 Dec 2019 21:12:18-cOG][seq] Parsing sequence file microbial/kmer-counts-jellyfish/15/SRR10519619.kmer.gz
[11 Dec 2019 21:12:25-cOG][seq] Loaded 4,024,286 reads and 0 reads pairs (file: microbial/kmer-counts-jellyfish/15/SRR10519619.kmer.gz)
[11 Dec 2019 21:12:25-cOG][hasht] buckets: 2,097,152 [2^21]; bucket size: 30; 
[11 Dec 2019 21:12:25-cOG][hasht] memory: 484MB; filled: 4,024,286 / 62,914,560 (6.40%)
[11 Dec 2019 21:12:25-cOG][hasht]  collisions  0: 4024286
[11 Dec 2019 21:12:25-cOG][task] input: microbial/kmer-counts-jellyfish/15/SRR10519619.kmer.gz colour: 0
[11 Dec 2019 21:12:25-cOG]  SE reads: 4,024,286  PE reads: 0
[11 Dec 2019 21:12:25-cOG]  good reads: 4,024,286  bad reads: 0
[11 Dec 2019 21:12:25-cOG]  dup SE reads: 0  dup PE pairs: 0
[11 Dec 2019 21:12:25-cOG]  bases read: 60,364,290  bases loaded: 60,364,290
[11 Dec 2019 21:12:25-cOG]  num contigs: 4,024,286  num kmers: 4,024,286 novel kmers: 4,024,286
[11 Dec 2019 21:12:25-cOG] Dumping graph...
[11 Dec 2019 21:12:25-cOG][graphwriter] Saving file to: microbial/bigsi/15/mccortex.SRR10519619.ctx
[11 Dec 2019 21:12:25-cOG][FileFilter] Writing graph  [1 src colour]
[11 Dec 2019 21:12:26-cOG][graphwriter] Dumped 4,024,286 kmers in 1 colour into: microbial/bigsi/15/mccortex.SRR10519619.ctx (ver: 6)
[11 Dec 2019 21:12:26-cOG][memory] We made 19 allocs
[11 Dec 2019 21:12:26-cOG] Done.
[11 Dec 2019 21:12:26-cOG][time] 8.00 seconds
	Command being timed: "mccortex 15 build --nkmers 61000000 --threads 1 --kmer 15 --mem 3G --sample SRR10519619 --seq microbial/kmer-counts-jellyfish/15/SRR10519619.kmer.gz microbial/bigsi/15/mccortex.SRR10519619.ctx"
	User time (seconds): 8.84
	System time (seconds): 4.08
	Percent of CPU this job got: 163%
	Elapsed (wall clock) time (h:mm:ss or m:ss): 0:07.89
	Average shared text size (kbytes): 0
	Average unshared data size (kbytes): 0
	Average stack size (kbytes): 0
	Average total size (kbytes): 0
	Maximum resident set size (kbytes): 750580
	Average resident set size (kbytes): 0
	Major (requiring I/O) page faults: 0
	Minor (reclaiming a frame) page faults: 815768
	Voluntary context switches: 422929
	Involuntary context switches: 60242
	Swaps: 0
	File system inputs: 0
	File system outputs: 102192
	Socket messages sent: 0
	Socket messages received: 0
	Signals delivered: 0
	Page size (bytes): 4096
	Exit status: 0
