[11 Dec 2019 21:12:20-zIr][cmd] /home/CSCScience.ca/apetkau/miniconda3/envs/bigsi_mccortex/bin/mccortex31 build --nkmers 61000000 --threads 1 --kmer 15 --mem 3G --sample SRR10521983 --seq microbial/kmer-counts-jellyfish/15/SRR10521983.kmer.gz microbial/bigsi/15/mccortex.SRR10521983.ctx
[11 Dec 2019 21:12:20-zIr][cwd] /home/CSCScience.ca/apetkau/workspace/comp7934-project
[11 Dec 2019 21:12:20-zIr][version] mccortex=v0.0.3-610-g400c0e3 zlib=1.2.11 htslib=1.8-17-g699ed53 ASSERTS=ON hash=Lookup3 CHECKS=ON k=3..31
[11 Dec 2019 21:12:20-zIr] Saving graph to: microbial/bigsi/15/mccortex.SRR10521983.ctx
[11 Dec 2019 21:12:20-zIr][sample] 0: SRR10521983
[11 Dec 2019 21:12:20-zIr][task] microbial/kmer-counts-jellyfish/15/SRR10521983.kmer.gz; FASTQ offset: auto-detect, threshold: off; cut homopolymers: off; remove PCR duplicates: no; colour: 0
[11 Dec 2019 21:12:20-zIr][memory] 104 bits per kmer
[11 Dec 2019 21:12:20-zIr] Note: Using less memory than requested (784MB < 3GB); allows for 62,914,560 kmers
[11 Dec 2019 21:12:20-zIr][memory] graph: 784MB
[11 Dec 2019 21:12:20-zIr][memory] total: 784MB of 62.6GB RAM
[11 Dec 2019 21:12:20-zIr] Writing 1 colour graph to microbial/bigsi/15/mccortex.SRR10521983.ctx
[11 Dec 2019 21:12:20-zIr][hasht] Allocating table with 62,914,560 entries, using 484MB
[11 Dec 2019 21:12:20-zIr][hasht]  number of buckets: 2,097,152, bucket size: 30
[11 Dec 2019 21:12:20-zIr][graph] kmer-size: 15; colours: 1; capacity: 62,914,560
[11 Dec 2019 21:12:20-zIr][hasht] buckets: 2,097,152 [2^21]; bucket size: 30; 
[11 Dec 2019 21:12:20-zIr][hasht] memory: 484MB; filled: 0 / 62,914,560 (0.00%)
[11 Dec 2019 21:12:20-zIr][asyncio] Inputs: 1; Threads: 1
[11 Dec 2019 21:12:20-zIr][seq] Parsing sequence file microbial/kmer-counts-jellyfish/15/SRR10521983.kmer.gz
[11 Dec 2019 21:12:24-zIr][seq] Loaded 1,766,648 reads and 0 reads pairs (file: microbial/kmer-counts-jellyfish/15/SRR10521983.kmer.gz)
[11 Dec 2019 21:12:24-zIr][hasht] buckets: 2,097,152 [2^21]; bucket size: 30; 
[11 Dec 2019 21:12:24-zIr][hasht] memory: 484MB; filled: 1,766,648 / 62,914,560 (2.81%)
[11 Dec 2019 21:12:24-zIr][hasht]  collisions  0: 1766648
[11 Dec 2019 21:12:24-zIr][task] input: microbial/kmer-counts-jellyfish/15/SRR10521983.kmer.gz colour: 0
[11 Dec 2019 21:12:24-zIr]  SE reads: 1,766,648  PE reads: 0
[11 Dec 2019 21:12:24-zIr]  good reads: 1,766,648  bad reads: 0
[11 Dec 2019 21:12:24-zIr]  dup SE reads: 0  dup PE pairs: 0
[11 Dec 2019 21:12:24-zIr]  bases read: 26,499,720  bases loaded: 26,499,720
[11 Dec 2019 21:12:24-zIr]  num contigs: 1,766,648  num kmers: 1,766,648 novel kmers: 1,766,648
[11 Dec 2019 21:12:24-zIr] Dumping graph...
[11 Dec 2019 21:12:24-zIr][graphwriter] Saving file to: microbial/bigsi/15/mccortex.SRR10521983.ctx
[11 Dec 2019 21:12:24-zIr][FileFilter] Writing graph  [1 src colour]
[11 Dec 2019 21:12:24-zIr][graphwriter] Dumped 1,766,648 kmers in 1 colour into: microbial/bigsi/15/mccortex.SRR10521983.ctx (ver: 6)
[11 Dec 2019 21:12:24-zIr][memory] We made 19 allocs
[11 Dec 2019 21:12:24-zIr] Done.
[11 Dec 2019 21:12:24-zIr][time] 4.00 seconds
	Command being timed: "mccortex 15 build --nkmers 61000000 --threads 1 --kmer 15 --mem 3G --sample SRR10521983 --seq microbial/kmer-counts-jellyfish/15/SRR10521983.kmer.gz microbial/bigsi/15/mccortex.SRR10521983.ctx"
	User time (seconds): 4.62
	System time (seconds): 2.58
	Percent of CPU this job got: 159%
	Elapsed (wall clock) time (h:mm:ss or m:ss): 0:04.53
	Average shared text size (kbytes): 0
	Average unshared data size (kbytes): 0
	Average stack size (kbytes): 0
	Average total size (kbytes): 0
	Maximum resident set size (kbytes): 750696
	Average resident set size (kbytes): 0
	Major (requiring I/O) page faults: 0
	Minor (reclaiming a frame) page faults: 629825
	Voluntary context switches: 262332
	Involuntary context switches: 34229
	Swaps: 0
	File system inputs: 0
	File system outputs: 44872
	Socket messages sent: 0
	Socket messages received: 0
	Signals delivered: 0
	Page size (bytes): 4096
	Exit status: 0
