[11 Dec 2019 21:11:04-bUK][cmd] /home/CSCScience.ca/apetkau/miniconda3/envs/bigsi_mccortex/bin/mccortex31 build --nkmers 61000000 --threads 1 --kmer 15 --mem 3G --sample ERR3656010 --seq microbial/kmer-counts-jellyfish/15/ERR3656010.kmer.gz microbial/bigsi/15/mccortex.ERR3656010.ctx
[11 Dec 2019 21:11:04-bUK][cwd] /home/CSCScience.ca/apetkau/workspace/comp7934-project
[11 Dec 2019 21:11:04-bUK][version] mccortex=v0.0.3-610-g400c0e3 zlib=1.2.11 htslib=1.8-17-g699ed53 ASSERTS=ON hash=Lookup3 CHECKS=ON k=3..31
[11 Dec 2019 21:11:04-bUK] Saving graph to: microbial/bigsi/15/mccortex.ERR3656010.ctx
[11 Dec 2019 21:11:04-bUK][sample] 0: ERR3656010
[11 Dec 2019 21:11:04-bUK][task] microbial/kmer-counts-jellyfish/15/ERR3656010.kmer.gz; FASTQ offset: auto-detect, threshold: off; cut homopolymers: off; remove PCR duplicates: no; colour: 0
[11 Dec 2019 21:11:04-bUK][memory] 104 bits per kmer
[11 Dec 2019 21:11:04-bUK] Note: Using less memory than requested (784MB < 3GB); allows for 62,914,560 kmers
[11 Dec 2019 21:11:04-bUK][memory] graph: 784MB
[11 Dec 2019 21:11:04-bUK][memory] total: 784MB of 62.6GB RAM
[11 Dec 2019 21:11:04-bUK] Writing 1 colour graph to microbial/bigsi/15/mccortex.ERR3656010.ctx
[11 Dec 2019 21:11:04-bUK][hasht] Allocating table with 62,914,560 entries, using 484MB
[11 Dec 2019 21:11:04-bUK][hasht]  number of buckets: 2,097,152, bucket size: 30
[11 Dec 2019 21:11:04-bUK][graph] kmer-size: 15; colours: 1; capacity: 62,914,560
[11 Dec 2019 21:11:04-bUK][hasht] buckets: 2,097,152 [2^21]; bucket size: 30; 
[11 Dec 2019 21:11:04-bUK][hasht] memory: 484MB; filled: 0 / 62,914,560 (0.00%)
[11 Dec 2019 21:11:04-bUK][asyncio] Inputs: 1; Threads: 1
[11 Dec 2019 21:11:04-bUK][seq] Parsing sequence file microbial/kmer-counts-jellyfish/15/ERR3656010.kmer.gz
[11 Dec 2019 21:11:12-bUK][seq] Loaded 3,651,965 reads and 0 reads pairs (file: microbial/kmer-counts-jellyfish/15/ERR3656010.kmer.gz)
[11 Dec 2019 21:11:12-bUK][hasht] buckets: 2,097,152 [2^21]; bucket size: 30; 
[11 Dec 2019 21:11:12-bUK][hasht] memory: 484MB; filled: 3,651,965 / 62,914,560 (5.80%)
[11 Dec 2019 21:11:12-bUK][hasht]  collisions  0: 3651965
[11 Dec 2019 21:11:12-bUK][task] input: microbial/kmer-counts-jellyfish/15/ERR3656010.kmer.gz colour: 0
[11 Dec 2019 21:11:12-bUK]  SE reads: 3,651,965  PE reads: 0
[11 Dec 2019 21:11:12-bUK]  good reads: 3,651,965  bad reads: 0
[11 Dec 2019 21:11:12-bUK]  dup SE reads: 0  dup PE pairs: 0
[11 Dec 2019 21:11:12-bUK]  bases read: 54,779,475  bases loaded: 54,779,475
[11 Dec 2019 21:11:12-bUK]  num contigs: 3,651,965  num kmers: 3,651,965 novel kmers: 3,651,965
[11 Dec 2019 21:11:12-bUK] Dumping graph...
[11 Dec 2019 21:11:12-bUK][graphwriter] Saving file to: microbial/bigsi/15/mccortex.ERR3656010.ctx
[11 Dec 2019 21:11:12-bUK][FileFilter] Writing graph  [1 src colour]
[11 Dec 2019 21:11:13-bUK][graphwriter] Dumped 3,651,965 kmers in 1 colour into: microbial/bigsi/15/mccortex.ERR3656010.ctx (ver: 6)
[11 Dec 2019 21:11:13-bUK][memory] We made 19 allocs
[11 Dec 2019 21:11:13-bUK] Done.
[11 Dec 2019 21:11:13-bUK][time] 9.00 seconds
	Command being timed: "mccortex 15 build --nkmers 61000000 --threads 1 --kmer 15 --mem 3G --sample ERR3656010 --seq microbial/kmer-counts-jellyfish/15/ERR3656010.kmer.gz microbial/bigsi/15/mccortex.ERR3656010.ctx"
	User time (seconds): 9.65
	System time (seconds): 4.88
	Percent of CPU this job got: 167%
	Elapsed (wall clock) time (h:mm:ss or m:ss): 0:08.70
	Average shared text size (kbytes): 0
	Average unshared data size (kbytes): 0
	Average stack size (kbytes): 0
	Average total size (kbytes): 0
	Maximum resident set size (kbytes): 750572
	Average resident set size (kbytes): 0
	Major (requiring I/O) page faults: 0
	Minor (reclaiming a frame) page faults: 820500
	Voluntary context switches: 431728
	Involuntary context switches: 10163
	Swaps: 0
	File system inputs: 0
	File system outputs: 92744
	Socket messages sent: 0
	Socket messages received: 0
	Signals delivered: 0
	Page size (bytes): 4096
	Exit status: 0
