Saving howdesbt.SRR10519469.bf
	Command being timed: "howdesbt makebf SRR10519469.kmer --kmersin --k=15 --threads=1 --hashes=1 --bits=61000000 --out=howdesbt.SRR10519469.bf"
	User time (seconds): 0.63
	System time (seconds): 0.01
	Percent of CPU this job got: 99%
	Elapsed (wall clock) time (h:mm:ss or m:ss): 0:00.64
	Average shared text size (kbytes): 0
	Average unshared data size (kbytes): 0
	Average stack size (kbytes): 0
	Average total size (kbytes): 0
	Maximum resident set size (kbytes): 15480
	Average resident set size (kbytes): 0
	Major (requiring I/O) page faults: 0
	Minor (reclaiming a frame) page faults: 3067
	Voluntary context switches: 0
	Involuntary context switches: 1
	Swaps: 0
	File system inputs: 0
	File system outputs: 14904
	Socket messages sent: 0
	Socket messages received: 0
	Signals delivered: 0
	Page size (bytes): 4096
	Exit status: 0
