Saving howdesbt.SRR1035695.detbrief.rrr.bf
Saving howdesbt.SRR1174334.detbrief.rrr.bf
Saving howdesbt.SRR1035695.detbrief.rrr.bf
Saving howdesbt.SRR1174334.detbrief.rrr.bf
Saving node16.detbrief.rrr.bf
Saving howdesbt.SRR393767.detbrief.rrr.bf
Saving howdesbt.SRR496397.detbrief.rrr.bf
Saving howdesbt.SRR393767.detbrief.rrr.bf
Saving howdesbt.SRR496397.detbrief.rrr.bf
Saving node17.detbrief.rrr.bf
Saving node16.detbrief.rrr.bf
Saving node17.detbrief.rrr.bf
Saving node8.detbrief.rrr.bf
Saving howdesbt.SRR1294106.detbrief.rrr.bf
Saving howdesbt.SRR1519066.detbrief.rrr.bf
Saving howdesbt.SRR1294106.detbrief.rrr.bf
Saving howdesbt.SRR1519066.detbrief.rrr.bf
Saving node18.detbrief.rrr.bf
Saving howdesbt.SRR038300.detbrief.rrr.bf
Saving howdesbt.SRR387778.detbrief.rrr.bf
Saving howdesbt.SRR038300.detbrief.rrr.bf
Saving howdesbt.SRR387778.detbrief.rrr.bf
Saving node29.detbrief.rrr.bf
Saving howdesbt.SRR1193574.detbrief.rrr.bf
Saving howdesbt.SRR353653.detbrief.rrr.bf
Saving howdesbt.SRR1193574.detbrief.rrr.bf
Saving howdesbt.SRR353653.detbrief.rrr.bf
Saving node30.detbrief.rrr.bf
Saving node29.detbrief.rrr.bf
Saving node30.detbrief.rrr.bf
Saving node19.detbrief.rrr.bf
Saving node18.detbrief.rrr.bf
Saving node19.detbrief.rrr.bf
Saving node9.detbrief.rrr.bf
Saving node8.detbrief.rrr.bf
Saving node9.detbrief.rrr.bf
Saving node4.detbrief.rrr.bf
Saving howdesbt.SRR1313156.detbrief.rrr.bf
Saving howdesbt.SRR306849.detbrief.rrr.bf
Saving howdesbt.SRR1313156.detbrief.rrr.bf
Saving howdesbt.SRR306849.detbrief.rrr.bf
Saving node20.detbrief.rrr.bf
Saving howdesbt.SRR1313198.detbrief.rrr.bf
Saving howdesbt.SRR1313228.detbrief.rrr.bf
Saving howdesbt.SRR1313198.detbrief.rrr.bf
Saving howdesbt.SRR1313228.detbrief.rrr.bf
Saving node21.detbrief.rrr.bf
Saving node20.detbrief.rrr.bf
Saving node21.detbrief.rrr.bf
Saving node10.detbrief.rrr.bf
Saving howdesbt.SRR039632.detbrief.rrr.bf
Saving howdesbt.SRR1047817.detbrief.rrr.bf
Saving howdesbt.SRR039632.detbrief.rrr.bf
Saving howdesbt.SRR1047817.detbrief.rrr.bf
Saving node22.detbrief.rrr.bf
Saving howdesbt.SRR1313092.detbrief.rrr.bf
Saving howdesbt.SRR403006.detbrief.rrr.bf
Saving howdesbt.SRR1313092.detbrief.rrr.bf
Saving howdesbt.SRR403006.detbrief.rrr.bf
Saving node23.detbrief.rrr.bf
Saving node22.detbrief.rrr.bf
Saving node23.detbrief.rrr.bf
Saving node11.detbrief.rrr.bf
Saving node10.detbrief.rrr.bf
Saving node11.detbrief.rrr.bf
Saving node5.detbrief.rrr.bf
Saving node4.detbrief.rrr.bf
Saving node5.detbrief.rrr.bf
Saving node2.detbrief.rrr.bf
Saving howdesbt.SRR1292581.detbrief.rrr.bf
Saving howdesbt.SRR1313097.detbrief.rrr.bf
Saving howdesbt.SRR1292581.detbrief.rrr.bf
Saving howdesbt.SRR1313097.detbrief.rrr.bf
Saving node12.detbrief.rrr.bf
Saving howdesbt.SRR1033463.detbrief.rrr.bf
Saving howdesbt.SRR191693.detbrief.rrr.bf
Saving howdesbt.SRR518951.detbrief.rrr.bf
Saving howdesbt.SRR518958.detbrief.rrr.bf
Saving howdesbt.SRR518951.detbrief.rrr.bf
Saving howdesbt.SRR518958.detbrief.rrr.bf
Saving node37.detbrief.rrr.bf
Saving howdesbt.SRR191487.detbrief.rrr.bf
Saving howdesbt.SRR191527.detbrief.rrr.bf
Saving howdesbt.SRR191487.detbrief.rrr.bf
Saving howdesbt.SRR191527.detbrief.rrr.bf
Saving node46.detbrief.rrr.bf
Saving howdesbt.SRR191403.detbrief.rrr.bf
Saving howdesbt.SRR191494.detbrief.rrr.bf
Saving howdesbt.SRR191403.detbrief.rrr.bf
Saving howdesbt.SRR191494.detbrief.rrr.bf
Saving node47.detbrief.rrr.bf
Saving node46.detbrief.rrr.bf
Saving node47.detbrief.rrr.bf
Saving node41.detbrief.rrr.bf
Saving howdesbt.SRR191429.detbrief.rrr.bf
Saving howdesbt.SRR191455.detbrief.rrr.bf
Saving howdesbt.SRR191429.detbrief.rrr.bf
Saving howdesbt.SRR191455.detbrief.rrr.bf
Saving node42.detbrief.rrr.bf
Saving node41.detbrief.rrr.bf
Saving node42.detbrief.rrr.bf
Saving node38.detbrief.rrr.bf
Saving node37.detbrief.rrr.bf
Saving node38.detbrief.rrr.bf
Saving node34.detbrief.rrr.bf
Saving howdesbt.SRR191693.detbrief.rrr.bf
Saving node34.detbrief.rrr.bf
Saving node31.detbrief.rrr.bf
Saving howdesbt.SRR1060774.detbrief.rrr.bf
Saving howdesbt.SRR299111.detbrief.rrr.bf
Saving howdesbt.SRR1060774.detbrief.rrr.bf
Saving howdesbt.SRR299111.detbrief.rrr.bf
Saving node32.detbrief.rrr.bf
Saving node31.detbrief.rrr.bf
Saving node32.detbrief.rrr.bf
Saving node24.detbrief.rrr.bf
Saving howdesbt.SRR1033463.detbrief.rrr.bf
Saving node24.detbrief.rrr.bf
Saving node13.detbrief.rrr.bf
Saving node12.detbrief.rrr.bf
Saving node13.detbrief.rrr.bf
Saving node6.detbrief.rrr.bf
Saving howdesbt.SRR1313154.detbrief.rrr.bf
Saving howdesbt.SRR1313216.detbrief.rrr.bf
Saving howdesbt.SRR1313154.detbrief.rrr.bf
Saving howdesbt.SRR1313216.detbrief.rrr.bf
Saving node25.detbrief.rrr.bf
Saving howdesbt.SRR1313105.detbrief.rrr.bf
Saving howdesbt.SRR1313120.detbrief.rrr.bf
Saving howdesbt.SRR1313105.detbrief.rrr.bf
Saving howdesbt.SRR1313120.detbrief.rrr.bf
Saving node26.detbrief.rrr.bf
Saving node25.detbrief.rrr.bf
Saving node26.detbrief.rrr.bf
Saving node14.detbrief.rrr.bf
Saving howdesbt.SRR1303626.detbrief.rrr.bf
Saving howdesbt.SRR1024141.detbrief.rrr.bf
Saving howdesbt.SRR1012332.detbrief.rrr.bf
Saving howdesbt.SRR191621.detbrief.rrr.bf
Saving howdesbt.SRR1012332.detbrief.rrr.bf
Saving howdesbt.SRR191621.detbrief.rrr.bf
Saving node43.detbrief.rrr.bf
Saving howdesbt.SRR191463.detbrief.rrr.bf
Saving howdesbt.SRR191563.detbrief.rrr.bf
Saving howdesbt.SRR191463.detbrief.rrr.bf
Saving howdesbt.SRR191563.detbrief.rrr.bf
Saving node48.detbrief.rrr.bf
Saving howdesbt.SRR191480.detbrief.rrr.bf
Saving howdesbt.SRR191555.detbrief.rrr.bf
Saving howdesbt.SRR191480.detbrief.rrr.bf
Saving howdesbt.SRR191555.detbrief.rrr.bf
Saving node49.detbrief.rrr.bf
Saving node48.detbrief.rrr.bf
Saving node49.detbrief.rrr.bf
Saving node44.detbrief.rrr.bf
Saving node43.detbrief.rrr.bf
Saving node44.detbrief.rrr.bf
Saving node39.detbrief.rrr.bf
Saving howdesbt.SRR1024141.detbrief.rrr.bf
Saving node39.detbrief.rrr.bf
Saving node35.detbrief.rrr.bf
Saving howdesbt.SRR191675.detbrief.rrr.bf
Saving howdesbt.SRR191646.detbrief.rrr.bf
Saving howdesbt.SRR191696.detbrief.rrr.bf
Saving howdesbt.SRR537114.detbrief.rrr.bf
Saving howdesbt.SRR191696.detbrief.rrr.bf
Saving howdesbt.SRR537114.detbrief.rrr.bf
Saving node45.detbrief.rrr.bf
Saving howdesbt.SRR191646.detbrief.rrr.bf
Saving node45.detbrief.rrr.bf
Saving node40.detbrief.rrr.bf
Saving howdesbt.SRR191675.detbrief.rrr.bf
Saving node40.detbrief.rrr.bf
Saving node36.detbrief.rrr.bf
Saving node35.detbrief.rrr.bf
Saving node36.detbrief.rrr.bf
Saving node33.detbrief.rrr.bf
Saving howdesbt.SRR1303626.detbrief.rrr.bf
Saving node33.detbrief.rrr.bf
Saving node27.detbrief.rrr.bf
Saving howdesbt.SRR1313077.detbrief.rrr.bf
Saving howdesbt.SRR1313078.detbrief.rrr.bf
Saving howdesbt.SRR1313077.detbrief.rrr.bf
Saving howdesbt.SRR1313078.detbrief.rrr.bf
Saving node28.detbrief.rrr.bf
Saving node27.detbrief.rrr.bf
Saving node28.detbrief.rrr.bf
Saving node15.detbrief.rrr.bf
Saving node14.detbrief.rrr.bf
Saving node15.detbrief.rrr.bf
Saving node7.detbrief.rrr.bf
Saving node6.detbrief.rrr.bf
Saving node7.detbrief.rrr.bf
Saving node3.detbrief.rrr.bf
Saving node2.detbrief.rrr.bf
Saving node3.detbrief.rrr.bf
Saving node1.detbrief.rrr.bf
	Command being timed: "howdesbt build --HowDe --tree=howdesbt.cluster.sbt --outtree=howdesbt.build.sbt"
	User time (seconds): 34.59
	System time (seconds): 2.88
	Percent of CPU this job got: 99%
	Elapsed (wall clock) time (h:mm:ss or m:ss): 0:37.52
	Average shared text size (kbytes): 0
	Average unshared data size (kbytes): 0
	Average stack size (kbytes): 0
	Average total size (kbytes): 0
	Maximum resident set size (kbytes): 102224
	Average resident set size (kbytes): 0
	Major (requiring I/O) page faults: 0
	Minor (reclaiming a frame) page faults: 274318
	Voluntary context switches: 6
	Involuntary context switches: 124
	Swaps: 0
	File system inputs: 8
	File system outputs: 4381192
	Socket messages sent: 0
	Socket messages received: 0
	Signals delivered: 0
	Page size (bytes): 4096
	Exit status: 0
