Saving howdesbt.ERR1713371.detbrief.rrr.bf
Saving howdesbt.ERR1713352.detbrief.rrr.bf
Saving howdesbt.ERR1713343.detbrief.rrr.bf
Saving howdesbt.ERR1713358.detbrief.rrr.bf
Saving howdesbt.ERR1713393.detbrief.rrr.bf
Saving howdesbt.ERR1713374.detbrief.rrr.bf
Saving howdesbt.ERR1713359.detbrief.rrr.bf
Saving howdesbt.ERR1713395.detbrief.rrr.bf
Saving howdesbt.ERR1713372.detbrief.rrr.bf
Saving howdesbt.ERR1713336.detbrief.rrr.bf
Saving howdesbt.ERR1713378.detbrief.rrr.bf
Saving howdesbt.ERR1713332.detbrief.rrr.bf
Saving howdesbt.ERR1713344.detbrief.rrr.bf
Saving howdesbt.ERR1713342.detbrief.rrr.bf
Saving howdesbt.ERR1713406.detbrief.rrr.bf
Saving howdesbt.ERR1713335.detbrief.rrr.bf
Saving howdesbt.ERR1713382.detbrief.rrr.bf
Saving howdesbt.ERR1713355.detbrief.rrr.bf
Saving howdesbt.ERR1713375.detbrief.rrr.bf
Saving howdesbt.ERR1713356.detbrief.rrr.bf
Saving howdesbt.ERR1713351.detbrief.rrr.bf
Saving howdesbt.ERR1713366.detbrief.rrr.bf
Saving howdesbt.ERR1713388.detbrief.rrr.bf
Saving howdesbt.ERR1713363.detbrief.rrr.bf
Saving howdesbt.ERR1713400.detbrief.rrr.bf
Saving howdesbt.ERR1713341.detbrief.rrr.bf
Saving howdesbt.ERR1713409.detbrief.rrr.bf
Saving howdesbt.ERR1713331.detbrief.rrr.bf
Saving howdesbt.ERR1713405.detbrief.rrr.bf
Saving howdesbt.ERR1713339.detbrief.rrr.bf
Saving howdesbt.ERR1713376.detbrief.rrr.bf
Saving howdesbt.ERR1713391.detbrief.rrr.bf
Saving howdesbt.ERR1713373.detbrief.rrr.bf
Saving howdesbt.ERR1713403.detbrief.rrr.bf
Saving howdesbt.ERR1713333.detbrief.rrr.bf
Saving howdesbt.ERR1713345.detbrief.rrr.bf
Saving howdesbt.ERR1713379.detbrief.rrr.bf
Saving howdesbt.ERR1713334.detbrief.rrr.bf
Saving howdesbt.ERR1713402.detbrief.rrr.bf
Saving howdesbt.ERR1713401.detbrief.rrr.bf
Saving howdesbt.ERR1713397.detbrief.rrr.bf
Saving howdesbt.ERR1713389.detbrief.rrr.bf
Saving howdesbt.ERR1713340.detbrief.rrr.bf
Saving howdesbt.ERR1713361.detbrief.rrr.bf
Saving howdesbt.ERR1713399.detbrief.rrr.bf
Saving howdesbt.ERR1713337.detbrief.rrr.bf
Saving howdesbt.ERR1713353.detbrief.rrr.bf
Saving howdesbt.ERR1713396.detbrief.rrr.bf
Saving howdesbt.ERR1713362.detbrief.rrr.bf
Saving howdesbt.ERR1713381.detbrief.rrr.bf
Saving howdesbt.ERR1713362.detbrief.rrr.bf
Saving howdesbt.ERR1713381.detbrief.rrr.bf
Saving node49.detbrief.rrr.bf
Saving howdesbt.ERR1713396.detbrief.rrr.bf
Saving node49.detbrief.rrr.bf
Saving node48.detbrief.rrr.bf
Saving howdesbt.ERR1713353.detbrief.rrr.bf
Saving node48.detbrief.rrr.bf
Saving node47.detbrief.rrr.bf
Saving howdesbt.ERR1713337.detbrief.rrr.bf
Saving node47.detbrief.rrr.bf
Saving node46.detbrief.rrr.bf
Saving howdesbt.ERR1713399.detbrief.rrr.bf
Saving node46.detbrief.rrr.bf
Saving node45.detbrief.rrr.bf
Saving howdesbt.ERR1713361.detbrief.rrr.bf
Saving node45.detbrief.rrr.bf
Saving node44.detbrief.rrr.bf
Saving howdesbt.ERR1713340.detbrief.rrr.bf
Saving node44.detbrief.rrr.bf
Saving node43.detbrief.rrr.bf
Saving howdesbt.ERR1713389.detbrief.rrr.bf
Saving node43.detbrief.rrr.bf
Saving node42.detbrief.rrr.bf
Saving howdesbt.ERR1713397.detbrief.rrr.bf
Saving node42.detbrief.rrr.bf
Saving node41.detbrief.rrr.bf
Saving howdesbt.ERR1713401.detbrief.rrr.bf
Saving node41.detbrief.rrr.bf
Saving node40.detbrief.rrr.bf
Saving howdesbt.ERR1713402.detbrief.rrr.bf
Saving node40.detbrief.rrr.bf
Saving node39.detbrief.rrr.bf
Saving howdesbt.ERR1713334.detbrief.rrr.bf
Saving node39.detbrief.rrr.bf
Saving node38.detbrief.rrr.bf
Saving howdesbt.ERR1713379.detbrief.rrr.bf
Saving node38.detbrief.rrr.bf
Saving node37.detbrief.rrr.bf
Saving howdesbt.ERR1713345.detbrief.rrr.bf
Saving node37.detbrief.rrr.bf
Saving node36.detbrief.rrr.bf
Saving howdesbt.ERR1713333.detbrief.rrr.bf
Saving node36.detbrief.rrr.bf
Saving node35.detbrief.rrr.bf
Saving howdesbt.ERR1713403.detbrief.rrr.bf
Saving node35.detbrief.rrr.bf
Saving node34.detbrief.rrr.bf
Saving howdesbt.ERR1713373.detbrief.rrr.bf
Saving node34.detbrief.rrr.bf
Saving node33.detbrief.rrr.bf
Saving howdesbt.ERR1713391.detbrief.rrr.bf
Saving node33.detbrief.rrr.bf
Saving node32.detbrief.rrr.bf
Saving howdesbt.ERR1713376.detbrief.rrr.bf
Saving node32.detbrief.rrr.bf
Saving node31.detbrief.rrr.bf
Saving howdesbt.ERR1713339.detbrief.rrr.bf
Saving node31.detbrief.rrr.bf
Saving node30.detbrief.rrr.bf
Saving howdesbt.ERR1713405.detbrief.rrr.bf
Saving node30.detbrief.rrr.bf
Saving node29.detbrief.rrr.bf
Saving howdesbt.ERR1713331.detbrief.rrr.bf
Saving node29.detbrief.rrr.bf
Saving node28.detbrief.rrr.bf
Saving howdesbt.ERR1713409.detbrief.rrr.bf
Saving node28.detbrief.rrr.bf
Saving node27.detbrief.rrr.bf
Saving howdesbt.ERR1713341.detbrief.rrr.bf
Saving node27.detbrief.rrr.bf
Saving node26.detbrief.rrr.bf
Saving howdesbt.ERR1713400.detbrief.rrr.bf
Saving node26.detbrief.rrr.bf
Saving node25.detbrief.rrr.bf
Saving howdesbt.ERR1713363.detbrief.rrr.bf
Saving node25.detbrief.rrr.bf
Saving node24.detbrief.rrr.bf
Saving howdesbt.ERR1713388.detbrief.rrr.bf
Saving node24.detbrief.rrr.bf
Saving node23.detbrief.rrr.bf
Saving howdesbt.ERR1713366.detbrief.rrr.bf
Saving node23.detbrief.rrr.bf
Saving node22.detbrief.rrr.bf
Saving howdesbt.ERR1713351.detbrief.rrr.bf
Saving node22.detbrief.rrr.bf
Saving node21.detbrief.rrr.bf
Saving howdesbt.ERR1713356.detbrief.rrr.bf
Saving node21.detbrief.rrr.bf
Saving node20.detbrief.rrr.bf
Saving howdesbt.ERR1713375.detbrief.rrr.bf
Saving node20.detbrief.rrr.bf
Saving node19.detbrief.rrr.bf
Saving howdesbt.ERR1713355.detbrief.rrr.bf
Saving node19.detbrief.rrr.bf
Saving node18.detbrief.rrr.bf
Saving howdesbt.ERR1713382.detbrief.rrr.bf
Saving node18.detbrief.rrr.bf
Saving node17.detbrief.rrr.bf
Saving howdesbt.ERR1713335.detbrief.rrr.bf
Saving node17.detbrief.rrr.bf
Saving node16.detbrief.rrr.bf
Saving howdesbt.ERR1713406.detbrief.rrr.bf
Saving node16.detbrief.rrr.bf
Saving node15.detbrief.rrr.bf
Saving howdesbt.ERR1713342.detbrief.rrr.bf
Saving node15.detbrief.rrr.bf
Saving node14.detbrief.rrr.bf
Saving howdesbt.ERR1713344.detbrief.rrr.bf
Saving node14.detbrief.rrr.bf
Saving node13.detbrief.rrr.bf
Saving howdesbt.ERR1713332.detbrief.rrr.bf
Saving node13.detbrief.rrr.bf
Saving node12.detbrief.rrr.bf
Saving howdesbt.ERR1713378.detbrief.rrr.bf
Saving node12.detbrief.rrr.bf
Saving node11.detbrief.rrr.bf
Saving howdesbt.ERR1713336.detbrief.rrr.bf
Saving node11.detbrief.rrr.bf
Saving node10.detbrief.rrr.bf
Saving howdesbt.ERR1713372.detbrief.rrr.bf
Saving node10.detbrief.rrr.bf
Saving node9.detbrief.rrr.bf
Saving howdesbt.ERR1713395.detbrief.rrr.bf
Saving node9.detbrief.rrr.bf
Saving node8.detbrief.rrr.bf
Saving howdesbt.ERR1713359.detbrief.rrr.bf
Saving node8.detbrief.rrr.bf
Saving node7.detbrief.rrr.bf
Saving howdesbt.ERR1713374.detbrief.rrr.bf
Saving node7.detbrief.rrr.bf
Saving node6.detbrief.rrr.bf
Saving howdesbt.ERR1713393.detbrief.rrr.bf
Saving node6.detbrief.rrr.bf
Saving node5.detbrief.rrr.bf
Saving howdesbt.ERR1713358.detbrief.rrr.bf
Saving node5.detbrief.rrr.bf
Saving node4.detbrief.rrr.bf
Saving howdesbt.ERR1713343.detbrief.rrr.bf
Saving node4.detbrief.rrr.bf
Saving node3.detbrief.rrr.bf
Saving howdesbt.ERR1713352.detbrief.rrr.bf
Saving node3.detbrief.rrr.bf
Saving node2.detbrief.rrr.bf
Saving howdesbt.ERR1713371.detbrief.rrr.bf
Saving node2.detbrief.rrr.bf
Saving node1.detbrief.rrr.bf
	Command being timed: "howdesbt build --HowDe --tree=howdesbt.cluster.sbt --outtree=howdesbt.build.sbt"
	User time (seconds): 1.20
	System time (seconds): 0.12
	Percent of CPU this job got: 99%
	Elapsed (wall clock) time (h:mm:ss or m:ss): 0:01.32
	Average shared text size (kbytes): 0
	Average unshared data size (kbytes): 0
	Average stack size (kbytes): 0
	Average total size (kbytes): 0
	Maximum resident set size (kbytes): 10656
	Average resident set size (kbytes): 0
	Major (requiring I/O) page faults: 0
	Minor (reclaiming a frame) page faults: 29700
	Voluntary context switches: 1
	Involuntary context switches: 101
	Swaps: 0
	File system inputs: 0
	File system outputs: 107712
	Socket messages sent: 0
	Socket messages received: 0
	Signals delivered: 0
	Page size (bytes): 4096
	Exit status: 0
