[11 Dec 2019 23:32:18-CIF][cmd] /home/CSCScience.ca/apetkau/miniconda3/envs/bigsi_mccortex/bin/mccortex31 build --nkmers 24000000 --threads 1 --kmer 13 --mem 3G --sample ERR3656012 --seq microbial/kmer-counts-jellyfish/13/ERR3656012.kmer.gz microbial/bigsi/13/mccortex.ERR3656012.ctx
[11 Dec 2019 23:32:18-CIF][cwd] /home/CSCScience.ca/apetkau/workspace/comp7934-project
[11 Dec 2019 23:32:18-CIF][version] mccortex=v0.0.3-610-g400c0e3 zlib=1.2.11 htslib=1.8-17-g699ed53 ASSERTS=ON hash=Lookup3 CHECKS=ON k=3..31
[11 Dec 2019 23:32:18-CIF] Saving graph to: microbial/bigsi/13/mccortex.ERR3656012.ctx
[11 Dec 2019 23:32:18-CIF][sample] 0: ERR3656012
[11 Dec 2019 23:32:18-CIF][task] microbial/kmer-counts-jellyfish/13/ERR3656012.kmer.gz; FASTQ offset: auto-detect, threshold: off; cut homopolymers: off; remove PCR duplicates: no; colour: 0
[11 Dec 2019 23:32:18-CIF][memory] 104 bits per kmer
[11 Dec 2019 23:32:18-CIF] Note: Using less memory than requested (300MB < 3GB); allows for 24,117,248 kmers
[11 Dec 2019 23:32:18-CIF][memory] graph: 300MB
[11 Dec 2019 23:32:18-CIF][memory] total: 300MB of 62.6GB RAM
[11 Dec 2019 23:32:18-CIF] Writing 1 colour graph to microbial/bigsi/13/mccortex.ERR3656012.ctx
[11 Dec 2019 23:32:18-CIF][hasht] Allocating table with 24,117,248 entries, using 185MB
[11 Dec 2019 23:32:18-CIF][hasht]  number of buckets: 524,288, bucket size: 46
[11 Dec 2019 23:32:18-CIF][graph] kmer-size: 13; colours: 1; capacity: 24,117,248
[11 Dec 2019 23:32:18-CIF][hasht] buckets: 524,288 [2^19]; bucket size: 46; 
[11 Dec 2019 23:32:18-CIF][hasht] memory: 185MB; filled: 0 / 24,117,248 (0.00%)
[11 Dec 2019 23:32:18-CIF][asyncio] Inputs: 1; Threads: 1
[11 Dec 2019 23:32:18-CIF][seq] Parsing sequence file microbial/kmer-counts-jellyfish/13/ERR3656012.kmer.gz
[11 Dec 2019 23:32:23-CIF][seq] Loaded 3,165,898 reads and 0 reads pairs (file: microbial/kmer-counts-jellyfish/13/ERR3656012.kmer.gz)
[11 Dec 2019 23:32:23-CIF][hasht] buckets: 524,288 [2^19]; bucket size: 46; 
[11 Dec 2019 23:32:23-CIF][hasht] memory: 185MB; filled: 3,165,898 / 24,117,248 (13.13%)
[11 Dec 2019 23:32:23-CIF][hasht]  collisions  0: 3165898
[11 Dec 2019 23:32:23-CIF][task] input: microbial/kmer-counts-jellyfish/13/ERR3656012.kmer.gz colour: 0
[11 Dec 2019 23:32:23-CIF]  SE reads: 3,165,898  PE reads: 0
[11 Dec 2019 23:32:23-CIF]  good reads: 3,165,898  bad reads: 0
[11 Dec 2019 23:32:23-CIF]  dup SE reads: 0  dup PE pairs: 0
[11 Dec 2019 23:32:23-CIF]  bases read: 41,156,674  bases loaded: 41,156,674
[11 Dec 2019 23:32:23-CIF]  num contigs: 3,165,898  num kmers: 3,165,898 novel kmers: 3,165,898
[11 Dec 2019 23:32:23-CIF] Dumping graph...
[11 Dec 2019 23:32:23-CIF][graphwriter] Saving file to: microbial/bigsi/13/mccortex.ERR3656012.ctx
[11 Dec 2019 23:32:23-CIF][FileFilter] Writing graph  [1 src colour]
[11 Dec 2019 23:32:23-CIF][graphwriter] Dumped 3,165,898 kmers in 1 colour into: microbial/bigsi/13/mccortex.ERR3656012.ctx (ver: 6)
[11 Dec 2019 23:32:23-CIF][memory] We made 19 allocs
[11 Dec 2019 23:32:23-CIF] Done.
[11 Dec 2019 23:32:23-CIF][time] 5.00 seconds
	Command being timed: "mccortex 13 build --nkmers 24000000 --threads 1 --kmer 13 --mem 3G --sample ERR3656012 --seq microbial/kmer-counts-jellyfish/13/ERR3656012.kmer.gz microbial/bigsi/13/mccortex.ERR3656012.ctx"
	User time (seconds): 6.71
	System time (seconds): 2.63
	Percent of CPU this job got: 170%
	Elapsed (wall clock) time (h:mm:ss or m:ss): 0:05.46
	Average shared text size (kbytes): 0
	Average unshared data size (kbytes): 0
	Average stack size (kbytes): 0
	Average total size (kbytes): 0
	Maximum resident set size (kbytes): 292788
	Average resident set size (kbytes): 0
	Major (requiring I/O) page faults: 0
	Minor (reclaiming a frame) page faults: 304744
	Voluntary context switches: 231785
	Involuntary context switches: 30
	Swaps: 0
	File system inputs: 27512
	File system outputs: 80400
	Socket messages sent: 0
	Socket messages received: 0
	Signals delivered: 0
	Page size (bytes): 4096
	Exit status: 0
