[11 Dec 2019 23:33:16-bum][cmd] /home/CSCScience.ca/apetkau/miniconda3/envs/bigsi_mccortex/bin/mccortex31 build --nkmers 24000000 --threads 1 --kmer 13 --mem 3G --sample SRR10519469 --seq microbial/kmer-counts-jellyfish/13/SRR10519469.kmer.gz microbial/bigsi/13/mccortex.SRR10519469.ctx
[11 Dec 2019 23:33:16-bum][cwd] /home/CSCScience.ca/apetkau/workspace/comp7934-project
[11 Dec 2019 23:33:16-bum][version] mccortex=v0.0.3-610-g400c0e3 zlib=1.2.11 htslib=1.8-17-g699ed53 ASSERTS=ON hash=Lookup3 CHECKS=ON k=3..31
[11 Dec 2019 23:33:16-bum] Saving graph to: microbial/bigsi/13/mccortex.SRR10519469.ctx
[11 Dec 2019 23:33:16-bum][sample] 0: SRR10519469
[11 Dec 2019 23:33:16-bum][task] microbial/kmer-counts-jellyfish/13/SRR10519469.kmer.gz; FASTQ offset: auto-detect, threshold: off; cut homopolymers: off; remove PCR duplicates: no; colour: 0
[11 Dec 2019 23:33:16-bum][memory] 104 bits per kmer
[11 Dec 2019 23:33:16-bum] Note: Using less memory than requested (300MB < 3GB); allows for 24,117,248 kmers
[11 Dec 2019 23:33:16-bum][memory] graph: 300MB
[11 Dec 2019 23:33:16-bum][memory] total: 300MB of 62.6GB RAM
[11 Dec 2019 23:33:16-bum] Writing 1 colour graph to microbial/bigsi/13/mccortex.SRR10519469.ctx
[11 Dec 2019 23:33:16-bum][hasht] Allocating table with 24,117,248 entries, using 185MB
[11 Dec 2019 23:33:16-bum][hasht]  number of buckets: 524,288, bucket size: 46
[11 Dec 2019 23:33:16-bum][graph] kmer-size: 13; colours: 1; capacity: 24,117,248
[11 Dec 2019 23:33:16-bum][hasht] buckets: 524,288 [2^19]; bucket size: 46; 
[11 Dec 2019 23:33:16-bum][hasht] memory: 185MB; filled: 0 / 24,117,248 (0.00%)
[11 Dec 2019 23:33:16-bum][asyncio] Inputs: 1; Threads: 1
[11 Dec 2019 23:33:16-bum][seq] Parsing sequence file microbial/kmer-counts-jellyfish/13/SRR10519469.kmer.gz
[11 Dec 2019 23:33:18-bum][seq] Loaded 1,344,787 reads and 0 reads pairs (file: microbial/kmer-counts-jellyfish/13/SRR10519469.kmer.gz)
[11 Dec 2019 23:33:18-bum][hasht] buckets: 524,288 [2^19]; bucket size: 46; 
[11 Dec 2019 23:33:18-bum][hasht] memory: 185MB; filled: 1,344,787 / 24,117,248 (5.58%)
[11 Dec 2019 23:33:18-bum][hasht]  collisions  0: 1344787
[11 Dec 2019 23:33:18-bum][task] input: microbial/kmer-counts-jellyfish/13/SRR10519469.kmer.gz colour: 0
[11 Dec 2019 23:33:18-bum]  SE reads: 1,344,787  PE reads: 0
[11 Dec 2019 23:33:18-bum]  good reads: 1,344,787  bad reads: 0
[11 Dec 2019 23:33:18-bum]  dup SE reads: 0  dup PE pairs: 0
[11 Dec 2019 23:33:18-bum]  bases read: 17,482,231  bases loaded: 17,482,231
[11 Dec 2019 23:33:18-bum]  num contigs: 1,344,787  num kmers: 1,344,787 novel kmers: 1,344,787
[11 Dec 2019 23:33:18-bum] Dumping graph...
[11 Dec 2019 23:33:18-bum][graphwriter] Saving file to: microbial/bigsi/13/mccortex.SRR10519469.ctx
[11 Dec 2019 23:33:18-bum][FileFilter] Writing graph  [1 src colour]
[11 Dec 2019 23:33:18-bum][graphwriter] Dumped 1,344,787 kmers in 1 colour into: microbial/bigsi/13/mccortex.SRR10519469.ctx (ver: 6)
[11 Dec 2019 23:33:18-bum][memory] We made 19 allocs
[11 Dec 2019 23:33:18-bum] Done.
[11 Dec 2019 23:33:18-bum][time] 2.00 seconds
	Command being timed: "mccortex 13 build --nkmers 24000000 --threads 1 --kmer 13 --mem 3G --sample SRR10519469 --seq microbial/kmer-counts-jellyfish/13/SRR10519469.kmer.gz microbial/bigsi/13/mccortex.SRR10519469.ctx"
	User time (seconds): 2.61
	System time (seconds): 0.90
	Percent of CPU this job got: 150%
	Elapsed (wall clock) time (h:mm:ss or m:ss): 0:02.33
	Average shared text size (kbytes): 0
	Average unshared data size (kbytes): 0
	Average stack size (kbytes): 0
	Average total size (kbytes): 0
	Maximum resident set size (kbytes): 292660
	Average resident set size (kbytes): 0
	Major (requiring I/O) page faults: 0
	Minor (reclaiming a frame) page faults: 174876
	Voluntary context switches: 63100
	Involuntary context switches: 19509
	Swaps: 0
	File system inputs: 11520
	File system outputs: 34160
	Socket messages sent: 0
	Socket messages received: 0
	Signals delivered: 0
	Page size (bytes): 4096
	Exit status: 0
