[11 Dec 2019 23:32:18-VOj][cmd] /home/CSCScience.ca/apetkau/miniconda3/envs/bigsi_mccortex/bin/mccortex31 build --nkmers 24000000 --threads 1 --kmer 13 --mem 3G --sample SRR10298905 --seq microbial/kmer-counts-jellyfish/13/SRR10298905.kmer.gz microbial/bigsi/13/mccortex.SRR10298905.ctx
[11 Dec 2019 23:32:18-VOj][cwd] /home/CSCScience.ca/apetkau/workspace/comp7934-project
[11 Dec 2019 23:32:18-VOj][version] mccortex=v0.0.3-610-g400c0e3 zlib=1.2.11 htslib=1.8-17-g699ed53 ASSERTS=ON hash=Lookup3 CHECKS=ON k=3..31
[11 Dec 2019 23:32:18-VOj] Saving graph to: microbial/bigsi/13/mccortex.SRR10298905.ctx
[11 Dec 2019 23:32:18-VOj][sample] 0: SRR10298905
[11 Dec 2019 23:32:18-VOj][task] microbial/kmer-counts-jellyfish/13/SRR10298905.kmer.gz; FASTQ offset: auto-detect, threshold: off; cut homopolymers: off; remove PCR duplicates: no; colour: 0
[11 Dec 2019 23:32:18-VOj][memory] 104 bits per kmer
[11 Dec 2019 23:32:18-VOj] Note: Using less memory than requested (300MB < 3GB); allows for 24,117,248 kmers
[11 Dec 2019 23:32:18-VOj][memory] graph: 300MB
[11 Dec 2019 23:32:18-VOj][memory] total: 300MB of 62.6GB RAM
[11 Dec 2019 23:32:18-VOj] Writing 1 colour graph to microbial/bigsi/13/mccortex.SRR10298905.ctx
[11 Dec 2019 23:32:18-VOj][hasht] Allocating table with 24,117,248 entries, using 185MB
[11 Dec 2019 23:32:18-VOj][hasht]  number of buckets: 524,288, bucket size: 46
[11 Dec 2019 23:32:18-VOj][graph] kmer-size: 13; colours: 1; capacity: 24,117,248
[11 Dec 2019 23:32:18-VOj][hasht] buckets: 524,288 [2^19]; bucket size: 46; 
[11 Dec 2019 23:32:18-VOj][hasht] memory: 185MB; filled: 0 / 24,117,248 (0.00%)
[11 Dec 2019 23:32:18-VOj][asyncio] Inputs: 1; Threads: 1
[11 Dec 2019 23:32:18-VOj][seq] Parsing sequence file microbial/kmer-counts-jellyfish/13/SRR10298905.kmer.gz
[11 Dec 2019 23:32:22-VOj][seq] Loaded 3,160,926 reads and 0 reads pairs (file: microbial/kmer-counts-jellyfish/13/SRR10298905.kmer.gz)
[11 Dec 2019 23:32:22-VOj][hasht] buckets: 524,288 [2^19]; bucket size: 46; 
[11 Dec 2019 23:32:22-VOj][hasht] memory: 185MB; filled: 3,160,926 / 24,117,248 (13.11%)
[11 Dec 2019 23:32:22-VOj][hasht]  collisions  0: 3160926
[11 Dec 2019 23:32:22-VOj][task] input: microbial/kmer-counts-jellyfish/13/SRR10298905.kmer.gz colour: 0
[11 Dec 2019 23:32:22-VOj]  SE reads: 3,160,926  PE reads: 0
[11 Dec 2019 23:32:22-VOj]  good reads: 3,160,926  bad reads: 0
[11 Dec 2019 23:32:22-VOj]  dup SE reads: 0  dup PE pairs: 0
[11 Dec 2019 23:32:22-VOj]  bases read: 41,092,038  bases loaded: 41,092,038
[11 Dec 2019 23:32:22-VOj]  num contigs: 3,160,926  num kmers: 3,160,926 novel kmers: 3,160,926
[11 Dec 2019 23:32:22-VOj] Dumping graph...
[11 Dec 2019 23:32:22-VOj][graphwriter] Saving file to: microbial/bigsi/13/mccortex.SRR10298905.ctx
[11 Dec 2019 23:32:22-VOj][FileFilter] Writing graph  [1 src colour]
[11 Dec 2019 23:32:23-VOj][graphwriter] Dumped 3,160,926 kmers in 1 colour into: microbial/bigsi/13/mccortex.SRR10298905.ctx (ver: 6)
[11 Dec 2019 23:32:23-VOj][memory] We made 19 allocs
[11 Dec 2019 23:32:23-VOj] Done.
[11 Dec 2019 23:32:23-VOj][time] 5.00 seconds
	Command being timed: "mccortex 13 build --nkmers 24000000 --threads 1 --kmer 13 --mem 3G --sample SRR10298905 --seq microbial/kmer-counts-jellyfish/13/SRR10298905.kmer.gz microbial/bigsi/13/mccortex.SRR10298905.ctx"
	User time (seconds): 6.28
	System time (seconds): 2.28
	Percent of CPU this job got: 176%
	Elapsed (wall clock) time (h:mm:ss or m:ss): 0:04.86
	Average shared text size (kbytes): 0
	Average unshared data size (kbytes): 0
	Average stack size (kbytes): 0
	Average total size (kbytes): 0
	Maximum resident set size (kbytes): 292972
	Average resident set size (kbytes): 0
	Major (requiring I/O) page faults: 0
	Minor (reclaiming a frame) page faults: 247120
	Voluntary context switches: 150444
	Involuntary context switches: 119
	Swaps: 0
	File system inputs: 27496
	File system outputs: 80272
	Socket messages sent: 0
	Socket messages received: 0
	Signals delivered: 0
	Page size (bytes): 4096
	Exit status: 0
