[11 Dec 2019 23:32:18-SOv][cmd] /home/CSCScience.ca/apetkau/miniconda3/envs/bigsi_mccortex/bin/mccortex31 build --nkmers 24000000 --threads 1 --kmer 13 --mem 3G --sample ERR3656018 --seq microbial/kmer-counts-jellyfish/13/ERR3656018.kmer.gz microbial/bigsi/13/mccortex.ERR3656018.ctx
[11 Dec 2019 23:32:18-SOv][cwd] /home/CSCScience.ca/apetkau/workspace/comp7934-project
[11 Dec 2019 23:32:18-SOv][version] mccortex=v0.0.3-610-g400c0e3 zlib=1.2.11 htslib=1.8-17-g699ed53 ASSERTS=ON hash=Lookup3 CHECKS=ON k=3..31
[11 Dec 2019 23:32:18-SOv] Saving graph to: microbial/bigsi/13/mccortex.ERR3656018.ctx
[11 Dec 2019 23:32:18-SOv][sample] 0: ERR3656018
[11 Dec 2019 23:32:18-SOv][task] microbial/kmer-counts-jellyfish/13/ERR3656018.kmer.gz; FASTQ offset: auto-detect, threshold: off; cut homopolymers: off; remove PCR duplicates: no; colour: 0
[11 Dec 2019 23:32:18-SOv][memory] 104 bits per kmer
[11 Dec 2019 23:32:18-SOv] Note: Using less memory than requested (300MB < 3GB); allows for 24,117,248 kmers
[11 Dec 2019 23:32:18-SOv][memory] graph: 300MB
[11 Dec 2019 23:32:18-SOv][memory] total: 300MB of 62.6GB RAM
[11 Dec 2019 23:32:18-SOv] Writing 1 colour graph to microbial/bigsi/13/mccortex.ERR3656018.ctx
[11 Dec 2019 23:32:18-SOv][hasht] Allocating table with 24,117,248 entries, using 185MB
[11 Dec 2019 23:32:18-SOv][hasht]  number of buckets: 524,288, bucket size: 46
[11 Dec 2019 23:32:18-SOv][graph] kmer-size: 13; colours: 1; capacity: 24,117,248
[11 Dec 2019 23:32:18-SOv][hasht] buckets: 524,288 [2^19]; bucket size: 46; 
[11 Dec 2019 23:32:18-SOv][hasht] memory: 185MB; filled: 0 / 24,117,248 (0.00%)
[11 Dec 2019 23:32:18-SOv][asyncio] Inputs: 1; Threads: 1
[11 Dec 2019 23:32:18-SOv][seq] Parsing sequence file microbial/kmer-counts-jellyfish/13/ERR3656018.kmer.gz
[11 Dec 2019 23:32:24-SOv][seq] Loaded 3,844,824 reads and 0 reads pairs (file: microbial/kmer-counts-jellyfish/13/ERR3656018.kmer.gz)
[11 Dec 2019 23:32:24-SOv][hasht] buckets: 524,288 [2^19]; bucket size: 46; 
[11 Dec 2019 23:32:24-SOv][hasht] memory: 185MB; filled: 3,844,824 / 24,117,248 (15.94%)
[11 Dec 2019 23:32:24-SOv][hasht]  collisions  0: 3844824
[11 Dec 2019 23:32:24-SOv][task] input: microbial/kmer-counts-jellyfish/13/ERR3656018.kmer.gz colour: 0
[11 Dec 2019 23:32:24-SOv]  SE reads: 3,844,824  PE reads: 0
[11 Dec 2019 23:32:24-SOv]  good reads: 3,844,824  bad reads: 0
[11 Dec 2019 23:32:24-SOv]  dup SE reads: 0  dup PE pairs: 0
[11 Dec 2019 23:32:24-SOv]  bases read: 49,982,712  bases loaded: 49,982,712
[11 Dec 2019 23:32:24-SOv]  num contigs: 3,844,824  num kmers: 3,844,824 novel kmers: 3,844,824
[11 Dec 2019 23:32:24-SOv] Dumping graph...
[11 Dec 2019 23:32:24-SOv][graphwriter] Saving file to: microbial/bigsi/13/mccortex.ERR3656018.ctx
[11 Dec 2019 23:32:24-SOv][FileFilter] Writing graph  [1 src colour]
[11 Dec 2019 23:32:24-SOv][graphwriter] Dumped 3,844,824 kmers in 1 colour into: microbial/bigsi/13/mccortex.ERR3656018.ctx (ver: 6)
[11 Dec 2019 23:32:24-SOv][memory] We made 19 allocs
[11 Dec 2019 23:32:24-SOv] Done.
[11 Dec 2019 23:32:24-SOv][time] 6.00 seconds
	Command being timed: "mccortex 13 build --nkmers 24000000 --threads 1 --kmer 13 --mem 3G --sample ERR3656018 --seq microbial/kmer-counts-jellyfish/13/ERR3656018.kmer.gz microbial/bigsi/13/mccortex.ERR3656018.ctx"
	User time (seconds): 8.19
	System time (seconds): 2.53
	Percent of CPU this job got: 163%
	Elapsed (wall clock) time (h:mm:ss or m:ss): 0:06.54
	Average shared text size (kbytes): 0
	Average unshared data size (kbytes): 0
	Average stack size (kbytes): 0
	Average total size (kbytes): 0
	Maximum resident set size (kbytes): 292684
	Average resident set size (kbytes): 0
	Major (requiring I/O) page faults: 0
	Minor (reclaiming a frame) page faults: 319372
	Voluntary context switches: 234829
	Involuntary context switches: 16587
	Swaps: 0
	File system inputs: 33368
	File system outputs: 97632
	Socket messages sent: 0
	Socket messages received: 0
	Signals delivered: 0
	Page size (bytes): 4096
	Exit status: 0
