[11 Dec 2019 23:33:21-dUT][cmd] /home/CSCScience.ca/apetkau/miniconda3/envs/bigsi_mccortex/bin/mccortex31 build --nkmers 24000000 --threads 1 --kmer 13 --mem 3G --sample SRR10521982 --seq microbial/kmer-counts-jellyfish/13/SRR10521982.kmer.gz microbial/bigsi/13/mccortex.SRR10521982.ctx
[11 Dec 2019 23:33:21-dUT][cwd] /home/CSCScience.ca/apetkau/workspace/comp7934-project
[11 Dec 2019 23:33:21-dUT][version] mccortex=v0.0.3-610-g400c0e3 zlib=1.2.11 htslib=1.8-17-g699ed53 ASSERTS=ON hash=Lookup3 CHECKS=ON k=3..31
[11 Dec 2019 23:33:21-dUT] Saving graph to: microbial/bigsi/13/mccortex.SRR10521982.ctx
[11 Dec 2019 23:33:21-dUT][sample] 0: SRR10521982
[11 Dec 2019 23:33:21-dUT][task] microbial/kmer-counts-jellyfish/13/SRR10521982.kmer.gz; FASTQ offset: auto-detect, threshold: off; cut homopolymers: off; remove PCR duplicates: no; colour: 0
[11 Dec 2019 23:33:21-dUT][memory] 104 bits per kmer
[11 Dec 2019 23:33:21-dUT] Note: Using less memory than requested (300MB < 3GB); allows for 24,117,248 kmers
[11 Dec 2019 23:33:21-dUT][memory] graph: 300MB
[11 Dec 2019 23:33:21-dUT][memory] total: 300MB of 62.6GB RAM
[11 Dec 2019 23:33:21-dUT] Writing 1 colour graph to microbial/bigsi/13/mccortex.SRR10521982.ctx
[11 Dec 2019 23:33:21-dUT][hasht] Allocating table with 24,117,248 entries, using 185MB
[11 Dec 2019 23:33:21-dUT][hasht]  number of buckets: 524,288, bucket size: 46
[11 Dec 2019 23:33:21-dUT][graph] kmer-size: 13; colours: 1; capacity: 24,117,248
[11 Dec 2019 23:33:21-dUT][hasht] buckets: 524,288 [2^19]; bucket size: 46; 
[11 Dec 2019 23:33:21-dUT][hasht] memory: 185MB; filled: 0 / 24,117,248 (0.00%)
[11 Dec 2019 23:33:21-dUT][asyncio] Inputs: 1; Threads: 1
[11 Dec 2019 23:33:21-dUT][seq] Parsing sequence file microbial/kmer-counts-jellyfish/13/SRR10521982.kmer.gz
[11 Dec 2019 23:33:23-dUT][seq] Loaded 1,364,058 reads and 0 reads pairs (file: microbial/kmer-counts-jellyfish/13/SRR10521982.kmer.gz)
[11 Dec 2019 23:33:23-dUT][hasht] buckets: 524,288 [2^19]; bucket size: 46; 
[11 Dec 2019 23:33:23-dUT][hasht] memory: 185MB; filled: 1,364,058 / 24,117,248 (5.66%)
[11 Dec 2019 23:33:23-dUT][hasht]  collisions  0: 1364058
[11 Dec 2019 23:33:23-dUT][task] input: microbial/kmer-counts-jellyfish/13/SRR10521982.kmer.gz colour: 0
[11 Dec 2019 23:33:23-dUT]  SE reads: 1,364,058  PE reads: 0
[11 Dec 2019 23:33:23-dUT]  good reads: 1,364,058  bad reads: 0
[11 Dec 2019 23:33:23-dUT]  dup SE reads: 0  dup PE pairs: 0
[11 Dec 2019 23:33:23-dUT]  bases read: 17,732,754  bases loaded: 17,732,754
[11 Dec 2019 23:33:23-dUT]  num contigs: 1,364,058  num kmers: 1,364,058 novel kmers: 1,364,058
[11 Dec 2019 23:33:23-dUT] Dumping graph...
[11 Dec 2019 23:33:23-dUT][graphwriter] Saving file to: microbial/bigsi/13/mccortex.SRR10521982.ctx
[11 Dec 2019 23:33:23-dUT][FileFilter] Writing graph  [1 src colour]
[11 Dec 2019 23:33:23-dUT][graphwriter] Dumped 1,364,058 kmers in 1 colour into: microbial/bigsi/13/mccortex.SRR10521982.ctx (ver: 6)
[11 Dec 2019 23:33:23-dUT][memory] We made 19 allocs
[11 Dec 2019 23:33:23-dUT] Done.
[11 Dec 2019 23:33:23-dUT][time] 2.00 seconds
	Command being timed: "mccortex 13 build --nkmers 24000000 --threads 1 --kmer 13 --mem 3G --sample SRR10521982 --seq microbial/kmer-counts-jellyfish/13/SRR10521982.kmer.gz microbial/bigsi/13/mccortex.SRR10521982.ctx"
	User time (seconds): 2.87
	System time (seconds): 1.30
	Percent of CPU this job got: 158%
	Elapsed (wall clock) time (h:mm:ss or m:ss): 0:02.63
	Average shared text size (kbytes): 0
	Average unshared data size (kbytes): 0
	Average stack size (kbytes): 0
	Average total size (kbytes): 0
	Maximum resident set size (kbytes): 292704
	Average resident set size (kbytes): 0
	Major (requiring I/O) page faults: 0
	Minor (reclaiming a frame) page faults: 174887
	Voluntary context switches: 102481
	Involuntary context switches: 9423
	Swaps: 0
	File system inputs: 11656
	File system outputs: 34648
	Socket messages sent: 0
	Socket messages received: 0
	Signals delivered: 0
	Page size (bytes): 4096
	Exit status: 0
