[11 Dec 2019 23:32:18-JUW][cmd] /home/CSCScience.ca/apetkau/miniconda3/envs/bigsi_mccortex/bin/mccortex31 build --nkmers 24000000 --threads 1 --kmer 13 --mem 3G --sample SRR10298903 --seq microbial/kmer-counts-jellyfish/13/SRR10298903.kmer.gz microbial/bigsi/13/mccortex.SRR10298903.ctx
[11 Dec 2019 23:32:18-JUW][cwd] /home/CSCScience.ca/apetkau/workspace/comp7934-project
[11 Dec 2019 23:32:18-JUW][version] mccortex=v0.0.3-610-g400c0e3 zlib=1.2.11 htslib=1.8-17-g699ed53 ASSERTS=ON hash=Lookup3 CHECKS=ON k=3..31
[11 Dec 2019 23:32:18-JUW] Saving graph to: microbial/bigsi/13/mccortex.SRR10298903.ctx
[11 Dec 2019 23:32:18-JUW][sample] 0: SRR10298903
[11 Dec 2019 23:32:18-JUW][task] microbial/kmer-counts-jellyfish/13/SRR10298903.kmer.gz; FASTQ offset: auto-detect, threshold: off; cut homopolymers: off; remove PCR duplicates: no; colour: 0
[11 Dec 2019 23:32:18-JUW][memory] 104 bits per kmer
[11 Dec 2019 23:32:18-JUW] Note: Using less memory than requested (300MB < 3GB); allows for 24,117,248 kmers
[11 Dec 2019 23:32:18-JUW][memory] graph: 300MB
[11 Dec 2019 23:32:18-JUW][memory] total: 300MB of 62.6GB RAM
[11 Dec 2019 23:32:18-JUW] Writing 1 colour graph to microbial/bigsi/13/mccortex.SRR10298903.ctx
[11 Dec 2019 23:32:18-JUW][hasht] Allocating table with 24,117,248 entries, using 185MB
[11 Dec 2019 23:32:18-JUW][hasht]  number of buckets: 524,288, bucket size: 46
[11 Dec 2019 23:32:18-JUW][graph] kmer-size: 13; colours: 1; capacity: 24,117,248
[11 Dec 2019 23:32:18-JUW][hasht] buckets: 524,288 [2^19]; bucket size: 46; 
[11 Dec 2019 23:32:18-JUW][hasht] memory: 185MB; filled: 0 / 24,117,248 (0.00%)
[11 Dec 2019 23:32:18-JUW][asyncio] Inputs: 1; Threads: 1
[11 Dec 2019 23:32:18-JUW][seq] Parsing sequence file microbial/kmer-counts-jellyfish/13/SRR10298903.kmer.gz
[11 Dec 2019 23:32:24-JUW][seq] Loaded 2,989,170 reads and 0 reads pairs (file: microbial/kmer-counts-jellyfish/13/SRR10298903.kmer.gz)
[11 Dec 2019 23:32:24-JUW][hasht] buckets: 524,288 [2^19]; bucket size: 46; 
[11 Dec 2019 23:32:24-JUW][hasht] memory: 185MB; filled: 2,989,170 / 24,117,248 (12.39%)
[11 Dec 2019 23:32:24-JUW][hasht]  collisions  0: 2989170
[11 Dec 2019 23:32:24-JUW][task] input: microbial/kmer-counts-jellyfish/13/SRR10298903.kmer.gz colour: 0
[11 Dec 2019 23:32:24-JUW]  SE reads: 2,989,170  PE reads: 0
[11 Dec 2019 23:32:24-JUW]  good reads: 2,989,170  bad reads: 0
[11 Dec 2019 23:32:24-JUW]  dup SE reads: 0  dup PE pairs: 0
[11 Dec 2019 23:32:24-JUW]  bases read: 38,859,210  bases loaded: 38,859,210
[11 Dec 2019 23:32:24-JUW]  num contigs: 2,989,170  num kmers: 2,989,170 novel kmers: 2,989,170
[11 Dec 2019 23:32:24-JUW] Dumping graph...
[11 Dec 2019 23:32:24-JUW][graphwriter] Saving file to: microbial/bigsi/13/mccortex.SRR10298903.ctx
[11 Dec 2019 23:32:24-JUW][FileFilter] Writing graph  [1 src colour]
[11 Dec 2019 23:32:24-JUW][graphwriter] Dumped 2,989,170 kmers in 1 colour into: microbial/bigsi/13/mccortex.SRR10298903.ctx (ver: 6)
[11 Dec 2019 23:32:24-JUW][memory] We made 19 allocs
[11 Dec 2019 23:32:24-JUW] Done.
[11 Dec 2019 23:32:24-JUW][time] 6.00 seconds
	Command being timed: "mccortex 13 build --nkmers 24000000 --threads 1 --kmer 13 --mem 3G --sample SRR10298903 --seq microbial/kmer-counts-jellyfish/13/SRR10298903.kmer.gz microbial/bigsi/13/mccortex.SRR10298903.ctx"
	User time (seconds): 7.42
	System time (seconds): 2.97
	Percent of CPU this job got: 162%
	Elapsed (wall clock) time (h:mm:ss or m:ss): 0:06.40
	Average shared text size (kbytes): 0
	Average unshared data size (kbytes): 0
	Average stack size (kbytes): 0
	Average total size (kbytes): 0
	Maximum resident set size (kbytes): 292728
	Average resident set size (kbytes): 0
	Major (requiring I/O) page faults: 0
	Minor (reclaiming a frame) page faults: 305100
	Voluntary context switches: 220731
	Involuntary context switches: 22342
	Swaps: 0
	File system inputs: 25984
	File system outputs: 75912
	Socket messages sent: 0
	Socket messages received: 0
	Signals delivered: 0
	Page size (bytes): 4096
	Exit status: 0
