[11 Dec 2019 23:33:25-xAF][cmd] /home/CSCScience.ca/apetkau/miniconda3/envs/bigsi_mccortex/bin/mccortex31 build --nkmers 24000000 --threads 1 --kmer 13 --mem 3G --sample SRR10527351 --seq microbial/kmer-counts-jellyfish/13/SRR10527351.kmer.gz microbial/bigsi/13/mccortex.SRR10527351.ctx
[11 Dec 2019 23:33:25-xAF][cwd] /home/CSCScience.ca/apetkau/workspace/comp7934-project
[11 Dec 2019 23:33:25-xAF][version] mccortex=v0.0.3-610-g400c0e3 zlib=1.2.11 htslib=1.8-17-g699ed53 ASSERTS=ON hash=Lookup3 CHECKS=ON k=3..31
[11 Dec 2019 23:33:25-xAF] Saving graph to: microbial/bigsi/13/mccortex.SRR10527351.ctx
[11 Dec 2019 23:33:25-xAF][sample] 0: SRR10527351
[11 Dec 2019 23:33:25-xAF][task] microbial/kmer-counts-jellyfish/13/SRR10527351.kmer.gz; FASTQ offset: auto-detect, threshold: off; cut homopolymers: off; remove PCR duplicates: no; colour: 0
[11 Dec 2019 23:33:25-xAF][memory] 104 bits per kmer
[11 Dec 2019 23:33:25-xAF] Note: Using less memory than requested (300MB < 3GB); allows for 24,117,248 kmers
[11 Dec 2019 23:33:25-xAF][memory] graph: 300MB
[11 Dec 2019 23:33:25-xAF][memory] total: 300MB of 62.6GB RAM
[11 Dec 2019 23:33:25-xAF] Writing 1 colour graph to microbial/bigsi/13/mccortex.SRR10527351.ctx
[11 Dec 2019 23:33:25-xAF][hasht] Allocating table with 24,117,248 entries, using 185MB
[11 Dec 2019 23:33:25-xAF][hasht]  number of buckets: 524,288, bucket size: 46
[11 Dec 2019 23:33:25-xAF][graph] kmer-size: 13; colours: 1; capacity: 24,117,248
[11 Dec 2019 23:33:25-xAF][hasht] buckets: 524,288 [2^19]; bucket size: 46; 
[11 Dec 2019 23:33:25-xAF][hasht] memory: 185MB; filled: 0 / 24,117,248 (0.00%)
[11 Dec 2019 23:33:25-xAF][asyncio] Inputs: 1; Threads: 1
[11 Dec 2019 23:33:25-xAF][seq] Parsing sequence file microbial/kmer-counts-jellyfish/13/SRR10527351.kmer.gz
[11 Dec 2019 23:33:29-xAF][seq] Loaded 3,305,858 reads and 0 reads pairs (file: microbial/kmer-counts-jellyfish/13/SRR10527351.kmer.gz)
[11 Dec 2019 23:33:29-xAF][hasht] buckets: 524,288 [2^19]; bucket size: 46; 
[11 Dec 2019 23:33:29-xAF][hasht] memory: 185MB; filled: 3,305,858 / 24,117,248 (13.71%)
[11 Dec 2019 23:33:29-xAF][hasht]  collisions  0: 3305858
[11 Dec 2019 23:33:29-xAF][task] input: microbial/kmer-counts-jellyfish/13/SRR10527351.kmer.gz colour: 0
[11 Dec 2019 23:33:29-xAF]  SE reads: 3,305,858  PE reads: 0
[11 Dec 2019 23:33:29-xAF]  good reads: 3,305,858  bad reads: 0
[11 Dec 2019 23:33:29-xAF]  dup SE reads: 0  dup PE pairs: 0
[11 Dec 2019 23:33:29-xAF]  bases read: 42,976,154  bases loaded: 42,976,154
[11 Dec 2019 23:33:29-xAF]  num contigs: 3,305,858  num kmers: 3,305,858 novel kmers: 3,305,858
[11 Dec 2019 23:33:29-xAF] Dumping graph...
[11 Dec 2019 23:33:29-xAF][graphwriter] Saving file to: microbial/bigsi/13/mccortex.SRR10527351.ctx
[11 Dec 2019 23:33:29-xAF][FileFilter] Writing graph  [1 src colour]
[11 Dec 2019 23:33:30-xAF][graphwriter] Dumped 3,305,858 kmers in 1 colour into: microbial/bigsi/13/mccortex.SRR10527351.ctx (ver: 6)
[11 Dec 2019 23:33:30-xAF][memory] We made 19 allocs
[11 Dec 2019 23:33:30-xAF] Done.
[11 Dec 2019 23:33:30-xAF][time] 5.00 seconds
	Command being timed: "mccortex 13 build --nkmers 24000000 --threads 1 --kmer 13 --mem 3G --sample SRR10527351 --seq microbial/kmer-counts-jellyfish/13/SRR10527351.kmer.gz microbial/bigsi/13/mccortex.SRR10527351.ctx"
	User time (seconds): 7.05
	System time (seconds): 1.41
	Percent of CPU this job got: 167%
	Elapsed (wall clock) time (h:mm:ss or m:ss): 0:05.06
	Average shared text size (kbytes): 0
	Average unshared data size (kbytes): 0
	Average stack size (kbytes): 0
	Average total size (kbytes): 0
	Maximum resident set size (kbytes): 292756
	Average resident set size (kbytes): 0
	Major (requiring I/O) page faults: 0
	Minor (reclaiming a frame) page faults: 304733
	Voluntary context switches: 104387
	Involuntary context switches: 13633
	Swaps: 0
	File system inputs: 28720
	File system outputs: 83952
	Socket messages sent: 0
	Socket messages received: 0
	Signals delivered: 0
	Page size (bytes): 4096
	Exit status: 0
