[11 Dec 2019 23:33:30-fAL][cmd] /home/CSCScience.ca/apetkau/miniconda3/envs/bigsi_mccortex/bin/mccortex31 build --nkmers 24000000 --threads 1 --kmer 13 --mem 3G --sample SRR8088181 --seq microbial/kmer-counts-jellyfish/13/SRR8088181.kmer.gz microbial/bigsi/13/mccortex.SRR8088181.ctx
[11 Dec 2019 23:33:30-fAL][cwd] /home/CSCScience.ca/apetkau/workspace/comp7934-project
[11 Dec 2019 23:33:30-fAL][version] mccortex=v0.0.3-610-g400c0e3 zlib=1.2.11 htslib=1.8-17-g699ed53 ASSERTS=ON hash=Lookup3 CHECKS=ON k=3..31
[11 Dec 2019 23:33:30-fAL] Saving graph to: microbial/bigsi/13/mccortex.SRR8088181.ctx
[11 Dec 2019 23:33:30-fAL][sample] 0: SRR8088181
[11 Dec 2019 23:33:30-fAL][task] microbial/kmer-counts-jellyfish/13/SRR8088181.kmer.gz; FASTQ offset: auto-detect, threshold: off; cut homopolymers: off; remove PCR duplicates: no; colour: 0
[11 Dec 2019 23:33:30-fAL][memory] 104 bits per kmer
[11 Dec 2019 23:33:30-fAL] Note: Using less memory than requested (300MB < 3GB); allows for 24,117,248 kmers
[11 Dec 2019 23:33:30-fAL][memory] graph: 300MB
[11 Dec 2019 23:33:30-fAL][memory] total: 300MB of 62.6GB RAM
[11 Dec 2019 23:33:30-fAL] Writing 1 colour graph to microbial/bigsi/13/mccortex.SRR8088181.ctx
[11 Dec 2019 23:33:30-fAL][hasht] Allocating table with 24,117,248 entries, using 185MB
[11 Dec 2019 23:33:30-fAL][hasht]  number of buckets: 524,288, bucket size: 46
[11 Dec 2019 23:33:30-fAL][graph] kmer-size: 13; colours: 1; capacity: 24,117,248
[11 Dec 2019 23:33:30-fAL][hasht] buckets: 524,288 [2^19]; bucket size: 46; 
[11 Dec 2019 23:33:30-fAL][hasht] memory: 185MB; filled: 0 / 24,117,248 (0.00%)
[11 Dec 2019 23:33:30-fAL][asyncio] Inputs: 1; Threads: 1
[11 Dec 2019 23:33:30-fAL][seq] Parsing sequence file microbial/kmer-counts-jellyfish/13/SRR8088181.kmer.gz
[11 Dec 2019 23:33:33-fAL][seq] Loaded 2,074,781 reads and 0 reads pairs (file: microbial/kmer-counts-jellyfish/13/SRR8088181.kmer.gz)
[11 Dec 2019 23:33:33-fAL][hasht] buckets: 524,288 [2^19]; bucket size: 46; 
[11 Dec 2019 23:33:33-fAL][hasht] memory: 185MB; filled: 2,074,781 / 24,117,248 (8.60%)
[11 Dec 2019 23:33:33-fAL][hasht]  collisions  0: 2074781
[11 Dec 2019 23:33:33-fAL][task] input: microbial/kmer-counts-jellyfish/13/SRR8088181.kmer.gz colour: 0
[11 Dec 2019 23:33:33-fAL]  SE reads: 2,074,781  PE reads: 0
[11 Dec 2019 23:33:33-fAL]  good reads: 2,074,781  bad reads: 0
[11 Dec 2019 23:33:33-fAL]  dup SE reads: 0  dup PE pairs: 0
[11 Dec 2019 23:33:33-fAL]  bases read: 26,972,153  bases loaded: 26,972,153
[11 Dec 2019 23:33:33-fAL]  num contigs: 2,074,781  num kmers: 2,074,781 novel kmers: 2,074,781
[11 Dec 2019 23:33:33-fAL] Dumping graph...
[11 Dec 2019 23:33:33-fAL][graphwriter] Saving file to: microbial/bigsi/13/mccortex.SRR8088181.ctx
[11 Dec 2019 23:33:33-fAL][FileFilter] Writing graph  [1 src colour]
[11 Dec 2019 23:33:34-fAL][graphwriter] Dumped 2,074,781 kmers in 1 colour into: microbial/bigsi/13/mccortex.SRR8088181.ctx (ver: 6)
[11 Dec 2019 23:33:34-fAL][memory] We made 19 allocs
[11 Dec 2019 23:33:34-fAL] Done.
[11 Dec 2019 23:33:34-fAL][time] 4.00 seconds
	Command being timed: "mccortex 13 build --nkmers 24000000 --threads 1 --kmer 13 --mem 3G --sample SRR8088181 --seq microbial/kmer-counts-jellyfish/13/SRR8088181.kmer.gz microbial/bigsi/13/mccortex.SRR8088181.ctx"
	User time (seconds): 5.04
	System time (seconds): 0.95
	Percent of CPU this job got: 175%
	Elapsed (wall clock) time (h:mm:ss or m:ss): 0:03.41
	Average shared text size (kbytes): 0
	Average unshared data size (kbytes): 0
	Average stack size (kbytes): 0
	Average total size (kbytes): 0
	Maximum resident set size (kbytes): 292804
	Average resident set size (kbytes): 0
	Major (requiring I/O) page faults: 0
	Minor (reclaiming a frame) page faults: 247113
	Voluntary context switches: 79409
	Involuntary context switches: 10589
	Swaps: 0
	File system inputs: 17912
	File system outputs: 52696
	Socket messages sent: 0
	Socket messages received: 0
	Signals delivered: 0
	Page size (bytes): 4096
	Exit status: 0
