[11 Dec 2019 23:32:18-diP][cmd] /home/CSCScience.ca/apetkau/miniconda3/envs/bigsi_mccortex/bin/mccortex31 build --nkmers 24000000 --threads 1 --kmer 13 --mem 3G --sample ERR3656015 --seq microbial/kmer-counts-jellyfish/13/ERR3656015.kmer.gz microbial/bigsi/13/mccortex.ERR3656015.ctx
[11 Dec 2019 23:32:18-diP][cwd] /home/CSCScience.ca/apetkau/workspace/comp7934-project
[11 Dec 2019 23:32:18-diP][version] mccortex=v0.0.3-610-g400c0e3 zlib=1.2.11 htslib=1.8-17-g699ed53 ASSERTS=ON hash=Lookup3 CHECKS=ON k=3..31
[11 Dec 2019 23:32:18-diP] Saving graph to: microbial/bigsi/13/mccortex.ERR3656015.ctx
[11 Dec 2019 23:32:18-diP][sample] 0: ERR3656015
[11 Dec 2019 23:32:18-diP][task] microbial/kmer-counts-jellyfish/13/ERR3656015.kmer.gz; FASTQ offset: auto-detect, threshold: off; cut homopolymers: off; remove PCR duplicates: no; colour: 0
[11 Dec 2019 23:32:18-diP][memory] 104 bits per kmer
[11 Dec 2019 23:32:18-diP] Note: Using less memory than requested (300MB < 3GB); allows for 24,117,248 kmers
[11 Dec 2019 23:32:18-diP][memory] graph: 300MB
[11 Dec 2019 23:32:18-diP][memory] total: 300MB of 62.6GB RAM
[11 Dec 2019 23:32:18-diP] Writing 1 colour graph to microbial/bigsi/13/mccortex.ERR3656015.ctx
[11 Dec 2019 23:32:18-diP][hasht] Allocating table with 24,117,248 entries, using 185MB
[11 Dec 2019 23:32:18-diP][hasht]  number of buckets: 524,288, bucket size: 46
[11 Dec 2019 23:32:18-diP][graph] kmer-size: 13; colours: 1; capacity: 24,117,248
[11 Dec 2019 23:32:18-diP][hasht] buckets: 524,288 [2^19]; bucket size: 46; 
[11 Dec 2019 23:32:18-diP][hasht] memory: 185MB; filled: 0 / 24,117,248 (0.00%)
[11 Dec 2019 23:32:18-diP][asyncio] Inputs: 1; Threads: 1
[11 Dec 2019 23:32:18-diP][seq] Parsing sequence file microbial/kmer-counts-jellyfish/13/ERR3656015.kmer.gz
[11 Dec 2019 23:32:25-diP][seq] Loaded 3,177,015 reads and 0 reads pairs (file: microbial/kmer-counts-jellyfish/13/ERR3656015.kmer.gz)
[11 Dec 2019 23:32:25-diP][hasht] buckets: 524,288 [2^19]; bucket size: 46; 
[11 Dec 2019 23:32:25-diP][hasht] memory: 185MB; filled: 3,177,015 / 24,117,248 (13.17%)
[11 Dec 2019 23:32:25-diP][hasht]  collisions  0: 3177015
[11 Dec 2019 23:32:25-diP][task] input: microbial/kmer-counts-jellyfish/13/ERR3656015.kmer.gz colour: 0
[11 Dec 2019 23:32:25-diP]  SE reads: 3,177,015  PE reads: 0
[11 Dec 2019 23:32:25-diP]  good reads: 3,177,015  bad reads: 0
[11 Dec 2019 23:32:25-diP]  dup SE reads: 0  dup PE pairs: 0
[11 Dec 2019 23:32:25-diP]  bases read: 41,301,195  bases loaded: 41,301,195
[11 Dec 2019 23:32:25-diP]  num contigs: 3,177,015  num kmers: 3,177,015 novel kmers: 3,177,015
[11 Dec 2019 23:32:25-diP] Dumping graph...
[11 Dec 2019 23:32:25-diP][graphwriter] Saving file to: microbial/bigsi/13/mccortex.ERR3656015.ctx
[11 Dec 2019 23:32:25-diP][FileFilter] Writing graph  [1 src colour]
[11 Dec 2019 23:32:26-diP][graphwriter] Dumped 3,177,015 kmers in 1 colour into: microbial/bigsi/13/mccortex.ERR3656015.ctx (ver: 6)
[11 Dec 2019 23:32:26-diP][memory] We made 19 allocs
[11 Dec 2019 23:32:26-diP] Done.
[11 Dec 2019 23:32:26-diP][time] 8.00 seconds
	Command being timed: "mccortex 13 build --nkmers 24000000 --threads 1 --kmer 13 --mem 3G --sample ERR3656015 --seq microbial/kmer-counts-jellyfish/13/ERR3656015.kmer.gz microbial/bigsi/13/mccortex.ERR3656015.ctx"
	User time (seconds): 9.09
	System time (seconds): 3.13
	Percent of CPU this job got: 158%
	Elapsed (wall clock) time (h:mm:ss or m:ss): 0:07.70
	Average shared text size (kbytes): 0
	Average unshared data size (kbytes): 0
	Average stack size (kbytes): 0
	Average total size (kbytes): 0
	Maximum resident set size (kbytes): 292640
	Average resident set size (kbytes): 0
	Major (requiring I/O) page faults: 0
	Minor (reclaiming a frame) page faults: 319327
	Voluntary context switches: 207966
	Involuntary context switches: 51905
	Swaps: 0
	File system inputs: 27616
	File system outputs: 80680
	Socket messages sent: 0
	Socket messages received: 0
	Signals delivered: 0
	Page size (bytes): 4096
	Exit status: 0
