[11 Dec 2019 23:32:18-juH][cmd] /home/CSCScience.ca/apetkau/miniconda3/envs/bigsi_mccortex/bin/mccortex31 build --nkmers 24000000 --threads 1 --kmer 13 --mem 3G --sample ERR3656010 --seq microbial/kmer-counts-jellyfish/13/ERR3656010.kmer.gz microbial/bigsi/13/mccortex.ERR3656010.ctx
[11 Dec 2019 23:32:18-juH][cwd] /home/CSCScience.ca/apetkau/workspace/comp7934-project
[11 Dec 2019 23:32:18-juH][version] mccortex=v0.0.3-610-g400c0e3 zlib=1.2.11 htslib=1.8-17-g699ed53 ASSERTS=ON hash=Lookup3 CHECKS=ON k=3..31
[11 Dec 2019 23:32:18-juH] Saving graph to: microbial/bigsi/13/mccortex.ERR3656010.ctx
[11 Dec 2019 23:32:18-juH][sample] 0: ERR3656010
[11 Dec 2019 23:32:18-juH][task] microbial/kmer-counts-jellyfish/13/ERR3656010.kmer.gz; FASTQ offset: auto-detect, threshold: off; cut homopolymers: off; remove PCR duplicates: no; colour: 0
[11 Dec 2019 23:32:18-juH][memory] 104 bits per kmer
[11 Dec 2019 23:32:18-juH] Note: Using less memory than requested (300MB < 3GB); allows for 24,117,248 kmers
[11 Dec 2019 23:32:18-juH][memory] graph: 300MB
[11 Dec 2019 23:32:18-juH][memory] total: 300MB of 62.6GB RAM
[11 Dec 2019 23:32:18-juH] Writing 1 colour graph to microbial/bigsi/13/mccortex.ERR3656010.ctx
[11 Dec 2019 23:32:18-juH][hasht] Allocating table with 24,117,248 entries, using 185MB
[11 Dec 2019 23:32:18-juH][hasht]  number of buckets: 524,288, bucket size: 46
[11 Dec 2019 23:32:18-juH][graph] kmer-size: 13; colours: 1; capacity: 24,117,248
[11 Dec 2019 23:32:18-juH][hasht] buckets: 524,288 [2^19]; bucket size: 46; 
[11 Dec 2019 23:32:18-juH][hasht] memory: 185MB; filled: 0 / 24,117,248 (0.00%)
[11 Dec 2019 23:32:18-juH][asyncio] Inputs: 1; Threads: 1
[11 Dec 2019 23:32:18-juH][seq] Parsing sequence file microbial/kmer-counts-jellyfish/13/ERR3656010.kmer.gz
[11 Dec 2019 23:32:23-juH][seq] Loaded 3,156,501 reads and 0 reads pairs (file: microbial/kmer-counts-jellyfish/13/ERR3656010.kmer.gz)
[11 Dec 2019 23:32:23-juH][hasht] buckets: 524,288 [2^19]; bucket size: 46; 
[11 Dec 2019 23:32:23-juH][hasht] memory: 185MB; filled: 3,156,501 / 24,117,248 (13.09%)
[11 Dec 2019 23:32:23-juH][hasht]  collisions  0: 3156501
[11 Dec 2019 23:32:23-juH][task] input: microbial/kmer-counts-jellyfish/13/ERR3656010.kmer.gz colour: 0
[11 Dec 2019 23:32:23-juH]  SE reads: 3,156,501  PE reads: 0
[11 Dec 2019 23:32:23-juH]  good reads: 3,156,501  bad reads: 0
[11 Dec 2019 23:32:23-juH]  dup SE reads: 0  dup PE pairs: 0
[11 Dec 2019 23:32:23-juH]  bases read: 41,034,513  bases loaded: 41,034,513
[11 Dec 2019 23:32:23-juH]  num contigs: 3,156,501  num kmers: 3,156,501 novel kmers: 3,156,501
[11 Dec 2019 23:32:23-juH] Dumping graph...
[11 Dec 2019 23:32:23-juH][graphwriter] Saving file to: microbial/bigsi/13/mccortex.ERR3656010.ctx
[11 Dec 2019 23:32:23-juH][FileFilter] Writing graph  [1 src colour]
[11 Dec 2019 23:32:24-juH][graphwriter] Dumped 3,156,501 kmers in 1 colour into: microbial/bigsi/13/mccortex.ERR3656010.ctx (ver: 6)
[11 Dec 2019 23:32:24-juH][memory] We made 19 allocs
[11 Dec 2019 23:32:24-juH] Done.
[11 Dec 2019 23:32:24-juH][time] 6.00 seconds
	Command being timed: "mccortex 13 build --nkmers 24000000 --threads 1 --kmer 13 --mem 3G --sample ERR3656010 --seq microbial/kmer-counts-jellyfish/13/ERR3656010.kmer.gz microbial/bigsi/13/mccortex.ERR3656010.ctx"
	User time (seconds): 7.70
	System time (seconds): 2.38
	Percent of CPU this job got: 169%
	Elapsed (wall clock) time (h:mm:ss or m:ss): 0:05.96
	Average shared text size (kbytes): 0
	Average unshared data size (kbytes): 0
	Average stack size (kbytes): 0
	Average total size (kbytes): 0
	Maximum resident set size (kbytes): 292724
	Average resident set size (kbytes): 0
	Major (requiring I/O) page faults: 0
	Minor (reclaiming a frame) page faults: 304912
	Voluntary context switches: 176795
	Involuntary context switches: 8122
	Swaps: 0
	File system inputs: 27440
	File system outputs: 80160
	Socket messages sent: 0
	Socket messages received: 0
	Signals delivered: 0
	Page size (bytes): 4096
	Exit status: 0
