[11 Dec 2019 23:32:18-fID][cmd] /home/CSCScience.ca/apetkau/miniconda3/envs/bigsi_mccortex/bin/mccortex31 build --nkmers 24000000 --threads 1 --kmer 13 --mem 3G --sample SRR10512965 --seq microbial/kmer-counts-jellyfish/13/SRR10512965.kmer.gz microbial/bigsi/13/mccortex.SRR10512965.ctx
[11 Dec 2019 23:32:18-fID][cwd] /home/CSCScience.ca/apetkau/workspace/comp7934-project
[11 Dec 2019 23:32:18-fID][version] mccortex=v0.0.3-610-g400c0e3 zlib=1.2.11 htslib=1.8-17-g699ed53 ASSERTS=ON hash=Lookup3 CHECKS=ON k=3..31
[11 Dec 2019 23:32:18-fID] Saving graph to: microbial/bigsi/13/mccortex.SRR10512965.ctx
[11 Dec 2019 23:32:18-fID][sample] 0: SRR10512965
[11 Dec 2019 23:32:18-fID][task] microbial/kmer-counts-jellyfish/13/SRR10512965.kmer.gz; FASTQ offset: auto-detect, threshold: off; cut homopolymers: off; remove PCR duplicates: no; colour: 0
[11 Dec 2019 23:32:18-fID][memory] 104 bits per kmer
[11 Dec 2019 23:32:18-fID] Note: Using less memory than requested (300MB < 3GB); allows for 24,117,248 kmers
[11 Dec 2019 23:32:18-fID][memory] graph: 300MB
[11 Dec 2019 23:32:18-fID][memory] total: 300MB of 62.6GB RAM
[11 Dec 2019 23:32:18-fID] Writing 1 colour graph to microbial/bigsi/13/mccortex.SRR10512965.ctx
[11 Dec 2019 23:32:18-fID][hasht] Allocating table with 24,117,248 entries, using 185MB
[11 Dec 2019 23:32:18-fID][hasht]  number of buckets: 524,288, bucket size: 46
[11 Dec 2019 23:32:18-fID][graph] kmer-size: 13; colours: 1; capacity: 24,117,248
[11 Dec 2019 23:32:18-fID][hasht] buckets: 524,288 [2^19]; bucket size: 46; 
[11 Dec 2019 23:32:18-fID][hasht] memory: 185MB; filled: 0 / 24,117,248 (0.00%)
[11 Dec 2019 23:32:18-fID][asyncio] Inputs: 1; Threads: 1
[11 Dec 2019 23:32:18-fID][seq] Parsing sequence file microbial/kmer-counts-jellyfish/13/SRR10512965.kmer.gz
[11 Dec 2019 23:32:25-fID][seq] Loaded 4,913,507 reads and 0 reads pairs (file: microbial/kmer-counts-jellyfish/13/SRR10512965.kmer.gz)
[11 Dec 2019 23:32:25-fID][hasht] buckets: 524,288 [2^19]; bucket size: 46; 
[11 Dec 2019 23:32:25-fID][hasht] memory: 185MB; filled: 4,913,507 / 24,117,248 (20.37%)
[11 Dec 2019 23:32:25-fID][hasht]  collisions  0: 4913507
[11 Dec 2019 23:32:25-fID][task] input: microbial/kmer-counts-jellyfish/13/SRR10512965.kmer.gz colour: 0
[11 Dec 2019 23:32:25-fID]  SE reads: 4,913,507  PE reads: 0
[11 Dec 2019 23:32:25-fID]  good reads: 4,913,507  bad reads: 0
[11 Dec 2019 23:32:25-fID]  dup SE reads: 0  dup PE pairs: 0
[11 Dec 2019 23:32:25-fID]  bases read: 63,875,591  bases loaded: 63,875,591
[11 Dec 2019 23:32:25-fID]  num contigs: 4,913,507  num kmers: 4,913,507 novel kmers: 4,913,507
[11 Dec 2019 23:32:25-fID] Dumping graph...
[11 Dec 2019 23:32:25-fID][graphwriter] Saving file to: microbial/bigsi/13/mccortex.SRR10512965.ctx
[11 Dec 2019 23:32:25-fID][FileFilter] Writing graph  [1 src colour]
[11 Dec 2019 23:32:26-fID][graphwriter] Dumped 4,913,507 kmers in 1 colour into: microbial/bigsi/13/mccortex.SRR10512965.ctx (ver: 6)
[11 Dec 2019 23:32:26-fID][memory] We made 19 allocs
[11 Dec 2019 23:32:26-fID] Done.
[11 Dec 2019 23:32:26-fID][time] 8.00 seconds
	Command being timed: "mccortex 13 build --nkmers 24000000 --threads 1 --kmer 13 --mem 3G --sample SRR10512965 --seq microbial/kmer-counts-jellyfish/13/SRR10512965.kmer.gz microbial/bigsi/13/mccortex.SRR10512965.ctx"
	User time (seconds): 9.84
	System time (seconds): 2.98
	Percent of CPU this job got: 156%
	Elapsed (wall clock) time (h:mm:ss or m:ss): 0:08.19
	Average shared text size (kbytes): 0
	Average unshared data size (kbytes): 0
	Average stack size (kbytes): 0
	Average total size (kbytes): 0
	Maximum resident set size (kbytes): 292776
	Average resident set size (kbytes): 0
	Major (requiring I/O) page faults: 0
	Minor (reclaiming a frame) page faults: 377403
	Voluntary context switches: 226740
	Involuntary context switches: 33427
	Swaps: 0
	File system inputs: 42640
	File system outputs: 124768
	Socket messages sent: 0
	Socket messages received: 0
	Signals delivered: 0
	Page size (bytes): 4096
	Exit status: 0
