[11 Dec 2019 23:33:14-BiR][cmd] /home/CSCScience.ca/apetkau/miniconda3/envs/bigsi_mccortex/bin/mccortex31 build --nkmers 24000000 --threads 1 --kmer 13 --mem 3G --sample SRR10513672 --seq microbial/kmer-counts-jellyfish/13/SRR10513672.kmer.gz microbial/bigsi/13/mccortex.SRR10513672.ctx
[11 Dec 2019 23:33:14-BiR][cwd] /home/CSCScience.ca/apetkau/workspace/comp7934-project
[11 Dec 2019 23:33:14-BiR][version] mccortex=v0.0.3-610-g400c0e3 zlib=1.2.11 htslib=1.8-17-g699ed53 ASSERTS=ON hash=Lookup3 CHECKS=ON k=3..31
[11 Dec 2019 23:33:14-BiR] Saving graph to: microbial/bigsi/13/mccortex.SRR10513672.ctx
[11 Dec 2019 23:33:14-BiR][sample] 0: SRR10513672
[11 Dec 2019 23:33:14-BiR][task] microbial/kmer-counts-jellyfish/13/SRR10513672.kmer.gz; FASTQ offset: auto-detect, threshold: off; cut homopolymers: off; remove PCR duplicates: no; colour: 0
[11 Dec 2019 23:33:14-BiR][memory] 104 bits per kmer
[11 Dec 2019 23:33:14-BiR] Note: Using less memory than requested (300MB < 3GB); allows for 24,117,248 kmers
[11 Dec 2019 23:33:14-BiR][memory] graph: 300MB
[11 Dec 2019 23:33:14-BiR][memory] total: 300MB of 62.6GB RAM
[11 Dec 2019 23:33:14-BiR] Writing 1 colour graph to microbial/bigsi/13/mccortex.SRR10513672.ctx
[11 Dec 2019 23:33:14-BiR][hasht] Allocating table with 24,117,248 entries, using 185MB
[11 Dec 2019 23:33:14-BiR][hasht]  number of buckets: 524,288, bucket size: 46
[11 Dec 2019 23:33:14-BiR][graph] kmer-size: 13; colours: 1; capacity: 24,117,248
[11 Dec 2019 23:33:14-BiR][hasht] buckets: 524,288 [2^19]; bucket size: 46; 
[11 Dec 2019 23:33:14-BiR][hasht] memory: 185MB; filled: 0 / 24,117,248 (0.00%)
[11 Dec 2019 23:33:14-BiR][asyncio] Inputs: 1; Threads: 1
[11 Dec 2019 23:33:14-BiR][seq] Parsing sequence file microbial/kmer-counts-jellyfish/13/SRR10513672.kmer.gz
[11 Dec 2019 23:33:17-BiR][seq] Loaded 2,545,225 reads and 0 reads pairs (file: microbial/kmer-counts-jellyfish/13/SRR10513672.kmer.gz)
[11 Dec 2019 23:33:17-BiR][hasht] buckets: 524,288 [2^19]; bucket size: 46; 
[11 Dec 2019 23:33:17-BiR][hasht] memory: 185MB; filled: 2,545,225 / 24,117,248 (10.55%)
[11 Dec 2019 23:33:17-BiR][hasht]  collisions  0: 2545225
[11 Dec 2019 23:33:17-BiR][task] input: microbial/kmer-counts-jellyfish/13/SRR10513672.kmer.gz colour: 0
[11 Dec 2019 23:33:17-BiR]  SE reads: 2,545,225  PE reads: 0
[11 Dec 2019 23:33:17-BiR]  good reads: 2,545,225  bad reads: 0
[11 Dec 2019 23:33:17-BiR]  dup SE reads: 0  dup PE pairs: 0
[11 Dec 2019 23:33:17-BiR]  bases read: 33,087,925  bases loaded: 33,087,925
[11 Dec 2019 23:33:17-BiR]  num contigs: 2,545,225  num kmers: 2,545,225 novel kmers: 2,545,225
[11 Dec 2019 23:33:17-BiR] Dumping graph...
[11 Dec 2019 23:33:17-BiR][graphwriter] Saving file to: microbial/bigsi/13/mccortex.SRR10513672.ctx
[11 Dec 2019 23:33:17-BiR][FileFilter] Writing graph  [1 src colour]
[11 Dec 2019 23:33:17-BiR][graphwriter] Dumped 2,545,225 kmers in 1 colour into: microbial/bigsi/13/mccortex.SRR10513672.ctx (ver: 6)
[11 Dec 2019 23:33:17-BiR][memory] We made 19 allocs
[11 Dec 2019 23:33:17-BiR] Done.
[11 Dec 2019 23:33:17-BiR][time] 3.00 seconds
	Command being timed: "mccortex 13 build --nkmers 24000000 --threads 1 --kmer 13 --mem 3G --sample SRR10513672 --seq microbial/kmer-counts-jellyfish/13/SRR10513672.kmer.gz microbial/bigsi/13/mccortex.SRR10513672.ctx"
	User time (seconds): 4.48
	System time (seconds): 1.59
	Percent of CPU this job got: 162%
	Elapsed (wall clock) time (h:mm:ss or m:ss): 0:03.74
	Average shared text size (kbytes): 0
	Average unshared data size (kbytes): 0
	Average stack size (kbytes): 0
	Average total size (kbytes): 0
	Maximum resident set size (kbytes): 292748
	Average resident set size (kbytes): 0
	Major (requiring I/O) page faults: 0
	Minor (reclaiming a frame) page faults: 232762
	Voluntary context switches: 127516
	Involuntary context switches: 22453
	Swaps: 0
	File system inputs: 22088
	File system outputs: 64640
	Socket messages sent: 0
	Socket messages received: 0
	Signals delivered: 0
	Page size (bytes): 4096
	Exit status: 0
