[11 Dec 2019 23:33:29-sUX][cmd] /home/CSCScience.ca/apetkau/miniconda3/envs/bigsi_mccortex/bin/mccortex31 build --nkmers 24000000 --threads 1 --kmer 13 --mem 3G --sample SRR10527353 --seq microbial/kmer-counts-jellyfish/13/SRR10527353.kmer.gz microbial/bigsi/13/mccortex.SRR10527353.ctx
[11 Dec 2019 23:33:29-sUX][cwd] /home/CSCScience.ca/apetkau/workspace/comp7934-project
[11 Dec 2019 23:33:29-sUX][version] mccortex=v0.0.3-610-g400c0e3 zlib=1.2.11 htslib=1.8-17-g699ed53 ASSERTS=ON hash=Lookup3 CHECKS=ON k=3..31
[11 Dec 2019 23:33:29-sUX] Saving graph to: microbial/bigsi/13/mccortex.SRR10527353.ctx
[11 Dec 2019 23:33:29-sUX][sample] 0: SRR10527353
[11 Dec 2019 23:33:29-sUX][task] microbial/kmer-counts-jellyfish/13/SRR10527353.kmer.gz; FASTQ offset: auto-detect, threshold: off; cut homopolymers: off; remove PCR duplicates: no; colour: 0
[11 Dec 2019 23:33:29-sUX][memory] 104 bits per kmer
[11 Dec 2019 23:33:29-sUX] Note: Using less memory than requested (300MB < 3GB); allows for 24,117,248 kmers
[11 Dec 2019 23:33:29-sUX][memory] graph: 300MB
[11 Dec 2019 23:33:29-sUX][memory] total: 300MB of 62.6GB RAM
[11 Dec 2019 23:33:29-sUX] Writing 1 colour graph to microbial/bigsi/13/mccortex.SRR10527353.ctx
[11 Dec 2019 23:33:29-sUX][hasht] Allocating table with 24,117,248 entries, using 185MB
[11 Dec 2019 23:33:29-sUX][hasht]  number of buckets: 524,288, bucket size: 46
[11 Dec 2019 23:33:29-sUX][graph] kmer-size: 13; colours: 1; capacity: 24,117,248
[11 Dec 2019 23:33:29-sUX][hasht] buckets: 524,288 [2^19]; bucket size: 46; 
[11 Dec 2019 23:33:29-sUX][hasht] memory: 185MB; filled: 0 / 24,117,248 (0.00%)
[11 Dec 2019 23:33:29-sUX][asyncio] Inputs: 1; Threads: 1
[11 Dec 2019 23:33:29-sUX][seq] Parsing sequence file microbial/kmer-counts-jellyfish/13/SRR10527353.kmer.gz
[11 Dec 2019 23:33:34-sUX][seq] Loaded 3,539,100 reads and 0 reads pairs (file: microbial/kmer-counts-jellyfish/13/SRR10527353.kmer.gz)
[11 Dec 2019 23:33:34-sUX][hasht] buckets: 524,288 [2^19]; bucket size: 46; 
[11 Dec 2019 23:33:34-sUX][hasht] memory: 185MB; filled: 3,539,100 / 24,117,248 (14.67%)
[11 Dec 2019 23:33:34-sUX][hasht]  collisions  0: 3539100
[11 Dec 2019 23:33:34-sUX][task] input: microbial/kmer-counts-jellyfish/13/SRR10527353.kmer.gz colour: 0
[11 Dec 2019 23:33:34-sUX]  SE reads: 3,539,100  PE reads: 0
[11 Dec 2019 23:33:34-sUX]  good reads: 3,539,100  bad reads: 0
[11 Dec 2019 23:33:34-sUX]  dup SE reads: 0  dup PE pairs: 0
[11 Dec 2019 23:33:34-sUX]  bases read: 46,008,300  bases loaded: 46,008,300
[11 Dec 2019 23:33:34-sUX]  num contigs: 3,539,100  num kmers: 3,539,100 novel kmers: 3,539,100
[11 Dec 2019 23:33:34-sUX] Dumping graph...
[11 Dec 2019 23:33:34-sUX][graphwriter] Saving file to: microbial/bigsi/13/mccortex.SRR10527353.ctx
[11 Dec 2019 23:33:34-sUX][FileFilter] Writing graph  [1 src colour]
[11 Dec 2019 23:33:34-sUX][graphwriter] Dumped 3,539,100 kmers in 1 colour into: microbial/bigsi/13/mccortex.SRR10527353.ctx (ver: 6)
[11 Dec 2019 23:33:34-sUX][memory] We made 19 allocs
[11 Dec 2019 23:33:34-sUX] Done.
[11 Dec 2019 23:33:34-sUX][time] 5.00 seconds
	Command being timed: "mccortex 13 build --nkmers 24000000 --threads 1 --kmer 13 --mem 3G --sample SRR10527353 --seq microbial/kmer-counts-jellyfish/13/SRR10527353.kmer.gz microbial/bigsi/13/mccortex.SRR10527353.ctx"
	User time (seconds): 7.42
	System time (seconds): 1.79
	Percent of CPU this job got: 168%
	Elapsed (wall clock) time (h:mm:ss or m:ss): 0:05.46
	Average shared text size (kbytes): 0
	Average unshared data size (kbytes): 0
	Average stack size (kbytes): 0
	Average total size (kbytes): 0
	Maximum resident set size (kbytes): 292664
	Average resident set size (kbytes): 0
	Major (requiring I/O) page faults: 0
	Minor (reclaiming a frame) page faults: 319353
	Voluntary context switches: 141719
	Involuntary context switches: 10287
	Swaps: 0
	File system inputs: 30744
	File system outputs: 89872
	Socket messages sent: 0
	Socket messages received: 0
	Signals delivered: 0
	Page size (bytes): 4096
	Exit status: 0
