[11 Dec 2019 23:33:20-DoW][cmd] /home/CSCScience.ca/apetkau/miniconda3/envs/bigsi_mccortex/bin/mccortex31 build --nkmers 24000000 --threads 1 --kmer 13 --mem 3G --sample SRR10519620 --seq microbial/kmer-counts-jellyfish/13/SRR10519620.kmer.gz microbial/bigsi/13/mccortex.SRR10519620.ctx
[11 Dec 2019 23:33:20-DoW][cwd] /home/CSCScience.ca/apetkau/workspace/comp7934-project
[11 Dec 2019 23:33:20-DoW][version] mccortex=v0.0.3-610-g400c0e3 zlib=1.2.11 htslib=1.8-17-g699ed53 ASSERTS=ON hash=Lookup3 CHECKS=ON k=3..31
[11 Dec 2019 23:33:20-DoW] Saving graph to: microbial/bigsi/13/mccortex.SRR10519620.ctx
[11 Dec 2019 23:33:20-DoW][sample] 0: SRR10519620
[11 Dec 2019 23:33:20-DoW][task] microbial/kmer-counts-jellyfish/13/SRR10519620.kmer.gz; FASTQ offset: auto-detect, threshold: off; cut homopolymers: off; remove PCR duplicates: no; colour: 0
[11 Dec 2019 23:33:20-DoW][memory] 104 bits per kmer
[11 Dec 2019 23:33:20-DoW] Note: Using less memory than requested (300MB < 3GB); allows for 24,117,248 kmers
[11 Dec 2019 23:33:20-DoW][memory] graph: 300MB
[11 Dec 2019 23:33:20-DoW][memory] total: 300MB of 62.6GB RAM
[11 Dec 2019 23:33:20-DoW] Writing 1 colour graph to microbial/bigsi/13/mccortex.SRR10519620.ctx
[11 Dec 2019 23:33:20-DoW][hasht] Allocating table with 24,117,248 entries, using 185MB
[11 Dec 2019 23:33:20-DoW][hasht]  number of buckets: 524,288, bucket size: 46
[11 Dec 2019 23:33:20-DoW][graph] kmer-size: 13; colours: 1; capacity: 24,117,248
[11 Dec 2019 23:33:20-DoW][hasht] buckets: 524,288 [2^19]; bucket size: 46; 
[11 Dec 2019 23:33:20-DoW][hasht] memory: 185MB; filled: 0 / 24,117,248 (0.00%)
[11 Dec 2019 23:33:20-DoW][asyncio] Inputs: 1; Threads: 1
[11 Dec 2019 23:33:20-DoW][seq] Parsing sequence file microbial/kmer-counts-jellyfish/13/SRR10519620.kmer.gz
[11 Dec 2019 23:33:24-DoW][seq] Loaded 3,395,445 reads and 0 reads pairs (file: microbial/kmer-counts-jellyfish/13/SRR10519620.kmer.gz)
[11 Dec 2019 23:33:24-DoW][hasht] buckets: 524,288 [2^19]; bucket size: 46; 
[11 Dec 2019 23:33:24-DoW][hasht] memory: 185MB; filled: 3,395,445 / 24,117,248 (14.08%)
[11 Dec 2019 23:33:24-DoW][hasht]  collisions  0: 3395445
[11 Dec 2019 23:33:24-DoW][task] input: microbial/kmer-counts-jellyfish/13/SRR10519620.kmer.gz colour: 0
[11 Dec 2019 23:33:24-DoW]  SE reads: 3,395,445  PE reads: 0
[11 Dec 2019 23:33:24-DoW]  good reads: 3,395,445  bad reads: 0
[11 Dec 2019 23:33:24-DoW]  dup SE reads: 0  dup PE pairs: 0
[11 Dec 2019 23:33:24-DoW]  bases read: 44,140,785  bases loaded: 44,140,785
[11 Dec 2019 23:33:24-DoW]  num contigs: 3,395,445  num kmers: 3,395,445 novel kmers: 3,395,445
[11 Dec 2019 23:33:24-DoW] Dumping graph...
[11 Dec 2019 23:33:24-DoW][graphwriter] Saving file to: microbial/bigsi/13/mccortex.SRR10519620.ctx
[11 Dec 2019 23:33:24-DoW][FileFilter] Writing graph  [1 src colour]
[11 Dec 2019 23:33:24-DoW][graphwriter] Dumped 3,395,445 kmers in 1 colour into: microbial/bigsi/13/mccortex.SRR10519620.ctx (ver: 6)
[11 Dec 2019 23:33:24-DoW][memory] We made 19 allocs
[11 Dec 2019 23:33:24-DoW] Done.
[11 Dec 2019 23:33:24-DoW][time] 4.00 seconds
	Command being timed: "mccortex 13 build --nkmers 24000000 --threads 1 --kmer 13 --mem 3G --sample SRR10519620 --seq microbial/kmer-counts-jellyfish/13/SRR10519620.kmer.gz microbial/bigsi/13/mccortex.SRR10519620.ctx"
	User time (seconds): 5.80
	System time (seconds): 1.65
	Percent of CPU this job got: 164%
	Elapsed (wall clock) time (h:mm:ss or m:ss): 0:04.54
	Average shared text size (kbytes): 0
	Average unshared data size (kbytes): 0
	Average stack size (kbytes): 0
	Average total size (kbytes): 0
	Maximum resident set size (kbytes): 292732
	Average resident set size (kbytes): 0
	Major (requiring I/O) page faults: 0
	Minor (reclaiming a frame) page faults: 247120
	Voluntary context switches: 129117
	Involuntary context switches: 19588
	Swaps: 0
	File system inputs: 29472
	File system outputs: 86224
	Socket messages sent: 0
	Socket messages received: 0
	Signals delivered: 0
	Page size (bytes): 4096
	Exit status: 0
