[11 Dec 2019 23:32:18-pir][cmd] /home/CSCScience.ca/apetkau/miniconda3/envs/bigsi_mccortex/bin/mccortex31 build --nkmers 24000000 --threads 1 --kmer 13 --mem 3G --sample ERR3656019 --seq microbial/kmer-counts-jellyfish/13/ERR3656019.kmer.gz microbial/bigsi/13/mccortex.ERR3656019.ctx
[11 Dec 2019 23:32:18-pir][cwd] /home/CSCScience.ca/apetkau/workspace/comp7934-project
[11 Dec 2019 23:32:18-pir][version] mccortex=v0.0.3-610-g400c0e3 zlib=1.2.11 htslib=1.8-17-g699ed53 ASSERTS=ON hash=Lookup3 CHECKS=ON k=3..31
[11 Dec 2019 23:32:18-pir] Saving graph to: microbial/bigsi/13/mccortex.ERR3656019.ctx
[11 Dec 2019 23:32:18-pir][sample] 0: ERR3656019
[11 Dec 2019 23:32:18-pir][task] microbial/kmer-counts-jellyfish/13/ERR3656019.kmer.gz; FASTQ offset: auto-detect, threshold: off; cut homopolymers: off; remove PCR duplicates: no; colour: 0
[11 Dec 2019 23:32:18-pir][memory] 104 bits per kmer
[11 Dec 2019 23:32:18-pir] Note: Using less memory than requested (300MB < 3GB); allows for 24,117,248 kmers
[11 Dec 2019 23:32:18-pir][memory] graph: 300MB
[11 Dec 2019 23:32:18-pir][memory] total: 300MB of 62.6GB RAM
[11 Dec 2019 23:32:18-pir] Writing 1 colour graph to microbial/bigsi/13/mccortex.ERR3656019.ctx
[11 Dec 2019 23:32:18-pir][hasht] Allocating table with 24,117,248 entries, using 185MB
[11 Dec 2019 23:32:18-pir][hasht]  number of buckets: 524,288, bucket size: 46
[11 Dec 2019 23:32:18-pir][graph] kmer-size: 13; colours: 1; capacity: 24,117,248
[11 Dec 2019 23:32:18-pir][hasht] buckets: 524,288 [2^19]; bucket size: 46; 
[11 Dec 2019 23:32:18-pir][hasht] memory: 185MB; filled: 0 / 24,117,248 (0.00%)
[11 Dec 2019 23:32:18-pir][asyncio] Inputs: 1; Threads: 1
[11 Dec 2019 23:32:18-pir][seq] Parsing sequence file microbial/kmer-counts-jellyfish/13/ERR3656019.kmer.gz
[11 Dec 2019 23:32:24-pir][seq] Loaded 3,686,339 reads and 0 reads pairs (file: microbial/kmer-counts-jellyfish/13/ERR3656019.kmer.gz)
[11 Dec 2019 23:32:24-pir][hasht] buckets: 524,288 [2^19]; bucket size: 46; 
[11 Dec 2019 23:32:24-pir][hasht] memory: 185MB; filled: 3,686,339 / 24,117,248 (15.29%)
[11 Dec 2019 23:32:24-pir][hasht]  collisions  0: 3686339
[11 Dec 2019 23:32:24-pir][task] input: microbial/kmer-counts-jellyfish/13/ERR3656019.kmer.gz colour: 0
[11 Dec 2019 23:32:24-pir]  SE reads: 3,686,339  PE reads: 0
[11 Dec 2019 23:32:24-pir]  good reads: 3,686,339  bad reads: 0
[11 Dec 2019 23:32:24-pir]  dup SE reads: 0  dup PE pairs: 0
[11 Dec 2019 23:32:24-pir]  bases read: 47,922,407  bases loaded: 47,922,407
[11 Dec 2019 23:32:24-pir]  num contigs: 3,686,339  num kmers: 3,686,339 novel kmers: 3,686,339
[11 Dec 2019 23:32:24-pir] Dumping graph...
[11 Dec 2019 23:32:24-pir][graphwriter] Saving file to: microbial/bigsi/13/mccortex.ERR3656019.ctx
[11 Dec 2019 23:32:24-pir][FileFilter] Writing graph  [1 src colour]
[11 Dec 2019 23:32:25-pir][graphwriter] Dumped 3,686,339 kmers in 1 colour into: microbial/bigsi/13/mccortex.ERR3656019.ctx (ver: 6)
[11 Dec 2019 23:32:25-pir][memory] We made 19 allocs
[11 Dec 2019 23:32:25-pir] Done.
[11 Dec 2019 23:32:25-pir][time] 7.00 seconds
	Command being timed: "mccortex 13 build --nkmers 24000000 --threads 1 --kmer 13 --mem 3G --sample ERR3656019 --seq microbial/kmer-counts-jellyfish/13/ERR3656019.kmer.gz microbial/bigsi/13/mccortex.ERR3656019.ctx"
	User time (seconds): 8.09
	System time (seconds): 2.86
	Percent of CPU this job got: 161%
	Elapsed (wall clock) time (h:mm:ss or m:ss): 0:06.76
	Average shared text size (kbytes): 0
	Average unshared data size (kbytes): 0
	Average stack size (kbytes): 0
	Average total size (kbytes): 0
	Maximum resident set size (kbytes): 292732
	Average resident set size (kbytes): 0
	Major (requiring I/O) page faults: 0
	Minor (reclaiming a frame) page faults: 319352
	Voluntary context switches: 309766
	Involuntary context switches: 17316
	Swaps: 0
	File system inputs: 31968
	File system outputs: 93608
	Socket messages sent: 0
	Socket messages received: 0
	Signals delivered: 0
	Page size (bytes): 4096
	Exit status: 0
