[11 Dec 2019 23:32:18-zid][cmd] /home/CSCScience.ca/apetkau/miniconda3/envs/bigsi_mccortex/bin/mccortex31 build --nkmers 24000000 --threads 1 --kmer 13 --mem 3G --sample ERR1144977 --seq microbial/kmer-counts-jellyfish/13/ERR1144977.kmer.gz microbial/bigsi/13/mccortex.ERR1144977.ctx
[11 Dec 2019 23:32:18-zid][cwd] /home/CSCScience.ca/apetkau/workspace/comp7934-project
[11 Dec 2019 23:32:18-zid][version] mccortex=v0.0.3-610-g400c0e3 zlib=1.2.11 htslib=1.8-17-g699ed53 ASSERTS=ON hash=Lookup3 CHECKS=ON k=3..31
[11 Dec 2019 23:32:18-zid] Saving graph to: microbial/bigsi/13/mccortex.ERR1144977.ctx
[11 Dec 2019 23:32:18-zid][sample] 0: ERR1144977
[11 Dec 2019 23:32:18-zid][task] microbial/kmer-counts-jellyfish/13/ERR1144977.kmer.gz; FASTQ offset: auto-detect, threshold: off; cut homopolymers: off; remove PCR duplicates: no; colour: 0
[11 Dec 2019 23:32:18-zid][memory] 104 bits per kmer
[11 Dec 2019 23:32:18-zid] Note: Using less memory than requested (300MB < 3GB); allows for 24,117,248 kmers
[11 Dec 2019 23:32:18-zid][memory] graph: 300MB
[11 Dec 2019 23:32:18-zid][memory] total: 300MB of 62.6GB RAM
[11 Dec 2019 23:32:18-zid] Writing 1 colour graph to microbial/bigsi/13/mccortex.ERR1144977.ctx
[11 Dec 2019 23:32:18-zid][hasht] Allocating table with 24,117,248 entries, using 185MB
[11 Dec 2019 23:32:18-zid][hasht]  number of buckets: 524,288, bucket size: 46
[11 Dec 2019 23:32:18-zid][graph] kmer-size: 13; colours: 1; capacity: 24,117,248
[11 Dec 2019 23:32:18-zid][hasht] buckets: 524,288 [2^19]; bucket size: 46; 
[11 Dec 2019 23:32:18-zid][hasht] memory: 185MB; filled: 0 / 24,117,248 (0.00%)
[11 Dec 2019 23:32:18-zid][asyncio] Inputs: 1; Threads: 1
[11 Dec 2019 23:32:18-zid][seq] Parsing sequence file microbial/kmer-counts-jellyfish/13/ERR1144977.kmer.gz
[11 Dec 2019 23:32:22-zid][seq] Loaded 2,851,026 reads and 0 reads pairs (file: microbial/kmer-counts-jellyfish/13/ERR1144977.kmer.gz)
[11 Dec 2019 23:32:22-zid][hasht] buckets: 524,288 [2^19]; bucket size: 46; 
[11 Dec 2019 23:32:22-zid][hasht] memory: 185MB; filled: 2,851,026 / 24,117,248 (11.82%)
[11 Dec 2019 23:32:22-zid][hasht]  collisions  0: 2851026
[11 Dec 2019 23:32:22-zid][task] input: microbial/kmer-counts-jellyfish/13/ERR1144977.kmer.gz colour: 0
[11 Dec 2019 23:32:22-zid]  SE reads: 2,851,026  PE reads: 0
[11 Dec 2019 23:32:22-zid]  good reads: 2,851,026  bad reads: 0
[11 Dec 2019 23:32:22-zid]  dup SE reads: 0  dup PE pairs: 0
[11 Dec 2019 23:32:22-zid]  bases read: 37,063,338  bases loaded: 37,063,338
[11 Dec 2019 23:32:22-zid]  num contigs: 2,851,026  num kmers: 2,851,026 novel kmers: 2,851,026
[11 Dec 2019 23:32:22-zid] Dumping graph...
[11 Dec 2019 23:32:22-zid][graphwriter] Saving file to: microbial/bigsi/13/mccortex.ERR1144977.ctx
[11 Dec 2019 23:32:22-zid][FileFilter] Writing graph  [1 src colour]
[11 Dec 2019 23:32:23-zid][graphwriter] Dumped 2,851,026 kmers in 1 colour into: microbial/bigsi/13/mccortex.ERR1144977.ctx (ver: 6)
[11 Dec 2019 23:32:23-zid][memory] We made 19 allocs
[11 Dec 2019 23:32:23-zid] Done.
[11 Dec 2019 23:32:23-zid][time] 5.00 seconds
	Command being timed: "mccortex 13 build --nkmers 24000000 --threads 1 --kmer 13 --mem 3G --sample ERR1144977 --seq microbial/kmer-counts-jellyfish/13/ERR1144977.kmer.gz microbial/bigsi/13/mccortex.ERR1144977.ctx"
	User time (seconds): 6.46
	System time (seconds): 2.28
	Percent of CPU this job got: 176%
	Elapsed (wall clock) time (h:mm:ss or m:ss): 0:04.95
	Average shared text size (kbytes): 0
	Average unshared data size (kbytes): 0
	Average stack size (kbytes): 0
	Average total size (kbytes): 0
	Maximum resident set size (kbytes): 292660
	Average resident set size (kbytes): 0
	Major (requiring I/O) page faults: 0
	Minor (reclaiming a frame) page faults: 304795
	Voluntary context switches: 213811
	Involuntary context switches: 226
	Swaps: 0
	File system inputs: 24520
	File system outputs: 72400
	Socket messages sent: 0
	Socket messages received: 0
	Signals delivered: 0
	Page size (bytes): 4096
	Exit status: 0
