[11 Dec 2019 23:32:18-Kij][cmd] /home/CSCScience.ca/apetkau/miniconda3/envs/bigsi_mccortex/bin/mccortex31 build --nkmers 24000000 --threads 1 --kmer 13 --mem 3G --sample ERR3656002 --seq microbial/kmer-counts-jellyfish/13/ERR3656002.kmer.gz microbial/bigsi/13/mccortex.ERR3656002.ctx
[11 Dec 2019 23:32:18-Kij][cwd] /home/CSCScience.ca/apetkau/workspace/comp7934-project
[11 Dec 2019 23:32:18-Kij][version] mccortex=v0.0.3-610-g400c0e3 zlib=1.2.11 htslib=1.8-17-g699ed53 ASSERTS=ON hash=Lookup3 CHECKS=ON k=3..31
[11 Dec 2019 23:32:18-Kij] Saving graph to: microbial/bigsi/13/mccortex.ERR3656002.ctx
[11 Dec 2019 23:32:18-Kij][sample] 0: ERR3656002
[11 Dec 2019 23:32:18-Kij][task] microbial/kmer-counts-jellyfish/13/ERR3656002.kmer.gz; FASTQ offset: auto-detect, threshold: off; cut homopolymers: off; remove PCR duplicates: no; colour: 0
[11 Dec 2019 23:32:18-Kij][memory] 104 bits per kmer
[11 Dec 2019 23:32:18-Kij] Note: Using less memory than requested (300MB < 3GB); allows for 24,117,248 kmers
[11 Dec 2019 23:32:18-Kij][memory] graph: 300MB
[11 Dec 2019 23:32:18-Kij][memory] total: 300MB of 62.6GB RAM
[11 Dec 2019 23:32:18-Kij] Writing 1 colour graph to microbial/bigsi/13/mccortex.ERR3656002.ctx
[11 Dec 2019 23:32:18-Kij][hasht] Allocating table with 24,117,248 entries, using 185MB
[11 Dec 2019 23:32:18-Kij][hasht]  number of buckets: 524,288, bucket size: 46
[11 Dec 2019 23:32:18-Kij][graph] kmer-size: 13; colours: 1; capacity: 24,117,248
[11 Dec 2019 23:32:18-Kij][hasht] buckets: 524,288 [2^19]; bucket size: 46; 
[11 Dec 2019 23:32:18-Kij][hasht] memory: 185MB; filled: 0 / 24,117,248 (0.00%)
[11 Dec 2019 23:32:18-Kij][asyncio] Inputs: 1; Threads: 1
[11 Dec 2019 23:32:18-Kij][seq] Parsing sequence file microbial/kmer-counts-jellyfish/13/ERR3656002.kmer.gz
[11 Dec 2019 23:32:23-Kij][seq] Loaded 3,473,091 reads and 0 reads pairs (file: microbial/kmer-counts-jellyfish/13/ERR3656002.kmer.gz)
[11 Dec 2019 23:32:23-Kij][hasht] buckets: 524,288 [2^19]; bucket size: 46; 
[11 Dec 2019 23:32:23-Kij][hasht] memory: 185MB; filled: 3,473,091 / 24,117,248 (14.40%)
[11 Dec 2019 23:32:23-Kij][hasht]  collisions  0: 3473091
[11 Dec 2019 23:32:23-Kij][task] input: microbial/kmer-counts-jellyfish/13/ERR3656002.kmer.gz colour: 0
[11 Dec 2019 23:32:23-Kij]  SE reads: 3,473,091  PE reads: 0
[11 Dec 2019 23:32:23-Kij]  good reads: 3,473,091  bad reads: 0
[11 Dec 2019 23:32:23-Kij]  dup SE reads: 0  dup PE pairs: 0
[11 Dec 2019 23:32:23-Kij]  bases read: 45,150,183  bases loaded: 45,150,183
[11 Dec 2019 23:32:23-Kij]  num contigs: 3,473,091  num kmers: 3,473,091 novel kmers: 3,473,091
[11 Dec 2019 23:32:23-Kij] Dumping graph...
[11 Dec 2019 23:32:23-Kij][graphwriter] Saving file to: microbial/bigsi/13/mccortex.ERR3656002.ctx
[11 Dec 2019 23:32:23-Kij][FileFilter] Writing graph  [1 src colour]
[11 Dec 2019 23:32:23-Kij][graphwriter] Dumped 3,473,091 kmers in 1 colour into: microbial/bigsi/13/mccortex.ERR3656002.ctx (ver: 6)
[11 Dec 2019 23:32:23-Kij][memory] We made 19 allocs
[11 Dec 2019 23:32:23-Kij] Done.
[11 Dec 2019 23:32:23-Kij][time] 5.00 seconds
	Command being timed: "mccortex 13 build --nkmers 24000000 --threads 1 --kmer 13 --mem 3G --sample ERR3656002 --seq microbial/kmer-counts-jellyfish/13/ERR3656002.kmer.gz microbial/bigsi/13/mccortex.ERR3656002.ctx"
	User time (seconds): 7.05
	System time (seconds): 2.10
	Percent of CPU this job got: 172%
	Elapsed (wall clock) time (h:mm:ss or m:ss): 0:05.29
	Average shared text size (kbytes): 0
	Average unshared data size (kbytes): 0
	Average stack size (kbytes): 0
	Average total size (kbytes): 0
	Maximum resident set size (kbytes): 292660
	Average resident set size (kbytes): 0
	Major (requiring I/O) page faults: 0
	Minor (reclaiming a frame) page faults: 247122
	Voluntary context switches: 127590
	Involuntary context switches: 158
	Swaps: 0
	File system inputs: 29928
	File system outputs: 88200
	Socket messages sent: 0
	Socket messages received: 0
	Signals delivered: 0
	Page size (bytes): 4096
	Exit status: 0
