[11 Dec 2019 23:33:14-Gel][cmd] /home/CSCScience.ca/apetkau/miniconda3/envs/bigsi_mccortex/bin/mccortex31 build --nkmers 24000000 --threads 1 --kmer 13 --mem 3G --sample SRR10519468 --seq microbial/kmer-counts-jellyfish/13/SRR10519468.kmer.gz microbial/bigsi/13/mccortex.SRR10519468.ctx
[11 Dec 2019 23:33:14-Gel][cwd] /home/CSCScience.ca/apetkau/workspace/comp7934-project
[11 Dec 2019 23:33:14-Gel][version] mccortex=v0.0.3-610-g400c0e3 zlib=1.2.11 htslib=1.8-17-g699ed53 ASSERTS=ON hash=Lookup3 CHECKS=ON k=3..31
[11 Dec 2019 23:33:14-Gel] Saving graph to: microbial/bigsi/13/mccortex.SRR10519468.ctx
[11 Dec 2019 23:33:14-Gel][sample] 0: SRR10519468
[11 Dec 2019 23:33:14-Gel][task] microbial/kmer-counts-jellyfish/13/SRR10519468.kmer.gz; FASTQ offset: auto-detect, threshold: off; cut homopolymers: off; remove PCR duplicates: no; colour: 0
[11 Dec 2019 23:33:14-Gel][memory] 104 bits per kmer
[11 Dec 2019 23:33:14-Gel] Note: Using less memory than requested (300MB < 3GB); allows for 24,117,248 kmers
[11 Dec 2019 23:33:14-Gel][memory] graph: 300MB
[11 Dec 2019 23:33:14-Gel][memory] total: 300MB of 62.6GB RAM
[11 Dec 2019 23:33:14-Gel] Writing 1 colour graph to microbial/bigsi/13/mccortex.SRR10519468.ctx
[11 Dec 2019 23:33:14-Gel][hasht] Allocating table with 24,117,248 entries, using 185MB
[11 Dec 2019 23:33:14-Gel][hasht]  number of buckets: 524,288, bucket size: 46
[11 Dec 2019 23:33:14-Gel][graph] kmer-size: 13; colours: 1; capacity: 24,117,248
[11 Dec 2019 23:33:14-Gel][hasht] buckets: 524,288 [2^19]; bucket size: 46; 
[11 Dec 2019 23:33:14-Gel][hasht] memory: 185MB; filled: 0 / 24,117,248 (0.00%)
[11 Dec 2019 23:33:14-Gel][asyncio] Inputs: 1; Threads: 1
[11 Dec 2019 23:33:14-Gel][seq] Parsing sequence file microbial/kmer-counts-jellyfish/13/SRR10519468.kmer.gz
[11 Dec 2019 23:33:16-Gel][seq] Loaded 1,294,586 reads and 0 reads pairs (file: microbial/kmer-counts-jellyfish/13/SRR10519468.kmer.gz)
[11 Dec 2019 23:33:16-Gel][hasht] buckets: 524,288 [2^19]; bucket size: 46; 
[11 Dec 2019 23:33:16-Gel][hasht] memory: 185MB; filled: 1,294,586 / 24,117,248 (5.37%)
[11 Dec 2019 23:33:16-Gel][hasht]  collisions  0: 1294586
[11 Dec 2019 23:33:16-Gel][task] input: microbial/kmer-counts-jellyfish/13/SRR10519468.kmer.gz colour: 0
[11 Dec 2019 23:33:16-Gel]  SE reads: 1,294,586  PE reads: 0
[11 Dec 2019 23:33:16-Gel]  good reads: 1,294,586  bad reads: 0
[11 Dec 2019 23:33:16-Gel]  dup SE reads: 0  dup PE pairs: 0
[11 Dec 2019 23:33:16-Gel]  bases read: 16,829,618  bases loaded: 16,829,618
[11 Dec 2019 23:33:16-Gel]  num contigs: 1,294,586  num kmers: 1,294,586 novel kmers: 1,294,586
[11 Dec 2019 23:33:16-Gel] Dumping graph...
[11 Dec 2019 23:33:16-Gel][graphwriter] Saving file to: microbial/bigsi/13/mccortex.SRR10519468.ctx
[11 Dec 2019 23:33:16-Gel][FileFilter] Writing graph  [1 src colour]
[11 Dec 2019 23:33:16-Gel][graphwriter] Dumped 1,294,586 kmers in 1 colour into: microbial/bigsi/13/mccortex.SRR10519468.ctx (ver: 6)
[11 Dec 2019 23:33:16-Gel][memory] We made 19 allocs
[11 Dec 2019 23:33:16-Gel] Done.
[11 Dec 2019 23:33:16-Gel][time] 2.00 seconds
	Command being timed: "mccortex 13 build --nkmers 24000000 --threads 1 --kmer 13 --mem 3G --sample SRR10519468 --seq microbial/kmer-counts-jellyfish/13/SRR10519468.kmer.gz microbial/bigsi/13/mccortex.SRR10519468.ctx"
	User time (seconds): 2.62
	System time (seconds): 0.86
	Percent of CPU this job got: 166%
	Elapsed (wall clock) time (h:mm:ss or m:ss): 0:02.09
	Average shared text size (kbytes): 0
	Average unshared data size (kbytes): 0
	Average stack size (kbytes): 0
	Average total size (kbytes): 0
	Maximum resident set size (kbytes): 292668
	Average resident set size (kbytes): 0
	Major (requiring I/O) page faults: 0
	Minor (reclaiming a frame) page faults: 174890
	Voluntary context switches: 66129
	Involuntary context switches: 7542
	Swaps: 0
	File system inputs: 11056
	File system outputs: 32880
	Socket messages sent: 0
	Socket messages received: 0
	Signals delivered: 0
	Page size (bytes): 4096
	Exit status: 0
