[11 Dec 2019 23:33:20-qOb][cmd] /home/CSCScience.ca/apetkau/miniconda3/envs/bigsi_mccortex/bin/mccortex31 build --nkmers 24000000 --threads 1 --kmer 13 --mem 3G --sample SRR10519637 --seq microbial/kmer-counts-jellyfish/13/SRR10519637.kmer.gz microbial/bigsi/13/mccortex.SRR10519637.ctx
[11 Dec 2019 23:33:20-qOb][cwd] /home/CSCScience.ca/apetkau/workspace/comp7934-project
[11 Dec 2019 23:33:20-qOb][version] mccortex=v0.0.3-610-g400c0e3 zlib=1.2.11 htslib=1.8-17-g699ed53 ASSERTS=ON hash=Lookup3 CHECKS=ON k=3..31
[11 Dec 2019 23:33:20-qOb] Saving graph to: microbial/bigsi/13/mccortex.SRR10519637.ctx
[11 Dec 2019 23:33:20-qOb][sample] 0: SRR10519637
[11 Dec 2019 23:33:20-qOb][task] microbial/kmer-counts-jellyfish/13/SRR10519637.kmer.gz; FASTQ offset: auto-detect, threshold: off; cut homopolymers: off; remove PCR duplicates: no; colour: 0
[11 Dec 2019 23:33:20-qOb][memory] 104 bits per kmer
[11 Dec 2019 23:33:20-qOb] Note: Using less memory than requested (300MB < 3GB); allows for 24,117,248 kmers
[11 Dec 2019 23:33:20-qOb][memory] graph: 300MB
[11 Dec 2019 23:33:20-qOb][memory] total: 300MB of 62.6GB RAM
[11 Dec 2019 23:33:20-qOb] Writing 1 colour graph to microbial/bigsi/13/mccortex.SRR10519637.ctx
[11 Dec 2019 23:33:20-qOb][hasht] Allocating table with 24,117,248 entries, using 185MB
[11 Dec 2019 23:33:20-qOb][hasht]  number of buckets: 524,288, bucket size: 46
[11 Dec 2019 23:33:20-qOb][graph] kmer-size: 13; colours: 1; capacity: 24,117,248
[11 Dec 2019 23:33:20-qOb][hasht] buckets: 524,288 [2^19]; bucket size: 46; 
[11 Dec 2019 23:33:20-qOb][hasht] memory: 185MB; filled: 0 / 24,117,248 (0.00%)
[11 Dec 2019 23:33:20-qOb][asyncio] Inputs: 1; Threads: 1
[11 Dec 2019 23:33:20-qOb][seq] Parsing sequence file microbial/kmer-counts-jellyfish/13/SRR10519637.kmer.gz
[11 Dec 2019 23:33:24-qOb][seq] Loaded 3,457,216 reads and 0 reads pairs (file: microbial/kmer-counts-jellyfish/13/SRR10519637.kmer.gz)
[11 Dec 2019 23:33:24-qOb][hasht] buckets: 524,288 [2^19]; bucket size: 46; 
[11 Dec 2019 23:33:24-qOb][hasht] memory: 185MB; filled: 3,457,216 / 24,117,248 (14.34%)
[11 Dec 2019 23:33:24-qOb][hasht]  collisions  0: 3457216
[11 Dec 2019 23:33:24-qOb][task] input: microbial/kmer-counts-jellyfish/13/SRR10519637.kmer.gz colour: 0
[11 Dec 2019 23:33:24-qOb]  SE reads: 3,457,216  PE reads: 0
[11 Dec 2019 23:33:24-qOb]  good reads: 3,457,216  bad reads: 0
[11 Dec 2019 23:33:24-qOb]  dup SE reads: 0  dup PE pairs: 0
[11 Dec 2019 23:33:24-qOb]  bases read: 44,943,808  bases loaded: 44,943,808
[11 Dec 2019 23:33:24-qOb]  num contigs: 3,457,216  num kmers: 3,457,216 novel kmers: 3,457,216
[11 Dec 2019 23:33:24-qOb] Dumping graph...
[11 Dec 2019 23:33:24-qOb][graphwriter] Saving file to: microbial/bigsi/13/mccortex.SRR10519637.ctx
[11 Dec 2019 23:33:24-qOb][FileFilter] Writing graph  [1 src colour]
[11 Dec 2019 23:33:24-qOb][graphwriter] Dumped 3,457,216 kmers in 1 colour into: microbial/bigsi/13/mccortex.SRR10519637.ctx (ver: 6)
[11 Dec 2019 23:33:24-qOb][memory] We made 19 allocs
[11 Dec 2019 23:33:24-qOb] Done.
[11 Dec 2019 23:33:24-qOb][time] 4.00 seconds
	Command being timed: "mccortex 13 build --nkmers 24000000 --threads 1 --kmer 13 --mem 3G --sample SRR10519637 --seq microbial/kmer-counts-jellyfish/13/SRR10519637.kmer.gz microbial/bigsi/13/mccortex.SRR10519637.ctx"
	User time (seconds): 6.23
	System time (seconds): 1.67
	Percent of CPU this job got: 166%
	Elapsed (wall clock) time (h:mm:ss or m:ss): 0:04.74
	Average shared text size (kbytes): 0
	Average unshared data size (kbytes): 0
	Average stack size (kbytes): 0
	Average total size (kbytes): 0
	Maximum resident set size (kbytes): 292724
	Average resident set size (kbytes): 0
	Major (requiring I/O) page faults: 0
	Minor (reclaiming a frame) page faults: 247114
	Voluntary context switches: 125501
	Involuntary context switches: 26830
	Swaps: 0
	File system inputs: 30016
	File system outputs: 87792
	Socket messages sent: 0
	Socket messages received: 0
	Signals delivered: 0
	Page size (bytes): 4096
	Exit status: 0
