[11 Dec 2019 23:33:13-WEZ][cmd] /home/CSCScience.ca/apetkau/miniconda3/envs/bigsi_mccortex/bin/mccortex31 build --nkmers 24000000 --threads 1 --kmer 13 --mem 3G --sample SRR10513326 --seq microbial/kmer-counts-jellyfish/13/SRR10513326.kmer.gz microbial/bigsi/13/mccortex.SRR10513326.ctx
[11 Dec 2019 23:33:13-WEZ][cwd] /home/CSCScience.ca/apetkau/workspace/comp7934-project
[11 Dec 2019 23:33:13-WEZ][version] mccortex=v0.0.3-610-g400c0e3 zlib=1.2.11 htslib=1.8-17-g699ed53 ASSERTS=ON hash=Lookup3 CHECKS=ON k=3..31
[11 Dec 2019 23:33:13-WEZ] Saving graph to: microbial/bigsi/13/mccortex.SRR10513326.ctx
[11 Dec 2019 23:33:13-WEZ][sample] 0: SRR10513326
[11 Dec 2019 23:33:13-WEZ][task] microbial/kmer-counts-jellyfish/13/SRR10513326.kmer.gz; FASTQ offset: auto-detect, threshold: off; cut homopolymers: off; remove PCR duplicates: no; colour: 0
[11 Dec 2019 23:33:13-WEZ][memory] 104 bits per kmer
[11 Dec 2019 23:33:13-WEZ] Note: Using less memory than requested (300MB < 3GB); allows for 24,117,248 kmers
[11 Dec 2019 23:33:13-WEZ][memory] graph: 300MB
[11 Dec 2019 23:33:13-WEZ][memory] total: 300MB of 62.6GB RAM
[11 Dec 2019 23:33:13-WEZ] Writing 1 colour graph to microbial/bigsi/13/mccortex.SRR10513326.ctx
[11 Dec 2019 23:33:13-WEZ][hasht] Allocating table with 24,117,248 entries, using 185MB
[11 Dec 2019 23:33:13-WEZ][hasht]  number of buckets: 524,288, bucket size: 46
[11 Dec 2019 23:33:13-WEZ][graph] kmer-size: 13; colours: 1; capacity: 24,117,248
[11 Dec 2019 23:33:13-WEZ][hasht] buckets: 524,288 [2^19]; bucket size: 46; 
[11 Dec 2019 23:33:13-WEZ][hasht] memory: 185MB; filled: 0 / 24,117,248 (0.00%)
[11 Dec 2019 23:33:13-WEZ][asyncio] Inputs: 1; Threads: 1
[11 Dec 2019 23:33:13-WEZ][seq] Parsing sequence file microbial/kmer-counts-jellyfish/13/SRR10513326.kmer.gz
[11 Dec 2019 23:33:16-WEZ][seq] Loaded 2,428,131 reads and 0 reads pairs (file: microbial/kmer-counts-jellyfish/13/SRR10513326.kmer.gz)
[11 Dec 2019 23:33:16-WEZ][hasht] buckets: 524,288 [2^19]; bucket size: 46; 
[11 Dec 2019 23:33:16-WEZ][hasht] memory: 185MB; filled: 2,428,131 / 24,117,248 (10.07%)
[11 Dec 2019 23:33:16-WEZ][hasht]  collisions  0: 2428131
[11 Dec 2019 23:33:16-WEZ][task] input: microbial/kmer-counts-jellyfish/13/SRR10513326.kmer.gz colour: 0
[11 Dec 2019 23:33:16-WEZ]  SE reads: 2,428,131  PE reads: 0
[11 Dec 2019 23:33:16-WEZ]  good reads: 2,428,131  bad reads: 0
[11 Dec 2019 23:33:16-WEZ]  dup SE reads: 0  dup PE pairs: 0
[11 Dec 2019 23:33:16-WEZ]  bases read: 31,565,703  bases loaded: 31,565,703
[11 Dec 2019 23:33:16-WEZ]  num contigs: 2,428,131  num kmers: 2,428,131 novel kmers: 2,428,131
[11 Dec 2019 23:33:16-WEZ] Dumping graph...
[11 Dec 2019 23:33:16-WEZ][graphwriter] Saving file to: microbial/bigsi/13/mccortex.SRR10513326.ctx
[11 Dec 2019 23:33:16-WEZ][FileFilter] Writing graph  [1 src colour]
[11 Dec 2019 23:33:16-WEZ][graphwriter] Dumped 2,428,131 kmers in 1 colour into: microbial/bigsi/13/mccortex.SRR10513326.ctx (ver: 6)
[11 Dec 2019 23:33:16-WEZ][memory] We made 19 allocs
[11 Dec 2019 23:33:16-WEZ] Done.
[11 Dec 2019 23:33:16-WEZ][time] 3.00 seconds
	Command being timed: "mccortex 13 build --nkmers 24000000 --threads 1 --kmer 13 --mem 3G --sample SRR10513326 --seq microbial/kmer-counts-jellyfish/13/SRR10513326.kmer.gz microbial/bigsi/13/mccortex.SRR10513326.ctx"
	User time (seconds): 4.29
	System time (seconds): 1.48
	Percent of CPU this job got: 170%
	Elapsed (wall clock) time (h:mm:ss or m:ss): 0:03.39
	Average shared text size (kbytes): 0
	Average unshared data size (kbytes): 0
	Average stack size (kbytes): 0
	Average total size (kbytes): 0
	Maximum resident set size (kbytes): 292880
	Average resident set size (kbytes): 0
	Major (requiring I/O) page faults: 0
	Minor (reclaiming a frame) page faults: 232914
	Voluntary context switches: 102185
	Involuntary context switches: 5627
	Swaps: 0
	File system inputs: 21072
	File system outputs: 61672
	Socket messages sent: 0
	Socket messages received: 0
	Signals delivered: 0
	Page size (bytes): 4096
	Exit status: 0
