[11 Dec 2019 23:33:21-kOv][cmd] /home/CSCScience.ca/apetkau/miniconda3/envs/bigsi_mccortex/bin/mccortex31 build --nkmers 24000000 --threads 1 --kmer 13 --mem 3G --sample SRR10521984 --seq microbial/kmer-counts-jellyfish/13/SRR10521984.kmer.gz microbial/bigsi/13/mccortex.SRR10521984.ctx
[11 Dec 2019 23:33:21-kOv][cwd] /home/CSCScience.ca/apetkau/workspace/comp7934-project
[11 Dec 2019 23:33:21-kOv][version] mccortex=v0.0.3-610-g400c0e3 zlib=1.2.11 htslib=1.8-17-g699ed53 ASSERTS=ON hash=Lookup3 CHECKS=ON k=3..31
[11 Dec 2019 23:33:21-kOv] Saving graph to: microbial/bigsi/13/mccortex.SRR10521984.ctx
[11 Dec 2019 23:33:21-kOv][sample] 0: SRR10521984
[11 Dec 2019 23:33:21-kOv][task] microbial/kmer-counts-jellyfish/13/SRR10521984.kmer.gz; FASTQ offset: auto-detect, threshold: off; cut homopolymers: off; remove PCR duplicates: no; colour: 0
[11 Dec 2019 23:33:21-kOv][memory] 104 bits per kmer
[11 Dec 2019 23:33:21-kOv] Note: Using less memory than requested (300MB < 3GB); allows for 24,117,248 kmers
[11 Dec 2019 23:33:21-kOv][memory] graph: 300MB
[11 Dec 2019 23:33:21-kOv][memory] total: 300MB of 62.6GB RAM
[11 Dec 2019 23:33:21-kOv] Writing 1 colour graph to microbial/bigsi/13/mccortex.SRR10521984.ctx
[11 Dec 2019 23:33:21-kOv][hasht] Allocating table with 24,117,248 entries, using 185MB
[11 Dec 2019 23:33:21-kOv][hasht]  number of buckets: 524,288, bucket size: 46
[11 Dec 2019 23:33:21-kOv][graph] kmer-size: 13; colours: 1; capacity: 24,117,248
[11 Dec 2019 23:33:21-kOv][hasht] buckets: 524,288 [2^19]; bucket size: 46; 
[11 Dec 2019 23:33:21-kOv][hasht] memory: 185MB; filled: 0 / 24,117,248 (0.00%)
[11 Dec 2019 23:33:21-kOv][asyncio] Inputs: 1; Threads: 1
[11 Dec 2019 23:33:21-kOv][seq] Parsing sequence file microbial/kmer-counts-jellyfish/13/SRR10521984.kmer.gz
[11 Dec 2019 23:33:24-kOv][seq] Loaded 1,445,719 reads and 0 reads pairs (file: microbial/kmer-counts-jellyfish/13/SRR10521984.kmer.gz)
[11 Dec 2019 23:33:24-kOv][hasht] buckets: 524,288 [2^19]; bucket size: 46; 
[11 Dec 2019 23:33:24-kOv][hasht] memory: 185MB; filled: 1,445,719 / 24,117,248 (5.99%)
[11 Dec 2019 23:33:24-kOv][hasht]  collisions  0: 1445719
[11 Dec 2019 23:33:24-kOv][task] input: microbial/kmer-counts-jellyfish/13/SRR10521984.kmer.gz colour: 0
[11 Dec 2019 23:33:24-kOv]  SE reads: 1,445,719  PE reads: 0
[11 Dec 2019 23:33:24-kOv]  good reads: 1,445,719  bad reads: 0
[11 Dec 2019 23:33:24-kOv]  dup SE reads: 0  dup PE pairs: 0
[11 Dec 2019 23:33:24-kOv]  bases read: 18,794,347  bases loaded: 18,794,347
[11 Dec 2019 23:33:24-kOv]  num contigs: 1,445,719  num kmers: 1,445,719 novel kmers: 1,445,719
[11 Dec 2019 23:33:24-kOv] Dumping graph...
[11 Dec 2019 23:33:24-kOv][graphwriter] Saving file to: microbial/bigsi/13/mccortex.SRR10521984.ctx
[11 Dec 2019 23:33:24-kOv][FileFilter] Writing graph  [1 src colour]
[11 Dec 2019 23:33:24-kOv][graphwriter] Dumped 1,445,719 kmers in 1 colour into: microbial/bigsi/13/mccortex.SRR10521984.ctx (ver: 6)
[11 Dec 2019 23:33:24-kOv][memory] We made 19 allocs
[11 Dec 2019 23:33:24-kOv] Done.
[11 Dec 2019 23:33:24-kOv][time] 3.00 seconds
	Command being timed: "mccortex 13 build --nkmers 24000000 --threads 1 --kmer 13 --mem 3G --sample SRR10521984 --seq microbial/kmer-counts-jellyfish/13/SRR10521984.kmer.gz microbial/bigsi/13/mccortex.SRR10521984.ctx"
	User time (seconds): 3.59
	System time (seconds): 1.00
	Percent of CPU this job got: 162%
	Elapsed (wall clock) time (h:mm:ss or m:ss): 0:02.82
	Average shared text size (kbytes): 0
	Average unshared data size (kbytes): 0
	Average stack size (kbytes): 0
	Average total size (kbytes): 0
	Maximum resident set size (kbytes): 292668
	Average resident set size (kbytes): 0
	Major (requiring I/O) page faults: 0
	Minor (reclaiming a frame) page faults: 175151
	Voluntary context switches: 62435
	Involuntary context switches: 13967
	Swaps: 0
	File system inputs: 12376
	File system outputs: 36720
	Socket messages sent: 0
	Socket messages received: 0
	Signals delivered: 0
	Page size (bytes): 4096
	Exit status: 0
