[11 Dec 2019 23:33:21-Ceh][cmd] /home/CSCScience.ca/apetkau/miniconda3/envs/bigsi_mccortex/bin/mccortex31 build --nkmers 24000000 --threads 1 --kmer 13 --mem 3G --sample SRR10521983 --seq microbial/kmer-counts-jellyfish/13/SRR10521983.kmer.gz microbial/bigsi/13/mccortex.SRR10521983.ctx
[11 Dec 2019 23:33:21-Ceh][cwd] /home/CSCScience.ca/apetkau/workspace/comp7934-project
[11 Dec 2019 23:33:21-Ceh][version] mccortex=v0.0.3-610-g400c0e3 zlib=1.2.11 htslib=1.8-17-g699ed53 ASSERTS=ON hash=Lookup3 CHECKS=ON k=3..31
[11 Dec 2019 23:33:21-Ceh] Saving graph to: microbial/bigsi/13/mccortex.SRR10521983.ctx
[11 Dec 2019 23:33:21-Ceh][sample] 0: SRR10521983
[11 Dec 2019 23:33:21-Ceh][task] microbial/kmer-counts-jellyfish/13/SRR10521983.kmer.gz; FASTQ offset: auto-detect, threshold: off; cut homopolymers: off; remove PCR duplicates: no; colour: 0
[11 Dec 2019 23:33:21-Ceh][memory] 104 bits per kmer
[11 Dec 2019 23:33:21-Ceh] Note: Using less memory than requested (300MB < 3GB); allows for 24,117,248 kmers
[11 Dec 2019 23:33:21-Ceh][memory] graph: 300MB
[11 Dec 2019 23:33:21-Ceh][memory] total: 300MB of 62.6GB RAM
[11 Dec 2019 23:33:21-Ceh] Writing 1 colour graph to microbial/bigsi/13/mccortex.SRR10521983.ctx
[11 Dec 2019 23:33:21-Ceh][hasht] Allocating table with 24,117,248 entries, using 185MB
[11 Dec 2019 23:33:21-Ceh][hasht]  number of buckets: 524,288, bucket size: 46
[11 Dec 2019 23:33:21-Ceh][graph] kmer-size: 13; colours: 1; capacity: 24,117,248
[11 Dec 2019 23:33:21-Ceh][hasht] buckets: 524,288 [2^19]; bucket size: 46; 
[11 Dec 2019 23:33:21-Ceh][hasht] memory: 185MB; filled: 0 / 24,117,248 (0.00%)
[11 Dec 2019 23:33:21-Ceh][asyncio] Inputs: 1; Threads: 1
[11 Dec 2019 23:33:21-Ceh][seq] Parsing sequence file microbial/kmer-counts-jellyfish/13/SRR10521983.kmer.gz
[11 Dec 2019 23:33:25-Ceh][seq] Loaded 1,415,360 reads and 0 reads pairs (file: microbial/kmer-counts-jellyfish/13/SRR10521983.kmer.gz)
[11 Dec 2019 23:33:25-Ceh][hasht] buckets: 524,288 [2^19]; bucket size: 46; 
[11 Dec 2019 23:33:25-Ceh][hasht] memory: 185MB; filled: 1,415,360 / 24,117,248 (5.87%)
[11 Dec 2019 23:33:25-Ceh][hasht]  collisions  0: 1415360
[11 Dec 2019 23:33:25-Ceh][task] input: microbial/kmer-counts-jellyfish/13/SRR10521983.kmer.gz colour: 0
[11 Dec 2019 23:33:25-Ceh]  SE reads: 1,415,360  PE reads: 0
[11 Dec 2019 23:33:25-Ceh]  good reads: 1,415,360  bad reads: 0
[11 Dec 2019 23:33:25-Ceh]  dup SE reads: 0  dup PE pairs: 0
[11 Dec 2019 23:33:25-Ceh]  bases read: 18,399,680  bases loaded: 18,399,680
[11 Dec 2019 23:33:25-Ceh]  num contigs: 1,415,360  num kmers: 1,415,360 novel kmers: 1,415,360
[11 Dec 2019 23:33:25-Ceh] Dumping graph...
[11 Dec 2019 23:33:25-Ceh][graphwriter] Saving file to: microbial/bigsi/13/mccortex.SRR10521983.ctx
[11 Dec 2019 23:33:25-Ceh][FileFilter] Writing graph  [1 src colour]
[11 Dec 2019 23:33:25-Ceh][graphwriter] Dumped 1,415,360 kmers in 1 colour into: microbial/bigsi/13/mccortex.SRR10521983.ctx (ver: 6)
[11 Dec 2019 23:33:25-Ceh][memory] We made 19 allocs
[11 Dec 2019 23:33:25-Ceh] Done.
[11 Dec 2019 23:33:25-Ceh][time] 4.00 seconds
	Command being timed: "mccortex 13 build --nkmers 24000000 --threads 1 --kmer 13 --mem 3G --sample SRR10521983 --seq microbial/kmer-counts-jellyfish/13/SRR10521983.kmer.gz microbial/bigsi/13/mccortex.SRR10521983.ctx"
	User time (seconds): 4.73
	System time (seconds): 1.79
	Percent of CPU this job got: 156%
	Elapsed (wall clock) time (h:mm:ss or m:ss): 0:04.16
	Average shared text size (kbytes): 0
	Average unshared data size (kbytes): 0
	Average stack size (kbytes): 0
	Average total size (kbytes): 0
	Maximum resident set size (kbytes): 292976
	Average resident set size (kbytes): 0
	Major (requiring I/O) page faults: 0
	Minor (reclaiming a frame) page faults: 232517
	Voluntary context switches: 129481
	Involuntary context switches: 10510
	Swaps: 0
	File system inputs: 12096
	File system outputs: 35952
	Socket messages sent: 0
	Socket messages received: 0
	Signals delivered: 0
	Page size (bytes): 4096
	Exit status: 0
