[11 Dec 2019 23:33:50-SUY][cmd] /home/CSCScience.ca/apetkau/miniconda3/envs/bigsi_mccortex/bin/mccortex31 build --nkmers 24000000 --threads 1 --kmer 13 --mem 3G --sample SRR8088185 --seq microbial/kmer-counts-jellyfish/13/SRR8088185.kmer.gz microbial/bigsi/13/mccortex.SRR8088185.ctx
[11 Dec 2019 23:33:50-SUY][cwd] /home/CSCScience.ca/apetkau/workspace/comp7934-project
[11 Dec 2019 23:33:50-SUY][version] mccortex=v0.0.3-610-g400c0e3 zlib=1.2.11 htslib=1.8-17-g699ed53 ASSERTS=ON hash=Lookup3 CHECKS=ON k=3..31
[11 Dec 2019 23:33:50-SUY] Saving graph to: microbial/bigsi/13/mccortex.SRR8088185.ctx
[11 Dec 2019 23:33:50-SUY][sample] 0: SRR8088185
[11 Dec 2019 23:33:50-SUY][task] microbial/kmer-counts-jellyfish/13/SRR8088185.kmer.gz; FASTQ offset: auto-detect, threshold: off; cut homopolymers: off; remove PCR duplicates: no; colour: 0
[11 Dec 2019 23:33:50-SUY][memory] 104 bits per kmer
[11 Dec 2019 23:33:50-SUY] Note: Using less memory than requested (300MB < 3GB); allows for 24,117,248 kmers
[11 Dec 2019 23:33:50-SUY][memory] graph: 300MB
[11 Dec 2019 23:33:50-SUY][memory] total: 300MB of 62.6GB RAM
[11 Dec 2019 23:33:50-SUY] Writing 1 colour graph to microbial/bigsi/13/mccortex.SRR8088185.ctx
[11 Dec 2019 23:33:50-SUY][hasht] Allocating table with 24,117,248 entries, using 185MB
[11 Dec 2019 23:33:50-SUY][hasht]  number of buckets: 524,288, bucket size: 46
[11 Dec 2019 23:33:50-SUY][graph] kmer-size: 13; colours: 1; capacity: 24,117,248
[11 Dec 2019 23:33:50-SUY][hasht] buckets: 524,288 [2^19]; bucket size: 46; 
[11 Dec 2019 23:33:50-SUY][hasht] memory: 185MB; filled: 0 / 24,117,248 (0.00%)
[11 Dec 2019 23:33:50-SUY][asyncio] Inputs: 1; Threads: 1
[11 Dec 2019 23:33:50-SUY][seq] Parsing sequence file microbial/kmer-counts-jellyfish/13/SRR8088185.kmer.gz
[11 Dec 2019 23:33:52-SUY][seq] Loaded 2,077,843 reads and 0 reads pairs (file: microbial/kmer-counts-jellyfish/13/SRR8088185.kmer.gz)
[11 Dec 2019 23:33:52-SUY][hasht] buckets: 524,288 [2^19]; bucket size: 46; 
[11 Dec 2019 23:33:52-SUY][hasht] memory: 185MB; filled: 2,077,843 / 24,117,248 (8.62%)
[11 Dec 2019 23:33:52-SUY][hasht]  collisions  0: 2077843
[11 Dec 2019 23:33:52-SUY][task] input: microbial/kmer-counts-jellyfish/13/SRR8088185.kmer.gz colour: 0
[11 Dec 2019 23:33:52-SUY]  SE reads: 2,077,843  PE reads: 0
[11 Dec 2019 23:33:52-SUY]  good reads: 2,077,843  bad reads: 0
[11 Dec 2019 23:33:52-SUY]  dup SE reads: 0  dup PE pairs: 0
[11 Dec 2019 23:33:52-SUY]  bases read: 27,011,959  bases loaded: 27,011,959
[11 Dec 2019 23:33:52-SUY]  num contigs: 2,077,843  num kmers: 2,077,843 novel kmers: 2,077,843
[11 Dec 2019 23:33:52-SUY] Dumping graph...
[11 Dec 2019 23:33:52-SUY][graphwriter] Saving file to: microbial/bigsi/13/mccortex.SRR8088185.ctx
[11 Dec 2019 23:33:52-SUY][FileFilter] Writing graph  [1 src colour]
[11 Dec 2019 23:33:52-SUY][graphwriter] Dumped 2,077,843 kmers in 1 colour into: microbial/bigsi/13/mccortex.SRR8088185.ctx (ver: 6)
[11 Dec 2019 23:33:52-SUY][memory] We made 19 allocs
[11 Dec 2019 23:33:52-SUY] Done.
[11 Dec 2019 23:33:52-SUY][time] 2.00 seconds
	Command being timed: "mccortex 13 build --nkmers 24000000 --threads 1 --kmer 13 --mem 3G --sample SRR8088185 --seq microbial/kmer-counts-jellyfish/13/SRR8088185.kmer.gz microbial/bigsi/13/mccortex.SRR8088185.ctx"
	User time (seconds): 2.99
	System time (seconds): 1.19
	Percent of CPU this job got: 167%
	Elapsed (wall clock) time (h:mm:ss or m:ss): 0:02.49
	Average shared text size (kbytes): 0
	Average unshared data size (kbytes): 0
	Average stack size (kbytes): 0
	Average total size (kbytes): 0
	Maximum resident set size (kbytes): 292852
	Average resident set size (kbytes): 0
	Major (requiring I/O) page faults: 0
	Minor (reclaiming a frame) page faults: 174885
	Voluntary context switches: 84124
	Involuntary context switches: 7972
	Swaps: 0
	File system inputs: 17920
	File system outputs: 52768
	Socket messages sent: 0
	Socket messages received: 0
	Signals delivered: 0
	Page size (bytes): 4096
	Exit status: 0
