[11 Dec 2019 23:32:18-vUg][cmd] /home/CSCScience.ca/apetkau/miniconda3/envs/bigsi_mccortex/bin/mccortex31 build --nkmers 24000000 --threads 1 --kmer 13 --mem 3G --sample SRR10298906 --seq microbial/kmer-counts-jellyfish/13/SRR10298906.kmer.gz microbial/bigsi/13/mccortex.SRR10298906.ctx
[11 Dec 2019 23:32:18-vUg][cwd] /home/CSCScience.ca/apetkau/workspace/comp7934-project
[11 Dec 2019 23:32:18-vUg][version] mccortex=v0.0.3-610-g400c0e3 zlib=1.2.11 htslib=1.8-17-g699ed53 ASSERTS=ON hash=Lookup3 CHECKS=ON k=3..31
[11 Dec 2019 23:32:18-vUg] Saving graph to: microbial/bigsi/13/mccortex.SRR10298906.ctx
[11 Dec 2019 23:32:18-vUg][sample] 0: SRR10298906
[11 Dec 2019 23:32:18-vUg][task] microbial/kmer-counts-jellyfish/13/SRR10298906.kmer.gz; FASTQ offset: auto-detect, threshold: off; cut homopolymers: off; remove PCR duplicates: no; colour: 0
[11 Dec 2019 23:32:18-vUg][memory] 104 bits per kmer
[11 Dec 2019 23:32:18-vUg] Note: Using less memory than requested (300MB < 3GB); allows for 24,117,248 kmers
[11 Dec 2019 23:32:18-vUg][memory] graph: 300MB
[11 Dec 2019 23:32:18-vUg][memory] total: 300MB of 62.6GB RAM
[11 Dec 2019 23:32:18-vUg] Writing 1 colour graph to microbial/bigsi/13/mccortex.SRR10298906.ctx
[11 Dec 2019 23:32:18-vUg][hasht] Allocating table with 24,117,248 entries, using 185MB
[11 Dec 2019 23:32:18-vUg][hasht]  number of buckets: 524,288, bucket size: 46
[11 Dec 2019 23:32:18-vUg][graph] kmer-size: 13; colours: 1; capacity: 24,117,248
[11 Dec 2019 23:32:18-vUg][hasht] buckets: 524,288 [2^19]; bucket size: 46; 
[11 Dec 2019 23:32:18-vUg][hasht] memory: 185MB; filled: 0 / 24,117,248 (0.00%)
[11 Dec 2019 23:32:18-vUg][asyncio] Inputs: 1; Threads: 1
[11 Dec 2019 23:32:18-vUg][seq] Parsing sequence file microbial/kmer-counts-jellyfish/13/SRR10298906.kmer.gz
[11 Dec 2019 23:32:23-vUg][seq] Loaded 2,958,161 reads and 0 reads pairs (file: microbial/kmer-counts-jellyfish/13/SRR10298906.kmer.gz)
[11 Dec 2019 23:32:23-vUg][hasht] buckets: 524,288 [2^19]; bucket size: 46; 
[11 Dec 2019 23:32:23-vUg][hasht] memory: 185MB; filled: 2,958,161 / 24,117,248 (12.27%)
[11 Dec 2019 23:32:23-vUg][hasht]  collisions  0: 2958161
[11 Dec 2019 23:32:23-vUg][task] input: microbial/kmer-counts-jellyfish/13/SRR10298906.kmer.gz colour: 0
[11 Dec 2019 23:32:23-vUg]  SE reads: 2,958,161  PE reads: 0
[11 Dec 2019 23:32:23-vUg]  good reads: 2,958,161  bad reads: 0
[11 Dec 2019 23:32:23-vUg]  dup SE reads: 0  dup PE pairs: 0
[11 Dec 2019 23:32:23-vUg]  bases read: 38,456,093  bases loaded: 38,456,093
[11 Dec 2019 23:32:23-vUg]  num contigs: 2,958,161  num kmers: 2,958,161 novel kmers: 2,958,161
[11 Dec 2019 23:32:23-vUg] Dumping graph...
[11 Dec 2019 23:32:23-vUg][graphwriter] Saving file to: microbial/bigsi/13/mccortex.SRR10298906.ctx
[11 Dec 2019 23:32:23-vUg][FileFilter] Writing graph  [1 src colour]
[11 Dec 2019 23:32:23-vUg][graphwriter] Dumped 2,958,161 kmers in 1 colour into: microbial/bigsi/13/mccortex.SRR10298906.ctx (ver: 6)
[11 Dec 2019 23:32:23-vUg][memory] We made 19 allocs
[11 Dec 2019 23:32:23-vUg] Done.
[11 Dec 2019 23:32:23-vUg][time] 5.00 seconds
	Command being timed: "mccortex 13 build --nkmers 24000000 --threads 1 --kmer 13 --mem 3G --sample SRR10298906 --seq microbial/kmer-counts-jellyfish/13/SRR10298906.kmer.gz microbial/bigsi/13/mccortex.SRR10298906.ctx"
	User time (seconds): 6.67
	System time (seconds): 2.40
	Percent of CPU this job got: 173%
	Elapsed (wall clock) time (h:mm:ss or m:ss): 0:05.21
	Average shared text size (kbytes): 0
	Average unshared data size (kbytes): 0
	Average stack size (kbytes): 0
	Average total size (kbytes): 0
	Maximum resident set size (kbytes): 292672
	Average resident set size (kbytes): 0
	Major (requiring I/O) page faults: 0
	Minor (reclaiming a frame) page faults: 247124
	Voluntary context switches: 156773
	Involuntary context switches: 118
	Swaps: 0
	File system inputs: 25720
	File system outputs: 75120
	Socket messages sent: 0
	Socket messages received: 0
	Signals delivered: 0
	Page size (bytes): 4096
	Exit status: 0
