/home/CSCScience.ca/apetkau/miniconda3/envs/bigsi_mccortex/lib/python3.7/site-packages/bigsi/__main__.py:45: YAMLLoadWarning: calling yaml.load() without Loader=... is deprecated, as the default Loader is unsafe. Please read https://msg.pyyaml.org/load for full details.
  config = yaml.load(infile)
INFO:bigsi.cmds.build:Building index: 0/1
DEBUG:bigsi.cmds.build:Loading /home/CSCScience.ca/apetkau/workspace/comp7934-project/microbial/bigsi/11/bigsi.ERR1144974.bloom/bigsi.ERR1144974.bloom 
DEBUG:bigsi.cmds.build:Loading /home/CSCScience.ca/apetkau/workspace/comp7934-project/microbial/bigsi/11/bigsi.ERR1144975.bloom/bigsi.ERR1144975.bloom 
DEBUG:bigsi.cmds.build:Loading /home/CSCScience.ca/apetkau/workspace/comp7934-project/microbial/bigsi/11/bigsi.ERR1144976.bloom/bigsi.ERR1144976.bloom 
DEBUG:bigsi.cmds.build:Loading /home/CSCScience.ca/apetkau/workspace/comp7934-project/microbial/bigsi/11/bigsi.ERR1144977.bloom/bigsi.ERR1144977.bloom 
DEBUG:bigsi.cmds.build:Loading /home/CSCScience.ca/apetkau/workspace/comp7934-project/microbial/bigsi/11/bigsi.ERR1144978.bloom/bigsi.ERR1144978.bloom 
DEBUG:bigsi.cmds.build:Loading /home/CSCScience.ca/apetkau/workspace/comp7934-project/microbial/bigsi/11/bigsi.ERR3655992.bloom/bigsi.ERR3655992.bloom 
DEBUG:bigsi.cmds.build:Loading /home/CSCScience.ca/apetkau/workspace/comp7934-project/microbial/bigsi/11/bigsi.ERR3655994.bloom/bigsi.ERR3655994.bloom 
DEBUG:bigsi.cmds.build:Loading /home/CSCScience.ca/apetkau/workspace/comp7934-project/microbial/bigsi/11/bigsi.ERR3655996.bloom/bigsi.ERR3655996.bloom 
DEBUG:bigsi.cmds.build:Loading /home/CSCScience.ca/apetkau/workspace/comp7934-project/microbial/bigsi/11/bigsi.ERR3655998.bloom/bigsi.ERR3655998.bloom 
DEBUG:bigsi.cmds.build:Loading /home/CSCScience.ca/apetkau/workspace/comp7934-project/microbial/bigsi/11/bigsi.ERR3656002.bloom/bigsi.ERR3656002.bloom 
DEBUG:bigsi.cmds.build:Loading /home/CSCScience.ca/apetkau/workspace/comp7934-project/microbial/bigsi/11/bigsi.ERR3656004.bloom/bigsi.ERR3656004.bloom 
DEBUG:bigsi.cmds.build:Loading /home/CSCScience.ca/apetkau/workspace/comp7934-project/microbial/bigsi/11/bigsi.ERR3656010.bloom/bigsi.ERR3656010.bloom 
DEBUG:bigsi.cmds.build:Loading /home/CSCScience.ca/apetkau/workspace/comp7934-project/microbial/bigsi/11/bigsi.ERR3656012.bloom/bigsi.ERR3656012.bloom 
DEBUG:bigsi.cmds.build:Loading /home/CSCScience.ca/apetkau/workspace/comp7934-project/microbial/bigsi/11/bigsi.ERR3656013.bloom/bigsi.ERR3656013.bloom 
DEBUG:bigsi.cmds.build:Loading /home/CSCScience.ca/apetkau/workspace/comp7934-project/microbial/bigsi/11/bigsi.ERR3656015.bloom/bigsi.ERR3656015.bloom 
DEBUG:bigsi.cmds.build:Loading /home/CSCScience.ca/apetkau/workspace/comp7934-project/microbial/bigsi/11/bigsi.ERR3656018.bloom/bigsi.ERR3656018.bloom 
DEBUG:bigsi.cmds.build:Loading /home/CSCScience.ca/apetkau/workspace/comp7934-project/microbial/bigsi/11/bigsi.ERR3656019.bloom/bigsi.ERR3656019.bloom 
DEBUG:bigsi.cmds.build:Loading /home/CSCScience.ca/apetkau/workspace/comp7934-project/microbial/bigsi/11/bigsi.SRR10298903.bloom/bigsi.SRR10298903.bloom 
DEBUG:bigsi.cmds.build:Loading /home/CSCScience.ca/apetkau/workspace/comp7934-project/microbial/bigsi/11/bigsi.SRR10298904.bloom/bigsi.SRR10298904.bloom 
DEBUG:bigsi.cmds.build:Loading /home/CSCScience.ca/apetkau/workspace/comp7934-project/microbial/bigsi/11/bigsi.SRR10298905.bloom/bigsi.SRR10298905.bloom 
DEBUG:bigsi.cmds.build:Loading /home/CSCScience.ca/apetkau/workspace/comp7934-project/microbial/bigsi/11/bigsi.SRR10298906.bloom/bigsi.SRR10298906.bloom 
DEBUG:bigsi.cmds.build:Loading /home/CSCScience.ca/apetkau/workspace/comp7934-project/microbial/bigsi/11/bigsi.SRR10298907.bloom/bigsi.SRR10298907.bloom 
DEBUG:bigsi.cmds.build:Loading /home/CSCScience.ca/apetkau/workspace/comp7934-project/microbial/bigsi/11/bigsi.SRR10512964.bloom/bigsi.SRR10512964.bloom 
DEBUG:bigsi.cmds.build:Loading /home/CSCScience.ca/apetkau/workspace/comp7934-project/microbial/bigsi/11/bigsi.SRR10512965.bloom/bigsi.SRR10512965.bloom 
DEBUG:bigsi.cmds.build:Loading /home/CSCScience.ca/apetkau/workspace/comp7934-project/microbial/bigsi/11/bigsi.SRR10512968.bloom/bigsi.SRR10512968.bloom 
DEBUG:bigsi.cmds.build:Loading /home/CSCScience.ca/apetkau/workspace/comp7934-project/microbial/bigsi/11/bigsi.SRR10513325.bloom/bigsi.SRR10513325.bloom 
DEBUG:bigsi.cmds.build:Loading /home/CSCScience.ca/apetkau/workspace/comp7934-project/microbial/bigsi/11/bigsi.SRR10513326.bloom/bigsi.SRR10513326.bloom 
DEBUG:bigsi.cmds.build:Loading /home/CSCScience.ca/apetkau/workspace/comp7934-project/microbial/bigsi/11/bigsi.SRR10513328.bloom/bigsi.SRR10513328.bloom 
DEBUG:bigsi.cmds.build:Loading /home/CSCScience.ca/apetkau/workspace/comp7934-project/microbial/bigsi/11/bigsi.SRR10513363.bloom/bigsi.SRR10513363.bloom 
DEBUG:bigsi.cmds.build:Loading /home/CSCScience.ca/apetkau/workspace/comp7934-project/microbial/bigsi/11/bigsi.SRR10513672.bloom/bigsi.SRR10513672.bloom 
DEBUG:bigsi.cmds.build:Loading /home/CSCScience.ca/apetkau/workspace/comp7934-project/microbial/bigsi/11/bigsi.SRR10519468.bloom/bigsi.SRR10519468.bloom 
DEBUG:bigsi.cmds.build:Loading /home/CSCScience.ca/apetkau/workspace/comp7934-project/microbial/bigsi/11/bigsi.SRR10519469.bloom/bigsi.SRR10519469.bloom 
DEBUG:bigsi.cmds.build:Loading /home/CSCScience.ca/apetkau/workspace/comp7934-project/microbial/bigsi/11/bigsi.SRR10519616.bloom/bigsi.SRR10519616.bloom 
DEBUG:bigsi.cmds.build:Loading /home/CSCScience.ca/apetkau/workspace/comp7934-project/microbial/bigsi/11/bigsi.SRR10519617.bloom/bigsi.SRR10519617.bloom 
DEBUG:bigsi.cmds.build:Loading /home/CSCScience.ca/apetkau/workspace/comp7934-project/microbial/bigsi/11/bigsi.SRR10519619.bloom/bigsi.SRR10519619.bloom 
DEBUG:bigsi.cmds.build:Loading /home/CSCScience.ca/apetkau/workspace/comp7934-project/microbial/bigsi/11/bigsi.SRR10519620.bloom/bigsi.SRR10519620.bloom 
DEBUG:bigsi.cmds.build:Loading /home/CSCScience.ca/apetkau/workspace/comp7934-project/microbial/bigsi/11/bigsi.SRR10519637.bloom/bigsi.SRR10519637.bloom 
DEBUG:bigsi.cmds.build:Loading /home/CSCScience.ca/apetkau/workspace/comp7934-project/microbial/bigsi/11/bigsi.SRR10521982.bloom/bigsi.SRR10521982.bloom 
DEBUG:bigsi.cmds.build:Loading /home/CSCScience.ca/apetkau/workspace/comp7934-project/microbial/bigsi/11/bigsi.SRR10521983.bloom/bigsi.SRR10521983.bloom 
DEBUG:bigsi.cmds.build:Loading /home/CSCScience.ca/apetkau/workspace/comp7934-project/microbial/bigsi/11/bigsi.SRR10521984.bloom/bigsi.SRR10521984.bloom 
DEBUG:bigsi.cmds.build:Loading /home/CSCScience.ca/apetkau/workspace/comp7934-project/microbial/bigsi/11/bigsi.SRR10527348.bloom/bigsi.SRR10527348.bloom 
DEBUG:bigsi.cmds.build:Loading /home/CSCScience.ca/apetkau/workspace/comp7934-project/microbial/bigsi/11/bigsi.SRR10527349.bloom/bigsi.SRR10527349.bloom 
DEBUG:bigsi.cmds.build:Loading /home/CSCScience.ca/apetkau/workspace/comp7934-project/microbial/bigsi/11/bigsi.SRR10527351.bloom/bigsi.SRR10527351.bloom 
DEBUG:bigsi.cmds.build:Loading /home/CSCScience.ca/apetkau/workspace/comp7934-project/microbial/bigsi/11/bigsi.SRR10527352.bloom/bigsi.SRR10527352.bloom 
DEBUG:bigsi.cmds.build:Loading /home/CSCScience.ca/apetkau/workspace/comp7934-project/microbial/bigsi/11/bigsi.SRR10527353.bloom/bigsi.SRR10527353.bloom 
DEBUG:bigsi.cmds.build:Loading /home/CSCScience.ca/apetkau/workspace/comp7934-project/microbial/bigsi/11/bigsi.SRR8088181.bloom/bigsi.SRR8088181.bloom 
DEBUG:bigsi.cmds.build:Loading /home/CSCScience.ca/apetkau/workspace/comp7934-project/microbial/bigsi/11/bigsi.SRR8088182.bloom/bigsi.SRR8088182.bloom 
DEBUG:bigsi.cmds.build:Loading /home/CSCScience.ca/apetkau/workspace/comp7934-project/microbial/bigsi/11/bigsi.SRR8088183.bloom/bigsi.SRR8088183.bloom 
DEBUG:bigsi.cmds.build:Loading /home/CSCScience.ca/apetkau/workspace/comp7934-project/microbial/bigsi/11/bigsi.SRR8088184.bloom/bigsi.SRR8088184.bloom 
DEBUG:bigsi.cmds.build:Loading /home/CSCScience.ca/apetkau/workspace/comp7934-project/microbial/bigsi/11/bigsi.SRR8088185.bloom/bigsi.SRR8088185.bloom 
DEBUG:bigsi.graph.bigsi:Insert sample metadata
DEBUG:bigsi.graph.bigsi:Create signature index
DEBUG:bigsi.graph.index:Transpose bitarrays
DEBUG:bigsi.graph.index:Insert rows
DEBUG:bigsi.storage.base:set bitarrays
	Command being timed: "bigsi build microbial/bigsi/11/bigsi.ERR1144974.bloom microbial/bigsi/11/bigsi.ERR1144975.bloom microbial/bigsi/11/bigsi.ERR1144976.bloom microbial/bigsi/11/bigsi.ERR1144977.bloom microbial/bigsi/11/bigsi.ERR1144978.bloom microbial/bigsi/11/bigsi.ERR3655992.bloom microbial/bigsi/11/bigsi.ERR3655994.bloom microbial/bigsi/11/bigsi.ERR3655996.bloom microbial/bigsi/11/bigsi.ERR3655998.bloom microbial/bigsi/11/bigsi.ERR3656002.bloom microbial/bigsi/11/bigsi.ERR3656004.bloom microbial/bigsi/11/bigsi.ERR3656010.bloom microbial/bigsi/11/bigsi.ERR3656012.bloom microbial/bigsi/11/bigsi.ERR3656013.bloom microbial/bigsi/11/bigsi.ERR3656015.bloom microbial/bigsi/11/bigsi.ERR3656018.bloom microbial/bigsi/11/bigsi.ERR3656019.bloom microbial/bigsi/11/bigsi.SRR10298903.bloom microbial/bigsi/11/bigsi.SRR10298904.bloom microbial/bigsi/11/bigsi.SRR10298905.bloom microbial/bigsi/11/bigsi.SRR10298906.bloom microbial/bigsi/11/bigsi.SRR10298907.bloom microbial/bigsi/11/bigsi.SRR10512964.bloom microbial/bigsi/11/bigsi.SRR10512965.bloom microbial/bigsi/11/bigsi.SRR10512968.bloom microbial/bigsi/11/bigsi.SRR10513325.bloom microbial/bigsi/11/bigsi.SRR10513326.bloom microbial/bigsi/11/bigsi.SRR10513328.bloom microbial/bigsi/11/bigsi.SRR10513363.bloom microbial/bigsi/11/bigsi.SRR10513672.bloom microbial/bigsi/11/bigsi.SRR10519468.bloom microbial/bigsi/11/bigsi.SRR10519469.bloom microbial/bigsi/11/bigsi.SRR10519616.bloom microbial/bigsi/11/bigsi.SRR10519617.bloom microbial/bigsi/11/bigsi.SRR10519619.bloom microbial/bigsi/11/bigsi.SRR10519620.bloom microbial/bigsi/11/bigsi.SRR10519637.bloom microbial/bigsi/11/bigsi.SRR10521982.bloom microbial/bigsi/11/bigsi.SRR10521983.bloom microbial/bigsi/11/bigsi.SRR10521984.bloom microbial/bigsi/11/bigsi.SRR10527348.bloom microbial/bigsi/11/bigsi.SRR10527349.bloom microbial/bigsi/11/bigsi.SRR10527351.bloom microbial/bigsi/11/bigsi.SRR10527352.bloom microbial/bigsi/11/bigsi.SRR10527353.bloom microbial/bigsi/11/bigsi.SRR8088181.bloom microbial/bigsi/11/bigsi.SRR8088182.bloom microbial/bigsi/11/bigsi.SRR8088183.bloom microbial/bigsi/11/bigsi.SRR8088184.bloom microbial/bigsi/11/bigsi.SRR8088185.bloom -s ERR1144974 -s ERR1144975 -s ERR1144976 -s ERR1144977 -s ERR1144978 -s ERR3655992 -s ERR3655994 -s ERR3655996 -s ERR3655998 -s ERR3656002 -s ERR3656004 -s ERR3656010 -s ERR3656012 -s ERR3656013 -s ERR3656015 -s ERR3656018 -s ERR3656019 -s SRR10298903 -s SRR10298904 -s SRR10298905 -s SRR10298906 -s SRR10298907 -s SRR10512964 -s SRR10512965 -s SRR10512968 -s SRR10513325 -s SRR10513326 -s SRR10513328 -s SRR10513363 -s SRR10513672 -s SRR10519468 -s SRR10519469 -s SRR10519616 -s SRR10519617 -s SRR10519619 -s SRR10519620 -s SRR10519637 -s SRR10521982 -s SRR10521983 -s SRR10521984 -s SRR10527348 -s SRR10527349 -s SRR10527351 -s SRR10527352 -s SRR10527353 -s SRR8088181 -s SRR8088182 -s SRR8088183 -s SRR8088184 -s SRR8088185"
	User time (seconds): 21.03
	System time (seconds): 11.42
	Percent of CPU this job got: 123%
	Elapsed (wall clock) time (h:mm:ss or m:ss): 0:26.37
	Average shared text size (kbytes): 0
	Average unshared data size (kbytes): 0
	Average stack size (kbytes): 0
	Average total size (kbytes): 0
	Maximum resident set size (kbytes): 282848
	Average resident set size (kbytes): 0
	Major (requiring I/O) page faults: 0
	Minor (reclaiming a frame) page faults: 54957
	Voluntary context switches: 153
	Involuntary context switches: 259183
	Swaps: 0
	File system inputs: 0
	File system outputs: 273320
	Socket messages sent: 0
	Socket messages received: 0
	Signals delivered: 0
	Page size (bytes): 4096
	Exit status: 0
