[11 Dec 2019 23:19:52-PuJ][cmd] /home/CSCScience.ca/apetkau/miniconda3/envs/bigsi_mccortex/bin/mccortex31 build --nkmers 2100000 --threads 1 --kmer 11 --mem 3G --sample SRR10519468 --seq microbial/kmer-counts-jellyfish/11/SRR10519468.kmer.gz microbial/bigsi/11/mccortex.SRR10519468.ctx
[11 Dec 2019 23:19:52-PuJ][cwd] /home/CSCScience.ca/apetkau/workspace/comp7934-project
[11 Dec 2019 23:19:52-PuJ][version] mccortex=v0.0.3-610-g400c0e3 zlib=1.2.11 htslib=1.8-17-g699ed53 ASSERTS=ON hash=Lookup3 CHECKS=ON k=3..31
[11 Dec 2019 23:19:52-PuJ] Saving graph to: microbial/bigsi/11/mccortex.SRR10519468.ctx
[11 Dec 2019 23:19:52-PuJ][sample] 0: SRR10519468
[11 Dec 2019 23:19:52-PuJ][task] microbial/kmer-counts-jellyfish/11/SRR10519468.kmer.gz; FASTQ offset: auto-detect, threshold: off; cut homopolymers: off; remove PCR duplicates: no; colour: 0
[11 Dec 2019 23:19:52-PuJ][memory] 104 bits per kmer
[11 Dec 2019 23:19:52-PuJ] Note: Using less memory than requested (26.9MB < 3GB); allows for 2,162,688 kmers
[11 Dec 2019 23:19:52-PuJ][memory] graph: 26.9MB
[11 Dec 2019 23:19:52-PuJ][memory] total: 26.9MB of 62.6GB RAM
[11 Dec 2019 23:19:52-PuJ] Writing 1 colour graph to microbial/bigsi/11/mccortex.SRR10519468.ctx
[11 Dec 2019 23:19:52-PuJ][hasht] Allocating table with 2,162,688 entries, using 16.6MB
[11 Dec 2019 23:19:52-PuJ][hasht]  number of buckets: 65,536, bucket size: 33
[11 Dec 2019 23:19:52-PuJ][graph] kmer-size: 11; colours: 1; capacity: 2,162,688
[11 Dec 2019 23:19:52-PuJ][hasht] buckets: 65,536 [2^16]; bucket size: 33; 
[11 Dec 2019 23:19:52-PuJ][hasht] memory: 16.6MB; filled: 0 / 2,162,688 (0.00%)
[11 Dec 2019 23:19:52-PuJ][asyncio] Inputs: 1; Threads: 1
[11 Dec 2019 23:19:52-PuJ][seq] Parsing sequence file microbial/kmer-counts-jellyfish/11/SRR10519468.kmer.gz
[11 Dec 2019 23:19:53-PuJ][seq] Loaded 616,163 reads and 0 reads pairs (file: microbial/kmer-counts-jellyfish/11/SRR10519468.kmer.gz)
[11 Dec 2019 23:19:53-PuJ][hasht] buckets: 65,536 [2^16]; bucket size: 33; 
[11 Dec 2019 23:19:53-PuJ][hasht] memory: 16.6MB; filled: 616,163 / 2,162,688 (28.49%)
[11 Dec 2019 23:19:53-PuJ][hasht]  collisions  0: 616163
[11 Dec 2019 23:19:53-PuJ][task] input: microbial/kmer-counts-jellyfish/11/SRR10519468.kmer.gz colour: 0
[11 Dec 2019 23:19:53-PuJ]  SE reads: 616,163  PE reads: 0
[11 Dec 2019 23:19:53-PuJ]  good reads: 616,163  bad reads: 0
[11 Dec 2019 23:19:53-PuJ]  dup SE reads: 0  dup PE pairs: 0
[11 Dec 2019 23:19:53-PuJ]  bases read: 6,777,793  bases loaded: 6,777,793
[11 Dec 2019 23:19:53-PuJ]  num contigs: 616,163  num kmers: 616,163 novel kmers: 616,163
[11 Dec 2019 23:19:53-PuJ] Dumping graph...
[11 Dec 2019 23:19:53-PuJ][graphwriter] Saving file to: microbial/bigsi/11/mccortex.SRR10519468.ctx
[11 Dec 2019 23:19:53-PuJ][FileFilter] Writing graph  [1 src colour]
[11 Dec 2019 23:19:53-PuJ][graphwriter] Dumped 616,163 kmers in 1 colour into: microbial/bigsi/11/mccortex.SRR10519468.ctx (ver: 6)
[11 Dec 2019 23:19:53-PuJ][memory] We made 19 allocs
[11 Dec 2019 23:19:53-PuJ] Done.
[11 Dec 2019 23:19:53-PuJ][time] 1.00 seconds
	Command being timed: "mccortex 11 build --nkmers 2100000 --threads 1 --kmer 11 --mem 3G --sample SRR10519468 --seq microbial/kmer-counts-jellyfish/11/SRR10519468.kmer.gz microbial/bigsi/11/mccortex.SRR10519468.ctx"
	User time (seconds): 1.20
	System time (seconds): 0.32
	Percent of CPU this job got: 150%
	Elapsed (wall clock) time (h:mm:ss or m:ss): 0:01.01
	Average shared text size (kbytes): 0
	Average unshared data size (kbytes): 0
	Average stack size (kbytes): 0
	Average total size (kbytes): 0
	Maximum resident set size (kbytes): 34420
	Average resident set size (kbytes): 0
	Major (requiring I/O) page faults: 0
	Minor (reclaiming a frame) page faults: 11042
	Voluntary context switches: 13089
	Involuntary context switches: 1066
	Swaps: 0
	File system inputs: 4600
	File system outputs: 15656
	Socket messages sent: 0
	Socket messages received: 0
	Signals delivered: 0
	Page size (bytes): 4096
	Exit status: 0
