[11 Dec 2019 23:19:31-SUc][cmd] /home/CSCScience.ca/apetkau/miniconda3/envs/bigsi_mccortex/bin/mccortex31 build --nkmers 2100000 --threads 1 --kmer 11 --mem 3G --sample ERR3656019 --seq microbial/kmer-counts-jellyfish/11/ERR3656019.kmer.gz microbial/bigsi/11/mccortex.ERR3656019.ctx
[11 Dec 2019 23:19:31-SUc][cwd] /home/CSCScience.ca/apetkau/workspace/comp7934-project
[11 Dec 2019 23:19:31-SUc][version] mccortex=v0.0.3-610-g400c0e3 zlib=1.2.11 htslib=1.8-17-g699ed53 ASSERTS=ON hash=Lookup3 CHECKS=ON k=3..31
[11 Dec 2019 23:19:31-SUc] Saving graph to: microbial/bigsi/11/mccortex.ERR3656019.ctx
[11 Dec 2019 23:19:31-SUc][sample] 0: ERR3656019
[11 Dec 2019 23:19:31-SUc][task] microbial/kmer-counts-jellyfish/11/ERR3656019.kmer.gz; FASTQ offset: auto-detect, threshold: off; cut homopolymers: off; remove PCR duplicates: no; colour: 0
[11 Dec 2019 23:19:31-SUc][memory] 104 bits per kmer
[11 Dec 2019 23:19:31-SUc] Note: Using less memory than requested (26.9MB < 3GB); allows for 2,162,688 kmers
[11 Dec 2019 23:19:31-SUc][memory] graph: 26.9MB
[11 Dec 2019 23:19:31-SUc][memory] total: 26.9MB of 62.6GB RAM
[11 Dec 2019 23:19:31-SUc] Writing 1 colour graph to microbial/bigsi/11/mccortex.ERR3656019.ctx
[11 Dec 2019 23:19:31-SUc][hasht] Allocating table with 2,162,688 entries, using 16.6MB
[11 Dec 2019 23:19:31-SUc][hasht]  number of buckets: 65,536, bucket size: 33
[11 Dec 2019 23:19:31-SUc][graph] kmer-size: 11; colours: 1; capacity: 2,162,688
[11 Dec 2019 23:19:31-SUc][hasht] buckets: 65,536 [2^16]; bucket size: 33; 
[11 Dec 2019 23:19:31-SUc][hasht] memory: 16.6MB; filled: 0 / 2,162,688 (0.00%)
[11 Dec 2019 23:19:31-SUc][asyncio] Inputs: 1; Threads: 1
[11 Dec 2019 23:19:31-SUc][seq] Parsing sequence file microbial/kmer-counts-jellyfish/11/ERR3656019.kmer.gz
[11 Dec 2019 23:19:33-SUc][seq] Loaded 1,415,114 reads and 0 reads pairs (file: microbial/kmer-counts-jellyfish/11/ERR3656019.kmer.gz)
[11 Dec 2019 23:19:33-SUc][hasht] buckets: 65,536 [2^16]; bucket size: 33; 
[11 Dec 2019 23:19:33-SUc][hasht] memory: 16.6MB; filled: 1,415,114 / 2,162,688 (65.43%)
[11 Dec 2019 23:19:33-SUc][hasht]  collisions  0: 1413786
[11 Dec 2019 23:19:33-SUc][hasht]  collisions  1: 1314
[11 Dec 2019 23:19:33-SUc][hasht]  collisions  2: 14
[11 Dec 2019 23:19:33-SUc][task] input: microbial/kmer-counts-jellyfish/11/ERR3656019.kmer.gz colour: 0
[11 Dec 2019 23:19:33-SUc]  SE reads: 1,415,114  PE reads: 0
[11 Dec 2019 23:19:33-SUc]  good reads: 1,415,114  bad reads: 0
[11 Dec 2019 23:19:33-SUc]  dup SE reads: 0  dup PE pairs: 0
[11 Dec 2019 23:19:33-SUc]  bases read: 15,566,254  bases loaded: 15,566,254
[11 Dec 2019 23:19:33-SUc]  num contigs: 1,415,114  num kmers: 1,415,114 novel kmers: 1,415,114
[11 Dec 2019 23:19:33-SUc] Dumping graph...
[11 Dec 2019 23:19:33-SUc][graphwriter] Saving file to: microbial/bigsi/11/mccortex.ERR3656019.ctx
[11 Dec 2019 23:19:33-SUc][FileFilter] Writing graph  [1 src colour]
[11 Dec 2019 23:19:34-SUc][graphwriter] Dumped 1,415,114 kmers in 1 colour into: microbial/bigsi/11/mccortex.ERR3656019.ctx (ver: 6)
[11 Dec 2019 23:19:34-SUc][memory] We made 19 allocs
[11 Dec 2019 23:19:34-SUc] Done.
[11 Dec 2019 23:19:34-SUc][time] 3.00 seconds
	Command being timed: "mccortex 11 build --nkmers 2100000 --threads 1 --kmer 11 --mem 3G --sample ERR3656019 --seq microbial/kmer-counts-jellyfish/11/ERR3656019.kmer.gz microbial/bigsi/11/mccortex.ERR3656019.ctx"
	User time (seconds): 3.73
	System time (seconds): 0.77
	Percent of CPU this job got: 140%
	Elapsed (wall clock) time (h:mm:ss or m:ss): 0:03.21
	Average shared text size (kbytes): 0
	Average unshared data size (kbytes): 0
	Average stack size (kbytes): 0
	Average total size (kbytes): 0
	Maximum resident set size (kbytes): 34444
	Average resident set size (kbytes): 0
	Major (requiring I/O) page faults: 0
	Minor (reclaiming a frame) page faults: 18751
	Voluntary context switches: 80060
	Involuntary context switches: 22325
	Swaps: 0
	File system inputs: 10480
	File system outputs: 35944
	Socket messages sent: 0
	Socket messages received: 0
	Signals delivered: 0
	Page size (bytes): 4096
	Exit status: 0
