[11 Dec 2019 23:19:31-DOt][cmd] /home/CSCScience.ca/apetkau/miniconda3/envs/bigsi_mccortex/bin/mccortex31 build --nkmers 2100000 --threads 1 --kmer 11 --mem 3G --sample ERR3656012 --seq microbial/kmer-counts-jellyfish/11/ERR3656012.kmer.gz microbial/bigsi/11/mccortex.ERR3656012.ctx
[11 Dec 2019 23:19:31-DOt][cwd] /home/CSCScience.ca/apetkau/workspace/comp7934-project
[11 Dec 2019 23:19:31-DOt][version] mccortex=v0.0.3-610-g400c0e3 zlib=1.2.11 htslib=1.8-17-g699ed53 ASSERTS=ON hash=Lookup3 CHECKS=ON k=3..31
[11 Dec 2019 23:19:31-DOt] Saving graph to: microbial/bigsi/11/mccortex.ERR3656012.ctx
[11 Dec 2019 23:19:31-DOt][sample] 0: ERR3656012
[11 Dec 2019 23:19:31-DOt][task] microbial/kmer-counts-jellyfish/11/ERR3656012.kmer.gz; FASTQ offset: auto-detect, threshold: off; cut homopolymers: off; remove PCR duplicates: no; colour: 0
[11 Dec 2019 23:19:31-DOt][memory] 104 bits per kmer
[11 Dec 2019 23:19:31-DOt] Note: Using less memory than requested (26.9MB < 3GB); allows for 2,162,688 kmers
[11 Dec 2019 23:19:31-DOt][memory] graph: 26.9MB
[11 Dec 2019 23:19:31-DOt][memory] total: 26.9MB of 62.6GB RAM
[11 Dec 2019 23:19:31-DOt] Writing 1 colour graph to microbial/bigsi/11/mccortex.ERR3656012.ctx
[11 Dec 2019 23:19:31-DOt][hasht] Allocating table with 2,162,688 entries, using 16.6MB
[11 Dec 2019 23:19:31-DOt][hasht]  number of buckets: 65,536, bucket size: 33
[11 Dec 2019 23:19:31-DOt][graph] kmer-size: 11; colours: 1; capacity: 2,162,688
[11 Dec 2019 23:19:31-DOt][hasht] buckets: 65,536 [2^16]; bucket size: 33; 
[11 Dec 2019 23:19:31-DOt][hasht] memory: 16.6MB; filled: 0 / 2,162,688 (0.00%)
[11 Dec 2019 23:19:31-DOt][asyncio] Inputs: 1; Threads: 1
[11 Dec 2019 23:19:31-DOt][seq] Parsing sequence file microbial/kmer-counts-jellyfish/11/ERR3656012.kmer.gz
[11 Dec 2019 23:19:33-DOt][seq] Loaded 1,311,938 reads and 0 reads pairs (file: microbial/kmer-counts-jellyfish/11/ERR3656012.kmer.gz)
[11 Dec 2019 23:19:33-DOt][hasht] buckets: 65,536 [2^16]; bucket size: 33; 
[11 Dec 2019 23:19:33-DOt][hasht] memory: 16.6MB; filled: 1,311,938 / 2,162,688 (60.66%)
[11 Dec 2019 23:19:33-DOt][hasht]  collisions  0: 1311534
[11 Dec 2019 23:19:33-DOt][hasht]  collisions  1: 403
[11 Dec 2019 23:19:33-DOt][hasht]  collisions  2: 1
[11 Dec 2019 23:19:33-DOt][task] input: microbial/kmer-counts-jellyfish/11/ERR3656012.kmer.gz colour: 0
[11 Dec 2019 23:19:33-DOt]  SE reads: 1,311,938  PE reads: 0
[11 Dec 2019 23:19:33-DOt]  good reads: 1,311,938  bad reads: 0
[11 Dec 2019 23:19:33-DOt]  dup SE reads: 0  dup PE pairs: 0
[11 Dec 2019 23:19:33-DOt]  bases read: 14,431,318  bases loaded: 14,431,318
[11 Dec 2019 23:19:33-DOt]  num contigs: 1,311,938  num kmers: 1,311,938 novel kmers: 1,311,938
[11 Dec 2019 23:19:33-DOt] Dumping graph...
[11 Dec 2019 23:19:33-DOt][graphwriter] Saving file to: microbial/bigsi/11/mccortex.ERR3656012.ctx
[11 Dec 2019 23:19:33-DOt][FileFilter] Writing graph  [1 src colour]
[11 Dec 2019 23:19:33-DOt][graphwriter] Dumped 1,311,938 kmers in 1 colour into: microbial/bigsi/11/mccortex.ERR3656012.ctx (ver: 6)
[11 Dec 2019 23:19:33-DOt][memory] We made 19 allocs
[11 Dec 2019 23:19:33-DOt] Done.
[11 Dec 2019 23:19:33-DOt][time] 2.00 seconds
	Command being timed: "mccortex 11 build --nkmers 2100000 --threads 1 --kmer 11 --mem 3G --sample ERR3656012 --seq microbial/kmer-counts-jellyfish/11/ERR3656012.kmer.gz microbial/bigsi/11/mccortex.ERR3656012.ctx"
	User time (seconds): 3.07
	System time (seconds): 0.87
	Percent of CPU this job got: 150%
	Elapsed (wall clock) time (h:mm:ss or m:ss): 0:02.62
	Average shared text size (kbytes): 0
	Average unshared data size (kbytes): 0
	Average stack size (kbytes): 0
	Average total size (kbytes): 0
	Maximum resident set size (kbytes): 34692
	Average resident set size (kbytes): 0
	Major (requiring I/O) page faults: 0
	Minor (reclaiming a frame) page faults: 18755
	Voluntary context switches: 55910
	Involuntary context switches: 17426
	Swaps: 0
	File system inputs: 9736
	File system outputs: 33320
	Socket messages sent: 0
	Socket messages received: 0
	Signals delivered: 0
	Page size (bytes): 4096
	Exit status: 0
