[11 Dec 2019 23:19:31-xaB][cmd] /home/CSCScience.ca/apetkau/miniconda3/envs/bigsi_mccortex/bin/mccortex31 build --nkmers 2100000 --threads 1 --kmer 11 --mem 3G --sample ERR1144977 --seq microbial/kmer-counts-jellyfish/11/ERR1144977.kmer.gz microbial/bigsi/11/mccortex.ERR1144977.ctx
[11 Dec 2019 23:19:31-xaB][cwd] /home/CSCScience.ca/apetkau/workspace/comp7934-project
[11 Dec 2019 23:19:31-xaB][version] mccortex=v0.0.3-610-g400c0e3 zlib=1.2.11 htslib=1.8-17-g699ed53 ASSERTS=ON hash=Lookup3 CHECKS=ON k=3..31
[11 Dec 2019 23:19:31-xaB] Saving graph to: microbial/bigsi/11/mccortex.ERR1144977.ctx
[11 Dec 2019 23:19:31-xaB][sample] 0: ERR1144977
[11 Dec 2019 23:19:31-xaB][task] microbial/kmer-counts-jellyfish/11/ERR1144977.kmer.gz; FASTQ offset: auto-detect, threshold: off; cut homopolymers: off; remove PCR duplicates: no; colour: 0
[11 Dec 2019 23:19:31-xaB][memory] 104 bits per kmer
[11 Dec 2019 23:19:31-xaB] Note: Using less memory than requested (26.9MB < 3GB); allows for 2,162,688 kmers
[11 Dec 2019 23:19:31-xaB][memory] graph: 26.9MB
[11 Dec 2019 23:19:31-xaB][memory] total: 26.9MB of 62.6GB RAM
[11 Dec 2019 23:19:31-xaB] Writing 1 colour graph to microbial/bigsi/11/mccortex.ERR1144977.ctx
[11 Dec 2019 23:19:31-xaB][hasht] Allocating table with 2,162,688 entries, using 16.6MB
[11 Dec 2019 23:19:31-xaB][hasht]  number of buckets: 65,536, bucket size: 33
[11 Dec 2019 23:19:31-xaB][graph] kmer-size: 11; colours: 1; capacity: 2,162,688
[11 Dec 2019 23:19:31-xaB][hasht] buckets: 65,536 [2^16]; bucket size: 33; 
[11 Dec 2019 23:19:31-xaB][hasht] memory: 16.6MB; filled: 0 / 2,162,688 (0.00%)
[11 Dec 2019 23:19:31-xaB][asyncio] Inputs: 1; Threads: 1
[11 Dec 2019 23:19:31-xaB][seq] Parsing sequence file microbial/kmer-counts-jellyfish/11/ERR1144977.kmer.gz
[11 Dec 2019 23:19:33-xaB][seq] Loaded 1,087,950 reads and 0 reads pairs (file: microbial/kmer-counts-jellyfish/11/ERR1144977.kmer.gz)
[11 Dec 2019 23:19:33-xaB][hasht] buckets: 65,536 [2^16]; bucket size: 33; 
[11 Dec 2019 23:19:33-xaB][hasht] memory: 16.6MB; filled: 1,087,950 / 2,162,688 (50.31%)
[11 Dec 2019 23:19:33-xaB][hasht]  collisions  0: 1087918
[11 Dec 2019 23:19:33-xaB][hasht]  collisions  1: 32
[11 Dec 2019 23:19:33-xaB][task] input: microbial/kmer-counts-jellyfish/11/ERR1144977.kmer.gz colour: 0
[11 Dec 2019 23:19:33-xaB]  SE reads: 1,087,950  PE reads: 0
[11 Dec 2019 23:19:33-xaB]  good reads: 1,087,950  bad reads: 0
[11 Dec 2019 23:19:33-xaB]  dup SE reads: 0  dup PE pairs: 0
[11 Dec 2019 23:19:33-xaB]  bases read: 11,967,450  bases loaded: 11,967,450
[11 Dec 2019 23:19:33-xaB]  num contigs: 1,087,950  num kmers: 1,087,950 novel kmers: 1,087,950
[11 Dec 2019 23:19:33-xaB] Dumping graph...
[11 Dec 2019 23:19:33-xaB][graphwriter] Saving file to: microbial/bigsi/11/mccortex.ERR1144977.ctx
[11 Dec 2019 23:19:33-xaB][FileFilter] Writing graph  [1 src colour]
[11 Dec 2019 23:19:33-xaB][graphwriter] Dumped 1,087,950 kmers in 1 colour into: microbial/bigsi/11/mccortex.ERR1144977.ctx (ver: 6)
[11 Dec 2019 23:19:33-xaB][memory] We made 19 allocs
[11 Dec 2019 23:19:33-xaB] Done.
[11 Dec 2019 23:19:33-xaB][time] 2.00 seconds
	Command being timed: "mccortex 11 build --nkmers 2100000 --threads 1 --kmer 11 --mem 3G --sample ERR1144977 --seq microbial/kmer-counts-jellyfish/11/ERR1144977.kmer.gz microbial/bigsi/11/mccortex.ERR1144977.ctx"
	User time (seconds): 3.04
	System time (seconds): 0.63
	Percent of CPU this job got: 157%
	Elapsed (wall clock) time (h:mm:ss or m:ss): 0:02.33
	Average shared text size (kbytes): 0
	Average unshared data size (kbytes): 0
	Average stack size (kbytes): 0
	Average total size (kbytes): 0
	Maximum resident set size (kbytes): 34444
	Average resident set size (kbytes): 0
	Major (requiring I/O) page faults: 0
	Minor (reclaiming a frame) page faults: 18755
	Voluntary context switches: 50567
	Involuntary context switches: 4198
	Swaps: 0
	File system inputs: 8072
	File system outputs: 27632
	Socket messages sent: 0
	Socket messages received: 0
	Signals delivered: 0
	Page size (bytes): 4096
	Exit status: 0
