[11 Dec 2019 23:19:56-kAR][cmd] /home/CSCScience.ca/apetkau/miniconda3/envs/bigsi_mccortex/bin/mccortex31 build --nkmers 2100000 --threads 1 --kmer 11 --mem 3G --sample SRR10521984 --seq microbial/kmer-counts-jellyfish/11/SRR10521984.kmer.gz microbial/bigsi/11/mccortex.SRR10521984.ctx
[11 Dec 2019 23:19:56-kAR][cwd] /home/CSCScience.ca/apetkau/workspace/comp7934-project
[11 Dec 2019 23:19:56-kAR][version] mccortex=v0.0.3-610-g400c0e3 zlib=1.2.11 htslib=1.8-17-g699ed53 ASSERTS=ON hash=Lookup3 CHECKS=ON k=3..31
[11 Dec 2019 23:19:56-kAR] Saving graph to: microbial/bigsi/11/mccortex.SRR10521984.ctx
[11 Dec 2019 23:19:56-kAR][sample] 0: SRR10521984
[11 Dec 2019 23:19:56-kAR][task] microbial/kmer-counts-jellyfish/11/SRR10521984.kmer.gz; FASTQ offset: auto-detect, threshold: off; cut homopolymers: off; remove PCR duplicates: no; colour: 0
[11 Dec 2019 23:19:56-kAR][memory] 104 bits per kmer
[11 Dec 2019 23:19:56-kAR] Note: Using less memory than requested (26.9MB < 3GB); allows for 2,162,688 kmers
[11 Dec 2019 23:19:56-kAR][memory] graph: 26.9MB
[11 Dec 2019 23:19:56-kAR][memory] total: 26.9MB of 62.6GB RAM
[11 Dec 2019 23:19:56-kAR] Writing 1 colour graph to microbial/bigsi/11/mccortex.SRR10521984.ctx
[11 Dec 2019 23:19:56-kAR][hasht] Allocating table with 2,162,688 entries, using 16.6MB
[11 Dec 2019 23:19:56-kAR][hasht]  number of buckets: 65,536, bucket size: 33
[11 Dec 2019 23:19:56-kAR][graph] kmer-size: 11; colours: 1; capacity: 2,162,688
[11 Dec 2019 23:19:56-kAR][hasht] buckets: 65,536 [2^16]; bucket size: 33; 
[11 Dec 2019 23:19:56-kAR][hasht] memory: 16.6MB; filled: 0 / 2,162,688 (0.00%)
[11 Dec 2019 23:19:56-kAR][asyncio] Inputs: 1; Threads: 1
[11 Dec 2019 23:19:56-kAR][seq] Parsing sequence file microbial/kmer-counts-jellyfish/11/SRR10521984.kmer.gz
[11 Dec 2019 23:19:57-kAR][seq] Loaded 675,148 reads and 0 reads pairs (file: microbial/kmer-counts-jellyfish/11/SRR10521984.kmer.gz)
[11 Dec 2019 23:19:57-kAR][hasht] buckets: 65,536 [2^16]; bucket size: 33; 
[11 Dec 2019 23:19:57-kAR][hasht] memory: 16.6MB; filled: 675,148 / 2,162,688 (31.22%)
[11 Dec 2019 23:19:57-kAR][hasht]  collisions  0: 675148
[11 Dec 2019 23:19:57-kAR][task] input: microbial/kmer-counts-jellyfish/11/SRR10521984.kmer.gz colour: 0
[11 Dec 2019 23:19:57-kAR]  SE reads: 675,148  PE reads: 0
[11 Dec 2019 23:19:57-kAR]  good reads: 675,148  bad reads: 0
[11 Dec 2019 23:19:57-kAR]  dup SE reads: 0  dup PE pairs: 0
[11 Dec 2019 23:19:57-kAR]  bases read: 7,426,628  bases loaded: 7,426,628
[11 Dec 2019 23:19:57-kAR]  num contigs: 675,148  num kmers: 675,148 novel kmers: 675,148
[11 Dec 2019 23:19:57-kAR] Dumping graph...
[11 Dec 2019 23:19:57-kAR][graphwriter] Saving file to: microbial/bigsi/11/mccortex.SRR10521984.ctx
[11 Dec 2019 23:19:57-kAR][FileFilter] Writing graph  [1 src colour]
[11 Dec 2019 23:19:57-kAR][graphwriter] Dumped 675,148 kmers in 1 colour into: microbial/bigsi/11/mccortex.SRR10521984.ctx (ver: 6)
[11 Dec 2019 23:19:57-kAR][memory] We made 19 allocs
[11 Dec 2019 23:19:57-kAR] Done.
[11 Dec 2019 23:19:57-kAR][time] 1.00 seconds
	Command being timed: "mccortex 11 build --nkmers 2100000 --threads 1 --kmer 11 --mem 3G --sample SRR10521984 --seq microbial/kmer-counts-jellyfish/11/SRR10521984.kmer.gz microbial/bigsi/11/mccortex.SRR10521984.ctx"
	User time (seconds): 1.85
	System time (seconds): 0.31
	Percent of CPU this job got: 155%
	Elapsed (wall clock) time (h:mm:ss or m:ss): 0:01.40
	Average shared text size (kbytes): 0
	Average unshared data size (kbytes): 0
	Average stack size (kbytes): 0
	Average total size (kbytes): 0
	Maximum resident set size (kbytes): 34640
	Average resident set size (kbytes): 0
	Major (requiring I/O) page faults: 0
	Minor (reclaiming a frame) page faults: 18652
	Voluntary context switches: 24210
	Involuntary context switches: 9376
	Swaps: 0
	File system inputs: 5040
	File system outputs: 17152
	Socket messages sent: 0
	Socket messages received: 0
	Signals delivered: 0
	Page size (bytes): 4096
	Exit status: 0
