[11 Dec 2019 23:19:51-QOt][cmd] /home/CSCScience.ca/apetkau/miniconda3/envs/bigsi_mccortex/bin/mccortex31 build --nkmers 2100000 --threads 1 --kmer 11 --mem 3G --sample SRR10513326 --seq microbial/kmer-counts-jellyfish/11/SRR10513326.kmer.gz microbial/bigsi/11/mccortex.SRR10513326.ctx
[11 Dec 2019 23:19:51-QOt][cwd] /home/CSCScience.ca/apetkau/workspace/comp7934-project
[11 Dec 2019 23:19:51-QOt][version] mccortex=v0.0.3-610-g400c0e3 zlib=1.2.11 htslib=1.8-17-g699ed53 ASSERTS=ON hash=Lookup3 CHECKS=ON k=3..31
[11 Dec 2019 23:19:51-QOt] Saving graph to: microbial/bigsi/11/mccortex.SRR10513326.ctx
[11 Dec 2019 23:19:51-QOt][sample] 0: SRR10513326
[11 Dec 2019 23:19:51-QOt][task] microbial/kmer-counts-jellyfish/11/SRR10513326.kmer.gz; FASTQ offset: auto-detect, threshold: off; cut homopolymers: off; remove PCR duplicates: no; colour: 0
[11 Dec 2019 23:19:51-QOt][memory] 104 bits per kmer
[11 Dec 2019 23:19:51-QOt] Note: Using less memory than requested (26.9MB < 3GB); allows for 2,162,688 kmers
[11 Dec 2019 23:19:51-QOt][memory] graph: 26.9MB
[11 Dec 2019 23:19:51-QOt][memory] total: 26.9MB of 62.6GB RAM
[11 Dec 2019 23:19:51-QOt] Writing 1 colour graph to microbial/bigsi/11/mccortex.SRR10513326.ctx
[11 Dec 2019 23:19:51-QOt][hasht] Allocating table with 2,162,688 entries, using 16.6MB
[11 Dec 2019 23:19:51-QOt][hasht]  number of buckets: 65,536, bucket size: 33
[11 Dec 2019 23:19:51-QOt][graph] kmer-size: 11; colours: 1; capacity: 2,162,688
[11 Dec 2019 23:19:51-QOt][hasht] buckets: 65,536 [2^16]; bucket size: 33; 
[11 Dec 2019 23:19:51-QOt][hasht] memory: 16.6MB; filled: 0 / 2,162,688 (0.00%)
[11 Dec 2019 23:19:51-QOt][asyncio] Inputs: 1; Threads: 1
[11 Dec 2019 23:19:51-QOt][seq] Parsing sequence file microbial/kmer-counts-jellyfish/11/SRR10513326.kmer.gz
[11 Dec 2019 23:19:52-QOt][seq] Loaded 1,126,511 reads and 0 reads pairs (file: microbial/kmer-counts-jellyfish/11/SRR10513326.kmer.gz)
[11 Dec 2019 23:19:52-QOt][hasht] buckets: 65,536 [2^16]; bucket size: 33; 
[11 Dec 2019 23:19:52-QOt][hasht] memory: 16.6MB; filled: 1,126,511 / 2,162,688 (52.09%)
[11 Dec 2019 23:19:52-QOt][hasht]  collisions  0: 1126488
[11 Dec 2019 23:19:52-QOt][hasht]  collisions  1: 23
[11 Dec 2019 23:19:52-QOt][task] input: microbial/kmer-counts-jellyfish/11/SRR10513326.kmer.gz colour: 0
[11 Dec 2019 23:19:52-QOt]  SE reads: 1,126,511  PE reads: 0
[11 Dec 2019 23:19:52-QOt]  good reads: 1,126,511  bad reads: 0
[11 Dec 2019 23:19:52-QOt]  dup SE reads: 0  dup PE pairs: 0
[11 Dec 2019 23:19:52-QOt]  bases read: 12,391,621  bases loaded: 12,391,621
[11 Dec 2019 23:19:52-QOt]  num contigs: 1,126,511  num kmers: 1,126,511 novel kmers: 1,126,511
[11 Dec 2019 23:19:52-QOt] Dumping graph...
[11 Dec 2019 23:19:52-QOt][graphwriter] Saving file to: microbial/bigsi/11/mccortex.SRR10513326.ctx
[11 Dec 2019 23:19:52-QOt][FileFilter] Writing graph  [1 src colour]
[11 Dec 2019 23:19:53-QOt][graphwriter] Dumped 1,126,511 kmers in 1 colour into: microbial/bigsi/11/mccortex.SRR10513326.ctx (ver: 6)
[11 Dec 2019 23:19:53-QOt][memory] We made 19 allocs
[11 Dec 2019 23:19:53-QOt] Done.
[11 Dec 2019 23:19:53-QOt][time] 2.00 seconds
	Command being timed: "mccortex 11 build --nkmers 2100000 --threads 1 --kmer 11 --mem 3G --sample SRR10513326 --seq microbial/kmer-counts-jellyfish/11/SRR10513326.kmer.gz microbial/bigsi/11/mccortex.SRR10513326.ctx"
	User time (seconds): 2.18
	System time (seconds): 0.41
	Percent of CPU this job got: 174%
	Elapsed (wall clock) time (h:mm:ss or m:ss): 0:01.49
	Average shared text size (kbytes): 0
	Average unshared data size (kbytes): 0
	Average stack size (kbytes): 0
	Average total size (kbytes): 0
	Maximum resident set size (kbytes): 34448
	Average resident set size (kbytes): 0
	Major (requiring I/O) page faults: 0
	Minor (reclaiming a frame) page faults: 18754
	Voluntary context switches: 21018
	Involuntary context switches: 56
	Swaps: 0
	File system inputs: 8384
	File system outputs: 28616
	Socket messages sent: 0
	Socket messages received: 0
	Signals delivered: 0
	Page size (bytes): 4096
	Exit status: 0
