[11 Dec 2019 23:19:51-moH][cmd] /home/CSCScience.ca/apetkau/miniconda3/envs/bigsi_mccortex/bin/mccortex31 build --nkmers 2100000 --threads 1 --kmer 11 --mem 3G --sample SRR10513328 --seq microbial/kmer-counts-jellyfish/11/SRR10513328.kmer.gz microbial/bigsi/11/mccortex.SRR10513328.ctx
[11 Dec 2019 23:19:51-moH][cwd] /home/CSCScience.ca/apetkau/workspace/comp7934-project
[11 Dec 2019 23:19:51-moH][version] mccortex=v0.0.3-610-g400c0e3 zlib=1.2.11 htslib=1.8-17-g699ed53 ASSERTS=ON hash=Lookup3 CHECKS=ON k=3..31
[11 Dec 2019 23:19:51-moH] Saving graph to: microbial/bigsi/11/mccortex.SRR10513328.ctx
[11 Dec 2019 23:19:51-moH][sample] 0: SRR10513328
[11 Dec 2019 23:19:51-moH][task] microbial/kmer-counts-jellyfish/11/SRR10513328.kmer.gz; FASTQ offset: auto-detect, threshold: off; cut homopolymers: off; remove PCR duplicates: no; colour: 0
[11 Dec 2019 23:19:51-moH][memory] 104 bits per kmer
[11 Dec 2019 23:19:51-moH] Note: Using less memory than requested (26.9MB < 3GB); allows for 2,162,688 kmers
[11 Dec 2019 23:19:51-moH][memory] graph: 26.9MB
[11 Dec 2019 23:19:51-moH][memory] total: 26.9MB of 62.6GB RAM
[11 Dec 2019 23:19:51-moH] Writing 1 colour graph to microbial/bigsi/11/mccortex.SRR10513328.ctx
[11 Dec 2019 23:19:51-moH][hasht] Allocating table with 2,162,688 entries, using 16.6MB
[11 Dec 2019 23:19:51-moH][hasht]  number of buckets: 65,536, bucket size: 33
[11 Dec 2019 23:19:51-moH][graph] kmer-size: 11; colours: 1; capacity: 2,162,688
[11 Dec 2019 23:19:51-moH][hasht] buckets: 65,536 [2^16]; bucket size: 33; 
[11 Dec 2019 23:19:51-moH][hasht] memory: 16.6MB; filled: 0 / 2,162,688 (0.00%)
[11 Dec 2019 23:19:51-moH][asyncio] Inputs: 1; Threads: 1
[11 Dec 2019 23:19:51-moH][seq] Parsing sequence file microbial/kmer-counts-jellyfish/11/SRR10513328.kmer.gz
[11 Dec 2019 23:19:52-moH][seq] Loaded 1,074,794 reads and 0 reads pairs (file: microbial/kmer-counts-jellyfish/11/SRR10513328.kmer.gz)
[11 Dec 2019 23:19:52-moH][hasht] buckets: 65,536 [2^16]; bucket size: 33; 
[11 Dec 2019 23:19:52-moH][hasht] memory: 16.6MB; filled: 1,074,794 / 2,162,688 (49.70%)
[11 Dec 2019 23:19:52-moH][hasht]  collisions  0: 1074783
[11 Dec 2019 23:19:52-moH][hasht]  collisions  1: 11
[11 Dec 2019 23:19:52-moH][task] input: microbial/kmer-counts-jellyfish/11/SRR10513328.kmer.gz colour: 0
[11 Dec 2019 23:19:52-moH]  SE reads: 1,074,794  PE reads: 0
[11 Dec 2019 23:19:52-moH]  good reads: 1,074,794  bad reads: 0
[11 Dec 2019 23:19:52-moH]  dup SE reads: 0  dup PE pairs: 0
[11 Dec 2019 23:19:52-moH]  bases read: 11,822,734  bases loaded: 11,822,734
[11 Dec 2019 23:19:52-moH]  num contigs: 1,074,794  num kmers: 1,074,794 novel kmers: 1,074,794
[11 Dec 2019 23:19:52-moH] Dumping graph...
[11 Dec 2019 23:19:52-moH][graphwriter] Saving file to: microbial/bigsi/11/mccortex.SRR10513328.ctx
[11 Dec 2019 23:19:52-moH][FileFilter] Writing graph  [1 src colour]
[11 Dec 2019 23:19:52-moH][graphwriter] Dumped 1,074,794 kmers in 1 colour into: microbial/bigsi/11/mccortex.SRR10513328.ctx (ver: 6)
[11 Dec 2019 23:19:52-moH][memory] We made 19 allocs
[11 Dec 2019 23:19:52-moH] Done.
[11 Dec 2019 23:19:52-moH][time] 1.00 seconds
	Command being timed: "mccortex 11 build --nkmers 2100000 --threads 1 --kmer 11 --mem 3G --sample SRR10513328 --seq microbial/kmer-counts-jellyfish/11/SRR10513328.kmer.gz microbial/bigsi/11/mccortex.SRR10513328.ctx"
	User time (seconds): 1.38
	System time (seconds): 0.20
	Percent of CPU this job got: 172%
	Elapsed (wall clock) time (h:mm:ss or m:ss): 0:00.92
	Average shared text size (kbytes): 0
	Average unshared data size (kbytes): 0
	Average stack size (kbytes): 0
	Average total size (kbytes): 0
	Maximum resident set size (kbytes): 34524
	Average resident set size (kbytes): 0
	Major (requiring I/O) page faults: 0
	Minor (reclaiming a frame) page faults: 11042
	Voluntary context switches: 3923
	Involuntary context switches: 2
	Swaps: 0
	File system inputs: 8016
	File system outputs: 27304
	Socket messages sent: 0
	Socket messages received: 0
	Signals delivered: 0
	Page size (bytes): 4096
	Exit status: 0
