[11 Dec 2019 23:19:56-VOH][cmd] /home/CSCScience.ca/apetkau/miniconda3/envs/bigsi_mccortex/bin/mccortex31 build --nkmers 2100000 --threads 1 --kmer 11 --mem 3G --sample SRR10527348 --seq microbial/kmer-counts-jellyfish/11/SRR10527348.kmer.gz microbial/bigsi/11/mccortex.SRR10527348.ctx
[11 Dec 2019 23:19:56-VOH][cwd] /home/CSCScience.ca/apetkau/workspace/comp7934-project
[11 Dec 2019 23:19:56-VOH][version] mccortex=v0.0.3-610-g400c0e3 zlib=1.2.11 htslib=1.8-17-g699ed53 ASSERTS=ON hash=Lookup3 CHECKS=ON k=3..31
[11 Dec 2019 23:19:56-VOH] Saving graph to: microbial/bigsi/11/mccortex.SRR10527348.ctx
[11 Dec 2019 23:19:56-VOH][sample] 0: SRR10527348
[11 Dec 2019 23:19:56-VOH][task] microbial/kmer-counts-jellyfish/11/SRR10527348.kmer.gz; FASTQ offset: auto-detect, threshold: off; cut homopolymers: off; remove PCR duplicates: no; colour: 0
[11 Dec 2019 23:19:56-VOH][memory] 104 bits per kmer
[11 Dec 2019 23:19:56-VOH] Note: Using less memory than requested (26.9MB < 3GB); allows for 2,162,688 kmers
[11 Dec 2019 23:19:56-VOH][memory] graph: 26.9MB
[11 Dec 2019 23:19:56-VOH][memory] total: 26.9MB of 62.6GB RAM
[11 Dec 2019 23:19:56-VOH] Writing 1 colour graph to microbial/bigsi/11/mccortex.SRR10527348.ctx
[11 Dec 2019 23:19:56-VOH][hasht] Allocating table with 2,162,688 entries, using 16.6MB
[11 Dec 2019 23:19:56-VOH][hasht]  number of buckets: 65,536, bucket size: 33
[11 Dec 2019 23:19:56-VOH][graph] kmer-size: 11; colours: 1; capacity: 2,162,688
[11 Dec 2019 23:19:56-VOH][hasht] buckets: 65,536 [2^16]; bucket size: 33; 
[11 Dec 2019 23:19:56-VOH][hasht] memory: 16.6MB; filled: 0 / 2,162,688 (0.00%)
[11 Dec 2019 23:19:56-VOH][asyncio] Inputs: 1; Threads: 1
[11 Dec 2019 23:19:56-VOH][seq] Parsing sequence file microbial/kmer-counts-jellyfish/11/SRR10527348.kmer.gz
[11 Dec 2019 23:19:57-VOH][seq] Loaded 1,361,170 reads and 0 reads pairs (file: microbial/kmer-counts-jellyfish/11/SRR10527348.kmer.gz)
[11 Dec 2019 23:19:57-VOH][hasht] buckets: 65,536 [2^16]; bucket size: 33; 
[11 Dec 2019 23:19:57-VOH][hasht] memory: 16.6MB; filled: 1,361,170 / 2,162,688 (62.94%)
[11 Dec 2019 23:19:57-VOH][hasht]  collisions  0: 1360393
[11 Dec 2019 23:19:57-VOH][hasht]  collisions  1: 774
[11 Dec 2019 23:19:57-VOH][hasht]  collisions  2: 3
[11 Dec 2019 23:19:57-VOH][task] input: microbial/kmer-counts-jellyfish/11/SRR10527348.kmer.gz colour: 0
[11 Dec 2019 23:19:57-VOH]  SE reads: 1,361,170  PE reads: 0
[11 Dec 2019 23:19:57-VOH]  good reads: 1,361,170  bad reads: 0
[11 Dec 2019 23:19:57-VOH]  dup SE reads: 0  dup PE pairs: 0
[11 Dec 2019 23:19:57-VOH]  bases read: 14,972,870  bases loaded: 14,972,870
[11 Dec 2019 23:19:57-VOH]  num contigs: 1,361,170  num kmers: 1,361,170 novel kmers: 1,361,170
[11 Dec 2019 23:19:57-VOH] Dumping graph...
[11 Dec 2019 23:19:57-VOH][graphwriter] Saving file to: microbial/bigsi/11/mccortex.SRR10527348.ctx
[11 Dec 2019 23:19:57-VOH][FileFilter] Writing graph  [1 src colour]
[11 Dec 2019 23:19:58-VOH][graphwriter] Dumped 1,361,170 kmers in 1 colour into: microbial/bigsi/11/mccortex.SRR10527348.ctx (ver: 6)
[11 Dec 2019 23:19:58-VOH][memory] We made 19 allocs
[11 Dec 2019 23:19:58-VOH] Done.
[11 Dec 2019 23:19:58-VOH][time] 2.00 seconds
	Command being timed: "mccortex 11 build --nkmers 2100000 --threads 1 --kmer 11 --mem 3G --sample SRR10527348 --seq microbial/kmer-counts-jellyfish/11/SRR10527348.kmer.gz microbial/bigsi/11/mccortex.SRR10527348.ctx"
	User time (seconds): 2.20
	System time (seconds): 0.38
	Percent of CPU this job got: 157%
	Elapsed (wall clock) time (h:mm:ss or m:ss): 0:01.64
	Average shared text size (kbytes): 0
	Average unshared data size (kbytes): 0
	Average stack size (kbytes): 0
	Average total size (kbytes): 0
	Maximum resident set size (kbytes): 34508
	Average resident set size (kbytes): 0
	Major (requiring I/O) page faults: 0
	Minor (reclaiming a frame) page faults: 18748
	Voluntary context switches: 14736
	Involuntary context switches: 16042
	Swaps: 0
	File system inputs: 10088
	File system outputs: 34576
	Socket messages sent: 0
	Socket messages received: 0
	Signals delivered: 0
	Page size (bytes): 4096
	Exit status: 0
