[11 Dec 2019 23:19:56-dOr][cmd] /home/CSCScience.ca/apetkau/miniconda3/envs/bigsi_mccortex/bin/mccortex31 build --nkmers 2100000 --threads 1 --kmer 11 --mem 3G --sample SRR10521983 --seq microbial/kmer-counts-jellyfish/11/SRR10521983.kmer.gz microbial/bigsi/11/mccortex.SRR10521983.ctx
[11 Dec 2019 23:19:56-dOr][cwd] /home/CSCScience.ca/apetkau/workspace/comp7934-project
[11 Dec 2019 23:19:56-dOr][version] mccortex=v0.0.3-610-g400c0e3 zlib=1.2.11 htslib=1.8-17-g699ed53 ASSERTS=ON hash=Lookup3 CHECKS=ON k=3..31
[11 Dec 2019 23:19:56-dOr] Saving graph to: microbial/bigsi/11/mccortex.SRR10521983.ctx
[11 Dec 2019 23:19:56-dOr][sample] 0: SRR10521983
[11 Dec 2019 23:19:56-dOr][task] microbial/kmer-counts-jellyfish/11/SRR10521983.kmer.gz; FASTQ offset: auto-detect, threshold: off; cut homopolymers: off; remove PCR duplicates: no; colour: 0
[11 Dec 2019 23:19:56-dOr][memory] 104 bits per kmer
[11 Dec 2019 23:19:56-dOr] Note: Using less memory than requested (26.9MB < 3GB); allows for 2,162,688 kmers
[11 Dec 2019 23:19:56-dOr][memory] graph: 26.9MB
[11 Dec 2019 23:19:56-dOr][memory] total: 26.9MB of 62.6GB RAM
[11 Dec 2019 23:19:56-dOr] Writing 1 colour graph to microbial/bigsi/11/mccortex.SRR10521983.ctx
[11 Dec 2019 23:19:56-dOr][hasht] Allocating table with 2,162,688 entries, using 16.6MB
[11 Dec 2019 23:19:56-dOr][hasht]  number of buckets: 65,536, bucket size: 33
[11 Dec 2019 23:19:56-dOr][graph] kmer-size: 11; colours: 1; capacity: 2,162,688
[11 Dec 2019 23:19:56-dOr][hasht] buckets: 65,536 [2^16]; bucket size: 33; 
[11 Dec 2019 23:19:56-dOr][hasht] memory: 16.6MB; filled: 0 / 2,162,688 (0.00%)
[11 Dec 2019 23:19:56-dOr][asyncio] Inputs: 1; Threads: 1
[11 Dec 2019 23:19:56-dOr][seq] Parsing sequence file microbial/kmer-counts-jellyfish/11/SRR10521983.kmer.gz
[11 Dec 2019 23:19:57-dOr][seq] Loaded 650,793 reads and 0 reads pairs (file: microbial/kmer-counts-jellyfish/11/SRR10521983.kmer.gz)
[11 Dec 2019 23:19:57-dOr][hasht] buckets: 65,536 [2^16]; bucket size: 33; 
[11 Dec 2019 23:19:57-dOr][hasht] memory: 16.6MB; filled: 650,793 / 2,162,688 (30.09%)
[11 Dec 2019 23:19:57-dOr][hasht]  collisions  0: 650793
[11 Dec 2019 23:19:57-dOr][task] input: microbial/kmer-counts-jellyfish/11/SRR10521983.kmer.gz colour: 0
[11 Dec 2019 23:19:57-dOr]  SE reads: 650,793  PE reads: 0
[11 Dec 2019 23:19:57-dOr]  good reads: 650,793  bad reads: 0
[11 Dec 2019 23:19:57-dOr]  dup SE reads: 0  dup PE pairs: 0
[11 Dec 2019 23:19:57-dOr]  bases read: 7,158,723  bases loaded: 7,158,723
[11 Dec 2019 23:19:57-dOr]  num contigs: 650,793  num kmers: 650,793 novel kmers: 650,793
[11 Dec 2019 23:19:57-dOr] Dumping graph...
[11 Dec 2019 23:19:57-dOr][graphwriter] Saving file to: microbial/bigsi/11/mccortex.SRR10521983.ctx
[11 Dec 2019 23:19:57-dOr][FileFilter] Writing graph  [1 src colour]
[11 Dec 2019 23:19:57-dOr][graphwriter] Dumped 650,793 kmers in 1 colour into: microbial/bigsi/11/mccortex.SRR10521983.ctx (ver: 6)
[11 Dec 2019 23:19:57-dOr][memory] We made 19 allocs
[11 Dec 2019 23:19:57-dOr] Done.
[11 Dec 2019 23:19:57-dOr][time] 1.00 seconds
	Command being timed: "mccortex 11 build --nkmers 2100000 --threads 1 --kmer 11 --mem 3G --sample SRR10521983 --seq microbial/kmer-counts-jellyfish/11/SRR10521983.kmer.gz microbial/bigsi/11/mccortex.SRR10521983.ctx"
	User time (seconds): 1.20
	System time (seconds): 0.29
	Percent of CPU this job got: 158%
	Elapsed (wall clock) time (h:mm:ss or m:ss): 0:00.94
	Average shared text size (kbytes): 0
	Average unshared data size (kbytes): 0
	Average stack size (kbytes): 0
	Average total size (kbytes): 0
	Maximum resident set size (kbytes): 34372
	Average resident set size (kbytes): 0
	Major (requiring I/O) page faults: 0
	Minor (reclaiming a frame) page faults: 11034
	Voluntary context switches: 21734
	Involuntary context switches: 16610
	Swaps: 0
	File system inputs: 4856
	File system outputs: 16536
	Socket messages sent: 0
	Socket messages received: 0
	Signals delivered: 0
	Page size (bytes): 4096
	Exit status: 0
