[11 Dec 2019 23:19:31-POF][cmd] /home/CSCScience.ca/apetkau/miniconda3/envs/bigsi_mccortex/bin/mccortex31 build --nkmers 2100000 --threads 1 --kmer 11 --mem 3G --sample SRR10512965 --seq microbial/kmer-counts-jellyfish/11/SRR10512965.kmer.gz microbial/bigsi/11/mccortex.SRR10512965.ctx
[11 Dec 2019 23:19:31-POF][cwd] /home/CSCScience.ca/apetkau/workspace/comp7934-project
[11 Dec 2019 23:19:31-POF][version] mccortex=v0.0.3-610-g400c0e3 zlib=1.2.11 htslib=1.8-17-g699ed53 ASSERTS=ON hash=Lookup3 CHECKS=ON k=3..31
[11 Dec 2019 23:19:31-POF] Saving graph to: microbial/bigsi/11/mccortex.SRR10512965.ctx
[11 Dec 2019 23:19:31-POF][sample] 0: SRR10512965
[11 Dec 2019 23:19:31-POF][task] microbial/kmer-counts-jellyfish/11/SRR10512965.kmer.gz; FASTQ offset: auto-detect, threshold: off; cut homopolymers: off; remove PCR duplicates: no; colour: 0
[11 Dec 2019 23:19:31-POF][memory] 104 bits per kmer
[11 Dec 2019 23:19:31-POF] Note: Using less memory than requested (26.9MB < 3GB); allows for 2,162,688 kmers
[11 Dec 2019 23:19:31-POF][memory] graph: 26.9MB
[11 Dec 2019 23:19:31-POF][memory] total: 26.9MB of 62.6GB RAM
[11 Dec 2019 23:19:31-POF] Writing 1 colour graph to microbial/bigsi/11/mccortex.SRR10512965.ctx
[11 Dec 2019 23:19:31-POF][hasht] Allocating table with 2,162,688 entries, using 16.6MB
[11 Dec 2019 23:19:31-POF][hasht]  number of buckets: 65,536, bucket size: 33
[11 Dec 2019 23:19:31-POF][graph] kmer-size: 11; colours: 1; capacity: 2,162,688
[11 Dec 2019 23:19:31-POF][hasht] buckets: 65,536 [2^16]; bucket size: 33; 
[11 Dec 2019 23:19:31-POF][hasht] memory: 16.6MB; filled: 0 / 2,162,688 (0.00%)
[11 Dec 2019 23:19:31-POF][asyncio] Inputs: 1; Threads: 1
[11 Dec 2019 23:19:31-POF][seq] Parsing sequence file microbial/kmer-counts-jellyfish/11/SRR10512965.kmer.gz
[11 Dec 2019 23:19:34-POF][seq] Loaded 1,621,455 reads and 0 reads pairs (file: microbial/kmer-counts-jellyfish/11/SRR10512965.kmer.gz)
[11 Dec 2019 23:19:34-POF][hasht] buckets: 65,536 [2^16]; bucket size: 33; 
[11 Dec 2019 23:19:34-POF][hasht] memory: 16.6MB; filled: 1,621,455 / 2,162,688 (74.97%)
[11 Dec 2019 23:19:34-POF][hasht]  collisions  0: 1612568
[11 Dec 2019 23:19:34-POF][hasht]  collisions  1: 8553
[11 Dec 2019 23:19:34-POF][hasht]  collisions  2: 312
[11 Dec 2019 23:19:34-POF][hasht]  collisions  3: 20
[11 Dec 2019 23:19:34-POF][hasht]  collisions  4: 2
[11 Dec 2019 23:19:34-POF][task] input: microbial/kmer-counts-jellyfish/11/SRR10512965.kmer.gz colour: 0
[11 Dec 2019 23:19:34-POF]  SE reads: 1,621,455  PE reads: 0
[11 Dec 2019 23:19:34-POF]  good reads: 1,621,455  bad reads: 0
[11 Dec 2019 23:19:34-POF]  dup SE reads: 0  dup PE pairs: 0
[11 Dec 2019 23:19:34-POF]  bases read: 17,836,005  bases loaded: 17,836,005
[11 Dec 2019 23:19:34-POF]  num contigs: 1,621,455  num kmers: 1,621,455 novel kmers: 1,621,455
[11 Dec 2019 23:19:34-POF] Dumping graph...
[11 Dec 2019 23:19:34-POF][graphwriter] Saving file to: microbial/bigsi/11/mccortex.SRR10512965.ctx
[11 Dec 2019 23:19:34-POF][FileFilter] Writing graph  [1 src colour]
[11 Dec 2019 23:19:34-POF][graphwriter] Dumped 1,621,455 kmers in 1 colour into: microbial/bigsi/11/mccortex.SRR10512965.ctx (ver: 6)
[11 Dec 2019 23:19:34-POF][memory] We made 19 allocs
[11 Dec 2019 23:19:34-POF] Done.
[11 Dec 2019 23:19:34-POF][time] 3.00 seconds
	Command being timed: "mccortex 11 build --nkmers 2100000 --threads 1 --kmer 11 --mem 3G --sample SRR10512965 --seq microbial/kmer-counts-jellyfish/11/SRR10512965.kmer.gz microbial/bigsi/11/mccortex.SRR10512965.ctx"
	User time (seconds): 3.77
	System time (seconds): 0.88
	Percent of CPU this job got: 143%
	Elapsed (wall clock) time (h:mm:ss or m:ss): 0:03.24
	Average shared text size (kbytes): 0
	Average unshared data size (kbytes): 0
	Average stack size (kbytes): 0
	Average total size (kbytes): 0
	Maximum resident set size (kbytes): 34628
	Average resident set size (kbytes): 0
	Major (requiring I/O) page faults: 0
	Minor (reclaiming a frame) page faults: 18749
	Voluntary context switches: 43541
	Involuntary context switches: 21573
	Swaps: 0
	File system inputs: 11976
	File system outputs: 41184
	Socket messages sent: 0
	Socket messages received: 0
	Signals delivered: 0
	Page size (bytes): 4096
	Exit status: 0
