[11 Dec 2019 23:19:31-mov][cmd] /home/CSCScience.ca/apetkau/miniconda3/envs/bigsi_mccortex/bin/mccortex31 build --nkmers 2100000 --threads 1 --kmer 11 --mem 3G --sample ERR3656013 --seq microbial/kmer-counts-jellyfish/11/ERR3656013.kmer.gz microbial/bigsi/11/mccortex.ERR3656013.ctx
[11 Dec 2019 23:19:31-mov][cwd] /home/CSCScience.ca/apetkau/workspace/comp7934-project
[11 Dec 2019 23:19:31-mov][version] mccortex=v0.0.3-610-g400c0e3 zlib=1.2.11 htslib=1.8-17-g699ed53 ASSERTS=ON hash=Lookup3 CHECKS=ON k=3..31
[11 Dec 2019 23:19:31-mov] Saving graph to: microbial/bigsi/11/mccortex.ERR3656013.ctx
[11 Dec 2019 23:19:31-mov][sample] 0: ERR3656013
[11 Dec 2019 23:19:31-mov][task] microbial/kmer-counts-jellyfish/11/ERR3656013.kmer.gz; FASTQ offset: auto-detect, threshold: off; cut homopolymers: off; remove PCR duplicates: no; colour: 0
[11 Dec 2019 23:19:31-mov][memory] 104 bits per kmer
[11 Dec 2019 23:19:31-mov] Note: Using less memory than requested (26.9MB < 3GB); allows for 2,162,688 kmers
[11 Dec 2019 23:19:31-mov][memory] graph: 26.9MB
[11 Dec 2019 23:19:31-mov][memory] total: 26.9MB of 62.6GB RAM
[11 Dec 2019 23:19:31-mov] Writing 1 colour graph to microbial/bigsi/11/mccortex.ERR3656013.ctx
[11 Dec 2019 23:19:31-mov][hasht] Allocating table with 2,162,688 entries, using 16.6MB
[11 Dec 2019 23:19:31-mov][hasht]  number of buckets: 65,536, bucket size: 33
[11 Dec 2019 23:19:31-mov][graph] kmer-size: 11; colours: 1; capacity: 2,162,688
[11 Dec 2019 23:19:31-mov][hasht] buckets: 65,536 [2^16]; bucket size: 33; 
[11 Dec 2019 23:19:31-mov][hasht] memory: 16.6MB; filled: 0 / 2,162,688 (0.00%)
[11 Dec 2019 23:19:31-mov][asyncio] Inputs: 1; Threads: 1
[11 Dec 2019 23:19:31-mov][seq] Parsing sequence file microbial/kmer-counts-jellyfish/11/ERR3656013.kmer.gz
[11 Dec 2019 23:19:32-mov][seq] Loaded 1,312,771 reads and 0 reads pairs (file: microbial/kmer-counts-jellyfish/11/ERR3656013.kmer.gz)
[11 Dec 2019 23:19:32-mov][hasht] buckets: 65,536 [2^16]; bucket size: 33; 
[11 Dec 2019 23:19:32-mov][hasht] memory: 16.6MB; filled: 1,312,771 / 2,162,688 (60.70%)
[11 Dec 2019 23:19:32-mov][hasht]  collisions  0: 1312382
[11 Dec 2019 23:19:32-mov][hasht]  collisions  1: 389
[11 Dec 2019 23:19:32-mov][task] input: microbial/kmer-counts-jellyfish/11/ERR3656013.kmer.gz colour: 0
[11 Dec 2019 23:19:32-mov]  SE reads: 1,312,771  PE reads: 0
[11 Dec 2019 23:19:32-mov]  good reads: 1,312,771  bad reads: 0
[11 Dec 2019 23:19:32-mov]  dup SE reads: 0  dup PE pairs: 0
[11 Dec 2019 23:19:32-mov]  bases read: 14,440,481  bases loaded: 14,440,481
[11 Dec 2019 23:19:32-mov]  num contigs: 1,312,771  num kmers: 1,312,771 novel kmers: 1,312,771
[11 Dec 2019 23:19:32-mov] Dumping graph...
[11 Dec 2019 23:19:32-mov][graphwriter] Saving file to: microbial/bigsi/11/mccortex.ERR3656013.ctx
[11 Dec 2019 23:19:32-mov][FileFilter] Writing graph  [1 src colour]
[11 Dec 2019 23:19:33-mov][graphwriter] Dumped 1,312,771 kmers in 1 colour into: microbial/bigsi/11/mccortex.ERR3656013.ctx (ver: 6)
[11 Dec 2019 23:19:33-mov][memory] We made 19 allocs
[11 Dec 2019 23:19:33-mov] Done.
[11 Dec 2019 23:19:33-mov][time] 2.00 seconds
	Command being timed: "mccortex 11 build --nkmers 2100000 --threads 1 --kmer 11 --mem 3G --sample ERR3656013 --seq microbial/kmer-counts-jellyfish/11/ERR3656013.kmer.gz microbial/bigsi/11/mccortex.ERR3656013.ctx"
	User time (seconds): 2.71
	System time (seconds): 0.61
	Percent of CPU this job got: 180%
	Elapsed (wall clock) time (h:mm:ss or m:ss): 0:01.84
	Average shared text size (kbytes): 0
	Average unshared data size (kbytes): 0
	Average stack size (kbytes): 0
	Average total size (kbytes): 0
	Maximum resident set size (kbytes): 34444
	Average resident set size (kbytes): 0
	Major (requiring I/O) page faults: 0
	Minor (reclaiming a frame) page faults: 18745
	Voluntary context switches: 23878
	Involuntary context switches: 34
	Swaps: 0
	File system inputs: 9744
	File system outputs: 33344
	Socket messages sent: 0
	Socket messages received: 0
	Signals delivered: 0
	Page size (bytes): 4096
	Exit status: 0
