[11 Dec 2019 23:19:31-FIT][cmd] /home/CSCScience.ca/apetkau/miniconda3/envs/bigsi_mccortex/bin/mccortex31 build --nkmers 2100000 --threads 1 --kmer 11 --mem 3G --sample ERR1144974 --seq microbial/kmer-counts-jellyfish/11/ERR1144974.kmer.gz microbial/bigsi/11/mccortex.ERR1144974.ctx
[11 Dec 2019 23:19:31-FIT][cwd] /home/CSCScience.ca/apetkau/workspace/comp7934-project
[11 Dec 2019 23:19:31-FIT][version] mccortex=v0.0.3-610-g400c0e3 zlib=1.2.11 htslib=1.8-17-g699ed53 ASSERTS=ON hash=Lookup3 CHECKS=ON k=3..31
[11 Dec 2019 23:19:31-FIT] Saving graph to: microbial/bigsi/11/mccortex.ERR1144974.ctx
[11 Dec 2019 23:19:31-FIT][sample] 0: ERR1144974
[11 Dec 2019 23:19:31-FIT][task] microbial/kmer-counts-jellyfish/11/ERR1144974.kmer.gz; FASTQ offset: auto-detect, threshold: off; cut homopolymers: off; remove PCR duplicates: no; colour: 0
[11 Dec 2019 23:19:31-FIT][memory] 104 bits per kmer
[11 Dec 2019 23:19:31-FIT] Note: Using less memory than requested (26.9MB < 3GB); allows for 2,162,688 kmers
[11 Dec 2019 23:19:31-FIT][memory] graph: 26.9MB
[11 Dec 2019 23:19:31-FIT][memory] total: 26.9MB of 62.6GB RAM
[11 Dec 2019 23:19:31-FIT] Writing 1 colour graph to microbial/bigsi/11/mccortex.ERR1144974.ctx
[11 Dec 2019 23:19:31-FIT][hasht] Allocating table with 2,162,688 entries, using 16.6MB
[11 Dec 2019 23:19:31-FIT][hasht]  number of buckets: 65,536, bucket size: 33
[11 Dec 2019 23:19:31-FIT][graph] kmer-size: 11; colours: 1; capacity: 2,162,688
[11 Dec 2019 23:19:31-FIT][hasht] buckets: 65,536 [2^16]; bucket size: 33; 
[11 Dec 2019 23:19:31-FIT][hasht] memory: 16.6MB; filled: 0 / 2,162,688 (0.00%)
[11 Dec 2019 23:19:31-FIT][asyncio] Inputs: 1; Threads: 1
[11 Dec 2019 23:19:31-FIT][seq] Parsing sequence file microbial/kmer-counts-jellyfish/11/ERR1144974.kmer.gz
[11 Dec 2019 23:19:32-FIT][seq] Loaded 1,087,505 reads and 0 reads pairs (file: microbial/kmer-counts-jellyfish/11/ERR1144974.kmer.gz)
[11 Dec 2019 23:19:32-FIT][hasht] buckets: 65,536 [2^16]; bucket size: 33; 
[11 Dec 2019 23:19:32-FIT][hasht] memory: 16.6MB; filled: 1,087,505 / 2,162,688 (50.28%)
[11 Dec 2019 23:19:32-FIT][hasht]  collisions  0: 1087479
[11 Dec 2019 23:19:32-FIT][hasht]  collisions  1: 26
[11 Dec 2019 23:19:32-FIT][task] input: microbial/kmer-counts-jellyfish/11/ERR1144974.kmer.gz colour: 0
[11 Dec 2019 23:19:32-FIT]  SE reads: 1,087,505  PE reads: 0
[11 Dec 2019 23:19:32-FIT]  good reads: 1,087,505  bad reads: 0
[11 Dec 2019 23:19:32-FIT]  dup SE reads: 0  dup PE pairs: 0
[11 Dec 2019 23:19:32-FIT]  bases read: 11,962,555  bases loaded: 11,962,555
[11 Dec 2019 23:19:32-FIT]  num contigs: 1,087,505  num kmers: 1,087,505 novel kmers: 1,087,505
[11 Dec 2019 23:19:32-FIT] Dumping graph...
[11 Dec 2019 23:19:32-FIT][graphwriter] Saving file to: microbial/bigsi/11/mccortex.ERR1144974.ctx
[11 Dec 2019 23:19:32-FIT][FileFilter] Writing graph  [1 src colour]
[11 Dec 2019 23:19:33-FIT][graphwriter] Dumped 1,087,505 kmers in 1 colour into: microbial/bigsi/11/mccortex.ERR1144974.ctx (ver: 6)
[11 Dec 2019 23:19:33-FIT][memory] We made 19 allocs
[11 Dec 2019 23:19:33-FIT] Done.
[11 Dec 2019 23:19:33-FIT][time] 2.00 seconds
	Command being timed: "mccortex 11 build --nkmers 2100000 --threads 1 --kmer 11 --mem 3G --sample ERR1144974 --seq microbial/kmer-counts-jellyfish/11/ERR1144974.kmer.gz microbial/bigsi/11/mccortex.ERR1144974.ctx"
	User time (seconds): 2.57
	System time (seconds): 0.69
	Percent of CPU this job got: 173%
	Elapsed (wall clock) time (h:mm:ss or m:ss): 0:01.88
	Average shared text size (kbytes): 0
	Average unshared data size (kbytes): 0
	Average stack size (kbytes): 0
	Average total size (kbytes): 0
	Maximum resident set size (kbytes): 34480
	Average resident set size (kbytes): 0
	Major (requiring I/O) page faults: 0
	Minor (reclaiming a frame) page faults: 18747
	Voluntary context switches: 54083
	Involuntary context switches: 49
	Swaps: 0
	File system inputs: 8072
	File system outputs: 27624
	Socket messages sent: 0
	Socket messages received: 0
	Signals delivered: 0
	Page size (bytes): 4096
	Exit status: 0
