[11 Dec 2019 23:19:55-SEt][cmd] /home/CSCScience.ca/apetkau/miniconda3/envs/bigsi_mccortex/bin/mccortex31 build --nkmers 2100000 --threads 1 --kmer 11 --mem 3G --sample SRR10519619 --seq microbial/kmer-counts-jellyfish/11/SRR10519619.kmer.gz microbial/bigsi/11/mccortex.SRR10519619.ctx
[11 Dec 2019 23:19:55-SEt][cwd] /home/CSCScience.ca/apetkau/workspace/comp7934-project
[11 Dec 2019 23:19:55-SEt][version] mccortex=v0.0.3-610-g400c0e3 zlib=1.2.11 htslib=1.8-17-g699ed53 ASSERTS=ON hash=Lookup3 CHECKS=ON k=3..31
[11 Dec 2019 23:19:55-SEt] Saving graph to: microbial/bigsi/11/mccortex.SRR10519619.ctx
[11 Dec 2019 23:19:55-SEt][sample] 0: SRR10519619
[11 Dec 2019 23:19:55-SEt][task] microbial/kmer-counts-jellyfish/11/SRR10519619.kmer.gz; FASTQ offset: auto-detect, threshold: off; cut homopolymers: off; remove PCR duplicates: no; colour: 0
[11 Dec 2019 23:19:55-SEt][memory] 104 bits per kmer
[11 Dec 2019 23:19:55-SEt] Note: Using less memory than requested (26.9MB < 3GB); allows for 2,162,688 kmers
[11 Dec 2019 23:19:55-SEt][memory] graph: 26.9MB
[11 Dec 2019 23:19:55-SEt][memory] total: 26.9MB of 62.6GB RAM
[11 Dec 2019 23:19:55-SEt] Writing 1 colour graph to microbial/bigsi/11/mccortex.SRR10519619.ctx
[11 Dec 2019 23:19:55-SEt][hasht] Allocating table with 2,162,688 entries, using 16.6MB
[11 Dec 2019 23:19:55-SEt][hasht]  number of buckets: 65,536, bucket size: 33
[11 Dec 2019 23:19:55-SEt][graph] kmer-size: 11; colours: 1; capacity: 2,162,688
[11 Dec 2019 23:19:55-SEt][hasht] buckets: 65,536 [2^16]; bucket size: 33; 
[11 Dec 2019 23:19:55-SEt][hasht] memory: 16.6MB; filled: 0 / 2,162,688 (0.00%)
[11 Dec 2019 23:19:55-SEt][asyncio] Inputs: 1; Threads: 1
[11 Dec 2019 23:19:55-SEt][seq] Parsing sequence file microbial/kmer-counts-jellyfish/11/SRR10519619.kmer.gz
[11 Dec 2019 23:19:57-SEt][seq] Loaded 1,429,338 reads and 0 reads pairs (file: microbial/kmer-counts-jellyfish/11/SRR10519619.kmer.gz)
[11 Dec 2019 23:19:57-SEt][hasht] buckets: 65,536 [2^16]; bucket size: 33; 
[11 Dec 2019 23:19:57-SEt][hasht] memory: 16.6MB; filled: 1,429,338 / 2,162,688 (66.09%)
[11 Dec 2019 23:19:57-SEt][hasht]  collisions  0: 1427810
[11 Dec 2019 23:19:57-SEt][hasht]  collisions  1: 1517
[11 Dec 2019 23:19:57-SEt][hasht]  collisions  2: 11
[11 Dec 2019 23:19:57-SEt][task] input: microbial/kmer-counts-jellyfish/11/SRR10519619.kmer.gz colour: 0
[11 Dec 2019 23:19:57-SEt]  SE reads: 1,429,338  PE reads: 0
[11 Dec 2019 23:19:57-SEt]  good reads: 1,429,338  bad reads: 0
[11 Dec 2019 23:19:57-SEt]  dup SE reads: 0  dup PE pairs: 0
[11 Dec 2019 23:19:57-SEt]  bases read: 15,722,718  bases loaded: 15,722,718
[11 Dec 2019 23:19:57-SEt]  num contigs: 1,429,338  num kmers: 1,429,338 novel kmers: 1,429,338
[11 Dec 2019 23:19:57-SEt] Dumping graph...
[11 Dec 2019 23:19:57-SEt][graphwriter] Saving file to: microbial/bigsi/11/mccortex.SRR10519619.ctx
[11 Dec 2019 23:19:57-SEt][FileFilter] Writing graph  [1 src colour]
[11 Dec 2019 23:19:57-SEt][graphwriter] Dumped 1,429,338 kmers in 1 colour into: microbial/bigsi/11/mccortex.SRR10519619.ctx (ver: 6)
[11 Dec 2019 23:19:57-SEt][memory] We made 19 allocs
[11 Dec 2019 23:19:57-SEt] Done.
[11 Dec 2019 23:19:57-SEt][time] 2.00 seconds
	Command being timed: "mccortex 11 build --nkmers 2100000 --threads 1 --kmer 11 --mem 3G --sample SRR10519619 --seq microbial/kmer-counts-jellyfish/11/SRR10519619.kmer.gz microbial/bigsi/11/mccortex.SRR10519619.ctx"
	User time (seconds): 2.38
	System time (seconds): 0.42
	Percent of CPU this job got: 163%
	Elapsed (wall clock) time (h:mm:ss or m:ss): 0:01.71
	Average shared text size (kbytes): 0
	Average unshared data size (kbytes): 0
	Average stack size (kbytes): 0
	Average total size (kbytes): 0
	Maximum resident set size (kbytes): 34624
	Average resident set size (kbytes): 0
	Major (requiring I/O) page faults: 0
	Minor (reclaiming a frame) page faults: 18747
	Voluntary context switches: 13697
	Involuntary context switches: 13511
	Swaps: 0
	File system inputs: 10592
	File system outputs: 36304
	Socket messages sent: 0
	Socket messages received: 0
	Signals delivered: 0
	Page size (bytes): 4096
	Exit status: 0
