[11 Dec 2019 23:19:31-LAd][cmd] /home/CSCScience.ca/apetkau/miniconda3/envs/bigsi_mccortex/bin/mccortex31 build --nkmers 2100000 --threads 1 --kmer 11 --mem 3G --sample ERR1144978 --seq microbial/kmer-counts-jellyfish/11/ERR1144978.kmer.gz microbial/bigsi/11/mccortex.ERR1144978.ctx
[11 Dec 2019 23:19:31-LAd][cwd] /home/CSCScience.ca/apetkau/workspace/comp7934-project
[11 Dec 2019 23:19:31-LAd][version] mccortex=v0.0.3-610-g400c0e3 zlib=1.2.11 htslib=1.8-17-g699ed53 ASSERTS=ON hash=Lookup3 CHECKS=ON k=3..31
[11 Dec 2019 23:19:31-LAd] Saving graph to: microbial/bigsi/11/mccortex.ERR1144978.ctx
[11 Dec 2019 23:19:31-LAd][sample] 0: ERR1144978
[11 Dec 2019 23:19:31-LAd][task] microbial/kmer-counts-jellyfish/11/ERR1144978.kmer.gz; FASTQ offset: auto-detect, threshold: off; cut homopolymers: off; remove PCR duplicates: no; colour: 0
[11 Dec 2019 23:19:31-LAd][memory] 104 bits per kmer
[11 Dec 2019 23:19:31-LAd] Note: Using less memory than requested (26.9MB < 3GB); allows for 2,162,688 kmers
[11 Dec 2019 23:19:31-LAd][memory] graph: 26.9MB
[11 Dec 2019 23:19:31-LAd][memory] total: 26.9MB of 62.6GB RAM
[11 Dec 2019 23:19:31-LAd] Writing 1 colour graph to microbial/bigsi/11/mccortex.ERR1144978.ctx
[11 Dec 2019 23:19:31-LAd][hasht] Allocating table with 2,162,688 entries, using 16.6MB
[11 Dec 2019 23:19:31-LAd][hasht]  number of buckets: 65,536, bucket size: 33
[11 Dec 2019 23:19:31-LAd][graph] kmer-size: 11; colours: 1; capacity: 2,162,688
[11 Dec 2019 23:19:31-LAd][hasht] buckets: 65,536 [2^16]; bucket size: 33; 
[11 Dec 2019 23:19:31-LAd][hasht] memory: 16.6MB; filled: 0 / 2,162,688 (0.00%)
[11 Dec 2019 23:19:31-LAd][asyncio] Inputs: 1; Threads: 1
[11 Dec 2019 23:19:31-LAd][seq] Parsing sequence file microbial/kmer-counts-jellyfish/11/ERR1144978.kmer.gz
[11 Dec 2019 23:19:32-LAd][seq] Loaded 1,090,906 reads and 0 reads pairs (file: microbial/kmer-counts-jellyfish/11/ERR1144978.kmer.gz)
[11 Dec 2019 23:19:32-LAd][hasht] buckets: 65,536 [2^16]; bucket size: 33; 
[11 Dec 2019 23:19:32-LAd][hasht] memory: 16.6MB; filled: 1,090,906 / 2,162,688 (50.44%)
[11 Dec 2019 23:19:32-LAd][hasht]  collisions  0: 1090893
[11 Dec 2019 23:19:32-LAd][hasht]  collisions  1: 13
[11 Dec 2019 23:19:32-LAd][task] input: microbial/kmer-counts-jellyfish/11/ERR1144978.kmer.gz colour: 0
[11 Dec 2019 23:19:32-LAd]  SE reads: 1,090,906  PE reads: 0
[11 Dec 2019 23:19:32-LAd]  good reads: 1,090,906  bad reads: 0
[11 Dec 2019 23:19:32-LAd]  dup SE reads: 0  dup PE pairs: 0
[11 Dec 2019 23:19:32-LAd]  bases read: 11,999,966  bases loaded: 11,999,966
[11 Dec 2019 23:19:32-LAd]  num contigs: 1,090,906  num kmers: 1,090,906 novel kmers: 1,090,906
[11 Dec 2019 23:19:32-LAd] Dumping graph...
[11 Dec 2019 23:19:32-LAd][graphwriter] Saving file to: microbial/bigsi/11/mccortex.ERR1144978.ctx
[11 Dec 2019 23:19:32-LAd][FileFilter] Writing graph  [1 src colour]
[11 Dec 2019 23:19:33-LAd][graphwriter] Dumped 1,090,906 kmers in 1 colour into: microbial/bigsi/11/mccortex.ERR1144978.ctx (ver: 6)
[11 Dec 2019 23:19:33-LAd][memory] We made 19 allocs
[11 Dec 2019 23:19:33-LAd] Done.
[11 Dec 2019 23:19:33-LAd][time] 2.00 seconds
	Command being timed: "mccortex 11 build --nkmers 2100000 --threads 1 --kmer 11 --mem 3G --sample ERR1144978 --seq microbial/kmer-counts-jellyfish/11/ERR1144978.kmer.gz microbial/bigsi/11/mccortex.ERR1144978.ctx"
	User time (seconds): 2.63
	System time (seconds): 0.63
	Percent of CPU this job got: 175%
	Elapsed (wall clock) time (h:mm:ss or m:ss): 0:01.86
	Average shared text size (kbytes): 0
	Average unshared data size (kbytes): 0
	Average stack size (kbytes): 0
	Average total size (kbytes): 0
	Maximum resident set size (kbytes): 34588
	Average resident set size (kbytes): 0
	Major (requiring I/O) page faults: 0
	Minor (reclaiming a frame) page faults: 18743
	Voluntary context switches: 43945
	Involuntary context switches: 15
	Swaps: 0
	File system inputs: 8096
	File system outputs: 27712
	Socket messages sent: 0
	Socket messages received: 0
	Signals delivered: 0
	Page size (bytes): 4096
	Exit status: 0
