[11 Dec 2019 23:19:55-GEY][cmd] /home/CSCScience.ca/apetkau/miniconda3/envs/bigsi_mccortex/bin/mccortex31 build --nkmers 2100000 --threads 1 --kmer 11 --mem 3G --sample SRR10519617 --seq microbial/kmer-counts-jellyfish/11/SRR10519617.kmer.gz microbial/bigsi/11/mccortex.SRR10519617.ctx
[11 Dec 2019 23:19:55-GEY][cwd] /home/CSCScience.ca/apetkau/workspace/comp7934-project
[11 Dec 2019 23:19:55-GEY][version] mccortex=v0.0.3-610-g400c0e3 zlib=1.2.11 htslib=1.8-17-g699ed53 ASSERTS=ON hash=Lookup3 CHECKS=ON k=3..31
[11 Dec 2019 23:19:55-GEY] Saving graph to: microbial/bigsi/11/mccortex.SRR10519617.ctx
[11 Dec 2019 23:19:55-GEY][sample] 0: SRR10519617
[11 Dec 2019 23:19:55-GEY][task] microbial/kmer-counts-jellyfish/11/SRR10519617.kmer.gz; FASTQ offset: auto-detect, threshold: off; cut homopolymers: off; remove PCR duplicates: no; colour: 0
[11 Dec 2019 23:19:55-GEY][memory] 104 bits per kmer
[11 Dec 2019 23:19:55-GEY] Note: Using less memory than requested (26.9MB < 3GB); allows for 2,162,688 kmers
[11 Dec 2019 23:19:55-GEY][memory] graph: 26.9MB
[11 Dec 2019 23:19:55-GEY][memory] total: 26.9MB of 62.6GB RAM
[11 Dec 2019 23:19:55-GEY] Writing 1 colour graph to microbial/bigsi/11/mccortex.SRR10519617.ctx
[11 Dec 2019 23:19:55-GEY][hasht] Allocating table with 2,162,688 entries, using 16.6MB
[11 Dec 2019 23:19:55-GEY][hasht]  number of buckets: 65,536, bucket size: 33
[11 Dec 2019 23:19:55-GEY][graph] kmer-size: 11; colours: 1; capacity: 2,162,688
[11 Dec 2019 23:19:55-GEY][hasht] buckets: 65,536 [2^16]; bucket size: 33; 
[11 Dec 2019 23:19:55-GEY][hasht] memory: 16.6MB; filled: 0 / 2,162,688 (0.00%)
[11 Dec 2019 23:19:55-GEY][asyncio] Inputs: 1; Threads: 1
[11 Dec 2019 23:19:55-GEY][seq] Parsing sequence file microbial/kmer-counts-jellyfish/11/SRR10519617.kmer.gz
[11 Dec 2019 23:19:57-GEY][seq] Loaded 1,355,747 reads and 0 reads pairs (file: microbial/kmer-counts-jellyfish/11/SRR10519617.kmer.gz)
[11 Dec 2019 23:19:57-GEY][hasht] buckets: 65,536 [2^16]; bucket size: 33; 
[11 Dec 2019 23:19:57-GEY][hasht] memory: 16.6MB; filled: 1,355,747 / 2,162,688 (62.69%)
[11 Dec 2019 23:19:57-GEY][hasht]  collisions  0: 1355115
[11 Dec 2019 23:19:57-GEY][hasht]  collisions  1: 631
[11 Dec 2019 23:19:57-GEY][hasht]  collisions  2: 1
[11 Dec 2019 23:19:57-GEY][task] input: microbial/kmer-counts-jellyfish/11/SRR10519617.kmer.gz colour: 0
[11 Dec 2019 23:19:57-GEY]  SE reads: 1,355,747  PE reads: 0
[11 Dec 2019 23:19:57-GEY]  good reads: 1,355,747  bad reads: 0
[11 Dec 2019 23:19:57-GEY]  dup SE reads: 0  dup PE pairs: 0
[11 Dec 2019 23:19:57-GEY]  bases read: 14,913,217  bases loaded: 14,913,217
[11 Dec 2019 23:19:57-GEY]  num contigs: 1,355,747  num kmers: 1,355,747 novel kmers: 1,355,747
[11 Dec 2019 23:19:57-GEY] Dumping graph...
[11 Dec 2019 23:19:57-GEY][graphwriter] Saving file to: microbial/bigsi/11/mccortex.SRR10519617.ctx
[11 Dec 2019 23:19:57-GEY][FileFilter] Writing graph  [1 src colour]
[11 Dec 2019 23:19:57-GEY][graphwriter] Dumped 1,355,747 kmers in 1 colour into: microbial/bigsi/11/mccortex.SRR10519617.ctx (ver: 6)
[11 Dec 2019 23:19:57-GEY][memory] We made 19 allocs
[11 Dec 2019 23:19:57-GEY] Done.
[11 Dec 2019 23:19:57-GEY][time] 2.00 seconds
	Command being timed: "mccortex 11 build --nkmers 2100000 --threads 1 --kmer 11 --mem 3G --sample SRR10519617 --seq microbial/kmer-counts-jellyfish/11/SRR10519617.kmer.gz microbial/bigsi/11/mccortex.SRR10519617.ctx"
	User time (seconds): 3.66
	System time (seconds): 0.36
	Percent of CPU this job got: 170%
	Elapsed (wall clock) time (h:mm:ss or m:ss): 0:02.35
	Average shared text size (kbytes): 0
	Average unshared data size (kbytes): 0
	Average stack size (kbytes): 0
	Average total size (kbytes): 0
	Maximum resident set size (kbytes): 34688
	Average resident set size (kbytes): 0
	Major (requiring I/O) page faults: 0
	Minor (reclaiming a frame) page faults: 18749
	Voluntary context switches: 12043
	Involuntary context switches: 5709
	Swaps: 0
	File system inputs: 10056
	File system outputs: 34432
	Socket messages sent: 0
	Socket messages received: 0
	Signals delivered: 0
	Page size (bytes): 4096
	Exit status: 0
