[11 Dec 2019 23:19:31-miV][cmd] /home/CSCScience.ca/apetkau/miniconda3/envs/bigsi_mccortex/bin/mccortex31 build --nkmers 2100000 --threads 1 --kmer 11 --mem 3G --sample ERR3655996 --seq microbial/kmer-counts-jellyfish/11/ERR3655996.kmer.gz microbial/bigsi/11/mccortex.ERR3655996.ctx
[11 Dec 2019 23:19:31-miV][cwd] /home/CSCScience.ca/apetkau/workspace/comp7934-project
[11 Dec 2019 23:19:31-miV][version] mccortex=v0.0.3-610-g400c0e3 zlib=1.2.11 htslib=1.8-17-g699ed53 ASSERTS=ON hash=Lookup3 CHECKS=ON k=3..31
[11 Dec 2019 23:19:31-miV] Saving graph to: microbial/bigsi/11/mccortex.ERR3655996.ctx
[11 Dec 2019 23:19:31-miV][sample] 0: ERR3655996
[11 Dec 2019 23:19:31-miV][task] microbial/kmer-counts-jellyfish/11/ERR3655996.kmer.gz; FASTQ offset: auto-detect, threshold: off; cut homopolymers: off; remove PCR duplicates: no; colour: 0
[11 Dec 2019 23:19:31-miV][memory] 104 bits per kmer
[11 Dec 2019 23:19:31-miV] Note: Using less memory than requested (26.9MB < 3GB); allows for 2,162,688 kmers
[11 Dec 2019 23:19:31-miV][memory] graph: 26.9MB
[11 Dec 2019 23:19:31-miV][memory] total: 26.9MB of 62.6GB RAM
[11 Dec 2019 23:19:31-miV] Writing 1 colour graph to microbial/bigsi/11/mccortex.ERR3655996.ctx
[11 Dec 2019 23:19:31-miV][hasht] Allocating table with 2,162,688 entries, using 16.6MB
[11 Dec 2019 23:19:31-miV][hasht]  number of buckets: 65,536, bucket size: 33
[11 Dec 2019 23:19:31-miV][graph] kmer-size: 11; colours: 1; capacity: 2,162,688
[11 Dec 2019 23:19:31-miV][hasht] buckets: 65,536 [2^16]; bucket size: 33; 
[11 Dec 2019 23:19:31-miV][hasht] memory: 16.6MB; filled: 0 / 2,162,688 (0.00%)
[11 Dec 2019 23:19:31-miV][asyncio] Inputs: 1; Threads: 1
[11 Dec 2019 23:19:31-miV][seq] Parsing sequence file microbial/kmer-counts-jellyfish/11/ERR3655996.kmer.gz
[11 Dec 2019 23:19:32-miV][seq] Loaded 1,164,958 reads and 0 reads pairs (file: microbial/kmer-counts-jellyfish/11/ERR3655996.kmer.gz)
[11 Dec 2019 23:19:32-miV][hasht] buckets: 65,536 [2^16]; bucket size: 33; 
[11 Dec 2019 23:19:32-miV][hasht] memory: 16.6MB; filled: 1,164,958 / 2,162,688 (53.87%)
[11 Dec 2019 23:19:32-miV][hasht]  collisions  0: 1164904
[11 Dec 2019 23:19:32-miV][hasht]  collisions  1: 54
[11 Dec 2019 23:19:32-miV][task] input: microbial/kmer-counts-jellyfish/11/ERR3655996.kmer.gz colour: 0
[11 Dec 2019 23:19:32-miV]  SE reads: 1,164,958  PE reads: 0
[11 Dec 2019 23:19:32-miV]  good reads: 1,164,958  bad reads: 0
[11 Dec 2019 23:19:32-miV]  dup SE reads: 0  dup PE pairs: 0
[11 Dec 2019 23:19:32-miV]  bases read: 12,814,538  bases loaded: 12,814,538
[11 Dec 2019 23:19:32-miV]  num contigs: 1,164,958  num kmers: 1,164,958 novel kmers: 1,164,958
[11 Dec 2019 23:19:32-miV] Dumping graph...
[11 Dec 2019 23:19:32-miV][graphwriter] Saving file to: microbial/bigsi/11/mccortex.ERR3655996.ctx
[11 Dec 2019 23:19:32-miV][FileFilter] Writing graph  [1 src colour]
[11 Dec 2019 23:19:33-miV][graphwriter] Dumped 1,164,958 kmers in 1 colour into: microbial/bigsi/11/mccortex.ERR3655996.ctx (ver: 6)
[11 Dec 2019 23:19:33-miV][memory] We made 19 allocs
[11 Dec 2019 23:19:33-miV] Done.
[11 Dec 2019 23:19:33-miV][time] 2.00 seconds
	Command being timed: "mccortex 11 build --nkmers 2100000 --threads 1 --kmer 11 --mem 3G --sample ERR3655996 --seq microbial/kmer-counts-jellyfish/11/ERR3655996.kmer.gz microbial/bigsi/11/mccortex.ERR3655996.ctx"
	User time (seconds): 2.78
	System time (seconds): 0.63
	Percent of CPU this job got: 172%
	Elapsed (wall clock) time (h:mm:ss or m:ss): 0:01.98
	Average shared text size (kbytes): 0
	Average unshared data size (kbytes): 0
	Average stack size (kbytes): 0
	Average total size (kbytes): 0
	Maximum resident set size (kbytes): 34444
	Average resident set size (kbytes): 0
	Major (requiring I/O) page faults: 0
	Minor (reclaiming a frame) page faults: 18748
	Voluntary context switches: 35481
	Involuntary context switches: 22
	Swaps: 0
	File system inputs: 8640
	File system outputs: 29592
	Socket messages sent: 0
	Socket messages received: 0
	Signals delivered: 0
	Page size (bytes): 4096
	Exit status: 0
