[11 Dec 2019 23:19:52-Zim][cmd] /home/CSCScience.ca/apetkau/miniconda3/envs/bigsi_mccortex/bin/mccortex31 build --nkmers 2100000 --threads 1 --kmer 11 --mem 3G --sample SRR10513672 --seq microbial/kmer-counts-jellyfish/11/SRR10513672.kmer.gz microbial/bigsi/11/mccortex.SRR10513672.ctx
[11 Dec 2019 23:19:52-Zim][cwd] /home/CSCScience.ca/apetkau/workspace/comp7934-project
[11 Dec 2019 23:19:52-Zim][version] mccortex=v0.0.3-610-g400c0e3 zlib=1.2.11 htslib=1.8-17-g699ed53 ASSERTS=ON hash=Lookup3 CHECKS=ON k=3..31
[11 Dec 2019 23:19:52-Zim] Saving graph to: microbial/bigsi/11/mccortex.SRR10513672.ctx
[11 Dec 2019 23:19:52-Zim][sample] 0: SRR10513672
[11 Dec 2019 23:19:52-Zim][task] microbial/kmer-counts-jellyfish/11/SRR10513672.kmer.gz; FASTQ offset: auto-detect, threshold: off; cut homopolymers: off; remove PCR duplicates: no; colour: 0
[11 Dec 2019 23:19:52-Zim][memory] 104 bits per kmer
[11 Dec 2019 23:19:52-Zim] Note: Using less memory than requested (26.9MB < 3GB); allows for 2,162,688 kmers
[11 Dec 2019 23:19:52-Zim][memory] graph: 26.9MB
[11 Dec 2019 23:19:52-Zim][memory] total: 26.9MB of 62.6GB RAM
[11 Dec 2019 23:19:52-Zim] Writing 1 colour graph to microbial/bigsi/11/mccortex.SRR10513672.ctx
[11 Dec 2019 23:19:52-Zim][hasht] Allocating table with 2,162,688 entries, using 16.6MB
[11 Dec 2019 23:19:52-Zim][hasht]  number of buckets: 65,536, bucket size: 33
[11 Dec 2019 23:19:52-Zim][graph] kmer-size: 11; colours: 1; capacity: 2,162,688
[11 Dec 2019 23:19:52-Zim][hasht] buckets: 65,536 [2^16]; bucket size: 33; 
[11 Dec 2019 23:19:52-Zim][hasht] memory: 16.6MB; filled: 0 / 2,162,688 (0.00%)
[11 Dec 2019 23:19:52-Zim][asyncio] Inputs: 1; Threads: 1
[11 Dec 2019 23:19:52-Zim][seq] Parsing sequence file microbial/kmer-counts-jellyfish/11/SRR10513672.kmer.gz
[11 Dec 2019 23:19:54-Zim][seq] Loaded 1,163,717 reads and 0 reads pairs (file: microbial/kmer-counts-jellyfish/11/SRR10513672.kmer.gz)
[11 Dec 2019 23:19:54-Zim][hasht] buckets: 65,536 [2^16]; bucket size: 33; 
[11 Dec 2019 23:19:54-Zim][hasht] memory: 16.6MB; filled: 1,163,717 / 2,162,688 (53.81%)
[11 Dec 2019 23:19:54-Zim][hasht]  collisions  0: 1163646
[11 Dec 2019 23:19:54-Zim][hasht]  collisions  1: 71
[11 Dec 2019 23:19:54-Zim][task] input: microbial/kmer-counts-jellyfish/11/SRR10513672.kmer.gz colour: 0
[11 Dec 2019 23:19:54-Zim]  SE reads: 1,163,717  PE reads: 0
[11 Dec 2019 23:19:54-Zim]  good reads: 1,163,717  bad reads: 0
[11 Dec 2019 23:19:54-Zim]  dup SE reads: 0  dup PE pairs: 0
[11 Dec 2019 23:19:54-Zim]  bases read: 12,800,887  bases loaded: 12,800,887
[11 Dec 2019 23:19:54-Zim]  num contigs: 1,163,717  num kmers: 1,163,717 novel kmers: 1,163,717
[11 Dec 2019 23:19:54-Zim] Dumping graph...
[11 Dec 2019 23:19:54-Zim][graphwriter] Saving file to: microbial/bigsi/11/mccortex.SRR10513672.ctx
[11 Dec 2019 23:19:54-Zim][FileFilter] Writing graph  [1 src colour]
[11 Dec 2019 23:19:54-Zim][graphwriter] Dumped 1,163,717 kmers in 1 colour into: microbial/bigsi/11/mccortex.SRR10513672.ctx (ver: 6)
[11 Dec 2019 23:19:54-Zim][memory] We made 19 allocs
[11 Dec 2019 23:19:54-Zim] Done.
[11 Dec 2019 23:19:54-Zim][time] 2.00 seconds
	Command being timed: "mccortex 11 build --nkmers 2100000 --threads 1 --kmer 11 --mem 3G --sample SRR10513672 --seq microbial/kmer-counts-jellyfish/11/SRR10513672.kmer.gz microbial/bigsi/11/mccortex.SRR10513672.ctx"
	User time (seconds): 2.60
	System time (seconds): 0.23
	Percent of CPU this job got: 155%
	Elapsed (wall clock) time (h:mm:ss or m:ss): 0:01.82
	Average shared text size (kbytes): 0
	Average unshared data size (kbytes): 0
	Average stack size (kbytes): 0
	Average total size (kbytes): 0
	Maximum resident set size (kbytes): 34504
	Average resident set size (kbytes): 0
	Major (requiring I/O) page faults: 0
	Minor (reclaiming a frame) page faults: 18754
	Voluntary context switches: 9558
	Involuntary context switches: 6274
	Swaps: 0
	File system inputs: 8664
	File system outputs: 29560
	Socket messages sent: 0
	Socket messages received: 0
	Signals delivered: 0
	Page size (bytes): 4096
	Exit status: 0
