[11 Dec 2019 23:19:31-RUm][cmd] /home/CSCScience.ca/apetkau/miniconda3/envs/bigsi_mccortex/bin/mccortex31 build --nkmers 2100000 --threads 1 --kmer 11 --mem 3G --sample ERR3656015 --seq microbial/kmer-counts-jellyfish/11/ERR3656015.kmer.gz microbial/bigsi/11/mccortex.ERR3656015.ctx
[11 Dec 2019 23:19:31-RUm][cwd] /home/CSCScience.ca/apetkau/workspace/comp7934-project
[11 Dec 2019 23:19:31-RUm][version] mccortex=v0.0.3-610-g400c0e3 zlib=1.2.11 htslib=1.8-17-g699ed53 ASSERTS=ON hash=Lookup3 CHECKS=ON k=3..31
[11 Dec 2019 23:19:31-RUm] Saving graph to: microbial/bigsi/11/mccortex.ERR3656015.ctx
[11 Dec 2019 23:19:31-RUm][sample] 0: ERR3656015
[11 Dec 2019 23:19:31-RUm][task] microbial/kmer-counts-jellyfish/11/ERR3656015.kmer.gz; FASTQ offset: auto-detect, threshold: off; cut homopolymers: off; remove PCR duplicates: no; colour: 0
[11 Dec 2019 23:19:31-RUm][memory] 104 bits per kmer
[11 Dec 2019 23:19:31-RUm] Note: Using less memory than requested (26.9MB < 3GB); allows for 2,162,688 kmers
[11 Dec 2019 23:19:31-RUm][memory] graph: 26.9MB
[11 Dec 2019 23:19:31-RUm][memory] total: 26.9MB of 62.6GB RAM
[11 Dec 2019 23:19:31-RUm] Writing 1 colour graph to microbial/bigsi/11/mccortex.ERR3656015.ctx
[11 Dec 2019 23:19:31-RUm][hasht] Allocating table with 2,162,688 entries, using 16.6MB
[11 Dec 2019 23:19:31-RUm][hasht]  number of buckets: 65,536, bucket size: 33
[11 Dec 2019 23:19:31-RUm][graph] kmer-size: 11; colours: 1; capacity: 2,162,688
[11 Dec 2019 23:19:31-RUm][hasht] buckets: 65,536 [2^16]; bucket size: 33; 
[11 Dec 2019 23:19:31-RUm][hasht] memory: 16.6MB; filled: 0 / 2,162,688 (0.00%)
[11 Dec 2019 23:19:31-RUm][asyncio] Inputs: 1; Threads: 1
[11 Dec 2019 23:19:31-RUm][seq] Parsing sequence file microbial/kmer-counts-jellyfish/11/ERR3656015.kmer.gz
[11 Dec 2019 23:19:33-RUm][seq] Loaded 1,314,867 reads and 0 reads pairs (file: microbial/kmer-counts-jellyfish/11/ERR3656015.kmer.gz)
[11 Dec 2019 23:19:33-RUm][hasht] buckets: 65,536 [2^16]; bucket size: 33; 
[11 Dec 2019 23:19:33-RUm][hasht] memory: 16.6MB; filled: 1,314,867 / 2,162,688 (60.80%)
[11 Dec 2019 23:19:33-RUm][hasht]  collisions  0: 1314441
[11 Dec 2019 23:19:33-RUm][hasht]  collisions  1: 425
[11 Dec 2019 23:19:33-RUm][hasht]  collisions  2: 1
[11 Dec 2019 23:19:33-RUm][task] input: microbial/kmer-counts-jellyfish/11/ERR3656015.kmer.gz colour: 0
[11 Dec 2019 23:19:33-RUm]  SE reads: 1,314,867  PE reads: 0
[11 Dec 2019 23:19:33-RUm]  good reads: 1,314,867  bad reads: 0
[11 Dec 2019 23:19:33-RUm]  dup SE reads: 0  dup PE pairs: 0
[11 Dec 2019 23:19:33-RUm]  bases read: 14,463,537  bases loaded: 14,463,537
[11 Dec 2019 23:19:33-RUm]  num contigs: 1,314,867  num kmers: 1,314,867 novel kmers: 1,314,867
[11 Dec 2019 23:19:33-RUm] Dumping graph...
[11 Dec 2019 23:19:33-RUm][graphwriter] Saving file to: microbial/bigsi/11/mccortex.ERR3656015.ctx
[11 Dec 2019 23:19:33-RUm][FileFilter] Writing graph  [1 src colour]
[11 Dec 2019 23:19:34-RUm][graphwriter] Dumped 1,314,867 kmers in 1 colour into: microbial/bigsi/11/mccortex.ERR3656015.ctx (ver: 6)
[11 Dec 2019 23:19:34-RUm][memory] We made 19 allocs
[11 Dec 2019 23:19:34-RUm] Done.
[11 Dec 2019 23:19:34-RUm][time] 3.00 seconds
	Command being timed: "mccortex 11 build --nkmers 2100000 --threads 1 --kmer 11 --mem 3G --sample ERR3656015 --seq microbial/kmer-counts-jellyfish/11/ERR3656015.kmer.gz microbial/bigsi/11/mccortex.ERR3656015.ctx"
	User time (seconds): 3.87
	System time (seconds): 0.53
	Percent of CPU this job got: 145%
	Elapsed (wall clock) time (h:mm:ss or m:ss): 0:03.03
	Average shared text size (kbytes): 0
	Average unshared data size (kbytes): 0
	Average stack size (kbytes): 0
	Average total size (kbytes): 0
	Maximum resident set size (kbytes): 34588
	Average resident set size (kbytes): 0
	Major (requiring I/O) page faults: 0
	Minor (reclaiming a frame) page faults: 18752
	Voluntary context switches: 40981
	Involuntary context switches: 37130
	Swaps: 0
	File system inputs: 9760
	File system outputs: 33400
	Socket messages sent: 0
	Socket messages received: 0
	Signals delivered: 0
	Page size (bytes): 4096
	Exit status: 0
