[11 Dec 2019 23:19:31-teC][cmd] /home/CSCScience.ca/apetkau/miniconda3/envs/bigsi_mccortex/bin/mccortex31 build --nkmers 2100000 --threads 1 --kmer 11 --mem 3G --sample ERR3655998 --seq microbial/kmer-counts-jellyfish/11/ERR3655998.kmer.gz microbial/bigsi/11/mccortex.ERR3655998.ctx
[11 Dec 2019 23:19:31-teC][cwd] /home/CSCScience.ca/apetkau/workspace/comp7934-project
[11 Dec 2019 23:19:31-teC][version] mccortex=v0.0.3-610-g400c0e3 zlib=1.2.11 htslib=1.8-17-g699ed53 ASSERTS=ON hash=Lookup3 CHECKS=ON k=3..31
[11 Dec 2019 23:19:31-teC] Saving graph to: microbial/bigsi/11/mccortex.ERR3655998.ctx
[11 Dec 2019 23:19:31-teC][sample] 0: ERR3655998
[11 Dec 2019 23:19:31-teC][task] microbial/kmer-counts-jellyfish/11/ERR3655998.kmer.gz; FASTQ offset: auto-detect, threshold: off; cut homopolymers: off; remove PCR duplicates: no; colour: 0
[11 Dec 2019 23:19:31-teC][memory] 104 bits per kmer
[11 Dec 2019 23:19:31-teC] Note: Using less memory than requested (26.9MB < 3GB); allows for 2,162,688 kmers
[11 Dec 2019 23:19:31-teC][memory] graph: 26.9MB
[11 Dec 2019 23:19:31-teC][memory] total: 26.9MB of 62.6GB RAM
[11 Dec 2019 23:19:31-teC] Writing 1 colour graph to microbial/bigsi/11/mccortex.ERR3655998.ctx
[11 Dec 2019 23:19:31-teC][hasht] Allocating table with 2,162,688 entries, using 16.6MB
[11 Dec 2019 23:19:31-teC][hasht]  number of buckets: 65,536, bucket size: 33
[11 Dec 2019 23:19:31-teC][graph] kmer-size: 11; colours: 1; capacity: 2,162,688
[11 Dec 2019 23:19:31-teC][hasht] buckets: 65,536 [2^16]; bucket size: 33; 
[11 Dec 2019 23:19:31-teC][hasht] memory: 16.6MB; filled: 0 / 2,162,688 (0.00%)
[11 Dec 2019 23:19:31-teC][asyncio] Inputs: 1; Threads: 1
[11 Dec 2019 23:19:31-teC][seq] Parsing sequence file microbial/kmer-counts-jellyfish/11/ERR3655998.kmer.gz
[11 Dec 2019 23:19:32-teC][seq] Loaded 1,157,087 reads and 0 reads pairs (file: microbial/kmer-counts-jellyfish/11/ERR3655998.kmer.gz)
[11 Dec 2019 23:19:32-teC][hasht] buckets: 65,536 [2^16]; bucket size: 33; 
[11 Dec 2019 23:19:32-teC][hasht] memory: 16.6MB; filled: 1,157,087 / 2,162,688 (53.50%)
[11 Dec 2019 23:19:32-teC][hasht]  collisions  0: 1157041
[11 Dec 2019 23:19:32-teC][hasht]  collisions  1: 46
[11 Dec 2019 23:19:32-teC][task] input: microbial/kmer-counts-jellyfish/11/ERR3655998.kmer.gz colour: 0
[11 Dec 2019 23:19:32-teC]  SE reads: 1,157,087  PE reads: 0
[11 Dec 2019 23:19:32-teC]  good reads: 1,157,087  bad reads: 0
[11 Dec 2019 23:19:32-teC]  dup SE reads: 0  dup PE pairs: 0
[11 Dec 2019 23:19:32-teC]  bases read: 12,727,957  bases loaded: 12,727,957
[11 Dec 2019 23:19:32-teC]  num contigs: 1,157,087  num kmers: 1,157,087 novel kmers: 1,157,087
[11 Dec 2019 23:19:32-teC] Dumping graph...
[11 Dec 2019 23:19:32-teC][graphwriter] Saving file to: microbial/bigsi/11/mccortex.ERR3655998.ctx
[11 Dec 2019 23:19:32-teC][FileFilter] Writing graph  [1 src colour]
[11 Dec 2019 23:19:32-teC][graphwriter] Dumped 1,157,087 kmers in 1 colour into: microbial/bigsi/11/mccortex.ERR3655998.ctx (ver: 6)
[11 Dec 2019 23:19:32-teC][memory] We made 19 allocs
[11 Dec 2019 23:19:32-teC] Done.
[11 Dec 2019 23:19:32-teC][time] 1.00 seconds
	Command being timed: "mccortex 11 build --nkmers 2100000 --threads 1 --kmer 11 --mem 3G --sample ERR3655998 --seq microbial/kmer-counts-jellyfish/11/ERR3655998.kmer.gz microbial/bigsi/11/mccortex.ERR3655998.ctx"
	User time (seconds): 2.62
	System time (seconds): 0.57
	Percent of CPU this job got: 177%
	Elapsed (wall clock) time (h:mm:ss or m:ss): 0:01.80
	Average shared text size (kbytes): 0
	Average unshared data size (kbytes): 0
	Average stack size (kbytes): 0
	Average total size (kbytes): 0
	Maximum resident set size (kbytes): 34584
	Average resident set size (kbytes): 0
	Major (requiring I/O) page faults: 0
	Minor (reclaiming a frame) page faults: 18749
	Voluntary context switches: 27639
	Involuntary context switches: 14
	Swaps: 0
	File system inputs: 8584
	File system outputs: 29392
	Socket messages sent: 0
	Socket messages received: 0
	Signals delivered: 0
	Page size (bytes): 4096
	Exit status: 0
