[11 Dec 2019 23:19:51-tah][cmd] /home/CSCScience.ca/apetkau/miniconda3/envs/bigsi_mccortex/bin/mccortex31 build --nkmers 2100000 --threads 1 --kmer 11 --mem 3G --sample SRR10512968 --seq microbial/kmer-counts-jellyfish/11/SRR10512968.kmer.gz microbial/bigsi/11/mccortex.SRR10512968.ctx
[11 Dec 2019 23:19:51-tah][cwd] /home/CSCScience.ca/apetkau/workspace/comp7934-project
[11 Dec 2019 23:19:51-tah][version] mccortex=v0.0.3-610-g400c0e3 zlib=1.2.11 htslib=1.8-17-g699ed53 ASSERTS=ON hash=Lookup3 CHECKS=ON k=3..31
[11 Dec 2019 23:19:51-tah] Saving graph to: microbial/bigsi/11/mccortex.SRR10512968.ctx
[11 Dec 2019 23:19:51-tah][sample] 0: SRR10512968
[11 Dec 2019 23:19:51-tah][task] microbial/kmer-counts-jellyfish/11/SRR10512968.kmer.gz; FASTQ offset: auto-detect, threshold: off; cut homopolymers: off; remove PCR duplicates: no; colour: 0
[11 Dec 2019 23:19:51-tah][memory] 104 bits per kmer
[11 Dec 2019 23:19:51-tah] Note: Using less memory than requested (26.9MB < 3GB); allows for 2,162,688 kmers
[11 Dec 2019 23:19:51-tah][memory] graph: 26.9MB
[11 Dec 2019 23:19:51-tah][memory] total: 26.9MB of 62.6GB RAM
[11 Dec 2019 23:19:51-tah] Writing 1 colour graph to microbial/bigsi/11/mccortex.SRR10512968.ctx
[11 Dec 2019 23:19:51-tah][hasht] Allocating table with 2,162,688 entries, using 16.6MB
[11 Dec 2019 23:19:51-tah][hasht]  number of buckets: 65,536, bucket size: 33
[11 Dec 2019 23:19:51-tah][graph] kmer-size: 11; colours: 1; capacity: 2,162,688
[11 Dec 2019 23:19:51-tah][hasht] buckets: 65,536 [2^16]; bucket size: 33; 
[11 Dec 2019 23:19:51-tah][hasht] memory: 16.6MB; filled: 0 / 2,162,688 (0.00%)
[11 Dec 2019 23:19:51-tah][asyncio] Inputs: 1; Threads: 1
[11 Dec 2019 23:19:51-tah][seq] Parsing sequence file microbial/kmer-counts-jellyfish/11/SRR10512968.kmer.gz
[11 Dec 2019 23:19:53-tah][seq] Loaded 1,620,433 reads and 0 reads pairs (file: microbial/kmer-counts-jellyfish/11/SRR10512968.kmer.gz)
[11 Dec 2019 23:19:53-tah][hasht] buckets: 65,536 [2^16]; bucket size: 33; 
[11 Dec 2019 23:19:53-tah][hasht] memory: 16.6MB; filled: 1,620,433 / 2,162,688 (74.93%)
[11 Dec 2019 23:19:53-tah][hasht]  collisions  0: 1611992
[11 Dec 2019 23:19:53-tah][hasht]  collisions  1: 8133
[11 Dec 2019 23:19:53-tah][hasht]  collisions  2: 297
[11 Dec 2019 23:19:53-tah][hasht]  collisions  3: 10
[11 Dec 2019 23:19:53-tah][hasht]  collisions  4: 1
[11 Dec 2019 23:19:53-tah][task] input: microbial/kmer-counts-jellyfish/11/SRR10512968.kmer.gz colour: 0
[11 Dec 2019 23:19:53-tah]  SE reads: 1,620,433  PE reads: 0
[11 Dec 2019 23:19:53-tah]  good reads: 1,620,433  bad reads: 0
[11 Dec 2019 23:19:53-tah]  dup SE reads: 0  dup PE pairs: 0
[11 Dec 2019 23:19:53-tah]  bases read: 17,824,763  bases loaded: 17,824,763
[11 Dec 2019 23:19:53-tah]  num contigs: 1,620,433  num kmers: 1,620,433 novel kmers: 1,620,433
[11 Dec 2019 23:19:53-tah] Dumping graph...
[11 Dec 2019 23:19:53-tah][graphwriter] Saving file to: microbial/bigsi/11/mccortex.SRR10512968.ctx
[11 Dec 2019 23:19:53-tah][FileFilter] Writing graph  [1 src colour]
[11 Dec 2019 23:19:53-tah][graphwriter] Dumped 1,620,433 kmers in 1 colour into: microbial/bigsi/11/mccortex.SRR10512968.ctx (ver: 6)
[11 Dec 2019 23:19:53-tah][memory] We made 19 allocs
[11 Dec 2019 23:19:53-tah] Done.
[11 Dec 2019 23:19:53-tah][time] 2.00 seconds
	Command being timed: "mccortex 11 build --nkmers 2100000 --threads 1 --kmer 11 --mem 3G --sample SRR10512968 --seq microbial/kmer-counts-jellyfish/11/SRR10512968.kmer.gz microbial/bigsi/11/mccortex.SRR10512968.ctx"
	User time (seconds): 3.44
	System time (seconds): 0.32
	Percent of CPU this job got: 175%
	Elapsed (wall clock) time (h:mm:ss or m:ss): 0:02.14
	Average shared text size (kbytes): 0
	Average unshared data size (kbytes): 0
	Average stack size (kbytes): 0
	Average total size (kbytes): 0
	Maximum resident set size (kbytes): 34500
	Average resident set size (kbytes): 0
	Major (requiring I/O) page faults: 0
	Minor (reclaiming a frame) page faults: 18753
	Voluntary context switches: 5750
	Involuntary context switches: 9141
	Swaps: 0
	File system inputs: 11968
	File system outputs: 41152
	Socket messages sent: 0
	Socket messages received: 0
	Signals delivered: 0
	Page size (bytes): 4096
	Exit status: 0
