[11 Dec 2019 23:19:31-Ruq][cmd] /home/CSCScience.ca/apetkau/miniconda3/envs/bigsi_mccortex/bin/mccortex31 build --nkmers 2100000 --threads 1 --kmer 11 --mem 3G --sample ERR3656010 --seq microbial/kmer-counts-jellyfish/11/ERR3656010.kmer.gz microbial/bigsi/11/mccortex.ERR3656010.ctx
[11 Dec 2019 23:19:31-Ruq][cwd] /home/CSCScience.ca/apetkau/workspace/comp7934-project
[11 Dec 2019 23:19:31-Ruq][version] mccortex=v0.0.3-610-g400c0e3 zlib=1.2.11 htslib=1.8-17-g699ed53 ASSERTS=ON hash=Lookup3 CHECKS=ON k=3..31
[11 Dec 2019 23:19:31-Ruq] Saving graph to: microbial/bigsi/11/mccortex.ERR3656010.ctx
[11 Dec 2019 23:19:31-Ruq][sample] 0: ERR3656010
[11 Dec 2019 23:19:31-Ruq][task] microbial/kmer-counts-jellyfish/11/ERR3656010.kmer.gz; FASTQ offset: auto-detect, threshold: off; cut homopolymers: off; remove PCR duplicates: no; colour: 0
[11 Dec 2019 23:19:31-Ruq][memory] 104 bits per kmer
[11 Dec 2019 23:19:31-Ruq] Note: Using less memory than requested (26.9MB < 3GB); allows for 2,162,688 kmers
[11 Dec 2019 23:19:31-Ruq][memory] graph: 26.9MB
[11 Dec 2019 23:19:31-Ruq][memory] total: 26.9MB of 62.6GB RAM
[11 Dec 2019 23:19:31-Ruq] Writing 1 colour graph to microbial/bigsi/11/mccortex.ERR3656010.ctx
[11 Dec 2019 23:19:31-Ruq][hasht] Allocating table with 2,162,688 entries, using 16.6MB
[11 Dec 2019 23:19:31-Ruq][hasht]  number of buckets: 65,536, bucket size: 33
[11 Dec 2019 23:19:31-Ruq][graph] kmer-size: 11; colours: 1; capacity: 2,162,688
[11 Dec 2019 23:19:31-Ruq][hasht] buckets: 65,536 [2^16]; bucket size: 33; 
[11 Dec 2019 23:19:31-Ruq][hasht] memory: 16.6MB; filled: 0 / 2,162,688 (0.00%)
[11 Dec 2019 23:19:31-Ruq][asyncio] Inputs: 1; Threads: 1
[11 Dec 2019 23:19:31-Ruq][seq] Parsing sequence file microbial/kmer-counts-jellyfish/11/ERR3656010.kmer.gz
[11 Dec 2019 23:19:32-Ruq][seq] Loaded 1,309,066 reads and 0 reads pairs (file: microbial/kmer-counts-jellyfish/11/ERR3656010.kmer.gz)
[11 Dec 2019 23:19:32-Ruq][hasht] buckets: 65,536 [2^16]; bucket size: 33; 
[11 Dec 2019 23:19:32-Ruq][hasht] memory: 16.6MB; filled: 1,309,066 / 2,162,688 (60.53%)
[11 Dec 2019 23:19:32-Ruq][hasht]  collisions  0: 1308745
[11 Dec 2019 23:19:32-Ruq][hasht]  collisions  1: 321
[11 Dec 2019 23:19:32-Ruq][task] input: microbial/kmer-counts-jellyfish/11/ERR3656010.kmer.gz colour: 0
[11 Dec 2019 23:19:32-Ruq]  SE reads: 1,309,066  PE reads: 0
[11 Dec 2019 23:19:32-Ruq]  good reads: 1,309,066  bad reads: 0
[11 Dec 2019 23:19:32-Ruq]  dup SE reads: 0  dup PE pairs: 0
[11 Dec 2019 23:19:32-Ruq]  bases read: 14,399,726  bases loaded: 14,399,726
[11 Dec 2019 23:19:32-Ruq]  num contigs: 1,309,066  num kmers: 1,309,066 novel kmers: 1,309,066
[11 Dec 2019 23:19:32-Ruq] Dumping graph...
[11 Dec 2019 23:19:32-Ruq][graphwriter] Saving file to: microbial/bigsi/11/mccortex.ERR3656010.ctx
[11 Dec 2019 23:19:32-Ruq][FileFilter] Writing graph  [1 src colour]
[11 Dec 2019 23:19:33-Ruq][graphwriter] Dumped 1,309,066 kmers in 1 colour into: microbial/bigsi/11/mccortex.ERR3656010.ctx (ver: 6)
[11 Dec 2019 23:19:33-Ruq][memory] We made 19 allocs
[11 Dec 2019 23:19:33-Ruq] Done.
[11 Dec 2019 23:19:33-Ruq][time] 2.00 seconds
	Command being timed: "mccortex 11 build --nkmers 2100000 --threads 1 --kmer 11 --mem 3G --sample ERR3656010 --seq microbial/kmer-counts-jellyfish/11/ERR3656010.kmer.gz microbial/bigsi/11/mccortex.ERR3656010.ctx"
	User time (seconds): 2.83
	System time (seconds): 0.51
	Percent of CPU this job got: 175%
	Elapsed (wall clock) time (h:mm:ss or m:ss): 0:01.91
	Average shared text size (kbytes): 0
	Average unshared data size (kbytes): 0
	Average stack size (kbytes): 0
	Average total size (kbytes): 0
	Maximum resident set size (kbytes): 34568
	Average resident set size (kbytes): 0
	Major (requiring I/O) page faults: 0
	Minor (reclaiming a frame) page faults: 18751
	Voluntary context switches: 17575
	Involuntary context switches: 21
	Swaps: 0
	File system inputs: 9720
	File system outputs: 33248
	Socket messages sent: 0
	Socket messages received: 0
	Signals delivered: 0
	Page size (bytes): 4096
	Exit status: 0
