[11 Dec 2019 23:19:52-bod][cmd] /home/CSCScience.ca/apetkau/miniconda3/envs/bigsi_mccortex/bin/mccortex31 build --nkmers 2100000 --threads 1 --kmer 11 --mem 3G --sample SRR10513363 --seq microbial/kmer-counts-jellyfish/11/SRR10513363.kmer.gz microbial/bigsi/11/mccortex.SRR10513363.ctx
[11 Dec 2019 23:19:52-bod][cwd] /home/CSCScience.ca/apetkau/workspace/comp7934-project
[11 Dec 2019 23:19:52-bod][version] mccortex=v0.0.3-610-g400c0e3 zlib=1.2.11 htslib=1.8-17-g699ed53 ASSERTS=ON hash=Lookup3 CHECKS=ON k=3..31
[11 Dec 2019 23:19:52-bod] Saving graph to: microbial/bigsi/11/mccortex.SRR10513363.ctx
[11 Dec 2019 23:19:52-bod][sample] 0: SRR10513363
[11 Dec 2019 23:19:52-bod][task] microbial/kmer-counts-jellyfish/11/SRR10513363.kmer.gz; FASTQ offset: auto-detect, threshold: off; cut homopolymers: off; remove PCR duplicates: no; colour: 0
[11 Dec 2019 23:19:52-bod][memory] 104 bits per kmer
[11 Dec 2019 23:19:52-bod] Note: Using less memory than requested (26.9MB < 3GB); allows for 2,162,688 kmers
[11 Dec 2019 23:19:52-bod][memory] graph: 26.9MB
[11 Dec 2019 23:19:52-bod][memory] total: 26.9MB of 62.6GB RAM
[11 Dec 2019 23:19:52-bod] Writing 1 colour graph to microbial/bigsi/11/mccortex.SRR10513363.ctx
[11 Dec 2019 23:19:52-bod][hasht] Allocating table with 2,162,688 entries, using 16.6MB
[11 Dec 2019 23:19:52-bod][hasht]  number of buckets: 65,536, bucket size: 33
[11 Dec 2019 23:19:52-bod][graph] kmer-size: 11; colours: 1; capacity: 2,162,688
[11 Dec 2019 23:19:52-bod][hasht] buckets: 65,536 [2^16]; bucket size: 33; 
[11 Dec 2019 23:19:52-bod][hasht] memory: 16.6MB; filled: 0 / 2,162,688 (0.00%)
[11 Dec 2019 23:19:52-bod][asyncio] Inputs: 1; Threads: 1
[11 Dec 2019 23:19:52-bod][seq] Parsing sequence file microbial/kmer-counts-jellyfish/11/SRR10513363.kmer.gz
[11 Dec 2019 23:19:53-bod][seq] Loaded 1,062,190 reads and 0 reads pairs (file: microbial/kmer-counts-jellyfish/11/SRR10513363.kmer.gz)
[11 Dec 2019 23:19:53-bod][hasht] buckets: 65,536 [2^16]; bucket size: 33; 
[11 Dec 2019 23:19:53-bod][hasht] memory: 16.6MB; filled: 1,062,190 / 2,162,688 (49.11%)
[11 Dec 2019 23:19:53-bod][hasht]  collisions  0: 1062183
[11 Dec 2019 23:19:53-bod][hasht]  collisions  1: 7
[11 Dec 2019 23:19:53-bod][task] input: microbial/kmer-counts-jellyfish/11/SRR10513363.kmer.gz colour: 0
[11 Dec 2019 23:19:53-bod]  SE reads: 1,062,190  PE reads: 0
[11 Dec 2019 23:19:53-bod]  good reads: 1,062,190  bad reads: 0
[11 Dec 2019 23:19:53-bod]  dup SE reads: 0  dup PE pairs: 0
[11 Dec 2019 23:19:53-bod]  bases read: 11,684,090  bases loaded: 11,684,090
[11 Dec 2019 23:19:53-bod]  num contigs: 1,062,190  num kmers: 1,062,190 novel kmers: 1,062,190
[11 Dec 2019 23:19:53-bod] Dumping graph...
[11 Dec 2019 23:19:53-bod][graphwriter] Saving file to: microbial/bigsi/11/mccortex.SRR10513363.ctx
[11 Dec 2019 23:19:53-bod][FileFilter] Writing graph  [1 src colour]
[11 Dec 2019 23:19:53-bod][graphwriter] Dumped 1,062,190 kmers in 1 colour into: microbial/bigsi/11/mccortex.SRR10513363.ctx (ver: 6)
[11 Dec 2019 23:19:53-bod][memory] We made 19 allocs
[11 Dec 2019 23:19:53-bod] Done.
[11 Dec 2019 23:19:53-bod][time] 1.00 seconds
	Command being timed: "mccortex 11 build --nkmers 2100000 --threads 1 --kmer 11 --mem 3G --sample SRR10513363 --seq microbial/kmer-counts-jellyfish/11/SRR10513363.kmer.gz microbial/bigsi/11/mccortex.SRR10513363.ctx"
	User time (seconds): 1.52
	System time (seconds): 0.28
	Percent of CPU this job got: 152%
	Elapsed (wall clock) time (h:mm:ss or m:ss): 0:01.18
	Average shared text size (kbytes): 0
	Average unshared data size (kbytes): 0
	Average stack size (kbytes): 0
	Average total size (kbytes): 0
	Maximum resident set size (kbytes): 34420
	Average resident set size (kbytes): 0
	Major (requiring I/O) page faults: 0
	Minor (reclaiming a frame) page faults: 11040
	Voluntary context switches: 4282
	Involuntary context switches: 24393
	Swaps: 0
	File system inputs: 7928
	File system outputs: 26984
	Socket messages sent: 0
	Socket messages received: 0
	Signals delivered: 0
	Page size (bytes): 4096
	Exit status: 0
