[11 Dec 2019 23:19:31-QOc][cmd] /home/CSCScience.ca/apetkau/miniconda3/envs/bigsi_mccortex/bin/mccortex31 build --nkmers 2100000 --threads 1 --kmer 11 --mem 3G --sample ERR3656004 --seq microbial/kmer-counts-jellyfish/11/ERR3656004.kmer.gz microbial/bigsi/11/mccortex.ERR3656004.ctx
[11 Dec 2019 23:19:31-QOc][cwd] /home/CSCScience.ca/apetkau/workspace/comp7934-project
[11 Dec 2019 23:19:31-QOc][version] mccortex=v0.0.3-610-g400c0e3 zlib=1.2.11 htslib=1.8-17-g699ed53 ASSERTS=ON hash=Lookup3 CHECKS=ON k=3..31
[11 Dec 2019 23:19:31-QOc] Saving graph to: microbial/bigsi/11/mccortex.ERR3656004.ctx
[11 Dec 2019 23:19:31-QOc][sample] 0: ERR3656004
[11 Dec 2019 23:19:31-QOc][task] microbial/kmer-counts-jellyfish/11/ERR3656004.kmer.gz; FASTQ offset: auto-detect, threshold: off; cut homopolymers: off; remove PCR duplicates: no; colour: 0
[11 Dec 2019 23:19:31-QOc][memory] 104 bits per kmer
[11 Dec 2019 23:19:31-QOc] Note: Using less memory than requested (26.9MB < 3GB); allows for 2,162,688 kmers
[11 Dec 2019 23:19:31-QOc][memory] graph: 26.9MB
[11 Dec 2019 23:19:31-QOc][memory] total: 26.9MB of 62.6GB RAM
[11 Dec 2019 23:19:31-QOc] Writing 1 colour graph to microbial/bigsi/11/mccortex.ERR3656004.ctx
[11 Dec 2019 23:19:31-QOc][hasht] Allocating table with 2,162,688 entries, using 16.6MB
[11 Dec 2019 23:19:31-QOc][hasht]  number of buckets: 65,536, bucket size: 33
[11 Dec 2019 23:19:31-QOc][graph] kmer-size: 11; colours: 1; capacity: 2,162,688
[11 Dec 2019 23:19:31-QOc][hasht] buckets: 65,536 [2^16]; bucket size: 33; 
[11 Dec 2019 23:19:31-QOc][hasht] memory: 16.6MB; filled: 0 / 2,162,688 (0.00%)
[11 Dec 2019 23:19:31-QOc][asyncio] Inputs: 1; Threads: 1
[11 Dec 2019 23:19:31-QOc][seq] Parsing sequence file microbial/kmer-counts-jellyfish/11/ERR3656004.kmer.gz
[11 Dec 2019 23:19:32-QOc][seq] Loaded 1,296,680 reads and 0 reads pairs (file: microbial/kmer-counts-jellyfish/11/ERR3656004.kmer.gz)
[11 Dec 2019 23:19:32-QOc][hasht] buckets: 65,536 [2^16]; bucket size: 33; 
[11 Dec 2019 23:19:32-QOc][hasht] memory: 16.6MB; filled: 1,296,680 / 2,162,688 (59.96%)
[11 Dec 2019 23:19:32-QOc][hasht]  collisions  0: 1296405
[11 Dec 2019 23:19:32-QOc][hasht]  collisions  1: 275
[11 Dec 2019 23:19:32-QOc][task] input: microbial/kmer-counts-jellyfish/11/ERR3656004.kmer.gz colour: 0
[11 Dec 2019 23:19:32-QOc]  SE reads: 1,296,680  PE reads: 0
[11 Dec 2019 23:19:32-QOc]  good reads: 1,296,680  bad reads: 0
[11 Dec 2019 23:19:32-QOc]  dup SE reads: 0  dup PE pairs: 0
[11 Dec 2019 23:19:32-QOc]  bases read: 14,263,480  bases loaded: 14,263,480
[11 Dec 2019 23:19:32-QOc]  num contigs: 1,296,680  num kmers: 1,296,680 novel kmers: 1,296,680
[11 Dec 2019 23:19:32-QOc] Dumping graph...
[11 Dec 2019 23:19:32-QOc][graphwriter] Saving file to: microbial/bigsi/11/mccortex.ERR3656004.ctx
[11 Dec 2019 23:19:32-QOc][FileFilter] Writing graph  [1 src colour]
[11 Dec 2019 23:19:33-QOc][graphwriter] Dumped 1,296,680 kmers in 1 colour into: microbial/bigsi/11/mccortex.ERR3656004.ctx (ver: 6)
[11 Dec 2019 23:19:33-QOc][memory] We made 19 allocs
[11 Dec 2019 23:19:33-QOc] Done.
[11 Dec 2019 23:19:33-QOc][time] 2.00 seconds
	Command being timed: "mccortex 11 build --nkmers 2100000 --threads 1 --kmer 11 --mem 3G --sample ERR3656004 --seq microbial/kmer-counts-jellyfish/11/ERR3656004.kmer.gz microbial/bigsi/11/mccortex.ERR3656004.ctx"
	User time (seconds): 2.87
	System time (seconds): 0.63
	Percent of CPU this job got: 164%
	Elapsed (wall clock) time (h:mm:ss or m:ss): 0:02.12
	Average shared text size (kbytes): 0
	Average unshared data size (kbytes): 0
	Average stack size (kbytes): 0
	Average total size (kbytes): 0
	Maximum resident set size (kbytes): 34540
	Average resident set size (kbytes): 0
	Major (requiring I/O) page faults: 0
	Minor (reclaiming a frame) page faults: 18754
	Voluntary context switches: 24936
	Involuntary context switches: 47
	Swaps: 0
	File system inputs: 9624
	File system outputs: 32936
	Socket messages sent: 0
	Socket messages received: 0
	Signals delivered: 0
	Page size (bytes): 4096
	Exit status: 0
