[11 Dec 2019 23:19:57-dEV][cmd] /home/CSCScience.ca/apetkau/miniconda3/envs/bigsi_mccortex/bin/mccortex31 build --nkmers 2100000 --threads 1 --kmer 11 --mem 3G --sample SRR10527352 --seq microbial/kmer-counts-jellyfish/11/SRR10527352.kmer.gz microbial/bigsi/11/mccortex.SRR10527352.ctx
[11 Dec 2019 23:19:57-dEV][cwd] /home/CSCScience.ca/apetkau/workspace/comp7934-project
[11 Dec 2019 23:19:57-dEV][version] mccortex=v0.0.3-610-g400c0e3 zlib=1.2.11 htslib=1.8-17-g699ed53 ASSERTS=ON hash=Lookup3 CHECKS=ON k=3..31
[11 Dec 2019 23:19:57-dEV] Saving graph to: microbial/bigsi/11/mccortex.SRR10527352.ctx
[11 Dec 2019 23:19:57-dEV][sample] 0: SRR10527352
[11 Dec 2019 23:19:57-dEV][task] microbial/kmer-counts-jellyfish/11/SRR10527352.kmer.gz; FASTQ offset: auto-detect, threshold: off; cut homopolymers: off; remove PCR duplicates: no; colour: 0
[11 Dec 2019 23:19:57-dEV][memory] 104 bits per kmer
[11 Dec 2019 23:19:57-dEV] Note: Using less memory than requested (26.9MB < 3GB); allows for 2,162,688 kmers
[11 Dec 2019 23:19:57-dEV][memory] graph: 26.9MB
[11 Dec 2019 23:19:57-dEV][memory] total: 26.9MB of 62.6GB RAM
[11 Dec 2019 23:19:57-dEV] Writing 1 colour graph to microbial/bigsi/11/mccortex.SRR10527352.ctx
[11 Dec 2019 23:19:57-dEV][hasht] Allocating table with 2,162,688 entries, using 16.6MB
[11 Dec 2019 23:19:57-dEV][hasht]  number of buckets: 65,536, bucket size: 33
[11 Dec 2019 23:19:57-dEV][graph] kmer-size: 11; colours: 1; capacity: 2,162,688
[11 Dec 2019 23:19:57-dEV][hasht] buckets: 65,536 [2^16]; bucket size: 33; 
[11 Dec 2019 23:19:57-dEV][hasht] memory: 16.6MB; filled: 0 / 2,162,688 (0.00%)
[11 Dec 2019 23:19:57-dEV][asyncio] Inputs: 1; Threads: 1
[11 Dec 2019 23:19:57-dEV][seq] Parsing sequence file microbial/kmer-counts-jellyfish/11/SRR10527352.kmer.gz
[11 Dec 2019 23:19:58-dEV][seq] Loaded 1,409,165 reads and 0 reads pairs (file: microbial/kmer-counts-jellyfish/11/SRR10527352.kmer.gz)
[11 Dec 2019 23:19:58-dEV][hasht] buckets: 65,536 [2^16]; bucket size: 33; 
[11 Dec 2019 23:19:58-dEV][hasht] memory: 16.6MB; filled: 1,409,165 / 2,162,688 (65.16%)
[11 Dec 2019 23:19:58-dEV][hasht]  collisions  0: 1407806
[11 Dec 2019 23:19:58-dEV][hasht]  collisions  1: 1349
[11 Dec 2019 23:19:58-dEV][hasht]  collisions  2: 10
[11 Dec 2019 23:19:58-dEV][task] input: microbial/kmer-counts-jellyfish/11/SRR10527352.kmer.gz colour: 0
[11 Dec 2019 23:19:58-dEV]  SE reads: 1,409,165  PE reads: 0
[11 Dec 2019 23:19:58-dEV]  good reads: 1,409,165  bad reads: 0
[11 Dec 2019 23:19:58-dEV]  dup SE reads: 0  dup PE pairs: 0
[11 Dec 2019 23:19:58-dEV]  bases read: 15,500,815  bases loaded: 15,500,815
[11 Dec 2019 23:19:58-dEV]  num contigs: 1,409,165  num kmers: 1,409,165 novel kmers: 1,409,165
[11 Dec 2019 23:19:58-dEV] Dumping graph...
[11 Dec 2019 23:19:58-dEV][graphwriter] Saving file to: microbial/bigsi/11/mccortex.SRR10527352.ctx
[11 Dec 2019 23:19:58-dEV][FileFilter] Writing graph  [1 src colour]
[11 Dec 2019 23:19:58-dEV][graphwriter] Dumped 1,409,165 kmers in 1 colour into: microbial/bigsi/11/mccortex.SRR10527352.ctx (ver: 6)
[11 Dec 2019 23:19:58-dEV][memory] We made 19 allocs
[11 Dec 2019 23:19:58-dEV] Done.
[11 Dec 2019 23:19:58-dEV][time] 1.00 seconds
	Command being timed: "mccortex 11 build --nkmers 2100000 --threads 1 --kmer 11 --mem 3G --sample SRR10527352 --seq microbial/kmer-counts-jellyfish/11/SRR10527352.kmer.gz microbial/bigsi/11/mccortex.SRR10527352.ctx"
	User time (seconds): 2.23
	System time (seconds): 0.32
	Percent of CPU this job got: 151%
	Elapsed (wall clock) time (h:mm:ss or m:ss): 0:01.68
	Average shared text size (kbytes): 0
	Average unshared data size (kbytes): 0
	Average stack size (kbytes): 0
	Average total size (kbytes): 0
	Maximum resident set size (kbytes): 34472
	Average resident set size (kbytes): 0
	Major (requiring I/O) page faults: 0
	Minor (reclaiming a frame) page faults: 18758
	Voluntary context switches: 8667
	Involuntary context switches: 11003
	Swaps: 0
	File system inputs: 10448
	File system outputs: 35792
	Socket messages sent: 0
	Socket messages received: 0
	Signals delivered: 0
	Page size (bytes): 4096
	Exit status: 0
