[11 Dec 2019 23:20:00-JEC][cmd] /home/CSCScience.ca/apetkau/miniconda3/envs/bigsi_mccortex/bin/mccortex31 build --nkmers 2100000 --threads 1 --kmer 11 --mem 3G --sample SRR8088181 --seq microbial/kmer-counts-jellyfish/11/SRR8088181.kmer.gz microbial/bigsi/11/mccortex.SRR8088181.ctx
[11 Dec 2019 23:20:00-JEC][cwd] /home/CSCScience.ca/apetkau/workspace/comp7934-project
[11 Dec 2019 23:20:00-JEC][version] mccortex=v0.0.3-610-g400c0e3 zlib=1.2.11 htslib=1.8-17-g699ed53 ASSERTS=ON hash=Lookup3 CHECKS=ON k=3..31
[11 Dec 2019 23:20:00-JEC] Saving graph to: microbial/bigsi/11/mccortex.SRR8088181.ctx
[11 Dec 2019 23:20:00-JEC][sample] 0: SRR8088181
[11 Dec 2019 23:20:00-JEC][task] microbial/kmer-counts-jellyfish/11/SRR8088181.kmer.gz; FASTQ offset: auto-detect, threshold: off; cut homopolymers: off; remove PCR duplicates: no; colour: 0
[11 Dec 2019 23:20:00-JEC][memory] 104 bits per kmer
[11 Dec 2019 23:20:00-JEC] Note: Using less memory than requested (26.9MB < 3GB); allows for 2,162,688 kmers
[11 Dec 2019 23:20:00-JEC][memory] graph: 26.9MB
[11 Dec 2019 23:20:00-JEC][memory] total: 26.9MB of 62.6GB RAM
[11 Dec 2019 23:20:00-JEC] Writing 1 colour graph to microbial/bigsi/11/mccortex.SRR8088181.ctx
[11 Dec 2019 23:20:00-JEC][hasht] Allocating table with 2,162,688 entries, using 16.6MB
[11 Dec 2019 23:20:00-JEC][hasht]  number of buckets: 65,536, bucket size: 33
[11 Dec 2019 23:20:00-JEC][graph] kmer-size: 11; colours: 1; capacity: 2,162,688
[11 Dec 2019 23:20:00-JEC][hasht] buckets: 65,536 [2^16]; bucket size: 33; 
[11 Dec 2019 23:20:00-JEC][hasht] memory: 16.6MB; filled: 0 / 2,162,688 (0.00%)
[11 Dec 2019 23:20:00-JEC][asyncio] Inputs: 1; Threads: 1
[11 Dec 2019 23:20:00-JEC][seq] Parsing sequence file microbial/kmer-counts-jellyfish/11/SRR8088181.kmer.gz
[11 Dec 2019 23:20:00-JEC][seq] Loaded 1,000,221 reads and 0 reads pairs (file: microbial/kmer-counts-jellyfish/11/SRR8088181.kmer.gz)
[11 Dec 2019 23:20:00-JEC][hasht] buckets: 65,536 [2^16]; bucket size: 33; 
[11 Dec 2019 23:20:00-JEC][hasht] memory: 16.6MB; filled: 1,000,221 / 2,162,688 (46.25%)
[11 Dec 2019 23:20:00-JEC][hasht]  collisions  0: 1000219
[11 Dec 2019 23:20:00-JEC][hasht]  collisions  1: 2
[11 Dec 2019 23:20:00-JEC][task] input: microbial/kmer-counts-jellyfish/11/SRR8088181.kmer.gz colour: 0
[11 Dec 2019 23:20:00-JEC]  SE reads: 1,000,221  PE reads: 0
[11 Dec 2019 23:20:00-JEC]  good reads: 1,000,221  bad reads: 0
[11 Dec 2019 23:20:00-JEC]  dup SE reads: 0  dup PE pairs: 0
[11 Dec 2019 23:20:00-JEC]  bases read: 11,002,431  bases loaded: 11,002,431
[11 Dec 2019 23:20:00-JEC]  num contigs: 1,000,221  num kmers: 1,000,221 novel kmers: 1,000,221
[11 Dec 2019 23:20:00-JEC] Dumping graph...
[11 Dec 2019 23:20:00-JEC][graphwriter] Saving file to: microbial/bigsi/11/mccortex.SRR8088181.ctx
[11 Dec 2019 23:20:00-JEC][FileFilter] Writing graph  [1 src colour]
[11 Dec 2019 23:20:00-JEC][graphwriter] Dumped 1,000,221 kmers in 1 colour into: microbial/bigsi/11/mccortex.SRR8088181.ctx (ver: 6)
[11 Dec 2019 23:20:00-JEC][memory] We made 19 allocs
[11 Dec 2019 23:20:00-JEC] Done.
[11 Dec 2019 23:20:00-JEC][time] 0.00 seconds
	Command being timed: "mccortex 11 build --nkmers 2100000 --threads 1 --kmer 11 --mem 3G --sample SRR8088181 --seq microbial/kmer-counts-jellyfish/11/SRR8088181.kmer.gz microbial/bigsi/11/mccortex.SRR8088181.ctx"
	User time (seconds): 1.43
	System time (seconds): 0.19
	Percent of CPU this job got: 177%
	Elapsed (wall clock) time (h:mm:ss or m:ss): 0:00.91
	Average shared text size (kbytes): 0
	Average unshared data size (kbytes): 0
	Average stack size (kbytes): 0
	Average total size (kbytes): 0
	Maximum resident set size (kbytes): 34428
	Average resident set size (kbytes): 0
	Major (requiring I/O) page faults: 0
	Minor (reclaiming a frame) page faults: 11043
	Voluntary context switches: 5472
	Involuntary context switches: 53
	Swaps: 0
	File system inputs: 7448
	File system outputs: 25408
	Socket messages sent: 0
	Socket messages received: 0
	Signals delivered: 0
	Page size (bytes): 4096
	Exit status: 0
