[11 Dec 2019 23:19:53-cUn][cmd] /home/CSCScience.ca/apetkau/miniconda3/envs/bigsi_mccortex/bin/mccortex31 build --nkmers 2100000 --threads 1 --kmer 11 --mem 3G --sample SRR10519469 --seq microbial/kmer-counts-jellyfish/11/SRR10519469.kmer.gz microbial/bigsi/11/mccortex.SRR10519469.ctx
[11 Dec 2019 23:19:53-cUn][cwd] /home/CSCScience.ca/apetkau/workspace/comp7934-project
[11 Dec 2019 23:19:53-cUn][version] mccortex=v0.0.3-610-g400c0e3 zlib=1.2.11 htslib=1.8-17-g699ed53 ASSERTS=ON hash=Lookup3 CHECKS=ON k=3..31
[11 Dec 2019 23:19:53-cUn] Saving graph to: microbial/bigsi/11/mccortex.SRR10519469.ctx
[11 Dec 2019 23:19:53-cUn][sample] 0: SRR10519469
[11 Dec 2019 23:19:53-cUn][task] microbial/kmer-counts-jellyfish/11/SRR10519469.kmer.gz; FASTQ offset: auto-detect, threshold: off; cut homopolymers: off; remove PCR duplicates: no; colour: 0
[11 Dec 2019 23:19:53-cUn][memory] 104 bits per kmer
[11 Dec 2019 23:19:53-cUn] Note: Using less memory than requested (26.9MB < 3GB); allows for 2,162,688 kmers
[11 Dec 2019 23:19:53-cUn][memory] graph: 26.9MB
[11 Dec 2019 23:19:53-cUn][memory] total: 26.9MB of 62.6GB RAM
[11 Dec 2019 23:19:53-cUn] Writing 1 colour graph to microbial/bigsi/11/mccortex.SRR10519469.ctx
[11 Dec 2019 23:19:53-cUn][hasht] Allocating table with 2,162,688 entries, using 16.6MB
[11 Dec 2019 23:19:53-cUn][hasht]  number of buckets: 65,536, bucket size: 33
[11 Dec 2019 23:19:53-cUn][graph] kmer-size: 11; colours: 1; capacity: 2,162,688
[11 Dec 2019 23:19:53-cUn][hasht] buckets: 65,536 [2^16]; bucket size: 33; 
[11 Dec 2019 23:19:53-cUn][hasht] memory: 16.6MB; filled: 0 / 2,162,688 (0.00%)
[11 Dec 2019 23:19:53-cUn][asyncio] Inputs: 1; Threads: 1
[11 Dec 2019 23:19:53-cUn][seq] Parsing sequence file microbial/kmer-counts-jellyfish/11/SRR10519469.kmer.gz
[11 Dec 2019 23:19:54-cUn][seq] Loaded 648,880 reads and 0 reads pairs (file: microbial/kmer-counts-jellyfish/11/SRR10519469.kmer.gz)
[11 Dec 2019 23:19:54-cUn][hasht] buckets: 65,536 [2^16]; bucket size: 33; 
[11 Dec 2019 23:19:54-cUn][hasht] memory: 16.6MB; filled: 648,880 / 2,162,688 (30.00%)
[11 Dec 2019 23:19:54-cUn][hasht]  collisions  0: 648880
[11 Dec 2019 23:19:54-cUn][task] input: microbial/kmer-counts-jellyfish/11/SRR10519469.kmer.gz colour: 0
[11 Dec 2019 23:19:54-cUn]  SE reads: 648,880  PE reads: 0
[11 Dec 2019 23:19:54-cUn]  good reads: 648,880  bad reads: 0
[11 Dec 2019 23:19:54-cUn]  dup SE reads: 0  dup PE pairs: 0
[11 Dec 2019 23:19:54-cUn]  bases read: 7,137,680  bases loaded: 7,137,680
[11 Dec 2019 23:19:54-cUn]  num contigs: 648,880  num kmers: 648,880 novel kmers: 648,880
[11 Dec 2019 23:19:54-cUn] Dumping graph...
[11 Dec 2019 23:19:54-cUn][graphwriter] Saving file to: microbial/bigsi/11/mccortex.SRR10519469.ctx
[11 Dec 2019 23:19:54-cUn][FileFilter] Writing graph  [1 src colour]
[11 Dec 2019 23:19:54-cUn][graphwriter] Dumped 648,880 kmers in 1 colour into: microbial/bigsi/11/mccortex.SRR10519469.ctx (ver: 6)
[11 Dec 2019 23:19:54-cUn][memory] We made 19 allocs
[11 Dec 2019 23:19:54-cUn] Done.
[11 Dec 2019 23:19:54-cUn][time] 1.00 seconds
	Command being timed: "mccortex 11 build --nkmers 2100000 --threads 1 --kmer 11 --mem 3G --sample SRR10519469 --seq microbial/kmer-counts-jellyfish/11/SRR10519469.kmer.gz microbial/bigsi/11/mccortex.SRR10519469.ctx"
	User time (seconds): 1.06
	System time (seconds): 0.21
	Percent of CPU this job got: 141%
	Elapsed (wall clock) time (h:mm:ss or m:ss): 0:00.90
	Average shared text size (kbytes): 0
	Average unshared data size (kbytes): 0
	Average stack size (kbytes): 0
	Average total size (kbytes): 0
	Maximum resident set size (kbytes): 34420
	Average resident set size (kbytes): 0
	Major (requiring I/O) page faults: 0
	Minor (reclaiming a frame) page faults: 11039
	Voluntary context switches: 10650
	Involuntary context switches: 11126
	Swaps: 0
	File system inputs: 4840
	File system outputs: 16488
	Socket messages sent: 0
	Socket messages received: 0
	Signals delivered: 0
	Page size (bytes): 4096
	Exit status: 0
