[11 Dec 2019 23:19:31-zEn][cmd] /home/CSCScience.ca/apetkau/miniconda3/envs/bigsi_mccortex/bin/mccortex31 build --nkmers 2100000 --threads 1 --kmer 11 --mem 3G --sample ERR3656018 --seq microbial/kmer-counts-jellyfish/11/ERR3656018.kmer.gz microbial/bigsi/11/mccortex.ERR3656018.ctx
[11 Dec 2019 23:19:31-zEn][cwd] /home/CSCScience.ca/apetkau/workspace/comp7934-project
[11 Dec 2019 23:19:31-zEn][version] mccortex=v0.0.3-610-g400c0e3 zlib=1.2.11 htslib=1.8-17-g699ed53 ASSERTS=ON hash=Lookup3 CHECKS=ON k=3..31
[11 Dec 2019 23:19:31-zEn] Saving graph to: microbial/bigsi/11/mccortex.ERR3656018.ctx
[11 Dec 2019 23:19:31-zEn][sample] 0: ERR3656018
[11 Dec 2019 23:19:31-zEn][task] microbial/kmer-counts-jellyfish/11/ERR3656018.kmer.gz; FASTQ offset: auto-detect, threshold: off; cut homopolymers: off; remove PCR duplicates: no; colour: 0
[11 Dec 2019 23:19:31-zEn][memory] 104 bits per kmer
[11 Dec 2019 23:19:31-zEn] Note: Using less memory than requested (26.9MB < 3GB); allows for 2,162,688 kmers
[11 Dec 2019 23:19:31-zEn][memory] graph: 26.9MB
[11 Dec 2019 23:19:31-zEn][memory] total: 26.9MB of 62.6GB RAM
[11 Dec 2019 23:19:31-zEn] Writing 1 colour graph to microbial/bigsi/11/mccortex.ERR3656018.ctx
[11 Dec 2019 23:19:31-zEn][hasht] Allocating table with 2,162,688 entries, using 16.6MB
[11 Dec 2019 23:19:31-zEn][hasht]  number of buckets: 65,536, bucket size: 33
[11 Dec 2019 23:19:31-zEn][graph] kmer-size: 11; colours: 1; capacity: 2,162,688
[11 Dec 2019 23:19:31-zEn][hasht] buckets: 65,536 [2^16]; bucket size: 33; 
[11 Dec 2019 23:19:31-zEn][hasht] memory: 16.6MB; filled: 0 / 2,162,688 (0.00%)
[11 Dec 2019 23:19:31-zEn][asyncio] Inputs: 1; Threads: 1
[11 Dec 2019 23:19:31-zEn][seq] Parsing sequence file microbial/kmer-counts-jellyfish/11/ERR3656018.kmer.gz
[11 Dec 2019 23:19:33-zEn][seq] Loaded 1,455,868 reads and 0 reads pairs (file: microbial/kmer-counts-jellyfish/11/ERR3656018.kmer.gz)
[11 Dec 2019 23:19:33-zEn][hasht] buckets: 65,536 [2^16]; bucket size: 33; 
[11 Dec 2019 23:19:33-zEn][hasht] memory: 16.6MB; filled: 1,455,868 / 2,162,688 (67.32%)
[11 Dec 2019 23:19:33-zEn][hasht]  collisions  0: 1453917
[11 Dec 2019 23:19:33-zEn][hasht]  collisions  1: 1936
[11 Dec 2019 23:19:33-zEn][hasht]  collisions  2: 15
[11 Dec 2019 23:19:33-zEn][task] input: microbial/kmer-counts-jellyfish/11/ERR3656018.kmer.gz colour: 0
[11 Dec 2019 23:19:33-zEn]  SE reads: 1,455,868  PE reads: 0
[11 Dec 2019 23:19:33-zEn]  good reads: 1,455,868  bad reads: 0
[11 Dec 2019 23:19:33-zEn]  dup SE reads: 0  dup PE pairs: 0
[11 Dec 2019 23:19:33-zEn]  bases read: 16,014,548  bases loaded: 16,014,548
[11 Dec 2019 23:19:33-zEn]  num contigs: 1,455,868  num kmers: 1,455,868 novel kmers: 1,455,868
[11 Dec 2019 23:19:33-zEn] Dumping graph...
[11 Dec 2019 23:19:33-zEn][graphwriter] Saving file to: microbial/bigsi/11/mccortex.ERR3656018.ctx
[11 Dec 2019 23:19:33-zEn][FileFilter] Writing graph  [1 src colour]
[11 Dec 2019 23:19:34-zEn][graphwriter] Dumped 1,455,868 kmers in 1 colour into: microbial/bigsi/11/mccortex.ERR3656018.ctx (ver: 6)
[11 Dec 2019 23:19:34-zEn][memory] We made 19 allocs
[11 Dec 2019 23:19:34-zEn] Done.
[11 Dec 2019 23:19:34-zEn][time] 3.00 seconds
	Command being timed: "mccortex 11 build --nkmers 2100000 --threads 1 --kmer 11 --mem 3G --sample ERR3656018 --seq microbial/kmer-counts-jellyfish/11/ERR3656018.kmer.gz microbial/bigsi/11/mccortex.ERR3656018.ctx"
	User time (seconds): 3.42
	System time (seconds): 0.77
	Percent of CPU this job got: 146%
	Elapsed (wall clock) time (h:mm:ss or m:ss): 0:02.85
	Average shared text size (kbytes): 0
	Average unshared data size (kbytes): 0
	Average stack size (kbytes): 0
	Average total size (kbytes): 0
	Maximum resident set size (kbytes): 34644
	Average resident set size (kbytes): 0
	Major (requiring I/O) page faults: 0
	Minor (reclaiming a frame) page faults: 18746
	Voluntary context switches: 68863
	Involuntary context switches: 22296
	Swaps: 0
	File system inputs: 10784
	File system outputs: 36976
	Socket messages sent: 0
	Socket messages received: 0
	Signals delivered: 0
	Page size (bytes): 4096
	Exit status: 0
