[11 Dec 2019 23:19:31-reJ][cmd] /home/CSCScience.ca/apetkau/miniconda3/envs/bigsi_mccortex/bin/mccortex31 build --nkmers 2100000 --threads 1 --kmer 11 --mem 3G --sample SRR10298906 --seq microbial/kmer-counts-jellyfish/11/SRR10298906.kmer.gz microbial/bigsi/11/mccortex.SRR10298906.ctx
[11 Dec 2019 23:19:31-reJ][cwd] /home/CSCScience.ca/apetkau/workspace/comp7934-project
[11 Dec 2019 23:19:31-reJ][version] mccortex=v0.0.3-610-g400c0e3 zlib=1.2.11 htslib=1.8-17-g699ed53 ASSERTS=ON hash=Lookup3 CHECKS=ON k=3..31
[11 Dec 2019 23:19:31-reJ] Saving graph to: microbial/bigsi/11/mccortex.SRR10298906.ctx
[11 Dec 2019 23:19:31-reJ][sample] 0: SRR10298906
[11 Dec 2019 23:19:31-reJ][task] microbial/kmer-counts-jellyfish/11/SRR10298906.kmer.gz; FASTQ offset: auto-detect, threshold: off; cut homopolymers: off; remove PCR duplicates: no; colour: 0
[11 Dec 2019 23:19:31-reJ][memory] 104 bits per kmer
[11 Dec 2019 23:19:31-reJ] Note: Using less memory than requested (26.9MB < 3GB); allows for 2,162,688 kmers
[11 Dec 2019 23:19:31-reJ][memory] graph: 26.9MB
[11 Dec 2019 23:19:31-reJ][memory] total: 26.9MB of 62.6GB RAM
[11 Dec 2019 23:19:31-reJ] Writing 1 colour graph to microbial/bigsi/11/mccortex.SRR10298906.ctx
[11 Dec 2019 23:19:31-reJ][hasht] Allocating table with 2,162,688 entries, using 16.6MB
[11 Dec 2019 23:19:31-reJ][hasht]  number of buckets: 65,536, bucket size: 33
[11 Dec 2019 23:19:31-reJ][graph] kmer-size: 11; colours: 1; capacity: 2,162,688
[11 Dec 2019 23:19:31-reJ][hasht] buckets: 65,536 [2^16]; bucket size: 33; 
[11 Dec 2019 23:19:31-reJ][hasht] memory: 16.6MB; filled: 0 / 2,162,688 (0.00%)
[11 Dec 2019 23:19:31-reJ][asyncio] Inputs: 1; Threads: 1
[11 Dec 2019 23:19:31-reJ][seq] Parsing sequence file microbial/kmer-counts-jellyfish/11/SRR10298906.kmer.gz
[11 Dec 2019 23:19:34-reJ][seq] Loaded 1,285,658 reads and 0 reads pairs (file: microbial/kmer-counts-jellyfish/11/SRR10298906.kmer.gz)
[11 Dec 2019 23:19:34-reJ][hasht] buckets: 65,536 [2^16]; bucket size: 33; 
[11 Dec 2019 23:19:34-reJ][hasht] memory: 16.6MB; filled: 1,285,658 / 2,162,688 (59.45%)
[11 Dec 2019 23:19:34-reJ][hasht]  collisions  0: 1285406
[11 Dec 2019 23:19:34-reJ][hasht]  collisions  1: 252
[11 Dec 2019 23:19:34-reJ][task] input: microbial/kmer-counts-jellyfish/11/SRR10298906.kmer.gz colour: 0
[11 Dec 2019 23:19:34-reJ]  SE reads: 1,285,658  PE reads: 0
[11 Dec 2019 23:19:34-reJ]  good reads: 1,285,658  bad reads: 0
[11 Dec 2019 23:19:34-reJ]  dup SE reads: 0  dup PE pairs: 0
[11 Dec 2019 23:19:34-reJ]  bases read: 14,142,238  bases loaded: 14,142,238
[11 Dec 2019 23:19:34-reJ]  num contigs: 1,285,658  num kmers: 1,285,658 novel kmers: 1,285,658
[11 Dec 2019 23:19:34-reJ] Dumping graph...
[11 Dec 2019 23:19:34-reJ][graphwriter] Saving file to: microbial/bigsi/11/mccortex.SRR10298906.ctx
[11 Dec 2019 23:19:34-reJ][FileFilter] Writing graph  [1 src colour]
[11 Dec 2019 23:19:34-reJ][graphwriter] Dumped 1,285,658 kmers in 1 colour into: microbial/bigsi/11/mccortex.SRR10298906.ctx (ver: 6)
[11 Dec 2019 23:19:34-reJ][memory] We made 19 allocs
[11 Dec 2019 23:19:34-reJ] Done.
[11 Dec 2019 23:19:34-reJ][time] 3.00 seconds
	Command being timed: "mccortex 11 build --nkmers 2100000 --threads 1 --kmer 11 --mem 3G --sample SRR10298906 --seq microbial/kmer-counts-jellyfish/11/SRR10298906.kmer.gz microbial/bigsi/11/mccortex.SRR10298906.ctx"
	User time (seconds): 3.98
	System time (seconds): 0.72
	Percent of CPU this job got: 137%
	Elapsed (wall clock) time (h:mm:ss or m:ss): 0:03.42
	Average shared text size (kbytes): 0
	Average unshared data size (kbytes): 0
	Average stack size (kbytes): 0
	Average total size (kbytes): 0
	Maximum resident set size (kbytes): 34448
	Average resident set size (kbytes): 0
	Major (requiring I/O) page faults: 0
	Minor (reclaiming a frame) page faults: 18747
	Voluntary context switches: 56836
	Involuntary context switches: 26538
	Swaps: 0
	File system inputs: 9552
	File system outputs: 32656
	Socket messages sent: 0
	Socket messages received: 0
	Signals delivered: 0
	Page size (bytes): 4096
	Exit status: 0
