[11 Dec 2019 23:19:31-yOb][cmd] /home/CSCScience.ca/apetkau/miniconda3/envs/bigsi_mccortex/bin/mccortex31 build --nkmers 2100000 --threads 1 --kmer 11 --mem 3G --sample ERR1144976 --seq microbial/kmer-counts-jellyfish/11/ERR1144976.kmer.gz microbial/bigsi/11/mccortex.ERR1144976.ctx
[11 Dec 2019 23:19:31-yOb][cwd] /home/CSCScience.ca/apetkau/workspace/comp7934-project
[11 Dec 2019 23:19:31-yOb][version] mccortex=v0.0.3-610-g400c0e3 zlib=1.2.11 htslib=1.8-17-g699ed53 ASSERTS=ON hash=Lookup3 CHECKS=ON k=3..31
[11 Dec 2019 23:19:31-yOb] Saving graph to: microbial/bigsi/11/mccortex.ERR1144976.ctx
[11 Dec 2019 23:19:31-yOb][sample] 0: ERR1144976
[11 Dec 2019 23:19:31-yOb][task] microbial/kmer-counts-jellyfish/11/ERR1144976.kmer.gz; FASTQ offset: auto-detect, threshold: off; cut homopolymers: off; remove PCR duplicates: no; colour: 0
[11 Dec 2019 23:19:31-yOb][memory] 104 bits per kmer
[11 Dec 2019 23:19:31-yOb] Note: Using less memory than requested (26.9MB < 3GB); allows for 2,162,688 kmers
[11 Dec 2019 23:19:31-yOb][memory] graph: 26.9MB
[11 Dec 2019 23:19:31-yOb][memory] total: 26.9MB of 62.6GB RAM
[11 Dec 2019 23:19:31-yOb] Writing 1 colour graph to microbial/bigsi/11/mccortex.ERR1144976.ctx
[11 Dec 2019 23:19:31-yOb][hasht] Allocating table with 2,162,688 entries, using 16.6MB
[11 Dec 2019 23:19:31-yOb][hasht]  number of buckets: 65,536, bucket size: 33
[11 Dec 2019 23:19:31-yOb][graph] kmer-size: 11; colours: 1; capacity: 2,162,688
[11 Dec 2019 23:19:31-yOb][hasht] buckets: 65,536 [2^16]; bucket size: 33; 
[11 Dec 2019 23:19:31-yOb][hasht] memory: 16.6MB; filled: 0 / 2,162,688 (0.00%)
[11 Dec 2019 23:19:31-yOb][asyncio] Inputs: 1; Threads: 1
[11 Dec 2019 23:19:31-yOb][seq] Parsing sequence file microbial/kmer-counts-jellyfish/11/ERR1144976.kmer.gz
[11 Dec 2019 23:19:32-yOb][seq] Loaded 1,088,558 reads and 0 reads pairs (file: microbial/kmer-counts-jellyfish/11/ERR1144976.kmer.gz)
[11 Dec 2019 23:19:32-yOb][hasht] buckets: 65,536 [2^16]; bucket size: 33; 
[11 Dec 2019 23:19:32-yOb][hasht] memory: 16.6MB; filled: 1,088,558 / 2,162,688 (50.33%)
[11 Dec 2019 23:19:32-yOb][hasht]  collisions  0: 1088542
[11 Dec 2019 23:19:32-yOb][hasht]  collisions  1: 16
[11 Dec 2019 23:19:32-yOb][task] input: microbial/kmer-counts-jellyfish/11/ERR1144976.kmer.gz colour: 0
[11 Dec 2019 23:19:32-yOb]  SE reads: 1,088,558  PE reads: 0
[11 Dec 2019 23:19:32-yOb]  good reads: 1,088,558  bad reads: 0
[11 Dec 2019 23:19:32-yOb]  dup SE reads: 0  dup PE pairs: 0
[11 Dec 2019 23:19:32-yOb]  bases read: 11,974,138  bases loaded: 11,974,138
[11 Dec 2019 23:19:32-yOb]  num contigs: 1,088,558  num kmers: 1,088,558 novel kmers: 1,088,558
[11 Dec 2019 23:19:32-yOb] Dumping graph...
[11 Dec 2019 23:19:32-yOb][graphwriter] Saving file to: microbial/bigsi/11/mccortex.ERR1144976.ctx
[11 Dec 2019 23:19:32-yOb][FileFilter] Writing graph  [1 src colour]
[11 Dec 2019 23:19:33-yOb][graphwriter] Dumped 1,088,558 kmers in 1 colour into: microbial/bigsi/11/mccortex.ERR1144976.ctx (ver: 6)
[11 Dec 2019 23:19:33-yOb][memory] We made 19 allocs
[11 Dec 2019 23:19:33-yOb] Done.
[11 Dec 2019 23:19:33-yOb][time] 2.00 seconds
	Command being timed: "mccortex 11 build --nkmers 2100000 --threads 1 --kmer 11 --mem 3G --sample ERR1144976 --seq microbial/kmer-counts-jellyfish/11/ERR1144976.kmer.gz microbial/bigsi/11/mccortex.ERR1144976.ctx"
	User time (seconds): 2.92
	System time (seconds): 0.54
	Percent of CPU this job got: 170%
	Elapsed (wall clock) time (h:mm:ss or m:ss): 0:02.03
	Average shared text size (kbytes): 0
	Average unshared data size (kbytes): 0
	Average stack size (kbytes): 0
	Average total size (kbytes): 0
	Maximum resident set size (kbytes): 34508
	Average resident set size (kbytes): 0
	Major (requiring I/O) page faults: 0
	Minor (reclaiming a frame) page faults: 18750
	Voluntary context switches: 21193
	Involuntary context switches: 37
	Swaps: 0
	File system inputs: 8144
	File system outputs: 27648
	Socket messages sent: 0
	Socket messages received: 0
	Signals delivered: 0
	Page size (bytes): 4096
	Exit status: 0
