[11 Dec 2019 23:19:31-xIQ][cmd] /home/CSCScience.ca/apetkau/miniconda3/envs/bigsi_mccortex/bin/mccortex31 build --nkmers 2100000 --threads 1 --kmer 11 --mem 3G --sample SRR10298903 --seq microbial/kmer-counts-jellyfish/11/SRR10298903.kmer.gz microbial/bigsi/11/mccortex.SRR10298903.ctx
[11 Dec 2019 23:19:31-xIQ][cwd] /home/CSCScience.ca/apetkau/workspace/comp7934-project
[11 Dec 2019 23:19:31-xIQ][version] mccortex=v0.0.3-610-g400c0e3 zlib=1.2.11 htslib=1.8-17-g699ed53 ASSERTS=ON hash=Lookup3 CHECKS=ON k=3..31
[11 Dec 2019 23:19:31-xIQ] Saving graph to: microbial/bigsi/11/mccortex.SRR10298903.ctx
[11 Dec 2019 23:19:31-xIQ][sample] 0: SRR10298903
[11 Dec 2019 23:19:31-xIQ][task] microbial/kmer-counts-jellyfish/11/SRR10298903.kmer.gz; FASTQ offset: auto-detect, threshold: off; cut homopolymers: off; remove PCR duplicates: no; colour: 0
[11 Dec 2019 23:19:31-xIQ][memory] 104 bits per kmer
[11 Dec 2019 23:19:31-xIQ] Note: Using less memory than requested (26.9MB < 3GB); allows for 2,162,688 kmers
[11 Dec 2019 23:19:31-xIQ][memory] graph: 26.9MB
[11 Dec 2019 23:19:31-xIQ][memory] total: 26.9MB of 62.6GB RAM
[11 Dec 2019 23:19:31-xIQ] Writing 1 colour graph to microbial/bigsi/11/mccortex.SRR10298903.ctx
[11 Dec 2019 23:19:31-xIQ][hasht] Allocating table with 2,162,688 entries, using 16.6MB
[11 Dec 2019 23:19:31-xIQ][hasht]  number of buckets: 65,536, bucket size: 33
[11 Dec 2019 23:19:31-xIQ][graph] kmer-size: 11; colours: 1; capacity: 2,162,688
[11 Dec 2019 23:19:31-xIQ][hasht] buckets: 65,536 [2^16]; bucket size: 33; 
[11 Dec 2019 23:19:31-xIQ][hasht] memory: 16.6MB; filled: 0 / 2,162,688 (0.00%)
[11 Dec 2019 23:19:31-xIQ][asyncio] Inputs: 1; Threads: 1
[11 Dec 2019 23:19:31-xIQ][seq] Parsing sequence file microbial/kmer-counts-jellyfish/11/SRR10298903.kmer.gz
[11 Dec 2019 23:19:33-xIQ][seq] Loaded 1,297,951 reads and 0 reads pairs (file: microbial/kmer-counts-jellyfish/11/SRR10298903.kmer.gz)
[11 Dec 2019 23:19:33-xIQ][hasht] buckets: 65,536 [2^16]; bucket size: 33; 
[11 Dec 2019 23:19:33-xIQ][hasht] memory: 16.6MB; filled: 1,297,951 / 2,162,688 (60.02%)
[11 Dec 2019 23:19:33-xIQ][hasht]  collisions  0: 1297622
[11 Dec 2019 23:19:33-xIQ][hasht]  collisions  1: 328
[11 Dec 2019 23:19:33-xIQ][hasht]  collisions  2: 1
[11 Dec 2019 23:19:33-xIQ][task] input: microbial/kmer-counts-jellyfish/11/SRR10298903.kmer.gz colour: 0
[11 Dec 2019 23:19:33-xIQ]  SE reads: 1,297,951  PE reads: 0
[11 Dec 2019 23:19:33-xIQ]  good reads: 1,297,951  bad reads: 0
[11 Dec 2019 23:19:33-xIQ]  dup SE reads: 0  dup PE pairs: 0
[11 Dec 2019 23:19:33-xIQ]  bases read: 14,277,461  bases loaded: 14,277,461
[11 Dec 2019 23:19:33-xIQ]  num contigs: 1,297,951  num kmers: 1,297,951 novel kmers: 1,297,951
[11 Dec 2019 23:19:33-xIQ] Dumping graph...
[11 Dec 2019 23:19:33-xIQ][graphwriter] Saving file to: microbial/bigsi/11/mccortex.SRR10298903.ctx
[11 Dec 2019 23:19:33-xIQ][FileFilter] Writing graph  [1 src colour]
[11 Dec 2019 23:19:34-xIQ][graphwriter] Dumped 1,297,951 kmers in 1 colour into: microbial/bigsi/11/mccortex.SRR10298903.ctx (ver: 6)
[11 Dec 2019 23:19:34-xIQ][memory] We made 19 allocs
[11 Dec 2019 23:19:34-xIQ] Done.
[11 Dec 2019 23:19:34-xIQ][time] 3.00 seconds
	Command being timed: "mccortex 11 build --nkmers 2100000 --threads 1 --kmer 11 --mem 3G --sample SRR10298903 --seq microbial/kmer-counts-jellyfish/11/SRR10298903.kmer.gz microbial/bigsi/11/mccortex.SRR10298903.ctx"
	User time (seconds): 3.99
	System time (seconds): 0.45
	Percent of CPU this job got: 142%
	Elapsed (wall clock) time (h:mm:ss or m:ss): 0:03.12
	Average shared text size (kbytes): 0
	Average unshared data size (kbytes): 0
	Average stack size (kbytes): 0
	Average total size (kbytes): 0
	Maximum resident set size (kbytes): 34580
	Average resident set size (kbytes): 0
	Major (requiring I/O) page faults: 0
	Minor (reclaiming a frame) page faults: 18754
	Voluntary context switches: 30505
	Involuntary context switches: 16405
	Swaps: 0
	File system inputs: 9632
	File system outputs: 32968
	Socket messages sent: 0
	Socket messages received: 0
	Signals delivered: 0
	Page size (bytes): 4096
	Exit status: 0
