[11 Dec 2019 23:20:05-PIl][cmd] /home/CSCScience.ca/apetkau/miniconda3/envs/bigsi_mccortex/bin/mccortex31 build --nkmers 2100000 --threads 1 --kmer 11 --mem 3G --sample SRR8088184 --seq microbial/kmer-counts-jellyfish/11/SRR8088184.kmer.gz microbial/bigsi/11/mccortex.SRR8088184.ctx
[11 Dec 2019 23:20:05-PIl][cwd] /home/CSCScience.ca/apetkau/workspace/comp7934-project
[11 Dec 2019 23:20:05-PIl][version] mccortex=v0.0.3-610-g400c0e3 zlib=1.2.11 htslib=1.8-17-g699ed53 ASSERTS=ON hash=Lookup3 CHECKS=ON k=3..31
[11 Dec 2019 23:20:05-PIl] Saving graph to: microbial/bigsi/11/mccortex.SRR8088184.ctx
[11 Dec 2019 23:20:05-PIl][sample] 0: SRR8088184
[11 Dec 2019 23:20:05-PIl][task] microbial/kmer-counts-jellyfish/11/SRR8088184.kmer.gz; FASTQ offset: auto-detect, threshold: off; cut homopolymers: off; remove PCR duplicates: no; colour: 0
[11 Dec 2019 23:20:05-PIl][memory] 104 bits per kmer
[11 Dec 2019 23:20:05-PIl] Note: Using less memory than requested (26.9MB < 3GB); allows for 2,162,688 kmers
[11 Dec 2019 23:20:05-PIl][memory] graph: 26.9MB
[11 Dec 2019 23:20:05-PIl][memory] total: 26.9MB of 62.6GB RAM
[11 Dec 2019 23:20:05-PIl] Writing 1 colour graph to microbial/bigsi/11/mccortex.SRR8088184.ctx
[11 Dec 2019 23:20:05-PIl][hasht] Allocating table with 2,162,688 entries, using 16.6MB
[11 Dec 2019 23:20:05-PIl][hasht]  number of buckets: 65,536, bucket size: 33
[11 Dec 2019 23:20:05-PIl][graph] kmer-size: 11; colours: 1; capacity: 2,162,688
[11 Dec 2019 23:20:05-PIl][hasht] buckets: 65,536 [2^16]; bucket size: 33; 
[11 Dec 2019 23:20:05-PIl][hasht] memory: 16.6MB; filled: 0 / 2,162,688 (0.00%)
[11 Dec 2019 23:20:05-PIl][asyncio] Inputs: 1; Threads: 1
[11 Dec 2019 23:20:05-PIl][seq] Parsing sequence file microbial/kmer-counts-jellyfish/11/SRR8088184.kmer.gz
[11 Dec 2019 23:20:06-PIl][seq] Loaded 1,041,436 reads and 0 reads pairs (file: microbial/kmer-counts-jellyfish/11/SRR8088184.kmer.gz)
[11 Dec 2019 23:20:06-PIl][hasht] buckets: 65,536 [2^16]; bucket size: 33; 
[11 Dec 2019 23:20:06-PIl][hasht] memory: 16.6MB; filled: 1,041,436 / 2,162,688 (48.15%)
[11 Dec 2019 23:20:06-PIl][hasht]  collisions  0: 1041422
[11 Dec 2019 23:20:06-PIl][hasht]  collisions  1: 14
[11 Dec 2019 23:20:06-PIl][task] input: microbial/kmer-counts-jellyfish/11/SRR8088184.kmer.gz colour: 0
[11 Dec 2019 23:20:06-PIl]  SE reads: 1,041,436  PE reads: 0
[11 Dec 2019 23:20:06-PIl]  good reads: 1,041,436  bad reads: 0
[11 Dec 2019 23:20:06-PIl]  dup SE reads: 0  dup PE pairs: 0
[11 Dec 2019 23:20:06-PIl]  bases read: 11,455,796  bases loaded: 11,455,796
[11 Dec 2019 23:20:06-PIl]  num contigs: 1,041,436  num kmers: 1,041,436 novel kmers: 1,041,436
[11 Dec 2019 23:20:06-PIl] Dumping graph...
[11 Dec 2019 23:20:06-PIl][graphwriter] Saving file to: microbial/bigsi/11/mccortex.SRR8088184.ctx
[11 Dec 2019 23:20:06-PIl][FileFilter] Writing graph  [1 src colour]
[11 Dec 2019 23:20:06-PIl][graphwriter] Dumped 1,041,436 kmers in 1 colour into: microbial/bigsi/11/mccortex.SRR8088184.ctx (ver: 6)
[11 Dec 2019 23:20:06-PIl][memory] We made 19 allocs
[11 Dec 2019 23:20:06-PIl] Done.
[11 Dec 2019 23:20:06-PIl][time] 1.00 seconds
	Command being timed: "mccortex 11 build --nkmers 2100000 --threads 1 --kmer 11 --mem 3G --sample SRR8088184 --seq microbial/kmer-counts-jellyfish/11/SRR8088184.kmer.gz microbial/bigsi/11/mccortex.SRR8088184.ctx"
	User time (seconds): 1.58
	System time (seconds): 0.29
	Percent of CPU this job got: 179%
	Elapsed (wall clock) time (h:mm:ss or m:ss): 0:01.04
	Average shared text size (kbytes): 0
	Average unshared data size (kbytes): 0
	Average stack size (kbytes): 0
	Average total size (kbytes): 0
	Maximum resident set size (kbytes): 34552
	Average resident set size (kbytes): 0
	Major (requiring I/O) page faults: 0
	Minor (reclaiming a frame) page faults: 11042
	Voluntary context switches: 5662
	Involuntary context switches: 38
	Swaps: 0
	File system inputs: 7752
	File system outputs: 26456
	Socket messages sent: 0
	Socket messages received: 0
	Signals delivered: 0
	Page size (bytes): 4096
	Exit status: 0
