[11 Dec 2019 23:20:02-rEB][cmd] /home/CSCScience.ca/apetkau/miniconda3/envs/bigsi_mccortex/bin/mccortex31 build --nkmers 2100000 --threads 1 --kmer 11 --mem 3G --sample SRR8088182 --seq microbial/kmer-counts-jellyfish/11/SRR8088182.kmer.gz microbial/bigsi/11/mccortex.SRR8088182.ctx
[11 Dec 2019 23:20:02-rEB][cwd] /home/CSCScience.ca/apetkau/workspace/comp7934-project
[11 Dec 2019 23:20:02-rEB][version] mccortex=v0.0.3-610-g400c0e3 zlib=1.2.11 htslib=1.8-17-g699ed53 ASSERTS=ON hash=Lookup3 CHECKS=ON k=3..31
[11 Dec 2019 23:20:02-rEB] Saving graph to: microbial/bigsi/11/mccortex.SRR8088182.ctx
[11 Dec 2019 23:20:02-rEB][sample] 0: SRR8088182
[11 Dec 2019 23:20:02-rEB][task] microbial/kmer-counts-jellyfish/11/SRR8088182.kmer.gz; FASTQ offset: auto-detect, threshold: off; cut homopolymers: off; remove PCR duplicates: no; colour: 0
[11 Dec 2019 23:20:02-rEB][memory] 104 bits per kmer
[11 Dec 2019 23:20:02-rEB] Note: Using less memory than requested (26.9MB < 3GB); allows for 2,162,688 kmers
[11 Dec 2019 23:20:02-rEB][memory] graph: 26.9MB
[11 Dec 2019 23:20:02-rEB][memory] total: 26.9MB of 62.6GB RAM
[11 Dec 2019 23:20:02-rEB] Writing 1 colour graph to microbial/bigsi/11/mccortex.SRR8088182.ctx
[11 Dec 2019 23:20:02-rEB][hasht] Allocating table with 2,162,688 entries, using 16.6MB
[11 Dec 2019 23:20:02-rEB][hasht]  number of buckets: 65,536, bucket size: 33
[11 Dec 2019 23:20:02-rEB][graph] kmer-size: 11; colours: 1; capacity: 2,162,688
[11 Dec 2019 23:20:02-rEB][hasht] buckets: 65,536 [2^16]; bucket size: 33; 
[11 Dec 2019 23:20:02-rEB][hasht] memory: 16.6MB; filled: 0 / 2,162,688 (0.00%)
[11 Dec 2019 23:20:02-rEB][asyncio] Inputs: 1; Threads: 1
[11 Dec 2019 23:20:02-rEB][seq] Parsing sequence file microbial/kmer-counts-jellyfish/11/SRR8088182.kmer.gz
[11 Dec 2019 23:20:03-rEB][seq] Loaded 993,798 reads and 0 reads pairs (file: microbial/kmer-counts-jellyfish/11/SRR8088182.kmer.gz)
[11 Dec 2019 23:20:03-rEB][hasht] buckets: 65,536 [2^16]; bucket size: 33; 
[11 Dec 2019 23:20:03-rEB][hasht] memory: 16.6MB; filled: 993,798 / 2,162,688 (45.95%)
[11 Dec 2019 23:20:03-rEB][hasht]  collisions  0: 993797
[11 Dec 2019 23:20:03-rEB][hasht]  collisions  1: 1
[11 Dec 2019 23:20:03-rEB][task] input: microbial/kmer-counts-jellyfish/11/SRR8088182.kmer.gz colour: 0
[11 Dec 2019 23:20:03-rEB]  SE reads: 993,798  PE reads: 0
[11 Dec 2019 23:20:03-rEB]  good reads: 993,798  bad reads: 0
[11 Dec 2019 23:20:03-rEB]  dup SE reads: 0  dup PE pairs: 0
[11 Dec 2019 23:20:03-rEB]  bases read: 10,931,778  bases loaded: 10,931,778
[11 Dec 2019 23:20:03-rEB]  num contigs: 993,798  num kmers: 993,798 novel kmers: 993,798
[11 Dec 2019 23:20:03-rEB] Dumping graph...
[11 Dec 2019 23:20:03-rEB][graphwriter] Saving file to: microbial/bigsi/11/mccortex.SRR8088182.ctx
[11 Dec 2019 23:20:03-rEB][FileFilter] Writing graph  [1 src colour]
[11 Dec 2019 23:20:03-rEB][graphwriter] Dumped 993,798 kmers in 1 colour into: microbial/bigsi/11/mccortex.SRR8088182.ctx (ver: 6)
[11 Dec 2019 23:20:03-rEB][memory] We made 19 allocs
[11 Dec 2019 23:20:03-rEB] Done.
[11 Dec 2019 23:20:03-rEB][time] 1.00 seconds
	Command being timed: "mccortex 11 build --nkmers 2100000 --threads 1 --kmer 11 --mem 3G --sample SRR8088182 --seq microbial/kmer-counts-jellyfish/11/SRR8088182.kmer.gz microbial/bigsi/11/mccortex.SRR8088182.ctx"
	User time (seconds): 2.69
	System time (seconds): 0.19
	Percent of CPU this job got: 185%
	Elapsed (wall clock) time (h:mm:ss or m:ss): 0:01.55
	Average shared text size (kbytes): 0
	Average unshared data size (kbytes): 0
	Average stack size (kbytes): 0
	Average total size (kbytes): 0
	Maximum resident set size (kbytes): 34556
	Average resident set size (kbytes): 0
	Major (requiring I/O) page faults: 0
	Minor (reclaiming a frame) page faults: 18748
	Voluntary context switches: 9054
	Involuntary context switches: 36
	Swaps: 0
	File system inputs: 7408
	File system outputs: 25248
	Socket messages sent: 0
	Socket messages received: 0
	Signals delivered: 0
	Page size (bytes): 4096
	Exit status: 0
