[11 Dec 2019 23:19:31-cEG][cmd] /home/CSCScience.ca/apetkau/miniconda3/envs/bigsi_mccortex/bin/mccortex31 build --nkmers 2100000 --threads 1 --kmer 11 --mem 3G --sample ERR3655992 --seq microbial/kmer-counts-jellyfish/11/ERR3655992.kmer.gz microbial/bigsi/11/mccortex.ERR3655992.ctx
[11 Dec 2019 23:19:31-cEG][cwd] /home/CSCScience.ca/apetkau/workspace/comp7934-project
[11 Dec 2019 23:19:31-cEG][version] mccortex=v0.0.3-610-g400c0e3 zlib=1.2.11 htslib=1.8-17-g699ed53 ASSERTS=ON hash=Lookup3 CHECKS=ON k=3..31
[11 Dec 2019 23:19:31-cEG] Saving graph to: microbial/bigsi/11/mccortex.ERR3655992.ctx
[11 Dec 2019 23:19:31-cEG][sample] 0: ERR3655992
[11 Dec 2019 23:19:31-cEG][task] microbial/kmer-counts-jellyfish/11/ERR3655992.kmer.gz; FASTQ offset: auto-detect, threshold: off; cut homopolymers: off; remove PCR duplicates: no; colour: 0
[11 Dec 2019 23:19:31-cEG][memory] 104 bits per kmer
[11 Dec 2019 23:19:31-cEG] Note: Using less memory than requested (26.9MB < 3GB); allows for 2,162,688 kmers
[11 Dec 2019 23:19:31-cEG][memory] graph: 26.9MB
[11 Dec 2019 23:19:31-cEG][memory] total: 26.9MB of 62.6GB RAM
[11 Dec 2019 23:19:31-cEG] Writing 1 colour graph to microbial/bigsi/11/mccortex.ERR3655992.ctx
[11 Dec 2019 23:19:31-cEG][hasht] Allocating table with 2,162,688 entries, using 16.6MB
[11 Dec 2019 23:19:31-cEG][hasht]  number of buckets: 65,536, bucket size: 33
[11 Dec 2019 23:19:31-cEG][graph] kmer-size: 11; colours: 1; capacity: 2,162,688
[11 Dec 2019 23:19:31-cEG][hasht] buckets: 65,536 [2^16]; bucket size: 33; 
[11 Dec 2019 23:19:31-cEG][hasht] memory: 16.6MB; filled: 0 / 2,162,688 (0.00%)
[11 Dec 2019 23:19:31-cEG][asyncio] Inputs: 1; Threads: 1
[11 Dec 2019 23:19:31-cEG][seq] Parsing sequence file microbial/kmer-counts-jellyfish/11/ERR3655992.kmer.gz
[11 Dec 2019 23:19:32-cEG][seq] Loaded 1,105,594 reads and 0 reads pairs (file: microbial/kmer-counts-jellyfish/11/ERR3655992.kmer.gz)
[11 Dec 2019 23:19:32-cEG][hasht] buckets: 65,536 [2^16]; bucket size: 33; 
[11 Dec 2019 23:19:32-cEG][hasht] memory: 16.6MB; filled: 1,105,594 / 2,162,688 (51.12%)
[11 Dec 2019 23:19:32-cEG][hasht]  collisions  0: 1105581
[11 Dec 2019 23:19:32-cEG][hasht]  collisions  1: 13
[11 Dec 2019 23:19:32-cEG][task] input: microbial/kmer-counts-jellyfish/11/ERR3655992.kmer.gz colour: 0
[11 Dec 2019 23:19:32-cEG]  SE reads: 1,105,594  PE reads: 0
[11 Dec 2019 23:19:32-cEG]  good reads: 1,105,594  bad reads: 0
[11 Dec 2019 23:19:32-cEG]  dup SE reads: 0  dup PE pairs: 0
[11 Dec 2019 23:19:32-cEG]  bases read: 12,161,534  bases loaded: 12,161,534
[11 Dec 2019 23:19:32-cEG]  num contigs: 1,105,594  num kmers: 1,105,594 novel kmers: 1,105,594
[11 Dec 2019 23:19:32-cEG] Dumping graph...
[11 Dec 2019 23:19:32-cEG][graphwriter] Saving file to: microbial/bigsi/11/mccortex.ERR3655992.ctx
[11 Dec 2019 23:19:32-cEG][FileFilter] Writing graph  [1 src colour]
[11 Dec 2019 23:19:33-cEG][graphwriter] Dumped 1,105,594 kmers in 1 colour into: microbial/bigsi/11/mccortex.ERR3655992.ctx (ver: 6)
[11 Dec 2019 23:19:33-cEG][memory] We made 19 allocs
[11 Dec 2019 23:19:33-cEG] Done.
[11 Dec 2019 23:19:33-cEG][time] 2.00 seconds
	Command being timed: "mccortex 11 build --nkmers 2100000 --threads 1 --kmer 11 --mem 3G --sample ERR3655992 --seq microbial/kmer-counts-jellyfish/11/ERR3655992.kmer.gz microbial/bigsi/11/mccortex.ERR3655992.ctx"
	User time (seconds): 2.61
	System time (seconds): 0.72
	Percent of CPU this job got: 178%
	Elapsed (wall clock) time (h:mm:ss or m:ss): 0:01.87
	Average shared text size (kbytes): 0
	Average unshared data size (kbytes): 0
	Average stack size (kbytes): 0
	Average total size (kbytes): 0
	Maximum resident set size (kbytes): 34384
	Average resident set size (kbytes): 0
	Major (requiring I/O) page faults: 0
	Minor (reclaiming a frame) page faults: 18745
	Voluntary context switches: 46627
	Involuntary context switches: 38
	Swaps: 0
	File system inputs: 8208
	File system outputs: 28080
	Socket messages sent: 0
	Socket messages received: 0
	Signals delivered: 0
	Page size (bytes): 4096
	Exit status: 0
