[11 Dec 2019 23:19:55-MaZ][cmd] /home/CSCScience.ca/apetkau/miniconda3/envs/bigsi_mccortex/bin/mccortex31 build --nkmers 2100000 --threads 1 --kmer 11 --mem 3G --sample SRR10519620 --seq microbial/kmer-counts-jellyfish/11/SRR10519620.kmer.gz microbial/bigsi/11/mccortex.SRR10519620.ctx
[11 Dec 2019 23:19:55-MaZ][cwd] /home/CSCScience.ca/apetkau/workspace/comp7934-project
[11 Dec 2019 23:19:55-MaZ][version] mccortex=v0.0.3-610-g400c0e3 zlib=1.2.11 htslib=1.8-17-g699ed53 ASSERTS=ON hash=Lookup3 CHECKS=ON k=3..31
[11 Dec 2019 23:19:55-MaZ] Saving graph to: microbial/bigsi/11/mccortex.SRR10519620.ctx
[11 Dec 2019 23:19:55-MaZ][sample] 0: SRR10519620
[11 Dec 2019 23:19:55-MaZ][task] microbial/kmer-counts-jellyfish/11/SRR10519620.kmer.gz; FASTQ offset: auto-detect, threshold: off; cut homopolymers: off; remove PCR duplicates: no; colour: 0
[11 Dec 2019 23:19:55-MaZ][memory] 104 bits per kmer
[11 Dec 2019 23:19:55-MaZ] Note: Using less memory than requested (26.9MB < 3GB); allows for 2,162,688 kmers
[11 Dec 2019 23:19:55-MaZ][memory] graph: 26.9MB
[11 Dec 2019 23:19:55-MaZ][memory] total: 26.9MB of 62.6GB RAM
[11 Dec 2019 23:19:55-MaZ] Writing 1 colour graph to microbial/bigsi/11/mccortex.SRR10519620.ctx
[11 Dec 2019 23:19:55-MaZ][hasht] Allocating table with 2,162,688 entries, using 16.6MB
[11 Dec 2019 23:19:55-MaZ][hasht]  number of buckets: 65,536, bucket size: 33
[11 Dec 2019 23:19:55-MaZ][graph] kmer-size: 11; colours: 1; capacity: 2,162,688
[11 Dec 2019 23:19:55-MaZ][hasht] buckets: 65,536 [2^16]; bucket size: 33; 
[11 Dec 2019 23:19:55-MaZ][hasht] memory: 16.6MB; filled: 0 / 2,162,688 (0.00%)
[11 Dec 2019 23:19:55-MaZ][asyncio] Inputs: 1; Threads: 1
[11 Dec 2019 23:19:55-MaZ][seq] Parsing sequence file microbial/kmer-counts-jellyfish/11/SRR10519620.kmer.gz
[11 Dec 2019 23:19:57-MaZ][seq] Loaded 1,390,418 reads and 0 reads pairs (file: microbial/kmer-counts-jellyfish/11/SRR10519620.kmer.gz)
[11 Dec 2019 23:19:57-MaZ][hasht] buckets: 65,536 [2^16]; bucket size: 33; 
[11 Dec 2019 23:19:57-MaZ][hasht] memory: 16.6MB; filled: 1,390,418 / 2,162,688 (64.29%)
[11 Dec 2019 23:19:57-MaZ][hasht]  collisions  0: 1389476
[11 Dec 2019 23:19:57-MaZ][hasht]  collisions  1: 940
[11 Dec 2019 23:19:57-MaZ][hasht]  collisions  2: 2
[11 Dec 2019 23:19:57-MaZ][task] input: microbial/kmer-counts-jellyfish/11/SRR10519620.kmer.gz colour: 0
[11 Dec 2019 23:19:57-MaZ]  SE reads: 1,390,418  PE reads: 0
[11 Dec 2019 23:19:57-MaZ]  good reads: 1,390,418  bad reads: 0
[11 Dec 2019 23:19:57-MaZ]  dup SE reads: 0  dup PE pairs: 0
[11 Dec 2019 23:19:57-MaZ]  bases read: 15,294,598  bases loaded: 15,294,598
[11 Dec 2019 23:19:57-MaZ]  num contigs: 1,390,418  num kmers: 1,390,418 novel kmers: 1,390,418
[11 Dec 2019 23:19:57-MaZ] Dumping graph...
[11 Dec 2019 23:19:57-MaZ][graphwriter] Saving file to: microbial/bigsi/11/mccortex.SRR10519620.ctx
[11 Dec 2019 23:19:57-MaZ][FileFilter] Writing graph  [1 src colour]
[11 Dec 2019 23:19:58-MaZ][graphwriter] Dumped 1,390,418 kmers in 1 colour into: microbial/bigsi/11/mccortex.SRR10519620.ctx (ver: 6)
[11 Dec 2019 23:19:58-MaZ][memory] We made 19 allocs
[11 Dec 2019 23:19:58-MaZ] Done.
[11 Dec 2019 23:19:58-MaZ][time] 3.00 seconds
	Command being timed: "mccortex 11 build --nkmers 2100000 --threads 1 --kmer 11 --mem 3G --sample SRR10519620 --seq microbial/kmer-counts-jellyfish/11/SRR10519620.kmer.gz microbial/bigsi/11/mccortex.SRR10519620.ctx"
	User time (seconds): 3.51
	System time (seconds): 0.31
	Percent of CPU this job got: 164%
	Elapsed (wall clock) time (h:mm:ss or m:ss): 0:02.32
	Average shared text size (kbytes): 0
	Average unshared data size (kbytes): 0
	Average stack size (kbytes): 0
	Average total size (kbytes): 0
	Maximum resident set size (kbytes): 34492
	Average resident set size (kbytes): 0
	Major (requiring I/O) page faults: 0
	Minor (reclaiming a frame) page faults: 18747
	Voluntary context switches: 10206
	Involuntary context switches: 4378
	Swaps: 0
	File system inputs: 10312
	File system outputs: 35312
	Socket messages sent: 0
	Socket messages received: 0
	Signals delivered: 0
	Page size (bytes): 4096
	Exit status: 0
