[11 Dec 2019 23:19:51-LIn][cmd] /home/CSCScience.ca/apetkau/miniconda3/envs/bigsi_mccortex/bin/mccortex31 build --nkmers 2100000 --threads 1 --kmer 11 --mem 3G --sample SRR10513325 --seq microbial/kmer-counts-jellyfish/11/SRR10513325.kmer.gz microbial/bigsi/11/mccortex.SRR10513325.ctx
[11 Dec 2019 23:19:51-LIn][cwd] /home/CSCScience.ca/apetkau/workspace/comp7934-project
[11 Dec 2019 23:19:51-LIn][version] mccortex=v0.0.3-610-g400c0e3 zlib=1.2.11 htslib=1.8-17-g699ed53 ASSERTS=ON hash=Lookup3 CHECKS=ON k=3..31
[11 Dec 2019 23:19:51-LIn] Saving graph to: microbial/bigsi/11/mccortex.SRR10513325.ctx
[11 Dec 2019 23:19:51-LIn][sample] 0: SRR10513325
[11 Dec 2019 23:19:51-LIn][task] microbial/kmer-counts-jellyfish/11/SRR10513325.kmer.gz; FASTQ offset: auto-detect, threshold: off; cut homopolymers: off; remove PCR duplicates: no; colour: 0
[11 Dec 2019 23:19:51-LIn][memory] 104 bits per kmer
[11 Dec 2019 23:19:51-LIn] Note: Using less memory than requested (26.9MB < 3GB); allows for 2,162,688 kmers
[11 Dec 2019 23:19:51-LIn][memory] graph: 26.9MB
[11 Dec 2019 23:19:51-LIn][memory] total: 26.9MB of 62.6GB RAM
[11 Dec 2019 23:19:51-LIn] Writing 1 colour graph to microbial/bigsi/11/mccortex.SRR10513325.ctx
[11 Dec 2019 23:19:51-LIn][hasht] Allocating table with 2,162,688 entries, using 16.6MB
[11 Dec 2019 23:19:51-LIn][hasht]  number of buckets: 65,536, bucket size: 33
[11 Dec 2019 23:19:51-LIn][graph] kmer-size: 11; colours: 1; capacity: 2,162,688
[11 Dec 2019 23:19:51-LIn][hasht] buckets: 65,536 [2^16]; bucket size: 33; 
[11 Dec 2019 23:19:51-LIn][hasht] memory: 16.6MB; filled: 0 / 2,162,688 (0.00%)
[11 Dec 2019 23:19:51-LIn][asyncio] Inputs: 1; Threads: 1
[11 Dec 2019 23:19:51-LIn][seq] Parsing sequence file microbial/kmer-counts-jellyfish/11/SRR10513325.kmer.gz
[11 Dec 2019 23:19:53-LIn][seq] Loaded 1,063,922 reads and 0 reads pairs (file: microbial/kmer-counts-jellyfish/11/SRR10513325.kmer.gz)
[11 Dec 2019 23:19:53-LIn][hasht] buckets: 65,536 [2^16]; bucket size: 33; 
[11 Dec 2019 23:19:53-LIn][hasht] memory: 16.6MB; filled: 1,063,922 / 2,162,688 (49.19%)
[11 Dec 2019 23:19:53-LIn][hasht]  collisions  0: 1063907
[11 Dec 2019 23:19:53-LIn][hasht]  collisions  1: 15
[11 Dec 2019 23:19:53-LIn][task] input: microbial/kmer-counts-jellyfish/11/SRR10513325.kmer.gz colour: 0
[11 Dec 2019 23:19:53-LIn]  SE reads: 1,063,922  PE reads: 0
[11 Dec 2019 23:19:53-LIn]  good reads: 1,063,922  bad reads: 0
[11 Dec 2019 23:19:53-LIn]  dup SE reads: 0  dup PE pairs: 0
[11 Dec 2019 23:19:53-LIn]  bases read: 11,703,142  bases loaded: 11,703,142
[11 Dec 2019 23:19:53-LIn]  num contigs: 1,063,922  num kmers: 1,063,922 novel kmers: 1,063,922
[11 Dec 2019 23:19:53-LIn] Dumping graph...
[11 Dec 2019 23:19:53-LIn][graphwriter] Saving file to: microbial/bigsi/11/mccortex.SRR10513325.ctx
[11 Dec 2019 23:19:53-LIn][FileFilter] Writing graph  [1 src colour]
[11 Dec 2019 23:19:53-LIn][graphwriter] Dumped 1,063,922 kmers in 1 colour into: microbial/bigsi/11/mccortex.SRR10513325.ctx (ver: 6)
[11 Dec 2019 23:19:53-LIn][memory] We made 19 allocs
[11 Dec 2019 23:19:53-LIn] Done.
[11 Dec 2019 23:19:53-LIn][time] 2.00 seconds
	Command being timed: "mccortex 11 build --nkmers 2100000 --threads 1 --kmer 11 --mem 3G --sample SRR10513325 --seq microbial/kmer-counts-jellyfish/11/SRR10513325.kmer.gz microbial/bigsi/11/mccortex.SRR10513325.ctx"
	User time (seconds): 3.32
	System time (seconds): 0.34
	Percent of CPU this job got: 176%
	Elapsed (wall clock) time (h:mm:ss or m:ss): 0:02.07
	Average shared text size (kbytes): 0
	Average unshared data size (kbytes): 0
	Average stack size (kbytes): 0
	Average total size (kbytes): 0
	Maximum resident set size (kbytes): 34500
	Average resident set size (kbytes): 0
	Major (requiring I/O) page faults: 0
	Minor (reclaiming a frame) page faults: 18746
	Voluntary context switches: 21221
	Involuntary context switches: 4224
	Swaps: 0
	File system inputs: 7928
	File system outputs: 27024
	Socket messages sent: 0
	Socket messages received: 0
	Signals delivered: 0
	Page size (bytes): 4096
	Exit status: 0
