[11 Dec 2019 23:19:31-pob][cmd] /home/CSCScience.ca/apetkau/miniconda3/envs/bigsi_mccortex/bin/mccortex31 build --nkmers 2100000 --threads 1 --kmer 11 --mem 3G --sample SRR10298904 --seq microbial/kmer-counts-jellyfish/11/SRR10298904.kmer.gz microbial/bigsi/11/mccortex.SRR10298904.ctx
[11 Dec 2019 23:19:31-pob][cwd] /home/CSCScience.ca/apetkau/workspace/comp7934-project
[11 Dec 2019 23:19:31-pob][version] mccortex=v0.0.3-610-g400c0e3 zlib=1.2.11 htslib=1.8-17-g699ed53 ASSERTS=ON hash=Lookup3 CHECKS=ON k=3..31
[11 Dec 2019 23:19:31-pob] Saving graph to: microbial/bigsi/11/mccortex.SRR10298904.ctx
[11 Dec 2019 23:19:31-pob][sample] 0: SRR10298904
[11 Dec 2019 23:19:31-pob][task] microbial/kmer-counts-jellyfish/11/SRR10298904.kmer.gz; FASTQ offset: auto-detect, threshold: off; cut homopolymers: off; remove PCR duplicates: no; colour: 0
[11 Dec 2019 23:19:31-pob][memory] 104 bits per kmer
[11 Dec 2019 23:19:31-pob] Note: Using less memory than requested (26.9MB < 3GB); allows for 2,162,688 kmers
[11 Dec 2019 23:19:31-pob][memory] graph: 26.9MB
[11 Dec 2019 23:19:31-pob][memory] total: 26.9MB of 62.6GB RAM
[11 Dec 2019 23:19:31-pob] Writing 1 colour graph to microbial/bigsi/11/mccortex.SRR10298904.ctx
[11 Dec 2019 23:19:31-pob][hasht] Allocating table with 2,162,688 entries, using 16.6MB
[11 Dec 2019 23:19:31-pob][hasht]  number of buckets: 65,536, bucket size: 33
[11 Dec 2019 23:19:31-pob][graph] kmer-size: 11; colours: 1; capacity: 2,162,688
[11 Dec 2019 23:19:31-pob][hasht] buckets: 65,536 [2^16]; bucket size: 33; 
[11 Dec 2019 23:19:31-pob][hasht] memory: 16.6MB; filled: 0 / 2,162,688 (0.00%)
[11 Dec 2019 23:19:31-pob][asyncio] Inputs: 1; Threads: 1
[11 Dec 2019 23:19:31-pob][seq] Parsing sequence file microbial/kmer-counts-jellyfish/11/SRR10298904.kmer.gz
[11 Dec 2019 23:19:33-pob][seq] Loaded 1,261,787 reads and 0 reads pairs (file: microbial/kmer-counts-jellyfish/11/SRR10298904.kmer.gz)
[11 Dec 2019 23:19:33-pob][hasht] buckets: 65,536 [2^16]; bucket size: 33; 
[11 Dec 2019 23:19:33-pob][hasht] memory: 16.6MB; filled: 1,261,787 / 2,162,688 (58.34%)
[11 Dec 2019 23:19:33-pob][hasht]  collisions  0: 1261581
[11 Dec 2019 23:19:33-pob][hasht]  collisions  1: 206
[11 Dec 2019 23:19:33-pob][task] input: microbial/kmer-counts-jellyfish/11/SRR10298904.kmer.gz colour: 0
[11 Dec 2019 23:19:33-pob]  SE reads: 1,261,787  PE reads: 0
[11 Dec 2019 23:19:33-pob]  good reads: 1,261,787  bad reads: 0
[11 Dec 2019 23:19:33-pob]  dup SE reads: 0  dup PE pairs: 0
[11 Dec 2019 23:19:33-pob]  bases read: 13,879,657  bases loaded: 13,879,657
[11 Dec 2019 23:19:33-pob]  num contigs: 1,261,787  num kmers: 1,261,787 novel kmers: 1,261,787
[11 Dec 2019 23:19:33-pob] Dumping graph...
[11 Dec 2019 23:19:33-pob][graphwriter] Saving file to: microbial/bigsi/11/mccortex.SRR10298904.ctx
[11 Dec 2019 23:19:33-pob][FileFilter] Writing graph  [1 src colour]
[11 Dec 2019 23:19:33-pob][graphwriter] Dumped 1,261,787 kmers in 1 colour into: microbial/bigsi/11/mccortex.SRR10298904.ctx (ver: 6)
[11 Dec 2019 23:19:33-pob][memory] We made 19 allocs
[11 Dec 2019 23:19:33-pob] Done.
[11 Dec 2019 23:19:33-pob][time] 2.00 seconds
	Command being timed: "mccortex 11 build --nkmers 2100000 --threads 1 --kmer 11 --mem 3G --sample SRR10298904 --seq microbial/kmer-counts-jellyfish/11/SRR10298904.kmer.gz microbial/bigsi/11/mccortex.SRR10298904.ctx"
	User time (seconds): 2.87
	System time (seconds): 0.94
	Percent of CPU this job got: 148%
	Elapsed (wall clock) time (h:mm:ss or m:ss): 0:02.57
	Average shared text size (kbytes): 0
	Average unshared data size (kbytes): 0
	Average stack size (kbytes): 0
	Average total size (kbytes): 0
	Maximum resident set size (kbytes): 34504
	Average resident set size (kbytes): 0
	Major (requiring I/O) page faults: 0
	Minor (reclaiming a frame) page faults: 18758
	Voluntary context switches: 91399
	Involuntary context switches: 12770
	Swaps: 0
	File system inputs: 9368
	File system outputs: 32048
	Socket messages sent: 0
	Socket messages received: 0
	Signals delivered: 0
	Page size (bytes): 4096
	Exit status: 0
