[11 Dec 2019 23:19:58-Yoy][cmd] /home/CSCScience.ca/apetkau/miniconda3/envs/bigsi_mccortex/bin/mccortex31 build --nkmers 2100000 --threads 1 --kmer 11 --mem 3G --sample SRR10527353 --seq microbial/kmer-counts-jellyfish/11/SRR10527353.kmer.gz microbial/bigsi/11/mccortex.SRR10527353.ctx
[11 Dec 2019 23:19:58-Yoy][cwd] /home/CSCScience.ca/apetkau/workspace/comp7934-project
[11 Dec 2019 23:19:58-Yoy][version] mccortex=v0.0.3-610-g400c0e3 zlib=1.2.11 htslib=1.8-17-g699ed53 ASSERTS=ON hash=Lookup3 CHECKS=ON k=3..31
[11 Dec 2019 23:19:58-Yoy] Saving graph to: microbial/bigsi/11/mccortex.SRR10527353.ctx
[11 Dec 2019 23:19:58-Yoy][sample] 0: SRR10527353
[11 Dec 2019 23:19:58-Yoy][task] microbial/kmer-counts-jellyfish/11/SRR10527353.kmer.gz; FASTQ offset: auto-detect, threshold: off; cut homopolymers: off; remove PCR duplicates: no; colour: 0
[11 Dec 2019 23:19:58-Yoy][memory] 104 bits per kmer
[11 Dec 2019 23:19:58-Yoy] Note: Using less memory than requested (26.9MB < 3GB); allows for 2,162,688 kmers
[11 Dec 2019 23:19:58-Yoy][memory] graph: 26.9MB
[11 Dec 2019 23:19:58-Yoy][memory] total: 26.9MB of 62.6GB RAM
[11 Dec 2019 23:19:58-Yoy] Writing 1 colour graph to microbial/bigsi/11/mccortex.SRR10527353.ctx
[11 Dec 2019 23:19:58-Yoy][hasht] Allocating table with 2,162,688 entries, using 16.6MB
[11 Dec 2019 23:19:58-Yoy][hasht]  number of buckets: 65,536, bucket size: 33
[11 Dec 2019 23:19:58-Yoy][graph] kmer-size: 11; colours: 1; capacity: 2,162,688
[11 Dec 2019 23:19:58-Yoy][hasht] buckets: 65,536 [2^16]; bucket size: 33; 
[11 Dec 2019 23:19:58-Yoy][hasht] memory: 16.6MB; filled: 0 / 2,162,688 (0.00%)
[11 Dec 2019 23:19:58-Yoy][asyncio] Inputs: 1; Threads: 1
[11 Dec 2019 23:19:58-Yoy][seq] Parsing sequence file microbial/kmer-counts-jellyfish/11/SRR10527353.kmer.gz
[11 Dec 2019 23:20:01-Yoy][seq] Loaded 1,435,534 reads and 0 reads pairs (file: microbial/kmer-counts-jellyfish/11/SRR10527353.kmer.gz)
[11 Dec 2019 23:20:01-Yoy][hasht] buckets: 65,536 [2^16]; bucket size: 33; 
[11 Dec 2019 23:20:01-Yoy][hasht] memory: 16.6MB; filled: 1,435,534 / 2,162,688 (66.38%)
[11 Dec 2019 23:20:01-Yoy][hasht]  collisions  0: 1434091
[11 Dec 2019 23:20:01-Yoy][hasht]  collisions  1: 1431
[11 Dec 2019 23:20:01-Yoy][hasht]  collisions  2: 12
[11 Dec 2019 23:20:01-Yoy][task] input: microbial/kmer-counts-jellyfish/11/SRR10527353.kmer.gz colour: 0
[11 Dec 2019 23:20:01-Yoy]  SE reads: 1,435,534  PE reads: 0
[11 Dec 2019 23:20:01-Yoy]  good reads: 1,435,534  bad reads: 0
[11 Dec 2019 23:20:01-Yoy]  dup SE reads: 0  dup PE pairs: 0
[11 Dec 2019 23:20:01-Yoy]  bases read: 15,790,874  bases loaded: 15,790,874
[11 Dec 2019 23:20:01-Yoy]  num contigs: 1,435,534  num kmers: 1,435,534 novel kmers: 1,435,534
[11 Dec 2019 23:20:01-Yoy] Dumping graph...
[11 Dec 2019 23:20:01-Yoy][graphwriter] Saving file to: microbial/bigsi/11/mccortex.SRR10527353.ctx
[11 Dec 2019 23:20:01-Yoy][FileFilter] Writing graph  [1 src colour]
[11 Dec 2019 23:20:01-Yoy][graphwriter] Dumped 1,435,534 kmers in 1 colour into: microbial/bigsi/11/mccortex.SRR10527353.ctx (ver: 6)
[11 Dec 2019 23:20:01-Yoy][memory] We made 19 allocs
[11 Dec 2019 23:20:01-Yoy] Done.
[11 Dec 2019 23:20:01-Yoy][time] 3.00 seconds
	Command being timed: "mccortex 11 build --nkmers 2100000 --threads 1 --kmer 11 --mem 3G --sample SRR10527353 --seq microbial/kmer-counts-jellyfish/11/SRR10527353.kmer.gz microbial/bigsi/11/mccortex.SRR10527353.ctx"
	User time (seconds): 4.29
	System time (seconds): 0.29
	Percent of CPU this job got: 178%
	Elapsed (wall clock) time (h:mm:ss or m:ss): 0:02.57
	Average shared text size (kbytes): 0
	Average unshared data size (kbytes): 0
	Average stack size (kbytes): 0
	Average total size (kbytes): 0
	Maximum resident set size (kbytes): 34508
	Average resident set size (kbytes): 0
	Major (requiring I/O) page faults: 0
	Minor (reclaiming a frame) page faults: 18754
	Voluntary context switches: 11759
	Involuntary context switches: 3216
	Swaps: 0
	File system inputs: 10816
	File system outputs: 36464
	Socket messages sent: 0
	Socket messages received: 0
	Signals delivered: 0
	Page size (bytes): 4096
	Exit status: 0
