[11 Dec 2019 23:20:06-mit][cmd] /home/CSCScience.ca/apetkau/miniconda3/envs/bigsi_mccortex/bin/mccortex31 build --nkmers 2100000 --threads 1 --kmer 11 --mem 3G --sample SRR8088185 --seq microbial/kmer-counts-jellyfish/11/SRR8088185.kmer.gz microbial/bigsi/11/mccortex.SRR8088185.ctx
[11 Dec 2019 23:20:06-mit][cwd] /home/CSCScience.ca/apetkau/workspace/comp7934-project
[11 Dec 2019 23:20:06-mit][version] mccortex=v0.0.3-610-g400c0e3 zlib=1.2.11 htslib=1.8-17-g699ed53 ASSERTS=ON hash=Lookup3 CHECKS=ON k=3..31
[11 Dec 2019 23:20:06-mit] Saving graph to: microbial/bigsi/11/mccortex.SRR8088185.ctx
[11 Dec 2019 23:20:06-mit][sample] 0: SRR8088185
[11 Dec 2019 23:20:06-mit][task] microbial/kmer-counts-jellyfish/11/SRR8088185.kmer.gz; FASTQ offset: auto-detect, threshold: off; cut homopolymers: off; remove PCR duplicates: no; colour: 0
[11 Dec 2019 23:20:06-mit][memory] 104 bits per kmer
[11 Dec 2019 23:20:06-mit] Note: Using less memory than requested (26.9MB < 3GB); allows for 2,162,688 kmers
[11 Dec 2019 23:20:06-mit][memory] graph: 26.9MB
[11 Dec 2019 23:20:06-mit][memory] total: 26.9MB of 62.6GB RAM
[11 Dec 2019 23:20:06-mit] Writing 1 colour graph to microbial/bigsi/11/mccortex.SRR8088185.ctx
[11 Dec 2019 23:20:06-mit][hasht] Allocating table with 2,162,688 entries, using 16.6MB
[11 Dec 2019 23:20:06-mit][hasht]  number of buckets: 65,536, bucket size: 33
[11 Dec 2019 23:20:06-mit][graph] kmer-size: 11; colours: 1; capacity: 2,162,688
[11 Dec 2019 23:20:06-mit][hasht] buckets: 65,536 [2^16]; bucket size: 33; 
[11 Dec 2019 23:20:06-mit][hasht] memory: 16.6MB; filled: 0 / 2,162,688 (0.00%)
[11 Dec 2019 23:20:06-mit][asyncio] Inputs: 1; Threads: 1
[11 Dec 2019 23:20:06-mit][seq] Parsing sequence file microbial/kmer-counts-jellyfish/11/SRR8088185.kmer.gz
[11 Dec 2019 23:20:07-mit][seq] Loaded 983,179 reads and 0 reads pairs (file: microbial/kmer-counts-jellyfish/11/SRR8088185.kmer.gz)
[11 Dec 2019 23:20:07-mit][hasht] buckets: 65,536 [2^16]; bucket size: 33; 
[11 Dec 2019 23:20:07-mit][hasht] memory: 16.6MB; filled: 983,179 / 2,162,688 (45.46%)
[11 Dec 2019 23:20:07-mit][hasht]  collisions  0: 983178
[11 Dec 2019 23:20:07-mit][hasht]  collisions  1: 1
[11 Dec 2019 23:20:07-mit][task] input: microbial/kmer-counts-jellyfish/11/SRR8088185.kmer.gz colour: 0
[11 Dec 2019 23:20:07-mit]  SE reads: 983,179  PE reads: 0
[11 Dec 2019 23:20:07-mit]  good reads: 983,179  bad reads: 0
[11 Dec 2019 23:20:07-mit]  dup SE reads: 0  dup PE pairs: 0
[11 Dec 2019 23:20:07-mit]  bases read: 10,814,969  bases loaded: 10,814,969
[11 Dec 2019 23:20:07-mit]  num contigs: 983,179  num kmers: 983,179 novel kmers: 983,179
[11 Dec 2019 23:20:07-mit] Dumping graph...
[11 Dec 2019 23:20:07-mit][graphwriter] Saving file to: microbial/bigsi/11/mccortex.SRR8088185.ctx
[11 Dec 2019 23:20:07-mit][FileFilter] Writing graph  [1 src colour]
[11 Dec 2019 23:20:07-mit][graphwriter] Dumped 983,179 kmers in 1 colour into: microbial/bigsi/11/mccortex.SRR8088185.ctx (ver: 6)
[11 Dec 2019 23:20:07-mit][memory] We made 19 allocs
[11 Dec 2019 23:20:07-mit] Done.
[11 Dec 2019 23:20:07-mit][time] 1.00 seconds
	Command being timed: "mccortex 11 build --nkmers 2100000 --threads 1 --kmer 11 --mem 3G --sample SRR8088185 --seq microbial/kmer-counts-jellyfish/11/SRR8088185.kmer.gz microbial/bigsi/11/mccortex.SRR8088185.ctx"
	User time (seconds): 1.22
	System time (seconds): 0.28
	Percent of CPU this job got: 165%
	Elapsed (wall clock) time (h:mm:ss or m:ss): 0:00.91
	Average shared text size (kbytes): 0
	Average unshared data size (kbytes): 0
	Average stack size (kbytes): 0
	Average total size (kbytes): 0
	Maximum resident set size (kbytes): 34432
	Average resident set size (kbytes): 0
	Major (requiring I/O) page faults: 0
	Minor (reclaiming a frame) page faults: 11047
	Voluntary context switches: 17240
	Involuntary context switches: 12752
	Swaps: 0
	File system inputs: 7320
	File system outputs: 24976
	Socket messages sent: 0
	Socket messages received: 0
	Signals delivered: 0
	Page size (bytes): 4096
	Exit status: 0
