[11 Dec 2019 23:19:31-FUs][cmd] /home/CSCScience.ca/apetkau/miniconda3/envs/bigsi_mccortex/bin/mccortex31 build --nkmers 2100000 --threads 1 --kmer 11 --mem 3G --sample SRR10512964 --seq microbial/kmer-counts-jellyfish/11/SRR10512964.kmer.gz microbial/bigsi/11/mccortex.SRR10512964.ctx
[11 Dec 2019 23:19:31-FUs][cwd] /home/CSCScience.ca/apetkau/workspace/comp7934-project
[11 Dec 2019 23:19:31-FUs][version] mccortex=v0.0.3-610-g400c0e3 zlib=1.2.11 htslib=1.8-17-g699ed53 ASSERTS=ON hash=Lookup3 CHECKS=ON k=3..31
[11 Dec 2019 23:19:31-FUs] Saving graph to: microbial/bigsi/11/mccortex.SRR10512964.ctx
[11 Dec 2019 23:19:31-FUs][sample] 0: SRR10512964
[11 Dec 2019 23:19:31-FUs][task] microbial/kmer-counts-jellyfish/11/SRR10512964.kmer.gz; FASTQ offset: auto-detect, threshold: off; cut homopolymers: off; remove PCR duplicates: no; colour: 0
[11 Dec 2019 23:19:31-FUs][memory] 104 bits per kmer
[11 Dec 2019 23:19:31-FUs] Note: Using less memory than requested (26.9MB < 3GB); allows for 2,162,688 kmers
[11 Dec 2019 23:19:31-FUs][memory] graph: 26.9MB
[11 Dec 2019 23:19:31-FUs][memory] total: 26.9MB of 62.6GB RAM
[11 Dec 2019 23:19:31-FUs] Writing 1 colour graph to microbial/bigsi/11/mccortex.SRR10512964.ctx
[11 Dec 2019 23:19:31-FUs][hasht] Allocating table with 2,162,688 entries, using 16.6MB
[11 Dec 2019 23:19:31-FUs][hasht]  number of buckets: 65,536, bucket size: 33
[11 Dec 2019 23:19:31-FUs][graph] kmer-size: 11; colours: 1; capacity: 2,162,688
[11 Dec 2019 23:19:31-FUs][hasht] buckets: 65,536 [2^16]; bucket size: 33; 
[11 Dec 2019 23:19:31-FUs][hasht] memory: 16.6MB; filled: 0 / 2,162,688 (0.00%)
[11 Dec 2019 23:19:31-FUs][asyncio] Inputs: 1; Threads: 1
[11 Dec 2019 23:19:31-FUs][seq] Parsing sequence file microbial/kmer-counts-jellyfish/11/SRR10512964.kmer.gz
[11 Dec 2019 23:19:34-FUs][seq] Loaded 1,614,103 reads and 0 reads pairs (file: microbial/kmer-counts-jellyfish/11/SRR10512964.kmer.gz)
[11 Dec 2019 23:19:34-FUs][hasht] buckets: 65,536 [2^16]; bucket size: 33; 
[11 Dec 2019 23:19:34-FUs][hasht] memory: 16.6MB; filled: 1,614,103 / 2,162,688 (74.63%)
[11 Dec 2019 23:19:34-FUs][hasht]  collisions  0: 1606081
[11 Dec 2019 23:19:34-FUs][hasht]  collisions  1: 7744
[11 Dec 2019 23:19:34-FUs][hasht]  collisions  2: 269
[11 Dec 2019 23:19:34-FUs][hasht]  collisions  3: 8
[11 Dec 2019 23:19:34-FUs][hasht]  collisions  4: 1
[11 Dec 2019 23:19:34-FUs][task] input: microbial/kmer-counts-jellyfish/11/SRR10512964.kmer.gz colour: 0
[11 Dec 2019 23:19:34-FUs]  SE reads: 1,614,103  PE reads: 0
[11 Dec 2019 23:19:34-FUs]  good reads: 1,614,103  bad reads: 0
[11 Dec 2019 23:19:34-FUs]  dup SE reads: 0  dup PE pairs: 0
[11 Dec 2019 23:19:34-FUs]  bases read: 17,755,133  bases loaded: 17,755,133
[11 Dec 2019 23:19:34-FUs]  num contigs: 1,614,103  num kmers: 1,614,103 novel kmers: 1,614,103
[11 Dec 2019 23:19:34-FUs] Dumping graph...
[11 Dec 2019 23:19:34-FUs][graphwriter] Saving file to: microbial/bigsi/11/mccortex.SRR10512964.ctx
[11 Dec 2019 23:19:34-FUs][FileFilter] Writing graph  [1 src colour]
[11 Dec 2019 23:19:34-FUs][graphwriter] Dumped 1,614,103 kmers in 1 colour into: microbial/bigsi/11/mccortex.SRR10512964.ctx (ver: 6)
[11 Dec 2019 23:19:34-FUs][memory] We made 19 allocs
[11 Dec 2019 23:19:34-FUs] Done.
[11 Dec 2019 23:19:34-FUs][time] 3.00 seconds
	Command being timed: "mccortex 11 build --nkmers 2100000 --threads 1 --kmer 11 --mem 3G --sample SRR10512964 --seq microbial/kmer-counts-jellyfish/11/SRR10512964.kmer.gz microbial/bigsi/11/mccortex.SRR10512964.ctx"
	User time (seconds): 3.84
	System time (seconds): 0.83
	Percent of CPU this job got: 133%
	Elapsed (wall clock) time (h:mm:ss or m:ss): 0:03.51
	Average shared text size (kbytes): 0
	Average unshared data size (kbytes): 0
	Average stack size (kbytes): 0
	Average total size (kbytes): 0
	Maximum resident set size (kbytes): 34500
	Average resident set size (kbytes): 0
	Major (requiring I/O) page faults: 0
	Minor (reclaiming a frame) page faults: 18756
	Voluntary context switches: 77867
	Involuntary context switches: 49228
	Swaps: 0
	File system inputs: 11920
	File system outputs: 40992
	Socket messages sent: 0
	Socket messages received: 0
	Signals delivered: 0
	Page size (bytes): 4096
	Exit status: 0
