[11 Dec 2019 23:19:56-PiG][cmd] /home/CSCScience.ca/apetkau/miniconda3/envs/bigsi_mccortex/bin/mccortex31 build --nkmers 2100000 --threads 1 --kmer 11 --mem 3G --sample SRR10527349 --seq microbial/kmer-counts-jellyfish/11/SRR10527349.kmer.gz microbial/bigsi/11/mccortex.SRR10527349.ctx
[11 Dec 2019 23:19:56-PiG][cwd] /home/CSCScience.ca/apetkau/workspace/comp7934-project
[11 Dec 2019 23:19:56-PiG][version] mccortex=v0.0.3-610-g400c0e3 zlib=1.2.11 htslib=1.8-17-g699ed53 ASSERTS=ON hash=Lookup3 CHECKS=ON k=3..31
[11 Dec 2019 23:19:56-PiG] Saving graph to: microbial/bigsi/11/mccortex.SRR10527349.ctx
[11 Dec 2019 23:19:56-PiG][sample] 0: SRR10527349
[11 Dec 2019 23:19:56-PiG][task] microbial/kmer-counts-jellyfish/11/SRR10527349.kmer.gz; FASTQ offset: auto-detect, threshold: off; cut homopolymers: off; remove PCR duplicates: no; colour: 0
[11 Dec 2019 23:19:56-PiG][memory] 104 bits per kmer
[11 Dec 2019 23:19:56-PiG] Note: Using less memory than requested (26.9MB < 3GB); allows for 2,162,688 kmers
[11 Dec 2019 23:19:56-PiG][memory] graph: 26.9MB
[11 Dec 2019 23:19:56-PiG][memory] total: 26.9MB of 62.6GB RAM
[11 Dec 2019 23:19:56-PiG] Writing 1 colour graph to microbial/bigsi/11/mccortex.SRR10527349.ctx
[11 Dec 2019 23:19:56-PiG][hasht] Allocating table with 2,162,688 entries, using 16.6MB
[11 Dec 2019 23:19:56-PiG][hasht]  number of buckets: 65,536, bucket size: 33
[11 Dec 2019 23:19:56-PiG][graph] kmer-size: 11; colours: 1; capacity: 2,162,688
[11 Dec 2019 23:19:56-PiG][hasht] buckets: 65,536 [2^16]; bucket size: 33; 
[11 Dec 2019 23:19:56-PiG][hasht] memory: 16.6MB; filled: 0 / 2,162,688 (0.00%)
[11 Dec 2019 23:19:56-PiG][asyncio] Inputs: 1; Threads: 1
[11 Dec 2019 23:19:56-PiG][seq] Parsing sequence file microbial/kmer-counts-jellyfish/11/SRR10527349.kmer.gz
[11 Dec 2019 23:19:58-PiG][seq] Loaded 1,385,480 reads and 0 reads pairs (file: microbial/kmer-counts-jellyfish/11/SRR10527349.kmer.gz)
[11 Dec 2019 23:19:58-PiG][hasht] buckets: 65,536 [2^16]; bucket size: 33; 
[11 Dec 2019 23:19:58-PiG][hasht] memory: 16.6MB; filled: 1,385,480 / 2,162,688 (64.06%)
[11 Dec 2019 23:19:58-PiG][hasht]  collisions  0: 1384459
[11 Dec 2019 23:19:58-PiG][hasht]  collisions  1: 1016
[11 Dec 2019 23:19:58-PiG][hasht]  collisions  2: 5
[11 Dec 2019 23:19:58-PiG][task] input: microbial/kmer-counts-jellyfish/11/SRR10527349.kmer.gz colour: 0
[11 Dec 2019 23:19:58-PiG]  SE reads: 1,385,480  PE reads: 0
[11 Dec 2019 23:19:58-PiG]  good reads: 1,385,480  bad reads: 0
[11 Dec 2019 23:19:58-PiG]  dup SE reads: 0  dup PE pairs: 0
[11 Dec 2019 23:19:58-PiG]  bases read: 15,240,280  bases loaded: 15,240,280
[11 Dec 2019 23:19:58-PiG]  num contigs: 1,385,480  num kmers: 1,385,480 novel kmers: 1,385,480
[11 Dec 2019 23:19:58-PiG] Dumping graph...
[11 Dec 2019 23:19:58-PiG][graphwriter] Saving file to: microbial/bigsi/11/mccortex.SRR10527349.ctx
[11 Dec 2019 23:19:58-PiG][FileFilter] Writing graph  [1 src colour]
[11 Dec 2019 23:19:58-PiG][graphwriter] Dumped 1,385,480 kmers in 1 colour into: microbial/bigsi/11/mccortex.SRR10527349.ctx (ver: 6)
[11 Dec 2019 23:19:58-PiG][memory] We made 19 allocs
[11 Dec 2019 23:19:58-PiG] Done.
[11 Dec 2019 23:19:58-PiG][time] 2.00 seconds
	Command being timed: "mccortex 11 build --nkmers 2100000 --threads 1 --kmer 11 --mem 3G --sample SRR10527349 --seq microbial/kmer-counts-jellyfish/11/SRR10527349.kmer.gz microbial/bigsi/11/mccortex.SRR10527349.ctx"
	User time (seconds): 3.20
	System time (seconds): 0.55
	Percent of CPU this job got: 151%
	Elapsed (wall clock) time (h:mm:ss or m:ss): 0:02.49
	Average shared text size (kbytes): 0
	Average unshared data size (kbytes): 0
	Average stack size (kbytes): 0
	Average total size (kbytes): 0
	Maximum resident set size (kbytes): 34648
	Average resident set size (kbytes): 0
	Major (requiring I/O) page faults: 0
	Minor (reclaiming a frame) page faults: 18755
	Voluntary context switches: 50622
	Involuntary context switches: 46655
	Swaps: 0
	File system inputs: 10272
	File system outputs: 35192
	Socket messages sent: 0
	Socket messages received: 0
	Signals delivered: 0
	Page size (bytes): 4096
	Exit status: 0
