[11 Dec 2019 23:19:31-CUh][cmd] /home/CSCScience.ca/apetkau/miniconda3/envs/bigsi_mccortex/bin/mccortex31 build --nkmers 2100000 --threads 1 --kmer 11 --mem 3G --sample ERR3655994 --seq microbial/kmer-counts-jellyfish/11/ERR3655994.kmer.gz microbial/bigsi/11/mccortex.ERR3655994.ctx
[11 Dec 2019 23:19:31-CUh][cwd] /home/CSCScience.ca/apetkau/workspace/comp7934-project
[11 Dec 2019 23:19:31-CUh][version] mccortex=v0.0.3-610-g400c0e3 zlib=1.2.11 htslib=1.8-17-g699ed53 ASSERTS=ON hash=Lookup3 CHECKS=ON k=3..31
[11 Dec 2019 23:19:31-CUh] Saving graph to: microbial/bigsi/11/mccortex.ERR3655994.ctx
[11 Dec 2019 23:19:31-CUh][sample] 0: ERR3655994
[11 Dec 2019 23:19:31-CUh][task] microbial/kmer-counts-jellyfish/11/ERR3655994.kmer.gz; FASTQ offset: auto-detect, threshold: off; cut homopolymers: off; remove PCR duplicates: no; colour: 0
[11 Dec 2019 23:19:31-CUh][memory] 104 bits per kmer
[11 Dec 2019 23:19:31-CUh] Note: Using less memory than requested (26.9MB < 3GB); allows for 2,162,688 kmers
[11 Dec 2019 23:19:31-CUh][memory] graph: 26.9MB
[11 Dec 2019 23:19:31-CUh][memory] total: 26.9MB of 62.6GB RAM
[11 Dec 2019 23:19:31-CUh] Writing 1 colour graph to microbial/bigsi/11/mccortex.ERR3655994.ctx
[11 Dec 2019 23:19:31-CUh][hasht] Allocating table with 2,162,688 entries, using 16.6MB
[11 Dec 2019 23:19:31-CUh][hasht]  number of buckets: 65,536, bucket size: 33
[11 Dec 2019 23:19:31-CUh][graph] kmer-size: 11; colours: 1; capacity: 2,162,688
[11 Dec 2019 23:19:31-CUh][hasht] buckets: 65,536 [2^16]; bucket size: 33; 
[11 Dec 2019 23:19:31-CUh][hasht] memory: 16.6MB; filled: 0 / 2,162,688 (0.00%)
[11 Dec 2019 23:19:31-CUh][asyncio] Inputs: 1; Threads: 1
[11 Dec 2019 23:19:31-CUh][seq] Parsing sequence file microbial/kmer-counts-jellyfish/11/ERR3655994.kmer.gz
[11 Dec 2019 23:19:32-CUh][seq] Loaded 1,206,426 reads and 0 reads pairs (file: microbial/kmer-counts-jellyfish/11/ERR3655994.kmer.gz)
[11 Dec 2019 23:19:32-CUh][hasht] buckets: 65,536 [2^16]; bucket size: 33; 
[11 Dec 2019 23:19:32-CUh][hasht] memory: 16.6MB; filled: 1,206,426 / 2,162,688 (55.78%)
[11 Dec 2019 23:19:32-CUh][hasht]  collisions  0: 1206325
[11 Dec 2019 23:19:32-CUh][hasht]  collisions  1: 101
[11 Dec 2019 23:19:32-CUh][task] input: microbial/kmer-counts-jellyfish/11/ERR3655994.kmer.gz colour: 0
[11 Dec 2019 23:19:32-CUh]  SE reads: 1,206,426  PE reads: 0
[11 Dec 2019 23:19:32-CUh]  good reads: 1,206,426  bad reads: 0
[11 Dec 2019 23:19:32-CUh]  dup SE reads: 0  dup PE pairs: 0
[11 Dec 2019 23:19:32-CUh]  bases read: 13,270,686  bases loaded: 13,270,686
[11 Dec 2019 23:19:32-CUh]  num contigs: 1,206,426  num kmers: 1,206,426 novel kmers: 1,206,426
[11 Dec 2019 23:19:32-CUh] Dumping graph...
[11 Dec 2019 23:19:32-CUh][graphwriter] Saving file to: microbial/bigsi/11/mccortex.ERR3655994.ctx
[11 Dec 2019 23:19:32-CUh][FileFilter] Writing graph  [1 src colour]
[11 Dec 2019 23:19:32-CUh][graphwriter] Dumped 1,206,426 kmers in 1 colour into: microbial/bigsi/11/mccortex.ERR3655994.ctx (ver: 6)
[11 Dec 2019 23:19:32-CUh][memory] We made 19 allocs
[11 Dec 2019 23:19:32-CUh] Done.
[11 Dec 2019 23:19:32-CUh][time] 1.00 seconds
	Command being timed: "mccortex 11 build --nkmers 2100000 --threads 1 --kmer 11 --mem 3G --sample ERR3655994 --seq microbial/kmer-counts-jellyfish/11/ERR3655994.kmer.gz microbial/bigsi/11/mccortex.ERR3655994.ctx"
	User time (seconds): 2.38
	System time (seconds): 0.59
	Percent of CPU this job got: 180%
	Elapsed (wall clock) time (h:mm:ss or m:ss): 0:01.65
	Average shared text size (kbytes): 0
	Average unshared data size (kbytes): 0
	Average stack size (kbytes): 0
	Average total size (kbytes): 0
	Maximum resident set size (kbytes): 34472
	Average resident set size (kbytes): 0
	Major (requiring I/O) page faults: 0
	Minor (reclaiming a frame) page faults: 18750
	Voluntary context switches: 15486
	Involuntary context switches: 26
	Swaps: 0
	File system inputs: 8944
	File system outputs: 30648
	Socket messages sent: 0
	Socket messages received: 0
	Signals delivered: 0
	Page size (bytes): 4096
	Exit status: 0
