[11 Dec 2019 23:19:54-WOF][cmd] /home/CSCScience.ca/apetkau/miniconda3/envs/bigsi_mccortex/bin/mccortex31 build --nkmers 2100000 --threads 1 --kmer 11 --mem 3G --sample SRR10519616 --seq microbial/kmer-counts-jellyfish/11/SRR10519616.kmer.gz microbial/bigsi/11/mccortex.SRR10519616.ctx
[11 Dec 2019 23:19:54-WOF][cwd] /home/CSCScience.ca/apetkau/workspace/comp7934-project
[11 Dec 2019 23:19:54-WOF][version] mccortex=v0.0.3-610-g400c0e3 zlib=1.2.11 htslib=1.8-17-g699ed53 ASSERTS=ON hash=Lookup3 CHECKS=ON k=3..31
[11 Dec 2019 23:19:54-WOF] Saving graph to: microbial/bigsi/11/mccortex.SRR10519616.ctx
[11 Dec 2019 23:19:54-WOF][sample] 0: SRR10519616
[11 Dec 2019 23:19:54-WOF][task] microbial/kmer-counts-jellyfish/11/SRR10519616.kmer.gz; FASTQ offset: auto-detect, threshold: off; cut homopolymers: off; remove PCR duplicates: no; colour: 0
[11 Dec 2019 23:19:54-WOF][memory] 104 bits per kmer
[11 Dec 2019 23:19:54-WOF] Note: Using less memory than requested (26.9MB < 3GB); allows for 2,162,688 kmers
[11 Dec 2019 23:19:54-WOF][memory] graph: 26.9MB
[11 Dec 2019 23:19:54-WOF][memory] total: 26.9MB of 62.6GB RAM
[11 Dec 2019 23:19:54-WOF] Writing 1 colour graph to microbial/bigsi/11/mccortex.SRR10519616.ctx
[11 Dec 2019 23:19:54-WOF][hasht] Allocating table with 2,162,688 entries, using 16.6MB
[11 Dec 2019 23:19:54-WOF][hasht]  number of buckets: 65,536, bucket size: 33
[11 Dec 2019 23:19:54-WOF][graph] kmer-size: 11; colours: 1; capacity: 2,162,688
[11 Dec 2019 23:19:54-WOF][hasht] buckets: 65,536 [2^16]; bucket size: 33; 
[11 Dec 2019 23:19:54-WOF][hasht] memory: 16.6MB; filled: 0 / 2,162,688 (0.00%)
[11 Dec 2019 23:19:54-WOF][asyncio] Inputs: 1; Threads: 1
[11 Dec 2019 23:19:54-WOF][seq] Parsing sequence file microbial/kmer-counts-jellyfish/11/SRR10519616.kmer.gz
[11 Dec 2019 23:19:56-WOF][seq] Loaded 1,417,698 reads and 0 reads pairs (file: microbial/kmer-counts-jellyfish/11/SRR10519616.kmer.gz)
[11 Dec 2019 23:19:56-WOF][hasht] buckets: 65,536 [2^16]; bucket size: 33; 
[11 Dec 2019 23:19:56-WOF][hasht] memory: 16.6MB; filled: 1,417,698 / 2,162,688 (65.55%)
[11 Dec 2019 23:19:56-WOF][hasht]  collisions  0: 1416352
[11 Dec 2019 23:19:56-WOF][hasht]  collisions  1: 1336
[11 Dec 2019 23:19:56-WOF][hasht]  collisions  2: 10
[11 Dec 2019 23:19:56-WOF][task] input: microbial/kmer-counts-jellyfish/11/SRR10519616.kmer.gz colour: 0
[11 Dec 2019 23:19:56-WOF]  SE reads: 1,417,698  PE reads: 0
[11 Dec 2019 23:19:56-WOF]  good reads: 1,417,698  bad reads: 0
[11 Dec 2019 23:19:56-WOF]  dup SE reads: 0  dup PE pairs: 0
[11 Dec 2019 23:19:56-WOF]  bases read: 15,594,678  bases loaded: 15,594,678
[11 Dec 2019 23:19:56-WOF]  num contigs: 1,417,698  num kmers: 1,417,698 novel kmers: 1,417,698
[11 Dec 2019 23:19:56-WOF] Dumping graph...
[11 Dec 2019 23:19:56-WOF][graphwriter] Saving file to: microbial/bigsi/11/mccortex.SRR10519616.ctx
[11 Dec 2019 23:19:56-WOF][FileFilter] Writing graph  [1 src colour]
[11 Dec 2019 23:19:56-WOF][graphwriter] Dumped 1,417,698 kmers in 1 colour into: microbial/bigsi/11/mccortex.SRR10519616.ctx (ver: 6)
[11 Dec 2019 23:19:56-WOF][memory] We made 19 allocs
[11 Dec 2019 23:19:56-WOF] Done.
[11 Dec 2019 23:19:56-WOF][time] 2.00 seconds
	Command being timed: "mccortex 11 build --nkmers 2100000 --threads 1 --kmer 11 --mem 3G --sample SRR10519616 --seq microbial/kmer-counts-jellyfish/11/SRR10519616.kmer.gz microbial/bigsi/11/mccortex.SRR10519616.ctx"
	User time (seconds): 2.84
	System time (seconds): 0.37
	Percent of CPU this job got: 177%
	Elapsed (wall clock) time (h:mm:ss or m:ss): 0:01.81
	Average shared text size (kbytes): 0
	Average unshared data size (kbytes): 0
	Average stack size (kbytes): 0
	Average total size (kbytes): 0
	Maximum resident set size (kbytes): 34452
	Average resident set size (kbytes): 0
	Major (requiring I/O) page faults: 0
	Minor (reclaiming a frame) page faults: 18748
	Voluntary context switches: 18568
	Involuntary context switches: 61
	Swaps: 0
	File system inputs: 10512
	File system outputs: 36008
	Socket messages sent: 0
	Socket messages received: 0
	Signals delivered: 0
	Page size (bytes): 4096
	Exit status: 0
