[11 Dec 2019 23:19:56-fUR][cmd] /home/CSCScience.ca/apetkau/miniconda3/envs/bigsi_mccortex/bin/mccortex31 build --nkmers 2100000 --threads 1 --kmer 11 --mem 3G --sample SRR10527351 --seq microbial/kmer-counts-jellyfish/11/SRR10527351.kmer.gz microbial/bigsi/11/mccortex.SRR10527351.ctx
[11 Dec 2019 23:19:56-fUR][cwd] /home/CSCScience.ca/apetkau/workspace/comp7934-project
[11 Dec 2019 23:19:56-fUR][version] mccortex=v0.0.3-610-g400c0e3 zlib=1.2.11 htslib=1.8-17-g699ed53 ASSERTS=ON hash=Lookup3 CHECKS=ON k=3..31
[11 Dec 2019 23:19:56-fUR] Saving graph to: microbial/bigsi/11/mccortex.SRR10527351.ctx
[11 Dec 2019 23:19:56-fUR][sample] 0: SRR10527351
[11 Dec 2019 23:19:56-fUR][task] microbial/kmer-counts-jellyfish/11/SRR10527351.kmer.gz; FASTQ offset: auto-detect, threshold: off; cut homopolymers: off; remove PCR duplicates: no; colour: 0
[11 Dec 2019 23:19:56-fUR][memory] 104 bits per kmer
[11 Dec 2019 23:19:56-fUR] Note: Using less memory than requested (26.9MB < 3GB); allows for 2,162,688 kmers
[11 Dec 2019 23:19:56-fUR][memory] graph: 26.9MB
[11 Dec 2019 23:19:56-fUR][memory] total: 26.9MB of 62.6GB RAM
[11 Dec 2019 23:19:56-fUR] Writing 1 colour graph to microbial/bigsi/11/mccortex.SRR10527351.ctx
[11 Dec 2019 23:19:56-fUR][hasht] Allocating table with 2,162,688 entries, using 16.6MB
[11 Dec 2019 23:19:56-fUR][hasht]  number of buckets: 65,536, bucket size: 33
[11 Dec 2019 23:19:56-fUR][graph] kmer-size: 11; colours: 1; capacity: 2,162,688
[11 Dec 2019 23:19:56-fUR][hasht] buckets: 65,536 [2^16]; bucket size: 33; 
[11 Dec 2019 23:19:56-fUR][hasht] memory: 16.6MB; filled: 0 / 2,162,688 (0.00%)
[11 Dec 2019 23:19:56-fUR][asyncio] Inputs: 1; Threads: 1
[11 Dec 2019 23:19:56-fUR][seq] Parsing sequence file microbial/kmer-counts-jellyfish/11/SRR10527351.kmer.gz
[11 Dec 2019 23:19:58-fUR][seq] Loaded 1,395,409 reads and 0 reads pairs (file: microbial/kmer-counts-jellyfish/11/SRR10527351.kmer.gz)
[11 Dec 2019 23:19:58-fUR][hasht] buckets: 65,536 [2^16]; bucket size: 33; 
[11 Dec 2019 23:19:58-fUR][hasht] memory: 16.6MB; filled: 1,395,409 / 2,162,688 (64.52%)
[11 Dec 2019 23:19:58-fUR][hasht]  collisions  0: 1394454
[11 Dec 2019 23:19:58-fUR][hasht]  collisions  1: 951
[11 Dec 2019 23:19:58-fUR][hasht]  collisions  2: 4
[11 Dec 2019 23:19:58-fUR][task] input: microbial/kmer-counts-jellyfish/11/SRR10527351.kmer.gz colour: 0
[11 Dec 2019 23:19:58-fUR]  SE reads: 1,395,409  PE reads: 0
[11 Dec 2019 23:19:58-fUR]  good reads: 1,395,409  bad reads: 0
[11 Dec 2019 23:19:58-fUR]  dup SE reads: 0  dup PE pairs: 0
[11 Dec 2019 23:19:58-fUR]  bases read: 15,349,499  bases loaded: 15,349,499
[11 Dec 2019 23:19:58-fUR]  num contigs: 1,395,409  num kmers: 1,395,409 novel kmers: 1,395,409
[11 Dec 2019 23:19:58-fUR] Dumping graph...
[11 Dec 2019 23:19:58-fUR][graphwriter] Saving file to: microbial/bigsi/11/mccortex.SRR10527351.ctx
[11 Dec 2019 23:19:58-fUR][FileFilter] Writing graph  [1 src colour]
[11 Dec 2019 23:19:58-fUR][graphwriter] Dumped 1,395,409 kmers in 1 colour into: microbial/bigsi/11/mccortex.SRR10527351.ctx (ver: 6)
[11 Dec 2019 23:19:58-fUR][memory] We made 19 allocs
[11 Dec 2019 23:19:58-fUR] Done.
[11 Dec 2019 23:19:58-fUR][time] 2.00 seconds
	Command being timed: "mccortex 11 build --nkmers 2100000 --threads 1 --kmer 11 --mem 3G --sample SRR10527351 --seq microbial/kmer-counts-jellyfish/11/SRR10527351.kmer.gz microbial/bigsi/11/mccortex.SRR10527351.ctx"
	User time (seconds): 2.30
	System time (seconds): 0.51
	Percent of CPU this job got: 144%
	Elapsed (wall clock) time (h:mm:ss or m:ss): 0:01.94
	Average shared text size (kbytes): 0
	Average unshared data size (kbytes): 0
	Average stack size (kbytes): 0
	Average total size (kbytes): 0
	Maximum resident set size (kbytes): 34444
	Average resident set size (kbytes): 0
	Major (requiring I/O) page faults: 0
	Minor (reclaiming a frame) page faults: 18760
	Voluntary context switches: 18567
	Involuntary context switches: 20482
	Swaps: 0
	File system inputs: 10344
	File system outputs: 35440
	Socket messages sent: 0
	Socket messages received: 0
	Signals delivered: 0
	Page size (bytes): 4096
	Exit status: 0
