[11 Dec 2019 23:19:31-Xaf][cmd] /home/CSCScience.ca/apetkau/miniconda3/envs/bigsi_mccortex/bin/mccortex31 build --nkmers 2100000 --threads 1 --kmer 11 --mem 3G --sample ERR3656002 --seq microbial/kmer-counts-jellyfish/11/ERR3656002.kmer.gz microbial/bigsi/11/mccortex.ERR3656002.ctx
[11 Dec 2019 23:19:31-Xaf][cwd] /home/CSCScience.ca/apetkau/workspace/comp7934-project
[11 Dec 2019 23:19:31-Xaf][version] mccortex=v0.0.3-610-g400c0e3 zlib=1.2.11 htslib=1.8-17-g699ed53 ASSERTS=ON hash=Lookup3 CHECKS=ON k=3..31
[11 Dec 2019 23:19:31-Xaf] Saving graph to: microbial/bigsi/11/mccortex.ERR3656002.ctx
[11 Dec 2019 23:19:31-Xaf][sample] 0: ERR3656002
[11 Dec 2019 23:19:31-Xaf][task] microbial/kmer-counts-jellyfish/11/ERR3656002.kmer.gz; FASTQ offset: auto-detect, threshold: off; cut homopolymers: off; remove PCR duplicates: no; colour: 0
[11 Dec 2019 23:19:31-Xaf][memory] 104 bits per kmer
[11 Dec 2019 23:19:31-Xaf] Note: Using less memory than requested (26.9MB < 3GB); allows for 2,162,688 kmers
[11 Dec 2019 23:19:31-Xaf][memory] graph: 26.9MB
[11 Dec 2019 23:19:31-Xaf][memory] total: 26.9MB of 62.6GB RAM
[11 Dec 2019 23:19:31-Xaf] Writing 1 colour graph to microbial/bigsi/11/mccortex.ERR3656002.ctx
[11 Dec 2019 23:19:31-Xaf][hasht] Allocating table with 2,162,688 entries, using 16.6MB
[11 Dec 2019 23:19:31-Xaf][hasht]  number of buckets: 65,536, bucket size: 33
[11 Dec 2019 23:19:31-Xaf][graph] kmer-size: 11; colours: 1; capacity: 2,162,688
[11 Dec 2019 23:19:31-Xaf][hasht] buckets: 65,536 [2^16]; bucket size: 33; 
[11 Dec 2019 23:19:31-Xaf][hasht] memory: 16.6MB; filled: 0 / 2,162,688 (0.00%)
[11 Dec 2019 23:19:31-Xaf][asyncio] Inputs: 1; Threads: 1
[11 Dec 2019 23:19:31-Xaf][seq] Parsing sequence file microbial/kmer-counts-jellyfish/11/ERR3656002.kmer.gz
[11 Dec 2019 23:19:33-Xaf][seq] Loaded 1,204,807 reads and 0 reads pairs (file: microbial/kmer-counts-jellyfish/11/ERR3656002.kmer.gz)
[11 Dec 2019 23:19:33-Xaf][hasht] buckets: 65,536 [2^16]; bucket size: 33; 
[11 Dec 2019 23:19:33-Xaf][hasht] memory: 16.6MB; filled: 1,204,807 / 2,162,688 (55.71%)
[11 Dec 2019 23:19:33-Xaf][hasht]  collisions  0: 1204733
[11 Dec 2019 23:19:33-Xaf][hasht]  collisions  1: 73
[11 Dec 2019 23:19:33-Xaf][hasht]  collisions  2: 1
[11 Dec 2019 23:19:33-Xaf][task] input: microbial/kmer-counts-jellyfish/11/ERR3656002.kmer.gz colour: 0
[11 Dec 2019 23:19:33-Xaf]  SE reads: 1,204,807  PE reads: 0
[11 Dec 2019 23:19:33-Xaf]  good reads: 1,204,807  bad reads: 0
[11 Dec 2019 23:19:33-Xaf]  dup SE reads: 0  dup PE pairs: 0
[11 Dec 2019 23:19:33-Xaf]  bases read: 13,252,877  bases loaded: 13,252,877
[11 Dec 2019 23:19:33-Xaf]  num contigs: 1,204,807  num kmers: 1,204,807 novel kmers: 1,204,807
[11 Dec 2019 23:19:33-Xaf] Dumping graph...
[11 Dec 2019 23:19:33-Xaf][graphwriter] Saving file to: microbial/bigsi/11/mccortex.ERR3656002.ctx
[11 Dec 2019 23:19:33-Xaf][FileFilter] Writing graph  [1 src colour]
[11 Dec 2019 23:19:33-Xaf][graphwriter] Dumped 1,204,807 kmers in 1 colour into: microbial/bigsi/11/mccortex.ERR3656002.ctx (ver: 6)
[11 Dec 2019 23:19:33-Xaf][memory] We made 19 allocs
[11 Dec 2019 23:19:33-Xaf] Done.
[11 Dec 2019 23:19:33-Xaf][time] 2.00 seconds
	Command being timed: "mccortex 11 build --nkmers 2100000 --threads 1 --kmer 11 --mem 3G --sample ERR3656002 --seq microbial/kmer-counts-jellyfish/11/ERR3656002.kmer.gz microbial/bigsi/11/mccortex.ERR3656002.ctx"
	User time (seconds): 3.65
	System time (seconds): 0.53
	Percent of CPU this job got: 148%
	Elapsed (wall clock) time (h:mm:ss or m:ss): 0:02.82
	Average shared text size (kbytes): 0
	Average unshared data size (kbytes): 0
	Average stack size (kbytes): 0
	Average total size (kbytes): 0
	Maximum resident set size (kbytes): 34624
	Average resident set size (kbytes): 0
	Major (requiring I/O) page faults: 0
	Minor (reclaiming a frame) page faults: 18749
	Voluntary context switches: 24724
	Involuntary context switches: 15134
	Swaps: 0
	File system inputs: 8944
	File system outputs: 30600
	Socket messages sent: 0
	Socket messages received: 0
	Signals delivered: 0
	Page size (bytes): 4096
	Exit status: 0
