[11 Dec 2019 23:19:31-fod][cmd] /home/CSCScience.ca/apetkau/miniconda3/envs/bigsi_mccortex/bin/mccortex31 build --nkmers 2100000 --threads 1 --kmer 11 --mem 3G --sample SRR10298907 --seq microbial/kmer-counts-jellyfish/11/SRR10298907.kmer.gz microbial/bigsi/11/mccortex.SRR10298907.ctx
[11 Dec 2019 23:19:31-fod][cwd] /home/CSCScience.ca/apetkau/workspace/comp7934-project
[11 Dec 2019 23:19:31-fod][version] mccortex=v0.0.3-610-g400c0e3 zlib=1.2.11 htslib=1.8-17-g699ed53 ASSERTS=ON hash=Lookup3 CHECKS=ON k=3..31
[11 Dec 2019 23:19:31-fod] Saving graph to: microbial/bigsi/11/mccortex.SRR10298907.ctx
[11 Dec 2019 23:19:31-fod][sample] 0: SRR10298907
[11 Dec 2019 23:19:31-fod][task] microbial/kmer-counts-jellyfish/11/SRR10298907.kmer.gz; FASTQ offset: auto-detect, threshold: off; cut homopolymers: off; remove PCR duplicates: no; colour: 0
[11 Dec 2019 23:19:31-fod][memory] 104 bits per kmer
[11 Dec 2019 23:19:31-fod] Note: Using less memory than requested (26.9MB < 3GB); allows for 2,162,688 kmers
[11 Dec 2019 23:19:31-fod][memory] graph: 26.9MB
[11 Dec 2019 23:19:31-fod][memory] total: 26.9MB of 62.6GB RAM
[11 Dec 2019 23:19:31-fod] Writing 1 colour graph to microbial/bigsi/11/mccortex.SRR10298907.ctx
[11 Dec 2019 23:19:31-fod][hasht] Allocating table with 2,162,688 entries, using 16.6MB
[11 Dec 2019 23:19:31-fod][hasht]  number of buckets: 65,536, bucket size: 33
[11 Dec 2019 23:19:31-fod][graph] kmer-size: 11; colours: 1; capacity: 2,162,688
[11 Dec 2019 23:19:31-fod][hasht] buckets: 65,536 [2^16]; bucket size: 33; 
[11 Dec 2019 23:19:31-fod][hasht] memory: 16.6MB; filled: 0 / 2,162,688 (0.00%)
[11 Dec 2019 23:19:31-fod][asyncio] Inputs: 1; Threads: 1
[11 Dec 2019 23:19:31-fod][seq] Parsing sequence file microbial/kmer-counts-jellyfish/11/SRR10298907.kmer.gz
[11 Dec 2019 23:19:33-fod][seq] Loaded 1,310,702 reads and 0 reads pairs (file: microbial/kmer-counts-jellyfish/11/SRR10298907.kmer.gz)
[11 Dec 2019 23:19:33-fod][hasht] buckets: 65,536 [2^16]; bucket size: 33; 
[11 Dec 2019 23:19:33-fod][hasht] memory: 16.6MB; filled: 1,310,702 / 2,162,688 (60.61%)
[11 Dec 2019 23:19:33-fod][hasht]  collisions  0: 1310348
[11 Dec 2019 23:19:33-fod][hasht]  collisions  1: 353
[11 Dec 2019 23:19:33-fod][hasht]  collisions  2: 1
[11 Dec 2019 23:19:33-fod][task] input: microbial/kmer-counts-jellyfish/11/SRR10298907.kmer.gz colour: 0
[11 Dec 2019 23:19:33-fod]  SE reads: 1,310,702  PE reads: 0
[11 Dec 2019 23:19:33-fod]  good reads: 1,310,702  bad reads: 0
[11 Dec 2019 23:19:33-fod]  dup SE reads: 0  dup PE pairs: 0
[11 Dec 2019 23:19:33-fod]  bases read: 14,417,722  bases loaded: 14,417,722
[11 Dec 2019 23:19:33-fod]  num contigs: 1,310,702  num kmers: 1,310,702 novel kmers: 1,310,702
[11 Dec 2019 23:19:33-fod] Dumping graph...
[11 Dec 2019 23:19:33-fod][graphwriter] Saving file to: microbial/bigsi/11/mccortex.SRR10298907.ctx
[11 Dec 2019 23:19:33-fod][FileFilter] Writing graph  [1 src colour]
[11 Dec 2019 23:19:33-fod][graphwriter] Dumped 1,310,702 kmers in 1 colour into: microbial/bigsi/11/mccortex.SRR10298907.ctx (ver: 6)
[11 Dec 2019 23:19:33-fod][memory] We made 19 allocs
[11 Dec 2019 23:19:33-fod] Done.
[11 Dec 2019 23:19:33-fod][time] 2.00 seconds
	Command being timed: "mccortex 11 build --nkmers 2100000 --threads 1 --kmer 11 --mem 3G --sample SRR10298907 --seq microbial/kmer-counts-jellyfish/11/SRR10298907.kmer.gz microbial/bigsi/11/mccortex.SRR10298907.ctx"
	User time (seconds): 3.16
	System time (seconds): 0.80
	Percent of CPU this job got: 157%
	Elapsed (wall clock) time (h:mm:ss or m:ss): 0:02.52
	Average shared text size (kbytes): 0
	Average unshared data size (kbytes): 0
	Average stack size (kbytes): 0
	Average total size (kbytes): 0
	Maximum resident set size (kbytes): 34572
	Average resident set size (kbytes): 0
	Major (requiring I/O) page faults: 0
	Minor (reclaiming a frame) page faults: 18754
	Voluntary context switches: 66989
	Involuntary context switches: 19954
	Swaps: 0
	File system inputs: 9736
	File system outputs: 33288
	Socket messages sent: 0
	Socket messages received: 0
	Signals delivered: 0
	Page size (bytes): 4096
	Exit status: 0
