skesa --cores 4 --fastq microbial/data-downsampled/SRR10521983.fastq.gz --contigs_out microbial/assembly/SRR10521983.fasta 

Total reads: 101155
Reads acquired in  0.552810s wall, 0.540000s user + 0.000000s system = 0.540000s CPU (97.7%)

Kmer len: 19
Raw kmers: 8214607 Memory needed (GB): 0.15772 Memory available (GB): 30 1 cycle(s) will be performed
Distinct kmers: 0
Kmer count in  0.581438s wall, 2.080000s user + 0.140000s system = 2.220000s CPU (381.8%)
Uniq kmers merging in  0.000857s wall, 0.000000s user + 0.000000s system = 0.000000s CPU (n/a%)
Adapters: 0 Reads before: 101155 Sequence before: 10035397 Reads after: 101155 Sequence after: 10035397
Adapters clipped in  0.582404s wall, 2.080000s user + 0.140000s system = 2.220000s CPU (381.2%)

Kmer len: 21
Raw kmers: 8012297 Memory needed (GB): 0.153836 Memory available (GB): 29.9971 1 cycle(s) will be performed
Distinct kmers: 1415416
Kmer count in  0.737786s wall, 2.510000s user + 0.070000s system = 2.580000s CPU (349.7%)
Uniq kmers merging in  0.072707s wall, 0.080000s user + 0.050000s system = 0.130000s CPU (178.8%)
Kmers branching in  0.921080s wall, 3.090000s user + 0.000000s system = 3.090000s CPU (335.5%)

Average read length: 99
Genome size estimate: 1349182

Kmer: 21 Graph size: 1415416 Contigs in: 0
Valley: 0

Mark used kmers in  0.000006s wall, 0.000000s user + 0.000000s system = 0.000000s CPU (n/a%)
Kmers in multiple/single contigs: 0 0
Fragments before: 5559 1363843
Fragments after: 5543 1363843
New seeds: 3918
New seeds in  1.041595s wall, 3.210000s user + 0.010000s system = 3.220000s CPU (309.1%)
Fragments before: 7836 164556
Fragments after: 7836 164556
Connectors: 0 Extenders: 7836
Connections and extensions in  0.339902s wall, 1.040000s user + 0.020000s system = 1.060000s CPU (311.9%)
Contigs out: 3918 Genome: 1091697 N50: 464 L50: 627
Assembled in  1.394163s wall, 4.270000s user + 0.030000s system = 4.300000s CPU (308.4%)


Average count: 4.86785 Max kmer: 21
Seed kmers: 0
Cleaned reads: 62580
Reads for connection: 0
Internal reads: 0
Reads cleaned in  0.554428s wall, 2.110000s user + 0.010000s system = 2.120000s CPU (382.4%)
WARNING: iterations are disabled
DONE
	Command being timed: "skesa --cores 4 --fastq microbial/data-downsampled/SRR10521983.fastq.gz --contigs_out microbial/assembly/SRR10521983.fasta"
	User time (seconds): 15.46
	System time (seconds): 0.31
	Percent of CPU this job got: 280%
	Elapsed (wall clock) time (h:mm:ss or m:ss): 0:05.61
	Average shared text size (kbytes): 0
	Average unshared data size (kbytes): 0
	Average stack size (kbytes): 0
	Average total size (kbytes): 0
	Maximum resident set size (kbytes): 156172
	Average resident set size (kbytes): 0
	Major (requiring I/O) page faults: 0
	Minor (reclaiming a frame) page faults: 109808
	Voluntary context switches: 4119
	Involuntary context switches: 33
	Swaps: 0
	File system inputs: 0
	File system outputs: 1768
	Socket messages sent: 0
	Socket messages received: 0
	Signals delivered: 0
	Page size (bytes): 4096
	Exit status: 0
