skesa --cores 4 --fastq microbial/data-downsampled/SRR10513326.fastq.gz --contigs_out microbial/assembly/SRR10513326.fasta 

Total reads: 100303
Reads acquired in  0.475233s wall, 0.460000s user + 0.010000s system = 0.470000s CPU (98.9%)

Kmer len: 19
Raw kmers: 8232856 Memory needed (GB): 0.158071 Memory available (GB): 30 1 cycle(s) will be performed
Distinct kmers: 2
Kmer count in  0.556626s wall, 2.010000s user + 0.110000s system = 2.120000s CPU (380.9%)
Uniq kmers merging in  0.000797s wall, 0.000000s user + 0.000000s system = 0.000000s CPU (n/a%)
Adapters: 0 Reads before: 100303 Sequence before: 10038310 Reads after: 100303 Sequence after: 10038310
Adapters clipped in  0.557565s wall, 2.010000s user + 0.110000s system = 2.120000s CPU (380.2%)

Kmer len: 21
Raw kmers: 8032250 Memory needed (GB): 0.154219 Memory available (GB): 29.9971 1 cycle(s) will be performed
Distinct kmers: 2050850
Kmer count in  0.624899s wall, 2.100000s user + 0.080000s system = 2.180000s CPU (348.9%)
Uniq kmers merging in  0.106198s wall, 0.130000s user + 0.070000s system = 0.200000s CPU (188.3%)
Kmers branching in  1.677759s wall, 5.980000s user + 0.080000s system = 6.060000s CPU (361.2%)

Average read length: 100
Genome size estimate: 1996421

Kmer: 21 Graph size: 2050850 Contigs in: 0
Valley: 0

Mark used kmers in  0.000008s wall, 0.000000s user + 0.000000s system = 0.000000s CPU (n/a%)
Kmers in multiple/single contigs: 0 0
Fragments before: 12686 1949060
Fragments after: 12648 1949060
New seeds: 8620
New seeds in  1.942954s wall, 5.540000s user + 0.040000s system = 5.580000s CPU (287.2%)
Fragments before: 17240 362040
Fragments after: 17240 362040
Connectors: 0 Extenders: 17240
Connections and extensions in  0.556475s wall, 1.600000s user + 0.020000s system = 1.620000s CPU (291.1%)
Contigs out: 8620 Genome: 1301378 N50: 193 L50: 2016
Assembled in  2.518458s wall, 7.160000s user + 0.060000s system = 7.220000s CPU (286.7%)


Average count: 3.33152 Max kmer: 21
Seed kmers: 0
Cleaned reads: 90639
Reads for connection: 0
Internal reads: 0
Reads cleaned in  0.648855s wall, 2.360000s user + 0.020000s system = 2.380000s CPU (366.8%)
WARNING: iterations are disabled
DONE
	Command being timed: "skesa --cores 4 --fastq microbial/data-downsampled/SRR10513326.fastq.gz --contigs_out microbial/assembly/SRR10513326.fasta"
	User time (seconds): 21.01
	System time (seconds): 0.45
	Percent of CPU this job got: 288%
	Elapsed (wall clock) time (h:mm:ss or m:ss): 0:07.43
	Average shared text size (kbytes): 0
	Average unshared data size (kbytes): 0
	Average stack size (kbytes): 0
	Average total size (kbytes): 0
	Maximum resident set size (kbytes): 156964
	Average resident set size (kbytes): 0
	Major (requiring I/O) page faults: 0
	Minor (reclaiming a frame) page faults: 151255
	Voluntary context switches: 5414
	Involuntary context switches: 41
	Swaps: 0
	File system inputs: 0
	File system outputs: 1328
	Socket messages sent: 0
	Socket messages received: 0
	Signals delivered: 0
	Page size (bytes): 4096
	Exit status: 0
