skesa --cores 4 --fastq microbial/data-downsampled/SRR10513363.fastq.gz --contigs_out microbial/assembly/SRR10513363.fasta 

Total reads: 102136
Reads acquired in  0.504413s wall, 0.500000s user + 0.000000s system = 0.500000s CPU (99.1%)

Kmer len: 19
Raw kmers: 8191836 Memory needed (GB): 0.157283 Memory available (GB): 30 1 cycle(s) will be performed
Distinct kmers: 2050
Kmer count in  0.693627s wall, 2.220000s user + 0.160000s system = 2.380000s CPU (343.1%)
Uniq kmers merging in  0.001279s wall, 0.000000s user + 0.000000s system = 0.000000s CPU (n/a%)
Adapters: 0 Reads before: 102136 Sequence before: 10030284 Reads after: 102136 Sequence after: 10030284
Adapters clipped in  0.695078s wall, 2.220000s user + 0.160000s system = 2.380000s CPU (342.4%)

Kmer len: 21
Raw kmers: 7987564 Memory needed (GB): 0.153361 Memory available (GB): 29.9971 1 cycle(s) will be performed
Distinct kmers: 1503072
Kmer count in  0.634551s wall, 2.200000s user + 0.100000s system = 2.300000s CPU (362.5%)
Uniq kmers merging in  0.077710s wall, 0.120000s user + 0.040000s system = 0.160000s CPU (205.9%)
Kmers branching in  1.180748s wall, 3.810000s user + 0.010000s system = 3.820000s CPU (323.5%)

Average read length: 98
Genome size estimate: 1436689

Kmer: 21 Graph size: 1503072 Contigs in: 0
Valley: 0

Mark used kmers in  0.000006s wall, 0.000000s user + 0.000000s system = 0.000000s CPU (n/a%)
Kmers in multiple/single contigs: 0 0
Fragments before: 9083 1400202
Fragments after: 9065 1400202
New seeds: 4721
New seeds in  1.417022s wall, 4.210000s user + 0.030000s system = 4.240000s CPU (299.2%)
Fragments before: 9442 198282
Fragments after: 9442 198282
Connectors: 0 Extenders: 9442
Connections and extensions in  0.395688s wall, 1.180000s user + 0.010000s system = 1.190000s CPU (300.7%)
Contigs out: 4721 Genome: 902592 N50: 326 L50: 581
Assembled in  1.820645s wall, 5.400000s user + 0.040000s system = 5.440000s CPU (298.8%)


Average count: 3.79231 Max kmer: 21
Seed kmers: 0
Cleaned reads: 69406
Reads for connection: 0
Internal reads: 0
Reads cleaned in  0.559526s wall, 2.090000s user + 0.020000s system = 2.110000s CPU (377.1%)
WARNING: iterations are disabled
DONE
	Command being timed: "skesa --cores 4 --fastq microbial/data-downsampled/SRR10513363.fastq.gz --contigs_out microbial/assembly/SRR10513363.fasta"
	User time (seconds): 16.92
	System time (seconds): 0.38
	Percent of CPU this job got: 284%
	Elapsed (wall clock) time (h:mm:ss or m:ss): 0:06.07
	Average shared text size (kbytes): 0
	Average unshared data size (kbytes): 0
	Average stack size (kbytes): 0
	Average total size (kbytes): 0
	Maximum resident set size (kbytes): 155188
	Average resident set size (kbytes): 0
	Major (requiring I/O) page faults: 0
	Minor (reclaiming a frame) page faults: 119736
	Voluntary context switches: 4533
	Involuntary context switches: 30
	Swaps: 0
	File system inputs: 0
	File system outputs: 1168
	Socket messages sent: 0
	Socket messages received: 0
	Signals delivered: 0
	Page size (bytes): 4096
	Exit status: 0
