skesa --cores 4 --fastq microbial/data-downsampled/SRR10519616.fastq.gz --contigs_out microbial/assembly/SRR10519616.fasta 

Total reads: 101115
Reads acquired in  0.551211s wall, 0.550000s user + 0.000000s system = 0.550000s CPU (99.8%)

Kmer len: 19
Raw kmers: 8215128 Memory needed (GB): 0.15773 Memory available (GB): 30 1 cycle(s) will be performed
Distinct kmers: 0
Kmer count in  0.643892s wall, 2.150000s user + 0.120000s system = 2.270000s CPU (352.5%)
Uniq kmers merging in  0.000676s wall, 0.010000s user + 0.000000s system = 0.010000s CPU (n/a%)
Adapters: 0 Reads before: 101115 Sequence before: 10035198 Reads after: 101115 Sequence after: 10035198
Adapters clipped in  0.644697s wall, 2.160000s user + 0.120000s system = 2.280000s CPU (353.7%)

Kmer len: 21
Raw kmers: 8012898 Memory needed (GB): 0.153848 Memory available (GB): 29.9971 1 cycle(s) will be performed
Distinct kmers: 2251984
Kmer count in  0.658215s wall, 2.360000s user + 0.080000s system = 2.440000s CPU (370.7%)
Uniq kmers merging in  0.119383s wall, 0.140000s user + 0.100000s system = 0.240000s CPU (201.0%)
Kmers branching in  2.031611s wall, 6.730000s user + 0.120000s system = 6.850000s CPU (337.2%)

Average read length: 99
Genome size estimate: 2195679

Kmer: 21 Graph size: 2251984 Contigs in: 0
Valley: 0

Mark used kmers in  0.000008s wall, 0.000000s user + 0.000000s system = 0.000000s CPU (n/a%)
Kmers in multiple/single contigs: 0 0
Fragments before: 19380 2017129
Fragments after: 19338 2017109
New seeds: 9329
New seeds in  2.179625s wall, 5.760000s user + 0.060000s system = 5.820000s CPU (267.0%)
Fragments before: 18658 391818
Fragments after: 18658 391818
Connectors: 0 Extenders: 18658
Connections and extensions in  0.554454s wall, 1.540000s user + 0.020000s system = 1.560000s CPU (281.4%)
Contigs out: 9329 Genome: 928143 N50: 112 L50: 2727
Assembled in  2.754320s wall, 7.320000s user + 0.080000s system = 7.400000s CPU (268.7%)


Average count: 2.70344 Max kmer: 21
Seed kmers: 0
Cleaned reads: 100497
Reads for connection: 0
Internal reads: 0
Reads cleaned in  0.774711s wall, 2.610000s user + 0.020000s system = 2.630000s CPU (339.5%)
WARNING: iterations are disabled
DONE
	Command being timed: "skesa --cores 4 --fastq microbial/data-downsampled/SRR10519616.fastq.gz --contigs_out microbial/assembly/SRR10519616.fasta"
	User time (seconds): 22.31
	System time (seconds): 0.54
	Percent of CPU this job got: 286%
	Elapsed (wall clock) time (h:mm:ss or m:ss): 0:07.99
	Average shared text size (kbytes): 0
	Average unshared data size (kbytes): 0
	Average stack size (kbytes): 0
	Average total size (kbytes): 0
	Maximum resident set size (kbytes): 156924
	Average resident set size (kbytes): 0
	Major (requiring I/O) page faults: 0
	Minor (reclaiming a frame) page faults: 157174
	Voluntary context switches: 5885
	Involuntary context switches: 52
	Swaps: 0
	File system inputs: 0
	File system outputs: 344
	Socket messages sent: 0
	Socket messages received: 0
	Signals delivered: 0
	Page size (bytes): 4096
	Exit status: 0
