skesa --cores 4 --fastq microbial/data-downsampled/SRR10519468.fastq.gz --contigs_out microbial/assembly/SRR10519468.fasta 

Total reads: 100097
Reads acquired in  0.549539s wall, 0.530000s user + 0.010000s system = 0.540000s CPU (98.3%)

Kmer len: 19
Raw kmers: 8227602 Memory needed (GB): 0.15797 Memory available (GB): 30 1 cycle(s) will be performed
Distinct kmers: 0
Kmer count in  0.725219s wall, 2.330000s user + 0.130000s system = 2.460000s CPU (339.2%)
Uniq kmers merging in  0.000654s wall, 0.000000s user + 0.000000s system = 0.000000s CPU (n/a%)
Adapters: 0 Reads before: 100097 Sequence before: 10029348 Reads after: 100097 Sequence after: 10029348
Adapters clipped in  0.726003s wall, 2.330000s user + 0.130000s system = 2.460000s CPU (338.8%)

Kmer len: 21
Raw kmers: 8027408 Memory needed (GB): 0.154126 Memory available (GB): 29.9971 1 cycle(s) will be performed
Distinct kmers: 1306263
Kmer count in  0.676214s wall, 2.390000s user + 0.070000s system = 2.460000s CPU (363.8%)
Uniq kmers merging in  0.080616s wall, 0.090000s user + 0.050000s system = 0.140000s CPU (173.7%)
Kmers branching in  1.093064s wall, 3.820000s user + 0.010000s system = 3.830000s CPU (350.4%)

Average read length: 100
Genome size estimate: 1237294

Kmer: 21 Graph size: 1306263 Contigs in: 0
Valley: 0

Mark used kmers in  0.000008s wall, 0.000000s user + 0.000000s system = 0.000000s CPU (n/a%)
Kmers in multiple/single contigs: 0 0
Fragments before: 4388 1269513
Fragments after: 4367 1269513
New seeds: 3095
New seeds in  1.005513s wall, 3.310000s user + 0.020000s system = 3.330000s CPU (331.2%)
Fragments before: 6190 129990
Fragments after: 6190 129990
Connectors: 0 Extenders: 6190
Connections and extensions in  0.274085s wall, 0.870000s user + 0.040000s system = 0.910000s CPU (332.0%)
Contigs out: 3095 Genome: 1055007 N50: 696 L50: 401
Assembled in  1.291333s wall, 4.200000s user + 0.060000s system = 4.260000s CPU (329.9%)


Average count: 5.33118 Max kmer: 21
Seed kmers: 0
Cleaned reads: 48610
Reads for connection: 0
Internal reads: 0
Reads cleaned in  0.514899s wall, 1.900000s user + 0.030000s system = 1.930000s CPU (374.8%)
WARNING: iterations are disabled
DONE
	Command being timed: "skesa --cores 4 --fastq microbial/data-downsampled/SRR10519468.fastq.gz --contigs_out microbial/assembly/SRR10519468.fasta"
	User time (seconds): 16.03
	System time (seconds): 0.36
	Percent of CPU this job got: 286%
	Elapsed (wall clock) time (h:mm:ss or m:ss): 0:05.71
	Average shared text size (kbytes): 0
	Average unshared data size (kbytes): 0
	Average stack size (kbytes): 0
	Average total size (kbytes): 0
	Maximum resident set size (kbytes): 155772
	Average resident set size (kbytes): 0
	Major (requiring I/O) page faults: 0
	Minor (reclaiming a frame) page faults: 111550
	Voluntary context switches: 4428
	Involuntary context switches: 214
	Swaps: 0
	File system inputs: 11712
	File system outputs: 1792
	Socket messages sent: 0
	Socket messages received: 0
	Signals delivered: 0
	Page size (bytes): 4096
	Exit status: 0
