skesa --cores 4 --fastq microbial/data-downsampled/SRR10512968.fastq.gz --contigs_out microbial/assembly/SRR10512968.fasta 

Total reads: 33333
Reads acquired in  0.463263s wall, 0.450000s user + 0.000000s system = 0.450000s CPU (97.1%)

Kmer len: 19
Raw kmers: 9416450 Memory needed (GB): 0.180796 Memory available (GB): 30 1 cycle(s) will be performed
Distinct kmers: 1
Kmer count in  0.620281s wall, 2.260000s user + 0.130000s system = 2.390000s CPU (385.3%)
Uniq kmers merging in  0.000658s wall, 0.000000s user + 0.000000s system = 0.000000s CPU (n/a%)
Adapters: 0 Reads before: 33333 Sequence before: 10016444 Reads after: 33333 Sequence after: 10016444
Adapters clipped in  0.621038s wall, 2.260000s user + 0.130000s system = 2.390000s CPU (384.8%)

Kmer len: 21
Raw kmers: 9349784 Memory needed (GB): 0.179516 Memory available (GB): 29.9974 1 cycle(s) will be performed
Distinct kmers: 1741007
Kmer count in  0.658072s wall, 2.370000s user + 0.080000s system = 2.450000s CPU (372.3%)
Uniq kmers merging in  0.090551s wall, 0.090000s user + 0.060000s system = 0.150000s CPU (165.7%)
Kmers branching in  1.414585s wall, 4.800000s user + 0.040000s system = 4.840000s CPU (342.1%)

Average read length: 300
Genome size estimate: 1714723

Kmer: 21 Graph size: 1741007 Contigs in: 0
Valley: 0

Mark used kmers in  0.000010s wall, 0.000000s user + 0.000000s system = 0.000000s CPU (n/a%)
Kmers in multiple/single contigs: 0 0
Fragments before: 10364 1509984
Fragments after: 10330 1509964
New seeds: 6842
New seeds in  1.518521s wall, 4.850000s user + 0.020000s system = 4.870000s CPU (320.7%)
Fragments before: 13684 287364
Fragments after: 13684 287364
Connectors: 0 Extenders: 13684
Connections and extensions in  0.437954s wall, 1.260000s user + 0.010000s system = 1.270000s CPU (290.0%)
Contigs out: 6842 Genome: 1013115 N50: 181 L50: 1877
Assembled in  1.975319s wall, 6.130000s user + 0.030000s system = 6.160000s CPU (311.8%)


Average count: 2.4593 Max kmer: 21
Seed kmers: 0
Cleaned reads: 32870
Reads for connection: 0
Internal reads: 0
Reads cleaned in  0.830459s wall, 3.130000s user + 0.020000s system = 3.150000s CPU (379.3%)
WARNING: iterations are disabled
DONE
	Command being timed: "skesa --cores 4 --fastq microbial/data-downsampled/SRR10512968.fastq.gz --contigs_out microbial/assembly/SRR10512968.fasta"
	User time (seconds): 19.73
	System time (seconds): 0.36
	Percent of CPU this job got: 306%
	Elapsed (wall clock) time (h:mm:ss or m:ss): 0:06.56
	Average shared text size (kbytes): 0
	Average unshared data size (kbytes): 0
	Average stack size (kbytes): 0
	Average total size (kbytes): 0
	Maximum resident set size (kbytes): 180244
	Average resident set size (kbytes): 0
	Major (requiring I/O) page faults: 0
	Minor (reclaiming a frame) page faults: 148756
	Voluntary context switches: 5144
	Involuntary context switches: 94
	Swaps: 0
	File system inputs: 16688
	File system outputs: 928
	Socket messages sent: 0
	Socket messages received: 0
	Signals delivered: 0
	Page size (bytes): 4096
	Exit status: 0
