skesa --cores 4 --fastq microbial/data-downsampled/SRR10298903.fastq.gz --contigs_out microbial/assembly/SRR10298903.fasta 

Total reads: 40869
Reads acquired in  0.464939s wall, 0.450000s user + 0.010000s system = 0.460000s CPU (98.9%)

Kmer len: 19
Raw kmers: 9265687 Memory needed (GB): 0.177901 Memory available (GB): 30 1 cycle(s) will be performed
Distinct kmers: 72
Kmer count in  0.872558s wall, 2.990000s user + 0.120000s system = 3.110000s CPU (356.4%)
Uniq kmers merging in  0.001219s wall, 0.000000s user + 0.000000s system = 0.000000s CPU (n/a%)
Adapters: 0 Reads before: 40869 Sequence before: 10001329 Reads after: 40869 Sequence after: 10001329
Adapters clipped in  0.873876s wall, 2.990000s user + 0.120000s system = 3.110000s CPU (355.9%)

Kmer len: 21
Raw kmers: 9183949 Memory needed (GB): 0.176332 Memory available (GB): 29.9973 1 cycle(s) will be performed
Distinct kmers: 2269311
Kmer count in  0.805863s wall, 2.860000s user + 0.080000s system = 2.940000s CPU (364.8%)
Uniq kmers merging in  0.111768s wall, 0.140000s user + 0.060000s system = 0.200000s CPU (178.9%)
Kmers branching in  2.059028s wall, 5.960000s user + 0.020000s system = 5.980000s CPU (290.4%)

Average read length: 245
Genome size estimate: 2217623

Kmer: 21 Graph size: 2269311 Contigs in: 0
Valley: 0

Mark used kmers in  0.000007s wall, 0.000000s user + 0.000000s system = 0.000000s CPU (n/a%)
Kmers in multiple/single contigs: 0 0
Fragments before: 6796 2217801
Fragments after: 6773 2217801
New seeds: 5599
New seeds in  1.790254s wall, 5.850000s user + 0.020000s system = 5.870000s CPU (327.9%)
Fragments before: 11198 235158
Fragments after: 11198 235158
Connectors: 0 Extenders: 11198
Connections and extensions in  0.498875s wall, 1.480000s user + 0.020000s system = 1.500000s CPU (300.7%)
Contigs out: 5599 Genome: 1912367 N50: 483 L50: 1179
Assembled in  2.310570s wall, 7.350000s user + 0.040000s system = 7.390000s CPU (319.8%)


Average count: 3.34824 Max kmer: 21
Seed kmers: 0
Cleaned reads: 31440
Reads for connection: 0
Internal reads: 0
Reads cleaned in  1.056366s wall, 3.930000s user + 0.040000s system = 3.970000s CPU (375.8%)
WARNING: iterations are disabled
DONE
	Command being timed: "skesa --cores 4 --fastq microbial/data-downsampled/SRR10298903.fastq.gz --contigs_out microbial/assembly/SRR10298903.fasta"
	User time (seconds): 24.96
	System time (seconds): 0.38
	Percent of CPU this job got: 282%
	Elapsed (wall clock) time (h:mm:ss or m:ss): 0:08.98
	Average shared text size (kbytes): 0
	Average unshared data size (kbytes): 0
	Average stack size (kbytes): 0
	Average total size (kbytes): 0
	Maximum resident set size (kbytes): 177140
	Average resident set size (kbytes): 0
	Major (requiring I/O) page faults: 0
	Minor (reclaiming a frame) page faults: 149323
	Voluntary context switches: 6754
	Involuntary context switches: 49
	Swaps: 0
	File system inputs: 14184
	File system outputs: 3312
	Socket messages sent: 0
	Socket messages received: 0
	Signals delivered: 0
	Page size (bytes): 4096
	Exit status: 0
