skesa --cores 4 --fastq microbial/data-downsampled/SRR10527351.fastq.gz --contigs_out microbial/assembly/SRR10527351.fasta 

Total reads: 100403
Reads acquired in  0.588419s wall, 0.570000s user + 0.010000s system = 0.580000s CPU (98.6%)

Kmer len: 19
Raw kmers: 8232356 Memory needed (GB): 0.158061 Memory available (GB): 30 1 cycle(s) will be performed
Distinct kmers: 629
Kmer count in  0.610430s wall, 2.110000s user + 0.130000s system = 2.240000s CPU (367.0%)
Uniq kmers merging in  0.001167s wall, 0.010000s user + 0.000000s system = 0.010000s CPU (856.9%)
Adapters: 0 Reads before: 100403 Sequence before: 10039610 Reads after: 100403 Sequence after: 10039610
Adapters clipped in  0.611725s wall, 2.120000s user + 0.130000s system = 2.250000s CPU (367.8%)

Kmer len: 21
Raw kmers: 8031550 Memory needed (GB): 0.154206 Memory available (GB): 29.9971 1 cycle(s) will be performed
Distinct kmers: 2125392
Kmer count in  0.749770s wall, 2.750000s user + 0.090000s system = 2.840000s CPU (378.8%)
Uniq kmers merging in  0.109905s wall, 0.140000s user + 0.070000s system = 0.210000s CPU (191.1%)
Kmers branching in  1.614917s wall, 5.940000s user + 0.020000s system = 5.960000s CPU (369.1%)

Average read length: 100
Genome size estimate: 2069122

Kmer: 21 Graph size: 2125392 Contigs in: 0
Valley: 0

Mark used kmers in  0.000007s wall, 0.000000s user + 0.000000s system = 0.000000s CPU (n/a%)
Kmers in multiple/single contigs: 0 0
Fragments before: 17443 1908380
Fragments after: 17410 1908380
New seeds: 8332
New seeds in  1.886932s wall, 5.120000s user + 0.030000s system = 5.150000s CPU (272.9%)
Fragments before: 16664 349944
Fragments after: 16664 349944
Connectors: 0 Extenders: 16664
Connections and extensions in  0.497089s wall, 1.320000s user + 0.020000s system = 1.340000s CPU (269.6%)
Contigs out: 8332 Genome: 924174 N50: 127 L50: 2166
Assembled in  2.402151s wall, 6.460000s user + 0.050000s system = 6.510000s CPU (271.0%)


Average count: 2.80793 Max kmer: 21
Seed kmers: 0
Cleaned reads: 96662
Reads for connection: 0
Internal reads: 0
Reads cleaned in  0.652451s wall, 2.310000s user + 0.030000s system = 2.340000s CPU (358.6%)
WARNING: iterations are disabled
DONE
	Command being timed: "skesa --cores 4 --fastq microbial/data-downsampled/SRR10527351.fastq.gz --contigs_out microbial/assembly/SRR10527351.fasta"
	User time (seconds): 20.74
	System time (seconds): 0.43
	Percent of CPU this job got: 293%
	Elapsed (wall clock) time (h:mm:ss or m:ss): 0:07.20
	Average shared text size (kbytes): 0
	Average unshared data size (kbytes): 0
	Average stack size (kbytes): 0
	Average total size (kbytes): 0
	Maximum resident set size (kbytes): 157020
	Average resident set size (kbytes): 0
	Major (requiring I/O) page faults: 0
	Minor (reclaiming a frame) page faults: 150740
	Voluntary context switches: 5305
	Involuntary context switches: 91
	Swaps: 0
	File system inputs: 12392
	File system outputs: 528
	Socket messages sent: 0
	Socket messages received: 0
	Signals delivered: 0
	Page size (bytes): 4096
	Exit status: 0
