skesa --cores 4 --fastq microbial/data-downsampled/SRR10298906.fastq.gz --contigs_out microbial/assembly/SRR10298906.fasta 

Total reads: 41779
Reads acquired in  0.505475s wall, 0.490000s user + 0.010000s system = 0.500000s CPU (98.9%)

Kmer len: 19
Raw kmers: 9237143 Memory needed (GB): 0.177353 Memory available (GB): 30 1 cycle(s) will be performed
Distinct kmers: 50
Kmer count in  0.854770s wall, 2.980000s user + 0.170000s system = 3.150000s CPU (368.5%)
Uniq kmers merging in  0.001155s wall, 0.000000s user + 0.000000s system = 0.000000s CPU (n/a%)
Adapters: 0 Reads before: 41779 Sequence before: 9989165 Reads after: 41779 Sequence after: 9989165
Adapters clipped in  0.856023s wall, 2.980000s user + 0.170000s system = 3.150000s CPU (368.0%)

Kmer len: 21
Raw kmers: 9153585 Memory needed (GB): 0.175749 Memory available (GB): 29.9973 1 cycle(s) will be performed
Distinct kmers: 2319794
Kmer count in  0.871011s wall, 3.140000s user + 0.090000s system = 3.230000s CPU (370.8%)
Uniq kmers merging in  0.122849s wall, 0.170000s user + 0.090000s system = 0.260000s CPU (211.6%)
Kmers branching in  1.878913s wall, 6.420000s user + 0.010000s system = 6.430000s CPU (342.2%)

Average read length: 239
Genome size estimate: 2222129

Kmer: 21 Graph size: 2319794 Contigs in: 0
Valley: 0

Mark used kmers in  0.000008s wall, 0.000000s user + 0.000000s system = 0.000000s CPU (n/a%)
Kmers in multiple/single contigs: 0 0
Fragments before: 7142 2268898
Fragments after: 7124 2268898
New seeds: 5936
New seeds in  1.566732s wall, 5.270000s user + 0.040000s system = 5.310000s CPU (338.9%)
Fragments before: 11872 249312
Fragments after: 11872 249312
Connectors: 0 Extenders: 11872
Connections and extensions in  0.527233s wall, 1.660000s user + 0.020000s system = 1.680000s CPU (318.6%)
Contigs out: 5936 Genome: 1947937 N50: 463 L50: 1300
Assembled in  2.114638s wall, 6.950000s user + 0.060000s system = 7.010000s CPU (331.5%)


Average count: 3.2332 Max kmer: 21
Seed kmers: 0
Cleaned reads: 33055
Reads for connection: 0
Internal reads: 0
Reads cleaned in  0.907674s wall, 3.420000s user + 0.040000s system = 3.460000s CPU (381.2%)
WARNING: iterations are disabled
DONE
	Command being timed: "skesa --cores 4 --fastq microbial/data-downsampled/SRR10298906.fastq.gz --contigs_out microbial/assembly/SRR10298906.fasta"
	User time (seconds): 25.12
	System time (seconds): 0.49
	Percent of CPU this job got: 289%
	Elapsed (wall clock) time (h:mm:ss or m:ss): 0:08.84
	Average shared text size (kbytes): 0
	Average unshared data size (kbytes): 0
	Average stack size (kbytes): 0
	Average total size (kbytes): 0
	Maximum resident set size (kbytes): 178636
	Average resident set size (kbytes): 0
	Major (requiring I/O) page faults: 0
	Minor (reclaiming a frame) page faults: 166950
	Voluntary context switches: 6361
	Involuntary context switches: 65
	Swaps: 0
	File system inputs: 13864
	File system outputs: 3352
	Socket messages sent: 0
	Socket messages received: 0
	Signals delivered: 0
	Page size (bytes): 4096
	Exit status: 0
