skesa --cores 4 --fastq microbial/data-downsampled/ERR3655994.fastq.gz --contigs_out microbial/assembly/ERR3655994.fasta 

Total reads: 66715
Reads acquired in  0.463849s wall, 0.460000s user + 0.000000s system = 0.460000s CPU (99.2%)

Kmer len: 19
Raw kmers: 8863763 Memory needed (GB): 0.170184 Memory available (GB): 30 1 cycle(s) will be performed
Distinct kmers: 1
Kmer count in  0.804053s wall, 2.960000s user + 0.160000s system = 3.120000s CPU (388.0%)
Uniq kmers merging in  0.000722s wall, 0.000000s user + 0.000000s system = 0.000000s CPU (n/a%)
Adapters: 0 Reads before: 66715 Sequence before: 10064633 Reads after: 66715 Sequence after: 10064633
Adapters clipped in  0.804886s wall, 2.960000s user + 0.160000s system = 3.120000s CPU (387.6%)

Kmer len: 21
Raw kmers: 8730333 Memory needed (GB): 0.167622 Memory available (GB): 29.9972 1 cycle(s) will be performed
Distinct kmers: 2161896
Kmer count in  0.800253s wall, 2.820000s user + 0.080000s system = 2.900000s CPU (362.4%)
Uniq kmers merging in  0.118613s wall, 0.130000s user + 0.080000s system = 0.210000s CPU (177.0%)
Kmers branching in  2.208887s wall, 7.590000s user + 0.040000s system = 7.630000s CPU (345.4%)

Average read length: 151
Genome size estimate: 2101990

Kmer: 21 Graph size: 2161896 Contigs in: 0
Valley: 0

Mark used kmers in  0.000006s wall, 0.000000s user + 0.000000s system = 0.000000s CPU (n/a%)
Kmers in multiple/single contigs: 0 0
Fragments before: 16369 1954849
Fragments after: 16325 1954849
New seeds: 10912
New seeds in  2.068736s wall, 6.140000s user + 0.050000s system = 6.190000s CPU (299.2%)
Fragments before: 21824 458304
Fragments after: 21824 458304
Connectors: 0 Extenders: 21824
Connections and extensions in  0.647029s wall, 1.740000s user + 0.030000s system = 1.770000s CPU (273.6%)
Contigs out: 10912 Genome: 1163213 N50: 105 L50: 3426
Assembled in  2.734579s wall, 7.900000s user + 0.080000s system = 7.980000s CPU (291.8%)


Average count: 2.40715 Max kmer: 21
Seed kmers: 0
Cleaned reads: 66296
Reads for connection: 0
Internal reads: 0
Reads cleaned in  0.834835s wall, 3.080000s user + 0.030000s system = 3.110000s CPU (372.5%)
WARNING: iterations are disabled
DONE
	Command being timed: "skesa --cores 4 --fastq microbial/data-downsampled/ERR3655994.fastq.gz --contigs_out microbial/assembly/ERR3655994.fasta"
	User time (seconds): 25.35
	System time (seconds): 0.50
	Percent of CPU this job got: 307%
	Elapsed (wall clock) time (h:mm:ss or m:ss): 0:08.40
	Average shared text size (kbytes): 0
	Average unshared data size (kbytes): 0
	Average stack size (kbytes): 0
	Average total size (kbytes): 0
	Maximum resident set size (kbytes): 169596
	Average resident set size (kbytes): 0
	Major (requiring I/O) page faults: 0
	Minor (reclaiming a frame) page faults: 164196
	Voluntary context switches: 6633
	Involuntary context switches: 43
	Swaps: 0
	File system inputs: 0
	File system outputs: 456
	Socket messages sent: 0
	Socket messages received: 0
	Signals delivered: 0
	Page size (bytes): 4096
	Exit status: 0
