skesa --cores 4 --fastq microbial/data-downsampled/SRR10298905.fastq.gz --contigs_out microbial/assembly/SRR10298905.fasta 

Total reads: 42224
Reads acquired in  0.463689s wall, 0.460000s user + 0.000000s system = 0.460000s CPU (99.2%)

Kmer len: 19
Raw kmers: 9235838 Memory needed (GB): 0.177328 Memory available (GB): 30 1 cycle(s) will be performed
Distinct kmers: 1
Kmer count in  0.763798s wall, 2.570000s user + 0.140000s system = 2.710000s CPU (354.8%)
Uniq kmers merging in  0.000588s wall, 0.000000s user + 0.000000s system = 0.000000s CPU (n/a%)
Adapters: 0 Reads before: 42224 Sequence before: 9995870 Reads after: 42224 Sequence after: 9995870
Adapters clipped in  0.764475s wall, 2.570000s user + 0.140000s system = 2.710000s CPU (354.5%)

Kmer len: 21
Raw kmers: 9151390 Memory needed (GB): 0.175707 Memory available (GB): 29.9973 1 cycle(s) will be performed
Distinct kmers: 2187563
Kmer count in  0.840991s wall, 2.910000s user + 0.060000s system = 2.970000s CPU (353.2%)
Uniq kmers merging in  0.118785s wall, 0.140000s user + 0.080000s system = 0.220000s CPU (185.2%)
Kmers branching in  1.981305s wall, 6.800000s user + 0.040000s system = 6.840000s CPU (345.2%)

Average read length: 237
Genome size estimate: 2089899

Kmer: 21 Graph size: 2187563 Contigs in: 0
Valley: 0

Mark used kmers in  0.000005s wall, 0.000000s user + 0.000000s system = 0.000000s CPU (n/a%)
Kmers in multiple/single contigs: 0 0
Fragments before: 7101 2122615
Fragments after: 7075 2122595
New seeds: 5800
New seeds in  1.775741s wall, 6.030000s user + 0.040000s system = 6.070000s CPU (341.8%)
Fragments before: 11600 243600
Fragments after: 11600 243600
Connectors: 0 Extenders: 11600
Connections and extensions in  0.446561s wall, 1.400000s user + 0.010000s system = 1.410000s CPU (315.7%)
Contigs out: 5800 Genome: 1803009 N50: 434 L50: 1284
Assembled in  2.233893s wall, 7.450000s user + 0.050000s system = 7.500000s CPU (335.7%)


Average count: 3.23967 Max kmer: 21
Seed kmers: 0
Cleaned reads: 34406
Reads for connection: 0
Internal reads: 0
Reads cleaned in  0.999954s wall, 3.770000s user + 0.030000s system = 3.800000s CPU (380.0%)
WARNING: iterations are disabled
DONE
	Command being timed: "skesa --cores 4 --fastq microbial/data-downsampled/SRR10298905.fastq.gz --contigs_out microbial/assembly/SRR10298905.fasta"
	User time (seconds): 25.35
	System time (seconds): 0.42
	Percent of CPU this job got: 297%
	Elapsed (wall clock) time (h:mm:ss or m:ss): 0:08.67
	Average shared text size (kbytes): 0
	Average unshared data size (kbytes): 0
	Average stack size (kbytes): 0
	Average total size (kbytes): 0
	Maximum resident set size (kbytes): 176212
	Average resident set size (kbytes): 0
	Major (requiring I/O) page faults: 0
	Minor (reclaiming a frame) page faults: 145121
	Voluntary context switches: 6603
	Involuntary context switches: 44
	Swaps: 0
	File system inputs: 14664
	File system outputs: 3048
	Socket messages sent: 0
	Socket messages received: 0
	Signals delivered: 0
	Page size (bytes): 4096
	Exit status: 0
