skesa --cores 4 --fastq microbial/data-downsampled/ERR3656002.fastq.gz --contigs_out microbial/assembly/ERR3656002.fasta 

Total reads: 66505
Reads acquired in  0.447712s wall, 0.440000s user + 0.000000s system = 0.440000s CPU (98.3%)

Kmer len: 19
Raw kmers: 8843799 Memory needed (GB): 0.169801 Memory available (GB): 30 1 cycle(s) will be performed
Distinct kmers: 1
Kmer count in  0.827798s wall, 2.850000s user + 0.160000s system = 3.010000s CPU (363.6%)
Uniq kmers merging in  0.000572s wall, 0.000000s user + 0.000000s system = 0.000000s CPU (n/a%)
Adapters: 0 Reads before: 66505 Sequence before: 10040889 Reads after: 66505 Sequence after: 10040889
Adapters clipped in  0.828487s wall, 2.850000s user + 0.160000s system = 3.010000s CPU (363.3%)

Kmer len: 21
Raw kmers: 8710789 Memory needed (GB): 0.167247 Memory available (GB): 29.9972 1 cycle(s) will be performed
Distinct kmers: 2181682
Kmer count in  0.811784s wall, 2.840000s user + 0.090000s system = 2.930000s CPU (360.9%)
Uniq kmers merging in  0.120219s wall, 0.170000s user + 0.090000s system = 0.260000s CPU (216.3%)
Kmers branching in  2.124986s wall, 7.590000s user + 0.120000s system = 7.710000s CPU (362.8%)

Average read length: 151
Genome size estimate: 2114225

Kmer: 21 Graph size: 2181682 Contigs in: 0
Valley: 0

Mark used kmers in  0.000005s wall, 0.000000s user + 0.000000s system = 0.000000s CPU (n/a%)
Kmers in multiple/single contigs: 0 0
Fragments before: 16177 1977727
Fragments after: 16142 1977727
New seeds: 10914
New seeds in  1.967257s wall, 5.850000s user + 0.060000s system = 5.910000s CPU (300.4%)
Fragments before: 21828 458388
Fragments after: 21828 458388
Connectors: 0 Extenders: 21828
Connections and extensions in  0.671656s wall, 1.910000s user + 0.030000s system = 1.940000s CPU (288.8%)
Contigs out: 10914 Genome: 1197962 N50: 111 L50: 3372
Assembled in  2.650331s wall, 7.770000s user + 0.090000s system = 7.860000s CPU (296.6%)


Average count: 2.43685 Max kmer: 21
Seed kmers: 0
Cleaned reads: 66267
Reads for connection: 0
Internal reads: 0
Reads cleaned in  0.842301s wall, 3.220000s user + 0.030000s system = 3.250000s CPU (385.8%)
WARNING: iterations are disabled
DONE
	Command being timed: "skesa --cores 4 --fastq microbial/data-downsampled/ERR3656002.fastq.gz --contigs_out microbial/assembly/ERR3656002.fasta"
	User time (seconds): 25.28
	System time (seconds): 0.59
	Percent of CPU this job got: 313%
	Elapsed (wall clock) time (h:mm:ss or m:ss): 0:08.24
	Average shared text size (kbytes): 0
	Average unshared data size (kbytes): 0
	Average stack size (kbytes): 0
	Average total size (kbytes): 0
	Maximum resident set size (kbytes): 168372
	Average resident set size (kbytes): 0
	Major (requiring I/O) page faults: 0
	Minor (reclaiming a frame) page faults: 165368
	Voluntary context switches: 6633
	Involuntary context switches: 127
	Swaps: 0
	File system inputs: 11592
	File system outputs: 504
	Socket messages sent: 0
	Socket messages received: 0
	Signals delivered: 0
	Page size (bytes): 4096
	Exit status: 0
