skesa --cores 4 --fastq microbial/data-downsampled/SRR10521982.fastq.gz --contigs_out microbial/assembly/SRR10521982.fasta 

Total reads: 100535
Reads acquired in  0.581515s wall, 0.580000s user + 0.000000s system = 0.580000s CPU (99.7%)

Kmer len: 19
Raw kmers: 8230514 Memory needed (GB): 0.158026 Memory available (GB): 30 1 cycle(s) will be performed
Distinct kmers: 2740
Kmer count in  0.778172s wall, 2.660000s user + 0.130000s system = 2.790000s CPU (358.5%)
Uniq kmers merging in  0.001314s wall, 0.000000s user + 0.000000s system = 0.000000s CPU (n/a%)
Adapters: 0 Reads before: 100535 Sequence before: 10040144 Reads after: 100535 Sequence after: 10040144
Adapters clipped in  0.779671s wall, 2.660000s user + 0.130000s system = 2.790000s CPU (357.8%)

Kmer len: 21
Raw kmers: 8029444 Memory needed (GB): 0.154165 Memory available (GB): 29.9971 1 cycle(s) will be performed
Distinct kmers: 1362850
Kmer count in  0.673504s wall, 2.300000s user + 0.060000s system = 2.360000s CPU (350.4%)
Uniq kmers merging in  0.085256s wall, 0.090000s user + 0.060000s system = 0.150000s CPU (175.9%)
Kmers branching in  0.916056s wall, 3.210000s user + 0.000000s system = 3.210000s CPU (350.4%)

Average read length: 100
Genome size estimate: 1280869

Kmer: 21 Graph size: 1362850 Contigs in: 0
Valley: 0

Mark used kmers in  0.000006s wall, 0.000000s user + 0.000000s system = 0.000000s CPU (n/a%)
Kmers in multiple/single contigs: 0 0
Fragments before: 5174 1319837
Fragments after: 5159 1319837
New seeds: 3799
New seeds in  1.240951s wall, 3.850000s user + 0.040000s system = 3.890000s CPU (313.5%)
Fragments before: 7598 159558
Fragments after: 7598 159558
Connectors: 0 Extenders: 7598
Connections and extensions in  0.354243s wall, 1.070000s user + 0.020000s system = 1.090000s CPU (307.7%)
Contigs out: 3799 Genome: 1070601 N50: 488 L50: 590
Assembled in  1.610091s wall, 4.940000s user + 0.060000s system = 5.000000s CPU (310.5%)


Average count: 4.74002 Max kmer: 21
Seed kmers: 0
Cleaned reads: 63304
Reads for connection: 0
Internal reads: 0
Reads cleaned in  0.618744s wall, 2.320000s user + 0.010000s system = 2.330000s CPU (376.6%)
WARNING: iterations are disabled
DONE
	Command being timed: "skesa --cores 4 --fastq microbial/data-downsampled/SRR10521982.fastq.gz --contigs_out microbial/assembly/SRR10521982.fasta"
	User time (seconds): 16.81
	System time (seconds): 0.34
	Percent of CPU this job got: 286%
	Elapsed (wall clock) time (h:mm:ss or m:ss): 0:05.99
	Average shared text size (kbytes): 0
	Average unshared data size (kbytes): 0
	Average stack size (kbytes): 0
	Average total size (kbytes): 0
	Maximum resident set size (kbytes): 156392
	Average resident set size (kbytes): 0
	Major (requiring I/O) page faults: 0
	Minor (reclaiming a frame) page faults: 116527
	Voluntary context switches: 4517
	Involuntary context switches: 120
	Swaps: 0
	File system inputs: 12232
	File system outputs: 1728
	Socket messages sent: 0
	Socket messages received: 0
	Signals delivered: 0
	Page size (bytes): 4096
	Exit status: 0
