skesa --cores 4 --fastq microbial/data-downsampled/SRR8088183.fastq.gz --contigs_out microbial/assembly/SRR8088183.fasta 

Total reads: 49852
Reads acquired in  0.705280s wall, 0.680000s user + 0.020000s system = 0.700000s CPU (99.3%)

Kmer len: 19
Raw kmers: 9058706 Memory needed (GB): 0.173927 Memory available (GB): 30 1 cycle(s) will be performed
Distinct kmers: 4362
Kmer count in  0.829930s wall, 2.640000s user + 0.110000s system = 2.750000s CPU (331.4%)
Uniq kmers merging in  0.001486s wall, 0.000000s user + 0.000000s system = 0.000000s CPU (n/a%)
Adapters: 0 Reads before: 49852 Sequence before: 9956042 Reads after: 49852 Sequence after: 9956042
Adapters clipped in  0.831701s wall, 2.640000s user + 0.110000s system = 2.750000s CPU (330.6%)

Kmer len: 21
Raw kmers: 8959002 Memory needed (GB): 0.172013 Memory available (GB): 29.9973 1 cycle(s) will be performed
Distinct kmers: 1564881
Kmer count in  0.828275s wall, 2.770000s user + 0.110000s system = 2.880000s CPU (347.7%)
Uniq kmers merging in  0.101477s wall, 0.120000s user + 0.080000s system = 0.200000s CPU (197.1%)
Kmers branching in  1.024004s wall, 3.550000s user + 0.000000s system = 3.550000s CPU (346.7%)

Average read length: 200
Genome size estimate: 1496543

Kmer: 21 Graph size: 1564881 Contigs in: 0
Valley: 0

Mark used kmers in  0.000008s wall, 0.000000s user + 0.000000s system = 0.000000s CPU (n/a%)
Kmers in multiple/single contigs: 0 0
Fragments before: 5367 1483579
Fragments after: 5341 1483519
New seeds: 4155
New seeds in  1.252074s wall, 4.330000s user + 0.050000s system = 4.380000s CPU (349.8%)
Fragments before: 8306 174426
Fragments after: 8306 174426
Connectors: 0 Extenders: 8306
Connections and extensions in  0.353248s wall, 1.100000s user + 0.010000s system = 1.110000s CPU (314.2%)
Contigs out: 4155 Genome: 1241977 N50: 439 L50: 855
Assembled in  1.619190s wall, 5.440000s user + 0.060000s system = 5.500000s CPU (339.7%)


Average count: 3.69467 Max kmer: 21
Seed kmers: 0
Cleaned reads: 40337
Reads for connection: 0
Internal reads: 0
Reads cleaned in  0.582667s wall, 2.210000s user + 0.030000s system = 2.240000s CPU (384.4%)
WARNING: iterations are disabled
DONE
	Command being timed: "skesa --cores 4 --fastq microbial/data-downsampled/SRR8088183.fastq.gz --contigs_out microbial/assembly/SRR8088183.fasta"
	User time (seconds): 18.27
	System time (seconds): 0.43
	Percent of CPU this job got: 284%
	Elapsed (wall clock) time (h:mm:ss or m:ss): 0:06.58
	Average shared text size (kbytes): 0
	Average unshared data size (kbytes): 0
	Average stack size (kbytes): 0
	Average total size (kbytes): 0
	Maximum resident set size (kbytes): 172576
	Average resident set size (kbytes): 0
	Major (requiring I/O) page faults: 0
	Minor (reclaiming a frame) page faults: 132292
	Voluntary context switches: 4884
	Involuntary context switches: 35
	Swaps: 0
	File system inputs: 0
	File system outputs: 2088
	Socket messages sent: 0
	Socket messages received: 0
	Signals delivered: 0
	Page size (bytes): 4096
	Exit status: 0
