skesa --cores 4 --fastq microbial/data-downsampled/ERR3656012.fastq.gz --contigs_out microbial/assembly/ERR3656012.fasta 

Total reads: 66623
Reads acquired in  0.464504s wall, 0.440000s user + 0.010000s system = 0.450000s CPU (96.9%)

Kmer len: 19
Raw kmers: 8853274 Memory needed (GB): 0.169983 Memory available (GB): 30 1 cycle(s) will be performed
Distinct kmers: 1
Kmer count in  0.626924s wall, 2.250000s user + 0.130000s system = 2.380000s CPU (379.6%)
Uniq kmers merging in  0.000643s wall, 0.000000s user + 0.000000s system = 0.000000s CPU (n/a%)
Adapters: 0 Reads before: 66623 Sequence before: 10052488 Reads after: 66623 Sequence after: 10052488
Adapters clipped in  0.627680s wall, 2.250000s user + 0.130000s system = 2.380000s CPU (379.2%)

Kmer len: 21
Raw kmers: 8720028 Memory needed (GB): 0.167425 Memory available (GB): 29.9972 1 cycle(s) will be performed
Distinct kmers: 2377285
Kmer count in  0.801303s wall, 2.800000s user + 0.090000s system = 2.890000s CPU (360.7%)
Uniq kmers merging in  0.130756s wall, 0.110000s user + 0.130000s system = 0.240000s CPU (183.5%)
Kmers branching in  2.426977s wall, 7.810000s user + 0.070000s system = 7.880000s CPU (324.7%)

Average read length: 151
Genome size estimate: 2323768

Kmer: 21 Graph size: 2377285 Contigs in: 0
Valley: 0

Mark used kmers in  0.000006s wall, 0.000000s user + 0.000000s system = 0.000000s CPU (n/a%)
Kmers in multiple/single contigs: 0 0
Fragments before: 12775 2255033
Fragments after: 12756 2255033
New seeds: 10198
New seeds in  1.981913s wall, 6.150000s user + 0.070000s system = 6.220000s CPU (313.8%)
Fragments before: 20396 428316
Fragments after: 20396 428316
Connectors: 0 Extenders: 20396
Connections and extensions in  0.708707s wall, 1.960000s user + 0.020000s system = 1.980000s CPU (279.4%)
Contigs out: 10198 Genome: 1672973 N50: 203 L50: 2548
Assembled in  2.703586s wall, 8.120000s user + 0.090000s system = 8.210000s CPU (303.7%)


Average count: 2.93677 Max kmer: 21
Seed kmers: 0
Cleaned reads: 61988
Reads for connection: 0
Internal reads: 0
Reads cleaned in  0.786826s wall, 2.920000s user + 0.030000s system = 2.950000s CPU (374.9%)
WARNING: iterations are disabled
DONE
	Command being timed: "skesa --cores 4 --fastq microbial/data-downsampled/ERR3656012.fastq.gz --contigs_out microbial/assembly/ERR3656012.fasta"
	User time (seconds): 25.31
	System time (seconds): 0.57
	Percent of CPU this job got: 293%
	Elapsed (wall clock) time (h:mm:ss or m:ss): 0:08.82
	Average shared text size (kbytes): 0
	Average unshared data size (kbytes): 0
	Average stack size (kbytes): 0
	Average total size (kbytes): 0
	Maximum resident set size (kbytes): 169032
	Average resident set size (kbytes): 0
	Major (requiring I/O) page faults: 0
	Minor (reclaiming a frame) page faults: 173313
	Voluntary context switches: 6741
	Involuntary context switches: 46
	Swaps: 0
	File system inputs: 0
	File system outputs: 1792
	Socket messages sent: 0
	Socket messages received: 0
	Signals delivered: 0
	Page size (bytes): 4096
	Exit status: 0
