skesa --cores 4 --fastq microbial/data-downsampled/ERR3655998.fastq.gz --contigs_out microbial/assembly/ERR3655998.fasta 

Total reads: 66458
Reads acquired in  0.446267s wall, 0.440000s user + 0.000000s system = 0.440000s CPU (98.6%)

Kmer len: 19
Raw kmers: 8826604 Memory needed (GB): 0.169471 Memory available (GB): 30 1 cycle(s) will be performed
Distinct kmers: 1
Kmer count in  0.788974s wall, 2.770000s user + 0.120000s system = 2.890000s CPU (366.3%)
Uniq kmers merging in  0.000595s wall, 0.000000s user + 0.000000s system = 0.000000s CPU (n/a%)
Adapters: 0 Reads before: 66458 Sequence before: 10022848 Reads after: 66458 Sequence after: 10022848
Adapters clipped in  0.789649s wall, 2.770000s user + 0.120000s system = 2.890000s CPU (366.0%)

Kmer len: 21
Raw kmers: 8693688 Memory needed (GB): 0.166919 Memory available (GB): 29.9972 1 cycle(s) will be performed
Distinct kmers: 2212233
Kmer count in  0.798285s wall, 2.760000s user + 0.100000s system = 2.860000s CPU (358.3%)
Uniq kmers merging in  0.120382s wall, 0.140000s user + 0.080000s system = 0.220000s CPU (182.8%)
Kmers branching in  2.122665s wall, 7.690000s user + 0.040000s system = 7.730000s CPU (364.2%)

Average read length: 151
Genome size estimate: 2140429

Kmer: 21 Graph size: 2212233 Contigs in: 0
Valley: 0

Mark used kmers in  0.000005s wall, 0.000000s user + 0.000000s system = 0.000000s CPU (n/a%)
Kmers in multiple/single contigs: 0 0
Fragments before: 16330 2003999
Fragments after: 16301 2003979
New seeds: 11048
New seeds in  2.061757s wall, 5.900000s user + 0.060000s system = 5.960000s CPU (289.1%)
Fragments before: 22094 463974
Fragments after: 22094 463974
Connectors: 0 Extenders: 22094
Connections and extensions in  0.642282s wall, 1.780000s user + 0.020000s system = 1.800000s CPU (280.3%)
Contigs out: 11048 Genome: 1216972 N50: 111 L50: 3372
Assembled in  2.716009s wall, 7.690000s user + 0.080000s system = 7.770000s CPU (286.1%)


Average count: 2.43412 Max kmer: 21
Seed kmers: 0
Cleaned reads: 66102
Reads for connection: 0
Internal reads: 0
Reads cleaned in  0.817472s wall, 3.040000s user + 0.050000s system = 3.090000s CPU (378.0%)
WARNING: iterations are disabled
DONE
	Command being timed: "skesa --cores 4 --fastq microbial/data-downsampled/ERR3655998.fastq.gz --contigs_out microbial/assembly/ERR3655998.fasta"
	User time (seconds): 24.99
	System time (seconds): 0.48
	Percent of CPU this job got: 307%
	Elapsed (wall clock) time (h:mm:ss or m:ss): 0:08.28
	Average shared text size (kbytes): 0
	Average unshared data size (kbytes): 0
	Average stack size (kbytes): 0
	Average total size (kbytes): 0
	Maximum resident set size (kbytes): 168424
	Average resident set size (kbytes): 0
	Major (requiring I/O) page faults: 0
	Minor (reclaiming a frame) page faults: 164750
	Voluntary context switches: 6481
	Involuntary context switches: 72
	Swaps: 0
	File system inputs: 0
	File system outputs: 544
	Socket messages sent: 0
	Socket messages received: 0
	Signals delivered: 0
	Page size (bytes): 4096
	Exit status: 0
