skesa --cores 4 --fastq microbial/data-downsampled/ERR1144975.fastq.gz --contigs_out microbial/assembly/ERR1144975.fasta 

Total reads: 104704
Reads acquired in  0.446389s wall, 0.440000s user + 0.000000s system = 0.440000s CPU (98.6%)

Kmer len: 19
Raw kmers: 8123056 Memory needed (GB): 0.155963 Memory available (GB): 30 1 cycle(s) will be performed
Distinct kmers: 309
Kmer count in  0.739638s wall, 2.500000s user + 0.140000s system = 2.640000s CPU (356.9%)
Uniq kmers merging in  0.003608s wall, 0.000000s user + 0.000000s system = 0.000000s CPU (n/a%)
Adapters: 0 Reads before: 104704 Sequence before: 10007728 Reads after: 104704 Sequence after: 10007728
Adapters clipped in  0.743374s wall, 2.500000s user + 0.140000s system = 2.640000s CPU (355.1%)

Kmer len: 21
Raw kmers: 7913648 Memory needed (GB): 0.151942 Memory available (GB): 29.9971 1 cycle(s) will be performed
Distinct kmers: 2271468
Kmer count in  0.740371s wall, 2.580000s user + 0.080000s system = 2.660000s CPU (359.3%)
Uniq kmers merging in  0.130659s wall, 0.140000s user + 0.120000s system = 0.260000s CPU (199.0%)
Kmers branching in  2.031809s wall, 7.760000s user + 0.080000s system = 7.840000s CPU (385.9%)

Average read length: 96
Genome size estimate: 2211684

Kmer: 21 Graph size: 2271468 Contigs in: 0
Valley: 0

Mark used kmers in  0.000005s wall, 0.000000s user + 0.000000s system = 0.000000s CPU (n/a%)
Kmers in multiple/single contigs: 0 0
Fragments before: 18881 2042964
Fragments after: 18850 2042944
New seeds: 9699
New seeds in  2.121174s wall, 6.060000s user + 0.040000s system = 6.100000s CPU (287.6%)
Fragments before: 19398 407358
Fragments after: 19398 407358
Connectors: 0 Extenders: 19398
Connections and extensions in  0.622478s wall, 1.640000s user + 0.020000s system = 1.660000s CPU (266.7%)
Contigs out: 9699 Genome: 1002143 N50: 117 L50: 2804
Assembled in  2.755502s wall, 7.710000s user + 0.060000s system = 7.770000s CPU (282.0%)


Average count: 2.73889 Max kmer: 21
Seed kmers: 0
Cleaned reads: 103490
Reads for connection: 0
Internal reads: 0
Reads cleaned in  0.657295s wall, 2.410000s user + 0.030000s system = 2.440000s CPU (371.2%)
WARNING: iterations are disabled
DONE
	Command being timed: "skesa --cores 4 --fastq microbial/data-downsampled/ERR1144975.fastq.gz --contigs_out microbial/assembly/ERR1144975.fasta"
	User time (seconds): 23.99
	System time (seconds): 0.52
	Percent of CPU this job got: 307%
	Elapsed (wall clock) time (h:mm:ss or m:ss): 0:07.97
	Average shared text size (kbytes): 0
	Average unshared data size (kbytes): 0
	Average stack size (kbytes): 0
	Average total size (kbytes): 0
	Maximum resident set size (kbytes): 155472
	Average resident set size (kbytes): 0
	Major (requiring I/O) page faults: 0
	Minor (reclaiming a frame) page faults: 145218
	Voluntary context switches: 6100
	Involuntary context switches: 58
	Swaps: 0
	File system inputs: 0
	File system outputs: 408
	Socket messages sent: 0
	Socket messages received: 0
	Signals delivered: 0
	Page size (bytes): 4096
	Exit status: 0
