skesa --cores 4 --fastq microbial/data-downsampled/SRR10519619.fastq.gz --contigs_out microbial/assembly/SRR10519619.fasta 

Total reads: 100911
Reads acquired in  0.577679s wall, 0.570000s user + 0.000000s system = 0.570000s CPU (98.7%)

Kmer len: 19
Raw kmers: 8218959 Memory needed (GB): 0.157804 Memory available (GB): 30 1 cycle(s) will be performed
Distinct kmers: 0
Kmer count in  0.740096s wall, 2.460000s user + 0.140000s system = 2.600000s CPU (351.3%)
Uniq kmers merging in  0.000628s wall, 0.000000s user + 0.000000s system = 0.000000s CPU (n/a%)
Adapters: 0 Reads before: 100911 Sequence before: 10035357 Reads after: 100911 Sequence after: 10035357
Adapters clipped in  0.740828s wall, 2.460000s user + 0.140000s system = 2.600000s CPU (351.0%)

Kmer len: 21
Raw kmers: 8017137 Memory needed (GB): 0.153929 Memory available (GB): 29.9971 1 cycle(s) will be performed
Distinct kmers: 2227994
Kmer count in  0.756677s wall, 2.530000s user + 0.100000s system = 2.630000s CPU (347.6%)
Uniq kmers merging in  0.124970s wall, 0.160000s user + 0.100000s system = 0.260000s CPU (208.1%)
Kmers branching in  1.871113s wall, 5.890000s user + 0.030000s system = 5.920000s CPU (316.4%)

Average read length: 99
Genome size estimate: 2167782

Kmer: 21 Graph size: 2227994 Contigs in: 0
Valley: 0

Mark used kmers in  0.000005s wall, 0.000000s user + 0.000000s system = 0.000000s CPU (n/a%)
Kmers in multiple/single contigs: 0 0
Fragments before: 19077 1978810
Fragments after: 19044 1978790
New seeds: 8829
New seeds in  1.901517s wall, 5.190000s user + 0.010000s system = 5.200000s CPU (273.5%)
Fragments before: 17658 370818
Fragments after: 17658 370818
Connectors: 0 Extenders: 17658
Connections and extensions in  0.541043s wall, 1.480000s user + 0.010000s system = 1.490000s CPU (275.4%)
Contigs out: 8829 Genome: 896026 N50: 115 L50: 2506
Assembled in  2.454404s wall, 6.680000s user + 0.020000s system = 6.700000s CPU (273.0%)


Average count: 2.68806 Max kmer: 21
Seed kmers: 0
Cleaned reads: 99823
Reads for connection: 0
Internal reads: 0
Reads cleaned in  0.673177s wall, 2.510000s user + 0.030000s system = 2.540000s CPU (377.3%)
WARNING: iterations are disabled
DONE
	Command being timed: "skesa --cores 4 --fastq microbial/data-downsampled/SRR10519619.fastq.gz --contigs_out microbial/assembly/SRR10519619.fasta"
	User time (seconds): 21.21
	System time (seconds): 0.44
	Percent of CPU this job got: 283%
	Elapsed (wall clock) time (h:mm:ss or m:ss): 0:07.63
	Average shared text size (kbytes): 0
	Average unshared data size (kbytes): 0
	Average stack size (kbytes): 0
	Average total size (kbytes): 0
	Maximum resident set size (kbytes): 157160
	Average resident set size (kbytes): 0
	Major (requiring I/O) page faults: 0
	Minor (reclaiming a frame) page faults: 158038
	Voluntary context switches: 5707
	Involuntary context switches: 25
	Swaps: 0
	File system inputs: 0
	File system outputs: 376
	Socket messages sent: 0
	Socket messages received: 0
	Signals delivered: 0
	Page size (bytes): 4096
	Exit status: 0
