skesa --cores 4 --fastq microbial/data-downsampled/ERR3655996.fastq.gz --contigs_out microbial/assembly/ERR3655996.fasta 

Total reads: 66479
Reads acquired in  0.426322s wall, 0.420000s user + 0.000000s system = 0.420000s CPU (98.5%)

Kmer len: 19
Raw kmers: 8829975 Memory needed (GB): 0.169536 Memory available (GB): 30 1 cycle(s) will be performed
Distinct kmers: 1
Kmer count in  0.816560s wall, 2.790000s user + 0.190000s system = 2.980000s CPU (364.9%)
Uniq kmers merging in  0.000613s wall, 0.000000s user + 0.000000s system = 0.000000s CPU (n/a%)
Adapters: 0 Reads before: 66479 Sequence before: 10026597 Reads after: 66479 Sequence after: 10026597
Adapters clipped in  0.817295s wall, 2.790000s user + 0.190000s system = 2.980000s CPU (364.6%)

Kmer len: 21
Raw kmers: 8697017 Memory needed (GB): 0.166983 Memory available (GB): 29.9972 1 cycle(s) will be performed
Distinct kmers: 2217233
Kmer count in  0.826967s wall, 3.010000s user + 0.070000s system = 3.080000s CPU (372.4%)
Uniq kmers merging in  0.126113s wall, 0.150000s user + 0.080000s system = 0.230000s CPU (182.4%)
Kmers branching in  2.295841s wall, 7.600000s user + 0.030000s system = 7.630000s CPU (332.3%)

Average read length: 151
Genome size estimate: 2197915

Kmer: 21 Graph size: 2217233 Contigs in: 0
Valley: 0

Mark used kmers in  0.000007s wall, 0.000000s user + 0.000000s system = 0.000000s CPU (n/a%)
Kmers in multiple/single contigs: 0 0
Fragments before: 16443 2013859
Fragments after: 16399 2013839
New seeds: 11073
New seeds in  2.019115s wall, 6.080000s user + 0.060000s system = 6.140000s CPU (304.1%)
Fragments before: 22146 465066
Fragments after: 22146 465066
Connectors: 0 Extenders: 22146
Connections and extensions in  0.679482s wall, 1.790000s user + 0.040000s system = 1.830000s CPU (269.3%)
Contigs out: 11073 Genome: 1223187 N50: 113 L50: 3378
Assembled in  2.717766s wall, 7.890000s user + 0.100000s system = 7.990000s CPU (294.0%)


Average count: 2.50718 Max kmer: 21
Seed kmers: 0
Cleaned reads: 66159
Reads for connection: 0
Internal reads: 0
Reads cleaned in  0.869152s wall, 3.280000s user + 0.020000s system = 3.300000s CPU (379.7%)
WARNING: iterations are disabled
DONE
	Command being timed: "skesa --cores 4 --fastq microbial/data-downsampled/ERR3655996.fastq.gz --contigs_out microbial/assembly/ERR3655996.fasta"
	User time (seconds): 25.57
	System time (seconds): 0.50
	Percent of CPU this job got: 305%
	Elapsed (wall clock) time (h:mm:ss or m:ss): 0:08.52
	Average shared text size (kbytes): 0
	Average unshared data size (kbytes): 0
	Average stack size (kbytes): 0
	Average total size (kbytes): 0
	Maximum resident set size (kbytes): 168652
	Average resident set size (kbytes): 0
	Major (requiring I/O) page faults: 0
	Minor (reclaiming a frame) page faults: 165989
	Voluntary context switches: 6791
	Involuntary context switches: 99
	Swaps: 0
	File system inputs: 0
	File system outputs: 536
	Socket messages sent: 0
	Socket messages received: 0
	Signals delivered: 0
	Page size (bytes): 4096
	Exit status: 0
