skesa --cores 4 --fastq microbial/data-downsampled/ERR1144974.fastq.gz --contigs_out microbial/assembly/ERR1144974.fasta 

Total reads: 103917
Reads acquired in  0.465717s wall, 0.460000s user + 0.000000s system = 0.460000s CPU (98.8%)

Kmer len: 19
Raw kmers: 8107473 Memory needed (GB): 0.155663 Memory available (GB): 30 1 cycle(s) will be performed
Distinct kmers: 668
Kmer count in  0.737648s wall, 2.520000s user + 0.180000s system = 2.700000s CPU (366.0%)
Uniq kmers merging in  0.003148s wall, 0.000000s user + 0.000000s system = 0.000000s CPU (n/a%)
Adapters: 0 Reads before: 103917 Sequence before: 9977979 Reads after: 103917 Sequence after: 9977979
Adapters clipped in  0.740947s wall, 2.520000s user + 0.180000s system = 2.700000s CPU (364.4%)

Kmer len: 21
Raw kmers: 7899639 Memory needed (GB): 0.151673 Memory available (GB): 29.9971 1 cycle(s) will be performed
Distinct kmers: 2227642
Kmer count in  0.753911s wall, 2.680000s user + 0.110000s system = 2.790000s CPU (370.1%)
Uniq kmers merging in  0.128369s wall, 0.140000s user + 0.110000s system = 0.250000s CPU (194.8%)
Kmers branching in  2.248408s wall, 7.750000s user + 0.040000s system = 7.790000s CPU (346.5%)

Average read length: 96
Genome size estimate: 2175531

Kmer: 21 Graph size: 2227642 Contigs in: 0
Valley: 0

Mark used kmers in  0.000005s wall, 0.000000s user + 0.000000s system = 0.000000s CPU (n/a%)
Kmers in multiple/single contigs: 0 0
Fragments before: 18790 1986860
Fragments after: 18751 1986760
New seeds: 9399
New seeds in  2.370617s wall, 6.960000s user + 0.060000s system = 7.020000s CPU (296.1%)
Fragments before: 18798 394758
Fragments after: 18798 394758
Connectors: 0 Extenders: 18798
Connections and extensions in  0.605681s wall, 1.630000s user + 0.020000s system = 1.650000s CPU (272.4%)
Contigs out: 9399 Genome: 946001 N50: 114 L50: 2752
Assembled in  2.988131s wall, 8.600000s user + 0.080000s system = 8.680000s CPU (290.5%)


Average count: 2.70897 Max kmer: 21
Seed kmers: 0
Cleaned reads: 102999
Reads for connection: 0
Internal reads: 0
Reads cleaned in  0.701922s wall, 2.510000s user + 0.020000s system = 2.530000s CPU (360.4%)
WARNING: iterations are disabled
DONE
	Command being timed: "skesa --cores 4 --fastq microbial/data-downsampled/ERR1144974.fastq.gz --contigs_out microbial/assembly/ERR1144974.fasta"
	User time (seconds): 25.07
	System time (seconds): 0.56
	Percent of CPU this job got: 303%
	Elapsed (wall clock) time (h:mm:ss or m:ss): 0:08.46
	Average shared text size (kbytes): 0
	Average unshared data size (kbytes): 0
	Average stack size (kbytes): 0
	Average total size (kbytes): 0
	Maximum resident set size (kbytes): 154496
	Average resident set size (kbytes): 0
	Major (requiring I/O) page faults: 0
	Minor (reclaiming a frame) page faults: 157120
	Voluntary context switches: 6537
	Involuntary context switches: 61
	Swaps: 0
	File system inputs: 0
	File system outputs: 360
	Socket messages sent: 0
	Socket messages received: 0
	Signals delivered: 0
	Page size (bytes): 4096
	Exit status: 0
