skesa --cores 4 --fastq microbial/data-downsampled/ERR3656010.fastq.gz --contigs_out microbial/assembly/ERR3656010.fasta 

Total reads: 66692
Reads acquired in  0.452199s wall, 0.450000s user + 0.000000s system = 0.450000s CPU (99.5%)

Kmer len: 19
Raw kmers: 8863637 Memory needed (GB): 0.170182 Memory available (GB): 30 1 cycle(s) will be performed
Distinct kmers: 1
Kmer count in  0.828920s wall, 2.660000s user + 0.140000s system = 2.800000s CPU (337.8%)
Uniq kmers merging in  0.000651s wall, 0.000000s user + 0.000000s system = 0.000000s CPU (n/a%)
Adapters: 0 Reads before: 66692 Sequence before: 10064093 Reads after: 66692 Sequence after: 10064093
Adapters clipped in  0.829704s wall, 2.660000s user + 0.140000s system = 2.800000s CPU (337.5%)

Kmer len: 21
Raw kmers: 8730253 Memory needed (GB): 0.167621 Memory available (GB): 29.9972 1 cycle(s) will be performed
Distinct kmers: 2391117
Kmer count in  0.813873s wall, 2.950000s user + 0.140000s system = 3.090000s CPU (379.7%)
Uniq kmers merging in  0.128132s wall, 0.160000s user + 0.090000s system = 0.250000s CPU (195.1%)
Kmers branching in  2.352589s wall, 8.000000s user + 0.060000s system = 8.060000s CPU (342.6%)

Average read length: 151
Genome size estimate: 2342945

Kmer: 21 Graph size: 2391117 Contigs in: 0
Valley: 0

Mark used kmers in  0.000006s wall, 0.000000s user + 0.000000s system = 0.000000s CPU (n/a%)
Kmers in multiple/single contigs: 0 0
Fragments before: 12724 2272724
Fragments after: 12687 2272704
New seeds: 10108
New seeds in  1.972261s wall, 6.120000s user + 0.050000s system = 6.170000s CPU (312.8%)
Fragments before: 20216 424536
Fragments after: 20216 424536
Connectors: 0 Extenders: 20216
Connections and extensions in  0.746453s wall, 2.210000s user + 0.010000s system = 2.220000s CPU (297.4%)
Contigs out: 10108 Genome: 1692771 N50: 207 L50: 2517
Assembled in  2.739464s wall, 8.350000s user + 0.060000s system = 8.410000s CPU (307.0%)


Average count: 2.94972 Max kmer: 21
Seed kmers: 0
Cleaned reads: 62051
Reads for connection: 0
Internal reads: 0
Reads cleaned in  0.830540s wall, 3.080000s user + 0.050000s system = 3.130000s CPU (376.9%)
WARNING: iterations are disabled
DONE
	Command being timed: "skesa --cores 4 --fastq microbial/data-downsampled/ERR3656010.fastq.gz --contigs_out microbial/assembly/ERR3656010.fasta"
	User time (seconds): 26.58
	System time (seconds): 0.56
	Percent of CPU this job got: 298%
	Elapsed (wall clock) time (h:mm:ss or m:ss): 0:09.10
	Average shared text size (kbytes): 0
	Average unshared data size (kbytes): 0
	Average stack size (kbytes): 0
	Average total size (kbytes): 0
	Maximum resident set size (kbytes): 170176
	Average resident set size (kbytes): 0
	Major (requiring I/O) page faults: 0
	Minor (reclaiming a frame) page faults: 171316
	Voluntary context switches: 6942
	Involuntary context switches: 1146
	Swaps: 0
	File system inputs: 0
	File system outputs: 1840
	Socket messages sent: 0
	Socket messages received: 0
	Signals delivered: 0
	Page size (bytes): 4096
	Exit status: 0
