skesa --cores 4 --fastq microbial/data-downsampled/SRR10519620.fastq.gz --contigs_out microbial/assembly/SRR10519620.fasta 

Total reads: 101168
Reads acquired in  0.537268s wall, 0.530000s user + 0.000000s system = 0.530000s CPU (98.6%)

Kmer len: 19
Raw kmers: 8209995 Memory needed (GB): 0.157632 Memory available (GB): 30 1 cycle(s) will be performed
Distinct kmers: 0
Kmer count in  0.772699s wall, 2.640000s user + 0.130000s system = 2.770000s CPU (358.5%)
Uniq kmers merging in  0.000659s wall, 0.000000s user + 0.000000s system = 0.000000s CPU (n/a%)
Adapters: 0 Reads before: 101168 Sequence before: 10031019 Reads after: 101168 Sequence after: 10031019
Adapters clipped in  0.773484s wall, 2.640000s user + 0.130000s system = 2.770000s CPU (358.1%)

Kmer len: 21
Raw kmers: 8007659 Memory needed (GB): 0.153747 Memory available (GB): 29.9971 1 cycle(s) will be performed
Distinct kmers: 2262884
Kmer count in  0.737311s wall, 2.750000s user + 0.090000s system = 2.840000s CPU (385.2%)
Uniq kmers merging in  0.143028s wall, 0.200000s user + 0.090000s system = 0.290000s CPU (202.8%)
Kmers branching in  1.936249s wall, 6.550000s user + 0.030000s system = 6.580000s CPU (339.8%)

Average read length: 99
Genome size estimate: 2205331

Kmer: 21 Graph size: 2262884 Contigs in: 0
Valley: 0

Mark used kmers in  0.000007s wall, 0.000000s user + 0.000000s system = 0.000000s CPU (n/a%)
Kmers in multiple/single contigs: 0 0
Fragments before: 19206 2041529
Fragments after: 19168 2041529
New seeds: 9332
New seeds in  2.080663s wall, 5.430000s user + 0.080000s system = 5.510000s CPU (264.8%)
Fragments before: 18664 391944
Fragments after: 18664 391944
Connectors: 0 Extenders: 18664
Connections and extensions in  0.599930s wall, 1.630000s user + 0.020000s system = 1.650000s CPU (275.0%)
Contigs out: 9332 Genome: 963907 N50: 118 L50: 2677
Assembled in  2.698974s wall, 7.080000s user + 0.100000s system = 7.180000s CPU (266.0%)


Average count: 2.72715 Max kmer: 21
Seed kmers: 0
Cleaned reads: 100470
Reads for connection: 0
Internal reads: 0
Reads cleaned in  0.730540s wall, 2.610000s user + 0.020000s system = 2.630000s CPU (360.0%)
WARNING: iterations are disabled
DONE
	Command being timed: "skesa --cores 4 --fastq microbial/data-downsampled/SRR10519620.fastq.gz --contigs_out microbial/assembly/SRR10519620.fasta"
	User time (seconds): 22.82
	System time (seconds): 0.48
	Percent of CPU this job got: 289%
	Elapsed (wall clock) time (h:mm:ss or m:ss): 0:08.04
	Average shared text size (kbytes): 0
	Average unshared data size (kbytes): 0
	Average stack size (kbytes): 0
	Average total size (kbytes): 0
	Maximum resident set size (kbytes): 157844
	Average resident set size (kbytes): 0
	Major (requiring I/O) page faults: 0
	Minor (reclaiming a frame) page faults: 157471
	Voluntary context switches: 5956
	Involuntary context switches: 267
	Swaps: 0
	File system inputs: 0
	File system outputs: 408
	Socket messages sent: 0
	Socket messages received: 0
	Signals delivered: 0
	Page size (bytes): 4096
	Exit status: 0
