skesa --cores 4 --fastq microbial/data-downsampled/SRR10513672.fastq.gz --contigs_out microbial/assembly/SRR10513672.fasta 

Total reads: 49583
Reads acquired in  0.548982s wall, 0.530000s user + 0.010000s system = 0.540000s CPU (98.4%)

Kmer len: 19
Raw kmers: 9154007 Memory needed (GB): 0.175757 Memory available (GB): 30 1 cycle(s) will be performed
Distinct kmers: 1
Kmer count in  0.814360s wall, 2.720000s user + 0.150000s system = 2.870000s CPU (352.4%)
Uniq kmers merging in  0.000703s wall, 0.000000s user + 0.000000s system = 0.000000s CPU (n/a%)
Adapters: 0 Reads before: 49583 Sequence before: 10046501 Reads after: 49583 Sequence after: 10046501
Adapters clipped in  0.815182s wall, 2.720000s user + 0.150000s system = 2.870000s CPU (352.1%)

Kmer len: 21
Raw kmers: 9054841 Memory needed (GB): 0.173853 Memory available (GB): 29.9973 1 cycle(s) will be performed
Distinct kmers: 2205738
Kmer count in  0.823524s wall, 2.790000s user + 0.100000s system = 2.890000s CPU (350.9%)
Uniq kmers merging in  0.111386s wall, 0.110000s user + 0.100000s system = 0.210000s CPU (188.5%)
Kmers branching in  1.695023s wall, 6.010000s user + 0.010000s system = 6.020000s CPU (355.2%)

Average read length: 203
Genome size estimate: 2132455

Kmer: 21 Graph size: 2205738 Contigs in: 0
Valley: 0

Mark used kmers in  0.000006s wall, 0.000000s user + 0.000000s system = 0.000000s CPU (n/a%)
Kmers in multiple/single contigs: 0 0
Fragments before: 6619 2157642
Fragments after: 6597 2157642
New seeds: 5505
New seeds in  1.480913s wall, 4.750000s user + 0.030000s system = 4.780000s CPU (322.8%)
Fragments before: 11010 231210
Fragments after: 11010 231210
Connectors: 0 Extenders: 11010
Connections and extensions in  0.463925s wall, 1.390000s user + 0.020000s system = 1.410000s CPU (303.9%)
Contigs out: 5505 Genome: 1859444 N50: 502 L50: 1177
Assembled in  1.956061s wall, 6.150000s user + 0.050000s system = 6.200000s CPU (317.0%)


Average count: 3.5348 Max kmer: 21
Seed kmers: 0
Cleaned reads: 36520
Reads for connection: 0
Internal reads: 0
Reads cleaned in  0.766127s wall, 2.870000s user + 0.040000s system = 2.910000s CPU (379.8%)
WARNING: iterations are disabled
DONE
	Command being timed: "skesa --cores 4 --fastq microbial/data-downsampled/SRR10513672.fastq.gz --contigs_out microbial/assembly/SRR10513672.fasta"
	User time (seconds): 22.58
	System time (seconds): 0.48
	Percent of CPU this job got: 283%
	Elapsed (wall clock) time (h:mm:ss or m:ss): 0:08.13
	Average shared text size (kbytes): 0
	Average unshared data size (kbytes): 0
	Average stack size (kbytes): 0
	Average total size (kbytes): 0
	Maximum resident set size (kbytes): 175920
	Average resident set size (kbytes): 0
	Major (requiring I/O) page faults: 0
	Minor (reclaiming a frame) page faults: 160429
	Voluntary context switches: 5846
	Involuntary context switches: 47
	Swaps: 0
	File system inputs: 0
	File system outputs: 3248
	Socket messages sent: 0
	Socket messages received: 0
	Signals delivered: 0
	Page size (bytes): 4096
	Exit status: 0
