skesa --cores 4 --fastq microbial/data-downsampled/ERR3656013.fastq.gz --contigs_out microbial/assembly/ERR3656013.fasta 

Total reads: 66520
Reads acquired in  0.470488s wall, 0.460000s user + 0.000000s system = 0.460000s CPU (97.8%)

Kmer len: 19
Raw kmers: 8839450 Memory needed (GB): 0.169717 Memory available (GB): 30 1 cycle(s) will be performed
Distinct kmers: 0
Kmer count in  0.595229s wall, 2.110000s user + 0.170000s system = 2.280000s CPU (383.0%)
Uniq kmers merging in  0.000649s wall, 0.000000s user + 0.000000s system = 0.000000s CPU (n/a%)
Adapters: 0 Reads before: 66520 Sequence before: 10036810 Reads after: 66520 Sequence after: 10036810
Adapters clipped in  0.595998s wall, 2.110000s user + 0.170000s system = 2.280000s CPU (382.6%)

Kmer len: 21
Raw kmers: 8706410 Memory needed (GB): 0.167163 Memory available (GB): 29.9972 1 cycle(s) will be performed
Distinct kmers: 2377321
Kmer count in  0.711537s wall, 2.520000s user + 0.100000s system = 2.620000s CPU (368.2%)
Uniq kmers merging in  0.132221s wall, 0.140000s user + 0.110000s system = 0.250000s CPU (189.1%)
Kmers branching in  1.995836s wall, 7.040000s user + 0.090000s system = 7.130000s CPU (357.2%)

Average read length: 151
Genome size estimate: 2329171

Kmer: 21 Graph size: 2377321 Contigs in: 0
Valley: 0

Mark used kmers in  0.000008s wall, 0.000000s user + 0.000000s system = 0.000000s CPU (n/a%)
Kmers in multiple/single contigs: 0 0
Fragments before: 12832 2255958
Fragments after: 12804 2255958
New seeds: 10082
New seeds in  1.970654s wall, 5.940000s user + 0.030000s system = 5.970000s CPU (302.9%)
Fragments before: 20164 423444
Fragments after: 20164 423444
Connectors: 0 Extenders: 20164
Connections and extensions in  0.619065s wall, 1.800000s user + 0.020000s system = 1.820000s CPU (294.0%)
Contigs out: 10082 Genome: 1667494 N50: 205 L50: 2524
Assembled in  2.611584s wall, 7.770000s user + 0.050000s system = 7.820000s CPU (299.4%)


Average count: 2.93516 Max kmer: 21
Seed kmers: 0
Cleaned reads: 61951
Reads for connection: 0
Internal reads: 0
Reads cleaned in  0.906203s wall, 3.400000s user + 0.060000s system = 3.460000s CPU (381.8%)
WARNING: iterations are disabled
DONE
	Command being timed: "skesa --cores 4 --fastq microbial/data-downsampled/ERR3656013.fastq.gz --contigs_out microbial/assembly/ERR3656013.fasta"
	User time (seconds): 24.36
	System time (seconds): 0.60
	Percent of CPU this job got: 297%
	Elapsed (wall clock) time (h:mm:ss or m:ss): 0:08.38
	Average shared text size (kbytes): 0
	Average unshared data size (kbytes): 0
	Average stack size (kbytes): 0
	Average total size (kbytes): 0
	Maximum resident set size (kbytes): 169288
	Average resident set size (kbytes): 0
	Major (requiring I/O) page faults: 0
	Minor (reclaiming a frame) page faults: 161990
	Voluntary context switches: 6205
	Involuntary context switches: 40
	Swaps: 0
	File system inputs: 0
	File system outputs: 1808
	Socket messages sent: 0
	Socket messages received: 0
	Signals delivered: 0
	Page size (bytes): 4096
	Exit status: 0
