skesa --cores 4 --fastq microbial/data-downsampled/SRR10527353.fastq.gz --contigs_out microbial/assembly/SRR10527353.fasta 

Total reads: 100426
Reads acquired in  0.651041s wall, 0.640000s user + 0.000000s system = 0.640000s CPU (98.3%)

Kmer len: 19
Raw kmers: 8233936 Memory needed (GB): 0.158092 Memory available (GB): 30 1 cycle(s) will be performed
Distinct kmers: 0
Kmer count in  0.744122s wall, 2.310000s user + 0.140000s system = 2.450000s CPU (329.2%)
Uniq kmers merging in  0.000621s wall, 0.000000s user + 0.000000s system = 0.000000s CPU (n/a%)
Adapters: 0 Reads before: 100426 Sequence before: 10041604 Reads after: 100426 Sequence after: 10041604
Adapters clipped in  0.744853s wall, 2.310000s user + 0.140000s system = 2.450000s CPU (328.9%)

Kmer len: 21
Raw kmers: 8033084 Memory needed (GB): 0.154235 Memory available (GB): 29.9971 1 cycle(s) will be performed
Distinct kmers: 2224666
Kmer count in  0.730667s wall, 2.480000s user + 0.050000s system = 2.530000s CPU (346.3%)
Uniq kmers merging in  0.107301s wall, 0.100000s user + 0.110000s system = 0.210000s CPU (195.7%)
Kmers branching in  1.728299s wall, 5.620000s user + 0.040000s system = 5.660000s CPU (327.5%)

Average read length: 100
Genome size estimate: 2151323

Kmer: 21 Graph size: 2224666 Contigs in: 0
Valley: 0

Mark used kmers in  0.000008s wall, 0.000000s user + 0.000000s system = 0.000000s CPU (n/a%)
Kmers in multiple/single contigs: 0 0
Fragments before: 19145 1981368
Fragments after: 19104 1981368
New seeds: 8589
New seeds in  2.123834s wall, 5.680000s user + 0.050000s system = 5.730000s CPU (269.8%)
Fragments before: 17178 360738
Fragments after: 17178 360738
Connectors: 0 Extenders: 17178
Connections and extensions in  0.502362s wall, 1.400000s user + 0.020000s system = 1.420000s CPU (282.7%)
Contigs out: 8589 Genome: 883220 N50: 116 L50: 2425
Assembled in  2.644065s wall, 7.100000s user + 0.070000s system = 7.170000s CPU (271.2%)


Average count: 2.67139 Max kmer: 21
Seed kmers: 0
Cleaned reads: 98918
Reads for connection: 0
Internal reads: 0
Reads cleaned in  0.624870s wall, 2.370000s user + 0.030000s system = 2.400000s CPU (384.1%)
WARNING: iterations are disabled
DONE
	Command being timed: "skesa --cores 4 --fastq microbial/data-downsampled/SRR10527353.fastq.gz --contigs_out microbial/assembly/SRR10527353.fasta"
	User time (seconds): 21.00
	System time (seconds): 0.45
	Percent of CPU this job got: 281%
	Elapsed (wall clock) time (h:mm:ss or m:ss): 0:07.63
	Average shared text size (kbytes): 0
	Average unshared data size (kbytes): 0
	Average stack size (kbytes): 0
	Average total size (kbytes): 0
	Maximum resident set size (kbytes): 157708
	Average resident set size (kbytes): 0
	Major (requiring I/O) page faults: 0
	Minor (reclaiming a frame) page faults: 153561
	Voluntary context switches: 5578
	Involuntary context switches: 64
	Swaps: 0
	File system inputs: 0
	File system outputs: 408
	Socket messages sent: 0
	Socket messages received: 0
	Signals delivered: 0
	Page size (bytes): 4096
	Exit status: 0
