[11 Dec 2019 23:25:35-Xiz][cmd] /home/CSCScience.ca/apetkau/miniconda3/envs/bigsi_mccortex/bin/mccortex31 build --nkmers 2100000 --threads 1 --kmer 11 --mem 5G --sample SRR518958 --seq human/kmer-counts-jellyfish/11/SRR518958.kmer.gz human/bigsi/11/mccortex.SRR518958.ctx
[11 Dec 2019 23:25:35-Xiz][cwd] /home/CSCScience.ca/apetkau/workspace/comp7934-project
[11 Dec 2019 23:25:35-Xiz][version] mccortex=v0.0.3-610-g400c0e3 zlib=1.2.11 htslib=1.8-17-g699ed53 ASSERTS=ON hash=Lookup3 CHECKS=ON k=3..31
[11 Dec 2019 23:25:35-Xiz] Saving graph to: human/bigsi/11/mccortex.SRR518958.ctx
[11 Dec 2019 23:25:35-Xiz][sample] 0: SRR518958
[11 Dec 2019 23:25:35-Xiz][task] human/kmer-counts-jellyfish/11/SRR518958.kmer.gz; FASTQ offset: auto-detect, threshold: off; cut homopolymers: off; remove PCR duplicates: no; colour: 0
[11 Dec 2019 23:25:35-Xiz][memory] 104 bits per kmer
[11 Dec 2019 23:25:35-Xiz] Note: Using less memory than requested (26.9MB < 5GB); allows for 2,162,688 kmers
[11 Dec 2019 23:25:35-Xiz][memory] graph: 26.9MB
[11 Dec 2019 23:25:35-Xiz][memory] total: 26.9MB of 62.6GB RAM
[11 Dec 2019 23:25:35-Xiz] Writing 1 colour graph to human/bigsi/11/mccortex.SRR518958.ctx
[11 Dec 2019 23:25:35-Xiz][hasht] Allocating table with 2,162,688 entries, using 16.6MB
[11 Dec 2019 23:25:35-Xiz][hasht]  number of buckets: 65,536, bucket size: 33
[11 Dec 2019 23:25:35-Xiz][graph] kmer-size: 11; colours: 1; capacity: 2,162,688
[11 Dec 2019 23:25:35-Xiz][hasht] buckets: 65,536 [2^16]; bucket size: 33; 
[11 Dec 2019 23:25:35-Xiz][hasht] memory: 16.6MB; filled: 0 / 2,162,688 (0.00%)
[11 Dec 2019 23:25:35-Xiz][asyncio] Inputs: 1; Threads: 1
[11 Dec 2019 23:25:35-Xiz][seq] Parsing sequence file human/kmer-counts-jellyfish/11/SRR518958.kmer.gz
[11 Dec 2019 23:25:35-Xiz][seq] Loaded 204,180 reads and 0 reads pairs (file: human/kmer-counts-jellyfish/11/SRR518958.kmer.gz)
[11 Dec 2019 23:25:35-Xiz][hasht] buckets: 65,536 [2^16]; bucket size: 33; 
[11 Dec 2019 23:25:35-Xiz][hasht] memory: 16.6MB; filled: 204,180 / 2,162,688 (9.44%)
[11 Dec 2019 23:25:35-Xiz][hasht]  collisions  0: 204180
[11 Dec 2019 23:25:35-Xiz][task] input: human/kmer-counts-jellyfish/11/SRR518958.kmer.gz colour: 0
[11 Dec 2019 23:25:35-Xiz]  SE reads: 204,180  PE reads: 0
[11 Dec 2019 23:25:35-Xiz]  good reads: 204,180  bad reads: 0
[11 Dec 2019 23:25:35-Xiz]  dup SE reads: 0  dup PE pairs: 0
[11 Dec 2019 23:25:35-Xiz]  bases read: 2,245,980  bases loaded: 2,245,980
[11 Dec 2019 23:25:35-Xiz]  num contigs: 204,180  num kmers: 204,180 novel kmers: 204,180
[11 Dec 2019 23:25:35-Xiz] Dumping graph...
[11 Dec 2019 23:25:35-Xiz][graphwriter] Saving file to: human/bigsi/11/mccortex.SRR518958.ctx
[11 Dec 2019 23:25:35-Xiz][FileFilter] Writing graph  [1 src colour]
[11 Dec 2019 23:25:35-Xiz][graphwriter] Dumped 204,180 kmers in 1 colour into: human/bigsi/11/mccortex.SRR518958.ctx (ver: 6)
[11 Dec 2019 23:25:35-Xiz][memory] We made 19 allocs
[11 Dec 2019 23:25:35-Xiz] Done.
[11 Dec 2019 23:25:35-Xiz][time] 0.00 seconds
	Command being timed: "mccortex 11 build --nkmers 2100000 --threads 1 --kmer 11 --mem 5G --sample SRR518958 --seq human/kmer-counts-jellyfish/11/SRR518958.kmer.gz human/bigsi/11/mccortex.SRR518958.ctx"
	User time (seconds): 0.27
	System time (seconds): 0.05
	Percent of CPU this job got: 160%
	Elapsed (wall clock) time (h:mm:ss or m:ss): 0:00.20
	Average shared text size (kbytes): 0
	Average unshared data size (kbytes): 0
	Average stack size (kbytes): 0
	Average total size (kbytes): 0
	Maximum resident set size (kbytes): 34600
	Average resident set size (kbytes): 0
	Major (requiring I/O) page faults: 0
	Minor (reclaiming a frame) page faults: 11039
	Voluntary context switches: 3217
	Involuntary context switches: 10
	Swaps: 0
	File system inputs: 1528
	File system outputs: 5200
	Socket messages sent: 0
	Socket messages received: 0
	Signals delivered: 0
	Page size (bytes): 4096
	Exit status: 0
