[11 Dec 2019 23:25:27-taC][cmd] /home/CSCScience.ca/apetkau/miniconda3/envs/bigsi_mccortex/bin/mccortex31 build --nkmers 2100000 --threads 1 --kmer 11 --mem 5G --sample SRR191646 --seq human/kmer-counts-jellyfish/11/SRR191646.kmer.gz human/bigsi/11/mccortex.SRR191646.ctx
[11 Dec 2019 23:25:27-taC][cwd] /home/CSCScience.ca/apetkau/workspace/comp7934-project
[11 Dec 2019 23:25:27-taC][version] mccortex=v0.0.3-610-g400c0e3 zlib=1.2.11 htslib=1.8-17-g699ed53 ASSERTS=ON hash=Lookup3 CHECKS=ON k=3..31
[11 Dec 2019 23:25:27-taC] Saving graph to: human/bigsi/11/mccortex.SRR191646.ctx
[11 Dec 2019 23:25:27-taC][sample] 0: SRR191646
[11 Dec 2019 23:25:27-taC][task] human/kmer-counts-jellyfish/11/SRR191646.kmer.gz; FASTQ offset: auto-detect, threshold: off; cut homopolymers: off; remove PCR duplicates: no; colour: 0
[11 Dec 2019 23:25:27-taC][memory] 104 bits per kmer
[11 Dec 2019 23:25:27-taC] Note: Using less memory than requested (26.9MB < 5GB); allows for 2,162,688 kmers
[11 Dec 2019 23:25:27-taC][memory] graph: 26.9MB
[11 Dec 2019 23:25:27-taC][memory] total: 26.9MB of 62.6GB RAM
[11 Dec 2019 23:25:27-taC] Writing 1 colour graph to human/bigsi/11/mccortex.SRR191646.ctx
[11 Dec 2019 23:25:27-taC][hasht] Allocating table with 2,162,688 entries, using 16.6MB
[11 Dec 2019 23:25:27-taC][hasht]  number of buckets: 65,536, bucket size: 33
[11 Dec 2019 23:25:27-taC][graph] kmer-size: 11; colours: 1; capacity: 2,162,688
[11 Dec 2019 23:25:27-taC][hasht] buckets: 65,536 [2^16]; bucket size: 33; 
[11 Dec 2019 23:25:27-taC][hasht] memory: 16.6MB; filled: 0 / 2,162,688 (0.00%)
[11 Dec 2019 23:25:27-taC][asyncio] Inputs: 1; Threads: 1
[11 Dec 2019 23:25:27-taC][seq] Parsing sequence file human/kmer-counts-jellyfish/11/SRR191646.kmer.gz
[11 Dec 2019 23:25:28-taC][seq] Loaded 703,429 reads and 0 reads pairs (file: human/kmer-counts-jellyfish/11/SRR191646.kmer.gz)
[11 Dec 2019 23:25:28-taC][hasht] buckets: 65,536 [2^16]; bucket size: 33; 
[11 Dec 2019 23:25:28-taC][hasht] memory: 16.6MB; filled: 703,429 / 2,162,688 (32.53%)
[11 Dec 2019 23:25:28-taC][hasht]  collisions  0: 703429
[11 Dec 2019 23:25:28-taC][task] input: human/kmer-counts-jellyfish/11/SRR191646.kmer.gz colour: 0
[11 Dec 2019 23:25:28-taC]  SE reads: 703,429  PE reads: 0
[11 Dec 2019 23:25:28-taC]  good reads: 703,429  bad reads: 0
[11 Dec 2019 23:25:28-taC]  dup SE reads: 0  dup PE pairs: 0
[11 Dec 2019 23:25:28-taC]  bases read: 7,737,719  bases loaded: 7,737,719
[11 Dec 2019 23:25:28-taC]  num contigs: 703,429  num kmers: 703,429 novel kmers: 703,429
[11 Dec 2019 23:25:28-taC] Dumping graph...
[11 Dec 2019 23:25:28-taC][graphwriter] Saving file to: human/bigsi/11/mccortex.SRR191646.ctx
[11 Dec 2019 23:25:28-taC][FileFilter] Writing graph  [1 src colour]
[11 Dec 2019 23:25:28-taC][graphwriter] Dumped 703,429 kmers in 1 colour into: human/bigsi/11/mccortex.SRR191646.ctx (ver: 6)
[11 Dec 2019 23:25:28-taC][memory] We made 19 allocs
[11 Dec 2019 23:25:28-taC] Done.
[11 Dec 2019 23:25:28-taC][time] 1.00 seconds
	Command being timed: "mccortex 11 build --nkmers 2100000 --threads 1 --kmer 11 --mem 5G --sample SRR191646 --seq human/kmer-counts-jellyfish/11/SRR191646.kmer.gz human/bigsi/11/mccortex.SRR191646.ctx"
	User time (seconds): 0.87
	System time (seconds): 0.13
	Percent of CPU this job got: 176%
	Elapsed (wall clock) time (h:mm:ss or m:ss): 0:00.57
	Average shared text size (kbytes): 0
	Average unshared data size (kbytes): 0
	Average stack size (kbytes): 0
	Average total size (kbytes): 0
	Maximum resident set size (kbytes): 34624
	Average resident set size (kbytes): 0
	Major (requiring I/O) page faults: 0
	Minor (reclaiming a frame) page faults: 11044
	Voluntary context switches: 3563
	Involuntary context switches: 25
	Swaps: 0
	File system inputs: 5264
	File system outputs: 17872
	Socket messages sent: 0
	Socket messages received: 0
	Signals delivered: 0
	Page size (bytes): 4096
	Exit status: 0
