[11 Dec 2019 23:25:38-MiP][cmd] /home/CSCScience.ca/apetkau/miniconda3/envs/bigsi_mccortex/bin/mccortex31 build --nkmers 2100000 --threads 1 --kmer 11 --mem 5G --sample SRR537114 --seq human/kmer-counts-jellyfish/11/SRR537114.kmer.gz human/bigsi/11/mccortex.SRR537114.ctx
[11 Dec 2019 23:25:38-MiP][cwd] /home/CSCScience.ca/apetkau/workspace/comp7934-project
[11 Dec 2019 23:25:38-MiP][version] mccortex=v0.0.3-610-g400c0e3 zlib=1.2.11 htslib=1.8-17-g699ed53 ASSERTS=ON hash=Lookup3 CHECKS=ON k=3..31
[11 Dec 2019 23:25:38-MiP] Saving graph to: human/bigsi/11/mccortex.SRR537114.ctx
[11 Dec 2019 23:25:38-MiP][sample] 0: SRR537114
[11 Dec 2019 23:25:38-MiP][task] human/kmer-counts-jellyfish/11/SRR537114.kmer.gz; FASTQ offset: auto-detect, threshold: off; cut homopolymers: off; remove PCR duplicates: no; colour: 0
[11 Dec 2019 23:25:38-MiP][memory] 104 bits per kmer
[11 Dec 2019 23:25:38-MiP] Note: Using less memory than requested (26.9MB < 5GB); allows for 2,162,688 kmers
[11 Dec 2019 23:25:38-MiP][memory] graph: 26.9MB
[11 Dec 2019 23:25:38-MiP][memory] total: 26.9MB of 62.6GB RAM
[11 Dec 2019 23:25:38-MiP] Writing 1 colour graph to human/bigsi/11/mccortex.SRR537114.ctx
[11 Dec 2019 23:25:38-MiP][hasht] Allocating table with 2,162,688 entries, using 16.6MB
[11 Dec 2019 23:25:38-MiP][hasht]  number of buckets: 65,536, bucket size: 33
[11 Dec 2019 23:25:38-MiP][graph] kmer-size: 11; colours: 1; capacity: 2,162,688
[11 Dec 2019 23:25:38-MiP][hasht] buckets: 65,536 [2^16]; bucket size: 33; 
[11 Dec 2019 23:25:38-MiP][hasht] memory: 16.6MB; filled: 0 / 2,162,688 (0.00%)
[11 Dec 2019 23:25:38-MiP][asyncio] Inputs: 1; Threads: 1
[11 Dec 2019 23:25:38-MiP][seq] Parsing sequence file human/kmer-counts-jellyfish/11/SRR537114.kmer.gz
[11 Dec 2019 23:25:38-MiP][seq] Loaded 397,869 reads and 0 reads pairs (file: human/kmer-counts-jellyfish/11/SRR537114.kmer.gz)
[11 Dec 2019 23:25:38-MiP][hasht] buckets: 65,536 [2^16]; bucket size: 33; 
[11 Dec 2019 23:25:38-MiP][hasht] memory: 16.6MB; filled: 397,869 / 2,162,688 (18.40%)
[11 Dec 2019 23:25:38-MiP][hasht]  collisions  0: 397869
[11 Dec 2019 23:25:38-MiP][task] input: human/kmer-counts-jellyfish/11/SRR537114.kmer.gz colour: 0
[11 Dec 2019 23:25:38-MiP]  SE reads: 397,869  PE reads: 0
[11 Dec 2019 23:25:38-MiP]  good reads: 397,869  bad reads: 0
[11 Dec 2019 23:25:38-MiP]  dup SE reads: 0  dup PE pairs: 0
[11 Dec 2019 23:25:38-MiP]  bases read: 4,376,559  bases loaded: 4,376,559
[11 Dec 2019 23:25:38-MiP]  num contigs: 397,869  num kmers: 397,869 novel kmers: 397,869
[11 Dec 2019 23:25:38-MiP] Dumping graph...
[11 Dec 2019 23:25:38-MiP][graphwriter] Saving file to: human/bigsi/11/mccortex.SRR537114.ctx
[11 Dec 2019 23:25:38-MiP][FileFilter] Writing graph  [1 src colour]
[11 Dec 2019 23:25:38-MiP][graphwriter] Dumped 397,869 kmers in 1 colour into: human/bigsi/11/mccortex.SRR537114.ctx (ver: 6)
[11 Dec 2019 23:25:38-MiP][memory] We made 19 allocs
[11 Dec 2019 23:25:38-MiP] Done.
[11 Dec 2019 23:25:38-MiP][time] 0.00 seconds
	Command being timed: "mccortex 11 build --nkmers 2100000 --threads 1 --kmer 11 --mem 5G --sample SRR537114 --seq human/kmer-counts-jellyfish/11/SRR537114.kmer.gz human/bigsi/11/mccortex.SRR537114.ctx"
	User time (seconds): 0.47
	System time (seconds): 0.09
	Percent of CPU this job got: 165%
	Elapsed (wall clock) time (h:mm:ss or m:ss): 0:00.34
	Average shared text size (kbytes): 0
	Average unshared data size (kbytes): 0
	Average stack size (kbytes): 0
	Average total size (kbytes): 0
	Maximum resident set size (kbytes): 34476
	Average resident set size (kbytes): 0
	Major (requiring I/O) page faults: 0
	Minor (reclaiming a frame) page faults: 11040
	Voluntary context switches: 3331
	Involuntary context switches: 13
	Swaps: 0
	File system inputs: 2984
	File system outputs: 10112
	Socket messages sent: 0
	Socket messages received: 0
	Signals delivered: 0
	Page size (bytes): 4096
	Exit status: 0
