[11 Dec 2019 23:25:33-REn][cmd] /home/CSCScience.ca/apetkau/miniconda3/envs/bigsi_mccortex/bin/mccortex31 build --nkmers 2100000 --threads 1 --kmer 11 --mem 5G --sample SRR496397 --seq human/kmer-counts-jellyfish/11/SRR496397.kmer.gz human/bigsi/11/mccortex.SRR496397.ctx
[11 Dec 2019 23:25:33-REn][cwd] /home/CSCScience.ca/apetkau/workspace/comp7934-project
[11 Dec 2019 23:25:33-REn][version] mccortex=v0.0.3-610-g400c0e3 zlib=1.2.11 htslib=1.8-17-g699ed53 ASSERTS=ON hash=Lookup3 CHECKS=ON k=3..31
[11 Dec 2019 23:25:33-REn] Saving graph to: human/bigsi/11/mccortex.SRR496397.ctx
[11 Dec 2019 23:25:33-REn][sample] 0: SRR496397
[11 Dec 2019 23:25:33-REn][task] human/kmer-counts-jellyfish/11/SRR496397.kmer.gz; FASTQ offset: auto-detect, threshold: off; cut homopolymers: off; remove PCR duplicates: no; colour: 0
[11 Dec 2019 23:25:33-REn][memory] 104 bits per kmer
[11 Dec 2019 23:25:33-REn] Note: Using less memory than requested (26.9MB < 5GB); allows for 2,162,688 kmers
[11 Dec 2019 23:25:33-REn][memory] graph: 26.9MB
[11 Dec 2019 23:25:33-REn][memory] total: 26.9MB of 62.6GB RAM
[11 Dec 2019 23:25:33-REn] Writing 1 colour graph to human/bigsi/11/mccortex.SRR496397.ctx
[11 Dec 2019 23:25:33-REn][hasht] Allocating table with 2,162,688 entries, using 16.6MB
[11 Dec 2019 23:25:33-REn][hasht]  number of buckets: 65,536, bucket size: 33
[11 Dec 2019 23:25:33-REn][graph] kmer-size: 11; colours: 1; capacity: 2,162,688
[11 Dec 2019 23:25:33-REn][hasht] buckets: 65,536 [2^16]; bucket size: 33; 
[11 Dec 2019 23:25:33-REn][hasht] memory: 16.6MB; filled: 0 / 2,162,688 (0.00%)
[11 Dec 2019 23:25:33-REn][asyncio] Inputs: 1; Threads: 1
[11 Dec 2019 23:25:33-REn][seq] Parsing sequence file human/kmer-counts-jellyfish/11/SRR496397.kmer.gz
[11 Dec 2019 23:25:34-REn][seq] Loaded 1,544,865 reads and 0 reads pairs (file: human/kmer-counts-jellyfish/11/SRR496397.kmer.gz)
[11 Dec 2019 23:25:34-REn][hasht] buckets: 65,536 [2^16]; bucket size: 33; 
[11 Dec 2019 23:25:34-REn][hasht] memory: 16.6MB; filled: 1,544,865 / 2,162,688 (71.43%)
[11 Dec 2019 23:25:34-REn][hasht]  collisions  0: 1540269
[11 Dec 2019 23:25:34-REn][hasht]  collisions  1: 4485
[11 Dec 2019 23:25:34-REn][hasht]  collisions  2: 107
[11 Dec 2019 23:25:34-REn][hasht]  collisions  3: 4
[11 Dec 2019 23:25:34-REn][task] input: human/kmer-counts-jellyfish/11/SRR496397.kmer.gz colour: 0
[11 Dec 2019 23:25:34-REn]  SE reads: 1,544,865  PE reads: 0
[11 Dec 2019 23:25:34-REn]  good reads: 1,544,865  bad reads: 0
[11 Dec 2019 23:25:34-REn]  dup SE reads: 0  dup PE pairs: 0
[11 Dec 2019 23:25:34-REn]  bases read: 16,993,515  bases loaded: 16,993,515
[11 Dec 2019 23:25:34-REn]  num contigs: 1,544,865  num kmers: 1,544,865 novel kmers: 1,544,865
[11 Dec 2019 23:25:34-REn] Dumping graph...
[11 Dec 2019 23:25:34-REn][graphwriter] Saving file to: human/bigsi/11/mccortex.SRR496397.ctx
[11 Dec 2019 23:25:34-REn][FileFilter] Writing graph  [1 src colour]
[11 Dec 2019 23:25:34-REn][graphwriter] Dumped 1,544,865 kmers in 1 colour into: human/bigsi/11/mccortex.SRR496397.ctx (ver: 6)
[11 Dec 2019 23:25:34-REn][memory] We made 19 allocs
[11 Dec 2019 23:25:34-REn] Done.
[11 Dec 2019 23:25:34-REn][time] 1.00 seconds
	Command being timed: "mccortex 11 build --nkmers 2100000 --threads 1 --kmer 11 --mem 5G --sample SRR496397 --seq human/kmer-counts-jellyfish/11/SRR496397.kmer.gz human/bigsi/11/mccortex.SRR496397.ctx"
	User time (seconds): 1.97
	System time (seconds): 0.27
	Percent of CPU this job got: 178%
	Elapsed (wall clock) time (h:mm:ss or m:ss): 0:01.26
	Average shared text size (kbytes): 0
	Average unshared data size (kbytes): 0
	Average stack size (kbytes): 0
	Average total size (kbytes): 0
	Maximum resident set size (kbytes): 34440
	Average resident set size (kbytes): 0
	Major (requiring I/O) page faults: 0
	Minor (reclaiming a frame) page faults: 18751
	Voluntary context switches: 6691
	Involuntary context switches: 51
	Swaps: 0
	File system inputs: 11416
	File system outputs: 39240
	Socket messages sent: 0
	Socket messages received: 0
	Signals delivered: 0
	Page size (bytes): 4096
	Exit status: 0
