[11 Dec 2019 23:25:23-rid][cmd] /home/CSCScience.ca/apetkau/miniconda3/envs/bigsi_mccortex/bin/mccortex31 build --nkmers 2100000 --threads 1 --kmer 11 --mem 5G --sample SRR191487 --seq human/kmer-counts-jellyfish/11/SRR191487.kmer.gz human/bigsi/11/mccortex.SRR191487.ctx
[11 Dec 2019 23:25:23-rid][cwd] /home/CSCScience.ca/apetkau/workspace/comp7934-project
[11 Dec 2019 23:25:23-rid][version] mccortex=v0.0.3-610-g400c0e3 zlib=1.2.11 htslib=1.8-17-g699ed53 ASSERTS=ON hash=Lookup3 CHECKS=ON k=3..31
[11 Dec 2019 23:25:23-rid] Saving graph to: human/bigsi/11/mccortex.SRR191487.ctx
[11 Dec 2019 23:25:23-rid][sample] 0: SRR191487
[11 Dec 2019 23:25:23-rid][task] human/kmer-counts-jellyfish/11/SRR191487.kmer.gz; FASTQ offset: auto-detect, threshold: off; cut homopolymers: off; remove PCR duplicates: no; colour: 0
[11 Dec 2019 23:25:23-rid][memory] 104 bits per kmer
[11 Dec 2019 23:25:23-rid] Note: Using less memory than requested (26.9MB < 5GB); allows for 2,162,688 kmers
[11 Dec 2019 23:25:23-rid][memory] graph: 26.9MB
[11 Dec 2019 23:25:23-rid][memory] total: 26.9MB of 62.6GB RAM
[11 Dec 2019 23:25:23-rid] Writing 1 colour graph to human/bigsi/11/mccortex.SRR191487.ctx
[11 Dec 2019 23:25:23-rid][hasht] Allocating table with 2,162,688 entries, using 16.6MB
[11 Dec 2019 23:25:23-rid][hasht]  number of buckets: 65,536, bucket size: 33
[11 Dec 2019 23:25:23-rid][graph] kmer-size: 11; colours: 1; capacity: 2,162,688
[11 Dec 2019 23:25:23-rid][hasht] buckets: 65,536 [2^16]; bucket size: 33; 
[11 Dec 2019 23:25:23-rid][hasht] memory: 16.6MB; filled: 0 / 2,162,688 (0.00%)
[11 Dec 2019 23:25:23-rid][asyncio] Inputs: 1; Threads: 1
[11 Dec 2019 23:25:23-rid][seq] Parsing sequence file human/kmer-counts-jellyfish/11/SRR191487.kmer.gz
[11 Dec 2019 23:25:23-rid][seq] Loaded 56,059 reads and 0 reads pairs (file: human/kmer-counts-jellyfish/11/SRR191487.kmer.gz)
[11 Dec 2019 23:25:23-rid][hasht] buckets: 65,536 [2^16]; bucket size: 33; 
[11 Dec 2019 23:25:23-rid][hasht] memory: 16.6MB; filled: 56,059 / 2,162,688 (2.59%)
[11 Dec 2019 23:25:23-rid][hasht]  collisions  0: 56059
[11 Dec 2019 23:25:23-rid][task] input: human/kmer-counts-jellyfish/11/SRR191487.kmer.gz colour: 0
[11 Dec 2019 23:25:23-rid]  SE reads: 56,059  PE reads: 0
[11 Dec 2019 23:25:23-rid]  good reads: 56,059  bad reads: 0
[11 Dec 2019 23:25:23-rid]  dup SE reads: 0  dup PE pairs: 0
[11 Dec 2019 23:25:23-rid]  bases read: 616,649  bases loaded: 616,649
[11 Dec 2019 23:25:23-rid]  num contigs: 56,059  num kmers: 56,059 novel kmers: 56,059
[11 Dec 2019 23:25:23-rid] Dumping graph...
[11 Dec 2019 23:25:23-rid][graphwriter] Saving file to: human/bigsi/11/mccortex.SRR191487.ctx
[11 Dec 2019 23:25:23-rid][FileFilter] Writing graph  [1 src colour]
[11 Dec 2019 23:25:23-rid][graphwriter] Dumped 56,059 kmers in 1 colour into: human/bigsi/11/mccortex.SRR191487.ctx (ver: 6)
[11 Dec 2019 23:25:23-rid][memory] We made 19 allocs
[11 Dec 2019 23:25:23-rid] Done.
[11 Dec 2019 23:25:23-rid][time] 0.00 seconds
	Command being timed: "mccortex 11 build --nkmers 2100000 --threads 1 --kmer 11 --mem 5G --sample SRR191487 --seq human/kmer-counts-jellyfish/11/SRR191487.kmer.gz human/bigsi/11/mccortex.SRR191487.ctx"
	User time (seconds): 0.10
	System time (seconds): 0.04
	Percent of CPU this job got: 146%
	Elapsed (wall clock) time (h:mm:ss or m:ss): 0:00.10
	Average shared text size (kbytes): 0
	Average unshared data size (kbytes): 0
	Average stack size (kbytes): 0
	Average total size (kbytes): 0
	Maximum resident set size (kbytes): 34132
	Average resident set size (kbytes): 0
	Major (requiring I/O) page faults: 0
	Minor (reclaiming a frame) page faults: 10949
	Voluntary context switches: 3137
	Involuntary context switches: 3
	Swaps: 0
	File system inputs: 416
	File system outputs: 1432
	Socket messages sent: 0
	Socket messages received: 0
	Signals delivered: 0
	Page size (bytes): 4096
	Exit status: 0
