[11 Dec 2019 23:25:05-huv][cmd] /home/CSCScience.ca/apetkau/miniconda3/envs/bigsi_mccortex/bin/mccortex31 build --nkmers 2100000 --threads 1 --kmer 11 --mem 5G --sample SRR1313198 --seq human/kmer-counts-jellyfish/11/SRR1313198.kmer.gz human/bigsi/11/mccortex.SRR1313198.ctx
[11 Dec 2019 23:25:05-huv][cwd] /home/CSCScience.ca/apetkau/workspace/comp7934-project
[11 Dec 2019 23:25:05-huv][version] mccortex=v0.0.3-610-g400c0e3 zlib=1.2.11 htslib=1.8-17-g699ed53 ASSERTS=ON hash=Lookup3 CHECKS=ON k=3..31
[11 Dec 2019 23:25:05-huv] Saving graph to: human/bigsi/11/mccortex.SRR1313198.ctx
[11 Dec 2019 23:25:05-huv][sample] 0: SRR1313198
[11 Dec 2019 23:25:05-huv][task] human/kmer-counts-jellyfish/11/SRR1313198.kmer.gz; FASTQ offset: auto-detect, threshold: off; cut homopolymers: off; remove PCR duplicates: no; colour: 0
[11 Dec 2019 23:25:05-huv][memory] 104 bits per kmer
[11 Dec 2019 23:25:05-huv] Note: Using less memory than requested (26.9MB < 5GB); allows for 2,162,688 kmers
[11 Dec 2019 23:25:05-huv][memory] graph: 26.9MB
[11 Dec 2019 23:25:05-huv][memory] total: 26.9MB of 62.6GB RAM
[11 Dec 2019 23:25:05-huv] Writing 1 colour graph to human/bigsi/11/mccortex.SRR1313198.ctx
[11 Dec 2019 23:25:05-huv][hasht] Allocating table with 2,162,688 entries, using 16.6MB
[11 Dec 2019 23:25:05-huv][hasht]  number of buckets: 65,536, bucket size: 33
[11 Dec 2019 23:25:05-huv][graph] kmer-size: 11; colours: 1; capacity: 2,162,688
[11 Dec 2019 23:25:05-huv][hasht] buckets: 65,536 [2^16]; bucket size: 33; 
[11 Dec 2019 23:25:05-huv][hasht] memory: 16.6MB; filled: 0 / 2,162,688 (0.00%)
[11 Dec 2019 23:25:05-huv][asyncio] Inputs: 1; Threads: 1
[11 Dec 2019 23:25:05-huv][seq] Parsing sequence file human/kmer-counts-jellyfish/11/SRR1313198.kmer.gz
[11 Dec 2019 23:25:08-huv][seq] Loaded 1,546,455 reads and 0 reads pairs (file: human/kmer-counts-jellyfish/11/SRR1313198.kmer.gz)
[11 Dec 2019 23:25:08-huv][hasht] buckets: 65,536 [2^16]; bucket size: 33; 
[11 Dec 2019 23:25:08-huv][hasht] memory: 16.6MB; filled: 1,546,455 / 2,162,688 (71.51%)
[11 Dec 2019 23:25:08-huv][hasht]  collisions  0: 1541679
[11 Dec 2019 23:25:08-huv][hasht]  collisions  1: 4670
[11 Dec 2019 23:25:08-huv][hasht]  collisions  2: 100
[11 Dec 2019 23:25:08-huv][hasht]  collisions  3: 6
[11 Dec 2019 23:25:08-huv][task] input: human/kmer-counts-jellyfish/11/SRR1313198.kmer.gz colour: 0
[11 Dec 2019 23:25:08-huv]  SE reads: 1,546,455  PE reads: 0
[11 Dec 2019 23:25:08-huv]  good reads: 1,546,455  bad reads: 0
[11 Dec 2019 23:25:08-huv]  dup SE reads: 0  dup PE pairs: 0
[11 Dec 2019 23:25:08-huv]  bases read: 17,011,005  bases loaded: 17,011,005
[11 Dec 2019 23:25:08-huv]  num contigs: 1,546,455  num kmers: 1,546,455 novel kmers: 1,546,455
[11 Dec 2019 23:25:08-huv] Dumping graph...
[11 Dec 2019 23:25:08-huv][graphwriter] Saving file to: human/bigsi/11/mccortex.SRR1313198.ctx
[11 Dec 2019 23:25:08-huv][FileFilter] Writing graph  [1 src colour]
[11 Dec 2019 23:25:08-huv][graphwriter] Dumped 1,546,455 kmers in 1 colour into: human/bigsi/11/mccortex.SRR1313198.ctx (ver: 6)
[11 Dec 2019 23:25:08-huv][memory] We made 19 allocs
[11 Dec 2019 23:25:08-huv] Done.
[11 Dec 2019 23:25:08-huv][time] 3.00 seconds
	Command being timed: "mccortex 11 build --nkmers 2100000 --threads 1 --kmer 11 --mem 5G --sample SRR1313198 --seq human/kmer-counts-jellyfish/11/SRR1313198.kmer.gz human/bigsi/11/mccortex.SRR1313198.ctx"
	User time (seconds): 4.72
	System time (seconds): 0.28
	Percent of CPU this job got: 182%
	Elapsed (wall clock) time (h:mm:ss or m:ss): 0:02.73
	Average shared text size (kbytes): 0
	Average unshared data size (kbytes): 0
	Average stack size (kbytes): 0
	Average total size (kbytes): 0
	Maximum resident set size (kbytes): 34512
	Average resident set size (kbytes): 0
	Major (requiring I/O) page faults: 0
	Minor (reclaiming a frame) page faults: 18753
	Voluntary context switches: 9106
	Involuntary context switches: 1866
	Swaps: 0
	File system inputs: 11432
	File system outputs: 39280
	Socket messages sent: 0
	Socket messages received: 0
	Signals delivered: 0
	Page size (bytes): 4096
	Exit status: 0
