[11 Dec 2019 23:25:07-QiF][cmd] /home/CSCScience.ca/apetkau/miniconda3/envs/bigsi_mccortex/bin/mccortex31 build --nkmers 2100000 --threads 1 --kmer 11 --mem 5G --sample SRR1519066 --seq human/kmer-counts-jellyfish/11/SRR1519066.kmer.gz human/bigsi/11/mccortex.SRR1519066.ctx
[11 Dec 2019 23:25:07-QiF][cwd] /home/CSCScience.ca/apetkau/workspace/comp7934-project
[11 Dec 2019 23:25:07-QiF][version] mccortex=v0.0.3-610-g400c0e3 zlib=1.2.11 htslib=1.8-17-g699ed53 ASSERTS=ON hash=Lookup3 CHECKS=ON k=3..31
[11 Dec 2019 23:25:07-QiF] Saving graph to: human/bigsi/11/mccortex.SRR1519066.ctx
[11 Dec 2019 23:25:07-QiF][sample] 0: SRR1519066
[11 Dec 2019 23:25:07-QiF][task] human/kmer-counts-jellyfish/11/SRR1519066.kmer.gz; FASTQ offset: auto-detect, threshold: off; cut homopolymers: off; remove PCR duplicates: no; colour: 0
[11 Dec 2019 23:25:07-QiF][memory] 104 bits per kmer
[11 Dec 2019 23:25:07-QiF] Note: Using less memory than requested (26.9MB < 5GB); allows for 2,162,688 kmers
[11 Dec 2019 23:25:07-QiF][memory] graph: 26.9MB
[11 Dec 2019 23:25:07-QiF][memory] total: 26.9MB of 62.6GB RAM
[11 Dec 2019 23:25:07-QiF] Writing 1 colour graph to human/bigsi/11/mccortex.SRR1519066.ctx
[11 Dec 2019 23:25:07-QiF][hasht] Allocating table with 2,162,688 entries, using 16.6MB
[11 Dec 2019 23:25:07-QiF][hasht]  number of buckets: 65,536, bucket size: 33
[11 Dec 2019 23:25:07-QiF][graph] kmer-size: 11; colours: 1; capacity: 2,162,688
[11 Dec 2019 23:25:07-QiF][hasht] buckets: 65,536 [2^16]; bucket size: 33; 
[11 Dec 2019 23:25:07-QiF][hasht] memory: 16.6MB; filled: 0 / 2,162,688 (0.00%)
[11 Dec 2019 23:25:07-QiF][asyncio] Inputs: 1; Threads: 1
[11 Dec 2019 23:25:07-QiF][seq] Parsing sequence file human/kmer-counts-jellyfish/11/SRR1519066.kmer.gz
[11 Dec 2019 23:25:08-QiF][seq] Loaded 1,562,443 reads and 0 reads pairs (file: human/kmer-counts-jellyfish/11/SRR1519066.kmer.gz)
[11 Dec 2019 23:25:08-QiF][hasht] buckets: 65,536 [2^16]; bucket size: 33; 
[11 Dec 2019 23:25:08-QiF][hasht] memory: 16.6MB; filled: 1,562,443 / 2,162,688 (72.25%)
[11 Dec 2019 23:25:08-QiF][hasht]  collisions  0: 1556945
[11 Dec 2019 23:25:08-QiF][hasht]  collisions  1: 5354
[11 Dec 2019 23:25:08-QiF][hasht]  collisions  2: 142
[11 Dec 2019 23:25:08-QiF][hasht]  collisions  3: 2
[11 Dec 2019 23:25:08-QiF][task] input: human/kmer-counts-jellyfish/11/SRR1519066.kmer.gz colour: 0
[11 Dec 2019 23:25:08-QiF]  SE reads: 1,562,443  PE reads: 0
[11 Dec 2019 23:25:08-QiF]  good reads: 1,562,443  bad reads: 0
[11 Dec 2019 23:25:08-QiF]  dup SE reads: 0  dup PE pairs: 0
[11 Dec 2019 23:25:08-QiF]  bases read: 17,186,873  bases loaded: 17,186,873
[11 Dec 2019 23:25:08-QiF]  num contigs: 1,562,443  num kmers: 1,562,443 novel kmers: 1,562,443
[11 Dec 2019 23:25:08-QiF] Dumping graph...
[11 Dec 2019 23:25:08-QiF][graphwriter] Saving file to: human/bigsi/11/mccortex.SRR1519066.ctx
[11 Dec 2019 23:25:08-QiF][FileFilter] Writing graph  [1 src colour]
[11 Dec 2019 23:25:09-QiF][graphwriter] Dumped 1,562,443 kmers in 1 colour into: human/bigsi/11/mccortex.SRR1519066.ctx (ver: 6)
[11 Dec 2019 23:25:09-QiF][memory] We made 19 allocs
[11 Dec 2019 23:25:09-QiF] Done.
[11 Dec 2019 23:25:09-QiF][time] 2.00 seconds
	Command being timed: "mccortex 11 build --nkmers 2100000 --threads 1 --kmer 11 --mem 5G --sample SRR1519066 --seq human/kmer-counts-jellyfish/11/SRR1519066.kmer.gz human/bigsi/11/mccortex.SRR1519066.ctx"
	User time (seconds): 1.89
	System time (seconds): 0.29
	Percent of CPU this job got: 177%
	Elapsed (wall clock) time (h:mm:ss or m:ss): 0:01.23
	Average shared text size (kbytes): 0
	Average unshared data size (kbytes): 0
	Average stack size (kbytes): 0
	Average total size (kbytes): 0
	Maximum resident set size (kbytes): 34556
	Average resident set size (kbytes): 0
	Major (requiring I/O) page faults: 0
	Minor (reclaiming a frame) page faults: 18623
	Voluntary context switches: 5193
	Involuntary context switches: 11
	Swaps: 0
	File system inputs: 11544
	File system outputs: 39680
	Socket messages sent: 0
	Socket messages received: 0
	Signals delivered: 0
	Page size (bytes): 4096
	Exit status: 0
