[11 Dec 2019 23:25:22-Fif][cmd] /home/CSCScience.ca/apetkau/miniconda3/envs/bigsi_mccortex/bin/mccortex31 build --nkmers 2100000 --threads 1 --kmer 11 --mem 5G --sample SRR191480 --seq human/kmer-counts-jellyfish/11/SRR191480.kmer.gz human/bigsi/11/mccortex.SRR191480.ctx
[11 Dec 2019 23:25:22-Fif][cwd] /home/CSCScience.ca/apetkau/workspace/comp7934-project
[11 Dec 2019 23:25:22-Fif][version] mccortex=v0.0.3-610-g400c0e3 zlib=1.2.11 htslib=1.8-17-g699ed53 ASSERTS=ON hash=Lookup3 CHECKS=ON k=3..31
[11 Dec 2019 23:25:22-Fif] Saving graph to: human/bigsi/11/mccortex.SRR191480.ctx
[11 Dec 2019 23:25:22-Fif][sample] 0: SRR191480
[11 Dec 2019 23:25:22-Fif][task] human/kmer-counts-jellyfish/11/SRR191480.kmer.gz; FASTQ offset: auto-detect, threshold: off; cut homopolymers: off; remove PCR duplicates: no; colour: 0
[11 Dec 2019 23:25:22-Fif][memory] 104 bits per kmer
[11 Dec 2019 23:25:22-Fif] Note: Using less memory than requested (26.9MB < 5GB); allows for 2,162,688 kmers
[11 Dec 2019 23:25:22-Fif][memory] graph: 26.9MB
[11 Dec 2019 23:25:22-Fif][memory] total: 26.9MB of 62.6GB RAM
[11 Dec 2019 23:25:22-Fif] Writing 1 colour graph to human/bigsi/11/mccortex.SRR191480.ctx
[11 Dec 2019 23:25:22-Fif][hasht] Allocating table with 2,162,688 entries, using 16.6MB
[11 Dec 2019 23:25:22-Fif][hasht]  number of buckets: 65,536, bucket size: 33
[11 Dec 2019 23:25:22-Fif][graph] kmer-size: 11; colours: 1; capacity: 2,162,688
[11 Dec 2019 23:25:22-Fif][hasht] buckets: 65,536 [2^16]; bucket size: 33; 
[11 Dec 2019 23:25:22-Fif][hasht] memory: 16.6MB; filled: 0 / 2,162,688 (0.00%)
[11 Dec 2019 23:25:22-Fif][asyncio] Inputs: 1; Threads: 1
[11 Dec 2019 23:25:22-Fif][seq] Parsing sequence file human/kmer-counts-jellyfish/11/SRR191480.kmer.gz
[11 Dec 2019 23:25:22-Fif][seq] Loaded 93,923 reads and 0 reads pairs (file: human/kmer-counts-jellyfish/11/SRR191480.kmer.gz)
[11 Dec 2019 23:25:22-Fif][hasht] buckets: 65,536 [2^16]; bucket size: 33; 
[11 Dec 2019 23:25:22-Fif][hasht] memory: 16.6MB; filled: 93,923 / 2,162,688 (4.34%)
[11 Dec 2019 23:25:22-Fif][hasht]  collisions  0: 93923
[11 Dec 2019 23:25:22-Fif][task] input: human/kmer-counts-jellyfish/11/SRR191480.kmer.gz colour: 0
[11 Dec 2019 23:25:22-Fif]  SE reads: 93,923  PE reads: 0
[11 Dec 2019 23:25:22-Fif]  good reads: 93,923  bad reads: 0
[11 Dec 2019 23:25:22-Fif]  dup SE reads: 0  dup PE pairs: 0
[11 Dec 2019 23:25:22-Fif]  bases read: 1,033,153  bases loaded: 1,033,153
[11 Dec 2019 23:25:22-Fif]  num contigs: 93,923  num kmers: 93,923 novel kmers: 93,923
[11 Dec 2019 23:25:22-Fif] Dumping graph...
[11 Dec 2019 23:25:22-Fif][graphwriter] Saving file to: human/bigsi/11/mccortex.SRR191480.ctx
[11 Dec 2019 23:25:22-Fif][FileFilter] Writing graph  [1 src colour]
[11 Dec 2019 23:25:22-Fif][graphwriter] Dumped 93,923 kmers in 1 colour into: human/bigsi/11/mccortex.SRR191480.ctx (ver: 6)
[11 Dec 2019 23:25:22-Fif][memory] We made 19 allocs
[11 Dec 2019 23:25:22-Fif] Done.
[11 Dec 2019 23:25:22-Fif][time] 0.00 seconds
	Command being timed: "mccortex 11 build --nkmers 2100000 --threads 1 --kmer 11 --mem 5G --sample SRR191480 --seq human/kmer-counts-jellyfish/11/SRR191480.kmer.gz human/bigsi/11/mccortex.SRR191480.ctx"
	User time (seconds): 0.17
	System time (seconds): 0.03
	Percent of CPU this job got: 151%
	Elapsed (wall clock) time (h:mm:ss or m:ss): 0:00.13
	Average shared text size (kbytes): 0
	Average unshared data size (kbytes): 0
	Average stack size (kbytes): 0
	Average total size (kbytes): 0
	Maximum resident set size (kbytes): 34564
	Average resident set size (kbytes): 0
	Major (requiring I/O) page faults: 0
	Minor (reclaiming a frame) page faults: 11042
	Voluntary context switches: 3177
	Involuntary context switches: 4
	Swaps: 0
	File system inputs: 704
	File system outputs: 2400
	Socket messages sent: 0
	Socket messages received: 0
	Signals delivered: 0
	Page size (bytes): 4096
	Exit status: 0
