[11 Dec 2019 23:25:03-rOr][cmd] /home/CSCScience.ca/apetkau/miniconda3/envs/bigsi_mccortex/bin/mccortex31 build --nkmers 2100000 --threads 1 --kmer 11 --mem 5G --sample SRR1313092 --seq human/kmer-counts-jellyfish/11/SRR1313092.kmer.gz human/bigsi/11/mccortex.SRR1313092.ctx
[11 Dec 2019 23:25:03-rOr][cwd] /home/CSCScience.ca/apetkau/workspace/comp7934-project
[11 Dec 2019 23:25:03-rOr][version] mccortex=v0.0.3-610-g400c0e3 zlib=1.2.11 htslib=1.8-17-g699ed53 ASSERTS=ON hash=Lookup3 CHECKS=ON k=3..31
[11 Dec 2019 23:25:03-rOr] Saving graph to: human/bigsi/11/mccortex.SRR1313092.ctx
[11 Dec 2019 23:25:03-rOr][sample] 0: SRR1313092
[11 Dec 2019 23:25:03-rOr][task] human/kmer-counts-jellyfish/11/SRR1313092.kmer.gz; FASTQ offset: auto-detect, threshold: off; cut homopolymers: off; remove PCR duplicates: no; colour: 0
[11 Dec 2019 23:25:03-rOr][memory] 104 bits per kmer
[11 Dec 2019 23:25:03-rOr] Note: Using less memory than requested (26.9MB < 5GB); allows for 2,162,688 kmers
[11 Dec 2019 23:25:03-rOr][memory] graph: 26.9MB
[11 Dec 2019 23:25:03-rOr][memory] total: 26.9MB of 62.6GB RAM
[11 Dec 2019 23:25:03-rOr] Writing 1 colour graph to human/bigsi/11/mccortex.SRR1313092.ctx
[11 Dec 2019 23:25:03-rOr][hasht] Allocating table with 2,162,688 entries, using 16.6MB
[11 Dec 2019 23:25:03-rOr][hasht]  number of buckets: 65,536, bucket size: 33
[11 Dec 2019 23:25:03-rOr][graph] kmer-size: 11; colours: 1; capacity: 2,162,688
[11 Dec 2019 23:25:03-rOr][hasht] buckets: 65,536 [2^16]; bucket size: 33; 
[11 Dec 2019 23:25:03-rOr][hasht] memory: 16.6MB; filled: 0 / 2,162,688 (0.00%)
[11 Dec 2019 23:25:03-rOr][asyncio] Inputs: 1; Threads: 1
[11 Dec 2019 23:25:03-rOr][seq] Parsing sequence file human/kmer-counts-jellyfish/11/SRR1313092.kmer.gz
[11 Dec 2019 23:25:04-rOr][seq] Loaded 1,464,267 reads and 0 reads pairs (file: human/kmer-counts-jellyfish/11/SRR1313092.kmer.gz)
[11 Dec 2019 23:25:04-rOr][hasht] buckets: 65,536 [2^16]; bucket size: 33; 
[11 Dec 2019 23:25:04-rOr][hasht] memory: 16.6MB; filled: 1,464,267 / 2,162,688 (67.71%)
[11 Dec 2019 23:25:04-rOr][hasht]  collisions  0: 1462105
[11 Dec 2019 23:25:04-rOr][hasht]  collisions  1: 2137
[11 Dec 2019 23:25:04-rOr][hasht]  collisions  2: 24
[11 Dec 2019 23:25:04-rOr][hasht]  collisions  3: 1
[11 Dec 2019 23:25:04-rOr][task] input: human/kmer-counts-jellyfish/11/SRR1313092.kmer.gz colour: 0
[11 Dec 2019 23:25:04-rOr]  SE reads: 1,464,267  PE reads: 0
[11 Dec 2019 23:25:04-rOr]  good reads: 1,464,267  bad reads: 0
[11 Dec 2019 23:25:04-rOr]  dup SE reads: 0  dup PE pairs: 0
[11 Dec 2019 23:25:04-rOr]  bases read: 16,106,937  bases loaded: 16,106,937
[11 Dec 2019 23:25:04-rOr]  num contigs: 1,464,267  num kmers: 1,464,267 novel kmers: 1,464,267
[11 Dec 2019 23:25:04-rOr] Dumping graph...
[11 Dec 2019 23:25:04-rOr][graphwriter] Saving file to: human/bigsi/11/mccortex.SRR1313092.ctx
[11 Dec 2019 23:25:04-rOr][FileFilter] Writing graph  [1 src colour]
[11 Dec 2019 23:25:04-rOr][graphwriter] Dumped 1,464,267 kmers in 1 colour into: human/bigsi/11/mccortex.SRR1313092.ctx (ver: 6)
[11 Dec 2019 23:25:04-rOr][memory] We made 19 allocs
[11 Dec 2019 23:25:04-rOr] Done.
[11 Dec 2019 23:25:04-rOr][time] 1.00 seconds
	Command being timed: "mccortex 11 build --nkmers 2100000 --threads 1 --kmer 11 --mem 5G --sample SRR1313092 --seq human/kmer-counts-jellyfish/11/SRR1313092.kmer.gz human/bigsi/11/mccortex.SRR1313092.ctx"
	User time (seconds): 1.74
	System time (seconds): 0.29
	Percent of CPU this job got: 176%
	Elapsed (wall clock) time (h:mm:ss or m:ss): 0:01.15
	Average shared text size (kbytes): 0
	Average unshared data size (kbytes): 0
	Average stack size (kbytes): 0
	Average total size (kbytes): 0
	Maximum resident set size (kbytes): 34424
	Average resident set size (kbytes): 0
	Major (requiring I/O) page faults: 0
	Minor (reclaiming a frame) page faults: 11039
	Voluntary context switches: 4040
	Involuntary context switches: 47
	Swaps: 0
	File system inputs: 10840
	File system outputs: 37192
	Socket messages sent: 0
	Socket messages received: 0
	Signals delivered: 0
	Page size (bytes): 4096
	Exit status: 0
