[11 Dec 2019 23:25:26-gOL][cmd] /home/CSCScience.ca/apetkau/miniconda3/envs/bigsi_mccortex/bin/mccortex31 build --nkmers 2100000 --threads 1 --kmer 11 --mem 5G --sample SRR191563 --seq human/kmer-counts-jellyfish/11/SRR191563.kmer.gz human/bigsi/11/mccortex.SRR191563.ctx
[11 Dec 2019 23:25:26-gOL][cwd] /home/CSCScience.ca/apetkau/workspace/comp7934-project
[11 Dec 2019 23:25:26-gOL][version] mccortex=v0.0.3-610-g400c0e3 zlib=1.2.11 htslib=1.8-17-g699ed53 ASSERTS=ON hash=Lookup3 CHECKS=ON k=3..31
[11 Dec 2019 23:25:26-gOL] Saving graph to: human/bigsi/11/mccortex.SRR191563.ctx
[11 Dec 2019 23:25:26-gOL][sample] 0: SRR191563
[11 Dec 2019 23:25:26-gOL][task] human/kmer-counts-jellyfish/11/SRR191563.kmer.gz; FASTQ offset: auto-detect, threshold: off; cut homopolymers: off; remove PCR duplicates: no; colour: 0
[11 Dec 2019 23:25:26-gOL][memory] 104 bits per kmer
[11 Dec 2019 23:25:26-gOL] Note: Using less memory than requested (26.9MB < 5GB); allows for 2,162,688 kmers
[11 Dec 2019 23:25:26-gOL][memory] graph: 26.9MB
[11 Dec 2019 23:25:26-gOL][memory] total: 26.9MB of 62.6GB RAM
[11 Dec 2019 23:25:26-gOL] Writing 1 colour graph to human/bigsi/11/mccortex.SRR191563.ctx
[11 Dec 2019 23:25:26-gOL][hasht] Allocating table with 2,162,688 entries, using 16.6MB
[11 Dec 2019 23:25:26-gOL][hasht]  number of buckets: 65,536, bucket size: 33
[11 Dec 2019 23:25:26-gOL][graph] kmer-size: 11; colours: 1; capacity: 2,162,688
[11 Dec 2019 23:25:26-gOL][hasht] buckets: 65,536 [2^16]; bucket size: 33; 
[11 Dec 2019 23:25:26-gOL][hasht] memory: 16.6MB; filled: 0 / 2,162,688 (0.00%)
[11 Dec 2019 23:25:26-gOL][asyncio] Inputs: 1; Threads: 1
[11 Dec 2019 23:25:26-gOL][seq] Parsing sequence file human/kmer-counts-jellyfish/11/SRR191563.kmer.gz
[11 Dec 2019 23:25:26-gOL][seq] Loaded 130,176 reads and 0 reads pairs (file: human/kmer-counts-jellyfish/11/SRR191563.kmer.gz)
[11 Dec 2019 23:25:26-gOL][hasht] buckets: 65,536 [2^16]; bucket size: 33; 
[11 Dec 2019 23:25:26-gOL][hasht] memory: 16.6MB; filled: 130,176 / 2,162,688 (6.02%)
[11 Dec 2019 23:25:26-gOL][hasht]  collisions  0: 130176
[11 Dec 2019 23:25:26-gOL][task] input: human/kmer-counts-jellyfish/11/SRR191563.kmer.gz colour: 0
[11 Dec 2019 23:25:26-gOL]  SE reads: 130,176  PE reads: 0
[11 Dec 2019 23:25:26-gOL]  good reads: 130,176  bad reads: 0
[11 Dec 2019 23:25:26-gOL]  dup SE reads: 0  dup PE pairs: 0
[11 Dec 2019 23:25:26-gOL]  bases read: 1,431,936  bases loaded: 1,431,936
[11 Dec 2019 23:25:26-gOL]  num contigs: 130,176  num kmers: 130,176 novel kmers: 130,176
[11 Dec 2019 23:25:26-gOL] Dumping graph...
[11 Dec 2019 23:25:26-gOL][graphwriter] Saving file to: human/bigsi/11/mccortex.SRR191563.ctx
[11 Dec 2019 23:25:26-gOL][FileFilter] Writing graph  [1 src colour]
[11 Dec 2019 23:25:26-gOL][graphwriter] Dumped 130,176 kmers in 1 colour into: human/bigsi/11/mccortex.SRR191563.ctx (ver: 6)
[11 Dec 2019 23:25:26-gOL][memory] We made 19 allocs
[11 Dec 2019 23:25:26-gOL] Done.
[11 Dec 2019 23:25:26-gOL][time] 0.00 seconds
	Command being timed: "mccortex 11 build --nkmers 2100000 --threads 1 --kmer 11 --mem 5G --sample SRR191563 --seq human/kmer-counts-jellyfish/11/SRR191563.kmer.gz human/bigsi/11/mccortex.SRR191563.ctx"
	User time (seconds): 0.42
	System time (seconds): 0.06
	Percent of CPU this job got: 174%
	Elapsed (wall clock) time (h:mm:ss or m:ss): 0:00.28
	Average shared text size (kbytes): 0
	Average unshared data size (kbytes): 0
	Average stack size (kbytes): 0
	Average total size (kbytes): 0
	Maximum resident set size (kbytes): 34376
	Average resident set size (kbytes): 0
	Major (requiring I/O) page faults: 0
	Minor (reclaiming a frame) page faults: 11044
	Voluntary context switches: 3072
	Involuntary context switches: 7
	Swaps: 0
	File system inputs: 976
	File system outputs: 3320
	Socket messages sent: 0
	Socket messages received: 0
	Signals delivered: 0
	Page size (bytes): 4096
	Exit status: 0
