[11 Dec 2019 23:25:28-Pac][cmd] /home/CSCScience.ca/apetkau/miniconda3/envs/bigsi_mccortex/bin/mccortex31 build --nkmers 2100000 --threads 1 --kmer 11 --mem 5G --sample SRR191696 --seq human/kmer-counts-jellyfish/11/SRR191696.kmer.gz human/bigsi/11/mccortex.SRR191696.ctx
[11 Dec 2019 23:25:28-Pac][cwd] /home/CSCScience.ca/apetkau/workspace/comp7934-project
[11 Dec 2019 23:25:28-Pac][version] mccortex=v0.0.3-610-g400c0e3 zlib=1.2.11 htslib=1.8-17-g699ed53 ASSERTS=ON hash=Lookup3 CHECKS=ON k=3..31
[11 Dec 2019 23:25:28-Pac] Saving graph to: human/bigsi/11/mccortex.SRR191696.ctx
[11 Dec 2019 23:25:28-Pac][sample] 0: SRR191696
[11 Dec 2019 23:25:28-Pac][task] human/kmer-counts-jellyfish/11/SRR191696.kmer.gz; FASTQ offset: auto-detect, threshold: off; cut homopolymers: off; remove PCR duplicates: no; colour: 0
[11 Dec 2019 23:25:28-Pac][memory] 104 bits per kmer
[11 Dec 2019 23:25:28-Pac] Note: Using less memory than requested (26.9MB < 5GB); allows for 2,162,688 kmers
[11 Dec 2019 23:25:28-Pac][memory] graph: 26.9MB
[11 Dec 2019 23:25:28-Pac][memory] total: 26.9MB of 62.6GB RAM
[11 Dec 2019 23:25:28-Pac] Writing 1 colour graph to human/bigsi/11/mccortex.SRR191696.ctx
[11 Dec 2019 23:25:28-Pac][hasht] Allocating table with 2,162,688 entries, using 16.6MB
[11 Dec 2019 23:25:28-Pac][hasht]  number of buckets: 65,536, bucket size: 33
[11 Dec 2019 23:25:28-Pac][graph] kmer-size: 11; colours: 1; capacity: 2,162,688
[11 Dec 2019 23:25:28-Pac][hasht] buckets: 65,536 [2^16]; bucket size: 33; 
[11 Dec 2019 23:25:28-Pac][hasht] memory: 16.6MB; filled: 0 / 2,162,688 (0.00%)
[11 Dec 2019 23:25:28-Pac][asyncio] Inputs: 1; Threads: 1
[11 Dec 2019 23:25:28-Pac][seq] Parsing sequence file human/kmer-counts-jellyfish/11/SRR191696.kmer.gz
[11 Dec 2019 23:25:29-Pac][seq] Loaded 364,519 reads and 0 reads pairs (file: human/kmer-counts-jellyfish/11/SRR191696.kmer.gz)
[11 Dec 2019 23:25:29-Pac][hasht] buckets: 65,536 [2^16]; bucket size: 33; 
[11 Dec 2019 23:25:29-Pac][hasht] memory: 16.6MB; filled: 364,519 / 2,162,688 (16.85%)
[11 Dec 2019 23:25:29-Pac][hasht]  collisions  0: 364519
[11 Dec 2019 23:25:29-Pac][task] input: human/kmer-counts-jellyfish/11/SRR191696.kmer.gz colour: 0
[11 Dec 2019 23:25:29-Pac]  SE reads: 364,519  PE reads: 0
[11 Dec 2019 23:25:29-Pac]  good reads: 364,519  bad reads: 0
[11 Dec 2019 23:25:29-Pac]  dup SE reads: 0  dup PE pairs: 0
[11 Dec 2019 23:25:29-Pac]  bases read: 4,009,709  bases loaded: 4,009,709
[11 Dec 2019 23:25:29-Pac]  num contigs: 364,519  num kmers: 364,519 novel kmers: 364,519
[11 Dec 2019 23:25:29-Pac] Dumping graph...
[11 Dec 2019 23:25:29-Pac][graphwriter] Saving file to: human/bigsi/11/mccortex.SRR191696.ctx
[11 Dec 2019 23:25:29-Pac][FileFilter] Writing graph  [1 src colour]
[11 Dec 2019 23:25:29-Pac][graphwriter] Dumped 364,519 kmers in 1 colour into: human/bigsi/11/mccortex.SRR191696.ctx (ver: 6)
[11 Dec 2019 23:25:29-Pac][memory] We made 19 allocs
[11 Dec 2019 23:25:29-Pac] Done.
[11 Dec 2019 23:25:29-Pac][time] 1.00 seconds
	Command being timed: "mccortex 11 build --nkmers 2100000 --threads 1 --kmer 11 --mem 5G --sample SRR191696 --seq human/kmer-counts-jellyfish/11/SRR191696.kmer.gz human/bigsi/11/mccortex.SRR191696.ctx"
	User time (seconds): 0.51
	System time (seconds): 0.15
	Percent of CPU this job got: 164%
	Elapsed (wall clock) time (h:mm:ss or m:ss): 0:00.40
	Average shared text size (kbytes): 0
	Average unshared data size (kbytes): 0
	Average stack size (kbytes): 0
	Average total size (kbytes): 0
	Maximum resident set size (kbytes): 34436
	Average resident set size (kbytes): 0
	Major (requiring I/O) page faults: 0
	Minor (reclaiming a frame) page faults: 11037
	Voluntary context switches: 9227
	Involuntary context switches: 5513
	Swaps: 0
	File system inputs: 2728
	File system outputs: 9264
	Socket messages sent: 0
	Socket messages received: 0
	Signals delivered: 0
	Page size (bytes): 4096
	Exit status: 0
