[11 Dec 2019 23:25:03-cOX][cmd] /home/CSCScience.ca/apetkau/miniconda3/envs/bigsi_mccortex/bin/mccortex31 build --nkmers 2100000 --threads 1 --kmer 11 --mem 5G --sample SRR1313154 --seq human/kmer-counts-jellyfish/11/SRR1313154.kmer.gz human/bigsi/11/mccortex.SRR1313154.ctx
[11 Dec 2019 23:25:03-cOX][cwd] /home/CSCScience.ca/apetkau/workspace/comp7934-project
[11 Dec 2019 23:25:03-cOX][version] mccortex=v0.0.3-610-g400c0e3 zlib=1.2.11 htslib=1.8-17-g699ed53 ASSERTS=ON hash=Lookup3 CHECKS=ON k=3..31
[11 Dec 2019 23:25:03-cOX] Saving graph to: human/bigsi/11/mccortex.SRR1313154.ctx
[11 Dec 2019 23:25:03-cOX][sample] 0: SRR1313154
[11 Dec 2019 23:25:03-cOX][task] human/kmer-counts-jellyfish/11/SRR1313154.kmer.gz; FASTQ offset: auto-detect, threshold: off; cut homopolymers: off; remove PCR duplicates: no; colour: 0
[11 Dec 2019 23:25:03-cOX][memory] 104 bits per kmer
[11 Dec 2019 23:25:03-cOX] Note: Using less memory than requested (26.9MB < 5GB); allows for 2,162,688 kmers
[11 Dec 2019 23:25:03-cOX][memory] graph: 26.9MB
[11 Dec 2019 23:25:03-cOX][memory] total: 26.9MB of 62.6GB RAM
[11 Dec 2019 23:25:03-cOX] Writing 1 colour graph to human/bigsi/11/mccortex.SRR1313154.ctx
[11 Dec 2019 23:25:03-cOX][hasht] Allocating table with 2,162,688 entries, using 16.6MB
[11 Dec 2019 23:25:03-cOX][hasht]  number of buckets: 65,536, bucket size: 33
[11 Dec 2019 23:25:03-cOX][graph] kmer-size: 11; colours: 1; capacity: 2,162,688
[11 Dec 2019 23:25:03-cOX][hasht] buckets: 65,536 [2^16]; bucket size: 33; 
[11 Dec 2019 23:25:03-cOX][hasht] memory: 16.6MB; filled: 0 / 2,162,688 (0.00%)
[11 Dec 2019 23:25:03-cOX][asyncio] Inputs: 1; Threads: 1
[11 Dec 2019 23:25:03-cOX][seq] Parsing sequence file human/kmer-counts-jellyfish/11/SRR1313154.kmer.gz
[11 Dec 2019 23:25:04-cOX][seq] Loaded 1,440,648 reads and 0 reads pairs (file: human/kmer-counts-jellyfish/11/SRR1313154.kmer.gz)
[11 Dec 2019 23:25:04-cOX][hasht] buckets: 65,536 [2^16]; bucket size: 33; 
[11 Dec 2019 23:25:04-cOX][hasht] memory: 16.6MB; filled: 1,440,648 / 2,162,688 (66.61%)
[11 Dec 2019 23:25:04-cOX][hasht]  collisions  0: 1438991
[11 Dec 2019 23:25:04-cOX][hasht]  collisions  1: 1643
[11 Dec 2019 23:25:04-cOX][hasht]  collisions  2: 14
[11 Dec 2019 23:25:04-cOX][task] input: human/kmer-counts-jellyfish/11/SRR1313154.kmer.gz colour: 0
[11 Dec 2019 23:25:04-cOX]  SE reads: 1,440,648  PE reads: 0
[11 Dec 2019 23:25:04-cOX]  good reads: 1,440,648  bad reads: 0
[11 Dec 2019 23:25:04-cOX]  dup SE reads: 0  dup PE pairs: 0
[11 Dec 2019 23:25:04-cOX]  bases read: 15,847,128  bases loaded: 15,847,128
[11 Dec 2019 23:25:04-cOX]  num contigs: 1,440,648  num kmers: 1,440,648 novel kmers: 1,440,648
[11 Dec 2019 23:25:04-cOX] Dumping graph...
[11 Dec 2019 23:25:04-cOX][graphwriter] Saving file to: human/bigsi/11/mccortex.SRR1313154.ctx
[11 Dec 2019 23:25:04-cOX][FileFilter] Writing graph  [1 src colour]
[11 Dec 2019 23:25:05-cOX][graphwriter] Dumped 1,440,648 kmers in 1 colour into: human/bigsi/11/mccortex.SRR1313154.ctx (ver: 6)
[11 Dec 2019 23:25:05-cOX][memory] We made 19 allocs
[11 Dec 2019 23:25:05-cOX] Done.
[11 Dec 2019 23:25:05-cOX][time] 2.00 seconds
	Command being timed: "mccortex 11 build --nkmers 2100000 --threads 1 --kmer 11 --mem 5G --sample SRR1313154 --seq human/kmer-counts-jellyfish/11/SRR1313154.kmer.gz human/bigsi/11/mccortex.SRR1313154.ctx"
	User time (seconds): 2.06
	System time (seconds): 0.33
	Percent of CPU this job got: 161%
	Elapsed (wall clock) time (h:mm:ss or m:ss): 0:01.48
	Average shared text size (kbytes): 0
	Average unshared data size (kbytes): 0
	Average stack size (kbytes): 0
	Average total size (kbytes): 0
	Maximum resident set size (kbytes): 34444
	Average resident set size (kbytes): 0
	Major (requiring I/O) page faults: 0
	Minor (reclaiming a frame) page faults: 18756
	Voluntary context switches: 6707
	Involuntary context switches: 5787
	Swaps: 0
	File system inputs: 10664
	File system outputs: 36592
	Socket messages sent: 0
	Socket messages received: 0
	Signals delivered: 0
	Page size (bytes): 4096
	Exit status: 0
