[11 Dec 2019 23:25:15-jid][cmd] /home/CSCScience.ca/apetkau/miniconda3/envs/bigsi_mccortex/bin/mccortex31 build --nkmers 2100000 --threads 1 --kmer 11 --mem 5G --sample SRR191403 --seq human/kmer-counts-jellyfish/11/SRR191403.kmer.gz human/bigsi/11/mccortex.SRR191403.ctx
[11 Dec 2019 23:25:15-jid][cwd] /home/CSCScience.ca/apetkau/workspace/comp7934-project
[11 Dec 2019 23:25:15-jid][version] mccortex=v0.0.3-610-g400c0e3 zlib=1.2.11 htslib=1.8-17-g699ed53 ASSERTS=ON hash=Lookup3 CHECKS=ON k=3..31
[11 Dec 2019 23:25:15-jid] Saving graph to: human/bigsi/11/mccortex.SRR191403.ctx
[11 Dec 2019 23:25:15-jid][sample] 0: SRR191403
[11 Dec 2019 23:25:15-jid][task] human/kmer-counts-jellyfish/11/SRR191403.kmer.gz; FASTQ offset: auto-detect, threshold: off; cut homopolymers: off; remove PCR duplicates: no; colour: 0
[11 Dec 2019 23:25:15-jid][memory] 104 bits per kmer
[11 Dec 2019 23:25:15-jid] Note: Using less memory than requested (26.9MB < 5GB); allows for 2,162,688 kmers
[11 Dec 2019 23:25:15-jid][memory] graph: 26.9MB
[11 Dec 2019 23:25:15-jid][memory] total: 26.9MB of 62.6GB RAM
[11 Dec 2019 23:25:15-jid] Writing 1 colour graph to human/bigsi/11/mccortex.SRR191403.ctx
[11 Dec 2019 23:25:15-jid][hasht] Allocating table with 2,162,688 entries, using 16.6MB
[11 Dec 2019 23:25:15-jid][hasht]  number of buckets: 65,536, bucket size: 33
[11 Dec 2019 23:25:15-jid][graph] kmer-size: 11; colours: 1; capacity: 2,162,688
[11 Dec 2019 23:25:15-jid][hasht] buckets: 65,536 [2^16]; bucket size: 33; 
[11 Dec 2019 23:25:15-jid][hasht] memory: 16.6MB; filled: 0 / 2,162,688 (0.00%)
[11 Dec 2019 23:25:15-jid][asyncio] Inputs: 1; Threads: 1
[11 Dec 2019 23:25:15-jid][seq] Parsing sequence file human/kmer-counts-jellyfish/11/SRR191403.kmer.gz
[11 Dec 2019 23:25:16-jid][seq] Loaded 98,215 reads and 0 reads pairs (file: human/kmer-counts-jellyfish/11/SRR191403.kmer.gz)
[11 Dec 2019 23:25:16-jid][hasht] buckets: 65,536 [2^16]; bucket size: 33; 
[11 Dec 2019 23:25:16-jid][hasht] memory: 16.6MB; filled: 98,215 / 2,162,688 (4.54%)
[11 Dec 2019 23:25:16-jid][hasht]  collisions  0: 98215
[11 Dec 2019 23:25:16-jid][task] input: human/kmer-counts-jellyfish/11/SRR191403.kmer.gz colour: 0
[11 Dec 2019 23:25:16-jid]  SE reads: 98,215  PE reads: 0
[11 Dec 2019 23:25:16-jid]  good reads: 98,215  bad reads: 0
[11 Dec 2019 23:25:16-jid]  dup SE reads: 0  dup PE pairs: 0
[11 Dec 2019 23:25:16-jid]  bases read: 1,080,365  bases loaded: 1,080,365
[11 Dec 2019 23:25:16-jid]  num contigs: 98,215  num kmers: 98,215 novel kmers: 98,215
[11 Dec 2019 23:25:16-jid] Dumping graph...
[11 Dec 2019 23:25:16-jid][graphwriter] Saving file to: human/bigsi/11/mccortex.SRR191403.ctx
[11 Dec 2019 23:25:16-jid][FileFilter] Writing graph  [1 src colour]
[11 Dec 2019 23:25:16-jid][graphwriter] Dumped 98,215 kmers in 1 colour into: human/bigsi/11/mccortex.SRR191403.ctx (ver: 6)
[11 Dec 2019 23:25:16-jid][memory] We made 19 allocs
[11 Dec 2019 23:25:16-jid] Done.
[11 Dec 2019 23:25:16-jid][time] 1.00 seconds
	Command being timed: "mccortex 11 build --nkmers 2100000 --threads 1 --kmer 11 --mem 5G --sample SRR191403 --seq human/kmer-counts-jellyfish/11/SRR191403.kmer.gz human/bigsi/11/mccortex.SRR191403.ctx"
	User time (seconds): 0.31
	System time (seconds): 0.05
	Percent of CPU this job got: 160%
	Elapsed (wall clock) time (h:mm:ss or m:ss): 0:00.23
	Average shared text size (kbytes): 0
	Average unshared data size (kbytes): 0
	Average stack size (kbytes): 0
	Average total size (kbytes): 0
	Maximum resident set size (kbytes): 34420
	Average resident set size (kbytes): 0
	Major (requiring I/O) page faults: 0
	Minor (reclaiming a frame) page faults: 11034
	Voluntary context switches: 2975
	Involuntary context switches: 4
	Swaps: 0
	File system inputs: 736
	File system outputs: 2504
	Socket messages sent: 0
	Socket messages received: 0
	Signals delivered: 0
	Page size (bytes): 4096
	Exit status: 0
