[11 Dec 2019 23:24:39-FUT][cmd] /home/CSCScience.ca/apetkau/miniconda3/envs/bigsi_mccortex/bin/mccortex31 build --nkmers 2100000 --threads 1 --kmer 11 --mem 5G --sample SRR1035695 --seq human/kmer-counts-jellyfish/11/SRR1035695.kmer.gz human/bigsi/11/mccortex.SRR1035695.ctx
[11 Dec 2019 23:24:39-FUT][cwd] /home/CSCScience.ca/apetkau/workspace/comp7934-project
[11 Dec 2019 23:24:39-FUT][version] mccortex=v0.0.3-610-g400c0e3 zlib=1.2.11 htslib=1.8-17-g699ed53 ASSERTS=ON hash=Lookup3 CHECKS=ON k=3..31
[11 Dec 2019 23:24:39-FUT] Saving graph to: human/bigsi/11/mccortex.SRR1035695.ctx
[11 Dec 2019 23:24:39-FUT][sample] 0: SRR1035695
[11 Dec 2019 23:24:39-FUT][task] human/kmer-counts-jellyfish/11/SRR1035695.kmer.gz; FASTQ offset: auto-detect, threshold: off; cut homopolymers: off; remove PCR duplicates: no; colour: 0
[11 Dec 2019 23:24:39-FUT][memory] 104 bits per kmer
[11 Dec 2019 23:24:39-FUT] Note: Using less memory than requested (26.9MB < 5GB); allows for 2,162,688 kmers
[11 Dec 2019 23:24:39-FUT][memory] graph: 26.9MB
[11 Dec 2019 23:24:39-FUT][memory] total: 26.9MB of 62.6GB RAM
[11 Dec 2019 23:24:39-FUT] Writing 1 colour graph to human/bigsi/11/mccortex.SRR1035695.ctx
[11 Dec 2019 23:24:39-FUT][hasht] Allocating table with 2,162,688 entries, using 16.6MB
[11 Dec 2019 23:24:39-FUT][hasht]  number of buckets: 65,536, bucket size: 33
[11 Dec 2019 23:24:39-FUT][graph] kmer-size: 11; colours: 1; capacity: 2,162,688
[11 Dec 2019 23:24:39-FUT][hasht] buckets: 65,536 [2^16]; bucket size: 33; 
[11 Dec 2019 23:24:39-FUT][hasht] memory: 16.6MB; filled: 0 / 2,162,688 (0.00%)
[11 Dec 2019 23:24:39-FUT][asyncio] Inputs: 1; Threads: 1
[11 Dec 2019 23:24:39-FUT][seq] Parsing sequence file human/kmer-counts-jellyfish/11/SRR1035695.kmer.gz
[11 Dec 2019 23:24:40-FUT][seq] Loaded 1,495,451 reads and 0 reads pairs (file: human/kmer-counts-jellyfish/11/SRR1035695.kmer.gz)
[11 Dec 2019 23:24:40-FUT][hasht] buckets: 65,536 [2^16]; bucket size: 33; 
[11 Dec 2019 23:24:40-FUT][hasht] memory: 16.6MB; filled: 1,495,451 / 2,162,688 (69.15%)
[11 Dec 2019 23:24:40-FUT][hasht]  collisions  0: 1492787
[11 Dec 2019 23:24:40-FUT][hasht]  collisions  1: 2627
[11 Dec 2019 23:24:40-FUT][hasht]  collisions  2: 37
[11 Dec 2019 23:24:40-FUT][task] input: human/kmer-counts-jellyfish/11/SRR1035695.kmer.gz colour: 0
[11 Dec 2019 23:24:40-FUT]  SE reads: 1,495,451  PE reads: 0
[11 Dec 2019 23:24:40-FUT]  good reads: 1,495,451  bad reads: 0
[11 Dec 2019 23:24:40-FUT]  dup SE reads: 0  dup PE pairs: 0
[11 Dec 2019 23:24:40-FUT]  bases read: 16,449,961  bases loaded: 16,449,961
[11 Dec 2019 23:24:40-FUT]  num contigs: 1,495,451  num kmers: 1,495,451 novel kmers: 1,495,451
[11 Dec 2019 23:24:40-FUT] Dumping graph...
[11 Dec 2019 23:24:40-FUT][graphwriter] Saving file to: human/bigsi/11/mccortex.SRR1035695.ctx
[11 Dec 2019 23:24:40-FUT][FileFilter] Writing graph  [1 src colour]
[11 Dec 2019 23:24:40-FUT][graphwriter] Dumped 1,495,451 kmers in 1 colour into: human/bigsi/11/mccortex.SRR1035695.ctx (ver: 6)
[11 Dec 2019 23:24:40-FUT][memory] We made 19 allocs
[11 Dec 2019 23:24:40-FUT] Done.
[11 Dec 2019 23:24:40-FUT][time] 1.00 seconds
	Command being timed: "mccortex 11 build --nkmers 2100000 --threads 1 --kmer 11 --mem 5G --sample SRR1035695 --seq human/kmer-counts-jellyfish/11/SRR1035695.kmer.gz human/bigsi/11/mccortex.SRR1035695.ctx"
	User time (seconds): 2.06
	System time (seconds): 0.35
	Percent of CPU this job got: 167%
	Elapsed (wall clock) time (h:mm:ss or m:ss): 0:01.44
	Average shared text size (kbytes): 0
	Average unshared data size (kbytes): 0
	Average stack size (kbytes): 0
	Average total size (kbytes): 0
	Maximum resident set size (kbytes): 34440
	Average resident set size (kbytes): 0
	Major (requiring I/O) page faults: 0
	Minor (reclaiming a frame) page faults: 18749
	Voluntary context switches: 6804
	Involuntary context switches: 13058
	Swaps: 0
	File system inputs: 11064
	File system outputs: 37984
	Socket messages sent: 0
	Socket messages received: 0
	Signals delivered: 0
	Page size (bytes): 4096
	Exit status: 0
