[11 Dec 2019 23:25:26-Fir][cmd] /home/CSCScience.ca/apetkau/miniconda3/envs/bigsi_mccortex/bin/mccortex31 build --nkmers 2100000 --threads 1 --kmer 11 --mem 5G --sample SRR191555 --seq human/kmer-counts-jellyfish/11/SRR191555.kmer.gz human/bigsi/11/mccortex.SRR191555.ctx
[11 Dec 2019 23:25:26-Fir][cwd] /home/CSCScience.ca/apetkau/workspace/comp7934-project
[11 Dec 2019 23:25:26-Fir][version] mccortex=v0.0.3-610-g400c0e3 zlib=1.2.11 htslib=1.8-17-g699ed53 ASSERTS=ON hash=Lookup3 CHECKS=ON k=3..31
[11 Dec 2019 23:25:26-Fir] Saving graph to: human/bigsi/11/mccortex.SRR191555.ctx
[11 Dec 2019 23:25:26-Fir][sample] 0: SRR191555
[11 Dec 2019 23:25:26-Fir][task] human/kmer-counts-jellyfish/11/SRR191555.kmer.gz; FASTQ offset: auto-detect, threshold: off; cut homopolymers: off; remove PCR duplicates: no; colour: 0
[11 Dec 2019 23:25:26-Fir][memory] 104 bits per kmer
[11 Dec 2019 23:25:26-Fir] Note: Using less memory than requested (26.9MB < 5GB); allows for 2,162,688 kmers
[11 Dec 2019 23:25:26-Fir][memory] graph: 26.9MB
[11 Dec 2019 23:25:26-Fir][memory] total: 26.9MB of 62.6GB RAM
[11 Dec 2019 23:25:26-Fir] Writing 1 colour graph to human/bigsi/11/mccortex.SRR191555.ctx
[11 Dec 2019 23:25:26-Fir][hasht] Allocating table with 2,162,688 entries, using 16.6MB
[11 Dec 2019 23:25:26-Fir][hasht]  number of buckets: 65,536, bucket size: 33
[11 Dec 2019 23:25:26-Fir][graph] kmer-size: 11; colours: 1; capacity: 2,162,688
[11 Dec 2019 23:25:26-Fir][hasht] buckets: 65,536 [2^16]; bucket size: 33; 
[11 Dec 2019 23:25:26-Fir][hasht] memory: 16.6MB; filled: 0 / 2,162,688 (0.00%)
[11 Dec 2019 23:25:26-Fir][asyncio] Inputs: 1; Threads: 1
[11 Dec 2019 23:25:26-Fir][seq] Parsing sequence file human/kmer-counts-jellyfish/11/SRR191555.kmer.gz
[11 Dec 2019 23:25:26-Fir][seq] Loaded 100,295 reads and 0 reads pairs (file: human/kmer-counts-jellyfish/11/SRR191555.kmer.gz)
[11 Dec 2019 23:25:26-Fir][hasht] buckets: 65,536 [2^16]; bucket size: 33; 
[11 Dec 2019 23:25:26-Fir][hasht] memory: 16.6MB; filled: 100,295 / 2,162,688 (4.64%)
[11 Dec 2019 23:25:26-Fir][hasht]  collisions  0: 100295
[11 Dec 2019 23:25:26-Fir][task] input: human/kmer-counts-jellyfish/11/SRR191555.kmer.gz colour: 0
[11 Dec 2019 23:25:26-Fir]  SE reads: 100,295  PE reads: 0
[11 Dec 2019 23:25:26-Fir]  good reads: 100,295  bad reads: 0
[11 Dec 2019 23:25:26-Fir]  dup SE reads: 0  dup PE pairs: 0
[11 Dec 2019 23:25:26-Fir]  bases read: 1,103,245  bases loaded: 1,103,245
[11 Dec 2019 23:25:26-Fir]  num contigs: 100,295  num kmers: 100,295 novel kmers: 100,295
[11 Dec 2019 23:25:26-Fir] Dumping graph...
[11 Dec 2019 23:25:26-Fir][graphwriter] Saving file to: human/bigsi/11/mccortex.SRR191555.ctx
[11 Dec 2019 23:25:26-Fir][FileFilter] Writing graph  [1 src colour]
[11 Dec 2019 23:25:26-Fir][graphwriter] Dumped 100,295 kmers in 1 colour into: human/bigsi/11/mccortex.SRR191555.ctx (ver: 6)
[11 Dec 2019 23:25:26-Fir][memory] We made 19 allocs
[11 Dec 2019 23:25:26-Fir] Done.
[11 Dec 2019 23:25:26-Fir][time] 0.00 seconds
	Command being timed: "mccortex 11 build --nkmers 2100000 --threads 1 --kmer 11 --mem 5G --sample SRR191555 --seq human/kmer-counts-jellyfish/11/SRR191555.kmer.gz human/bigsi/11/mccortex.SRR191555.ctx"
	User time (seconds): 0.15
	System time (seconds): 0.06
	Percent of CPU this job got: 153%
	Elapsed (wall clock) time (h:mm:ss or m:ss): 0:00.14
	Average shared text size (kbytes): 0
	Average unshared data size (kbytes): 0
	Average stack size (kbytes): 0
	Average total size (kbytes): 0
	Maximum resident set size (kbytes): 34524
	Average resident set size (kbytes): 0
	Major (requiring I/O) page faults: 0
	Minor (reclaiming a frame) page faults: 11037
	Voluntary context switches: 3160
	Involuntary context switches: 5
	Swaps: 0
	File system inputs: 752
	File system outputs: 2560
	Socket messages sent: 0
	Socket messages received: 0
	Signals delivered: 0
	Page size (bytes): 4096
	Exit status: 0
