[11 Dec 2019 23:24:43-LOs][cmd] /home/CSCScience.ca/apetkau/miniconda3/envs/bigsi_mccortex/bin/mccortex31 build --nkmers 2100000 --threads 1 --kmer 11 --mem 5G --sample SRR1303626 --seq human/kmer-counts-jellyfish/11/SRR1303626.kmer.gz human/bigsi/11/mccortex.SRR1303626.ctx
[11 Dec 2019 23:24:43-LOs][cwd] /home/CSCScience.ca/apetkau/workspace/comp7934-project
[11 Dec 2019 23:24:43-LOs][version] mccortex=v0.0.3-610-g400c0e3 zlib=1.2.11 htslib=1.8-17-g699ed53 ASSERTS=ON hash=Lookup3 CHECKS=ON k=3..31
[11 Dec 2019 23:24:43-LOs] Saving graph to: human/bigsi/11/mccortex.SRR1303626.ctx
[11 Dec 2019 23:24:43-LOs][sample] 0: SRR1303626
[11 Dec 2019 23:24:43-LOs][task] human/kmer-counts-jellyfish/11/SRR1303626.kmer.gz; FASTQ offset: auto-detect, threshold: off; cut homopolymers: off; remove PCR duplicates: no; colour: 0
[11 Dec 2019 23:24:43-LOs][memory] 104 bits per kmer
[11 Dec 2019 23:24:43-LOs] Note: Using less memory than requested (26.9MB < 5GB); allows for 2,162,688 kmers
[11 Dec 2019 23:24:43-LOs][memory] graph: 26.9MB
[11 Dec 2019 23:24:43-LOs][memory] total: 26.9MB of 62.6GB RAM
[11 Dec 2019 23:24:43-LOs] Writing 1 colour graph to human/bigsi/11/mccortex.SRR1303626.ctx
[11 Dec 2019 23:24:43-LOs][hasht] Allocating table with 2,162,688 entries, using 16.6MB
[11 Dec 2019 23:24:43-LOs][hasht]  number of buckets: 65,536, bucket size: 33
[11 Dec 2019 23:24:43-LOs][graph] kmer-size: 11; colours: 1; capacity: 2,162,688
[11 Dec 2019 23:24:43-LOs][hasht] buckets: 65,536 [2^16]; bucket size: 33; 
[11 Dec 2019 23:24:43-LOs][hasht] memory: 16.6MB; filled: 0 / 2,162,688 (0.00%)
[11 Dec 2019 23:24:43-LOs][asyncio] Inputs: 1; Threads: 1
[11 Dec 2019 23:24:43-LOs][seq] Parsing sequence file human/kmer-counts-jellyfish/11/SRR1303626.kmer.gz
[11 Dec 2019 23:24:44-LOs][seq] Loaded 1,459,771 reads and 0 reads pairs (file: human/kmer-counts-jellyfish/11/SRR1303626.kmer.gz)
[11 Dec 2019 23:24:44-LOs][hasht] buckets: 65,536 [2^16]; bucket size: 33; 
[11 Dec 2019 23:24:44-LOs][hasht] memory: 16.6MB; filled: 1,459,771 / 2,162,688 (67.50%)
[11 Dec 2019 23:24:44-LOs][hasht]  collisions  0: 1457717
[11 Dec 2019 23:24:44-LOs][hasht]  collisions  1: 2033
[11 Dec 2019 23:24:44-LOs][hasht]  collisions  2: 20
[11 Dec 2019 23:24:44-LOs][hasht]  collisions  3: 1
[11 Dec 2019 23:24:44-LOs][task] input: human/kmer-counts-jellyfish/11/SRR1303626.kmer.gz colour: 0
[11 Dec 2019 23:24:44-LOs]  SE reads: 1,459,771  PE reads: 0
[11 Dec 2019 23:24:44-LOs]  good reads: 1,459,771  bad reads: 0
[11 Dec 2019 23:24:44-LOs]  dup SE reads: 0  dup PE pairs: 0
[11 Dec 2019 23:24:44-LOs]  bases read: 16,057,481  bases loaded: 16,057,481
[11 Dec 2019 23:24:44-LOs]  num contigs: 1,459,771  num kmers: 1,459,771 novel kmers: 1,459,771
[11 Dec 2019 23:24:44-LOs] Dumping graph...
[11 Dec 2019 23:24:44-LOs][graphwriter] Saving file to: human/bigsi/11/mccortex.SRR1303626.ctx
[11 Dec 2019 23:24:44-LOs][FileFilter] Writing graph  [1 src colour]
[11 Dec 2019 23:24:44-LOs][graphwriter] Dumped 1,459,771 kmers in 1 colour into: human/bigsi/11/mccortex.SRR1303626.ctx (ver: 6)
[11 Dec 2019 23:24:44-LOs][memory] We made 19 allocs
[11 Dec 2019 23:24:44-LOs] Done.
[11 Dec 2019 23:24:44-LOs][time] 1.00 seconds
	Command being timed: "mccortex 11 build --nkmers 2100000 --threads 1 --kmer 11 --mem 5G --sample SRR1303626 --seq human/kmer-counts-jellyfish/11/SRR1303626.kmer.gz human/bigsi/11/mccortex.SRR1303626.ctx"
	User time (seconds): 1.85
	System time (seconds): 0.16
	Percent of CPU this job got: 176%
	Elapsed (wall clock) time (h:mm:ss or m:ss): 0:01.13
	Average shared text size (kbytes): 0
	Average unshared data size (kbytes): 0
	Average stack size (kbytes): 0
	Average total size (kbytes): 0
	Maximum resident set size (kbytes): 34492
	Average resident set size (kbytes): 0
	Major (requiring I/O) page faults: 0
	Minor (reclaiming a frame) page faults: 11042
	Voluntary context switches: 3700
	Involuntary context switches: 46
	Swaps: 0
	File system inputs: 10808
	File system outputs: 37080
	Socket messages sent: 0
	Socket messages received: 0
	Signals delivered: 0
	Page size (bytes): 4096
	Exit status: 0
