[11 Dec 2019 23:25:19-XiZ][cmd] /home/CSCScience.ca/apetkau/miniconda3/envs/bigsi_mccortex/bin/mccortex31 build --nkmers 2100000 --threads 1 --kmer 11 --mem 5G --sample SRR191455 --seq human/kmer-counts-jellyfish/11/SRR191455.kmer.gz human/bigsi/11/mccortex.SRR191455.ctx
[11 Dec 2019 23:25:19-XiZ][cwd] /home/CSCScience.ca/apetkau/workspace/comp7934-project
[11 Dec 2019 23:25:19-XiZ][version] mccortex=v0.0.3-610-g400c0e3 zlib=1.2.11 htslib=1.8-17-g699ed53 ASSERTS=ON hash=Lookup3 CHECKS=ON k=3..31
[11 Dec 2019 23:25:19-XiZ] Saving graph to: human/bigsi/11/mccortex.SRR191455.ctx
[11 Dec 2019 23:25:19-XiZ][sample] 0: SRR191455
[11 Dec 2019 23:25:19-XiZ][task] human/kmer-counts-jellyfish/11/SRR191455.kmer.gz; FASTQ offset: auto-detect, threshold: off; cut homopolymers: off; remove PCR duplicates: no; colour: 0
[11 Dec 2019 23:25:19-XiZ][memory] 104 bits per kmer
[11 Dec 2019 23:25:19-XiZ] Note: Using less memory than requested (26.9MB < 5GB); allows for 2,162,688 kmers
[11 Dec 2019 23:25:19-XiZ][memory] graph: 26.9MB
[11 Dec 2019 23:25:19-XiZ][memory] total: 26.9MB of 62.6GB RAM
[11 Dec 2019 23:25:19-XiZ] Writing 1 colour graph to human/bigsi/11/mccortex.SRR191455.ctx
[11 Dec 2019 23:25:19-XiZ][hasht] Allocating table with 2,162,688 entries, using 16.6MB
[11 Dec 2019 23:25:19-XiZ][hasht]  number of buckets: 65,536, bucket size: 33
[11 Dec 2019 23:25:19-XiZ][graph] kmer-size: 11; colours: 1; capacity: 2,162,688
[11 Dec 2019 23:25:19-XiZ][hasht] buckets: 65,536 [2^16]; bucket size: 33; 
[11 Dec 2019 23:25:19-XiZ][hasht] memory: 16.6MB; filled: 0 / 2,162,688 (0.00%)
[11 Dec 2019 23:25:19-XiZ][asyncio] Inputs: 1; Threads: 1
[11 Dec 2019 23:25:19-XiZ][seq] Parsing sequence file human/kmer-counts-jellyfish/11/SRR191455.kmer.gz
[11 Dec 2019 23:25:19-XiZ][seq] Loaded 121,979 reads and 0 reads pairs (file: human/kmer-counts-jellyfish/11/SRR191455.kmer.gz)
[11 Dec 2019 23:25:19-XiZ][hasht] buckets: 65,536 [2^16]; bucket size: 33; 
[11 Dec 2019 23:25:19-XiZ][hasht] memory: 16.6MB; filled: 121,979 / 2,162,688 (5.64%)
[11 Dec 2019 23:25:19-XiZ][hasht]  collisions  0: 121979
[11 Dec 2019 23:25:19-XiZ][task] input: human/kmer-counts-jellyfish/11/SRR191455.kmer.gz colour: 0
[11 Dec 2019 23:25:19-XiZ]  SE reads: 121,979  PE reads: 0
[11 Dec 2019 23:25:19-XiZ]  good reads: 121,979  bad reads: 0
[11 Dec 2019 23:25:19-XiZ]  dup SE reads: 0  dup PE pairs: 0
[11 Dec 2019 23:25:19-XiZ]  bases read: 1,341,769  bases loaded: 1,341,769
[11 Dec 2019 23:25:19-XiZ]  num contigs: 121,979  num kmers: 121,979 novel kmers: 121,979
[11 Dec 2019 23:25:19-XiZ] Dumping graph...
[11 Dec 2019 23:25:19-XiZ][graphwriter] Saving file to: human/bigsi/11/mccortex.SRR191455.ctx
[11 Dec 2019 23:25:19-XiZ][FileFilter] Writing graph  [1 src colour]
[11 Dec 2019 23:25:19-XiZ][graphwriter] Dumped 121,979 kmers in 1 colour into: human/bigsi/11/mccortex.SRR191455.ctx (ver: 6)
[11 Dec 2019 23:25:19-XiZ][memory] We made 19 allocs
[11 Dec 2019 23:25:19-XiZ] Done.
[11 Dec 2019 23:25:19-XiZ][time] 0.00 seconds
	Command being timed: "mccortex 11 build --nkmers 2100000 --threads 1 --kmer 11 --mem 5G --sample SRR191455 --seq human/kmer-counts-jellyfish/11/SRR191455.kmer.gz human/bigsi/11/mccortex.SRR191455.ctx"
	User time (seconds): 0.22
	System time (seconds): 0.03
	Percent of CPU this job got: 146%
	Elapsed (wall clock) time (h:mm:ss or m:ss): 0:00.17
	Average shared text size (kbytes): 0
	Average unshared data size (kbytes): 0
	Average stack size (kbytes): 0
	Average total size (kbytes): 0
	Maximum resident set size (kbytes): 34424
	Average resident set size (kbytes): 0
	Major (requiring I/O) page faults: 0
	Minor (reclaiming a frame) page faults: 11037
	Voluntary context switches: 3218
	Involuntary context switches: 5
	Swaps: 0
	File system inputs: 912
	File system outputs: 3112
	Socket messages sent: 0
	Socket messages received: 0
	Signals delivered: 0
	Page size (bytes): 4096
	Exit status: 0
