[11 Dec 2019 23:25:24-Sit][cmd] /home/CSCScience.ca/apetkau/miniconda3/envs/bigsi_mccortex/bin/mccortex31 build --nkmers 2100000 --threads 1 --kmer 11 --mem 5G --sample SRR191527 --seq human/kmer-counts-jellyfish/11/SRR191527.kmer.gz human/bigsi/11/mccortex.SRR191527.ctx
[11 Dec 2019 23:25:24-Sit][cwd] /home/CSCScience.ca/apetkau/workspace/comp7934-project
[11 Dec 2019 23:25:24-Sit][version] mccortex=v0.0.3-610-g400c0e3 zlib=1.2.11 htslib=1.8-17-g699ed53 ASSERTS=ON hash=Lookup3 CHECKS=ON k=3..31
[11 Dec 2019 23:25:24-Sit] Saving graph to: human/bigsi/11/mccortex.SRR191527.ctx
[11 Dec 2019 23:25:24-Sit][sample] 0: SRR191527
[11 Dec 2019 23:25:24-Sit][task] human/kmer-counts-jellyfish/11/SRR191527.kmer.gz; FASTQ offset: auto-detect, threshold: off; cut homopolymers: off; remove PCR duplicates: no; colour: 0
[11 Dec 2019 23:25:24-Sit][memory] 104 bits per kmer
[11 Dec 2019 23:25:24-Sit] Note: Using less memory than requested (26.9MB < 5GB); allows for 2,162,688 kmers
[11 Dec 2019 23:25:24-Sit][memory] graph: 26.9MB
[11 Dec 2019 23:25:24-Sit][memory] total: 26.9MB of 62.6GB RAM
[11 Dec 2019 23:25:24-Sit] Writing 1 colour graph to human/bigsi/11/mccortex.SRR191527.ctx
[11 Dec 2019 23:25:24-Sit][hasht] Allocating table with 2,162,688 entries, using 16.6MB
[11 Dec 2019 23:25:24-Sit][hasht]  number of buckets: 65,536, bucket size: 33
[11 Dec 2019 23:25:24-Sit][graph] kmer-size: 11; colours: 1; capacity: 2,162,688
[11 Dec 2019 23:25:24-Sit][hasht] buckets: 65,536 [2^16]; bucket size: 33; 
[11 Dec 2019 23:25:24-Sit][hasht] memory: 16.6MB; filled: 0 / 2,162,688 (0.00%)
[11 Dec 2019 23:25:24-Sit][asyncio] Inputs: 1; Threads: 1
[11 Dec 2019 23:25:24-Sit][seq] Parsing sequence file human/kmer-counts-jellyfish/11/SRR191527.kmer.gz
[11 Dec 2019 23:25:24-Sit][seq] Loaded 54,486 reads and 0 reads pairs (file: human/kmer-counts-jellyfish/11/SRR191527.kmer.gz)
[11 Dec 2019 23:25:24-Sit][hasht] buckets: 65,536 [2^16]; bucket size: 33; 
[11 Dec 2019 23:25:24-Sit][hasht] memory: 16.6MB; filled: 54,486 / 2,162,688 (2.52%)
[11 Dec 2019 23:25:24-Sit][hasht]  collisions  0: 54486
[11 Dec 2019 23:25:24-Sit][task] input: human/kmer-counts-jellyfish/11/SRR191527.kmer.gz colour: 0
[11 Dec 2019 23:25:24-Sit]  SE reads: 54,486  PE reads: 0
[11 Dec 2019 23:25:24-Sit]  good reads: 54,486  bad reads: 0
[11 Dec 2019 23:25:24-Sit]  dup SE reads: 0  dup PE pairs: 0
[11 Dec 2019 23:25:24-Sit]  bases read: 599,346  bases loaded: 599,346
[11 Dec 2019 23:25:24-Sit]  num contigs: 54,486  num kmers: 54,486 novel kmers: 54,486
[11 Dec 2019 23:25:24-Sit] Dumping graph...
[11 Dec 2019 23:25:24-Sit][graphwriter] Saving file to: human/bigsi/11/mccortex.SRR191527.ctx
[11 Dec 2019 23:25:24-Sit][FileFilter] Writing graph  [1 src colour]
[11 Dec 2019 23:25:24-Sit][graphwriter] Dumped 54,486 kmers in 1 colour into: human/bigsi/11/mccortex.SRR191527.ctx (ver: 6)
[11 Dec 2019 23:25:24-Sit][memory] We made 19 allocs
[11 Dec 2019 23:25:24-Sit] Done.
[11 Dec 2019 23:25:24-Sit][time] 0.00 seconds
	Command being timed: "mccortex 11 build --nkmers 2100000 --threads 1 --kmer 11 --mem 5G --sample SRR191527 --seq human/kmer-counts-jellyfish/11/SRR191527.kmer.gz human/bigsi/11/mccortex.SRR191527.ctx"
	User time (seconds): 0.08
	System time (seconds): 0.03
	Percent of CPU this job got: 104%
	Elapsed (wall clock) time (h:mm:ss or m:ss): 0:00.11
	Average shared text size (kbytes): 0
	Average unshared data size (kbytes): 0
	Average stack size (kbytes): 0
	Average total size (kbytes): 0
	Maximum resident set size (kbytes): 34296
	Average resident set size (kbytes): 0
	Major (requiring I/O) page faults: 0
	Minor (reclaiming a frame) page faults: 10949
	Voluntary context switches: 3147
	Involuntary context switches: 5
	Swaps: 0
	File system inputs: 408
	File system outputs: 1392
	Socket messages sent: 0
	Socket messages received: 0
	Signals delivered: 0
	Page size (bytes): 4096
	Exit status: 0
