[11 Dec 2019 23:25:30-tut][cmd] /home/CSCScience.ca/apetkau/miniconda3/envs/bigsi_mccortex/bin/mccortex31 build --nkmers 2100000 --threads 1 --kmer 11 --mem 5G --sample SRR393767 --seq human/kmer-counts-jellyfish/11/SRR393767.kmer.gz human/bigsi/11/mccortex.SRR393767.ctx
[11 Dec 2019 23:25:30-tut][cwd] /home/CSCScience.ca/apetkau/workspace/comp7934-project
[11 Dec 2019 23:25:30-tut][version] mccortex=v0.0.3-610-g400c0e3 zlib=1.2.11 htslib=1.8-17-g699ed53 ASSERTS=ON hash=Lookup3 CHECKS=ON k=3..31
[11 Dec 2019 23:25:30-tut] Saving graph to: human/bigsi/11/mccortex.SRR393767.ctx
[11 Dec 2019 23:25:30-tut][sample] 0: SRR393767
[11 Dec 2019 23:25:30-tut][task] human/kmer-counts-jellyfish/11/SRR393767.kmer.gz; FASTQ offset: auto-detect, threshold: off; cut homopolymers: off; remove PCR duplicates: no; colour: 0
[11 Dec 2019 23:25:30-tut][memory] 104 bits per kmer
[11 Dec 2019 23:25:30-tut] Note: Using less memory than requested (26.9MB < 5GB); allows for 2,162,688 kmers
[11 Dec 2019 23:25:30-tut][memory] graph: 26.9MB
[11 Dec 2019 23:25:30-tut][memory] total: 26.9MB of 62.6GB RAM
[11 Dec 2019 23:25:30-tut] Writing 1 colour graph to human/bigsi/11/mccortex.SRR393767.ctx
[11 Dec 2019 23:25:30-tut][hasht] Allocating table with 2,162,688 entries, using 16.6MB
[11 Dec 2019 23:25:30-tut][hasht]  number of buckets: 65,536, bucket size: 33
[11 Dec 2019 23:25:30-tut][graph] kmer-size: 11; colours: 1; capacity: 2,162,688
[11 Dec 2019 23:25:30-tut][hasht] buckets: 65,536 [2^16]; bucket size: 33; 
[11 Dec 2019 23:25:30-tut][hasht] memory: 16.6MB; filled: 0 / 2,162,688 (0.00%)
[11 Dec 2019 23:25:30-tut][asyncio] Inputs: 1; Threads: 1
[11 Dec 2019 23:25:30-tut][seq] Parsing sequence file human/kmer-counts-jellyfish/11/SRR393767.kmer.gz
[11 Dec 2019 23:25:33-tut][seq] Loaded 1,535,364 reads and 0 reads pairs (file: human/kmer-counts-jellyfish/11/SRR393767.kmer.gz)
[11 Dec 2019 23:25:33-tut][hasht] buckets: 65,536 [2^16]; bucket size: 33; 
[11 Dec 2019 23:25:33-tut][hasht] memory: 16.6MB; filled: 1,535,364 / 2,162,688 (70.99%)
[11 Dec 2019 23:25:33-tut][hasht]  collisions  0: 1531121
[11 Dec 2019 23:25:33-tut][hasht]  collisions  1: 4173
[11 Dec 2019 23:25:33-tut][hasht]  collisions  2: 69
[11 Dec 2019 23:25:33-tut][hasht]  collisions  4: 1
[11 Dec 2019 23:25:33-tut][task] input: human/kmer-counts-jellyfish/11/SRR393767.kmer.gz colour: 0
[11 Dec 2019 23:25:33-tut]  SE reads: 1,535,364  PE reads: 0
[11 Dec 2019 23:25:33-tut]  good reads: 1,535,364  bad reads: 0
[11 Dec 2019 23:25:33-tut]  dup SE reads: 0  dup PE pairs: 0
[11 Dec 2019 23:25:33-tut]  bases read: 16,889,004  bases loaded: 16,889,004
[11 Dec 2019 23:25:33-tut]  num contigs: 1,535,364  num kmers: 1,535,364 novel kmers: 1,535,364
[11 Dec 2019 23:25:33-tut] Dumping graph...
[11 Dec 2019 23:25:33-tut][graphwriter] Saving file to: human/bigsi/11/mccortex.SRR393767.ctx
[11 Dec 2019 23:25:33-tut][FileFilter] Writing graph  [1 src colour]
[11 Dec 2019 23:25:33-tut][graphwriter] Dumped 1,535,364 kmers in 1 colour into: human/bigsi/11/mccortex.SRR393767.ctx (ver: 6)
[11 Dec 2019 23:25:33-tut][memory] We made 19 allocs
[11 Dec 2019 23:25:33-tut] Done.
[11 Dec 2019 23:25:33-tut][time] 3.00 seconds
	Command being timed: "mccortex 11 build --nkmers 2100000 --threads 1 --kmer 11 --mem 5G --sample SRR393767 --seq human/kmer-counts-jellyfish/11/SRR393767.kmer.gz human/bigsi/11/mccortex.SRR393767.ctx"
	User time (seconds): 4.16
	System time (seconds): 0.32
	Percent of CPU this job got: 178%
	Elapsed (wall clock) time (h:mm:ss or m:ss): 0:02.51
	Average shared text size (kbytes): 0
	Average unshared data size (kbytes): 0
	Average stack size (kbytes): 0
	Average total size (kbytes): 0
	Maximum resident set size (kbytes): 34480
	Average resident set size (kbytes): 0
	Major (requiring I/O) page faults: 0
	Minor (reclaiming a frame) page faults: 18739
	Voluntary context switches: 19609
	Involuntary context switches: 12393
	Swaps: 0
	File system inputs: 11368
	File system outputs: 39000
	Socket messages sent: 0
	Socket messages received: 0
	Signals delivered: 0
	Page size (bytes): 4096
	Exit status: 0
