[11 Dec 2019 23:25:03-mId][cmd] /home/CSCScience.ca/apetkau/miniconda3/envs/bigsi_mccortex/bin/mccortex31 build --nkmers 2100000 --threads 1 --kmer 11 --mem 5G --sample SRR1313120 --seq human/kmer-counts-jellyfish/11/SRR1313120.kmer.gz human/bigsi/11/mccortex.SRR1313120.ctx
[11 Dec 2019 23:25:03-mId][cwd] /home/CSCScience.ca/apetkau/workspace/comp7934-project
[11 Dec 2019 23:25:03-mId][version] mccortex=v0.0.3-610-g400c0e3 zlib=1.2.11 htslib=1.8-17-g699ed53 ASSERTS=ON hash=Lookup3 CHECKS=ON k=3..31
[11 Dec 2019 23:25:03-mId] Saving graph to: human/bigsi/11/mccortex.SRR1313120.ctx
[11 Dec 2019 23:25:03-mId][sample] 0: SRR1313120
[11 Dec 2019 23:25:03-mId][task] human/kmer-counts-jellyfish/11/SRR1313120.kmer.gz; FASTQ offset: auto-detect, threshold: off; cut homopolymers: off; remove PCR duplicates: no; colour: 0
[11 Dec 2019 23:25:03-mId][memory] 104 bits per kmer
[11 Dec 2019 23:25:03-mId] Note: Using less memory than requested (26.9MB < 5GB); allows for 2,162,688 kmers
[11 Dec 2019 23:25:03-mId][memory] graph: 26.9MB
[11 Dec 2019 23:25:03-mId][memory] total: 26.9MB of 62.6GB RAM
[11 Dec 2019 23:25:03-mId] Writing 1 colour graph to human/bigsi/11/mccortex.SRR1313120.ctx
[11 Dec 2019 23:25:03-mId][hasht] Allocating table with 2,162,688 entries, using 16.6MB
[11 Dec 2019 23:25:03-mId][hasht]  number of buckets: 65,536, bucket size: 33
[11 Dec 2019 23:25:03-mId][graph] kmer-size: 11; colours: 1; capacity: 2,162,688
[11 Dec 2019 23:25:03-mId][hasht] buckets: 65,536 [2^16]; bucket size: 33; 
[11 Dec 2019 23:25:03-mId][hasht] memory: 16.6MB; filled: 0 / 2,162,688 (0.00%)
[11 Dec 2019 23:25:03-mId][asyncio] Inputs: 1; Threads: 1
[11 Dec 2019 23:25:03-mId][seq] Parsing sequence file human/kmer-counts-jellyfish/11/SRR1313120.kmer.gz
[11 Dec 2019 23:25:04-mId][seq] Loaded 1,488,819 reads and 0 reads pairs (file: human/kmer-counts-jellyfish/11/SRR1313120.kmer.gz)
[11 Dec 2019 23:25:04-mId][hasht] buckets: 65,536 [2^16]; bucket size: 33; 
[11 Dec 2019 23:25:04-mId][hasht] memory: 16.6MB; filled: 1,488,819 / 2,162,688 (68.84%)
[11 Dec 2019 23:25:04-mId][hasht]  collisions  0: 1486129
[11 Dec 2019 23:25:04-mId][hasht]  collisions  1: 2649
[11 Dec 2019 23:25:04-mId][hasht]  collisions  2: 40
[11 Dec 2019 23:25:04-mId][hasht]  collisions  3: 1
[11 Dec 2019 23:25:04-mId][task] input: human/kmer-counts-jellyfish/11/SRR1313120.kmer.gz colour: 0
[11 Dec 2019 23:25:04-mId]  SE reads: 1,488,819  PE reads: 0
[11 Dec 2019 23:25:04-mId]  good reads: 1,488,819  bad reads: 0
[11 Dec 2019 23:25:04-mId]  dup SE reads: 0  dup PE pairs: 0
[11 Dec 2019 23:25:04-mId]  bases read: 16,377,009  bases loaded: 16,377,009
[11 Dec 2019 23:25:04-mId]  num contigs: 1,488,819  num kmers: 1,488,819 novel kmers: 1,488,819
[11 Dec 2019 23:25:04-mId] Dumping graph...
[11 Dec 2019 23:25:04-mId][graphwriter] Saving file to: human/bigsi/11/mccortex.SRR1313120.ctx
[11 Dec 2019 23:25:04-mId][FileFilter] Writing graph  [1 src colour]
[11 Dec 2019 23:25:04-mId][graphwriter] Dumped 1,488,819 kmers in 1 colour into: human/bigsi/11/mccortex.SRR1313120.ctx (ver: 6)
[11 Dec 2019 23:25:04-mId][memory] We made 19 allocs
[11 Dec 2019 23:25:04-mId] Done.
[11 Dec 2019 23:25:04-mId][time] 1.00 seconds
	Command being timed: "mccortex 11 build --nkmers 2100000 --threads 1 --kmer 11 --mem 5G --sample SRR1313120 --seq human/kmer-counts-jellyfish/11/SRR1313120.kmer.gz human/bigsi/11/mccortex.SRR1313120.ctx"
	User time (seconds): 1.73
	System time (seconds): 0.29
	Percent of CPU this job got: 170%
	Elapsed (wall clock) time (h:mm:ss or m:ss): 0:01.18
	Average shared text size (kbytes): 0
	Average unshared data size (kbytes): 0
	Average stack size (kbytes): 0
	Average total size (kbytes): 0
	Maximum resident set size (kbytes): 34484
	Average resident set size (kbytes): 0
	Major (requiring I/O) page faults: 0
	Minor (reclaiming a frame) page faults: 11046
	Voluntary context switches: 4407
	Involuntary context switches: 43
	Swaps: 0
	File system inputs: 11024
	File system outputs: 37816
	Socket messages sent: 0
	Socket messages received: 0
	Signals delivered: 0
	Page size (bytes): 4096
	Exit status: 0
