[11 Dec 2019 23:24:39-gOf][cmd] /home/CSCScience.ca/apetkau/miniconda3/envs/bigsi_mccortex/bin/mccortex31 build --nkmers 2100000 --threads 1 --kmer 11 --mem 5G --sample SRR1292581 --seq human/kmer-counts-jellyfish/11/SRR1292581.kmer.gz human/bigsi/11/mccortex.SRR1292581.ctx
[11 Dec 2019 23:24:39-gOf][cwd] /home/CSCScience.ca/apetkau/workspace/comp7934-project
[11 Dec 2019 23:24:39-gOf][version] mccortex=v0.0.3-610-g400c0e3 zlib=1.2.11 htslib=1.8-17-g699ed53 ASSERTS=ON hash=Lookup3 CHECKS=ON k=3..31
[11 Dec 2019 23:24:39-gOf] Saving graph to: human/bigsi/11/mccortex.SRR1292581.ctx
[11 Dec 2019 23:24:39-gOf][sample] 0: SRR1292581
[11 Dec 2019 23:24:39-gOf][task] human/kmer-counts-jellyfish/11/SRR1292581.kmer.gz; FASTQ offset: auto-detect, threshold: off; cut homopolymers: off; remove PCR duplicates: no; colour: 0
[11 Dec 2019 23:24:39-gOf][memory] 104 bits per kmer
[11 Dec 2019 23:24:39-gOf] Note: Using less memory than requested (26.9MB < 5GB); allows for 2,162,688 kmers
[11 Dec 2019 23:24:39-gOf][memory] graph: 26.9MB
[11 Dec 2019 23:24:39-gOf][memory] total: 26.9MB of 62.6GB RAM
[11 Dec 2019 23:24:39-gOf] Writing 1 colour graph to human/bigsi/11/mccortex.SRR1292581.ctx
[11 Dec 2019 23:24:39-gOf][hasht] Allocating table with 2,162,688 entries, using 16.6MB
[11 Dec 2019 23:24:39-gOf][hasht]  number of buckets: 65,536, bucket size: 33
[11 Dec 2019 23:24:39-gOf][graph] kmer-size: 11; colours: 1; capacity: 2,162,688
[11 Dec 2019 23:24:39-gOf][hasht] buckets: 65,536 [2^16]; bucket size: 33; 
[11 Dec 2019 23:24:39-gOf][hasht] memory: 16.6MB; filled: 0 / 2,162,688 (0.00%)
[11 Dec 2019 23:24:39-gOf][asyncio] Inputs: 1; Threads: 1
[11 Dec 2019 23:24:39-gOf][seq] Parsing sequence file human/kmer-counts-jellyfish/11/SRR1292581.kmer.gz
[11 Dec 2019 23:24:40-gOf][seq] Loaded 1,618,435 reads and 0 reads pairs (file: human/kmer-counts-jellyfish/11/SRR1292581.kmer.gz)
[11 Dec 2019 23:24:40-gOf][hasht] buckets: 65,536 [2^16]; bucket size: 33; 
[11 Dec 2019 23:24:40-gOf][hasht] memory: 16.6MB; filled: 1,618,435 / 2,162,688 (74.83%)
[11 Dec 2019 23:24:40-gOf][hasht]  collisions  0: 1609854
[11 Dec 2019 23:24:40-gOf][hasht]  collisions  1: 8276
[11 Dec 2019 23:24:40-gOf][hasht]  collisions  2: 287
[11 Dec 2019 23:24:40-gOf][hasht]  collisions  3: 18
[11 Dec 2019 23:24:40-gOf][task] input: human/kmer-counts-jellyfish/11/SRR1292581.kmer.gz colour: 0
[11 Dec 2019 23:24:40-gOf]  SE reads: 1,618,435  PE reads: 0
[11 Dec 2019 23:24:40-gOf]  good reads: 1,618,435  bad reads: 0
[11 Dec 2019 23:24:40-gOf]  dup SE reads: 0  dup PE pairs: 0
[11 Dec 2019 23:24:40-gOf]  bases read: 17,802,785  bases loaded: 17,802,785
[11 Dec 2019 23:24:40-gOf]  num contigs: 1,618,435  num kmers: 1,618,435 novel kmers: 1,618,435
[11 Dec 2019 23:24:40-gOf] Dumping graph...
[11 Dec 2019 23:24:40-gOf][graphwriter] Saving file to: human/bigsi/11/mccortex.SRR1292581.ctx
[11 Dec 2019 23:24:40-gOf][FileFilter] Writing graph  [1 src colour]
[11 Dec 2019 23:24:41-gOf][graphwriter] Dumped 1,618,435 kmers in 1 colour into: human/bigsi/11/mccortex.SRR1292581.ctx (ver: 6)
[11 Dec 2019 23:24:41-gOf][memory] We made 19 allocs
[11 Dec 2019 23:24:41-gOf] Done.
[11 Dec 2019 23:24:41-gOf][time] 2.00 seconds
	Command being timed: "mccortex 11 build --nkmers 2100000 --threads 1 --kmer 11 --mem 5G --sample SRR1292581 --seq human/kmer-counts-jellyfish/11/SRR1292581.kmer.gz human/bigsi/11/mccortex.SRR1292581.ctx"
	User time (seconds): 2.46
	System time (seconds): 0.32
	Percent of CPU this job got: 152%
	Elapsed (wall clock) time (h:mm:ss or m:ss): 0:01.82
	Average shared text size (kbytes): 0
	Average unshared data size (kbytes): 0
	Average stack size (kbytes): 0
	Average total size (kbytes): 0
	Maximum resident set size (kbytes): 34536
	Average resident set size (kbytes): 0
	Major (requiring I/O) page faults: 0
	Minor (reclaiming a frame) page faults: 18760
	Voluntary context switches: 8338
	Involuntary context switches: 6365
	Swaps: 0
	File system inputs: 11952
	File system outputs: 41104
	Socket messages sent: 0
	Socket messages received: 0
	Signals delivered: 0
	Page size (bytes): 4096
	Exit status: 0
