[11 Dec 2019 23:24:39-cIq][cmd] /home/CSCScience.ca/apetkau/miniconda3/envs/bigsi_mccortex/bin/mccortex31 build --nkmers 2100000 --threads 1 --kmer 11 --mem 5G --sample SRR038300 --seq human/kmer-counts-jellyfish/11/SRR038300.kmer.gz human/bigsi/11/mccortex.SRR038300.ctx
[11 Dec 2019 23:24:39-cIq][cwd] /home/CSCScience.ca/apetkau/workspace/comp7934-project
[11 Dec 2019 23:24:39-cIq][version] mccortex=v0.0.3-610-g400c0e3 zlib=1.2.11 htslib=1.8-17-g699ed53 ASSERTS=ON hash=Lookup3 CHECKS=ON k=3..31
[11 Dec 2019 23:24:39-cIq] Saving graph to: human/bigsi/11/mccortex.SRR038300.ctx
[11 Dec 2019 23:24:39-cIq][sample] 0: SRR038300
[11 Dec 2019 23:24:39-cIq][task] human/kmer-counts-jellyfish/11/SRR038300.kmer.gz; FASTQ offset: auto-detect, threshold: off; cut homopolymers: off; remove PCR duplicates: no; colour: 0
[11 Dec 2019 23:24:39-cIq][memory] 104 bits per kmer
[11 Dec 2019 23:24:39-cIq] Note: Using less memory than requested (26.9MB < 5GB); allows for 2,162,688 kmers
[11 Dec 2019 23:24:39-cIq][memory] graph: 26.9MB
[11 Dec 2019 23:24:39-cIq][memory] total: 26.9MB of 62.6GB RAM
[11 Dec 2019 23:24:39-cIq] Writing 1 colour graph to human/bigsi/11/mccortex.SRR038300.ctx
[11 Dec 2019 23:24:39-cIq][hasht] Allocating table with 2,162,688 entries, using 16.6MB
[11 Dec 2019 23:24:39-cIq][hasht]  number of buckets: 65,536, bucket size: 33
[11 Dec 2019 23:24:39-cIq][graph] kmer-size: 11; colours: 1; capacity: 2,162,688
[11 Dec 2019 23:24:39-cIq][hasht] buckets: 65,536 [2^16]; bucket size: 33; 
[11 Dec 2019 23:24:39-cIq][hasht] memory: 16.6MB; filled: 0 / 2,162,688 (0.00%)
[11 Dec 2019 23:24:39-cIq][asyncio] Inputs: 1; Threads: 1
[11 Dec 2019 23:24:39-cIq][seq] Parsing sequence file human/kmer-counts-jellyfish/11/SRR038300.kmer.gz
[11 Dec 2019 23:24:41-cIq][seq] Loaded 1,476,695 reads and 0 reads pairs (file: human/kmer-counts-jellyfish/11/SRR038300.kmer.gz)
[11 Dec 2019 23:24:41-cIq][hasht] buckets: 65,536 [2^16]; bucket size: 33; 
[11 Dec 2019 23:24:41-cIq][hasht] memory: 16.6MB; filled: 1,476,695 / 2,162,688 (68.28%)
[11 Dec 2019 23:24:41-cIq][hasht]  collisions  0: 1474114
[11 Dec 2019 23:24:41-cIq][hasht]  collisions  1: 2543
[11 Dec 2019 23:24:41-cIq][hasht]  collisions  2: 37
[11 Dec 2019 23:24:41-cIq][hasht]  collisions  3: 1
[11 Dec 2019 23:24:41-cIq][task] input: human/kmer-counts-jellyfish/11/SRR038300.kmer.gz colour: 0
[11 Dec 2019 23:24:41-cIq]  SE reads: 1,476,695  PE reads: 0
[11 Dec 2019 23:24:41-cIq]  good reads: 1,476,695  bad reads: 0
[11 Dec 2019 23:24:41-cIq]  dup SE reads: 0  dup PE pairs: 0
[11 Dec 2019 23:24:41-cIq]  bases read: 16,243,645  bases loaded: 16,243,645
[11 Dec 2019 23:24:41-cIq]  num contigs: 1,476,695  num kmers: 1,476,695 novel kmers: 1,476,695
[11 Dec 2019 23:24:41-cIq] Dumping graph...
[11 Dec 2019 23:24:41-cIq][graphwriter] Saving file to: human/bigsi/11/mccortex.SRR038300.ctx
[11 Dec 2019 23:24:41-cIq][FileFilter] Writing graph  [1 src colour]
[11 Dec 2019 23:24:41-cIq][graphwriter] Dumped 1,476,695 kmers in 1 colour into: human/bigsi/11/mccortex.SRR038300.ctx (ver: 6)
[11 Dec 2019 23:24:41-cIq][memory] We made 19 allocs
[11 Dec 2019 23:24:41-cIq] Done.
[11 Dec 2019 23:24:41-cIq][time] 2.00 seconds
	Command being timed: "mccortex 11 build --nkmers 2100000 --threads 1 --kmer 11 --mem 5G --sample SRR038300 --seq human/kmer-counts-jellyfish/11/SRR038300.kmer.gz human/bigsi/11/mccortex.SRR038300.ctx"
	User time (seconds): 2.72
	System time (seconds): 0.33
	Percent of CPU this job got: 149%
	Elapsed (wall clock) time (h:mm:ss or m:ss): 0:02.04
	Average shared text size (kbytes): 0
	Average unshared data size (kbytes): 0
	Average stack size (kbytes): 0
	Average total size (kbytes): 0
	Maximum resident set size (kbytes): 34644
	Average resident set size (kbytes): 0
	Major (requiring I/O) page faults: 0
	Minor (reclaiming a frame) page faults: 18759
	Voluntary context switches: 11295
	Involuntary context switches: 9031
	Swaps: 0
	File system inputs: 10936
	File system outputs: 37504
	Socket messages sent: 0
	Socket messages received: 0
	Signals delivered: 0
	Page size (bytes): 4096
	Exit status: 0
