[11 Dec 2019 23:25:28-Tex][cmd] /home/CSCScience.ca/apetkau/miniconda3/envs/bigsi_mccortex/bin/mccortex31 build --nkmers 2100000 --threads 1 --kmer 11 --mem 5G --sample SRR191675 --seq human/kmer-counts-jellyfish/11/SRR191675.kmer.gz human/bigsi/11/mccortex.SRR191675.ctx
[11 Dec 2019 23:25:28-Tex][cwd] /home/CSCScience.ca/apetkau/workspace/comp7934-project
[11 Dec 2019 23:25:28-Tex][version] mccortex=v0.0.3-610-g400c0e3 zlib=1.2.11 htslib=1.8-17-g699ed53 ASSERTS=ON hash=Lookup3 CHECKS=ON k=3..31
[11 Dec 2019 23:25:28-Tex] Saving graph to: human/bigsi/11/mccortex.SRR191675.ctx
[11 Dec 2019 23:25:28-Tex][sample] 0: SRR191675
[11 Dec 2019 23:25:28-Tex][task] human/kmer-counts-jellyfish/11/SRR191675.kmer.gz; FASTQ offset: auto-detect, threshold: off; cut homopolymers: off; remove PCR duplicates: no; colour: 0
[11 Dec 2019 23:25:28-Tex][memory] 104 bits per kmer
[11 Dec 2019 23:25:28-Tex] Note: Using less memory than requested (26.9MB < 5GB); allows for 2,162,688 kmers
[11 Dec 2019 23:25:28-Tex][memory] graph: 26.9MB
[11 Dec 2019 23:25:28-Tex][memory] total: 26.9MB of 62.6GB RAM
[11 Dec 2019 23:25:28-Tex] Writing 1 colour graph to human/bigsi/11/mccortex.SRR191675.ctx
[11 Dec 2019 23:25:28-Tex][hasht] Allocating table with 2,162,688 entries, using 16.6MB
[11 Dec 2019 23:25:28-Tex][hasht]  number of buckets: 65,536, bucket size: 33
[11 Dec 2019 23:25:28-Tex][graph] kmer-size: 11; colours: 1; capacity: 2,162,688
[11 Dec 2019 23:25:28-Tex][hasht] buckets: 65,536 [2^16]; bucket size: 33; 
[11 Dec 2019 23:25:28-Tex][hasht] memory: 16.6MB; filled: 0 / 2,162,688 (0.00%)
[11 Dec 2019 23:25:28-Tex][asyncio] Inputs: 1; Threads: 1
[11 Dec 2019 23:25:28-Tex][seq] Parsing sequence file human/kmer-counts-jellyfish/11/SRR191675.kmer.gz
[11 Dec 2019 23:25:28-Tex][seq] Loaded 782,616 reads and 0 reads pairs (file: human/kmer-counts-jellyfish/11/SRR191675.kmer.gz)
[11 Dec 2019 23:25:28-Tex][hasht] buckets: 65,536 [2^16]; bucket size: 33; 
[11 Dec 2019 23:25:28-Tex][hasht] memory: 16.6MB; filled: 782,616 / 2,162,688 (36.19%)
[11 Dec 2019 23:25:28-Tex][hasht]  collisions  0: 782616
[11 Dec 2019 23:25:28-Tex][task] input: human/kmer-counts-jellyfish/11/SRR191675.kmer.gz colour: 0
[11 Dec 2019 23:25:28-Tex]  SE reads: 782,616  PE reads: 0
[11 Dec 2019 23:25:28-Tex]  good reads: 782,616  bad reads: 0
[11 Dec 2019 23:25:28-Tex]  dup SE reads: 0  dup PE pairs: 0
[11 Dec 2019 23:25:28-Tex]  bases read: 8,608,776  bases loaded: 8,608,776
[11 Dec 2019 23:25:28-Tex]  num contigs: 782,616  num kmers: 782,616 novel kmers: 782,616
[11 Dec 2019 23:25:28-Tex] Dumping graph...
[11 Dec 2019 23:25:28-Tex][graphwriter] Saving file to: human/bigsi/11/mccortex.SRR191675.ctx
[11 Dec 2019 23:25:28-Tex][FileFilter] Writing graph  [1 src colour]
[11 Dec 2019 23:25:28-Tex][graphwriter] Dumped 782,616 kmers in 1 colour into: human/bigsi/11/mccortex.SRR191675.ctx (ver: 6)
[11 Dec 2019 23:25:28-Tex][memory] We made 19 allocs
[11 Dec 2019 23:25:28-Tex] Done.
[11 Dec 2019 23:25:28-Tex][time] 0.00 seconds
	Command being timed: "mccortex 11 build --nkmers 2100000 --threads 1 --kmer 11 --mem 5G --sample SRR191675 --seq human/kmer-counts-jellyfish/11/SRR191675.kmer.gz human/bigsi/11/mccortex.SRR191675.ctx"
	User time (seconds): 0.97
	System time (seconds): 0.16
	Percent of CPU this job got: 165%
	Elapsed (wall clock) time (h:mm:ss or m:ss): 0:00.69
	Average shared text size (kbytes): 0
	Average unshared data size (kbytes): 0
	Average stack size (kbytes): 0
	Average total size (kbytes): 0
	Maximum resident set size (kbytes): 34484
	Average resident set size (kbytes): 0
	Major (requiring I/O) page faults: 0
	Minor (reclaiming a frame) page faults: 11043
	Voluntary context switches: 3601
	Involuntary context switches: 9065
	Swaps: 0
	File system inputs: 5848
	File system outputs: 19880
	Socket messages sent: 0
	Socket messages received: 0
	Signals delivered: 0
	Page size (bytes): 4096
	Exit status: 0
