[11 Dec 2019 23:25:27-vOZ][cmd] /home/CSCScience.ca/apetkau/miniconda3/envs/bigsi_mccortex/bin/mccortex31 build --nkmers 2100000 --threads 1 --kmer 11 --mem 5G --sample SRR191621 --seq human/kmer-counts-jellyfish/11/SRR191621.kmer.gz human/bigsi/11/mccortex.SRR191621.ctx
[11 Dec 2019 23:25:27-vOZ][cwd] /home/CSCScience.ca/apetkau/workspace/comp7934-project
[11 Dec 2019 23:25:27-vOZ][version] mccortex=v0.0.3-610-g400c0e3 zlib=1.2.11 htslib=1.8-17-g699ed53 ASSERTS=ON hash=Lookup3 CHECKS=ON k=3..31
[11 Dec 2019 23:25:27-vOZ] Saving graph to: human/bigsi/11/mccortex.SRR191621.ctx
[11 Dec 2019 23:25:27-vOZ][sample] 0: SRR191621
[11 Dec 2019 23:25:27-vOZ][task] human/kmer-counts-jellyfish/11/SRR191621.kmer.gz; FASTQ offset: auto-detect, threshold: off; cut homopolymers: off; remove PCR duplicates: no; colour: 0
[11 Dec 2019 23:25:27-vOZ][memory] 104 bits per kmer
[11 Dec 2019 23:25:27-vOZ] Note: Using less memory than requested (26.9MB < 5GB); allows for 2,162,688 kmers
[11 Dec 2019 23:25:27-vOZ][memory] graph: 26.9MB
[11 Dec 2019 23:25:27-vOZ][memory] total: 26.9MB of 62.6GB RAM
[11 Dec 2019 23:25:27-vOZ] Writing 1 colour graph to human/bigsi/11/mccortex.SRR191621.ctx
[11 Dec 2019 23:25:27-vOZ][hasht] Allocating table with 2,162,688 entries, using 16.6MB
[11 Dec 2019 23:25:27-vOZ][hasht]  number of buckets: 65,536, bucket size: 33
[11 Dec 2019 23:25:27-vOZ][graph] kmer-size: 11; colours: 1; capacity: 2,162,688
[11 Dec 2019 23:25:27-vOZ][hasht] buckets: 65,536 [2^16]; bucket size: 33; 
[11 Dec 2019 23:25:27-vOZ][hasht] memory: 16.6MB; filled: 0 / 2,162,688 (0.00%)
[11 Dec 2019 23:25:27-vOZ][asyncio] Inputs: 1; Threads: 1
[11 Dec 2019 23:25:27-vOZ][seq] Parsing sequence file human/kmer-counts-jellyfish/11/SRR191621.kmer.gz
[11 Dec 2019 23:25:27-vOZ][seq] Loaded 138,956 reads and 0 reads pairs (file: human/kmer-counts-jellyfish/11/SRR191621.kmer.gz)
[11 Dec 2019 23:25:27-vOZ][hasht] buckets: 65,536 [2^16]; bucket size: 33; 
[11 Dec 2019 23:25:27-vOZ][hasht] memory: 16.6MB; filled: 138,956 / 2,162,688 (6.43%)
[11 Dec 2019 23:25:27-vOZ][hasht]  collisions  0: 138956
[11 Dec 2019 23:25:27-vOZ][task] input: human/kmer-counts-jellyfish/11/SRR191621.kmer.gz colour: 0
[11 Dec 2019 23:25:27-vOZ]  SE reads: 138,956  PE reads: 0
[11 Dec 2019 23:25:27-vOZ]  good reads: 138,956  bad reads: 0
[11 Dec 2019 23:25:27-vOZ]  dup SE reads: 0  dup PE pairs: 0
[11 Dec 2019 23:25:27-vOZ]  bases read: 1,528,516  bases loaded: 1,528,516
[11 Dec 2019 23:25:27-vOZ]  num contigs: 138,956  num kmers: 138,956 novel kmers: 138,956
[11 Dec 2019 23:25:27-vOZ] Dumping graph...
[11 Dec 2019 23:25:27-vOZ][graphwriter] Saving file to: human/bigsi/11/mccortex.SRR191621.ctx
[11 Dec 2019 23:25:27-vOZ][FileFilter] Writing graph  [1 src colour]
[11 Dec 2019 23:25:27-vOZ][graphwriter] Dumped 138,956 kmers in 1 colour into: human/bigsi/11/mccortex.SRR191621.ctx (ver: 6)
[11 Dec 2019 23:25:27-vOZ][memory] We made 19 allocs
[11 Dec 2019 23:25:27-vOZ] Done.
[11 Dec 2019 23:25:27-vOZ][time] 0.00 seconds
	Command being timed: "mccortex 11 build --nkmers 2100000 --threads 1 --kmer 11 --mem 5G --sample SRR191621 --seq human/kmer-counts-jellyfish/11/SRR191621.kmer.gz human/bigsi/11/mccortex.SRR191621.ctx"
	User time (seconds): 0.19
	System time (seconds): 0.05
	Percent of CPU this job got: 157%
	Elapsed (wall clock) time (h:mm:ss or m:ss): 0:00.16
	Average shared text size (kbytes): 0
	Average unshared data size (kbytes): 0
	Average stack size (kbytes): 0
	Average total size (kbytes): 0
	Maximum resident set size (kbytes): 34424
	Average resident set size (kbytes): 0
	Major (requiring I/O) page faults: 0
	Minor (reclaiming a frame) page faults: 11043
	Voluntary context switches: 3122
	Involuntary context switches: 6
	Swaps: 0
	File system inputs: 1040
	File system outputs: 3544
	Socket messages sent: 0
	Socket messages received: 0
	Signals delivered: 0
	Page size (bytes): 4096
	Exit status: 0
