[11 Dec 2019 23:25:24-POB][cmd] /home/CSCScience.ca/apetkau/miniconda3/envs/bigsi_mccortex/bin/mccortex31 build --nkmers 2100000 --threads 1 --kmer 11 --mem 5G --sample SRR191494 --seq human/kmer-counts-jellyfish/11/SRR191494.kmer.gz human/bigsi/11/mccortex.SRR191494.ctx
[11 Dec 2019 23:25:24-POB][cwd] /home/CSCScience.ca/apetkau/workspace/comp7934-project
[11 Dec 2019 23:25:24-POB][version] mccortex=v0.0.3-610-g400c0e3 zlib=1.2.11 htslib=1.8-17-g699ed53 ASSERTS=ON hash=Lookup3 CHECKS=ON k=3..31
[11 Dec 2019 23:25:24-POB] Saving graph to: human/bigsi/11/mccortex.SRR191494.ctx
[11 Dec 2019 23:25:24-POB][sample] 0: SRR191494
[11 Dec 2019 23:25:24-POB][task] human/kmer-counts-jellyfish/11/SRR191494.kmer.gz; FASTQ offset: auto-detect, threshold: off; cut homopolymers: off; remove PCR duplicates: no; colour: 0
[11 Dec 2019 23:25:24-POB][memory] 104 bits per kmer
[11 Dec 2019 23:25:24-POB] Note: Using less memory than requested (26.9MB < 5GB); allows for 2,162,688 kmers
[11 Dec 2019 23:25:24-POB][memory] graph: 26.9MB
[11 Dec 2019 23:25:24-POB][memory] total: 26.9MB of 62.6GB RAM
[11 Dec 2019 23:25:24-POB] Writing 1 colour graph to human/bigsi/11/mccortex.SRR191494.ctx
[11 Dec 2019 23:25:24-POB][hasht] Allocating table with 2,162,688 entries, using 16.6MB
[11 Dec 2019 23:25:24-POB][hasht]  number of buckets: 65,536, bucket size: 33
[11 Dec 2019 23:25:24-POB][graph] kmer-size: 11; colours: 1; capacity: 2,162,688
[11 Dec 2019 23:25:24-POB][hasht] buckets: 65,536 [2^16]; bucket size: 33; 
[11 Dec 2019 23:25:24-POB][hasht] memory: 16.6MB; filled: 0 / 2,162,688 (0.00%)
[11 Dec 2019 23:25:24-POB][asyncio] Inputs: 1; Threads: 1
[11 Dec 2019 23:25:24-POB][seq] Parsing sequence file human/kmer-counts-jellyfish/11/SRR191494.kmer.gz
[11 Dec 2019 23:25:24-POB][seq] Loaded 68,878 reads and 0 reads pairs (file: human/kmer-counts-jellyfish/11/SRR191494.kmer.gz)
[11 Dec 2019 23:25:24-POB][hasht] buckets: 65,536 [2^16]; bucket size: 33; 
[11 Dec 2019 23:25:24-POB][hasht] memory: 16.6MB; filled: 68,878 / 2,162,688 (3.18%)
[11 Dec 2019 23:25:24-POB][hasht]  collisions  0: 68878
[11 Dec 2019 23:25:24-POB][task] input: human/kmer-counts-jellyfish/11/SRR191494.kmer.gz colour: 0
[11 Dec 2019 23:25:24-POB]  SE reads: 68,878  PE reads: 0
[11 Dec 2019 23:25:24-POB]  good reads: 68,878  bad reads: 0
[11 Dec 2019 23:25:24-POB]  dup SE reads: 0  dup PE pairs: 0
[11 Dec 2019 23:25:24-POB]  bases read: 757,658  bases loaded: 757,658
[11 Dec 2019 23:25:24-POB]  num contigs: 68,878  num kmers: 68,878 novel kmers: 68,878
[11 Dec 2019 23:25:24-POB] Dumping graph...
[11 Dec 2019 23:25:24-POB][graphwriter] Saving file to: human/bigsi/11/mccortex.SRR191494.ctx
[11 Dec 2019 23:25:24-POB][FileFilter] Writing graph  [1 src colour]
[11 Dec 2019 23:25:24-POB][graphwriter] Dumped 68,878 kmers in 1 colour into: human/bigsi/11/mccortex.SRR191494.ctx (ver: 6)
[11 Dec 2019 23:25:24-POB][memory] We made 19 allocs
[11 Dec 2019 23:25:24-POB] Done.
[11 Dec 2019 23:25:24-POB][time] 0.00 seconds
	Command being timed: "mccortex 11 build --nkmers 2100000 --threads 1 --kmer 11 --mem 5G --sample SRR191494 --seq human/kmer-counts-jellyfish/11/SRR191494.kmer.gz human/bigsi/11/mccortex.SRR191494.ctx"
	User time (seconds): 0.10
	System time (seconds): 0.06
	Percent of CPU this job got: 149%
	Elapsed (wall clock) time (h:mm:ss or m:ss): 0:00.11
	Average shared text size (kbytes): 0
	Average unshared data size (kbytes): 0
	Average stack size (kbytes): 0
	Average total size (kbytes): 0
	Maximum resident set size (kbytes): 34216
	Average resident set size (kbytes): 0
	Major (requiring I/O) page faults: 0
	Minor (reclaiming a frame) page faults: 10978
	Voluntary context switches: 3157
	Involuntary context switches: 4
	Swaps: 0
	File system inputs: 512
	File system outputs: 1760
	Socket messages sent: 0
	Socket messages received: 0
	Signals delivered: 0
	Page size (bytes): 4096
	Exit status: 0
