[11 Dec 2019 23:25:31-bAp][cmd] /home/CSCScience.ca/apetkau/miniconda3/envs/bigsi_mccortex/bin/mccortex31 build --nkmers 2100000 --threads 1 --kmer 11 --mem 5G --sample SRR403006 --seq human/kmer-counts-jellyfish/11/SRR403006.kmer.gz human/bigsi/11/mccortex.SRR403006.ctx
[11 Dec 2019 23:25:31-bAp][cwd] /home/CSCScience.ca/apetkau/workspace/comp7934-project
[11 Dec 2019 23:25:31-bAp][version] mccortex=v0.0.3-610-g400c0e3 zlib=1.2.11 htslib=1.8-17-g699ed53 ASSERTS=ON hash=Lookup3 CHECKS=ON k=3..31
[11 Dec 2019 23:25:31-bAp] Saving graph to: human/bigsi/11/mccortex.SRR403006.ctx
[11 Dec 2019 23:25:31-bAp][sample] 0: SRR403006
[11 Dec 2019 23:25:31-bAp][task] human/kmer-counts-jellyfish/11/SRR403006.kmer.gz; FASTQ offset: auto-detect, threshold: off; cut homopolymers: off; remove PCR duplicates: no; colour: 0
[11 Dec 2019 23:25:31-bAp][memory] 104 bits per kmer
[11 Dec 2019 23:25:31-bAp] Note: Using less memory than requested (26.9MB < 5GB); allows for 2,162,688 kmers
[11 Dec 2019 23:25:31-bAp][memory] graph: 26.9MB
[11 Dec 2019 23:25:31-bAp][memory] total: 26.9MB of 62.6GB RAM
[11 Dec 2019 23:25:31-bAp] Writing 1 colour graph to human/bigsi/11/mccortex.SRR403006.ctx
[11 Dec 2019 23:25:31-bAp][hasht] Allocating table with 2,162,688 entries, using 16.6MB
[11 Dec 2019 23:25:31-bAp][hasht]  number of buckets: 65,536, bucket size: 33
[11 Dec 2019 23:25:31-bAp][graph] kmer-size: 11; colours: 1; capacity: 2,162,688
[11 Dec 2019 23:25:31-bAp][hasht] buckets: 65,536 [2^16]; bucket size: 33; 
[11 Dec 2019 23:25:31-bAp][hasht] memory: 16.6MB; filled: 0 / 2,162,688 (0.00%)
[11 Dec 2019 23:25:31-bAp][asyncio] Inputs: 1; Threads: 1
[11 Dec 2019 23:25:31-bAp][seq] Parsing sequence file human/kmer-counts-jellyfish/11/SRR403006.kmer.gz
[11 Dec 2019 23:25:32-bAp][seq] Loaded 1,468,998 reads and 0 reads pairs (file: human/kmer-counts-jellyfish/11/SRR403006.kmer.gz)
[11 Dec 2019 23:25:32-bAp][hasht] buckets: 65,536 [2^16]; bucket size: 33; 
[11 Dec 2019 23:25:32-bAp][hasht] memory: 16.6MB; filled: 1,468,998 / 2,162,688 (67.92%)
[11 Dec 2019 23:25:32-bAp][hasht]  collisions  0: 1467004
[11 Dec 2019 23:25:32-bAp][hasht]  collisions  1: 1976
[11 Dec 2019 23:25:32-bAp][hasht]  collisions  2: 18
[11 Dec 2019 23:25:32-bAp][task] input: human/kmer-counts-jellyfish/11/SRR403006.kmer.gz colour: 0
[11 Dec 2019 23:25:32-bAp]  SE reads: 1,468,998  PE reads: 0
[11 Dec 2019 23:25:32-bAp]  good reads: 1,468,998  bad reads: 0
[11 Dec 2019 23:25:32-bAp]  dup SE reads: 0  dup PE pairs: 0
[11 Dec 2019 23:25:32-bAp]  bases read: 16,158,978  bases loaded: 16,158,978
[11 Dec 2019 23:25:32-bAp]  num contigs: 1,468,998  num kmers: 1,468,998 novel kmers: 1,468,998
[11 Dec 2019 23:25:32-bAp] Dumping graph...
[11 Dec 2019 23:25:32-bAp][graphwriter] Saving file to: human/bigsi/11/mccortex.SRR403006.ctx
[11 Dec 2019 23:25:32-bAp][FileFilter] Writing graph  [1 src colour]
[11 Dec 2019 23:25:32-bAp][graphwriter] Dumped 1,468,998 kmers in 1 colour into: human/bigsi/11/mccortex.SRR403006.ctx (ver: 6)
[11 Dec 2019 23:25:32-bAp][memory] We made 19 allocs
[11 Dec 2019 23:25:32-bAp] Done.
[11 Dec 2019 23:25:32-bAp][time] 1.00 seconds
	Command being timed: "mccortex 11 build --nkmers 2100000 --threads 1 --kmer 11 --mem 5G --sample SRR403006 --seq human/kmer-counts-jellyfish/11/SRR403006.kmer.gz human/bigsi/11/mccortex.SRR403006.ctx"
	User time (seconds): 1.88
	System time (seconds): 0.26
	Percent of CPU this job got: 179%
	Elapsed (wall clock) time (h:mm:ss or m:ss): 0:01.19
	Average shared text size (kbytes): 0
	Average unshared data size (kbytes): 0
	Average stack size (kbytes): 0
	Average total size (kbytes): 0
	Maximum resident set size (kbytes): 34452
	Average resident set size (kbytes): 0
	Major (requiring I/O) page faults: 0
	Minor (reclaiming a frame) page faults: 18549
	Voluntary context switches: 6813
	Involuntary context switches: 50
	Swaps: 0
	File system inputs: 10872
	File system outputs: 37312
	Socket messages sent: 0
	Socket messages received: 0
	Signals delivered: 0
	Page size (bytes): 4096
	Exit status: 0
