[11 Dec 2019 23:25:33-juP][cmd] /home/CSCScience.ca/apetkau/miniconda3/envs/bigsi_mccortex/bin/mccortex31 build --nkmers 2100000 --threads 1 --kmer 11 --mem 5G --sample SRR518951 --seq human/kmer-counts-jellyfish/11/SRR518951.kmer.gz human/bigsi/11/mccortex.SRR518951.ctx
[11 Dec 2019 23:25:33-juP][cwd] /home/CSCScience.ca/apetkau/workspace/comp7934-project
[11 Dec 2019 23:25:33-juP][version] mccortex=v0.0.3-610-g400c0e3 zlib=1.2.11 htslib=1.8-17-g699ed53 ASSERTS=ON hash=Lookup3 CHECKS=ON k=3..31
[11 Dec 2019 23:25:33-juP] Saving graph to: human/bigsi/11/mccortex.SRR518951.ctx
[11 Dec 2019 23:25:33-juP][sample] 0: SRR518951
[11 Dec 2019 23:25:33-juP][task] human/kmer-counts-jellyfish/11/SRR518951.kmer.gz; FASTQ offset: auto-detect, threshold: off; cut homopolymers: off; remove PCR duplicates: no; colour: 0
[11 Dec 2019 23:25:33-juP][memory] 104 bits per kmer
[11 Dec 2019 23:25:33-juP] Note: Using less memory than requested (26.9MB < 5GB); allows for 2,162,688 kmers
[11 Dec 2019 23:25:33-juP][memory] graph: 26.9MB
[11 Dec 2019 23:25:33-juP][memory] total: 26.9MB of 62.6GB RAM
[11 Dec 2019 23:25:33-juP] Writing 1 colour graph to human/bigsi/11/mccortex.SRR518951.ctx
[11 Dec 2019 23:25:33-juP][hasht] Allocating table with 2,162,688 entries, using 16.6MB
[11 Dec 2019 23:25:33-juP][hasht]  number of buckets: 65,536, bucket size: 33
[11 Dec 2019 23:25:33-juP][graph] kmer-size: 11; colours: 1; capacity: 2,162,688
[11 Dec 2019 23:25:33-juP][hasht] buckets: 65,536 [2^16]; bucket size: 33; 
[11 Dec 2019 23:25:33-juP][hasht] memory: 16.6MB; filled: 0 / 2,162,688 (0.00%)
[11 Dec 2019 23:25:33-juP][asyncio] Inputs: 1; Threads: 1
[11 Dec 2019 23:25:33-juP][seq] Parsing sequence file human/kmer-counts-jellyfish/11/SRR518951.kmer.gz
[11 Dec 2019 23:25:34-juP][seq] Loaded 245,500 reads and 0 reads pairs (file: human/kmer-counts-jellyfish/11/SRR518951.kmer.gz)
[11 Dec 2019 23:25:34-juP][hasht] buckets: 65,536 [2^16]; bucket size: 33; 
[11 Dec 2019 23:25:34-juP][hasht] memory: 16.6MB; filled: 245,500 / 2,162,688 (11.35%)
[11 Dec 2019 23:25:34-juP][hasht]  collisions  0: 245500
[11 Dec 2019 23:25:34-juP][task] input: human/kmer-counts-jellyfish/11/SRR518951.kmer.gz colour: 0
[11 Dec 2019 23:25:34-juP]  SE reads: 245,500  PE reads: 0
[11 Dec 2019 23:25:34-juP]  good reads: 245,500  bad reads: 0
[11 Dec 2019 23:25:34-juP]  dup SE reads: 0  dup PE pairs: 0
[11 Dec 2019 23:25:34-juP]  bases read: 2,700,500  bases loaded: 2,700,500
[11 Dec 2019 23:25:34-juP]  num contigs: 245,500  num kmers: 245,500 novel kmers: 245,500
[11 Dec 2019 23:25:34-juP] Dumping graph...
[11 Dec 2019 23:25:34-juP][graphwriter] Saving file to: human/bigsi/11/mccortex.SRR518951.ctx
[11 Dec 2019 23:25:34-juP][FileFilter] Writing graph  [1 src colour]
[11 Dec 2019 23:25:34-juP][graphwriter] Dumped 245,500 kmers in 1 colour into: human/bigsi/11/mccortex.SRR518951.ctx (ver: 6)
[11 Dec 2019 23:25:34-juP][memory] We made 19 allocs
[11 Dec 2019 23:25:34-juP] Done.
[11 Dec 2019 23:25:34-juP][time] 1.00 seconds
	Command being timed: "mccortex 11 build --nkmers 2100000 --threads 1 --kmer 11 --mem 5G --sample SRR518951 --seq human/kmer-counts-jellyfish/11/SRR518951.kmer.gz human/bigsi/11/mccortex.SRR518951.ctx"
	User time (seconds): 0.34
	System time (seconds): 0.06
	Percent of CPU this job got: 165%
	Elapsed (wall clock) time (h:mm:ss or m:ss): 0:00.25
	Average shared text size (kbytes): 0
	Average unshared data size (kbytes): 0
	Average stack size (kbytes): 0
	Average total size (kbytes): 0
	Maximum resident set size (kbytes): 34472
	Average resident set size (kbytes): 0
	Major (requiring I/O) page faults: 0
	Minor (reclaiming a frame) page faults: 11035
	Voluntary context switches: 3249
	Involuntary context switches: 9
	Swaps: 0
	File system inputs: 1832
	File system outputs: 6248
	Socket messages sent: 0
	Socket messages received: 0
	Signals delivered: 0
	Page size (bytes): 4096
	Exit status: 0
