[11 Dec 2019 23:24:51-qip][cmd] /home/CSCScience.ca/apetkau/miniconda3/envs/bigsi_mccortex/bin/mccortex31 build --nkmers 2100000 --threads 1 --kmer 11 --mem 5G --sample SRR1313077 --seq human/kmer-counts-jellyfish/11/SRR1313077.kmer.gz human/bigsi/11/mccortex.SRR1313077.ctx
[11 Dec 2019 23:24:51-qip][cwd] /home/CSCScience.ca/apetkau/workspace/comp7934-project
[11 Dec 2019 23:24:51-qip][version] mccortex=v0.0.3-610-g400c0e3 zlib=1.2.11 htslib=1.8-17-g699ed53 ASSERTS=ON hash=Lookup3 CHECKS=ON k=3..31
[11 Dec 2019 23:24:51-qip] Saving graph to: human/bigsi/11/mccortex.SRR1313077.ctx
[11 Dec 2019 23:24:51-qip][sample] 0: SRR1313077
[11 Dec 2019 23:24:51-qip][task] human/kmer-counts-jellyfish/11/SRR1313077.kmer.gz; FASTQ offset: auto-detect, threshold: off; cut homopolymers: off; remove PCR duplicates: no; colour: 0
[11 Dec 2019 23:24:51-qip][memory] 104 bits per kmer
[11 Dec 2019 23:24:51-qip] Note: Using less memory than requested (26.9MB < 5GB); allows for 2,162,688 kmers
[11 Dec 2019 23:24:51-qip][memory] graph: 26.9MB
[11 Dec 2019 23:24:51-qip][memory] total: 26.9MB of 62.6GB RAM
[11 Dec 2019 23:24:51-qip] Writing 1 colour graph to human/bigsi/11/mccortex.SRR1313077.ctx
[11 Dec 2019 23:24:51-qip][hasht] Allocating table with 2,162,688 entries, using 16.6MB
[11 Dec 2019 23:24:51-qip][hasht]  number of buckets: 65,536, bucket size: 33
[11 Dec 2019 23:24:51-qip][graph] kmer-size: 11; colours: 1; capacity: 2,162,688
[11 Dec 2019 23:24:51-qip][hasht] buckets: 65,536 [2^16]; bucket size: 33; 
[11 Dec 2019 23:24:51-qip][hasht] memory: 16.6MB; filled: 0 / 2,162,688 (0.00%)
[11 Dec 2019 23:24:51-qip][asyncio] Inputs: 1; Threads: 1
[11 Dec 2019 23:24:51-qip][seq] Parsing sequence file human/kmer-counts-jellyfish/11/SRR1313077.kmer.gz
[11 Dec 2019 23:24:52-qip][seq] Loaded 1,513,778 reads and 0 reads pairs (file: human/kmer-counts-jellyfish/11/SRR1313077.kmer.gz)
[11 Dec 2019 23:24:52-qip][hasht] buckets: 65,536 [2^16]; bucket size: 33; 
[11 Dec 2019 23:24:52-qip][hasht] memory: 16.6MB; filled: 1,513,778 / 2,162,688 (70.00%)
[11 Dec 2019 23:24:52-qip][hasht]  collisions  0: 1510327
[11 Dec 2019 23:24:52-qip][hasht]  collisions  1: 3386
[11 Dec 2019 23:24:52-qip][hasht]  collisions  2: 64
[11 Dec 2019 23:24:52-qip][hasht]  collisions  3: 1
[11 Dec 2019 23:24:52-qip][task] input: human/kmer-counts-jellyfish/11/SRR1313077.kmer.gz colour: 0
[11 Dec 2019 23:24:52-qip]  SE reads: 1,513,778  PE reads: 0
[11 Dec 2019 23:24:52-qip]  good reads: 1,513,778  bad reads: 0
[11 Dec 2019 23:24:52-qip]  dup SE reads: 0  dup PE pairs: 0
[11 Dec 2019 23:24:52-qip]  bases read: 16,651,558  bases loaded: 16,651,558
[11 Dec 2019 23:24:52-qip]  num contigs: 1,513,778  num kmers: 1,513,778 novel kmers: 1,513,778
[11 Dec 2019 23:24:52-qip] Dumping graph...
[11 Dec 2019 23:24:52-qip][graphwriter] Saving file to: human/bigsi/11/mccortex.SRR1313077.ctx
[11 Dec 2019 23:24:52-qip][FileFilter] Writing graph  [1 src colour]
[11 Dec 2019 23:24:52-qip][graphwriter] Dumped 1,513,778 kmers in 1 colour into: human/bigsi/11/mccortex.SRR1313077.ctx (ver: 6)
[11 Dec 2019 23:24:52-qip][memory] We made 19 allocs
[11 Dec 2019 23:24:52-qip] Done.
[11 Dec 2019 23:24:52-qip][time] 1.00 seconds
	Command being timed: "mccortex 11 build --nkmers 2100000 --threads 1 --kmer 11 --mem 5G --sample SRR1313077 --seq human/kmer-counts-jellyfish/11/SRR1313077.kmer.gz human/bigsi/11/mccortex.SRR1313077.ctx"
	User time (seconds): 1.80
	System time (seconds): 0.21
	Percent of CPU this job got: 176%
	Elapsed (wall clock) time (h:mm:ss or m:ss): 0:01.14
	Average shared text size (kbytes): 0
	Average unshared data size (kbytes): 0
	Average stack size (kbytes): 0
	Average total size (kbytes): 0
	Maximum resident set size (kbytes): 34552
	Average resident set size (kbytes): 0
	Major (requiring I/O) page faults: 0
	Minor (reclaiming a frame) page faults: 11034
	Voluntary context switches: 3650
	Involuntary context switches: 1
	Swaps: 0
	File system inputs: 11192
	File system outputs: 38448
	Socket messages sent: 0
	Socket messages received: 0
	Signals delivered: 0
	Page size (bytes): 4096
	Exit status: 0
