[11 Dec 2019 23:25:29-TOp][cmd] /home/CSCScience.ca/apetkau/miniconda3/envs/bigsi_mccortex/bin/mccortex31 build --nkmers 2100000 --threads 1 --kmer 11 --mem 5G --sample SRR353653 --seq human/kmer-counts-jellyfish/11/SRR353653.kmer.gz human/bigsi/11/mccortex.SRR353653.ctx
[11 Dec 2019 23:25:29-TOp][cwd] /home/CSCScience.ca/apetkau/workspace/comp7934-project
[11 Dec 2019 23:25:29-TOp][version] mccortex=v0.0.3-610-g400c0e3 zlib=1.2.11 htslib=1.8-17-g699ed53 ASSERTS=ON hash=Lookup3 CHECKS=ON k=3..31
[11 Dec 2019 23:25:29-TOp] Saving graph to: human/bigsi/11/mccortex.SRR353653.ctx
[11 Dec 2019 23:25:29-TOp][sample] 0: SRR353653
[11 Dec 2019 23:25:29-TOp][task] human/kmer-counts-jellyfish/11/SRR353653.kmer.gz; FASTQ offset: auto-detect, threshold: off; cut homopolymers: off; remove PCR duplicates: no; colour: 0
[11 Dec 2019 23:25:29-TOp][memory] 104 bits per kmer
[11 Dec 2019 23:25:29-TOp] Note: Using less memory than requested (26.9MB < 5GB); allows for 2,162,688 kmers
[11 Dec 2019 23:25:29-TOp][memory] graph: 26.9MB
[11 Dec 2019 23:25:29-TOp][memory] total: 26.9MB of 62.6GB RAM
[11 Dec 2019 23:25:29-TOp] Writing 1 colour graph to human/bigsi/11/mccortex.SRR353653.ctx
[11 Dec 2019 23:25:29-TOp][hasht] Allocating table with 2,162,688 entries, using 16.6MB
[11 Dec 2019 23:25:29-TOp][hasht]  number of buckets: 65,536, bucket size: 33
[11 Dec 2019 23:25:29-TOp][graph] kmer-size: 11; colours: 1; capacity: 2,162,688
[11 Dec 2019 23:25:29-TOp][hasht] buckets: 65,536 [2^16]; bucket size: 33; 
[11 Dec 2019 23:25:29-TOp][hasht] memory: 16.6MB; filled: 0 / 2,162,688 (0.00%)
[11 Dec 2019 23:25:29-TOp][asyncio] Inputs: 1; Threads: 1
[11 Dec 2019 23:25:29-TOp][seq] Parsing sequence file human/kmer-counts-jellyfish/11/SRR353653.kmer.gz
[11 Dec 2019 23:25:30-TOp][seq] Loaded 1,333,017 reads and 0 reads pairs (file: human/kmer-counts-jellyfish/11/SRR353653.kmer.gz)
[11 Dec 2019 23:25:30-TOp][hasht] buckets: 65,536 [2^16]; bucket size: 33; 
[11 Dec 2019 23:25:30-TOp][hasht] memory: 16.6MB; filled: 1,333,017 / 2,162,688 (61.64%)
[11 Dec 2019 23:25:30-TOp][hasht]  collisions  0: 1332499
[11 Dec 2019 23:25:30-TOp][hasht]  collisions  1: 517
[11 Dec 2019 23:25:30-TOp][hasht]  collisions  2: 1
[11 Dec 2019 23:25:30-TOp][task] input: human/kmer-counts-jellyfish/11/SRR353653.kmer.gz colour: 0
[11 Dec 2019 23:25:30-TOp]  SE reads: 1,333,017  PE reads: 0
[11 Dec 2019 23:25:30-TOp]  good reads: 1,333,017  bad reads: 0
[11 Dec 2019 23:25:30-TOp]  dup SE reads: 0  dup PE pairs: 0
[11 Dec 2019 23:25:30-TOp]  bases read: 14,663,187  bases loaded: 14,663,187
[11 Dec 2019 23:25:30-TOp]  num contigs: 1,333,017  num kmers: 1,333,017 novel kmers: 1,333,017
[11 Dec 2019 23:25:30-TOp] Dumping graph...
[11 Dec 2019 23:25:30-TOp][graphwriter] Saving file to: human/bigsi/11/mccortex.SRR353653.ctx
[11 Dec 2019 23:25:30-TOp][FileFilter] Writing graph  [1 src colour]
[11 Dec 2019 23:25:30-TOp][graphwriter] Dumped 1,333,017 kmers in 1 colour into: human/bigsi/11/mccortex.SRR353653.ctx (ver: 6)
[11 Dec 2019 23:25:30-TOp][memory] We made 19 allocs
[11 Dec 2019 23:25:30-TOp] Done.
[11 Dec 2019 23:25:30-TOp][time] 1.00 seconds
	Command being timed: "mccortex 11 build --nkmers 2100000 --threads 1 --kmer 11 --mem 5G --sample SRR353653 --seq human/kmer-counts-jellyfish/11/SRR353653.kmer.gz human/bigsi/11/mccortex.SRR353653.ctx"
	User time (seconds): 1.79
	System time (seconds): 0.27
	Percent of CPU this job got: 157%
	Elapsed (wall clock) time (h:mm:ss or m:ss): 0:01.31
	Average shared text size (kbytes): 0
	Average unshared data size (kbytes): 0
	Average stack size (kbytes): 0
	Average total size (kbytes): 0
	Maximum resident set size (kbytes): 34560
	Average resident set size (kbytes): 0
	Major (requiring I/O) page faults: 0
	Minor (reclaiming a frame) page faults: 11035
	Voluntary context switches: 4341
	Involuntary context switches: 8603
	Swaps: 0
	File system inputs: 9888
	File system outputs: 33856
	Socket messages sent: 0
	Socket messages received: 0
	Signals delivered: 0
	Page size (bytes): 4096
	Exit status: 0
