[11 Dec 2019 23:24:39-Nov][cmd] /home/CSCScience.ca/apetkau/miniconda3/envs/bigsi_mccortex/bin/mccortex31 build --nkmers 2100000 --threads 1 --kmer 11 --mem 5G --sample SRR1047817 --seq human/kmer-counts-jellyfish/11/SRR1047817.kmer.gz human/bigsi/11/mccortex.SRR1047817.ctx
[11 Dec 2019 23:24:39-Nov][cwd] /home/CSCScience.ca/apetkau/workspace/comp7934-project
[11 Dec 2019 23:24:39-Nov][version] mccortex=v0.0.3-610-g400c0e3 zlib=1.2.11 htslib=1.8-17-g699ed53 ASSERTS=ON hash=Lookup3 CHECKS=ON k=3..31
[11 Dec 2019 23:24:39-Nov] Saving graph to: human/bigsi/11/mccortex.SRR1047817.ctx
[11 Dec 2019 23:24:39-Nov][sample] 0: SRR1047817
[11 Dec 2019 23:24:39-Nov][task] human/kmer-counts-jellyfish/11/SRR1047817.kmer.gz; FASTQ offset: auto-detect, threshold: off; cut homopolymers: off; remove PCR duplicates: no; colour: 0
[11 Dec 2019 23:24:39-Nov][memory] 104 bits per kmer
[11 Dec 2019 23:24:39-Nov] Note: Using less memory than requested (26.9MB < 5GB); allows for 2,162,688 kmers
[11 Dec 2019 23:24:39-Nov][memory] graph: 26.9MB
[11 Dec 2019 23:24:39-Nov][memory] total: 26.9MB of 62.6GB RAM
[11 Dec 2019 23:24:39-Nov] Writing 1 colour graph to human/bigsi/11/mccortex.SRR1047817.ctx
[11 Dec 2019 23:24:39-Nov][hasht] Allocating table with 2,162,688 entries, using 16.6MB
[11 Dec 2019 23:24:39-Nov][hasht]  number of buckets: 65,536, bucket size: 33
[11 Dec 2019 23:24:39-Nov][graph] kmer-size: 11; colours: 1; capacity: 2,162,688
[11 Dec 2019 23:24:39-Nov][hasht] buckets: 65,536 [2^16]; bucket size: 33; 
[11 Dec 2019 23:24:39-Nov][hasht] memory: 16.6MB; filled: 0 / 2,162,688 (0.00%)
[11 Dec 2019 23:24:39-Nov][asyncio] Inputs: 1; Threads: 1
[11 Dec 2019 23:24:39-Nov][seq] Parsing sequence file human/kmer-counts-jellyfish/11/SRR1047817.kmer.gz
[11 Dec 2019 23:24:40-Nov][seq] Loaded 1,501,822 reads and 0 reads pairs (file: human/kmer-counts-jellyfish/11/SRR1047817.kmer.gz)
[11 Dec 2019 23:24:40-Nov][hasht] buckets: 65,536 [2^16]; bucket size: 33; 
[11 Dec 2019 23:24:40-Nov][hasht] memory: 16.6MB; filled: 1,501,822 / 2,162,688 (69.44%)
[11 Dec 2019 23:24:40-Nov][hasht]  collisions  0: 1498690
[11 Dec 2019 23:24:40-Nov][hasht]  collisions  1: 3088
[11 Dec 2019 23:24:40-Nov][hasht]  collisions  2: 42
[11 Dec 2019 23:24:40-Nov][hasht]  collisions  3: 2
[11 Dec 2019 23:24:40-Nov][task] input: human/kmer-counts-jellyfish/11/SRR1047817.kmer.gz colour: 0
[11 Dec 2019 23:24:40-Nov]  SE reads: 1,501,822  PE reads: 0
[11 Dec 2019 23:24:40-Nov]  good reads: 1,501,822  bad reads: 0
[11 Dec 2019 23:24:40-Nov]  dup SE reads: 0  dup PE pairs: 0
[11 Dec 2019 23:24:40-Nov]  bases read: 16,520,042  bases loaded: 16,520,042
[11 Dec 2019 23:24:40-Nov]  num contigs: 1,501,822  num kmers: 1,501,822 novel kmers: 1,501,822
[11 Dec 2019 23:24:40-Nov] Dumping graph...
[11 Dec 2019 23:24:40-Nov][graphwriter] Saving file to: human/bigsi/11/mccortex.SRR1047817.ctx
[11 Dec 2019 23:24:40-Nov][FileFilter] Writing graph  [1 src colour]
[11 Dec 2019 23:24:40-Nov][graphwriter] Dumped 1,501,822 kmers in 1 colour into: human/bigsi/11/mccortex.SRR1047817.ctx (ver: 6)
[11 Dec 2019 23:24:40-Nov][memory] We made 19 allocs
[11 Dec 2019 23:24:40-Nov] Done.
[11 Dec 2019 23:24:40-Nov][time] 1.00 seconds
	Command being timed: "mccortex 11 build --nkmers 2100000 --threads 1 --kmer 11 --mem 5G --sample SRR1047817 --seq human/kmer-counts-jellyfish/11/SRR1047817.kmer.gz human/bigsi/11/mccortex.SRR1047817.ctx"
	User time (seconds): 2.08
	System time (seconds): 0.43
	Percent of CPU this job got: 169%
	Elapsed (wall clock) time (h:mm:ss or m:ss): 0:01.48
	Average shared text size (kbytes): 0
	Average unshared data size (kbytes): 0
	Average stack size (kbytes): 0
	Average total size (kbytes): 0
	Maximum resident set size (kbytes): 34512
	Average resident set size (kbytes): 0
	Major (requiring I/O) page faults: 0
	Minor (reclaiming a frame) page faults: 18758
	Voluntary context switches: 8564
	Involuntary context switches: 4231
	Swaps: 0
	File system inputs: 11112
	File system outputs: 38144
	Socket messages sent: 0
	Socket messages received: 0
	Signals delivered: 0
	Page size (bytes): 4096
	Exit status: 0
