[11 Dec 2019 23:25:18-coC][cmd] /home/CSCScience.ca/apetkau/miniconda3/envs/bigsi_mccortex/bin/mccortex31 build --nkmers 2100000 --threads 1 --kmer 11 --mem 5G --sample SRR191429 --seq human/kmer-counts-jellyfish/11/SRR191429.kmer.gz human/bigsi/11/mccortex.SRR191429.ctx
[11 Dec 2019 23:25:18-coC][cwd] /home/CSCScience.ca/apetkau/workspace/comp7934-project
[11 Dec 2019 23:25:18-coC][version] mccortex=v0.0.3-610-g400c0e3 zlib=1.2.11 htslib=1.8-17-g699ed53 ASSERTS=ON hash=Lookup3 CHECKS=ON k=3..31
[11 Dec 2019 23:25:18-coC] Saving graph to: human/bigsi/11/mccortex.SRR191429.ctx
[11 Dec 2019 23:25:18-coC][sample] 0: SRR191429
[11 Dec 2019 23:25:18-coC][task] human/kmer-counts-jellyfish/11/SRR191429.kmer.gz; FASTQ offset: auto-detect, threshold: off; cut homopolymers: off; remove PCR duplicates: no; colour: 0
[11 Dec 2019 23:25:18-coC][memory] 104 bits per kmer
[11 Dec 2019 23:25:18-coC] Note: Using less memory than requested (26.9MB < 5GB); allows for 2,162,688 kmers
[11 Dec 2019 23:25:18-coC][memory] graph: 26.9MB
[11 Dec 2019 23:25:18-coC][memory] total: 26.9MB of 62.6GB RAM
[11 Dec 2019 23:25:18-coC] Writing 1 colour graph to human/bigsi/11/mccortex.SRR191429.ctx
[11 Dec 2019 23:25:18-coC][hasht] Allocating table with 2,162,688 entries, using 16.6MB
[11 Dec 2019 23:25:18-coC][hasht]  number of buckets: 65,536, bucket size: 33
[11 Dec 2019 23:25:18-coC][graph] kmer-size: 11; colours: 1; capacity: 2,162,688
[11 Dec 2019 23:25:18-coC][hasht] buckets: 65,536 [2^16]; bucket size: 33; 
[11 Dec 2019 23:25:18-coC][hasht] memory: 16.6MB; filled: 0 / 2,162,688 (0.00%)
[11 Dec 2019 23:25:18-coC][asyncio] Inputs: 1; Threads: 1
[11 Dec 2019 23:25:18-coC][seq] Parsing sequence file human/kmer-counts-jellyfish/11/SRR191429.kmer.gz
[11 Dec 2019 23:25:18-coC][seq] Loaded 117,354 reads and 0 reads pairs (file: human/kmer-counts-jellyfish/11/SRR191429.kmer.gz)
[11 Dec 2019 23:25:18-coC][hasht] buckets: 65,536 [2^16]; bucket size: 33; 
[11 Dec 2019 23:25:18-coC][hasht] memory: 16.6MB; filled: 117,354 / 2,162,688 (5.43%)
[11 Dec 2019 23:25:18-coC][hasht]  collisions  0: 117354
[11 Dec 2019 23:25:18-coC][task] input: human/kmer-counts-jellyfish/11/SRR191429.kmer.gz colour: 0
[11 Dec 2019 23:25:18-coC]  SE reads: 117,354  PE reads: 0
[11 Dec 2019 23:25:18-coC]  good reads: 117,354  bad reads: 0
[11 Dec 2019 23:25:18-coC]  dup SE reads: 0  dup PE pairs: 0
[11 Dec 2019 23:25:18-coC]  bases read: 1,290,894  bases loaded: 1,290,894
[11 Dec 2019 23:25:18-coC]  num contigs: 117,354  num kmers: 117,354 novel kmers: 117,354
[11 Dec 2019 23:25:18-coC] Dumping graph...
[11 Dec 2019 23:25:18-coC][graphwriter] Saving file to: human/bigsi/11/mccortex.SRR191429.ctx
[11 Dec 2019 23:25:18-coC][FileFilter] Writing graph  [1 src colour]
[11 Dec 2019 23:25:18-coC][graphwriter] Dumped 117,354 kmers in 1 colour into: human/bigsi/11/mccortex.SRR191429.ctx (ver: 6)
[11 Dec 2019 23:25:18-coC][memory] We made 19 allocs
[11 Dec 2019 23:25:18-coC] Done.
[11 Dec 2019 23:25:18-coC][time] 0.00 seconds
	Command being timed: "mccortex 11 build --nkmers 2100000 --threads 1 --kmer 11 --mem 5G --sample SRR191429 --seq human/kmer-counts-jellyfish/11/SRR191429.kmer.gz human/bigsi/11/mccortex.SRR191429.ctx"
	User time (seconds): 0.15
	System time (seconds): 0.08
	Percent of CPU this job got: 153%
	Elapsed (wall clock) time (h:mm:ss or m:ss): 0:00.15
	Average shared text size (kbytes): 0
	Average unshared data size (kbytes): 0
	Average stack size (kbytes): 0
	Average total size (kbytes): 0
	Maximum resident set size (kbytes): 34480
	Average resident set size (kbytes): 0
	Major (requiring I/O) page faults: 0
	Minor (reclaiming a frame) page faults: 11040
	Voluntary context switches: 3152
	Involuntary context switches: 5
	Swaps: 0
	File system inputs: 872
	File system outputs: 2992
	Socket messages sent: 0
	Socket messages received: 0
	Signals delivered: 0
	Page size (bytes): 4096
	Exit status: 0
