[11 Dec 2019 23:25:28-yes][cmd] /home/CSCScience.ca/apetkau/miniconda3/envs/bigsi_mccortex/bin/mccortex31 build --nkmers 2100000 --threads 1 --kmer 11 --mem 5G --sample SRR191693 --seq human/kmer-counts-jellyfish/11/SRR191693.kmer.gz human/bigsi/11/mccortex.SRR191693.ctx
[11 Dec 2019 23:25:28-yes][cwd] /home/CSCScience.ca/apetkau/workspace/comp7934-project
[11 Dec 2019 23:25:28-yes][version] mccortex=v0.0.3-610-g400c0e3 zlib=1.2.11 htslib=1.8-17-g699ed53 ASSERTS=ON hash=Lookup3 CHECKS=ON k=3..31
[11 Dec 2019 23:25:28-yes] Saving graph to: human/bigsi/11/mccortex.SRR191693.ctx
[11 Dec 2019 23:25:28-yes][sample] 0: SRR191693
[11 Dec 2019 23:25:28-yes][task] human/kmer-counts-jellyfish/11/SRR191693.kmer.gz; FASTQ offset: auto-detect, threshold: off; cut homopolymers: off; remove PCR duplicates: no; colour: 0
[11 Dec 2019 23:25:28-yes][memory] 104 bits per kmer
[11 Dec 2019 23:25:28-yes] Note: Using less memory than requested (26.9MB < 5GB); allows for 2,162,688 kmers
[11 Dec 2019 23:25:28-yes][memory] graph: 26.9MB
[11 Dec 2019 23:25:28-yes][memory] total: 26.9MB of 62.6GB RAM
[11 Dec 2019 23:25:28-yes] Writing 1 colour graph to human/bigsi/11/mccortex.SRR191693.ctx
[11 Dec 2019 23:25:28-yes][hasht] Allocating table with 2,162,688 entries, using 16.6MB
[11 Dec 2019 23:25:28-yes][hasht]  number of buckets: 65,536, bucket size: 33
[11 Dec 2019 23:25:28-yes][graph] kmer-size: 11; colours: 1; capacity: 2,162,688
[11 Dec 2019 23:25:28-yes][hasht] buckets: 65,536 [2^16]; bucket size: 33; 
[11 Dec 2019 23:25:28-yes][hasht] memory: 16.6MB; filled: 0 / 2,162,688 (0.00%)
[11 Dec 2019 23:25:28-yes][asyncio] Inputs: 1; Threads: 1
[11 Dec 2019 23:25:28-yes][seq] Parsing sequence file human/kmer-counts-jellyfish/11/SRR191693.kmer.gz
[11 Dec 2019 23:25:29-yes][seq] Loaded 900,007 reads and 0 reads pairs (file: human/kmer-counts-jellyfish/11/SRR191693.kmer.gz)
[11 Dec 2019 23:25:29-yes][hasht] buckets: 65,536 [2^16]; bucket size: 33; 
[11 Dec 2019 23:25:29-yes][hasht] memory: 16.6MB; filled: 900,007 / 2,162,688 (41.62%)
[11 Dec 2019 23:25:29-yes][hasht]  collisions  0: 900007
[11 Dec 2019 23:25:29-yes][task] input: human/kmer-counts-jellyfish/11/SRR191693.kmer.gz colour: 0
[11 Dec 2019 23:25:29-yes]  SE reads: 900,007  PE reads: 0
[11 Dec 2019 23:25:29-yes]  good reads: 900,007  bad reads: 0
[11 Dec 2019 23:25:29-yes]  dup SE reads: 0  dup PE pairs: 0
[11 Dec 2019 23:25:29-yes]  bases read: 9,900,077  bases loaded: 9,900,077
[11 Dec 2019 23:25:29-yes]  num contigs: 900,007  num kmers: 900,007 novel kmers: 900,007
[11 Dec 2019 23:25:29-yes] Dumping graph...
[11 Dec 2019 23:25:29-yes][graphwriter] Saving file to: human/bigsi/11/mccortex.SRR191693.ctx
[11 Dec 2019 23:25:29-yes][FileFilter] Writing graph  [1 src colour]
[11 Dec 2019 23:25:29-yes][graphwriter] Dumped 900,007 kmers in 1 colour into: human/bigsi/11/mccortex.SRR191693.ctx (ver: 6)
[11 Dec 2019 23:25:29-yes][memory] We made 19 allocs
[11 Dec 2019 23:25:29-yes] Done.
[11 Dec 2019 23:25:29-yes][time] 1.00 seconds
	Command being timed: "mccortex 11 build --nkmers 2100000 --threads 1 --kmer 11 --mem 5G --sample SRR191693 --seq human/kmer-counts-jellyfish/11/SRR191693.kmer.gz human/bigsi/11/mccortex.SRR191693.ctx"
	User time (seconds): 1.27
	System time (seconds): 0.26
	Percent of CPU this job got: 169%
	Elapsed (wall clock) time (h:mm:ss or m:ss): 0:00.91
	Average shared text size (kbytes): 0
	Average unshared data size (kbytes): 0
	Average stack size (kbytes): 0
	Average total size (kbytes): 0
	Maximum resident set size (kbytes): 34484
	Average resident set size (kbytes): 0
	Major (requiring I/O) page faults: 0
	Minor (reclaiming a frame) page faults: 11041
	Voluntary context switches: 13574
	Involuntary context switches: 9873
	Swaps: 0
	File system inputs: 6712
	File system outputs: 22864
	Socket messages sent: 0
	Socket messages received: 0
	Signals delivered: 0
	Page size (bytes): 4096
	Exit status: 0
