[11 Dec 2019 23:25:06-PUk][cmd] /home/CSCScience.ca/apetkau/miniconda3/envs/bigsi_mccortex/bin/mccortex31 build --nkmers 2100000 --threads 1 --kmer 11 --mem 5G --sample SRR1313228 --seq human/kmer-counts-jellyfish/11/SRR1313228.kmer.gz human/bigsi/11/mccortex.SRR1313228.ctx
[11 Dec 2019 23:25:06-PUk][cwd] /home/CSCScience.ca/apetkau/workspace/comp7934-project
[11 Dec 2019 23:25:06-PUk][version] mccortex=v0.0.3-610-g400c0e3 zlib=1.2.11 htslib=1.8-17-g699ed53 ASSERTS=ON hash=Lookup3 CHECKS=ON k=3..31
[11 Dec 2019 23:25:06-PUk] Saving graph to: human/bigsi/11/mccortex.SRR1313228.ctx
[11 Dec 2019 23:25:06-PUk][sample] 0: SRR1313228
[11 Dec 2019 23:25:06-PUk][task] human/kmer-counts-jellyfish/11/SRR1313228.kmer.gz; FASTQ offset: auto-detect, threshold: off; cut homopolymers: off; remove PCR duplicates: no; colour: 0
[11 Dec 2019 23:25:06-PUk][memory] 104 bits per kmer
[11 Dec 2019 23:25:06-PUk] Note: Using less memory than requested (26.9MB < 5GB); allows for 2,162,688 kmers
[11 Dec 2019 23:25:06-PUk][memory] graph: 26.9MB
[11 Dec 2019 23:25:06-PUk][memory] total: 26.9MB of 62.6GB RAM
[11 Dec 2019 23:25:06-PUk] Writing 1 colour graph to human/bigsi/11/mccortex.SRR1313228.ctx
[11 Dec 2019 23:25:06-PUk][hasht] Allocating table with 2,162,688 entries, using 16.6MB
[11 Dec 2019 23:25:06-PUk][hasht]  number of buckets: 65,536, bucket size: 33
[11 Dec 2019 23:25:06-PUk][graph] kmer-size: 11; colours: 1; capacity: 2,162,688
[11 Dec 2019 23:25:06-PUk][hasht] buckets: 65,536 [2^16]; bucket size: 33; 
[11 Dec 2019 23:25:06-PUk][hasht] memory: 16.6MB; filled: 0 / 2,162,688 (0.00%)
[11 Dec 2019 23:25:06-PUk][asyncio] Inputs: 1; Threads: 1
[11 Dec 2019 23:25:06-PUk][seq] Parsing sequence file human/kmer-counts-jellyfish/11/SRR1313228.kmer.gz
[11 Dec 2019 23:25:07-PUk][seq] Loaded 1,523,860 reads and 0 reads pairs (file: human/kmer-counts-jellyfish/11/SRR1313228.kmer.gz)
[11 Dec 2019 23:25:07-PUk][hasht] buckets: 65,536 [2^16]; bucket size: 33; 
[11 Dec 2019 23:25:07-PUk][hasht] memory: 16.6MB; filled: 1,523,860 / 2,162,688 (70.46%)
[11 Dec 2019 23:25:07-PUk][hasht]  collisions  0: 1520227
[11 Dec 2019 23:25:07-PUk][hasht]  collisions  1: 3557
[11 Dec 2019 23:25:07-PUk][hasht]  collisions  2: 72
[11 Dec 2019 23:25:07-PUk][hasht]  collisions  3: 4
[11 Dec 2019 23:25:07-PUk][task] input: human/kmer-counts-jellyfish/11/SRR1313228.kmer.gz colour: 0
[11 Dec 2019 23:25:07-PUk]  SE reads: 1,523,860  PE reads: 0
[11 Dec 2019 23:25:07-PUk]  good reads: 1,523,860  bad reads: 0
[11 Dec 2019 23:25:07-PUk]  dup SE reads: 0  dup PE pairs: 0
[11 Dec 2019 23:25:07-PUk]  bases read: 16,762,460  bases loaded: 16,762,460
[11 Dec 2019 23:25:07-PUk]  num contigs: 1,523,860  num kmers: 1,523,860 novel kmers: 1,523,860
[11 Dec 2019 23:25:07-PUk] Dumping graph...
[11 Dec 2019 23:25:07-PUk][graphwriter] Saving file to: human/bigsi/11/mccortex.SRR1313228.ctx
[11 Dec 2019 23:25:07-PUk][FileFilter] Writing graph  [1 src colour]
[11 Dec 2019 23:25:07-PUk][graphwriter] Dumped 1,523,860 kmers in 1 colour into: human/bigsi/11/mccortex.SRR1313228.ctx (ver: 6)
[11 Dec 2019 23:25:07-PUk][memory] We made 19 allocs
[11 Dec 2019 23:25:07-PUk] Done.
[11 Dec 2019 23:25:07-PUk][time] 1.00 seconds
	Command being timed: "mccortex 11 build --nkmers 2100000 --threads 1 --kmer 11 --mem 5G --sample SRR1313228 --seq human/kmer-counts-jellyfish/11/SRR1313228.kmer.gz human/bigsi/11/mccortex.SRR1313228.ctx"
	User time (seconds): 1.89
	System time (seconds): 0.27
	Percent of CPU this job got: 176%
	Elapsed (wall clock) time (h:mm:ss or m:ss): 0:01.22
	Average shared text size (kbytes): 0
	Average unshared data size (kbytes): 0
	Average stack size (kbytes): 0
	Average total size (kbytes): 0
	Maximum resident set size (kbytes): 34512
	Average resident set size (kbytes): 0
	Major (requiring I/O) page faults: 0
	Minor (reclaiming a frame) page faults: 18596
	Voluntary context switches: 5974
	Involuntary context switches: 50
	Swaps: 0
	File system inputs: 11280
	File system outputs: 38704
	Socket messages sent: 0
	Socket messages received: 0
	Signals delivered: 0
	Page size (bytes): 4096
	Exit status: 0
