[11 Dec 2019 23:24:39-gUR][cmd] /home/CSCScience.ca/apetkau/miniconda3/envs/bigsi_mccortex/bin/mccortex31 build --nkmers 2100000 --threads 1 --kmer 11 --mem 5G --sample SRR1193574 --seq human/kmer-counts-jellyfish/11/SRR1193574.kmer.gz human/bigsi/11/mccortex.SRR1193574.ctx
[11 Dec 2019 23:24:39-gUR][cwd] /home/CSCScience.ca/apetkau/workspace/comp7934-project
[11 Dec 2019 23:24:39-gUR][version] mccortex=v0.0.3-610-g400c0e3 zlib=1.2.11 htslib=1.8-17-g699ed53 ASSERTS=ON hash=Lookup3 CHECKS=ON k=3..31
[11 Dec 2019 23:24:39-gUR] Saving graph to: human/bigsi/11/mccortex.SRR1193574.ctx
[11 Dec 2019 23:24:39-gUR][sample] 0: SRR1193574
[11 Dec 2019 23:24:39-gUR][task] human/kmer-counts-jellyfish/11/SRR1193574.kmer.gz; FASTQ offset: auto-detect, threshold: off; cut homopolymers: off; remove PCR duplicates: no; colour: 0
[11 Dec 2019 23:24:39-gUR][memory] 104 bits per kmer
[11 Dec 2019 23:24:39-gUR] Note: Using less memory than requested (26.9MB < 5GB); allows for 2,162,688 kmers
[11 Dec 2019 23:24:39-gUR][memory] graph: 26.9MB
[11 Dec 2019 23:24:39-gUR][memory] total: 26.9MB of 62.6GB RAM
[11 Dec 2019 23:24:39-gUR] Writing 1 colour graph to human/bigsi/11/mccortex.SRR1193574.ctx
[11 Dec 2019 23:24:39-gUR][hasht] Allocating table with 2,162,688 entries, using 16.6MB
[11 Dec 2019 23:24:39-gUR][hasht]  number of buckets: 65,536, bucket size: 33
[11 Dec 2019 23:24:39-gUR][graph] kmer-size: 11; colours: 1; capacity: 2,162,688
[11 Dec 2019 23:24:39-gUR][hasht] buckets: 65,536 [2^16]; bucket size: 33; 
[11 Dec 2019 23:24:39-gUR][hasht] memory: 16.6MB; filled: 0 / 2,162,688 (0.00%)
[11 Dec 2019 23:24:39-gUR][asyncio] Inputs: 1; Threads: 1
[11 Dec 2019 23:24:39-gUR][seq] Parsing sequence file human/kmer-counts-jellyfish/11/SRR1193574.kmer.gz
[11 Dec 2019 23:24:40-gUR][seq] Loaded 1,438,890 reads and 0 reads pairs (file: human/kmer-counts-jellyfish/11/SRR1193574.kmer.gz)
[11 Dec 2019 23:24:40-gUR][hasht] buckets: 65,536 [2^16]; bucket size: 33; 
[11 Dec 2019 23:24:40-gUR][hasht] memory: 16.6MB; filled: 1,438,890 / 2,162,688 (66.53%)
[11 Dec 2019 23:24:40-gUR][hasht]  collisions  0: 1437209
[11 Dec 2019 23:24:40-gUR][hasht]  collisions  1: 1661
[11 Dec 2019 23:24:40-gUR][hasht]  collisions  2: 20
[11 Dec 2019 23:24:40-gUR][task] input: human/kmer-counts-jellyfish/11/SRR1193574.kmer.gz colour: 0
[11 Dec 2019 23:24:40-gUR]  SE reads: 1,438,890  PE reads: 0
[11 Dec 2019 23:24:40-gUR]  good reads: 1,438,890  bad reads: 0
[11 Dec 2019 23:24:40-gUR]  dup SE reads: 0  dup PE pairs: 0
[11 Dec 2019 23:24:40-gUR]  bases read: 15,827,790  bases loaded: 15,827,790
[11 Dec 2019 23:24:40-gUR]  num contigs: 1,438,890  num kmers: 1,438,890 novel kmers: 1,438,890
[11 Dec 2019 23:24:40-gUR] Dumping graph...
[11 Dec 2019 23:24:40-gUR][graphwriter] Saving file to: human/bigsi/11/mccortex.SRR1193574.ctx
[11 Dec 2019 23:24:40-gUR][FileFilter] Writing graph  [1 src colour]
[11 Dec 2019 23:24:40-gUR][graphwriter] Dumped 1,438,890 kmers in 1 colour into: human/bigsi/11/mccortex.SRR1193574.ctx (ver: 6)
[11 Dec 2019 23:24:40-gUR][memory] We made 19 allocs
[11 Dec 2019 23:24:40-gUR] Done.
[11 Dec 2019 23:24:40-gUR][time] 1.00 seconds
	Command being timed: "mccortex 11 build --nkmers 2100000 --threads 1 --kmer 11 --mem 5G --sample SRR1193574 --seq human/kmer-counts-jellyfish/11/SRR1193574.kmer.gz human/bigsi/11/mccortex.SRR1193574.ctx"
	User time (seconds): 2.15
	System time (seconds): 0.32
	Percent of CPU this job got: 165%
	Elapsed (wall clock) time (h:mm:ss or m:ss): 0:01.50
	Average shared text size (kbytes): 0
	Average unshared data size (kbytes): 0
	Average stack size (kbytes): 0
	Average total size (kbytes): 0
	Maximum resident set size (kbytes): 34500
	Average resident set size (kbytes): 0
	Major (requiring I/O) page faults: 0
	Minor (reclaiming a frame) page faults: 18753
	Voluntary context switches: 8217
	Involuntary context switches: 11047
	Swaps: 0
	File system inputs: 10656
	File system outputs: 36544
	Socket messages sent: 0
	Socket messages received: 0
	Signals delivered: 0
	Page size (bytes): 4096
	Exit status: 0
