[11 Dec 2019 23:25:30-MoL][cmd] /home/CSCScience.ca/apetkau/miniconda3/envs/bigsi_mccortex/bin/mccortex31 build --nkmers 2100000 --threads 1 --kmer 11 --mem 5G --sample SRR387778 --seq human/kmer-counts-jellyfish/11/SRR387778.kmer.gz human/bigsi/11/mccortex.SRR387778.ctx
[11 Dec 2019 23:25:30-MoL][cwd] /home/CSCScience.ca/apetkau/workspace/comp7934-project
[11 Dec 2019 23:25:30-MoL][version] mccortex=v0.0.3-610-g400c0e3 zlib=1.2.11 htslib=1.8-17-g699ed53 ASSERTS=ON hash=Lookup3 CHECKS=ON k=3..31
[11 Dec 2019 23:25:30-MoL] Saving graph to: human/bigsi/11/mccortex.SRR387778.ctx
[11 Dec 2019 23:25:30-MoL][sample] 0: SRR387778
[11 Dec 2019 23:25:30-MoL][task] human/kmer-counts-jellyfish/11/SRR387778.kmer.gz; FASTQ offset: auto-detect, threshold: off; cut homopolymers: off; remove PCR duplicates: no; colour: 0
[11 Dec 2019 23:25:30-MoL][memory] 104 bits per kmer
[11 Dec 2019 23:25:30-MoL] Note: Using less memory than requested (26.9MB < 5GB); allows for 2,162,688 kmers
[11 Dec 2019 23:25:30-MoL][memory] graph: 26.9MB
[11 Dec 2019 23:25:30-MoL][memory] total: 26.9MB of 62.6GB RAM
[11 Dec 2019 23:25:30-MoL] Writing 1 colour graph to human/bigsi/11/mccortex.SRR387778.ctx
[11 Dec 2019 23:25:30-MoL][hasht] Allocating table with 2,162,688 entries, using 16.6MB
[11 Dec 2019 23:25:30-MoL][hasht]  number of buckets: 65,536, bucket size: 33
[11 Dec 2019 23:25:30-MoL][graph] kmer-size: 11; colours: 1; capacity: 2,162,688
[11 Dec 2019 23:25:30-MoL][hasht] buckets: 65,536 [2^16]; bucket size: 33; 
[11 Dec 2019 23:25:30-MoL][hasht] memory: 16.6MB; filled: 0 / 2,162,688 (0.00%)
[11 Dec 2019 23:25:30-MoL][asyncio] Inputs: 1; Threads: 1
[11 Dec 2019 23:25:30-MoL][seq] Parsing sequence file human/kmer-counts-jellyfish/11/SRR387778.kmer.gz
[11 Dec 2019 23:25:32-MoL][seq] Loaded 1,422,656 reads and 0 reads pairs (file: human/kmer-counts-jellyfish/11/SRR387778.kmer.gz)
[11 Dec 2019 23:25:32-MoL][hasht] buckets: 65,536 [2^16]; bucket size: 33; 
[11 Dec 2019 23:25:32-MoL][hasht] memory: 16.6MB; filled: 1,422,656 / 2,162,688 (65.78%)
[11 Dec 2019 23:25:32-MoL][hasht]  collisions  0: 1421357
[11 Dec 2019 23:25:32-MoL][hasht]  collisions  1: 1288
[11 Dec 2019 23:25:32-MoL][hasht]  collisions  2: 11
[11 Dec 2019 23:25:32-MoL][task] input: human/kmer-counts-jellyfish/11/SRR387778.kmer.gz colour: 0
[11 Dec 2019 23:25:32-MoL]  SE reads: 1,422,656  PE reads: 0
[11 Dec 2019 23:25:32-MoL]  good reads: 1,422,656  bad reads: 0
[11 Dec 2019 23:25:32-MoL]  dup SE reads: 0  dup PE pairs: 0
[11 Dec 2019 23:25:32-MoL]  bases read: 15,649,216  bases loaded: 15,649,216
[11 Dec 2019 23:25:32-MoL]  num contigs: 1,422,656  num kmers: 1,422,656 novel kmers: 1,422,656
[11 Dec 2019 23:25:32-MoL] Dumping graph...
[11 Dec 2019 23:25:32-MoL][graphwriter] Saving file to: human/bigsi/11/mccortex.SRR387778.ctx
[11 Dec 2019 23:25:32-MoL][FileFilter] Writing graph  [1 src colour]
[11 Dec 2019 23:25:32-MoL][graphwriter] Dumped 1,422,656 kmers in 1 colour into: human/bigsi/11/mccortex.SRR387778.ctx (ver: 6)
[11 Dec 2019 23:25:32-MoL][memory] We made 19 allocs
[11 Dec 2019 23:25:32-MoL] Done.
[11 Dec 2019 23:25:32-MoL][time] 2.00 seconds
	Command being timed: "mccortex 11 build --nkmers 2100000 --threads 1 --kmer 11 --mem 5G --sample SRR387778 --seq human/kmer-counts-jellyfish/11/SRR387778.kmer.gz human/bigsi/11/mccortex.SRR387778.ctx"
	User time (seconds): 3.61
	System time (seconds): 0.29
	Percent of CPU this job got: 177%
	Elapsed (wall clock) time (h:mm:ss or m:ss): 0:02.20
	Average shared text size (kbytes): 0
	Average unshared data size (kbytes): 0
	Average stack size (kbytes): 0
	Average total size (kbytes): 0
	Maximum resident set size (kbytes): 34588
	Average resident set size (kbytes): 0
	Major (requiring I/O) page faults: 0
	Minor (reclaiming a frame) page faults: 18753
	Voluntary context switches: 12728
	Involuntary context switches: 6393
	Swaps: 0
	File system inputs: 10544
	File system outputs: 36136
	Socket messages sent: 0
	Socket messages received: 0
	Signals delivered: 0
	Page size (bytes): 4096
	Exit status: 0
