[11 Dec 2019 23:24:39-Rep][cmd] /home/CSCScience.ca/apetkau/miniconda3/envs/bigsi_mccortex/bin/mccortex31 build --nkmers 2100000 --threads 1 --kmer 11 --mem 5G --sample SRR1033463 --seq human/kmer-counts-jellyfish/11/SRR1033463.kmer.gz human/bigsi/11/mccortex.SRR1033463.ctx
[11 Dec 2019 23:24:39-Rep][cwd] /home/CSCScience.ca/apetkau/workspace/comp7934-project
[11 Dec 2019 23:24:39-Rep][version] mccortex=v0.0.3-610-g400c0e3 zlib=1.2.11 htslib=1.8-17-g699ed53 ASSERTS=ON hash=Lookup3 CHECKS=ON k=3..31
[11 Dec 2019 23:24:39-Rep] Saving graph to: human/bigsi/11/mccortex.SRR1033463.ctx
[11 Dec 2019 23:24:39-Rep][sample] 0: SRR1033463
[11 Dec 2019 23:24:39-Rep][task] human/kmer-counts-jellyfish/11/SRR1033463.kmer.gz; FASTQ offset: auto-detect, threshold: off; cut homopolymers: off; remove PCR duplicates: no; colour: 0
[11 Dec 2019 23:24:39-Rep][memory] 104 bits per kmer
[11 Dec 2019 23:24:39-Rep] Note: Using less memory than requested (26.9MB < 5GB); allows for 2,162,688 kmers
[11 Dec 2019 23:24:39-Rep][memory] graph: 26.9MB
[11 Dec 2019 23:24:39-Rep][memory] total: 26.9MB of 62.6GB RAM
[11 Dec 2019 23:24:39-Rep] Writing 1 colour graph to human/bigsi/11/mccortex.SRR1033463.ctx
[11 Dec 2019 23:24:39-Rep][hasht] Allocating table with 2,162,688 entries, using 16.6MB
[11 Dec 2019 23:24:39-Rep][hasht]  number of buckets: 65,536, bucket size: 33
[11 Dec 2019 23:24:39-Rep][graph] kmer-size: 11; colours: 1; capacity: 2,162,688
[11 Dec 2019 23:24:39-Rep][hasht] buckets: 65,536 [2^16]; bucket size: 33; 
[11 Dec 2019 23:24:39-Rep][hasht] memory: 16.6MB; filled: 0 / 2,162,688 (0.00%)
[11 Dec 2019 23:24:39-Rep][asyncio] Inputs: 1; Threads: 1
[11 Dec 2019 23:24:39-Rep][seq] Parsing sequence file human/kmer-counts-jellyfish/11/SRR1033463.kmer.gz
[11 Dec 2019 23:24:40-Rep][seq] Loaded 1,614,584 reads and 0 reads pairs (file: human/kmer-counts-jellyfish/11/SRR1033463.kmer.gz)
[11 Dec 2019 23:24:40-Rep][hasht] buckets: 65,536 [2^16]; bucket size: 33; 
[11 Dec 2019 23:24:40-Rep][hasht] memory: 16.6MB; filled: 1,614,584 / 2,162,688 (74.66%)
[11 Dec 2019 23:24:40-Rep][hasht]  collisions  0: 1606608
[11 Dec 2019 23:24:40-Rep][hasht]  collisions  1: 7721
[11 Dec 2019 23:24:40-Rep][hasht]  collisions  2: 244
[11 Dec 2019 23:24:40-Rep][hasht]  collisions  3: 11
[11 Dec 2019 23:24:40-Rep][task] input: human/kmer-counts-jellyfish/11/SRR1033463.kmer.gz colour: 0
[11 Dec 2019 23:24:40-Rep]  SE reads: 1,614,584  PE reads: 0
[11 Dec 2019 23:24:40-Rep]  good reads: 1,614,584  bad reads: 0
[11 Dec 2019 23:24:40-Rep]  dup SE reads: 0  dup PE pairs: 0
[11 Dec 2019 23:24:40-Rep]  bases read: 17,760,424  bases loaded: 17,760,424
[11 Dec 2019 23:24:40-Rep]  num contigs: 1,614,584  num kmers: 1,614,584 novel kmers: 1,614,584
[11 Dec 2019 23:24:40-Rep] Dumping graph...
[11 Dec 2019 23:24:40-Rep][graphwriter] Saving file to: human/bigsi/11/mccortex.SRR1033463.ctx
[11 Dec 2019 23:24:40-Rep][FileFilter] Writing graph  [1 src colour]
[11 Dec 2019 23:24:41-Rep][graphwriter] Dumped 1,614,584 kmers in 1 colour into: human/bigsi/11/mccortex.SRR1033463.ctx (ver: 6)
[11 Dec 2019 23:24:41-Rep][memory] We made 19 allocs
[11 Dec 2019 23:24:41-Rep] Done.
[11 Dec 2019 23:24:41-Rep][time] 2.00 seconds
	Command being timed: "mccortex 11 build --nkmers 2100000 --threads 1 --kmer 11 --mem 5G --sample SRR1033463 --seq human/kmer-counts-jellyfish/11/SRR1033463.kmer.gz human/bigsi/11/mccortex.SRR1033463.ctx"
	User time (seconds): 2.43
	System time (seconds): 0.43
	Percent of CPU this job got: 150%
	Elapsed (wall clock) time (h:mm:ss or m:ss): 0:01.90
	Average shared text size (kbytes): 0
	Average unshared data size (kbytes): 0
	Average stack size (kbytes): 0
	Average total size (kbytes): 0
	Maximum resident set size (kbytes): 34628
	Average resident set size (kbytes): 0
	Major (requiring I/O) page faults: 0
	Minor (reclaiming a frame) page faults: 18749
	Voluntary context switches: 10057
	Involuntary context switches: 11175
	Swaps: 0
	File system inputs: 11928
	File system outputs: 41008
	Socket messages sent: 0
	Socket messages received: 0
	Signals delivered: 0
	Page size (bytes): 4096
	Exit status: 0
