[11 Dec 2019 23:25:28-naR][cmd] /home/CSCScience.ca/apetkau/miniconda3/envs/bigsi_mccortex/bin/mccortex31 build --nkmers 2100000 --threads 1 --kmer 11 --mem 5G --sample SRR299111 --seq human/kmer-counts-jellyfish/11/SRR299111.kmer.gz human/bigsi/11/mccortex.SRR299111.ctx
[11 Dec 2019 23:25:28-naR][cwd] /home/CSCScience.ca/apetkau/workspace/comp7934-project
[11 Dec 2019 23:25:28-naR][version] mccortex=v0.0.3-610-g400c0e3 zlib=1.2.11 htslib=1.8-17-g699ed53 ASSERTS=ON hash=Lookup3 CHECKS=ON k=3..31
[11 Dec 2019 23:25:28-naR] Saving graph to: human/bigsi/11/mccortex.SRR299111.ctx
[11 Dec 2019 23:25:28-naR][sample] 0: SRR299111
[11 Dec 2019 23:25:28-naR][task] human/kmer-counts-jellyfish/11/SRR299111.kmer.gz; FASTQ offset: auto-detect, threshold: off; cut homopolymers: off; remove PCR duplicates: no; colour: 0
[11 Dec 2019 23:25:28-naR][memory] 104 bits per kmer
[11 Dec 2019 23:25:28-naR] Note: Using less memory than requested (26.9MB < 5GB); allows for 2,162,688 kmers
[11 Dec 2019 23:25:28-naR][memory] graph: 26.9MB
[11 Dec 2019 23:25:28-naR][memory] total: 26.9MB of 62.6GB RAM
[11 Dec 2019 23:25:28-naR] Writing 1 colour graph to human/bigsi/11/mccortex.SRR299111.ctx
[11 Dec 2019 23:25:28-naR][hasht] Allocating table with 2,162,688 entries, using 16.6MB
[11 Dec 2019 23:25:28-naR][hasht]  number of buckets: 65,536, bucket size: 33
[11 Dec 2019 23:25:28-naR][graph] kmer-size: 11; colours: 1; capacity: 2,162,688
[11 Dec 2019 23:25:28-naR][hasht] buckets: 65,536 [2^16]; bucket size: 33; 
[11 Dec 2019 23:25:28-naR][hasht] memory: 16.6MB; filled: 0 / 2,162,688 (0.00%)
[11 Dec 2019 23:25:28-naR][asyncio] Inputs: 1; Threads: 1
[11 Dec 2019 23:25:28-naR][seq] Parsing sequence file human/kmer-counts-jellyfish/11/SRR299111.kmer.gz
[11 Dec 2019 23:25:29-naR][seq] Loaded 807,357 reads and 0 reads pairs (file: human/kmer-counts-jellyfish/11/SRR299111.kmer.gz)
[11 Dec 2019 23:25:29-naR][hasht] buckets: 65,536 [2^16]; bucket size: 33; 
[11 Dec 2019 23:25:29-naR][hasht] memory: 16.6MB; filled: 807,357 / 2,162,688 (37.33%)
[11 Dec 2019 23:25:29-naR][hasht]  collisions  0: 807357
[11 Dec 2019 23:25:29-naR][task] input: human/kmer-counts-jellyfish/11/SRR299111.kmer.gz colour: 0
[11 Dec 2019 23:25:29-naR]  SE reads: 807,357  PE reads: 0
[11 Dec 2019 23:25:29-naR]  good reads: 807,357  bad reads: 0
[11 Dec 2019 23:25:29-naR]  dup SE reads: 0  dup PE pairs: 0
[11 Dec 2019 23:25:29-naR]  bases read: 8,880,927  bases loaded: 8,880,927
[11 Dec 2019 23:25:29-naR]  num contigs: 807,357  num kmers: 807,357 novel kmers: 807,357
[11 Dec 2019 23:25:29-naR] Dumping graph...
[11 Dec 2019 23:25:29-naR][graphwriter] Saving file to: human/bigsi/11/mccortex.SRR299111.ctx
[11 Dec 2019 23:25:29-naR][FileFilter] Writing graph  [1 src colour]
[11 Dec 2019 23:25:29-naR][graphwriter] Dumped 807,357 kmers in 1 colour into: human/bigsi/11/mccortex.SRR299111.ctx (ver: 6)
[11 Dec 2019 23:25:29-naR][memory] We made 19 allocs
[11 Dec 2019 23:25:29-naR] Done.
[11 Dec 2019 23:25:29-naR][time] 1.00 seconds
	Command being timed: "mccortex 11 build --nkmers 2100000 --threads 1 --kmer 11 --mem 5G --sample SRR299111 --seq human/kmer-counts-jellyfish/11/SRR299111.kmer.gz human/bigsi/11/mccortex.SRR299111.ctx"
	User time (seconds): 1.33
	System time (seconds): 0.22
	Percent of CPU this job got: 154%
	Elapsed (wall clock) time (h:mm:ss or m:ss): 0:01.01
	Average shared text size (kbytes): 0
	Average unshared data size (kbytes): 0
	Average stack size (kbytes): 0
	Average total size (kbytes): 0
	Maximum resident set size (kbytes): 34464
	Average resident set size (kbytes): 0
	Major (requiring I/O) page faults: 0
	Minor (reclaiming a frame) page faults: 11047
	Voluntary context switches: 19359
	Involuntary context switches: 25869
	Swaps: 0
	File system inputs: 6032
	File system outputs: 20512
	Socket messages sent: 0
	Socket messages received: 0
	Signals delivered: 0
	Page size (bytes): 4096
	Exit status: 0
