[11 Dec 2019 23:24:39-kUN][cmd] /home/CSCScience.ca/apetkau/miniconda3/envs/bigsi_mccortex/bin/mccortex31 build --nkmers 2100000 --threads 1 --kmer 11 --mem 5G --sample SRR1024141 --seq human/kmer-counts-jellyfish/11/SRR1024141.kmer.gz human/bigsi/11/mccortex.SRR1024141.ctx
[11 Dec 2019 23:24:39-kUN][cwd] /home/CSCScience.ca/apetkau/workspace/comp7934-project
[11 Dec 2019 23:24:39-kUN][version] mccortex=v0.0.3-610-g400c0e3 zlib=1.2.11 htslib=1.8-17-g699ed53 ASSERTS=ON hash=Lookup3 CHECKS=ON k=3..31
[11 Dec 2019 23:24:39-kUN] Saving graph to: human/bigsi/11/mccortex.SRR1024141.ctx
[11 Dec 2019 23:24:39-kUN][sample] 0: SRR1024141
[11 Dec 2019 23:24:39-kUN][task] human/kmer-counts-jellyfish/11/SRR1024141.kmer.gz; FASTQ offset: auto-detect, threshold: off; cut homopolymers: off; remove PCR duplicates: no; colour: 0
[11 Dec 2019 23:24:39-kUN][memory] 104 bits per kmer
[11 Dec 2019 23:24:39-kUN] Note: Using less memory than requested (26.9MB < 5GB); allows for 2,162,688 kmers
[11 Dec 2019 23:24:39-kUN][memory] graph: 26.9MB
[11 Dec 2019 23:24:39-kUN][memory] total: 26.9MB of 62.6GB RAM
[11 Dec 2019 23:24:39-kUN] Writing 1 colour graph to human/bigsi/11/mccortex.SRR1024141.ctx
[11 Dec 2019 23:24:39-kUN][hasht] Allocating table with 2,162,688 entries, using 16.6MB
[11 Dec 2019 23:24:39-kUN][hasht]  number of buckets: 65,536, bucket size: 33
[11 Dec 2019 23:24:39-kUN][graph] kmer-size: 11; colours: 1; capacity: 2,162,688
[11 Dec 2019 23:24:39-kUN][hasht] buckets: 65,536 [2^16]; bucket size: 33; 
[11 Dec 2019 23:24:39-kUN][hasht] memory: 16.6MB; filled: 0 / 2,162,688 (0.00%)
[11 Dec 2019 23:24:39-kUN][asyncio] Inputs: 1; Threads: 1
[11 Dec 2019 23:24:39-kUN][seq] Parsing sequence file human/kmer-counts-jellyfish/11/SRR1024141.kmer.gz
[11 Dec 2019 23:24:40-kUN][seq] Loaded 704,589 reads and 0 reads pairs (file: human/kmer-counts-jellyfish/11/SRR1024141.kmer.gz)
[11 Dec 2019 23:24:40-kUN][hasht] buckets: 65,536 [2^16]; bucket size: 33; 
[11 Dec 2019 23:24:40-kUN][hasht] memory: 16.6MB; filled: 704,589 / 2,162,688 (32.58%)
[11 Dec 2019 23:24:40-kUN][hasht]  collisions  0: 704589
[11 Dec 2019 23:24:40-kUN][task] input: human/kmer-counts-jellyfish/11/SRR1024141.kmer.gz colour: 0
[11 Dec 2019 23:24:40-kUN]  SE reads: 704,589  PE reads: 0
[11 Dec 2019 23:24:40-kUN]  good reads: 704,589  bad reads: 0
[11 Dec 2019 23:24:40-kUN]  dup SE reads: 0  dup PE pairs: 0
[11 Dec 2019 23:24:40-kUN]  bases read: 7,750,479  bases loaded: 7,750,479
[11 Dec 2019 23:24:40-kUN]  num contigs: 704,589  num kmers: 704,589 novel kmers: 704,589
[11 Dec 2019 23:24:40-kUN] Dumping graph...
[11 Dec 2019 23:24:40-kUN][graphwriter] Saving file to: human/bigsi/11/mccortex.SRR1024141.ctx
[11 Dec 2019 23:24:40-kUN][FileFilter] Writing graph  [1 src colour]
[11 Dec 2019 23:24:40-kUN][graphwriter] Dumped 704,589 kmers in 1 colour into: human/bigsi/11/mccortex.SRR1024141.ctx (ver: 6)
[11 Dec 2019 23:24:40-kUN][memory] We made 19 allocs
[11 Dec 2019 23:24:40-kUN] Done.
[11 Dec 2019 23:24:40-kUN][time] 1.00 seconds
	Command being timed: "mccortex 11 build --nkmers 2100000 --threads 1 --kmer 11 --mem 5G --sample SRR1024141 --seq human/kmer-counts-jellyfish/11/SRR1024141.kmer.gz human/bigsi/11/mccortex.SRR1024141.ctx"
	User time (seconds): 1.09
	System time (seconds): 0.12
	Percent of CPU this job got: 163%
	Elapsed (wall clock) time (h:mm:ss or m:ss): 0:00.74
	Average shared text size (kbytes): 0
	Average unshared data size (kbytes): 0
	Average stack size (kbytes): 0
	Average total size (kbytes): 0
	Maximum resident set size (kbytes): 34504
	Average resident set size (kbytes): 0
	Major (requiring I/O) page faults: 0
	Minor (reclaiming a frame) page faults: 11036
	Voluntary context switches: 3840
	Involuntary context switches: 2246
	Swaps: 0
	File system inputs: 5272
	File system outputs: 17904
	Socket messages sent: 0
	Socket messages received: 0
	Signals delivered: 0
	Page size (bytes): 4096
	Exit status: 0
