[11 Dec 2019 23:25:20-hOv][cmd] /home/CSCScience.ca/apetkau/miniconda3/envs/bigsi_mccortex/bin/mccortex31 build --nkmers 2100000 --threads 1 --kmer 11 --mem 5G --sample SRR191463 --seq human/kmer-counts-jellyfish/11/SRR191463.kmer.gz human/bigsi/11/mccortex.SRR191463.ctx
[11 Dec 2019 23:25:20-hOv][cwd] /home/CSCScience.ca/apetkau/workspace/comp7934-project
[11 Dec 2019 23:25:20-hOv][version] mccortex=v0.0.3-610-g400c0e3 zlib=1.2.11 htslib=1.8-17-g699ed53 ASSERTS=ON hash=Lookup3 CHECKS=ON k=3..31
[11 Dec 2019 23:25:20-hOv] Saving graph to: human/bigsi/11/mccortex.SRR191463.ctx
[11 Dec 2019 23:25:20-hOv][sample] 0: SRR191463
[11 Dec 2019 23:25:20-hOv][task] human/kmer-counts-jellyfish/11/SRR191463.kmer.gz; FASTQ offset: auto-detect, threshold: off; cut homopolymers: off; remove PCR duplicates: no; colour: 0
[11 Dec 2019 23:25:20-hOv][memory] 104 bits per kmer
[11 Dec 2019 23:25:20-hOv] Note: Using less memory than requested (26.9MB < 5GB); allows for 2,162,688 kmers
[11 Dec 2019 23:25:20-hOv][memory] graph: 26.9MB
[11 Dec 2019 23:25:20-hOv][memory] total: 26.9MB of 62.6GB RAM
[11 Dec 2019 23:25:20-hOv] Writing 1 colour graph to human/bigsi/11/mccortex.SRR191463.ctx
[11 Dec 2019 23:25:20-hOv][hasht] Allocating table with 2,162,688 entries, using 16.6MB
[11 Dec 2019 23:25:20-hOv][hasht]  number of buckets: 65,536, bucket size: 33
[11 Dec 2019 23:25:20-hOv][graph] kmer-size: 11; colours: 1; capacity: 2,162,688
[11 Dec 2019 23:25:20-hOv][hasht] buckets: 65,536 [2^16]; bucket size: 33; 
[11 Dec 2019 23:25:20-hOv][hasht] memory: 16.6MB; filled: 0 / 2,162,688 (0.00%)
[11 Dec 2019 23:25:20-hOv][asyncio] Inputs: 1; Threads: 1
[11 Dec 2019 23:25:20-hOv][seq] Parsing sequence file human/kmer-counts-jellyfish/11/SRR191463.kmer.gz
[11 Dec 2019 23:25:20-hOv][seq] Loaded 106,825 reads and 0 reads pairs (file: human/kmer-counts-jellyfish/11/SRR191463.kmer.gz)
[11 Dec 2019 23:25:20-hOv][hasht] buckets: 65,536 [2^16]; bucket size: 33; 
[11 Dec 2019 23:25:20-hOv][hasht] memory: 16.6MB; filled: 106,825 / 2,162,688 (4.94%)
[11 Dec 2019 23:25:20-hOv][hasht]  collisions  0: 106825
[11 Dec 2019 23:25:20-hOv][task] input: human/kmer-counts-jellyfish/11/SRR191463.kmer.gz colour: 0
[11 Dec 2019 23:25:20-hOv]  SE reads: 106,825  PE reads: 0
[11 Dec 2019 23:25:20-hOv]  good reads: 106,825  bad reads: 0
[11 Dec 2019 23:25:20-hOv]  dup SE reads: 0  dup PE pairs: 0
[11 Dec 2019 23:25:20-hOv]  bases read: 1,175,075  bases loaded: 1,175,075
[11 Dec 2019 23:25:20-hOv]  num contigs: 106,825  num kmers: 106,825 novel kmers: 106,825
[11 Dec 2019 23:25:20-hOv] Dumping graph...
[11 Dec 2019 23:25:20-hOv][graphwriter] Saving file to: human/bigsi/11/mccortex.SRR191463.ctx
[11 Dec 2019 23:25:20-hOv][FileFilter] Writing graph  [1 src colour]
[11 Dec 2019 23:25:20-hOv][graphwriter] Dumped 106,825 kmers in 1 colour into: human/bigsi/11/mccortex.SRR191463.ctx (ver: 6)
[11 Dec 2019 23:25:20-hOv][memory] We made 19 allocs
[11 Dec 2019 23:25:20-hOv] Done.
[11 Dec 2019 23:25:20-hOv][time] 0.00 seconds
	Command being timed: "mccortex 11 build --nkmers 2100000 --threads 1 --kmer 11 --mem 5G --sample SRR191463 --seq human/kmer-counts-jellyfish/11/SRR191463.kmer.gz human/bigsi/11/mccortex.SRR191463.ctx"
	User time (seconds): 0.14
	System time (seconds): 0.05
	Percent of CPU this job got: 153%
	Elapsed (wall clock) time (h:mm:ss or m:ss): 0:00.13
	Average shared text size (kbytes): 0
	Average unshared data size (kbytes): 0
	Average stack size (kbytes): 0
	Average total size (kbytes): 0
	Maximum resident set size (kbytes): 34468
	Average resident set size (kbytes): 0
	Major (requiring I/O) page faults: 0
	Minor (reclaiming a frame) page faults: 11036
	Voluntary context switches: 3189
	Involuntary context switches: 4
	Swaps: 0
	File system inputs: 800
	File system outputs: 2728
	Socket messages sent: 0
	Socket messages received: 0
	Signals delivered: 0
	Page size (bytes): 4096
	Exit status: 0
