[11 Dec 2019 23:24:39-wEV][cmd] /home/CSCScience.ca/apetkau/miniconda3/envs/bigsi_mccortex/bin/mccortex31 build --nkmers 2100000 --threads 1 --kmer 11 --mem 5G --sample SRR1012332 --seq human/kmer-counts-jellyfish/11/SRR1012332.kmer.gz human/bigsi/11/mccortex.SRR1012332.ctx
[11 Dec 2019 23:24:39-wEV][cwd] /home/CSCScience.ca/apetkau/workspace/comp7934-project
[11 Dec 2019 23:24:39-wEV][version] mccortex=v0.0.3-610-g400c0e3 zlib=1.2.11 htslib=1.8-17-g699ed53 ASSERTS=ON hash=Lookup3 CHECKS=ON k=3..31
[11 Dec 2019 23:24:39-wEV] Saving graph to: human/bigsi/11/mccortex.SRR1012332.ctx
[11 Dec 2019 23:24:39-wEV][sample] 0: SRR1012332
[11 Dec 2019 23:24:39-wEV][task] human/kmer-counts-jellyfish/11/SRR1012332.kmer.gz; FASTQ offset: auto-detect, threshold: off; cut homopolymers: off; remove PCR duplicates: no; colour: 0
[11 Dec 2019 23:24:39-wEV][memory] 104 bits per kmer
[11 Dec 2019 23:24:39-wEV] Note: Using less memory than requested (26.9MB < 5GB); allows for 2,162,688 kmers
[11 Dec 2019 23:24:39-wEV][memory] graph: 26.9MB
[11 Dec 2019 23:24:39-wEV][memory] total: 26.9MB of 62.6GB RAM
[11 Dec 2019 23:24:39-wEV] Writing 1 colour graph to human/bigsi/11/mccortex.SRR1012332.ctx
[11 Dec 2019 23:24:39-wEV][hasht] Allocating table with 2,162,688 entries, using 16.6MB
[11 Dec 2019 23:24:39-wEV][hasht]  number of buckets: 65,536, bucket size: 33
[11 Dec 2019 23:24:39-wEV][graph] kmer-size: 11; colours: 1; capacity: 2,162,688
[11 Dec 2019 23:24:39-wEV][hasht] buckets: 65,536 [2^16]; bucket size: 33; 
[11 Dec 2019 23:24:39-wEV][hasht] memory: 16.6MB; filled: 0 / 2,162,688 (0.00%)
[11 Dec 2019 23:24:39-wEV][asyncio] Inputs: 1; Threads: 1
[11 Dec 2019 23:24:39-wEV][seq] Parsing sequence file human/kmer-counts-jellyfish/11/SRR1012332.kmer.gz
[11 Dec 2019 23:24:39-wEV][seq] Loaded 170,838 reads and 0 reads pairs (file: human/kmer-counts-jellyfish/11/SRR1012332.kmer.gz)
[11 Dec 2019 23:24:39-wEV][hasht] buckets: 65,536 [2^16]; bucket size: 33; 
[11 Dec 2019 23:24:39-wEV][hasht] memory: 16.6MB; filled: 170,838 / 2,162,688 (7.90%)
[11 Dec 2019 23:24:39-wEV][hasht]  collisions  0: 170838
[11 Dec 2019 23:24:39-wEV][task] input: human/kmer-counts-jellyfish/11/SRR1012332.kmer.gz colour: 0
[11 Dec 2019 23:24:39-wEV]  SE reads: 170,838  PE reads: 0
[11 Dec 2019 23:24:39-wEV]  good reads: 170,838  bad reads: 0
[11 Dec 2019 23:24:39-wEV]  dup SE reads: 0  dup PE pairs: 0
[11 Dec 2019 23:24:39-wEV]  bases read: 1,879,218  bases loaded: 1,879,218
[11 Dec 2019 23:24:39-wEV]  num contigs: 170,838  num kmers: 170,838 novel kmers: 170,838
[11 Dec 2019 23:24:39-wEV] Dumping graph...
[11 Dec 2019 23:24:39-wEV][graphwriter] Saving file to: human/bigsi/11/mccortex.SRR1012332.ctx
[11 Dec 2019 23:24:39-wEV][FileFilter] Writing graph  [1 src colour]
[11 Dec 2019 23:24:39-wEV][graphwriter] Dumped 170,838 kmers in 1 colour into: human/bigsi/11/mccortex.SRR1012332.ctx (ver: 6)
[11 Dec 2019 23:24:39-wEV][memory] We made 19 allocs
[11 Dec 2019 23:24:39-wEV] Done.
[11 Dec 2019 23:24:39-wEV][time] 0.00 seconds
	Command being timed: "mccortex 11 build --nkmers 2100000 --threads 1 --kmer 11 --mem 5G --sample SRR1012332 --seq human/kmer-counts-jellyfish/11/SRR1012332.kmer.gz human/bigsi/11/mccortex.SRR1012332.ctx"
	User time (seconds): 0.59
	System time (seconds): 0.08
	Percent of CPU this job got: 175%
	Elapsed (wall clock) time (h:mm:ss or m:ss): 0:00.38
	Average shared text size (kbytes): 0
	Average unshared data size (kbytes): 0
	Average stack size (kbytes): 0
	Average total size (kbytes): 0
	Maximum resident set size (kbytes): 34452
	Average resident set size (kbytes): 0
	Major (requiring I/O) page faults: 0
	Minor (reclaiming a frame) page faults: 11046
	Voluntary context switches: 3122
	Involuntary context switches: 72
	Swaps: 0
	File system inputs: 1272
	File system outputs: 4352
	Socket messages sent: 0
	Socket messages received: 0
	Signals delivered: 0
	Page size (bytes): 4096
	Exit status: 0
