[11 Dec 2019 23:24:39-luj][cmd] /home/CSCScience.ca/apetkau/miniconda3/envs/bigsi_mccortex/bin/mccortex31 build --nkmers 2100000 --threads 1 --kmer 11 --mem 5G --sample SRR039632 --seq human/kmer-counts-jellyfish/11/SRR039632.kmer.gz human/bigsi/11/mccortex.SRR039632.ctx
[11 Dec 2019 23:24:39-luj][cwd] /home/CSCScience.ca/apetkau/workspace/comp7934-project
[11 Dec 2019 23:24:39-luj][version] mccortex=v0.0.3-610-g400c0e3 zlib=1.2.11 htslib=1.8-17-g699ed53 ASSERTS=ON hash=Lookup3 CHECKS=ON k=3..31
[11 Dec 2019 23:24:39-luj] Saving graph to: human/bigsi/11/mccortex.SRR039632.ctx
[11 Dec 2019 23:24:39-luj][sample] 0: SRR039632
[11 Dec 2019 23:24:39-luj][task] human/kmer-counts-jellyfish/11/SRR039632.kmer.gz; FASTQ offset: auto-detect, threshold: off; cut homopolymers: off; remove PCR duplicates: no; colour: 0
[11 Dec 2019 23:24:39-luj][memory] 104 bits per kmer
[11 Dec 2019 23:24:39-luj] Note: Using less memory than requested (26.9MB < 5GB); allows for 2,162,688 kmers
[11 Dec 2019 23:24:39-luj][memory] graph: 26.9MB
[11 Dec 2019 23:24:39-luj][memory] total: 26.9MB of 62.6GB RAM
[11 Dec 2019 23:24:39-luj] Writing 1 colour graph to human/bigsi/11/mccortex.SRR039632.ctx
[11 Dec 2019 23:24:39-luj][hasht] Allocating table with 2,162,688 entries, using 16.6MB
[11 Dec 2019 23:24:39-luj][hasht]  number of buckets: 65,536, bucket size: 33
[11 Dec 2019 23:24:39-luj][graph] kmer-size: 11; colours: 1; capacity: 2,162,688
[11 Dec 2019 23:24:39-luj][hasht] buckets: 65,536 [2^16]; bucket size: 33; 
[11 Dec 2019 23:24:39-luj][hasht] memory: 16.6MB; filled: 0 / 2,162,688 (0.00%)
[11 Dec 2019 23:24:39-luj][asyncio] Inputs: 1; Threads: 1
[11 Dec 2019 23:24:39-luj][seq] Parsing sequence file human/kmer-counts-jellyfish/11/SRR039632.kmer.gz
[11 Dec 2019 23:24:40-luj][seq] Loaded 1,500,492 reads and 0 reads pairs (file: human/kmer-counts-jellyfish/11/SRR039632.kmer.gz)
[11 Dec 2019 23:24:40-luj][hasht] buckets: 65,536 [2^16]; bucket size: 33; 
[11 Dec 2019 23:24:40-luj][hasht] memory: 16.6MB; filled: 1,500,492 / 2,162,688 (69.38%)
[11 Dec 2019 23:24:40-luj][hasht]  collisions  0: 1497560
[11 Dec 2019 23:24:40-luj][hasht]  collisions  1: 2882
[11 Dec 2019 23:24:40-luj][hasht]  collisions  2: 50
[11 Dec 2019 23:24:40-luj][task] input: human/kmer-counts-jellyfish/11/SRR039632.kmer.gz colour: 0
[11 Dec 2019 23:24:40-luj]  SE reads: 1,500,492  PE reads: 0
[11 Dec 2019 23:24:40-luj]  good reads: 1,500,492  bad reads: 0
[11 Dec 2019 23:24:40-luj]  dup SE reads: 0  dup PE pairs: 0
[11 Dec 2019 23:24:40-luj]  bases read: 16,505,412  bases loaded: 16,505,412
[11 Dec 2019 23:24:40-luj]  num contigs: 1,500,492  num kmers: 1,500,492 novel kmers: 1,500,492
[11 Dec 2019 23:24:40-luj] Dumping graph...
[11 Dec 2019 23:24:40-luj][graphwriter] Saving file to: human/bigsi/11/mccortex.SRR039632.ctx
[11 Dec 2019 23:24:40-luj][FileFilter] Writing graph  [1 src colour]
[11 Dec 2019 23:24:41-luj][graphwriter] Dumped 1,500,492 kmers in 1 colour into: human/bigsi/11/mccortex.SRR039632.ctx (ver: 6)
[11 Dec 2019 23:24:41-luj][memory] We made 19 allocs
[11 Dec 2019 23:24:41-luj] Done.
[11 Dec 2019 23:24:41-luj][time] 2.00 seconds
	Command being timed: "mccortex 11 build --nkmers 2100000 --threads 1 --kmer 11 --mem 5G --sample SRR039632 --seq human/kmer-counts-jellyfish/11/SRR039632.kmer.gz human/bigsi/11/mccortex.SRR039632.ctx"
	User time (seconds): 2.37
	System time (seconds): 0.36
	Percent of CPU this job got: 160%
	Elapsed (wall clock) time (h:mm:ss or m:ss): 0:01.70
	Average shared text size (kbytes): 0
	Average unshared data size (kbytes): 0
	Average stack size (kbytes): 0
	Average total size (kbytes): 0
	Maximum resident set size (kbytes): 34540
	Average resident set size (kbytes): 0
	Major (requiring I/O) page faults: 0
	Minor (reclaiming a frame) page faults: 18744
	Voluntary context switches: 8519
	Involuntary context switches: 4509
	Swaps: 0
	File system inputs: 11112
	File system outputs: 38112
	Socket messages sent: 0
	Socket messages received: 0
	Signals delivered: 0
	Page size (bytes): 4096
	Exit status: 0
