[11 Dec 2019 23:24:39-vUl][cmd] /home/CSCScience.ca/apetkau/miniconda3/envs/bigsi_mccortex/bin/mccortex31 build --nkmers 2100000 --threads 1 --kmer 11 --mem 5G --sample SRR1174334 --seq human/kmer-counts-jellyfish/11/SRR1174334.kmer.gz human/bigsi/11/mccortex.SRR1174334.ctx
[11 Dec 2019 23:24:39-vUl][cwd] /home/CSCScience.ca/apetkau/workspace/comp7934-project
[11 Dec 2019 23:24:39-vUl][version] mccortex=v0.0.3-610-g400c0e3 zlib=1.2.11 htslib=1.8-17-g699ed53 ASSERTS=ON hash=Lookup3 CHECKS=ON k=3..31
[11 Dec 2019 23:24:39-vUl] Saving graph to: human/bigsi/11/mccortex.SRR1174334.ctx
[11 Dec 2019 23:24:39-vUl][sample] 0: SRR1174334
[11 Dec 2019 23:24:39-vUl][task] human/kmer-counts-jellyfish/11/SRR1174334.kmer.gz; FASTQ offset: auto-detect, threshold: off; cut homopolymers: off; remove PCR duplicates: no; colour: 0
[11 Dec 2019 23:24:39-vUl][memory] 104 bits per kmer
[11 Dec 2019 23:24:39-vUl] Note: Using less memory than requested (26.9MB < 5GB); allows for 2,162,688 kmers
[11 Dec 2019 23:24:39-vUl][memory] graph: 26.9MB
[11 Dec 2019 23:24:39-vUl][memory] total: 26.9MB of 62.6GB RAM
[11 Dec 2019 23:24:39-vUl] Writing 1 colour graph to human/bigsi/11/mccortex.SRR1174334.ctx
[11 Dec 2019 23:24:39-vUl][hasht] Allocating table with 2,162,688 entries, using 16.6MB
[11 Dec 2019 23:24:39-vUl][hasht]  number of buckets: 65,536, bucket size: 33
[11 Dec 2019 23:24:39-vUl][graph] kmer-size: 11; colours: 1; capacity: 2,162,688
[11 Dec 2019 23:24:39-vUl][hasht] buckets: 65,536 [2^16]; bucket size: 33; 
[11 Dec 2019 23:24:39-vUl][hasht] memory: 16.6MB; filled: 0 / 2,162,688 (0.00%)
[11 Dec 2019 23:24:39-vUl][asyncio] Inputs: 1; Threads: 1
[11 Dec 2019 23:24:39-vUl][seq] Parsing sequence file human/kmer-counts-jellyfish/11/SRR1174334.kmer.gz
[11 Dec 2019 23:24:41-vUl][seq] Loaded 1,519,752 reads and 0 reads pairs (file: human/kmer-counts-jellyfish/11/SRR1174334.kmer.gz)
[11 Dec 2019 23:24:41-vUl][hasht] buckets: 65,536 [2^16]; bucket size: 33; 
[11 Dec 2019 23:24:41-vUl][hasht] memory: 16.6MB; filled: 1,519,752 / 2,162,688 (70.27%)
[11 Dec 2019 23:24:41-vUl][hasht]  collisions  0: 1516077
[11 Dec 2019 23:24:41-vUl][hasht]  collisions  1: 3611
[11 Dec 2019 23:24:41-vUl][hasht]  collisions  2: 60
[11 Dec 2019 23:24:41-vUl][hasht]  collisions  3: 4
[11 Dec 2019 23:24:41-vUl][task] input: human/kmer-counts-jellyfish/11/SRR1174334.kmer.gz colour: 0
[11 Dec 2019 23:24:41-vUl]  SE reads: 1,519,752  PE reads: 0
[11 Dec 2019 23:24:41-vUl]  good reads: 1,519,752  bad reads: 0
[11 Dec 2019 23:24:41-vUl]  dup SE reads: 0  dup PE pairs: 0
[11 Dec 2019 23:24:41-vUl]  bases read: 16,717,272  bases loaded: 16,717,272
[11 Dec 2019 23:24:41-vUl]  num contigs: 1,519,752  num kmers: 1,519,752 novel kmers: 1,519,752
[11 Dec 2019 23:24:41-vUl] Dumping graph...
[11 Dec 2019 23:24:41-vUl][graphwriter] Saving file to: human/bigsi/11/mccortex.SRR1174334.ctx
[11 Dec 2019 23:24:41-vUl][FileFilter] Writing graph  [1 src colour]
[11 Dec 2019 23:24:41-vUl][graphwriter] Dumped 1,519,752 kmers in 1 colour into: human/bigsi/11/mccortex.SRR1174334.ctx (ver: 6)
[11 Dec 2019 23:24:41-vUl][memory] We made 19 allocs
[11 Dec 2019 23:24:41-vUl] Done.
[11 Dec 2019 23:24:41-vUl][time] 2.00 seconds
	Command being timed: "mccortex 11 build --nkmers 2100000 --threads 1 --kmer 11 --mem 5G --sample SRR1174334 --seq human/kmer-counts-jellyfish/11/SRR1174334.kmer.gz human/bigsi/11/mccortex.SRR1174334.ctx"
	User time (seconds): 2.75
	System time (seconds): 0.45
	Percent of CPU this job got: 154%
	Elapsed (wall clock) time (h:mm:ss or m:ss): 0:02.08
	Average shared text size (kbytes): 0
	Average unshared data size (kbytes): 0
	Average stack size (kbytes): 0
	Average total size (kbytes): 0
	Maximum resident set size (kbytes): 34440
	Average resident set size (kbytes): 0
	Major (requiring I/O) page faults: 0
	Minor (reclaiming a frame) page faults: 18744
	Voluntary context switches: 11797
	Involuntary context switches: 8672
	Swaps: 0
	File system inputs: 11248
	File system outputs: 38600
	Socket messages sent: 0
	Socket messages received: 0
	Signals delivered: 0
	Page size (bytes): 4096
	Exit status: 0
