[11 Dec 2019 23:25:03-goD][cmd] /home/CSCScience.ca/apetkau/miniconda3/envs/bigsi_mccortex/bin/mccortex31 build --nkmers 2100000 --threads 1 --kmer 11 --mem 5G --sample SRR1313105 --seq human/kmer-counts-jellyfish/11/SRR1313105.kmer.gz human/bigsi/11/mccortex.SRR1313105.ctx
[11 Dec 2019 23:25:03-goD][cwd] /home/CSCScience.ca/apetkau/workspace/comp7934-project
[11 Dec 2019 23:25:03-goD][version] mccortex=v0.0.3-610-g400c0e3 zlib=1.2.11 htslib=1.8-17-g699ed53 ASSERTS=ON hash=Lookup3 CHECKS=ON k=3..31
[11 Dec 2019 23:25:03-goD] Saving graph to: human/bigsi/11/mccortex.SRR1313105.ctx
[11 Dec 2019 23:25:03-goD][sample] 0: SRR1313105
[11 Dec 2019 23:25:03-goD][task] human/kmer-counts-jellyfish/11/SRR1313105.kmer.gz; FASTQ offset: auto-detect, threshold: off; cut homopolymers: off; remove PCR duplicates: no; colour: 0
[11 Dec 2019 23:25:03-goD][memory] 104 bits per kmer
[11 Dec 2019 23:25:03-goD] Note: Using less memory than requested (26.9MB < 5GB); allows for 2,162,688 kmers
[11 Dec 2019 23:25:03-goD][memory] graph: 26.9MB
[11 Dec 2019 23:25:03-goD][memory] total: 26.9MB of 62.6GB RAM
[11 Dec 2019 23:25:03-goD] Writing 1 colour graph to human/bigsi/11/mccortex.SRR1313105.ctx
[11 Dec 2019 23:25:03-goD][hasht] Allocating table with 2,162,688 entries, using 16.6MB
[11 Dec 2019 23:25:03-goD][hasht]  number of buckets: 65,536, bucket size: 33
[11 Dec 2019 23:25:03-goD][graph] kmer-size: 11; colours: 1; capacity: 2,162,688
[11 Dec 2019 23:25:03-goD][hasht] buckets: 65,536 [2^16]; bucket size: 33; 
[11 Dec 2019 23:25:03-goD][hasht] memory: 16.6MB; filled: 0 / 2,162,688 (0.00%)
[11 Dec 2019 23:25:03-goD][asyncio] Inputs: 1; Threads: 1
[11 Dec 2019 23:25:03-goD][seq] Parsing sequence file human/kmer-counts-jellyfish/11/SRR1313105.kmer.gz
[11 Dec 2019 23:25:04-goD][seq] Loaded 1,521,780 reads and 0 reads pairs (file: human/kmer-counts-jellyfish/11/SRR1313105.kmer.gz)
[11 Dec 2019 23:25:04-goD][hasht] buckets: 65,536 [2^16]; bucket size: 33; 
[11 Dec 2019 23:25:04-goD][hasht] memory: 16.6MB; filled: 1,521,780 / 2,162,688 (70.37%)
[11 Dec 2019 23:25:04-goD][hasht]  collisions  0: 1518081
[11 Dec 2019 23:25:04-goD][hasht]  collisions  1: 3635
[11 Dec 2019 23:25:04-goD][hasht]  collisions  2: 61
[11 Dec 2019 23:25:04-goD][hasht]  collisions  3: 3
[11 Dec 2019 23:25:04-goD][task] input: human/kmer-counts-jellyfish/11/SRR1313105.kmer.gz colour: 0
[11 Dec 2019 23:25:04-goD]  SE reads: 1,521,780  PE reads: 0
[11 Dec 2019 23:25:04-goD]  good reads: 1,521,780  bad reads: 0
[11 Dec 2019 23:25:04-goD]  dup SE reads: 0  dup PE pairs: 0
[11 Dec 2019 23:25:04-goD]  bases read: 16,739,580  bases loaded: 16,739,580
[11 Dec 2019 23:25:04-goD]  num contigs: 1,521,780  num kmers: 1,521,780 novel kmers: 1,521,780
[11 Dec 2019 23:25:04-goD] Dumping graph...
[11 Dec 2019 23:25:04-goD][graphwriter] Saving file to: human/bigsi/11/mccortex.SRR1313105.ctx
[11 Dec 2019 23:25:04-goD][FileFilter] Writing graph  [1 src colour]
[11 Dec 2019 23:25:04-goD][graphwriter] Dumped 1,521,780 kmers in 1 colour into: human/bigsi/11/mccortex.SRR1313105.ctx (ver: 6)
[11 Dec 2019 23:25:04-goD][memory] We made 19 allocs
[11 Dec 2019 23:25:04-goD] Done.
[11 Dec 2019 23:25:04-goD][time] 1.00 seconds
	Command being timed: "mccortex 11 build --nkmers 2100000 --threads 1 --kmer 11 --mem 5G --sample SRR1313105 --seq human/kmer-counts-jellyfish/11/SRR1313105.kmer.gz human/bigsi/11/mccortex.SRR1313105.ctx"
	User time (seconds): 2.13
	System time (seconds): 0.28
	Percent of CPU this job got: 167%
	Elapsed (wall clock) time (h:mm:ss or m:ss): 0:01.44
	Average shared text size (kbytes): 0
	Average unshared data size (kbytes): 0
	Average stack size (kbytes): 0
	Average total size (kbytes): 0
	Maximum resident set size (kbytes): 34448
	Average resident set size (kbytes): 0
	Major (requiring I/O) page faults: 0
	Minor (reclaiming a frame) page faults: 18758
	Voluntary context switches: 7003
	Involuntary context switches: 4297
	Swaps: 0
	File system inputs: 11256
	File system outputs: 38648
	Socket messages sent: 0
	Socket messages received: 0
	Signals delivered: 0
	Page size (bytes): 4096
	Exit status: 0
