[11 Dec 2019 23:24:55-qAl][cmd] /home/CSCScience.ca/apetkau/miniconda3/envs/bigsi_mccortex/bin/mccortex31 build --nkmers 2100000 --threads 1 --kmer 11 --mem 5G --sample SRR1313078 --seq human/kmer-counts-jellyfish/11/SRR1313078.kmer.gz human/bigsi/11/mccortex.SRR1313078.ctx
[11 Dec 2019 23:24:55-qAl][cwd] /home/CSCScience.ca/apetkau/workspace/comp7934-project
[11 Dec 2019 23:24:55-qAl][version] mccortex=v0.0.3-610-g400c0e3 zlib=1.2.11 htslib=1.8-17-g699ed53 ASSERTS=ON hash=Lookup3 CHECKS=ON k=3..31
[11 Dec 2019 23:24:55-qAl] Saving graph to: human/bigsi/11/mccortex.SRR1313078.ctx
[11 Dec 2019 23:24:55-qAl][sample] 0: SRR1313078
[11 Dec 2019 23:24:55-qAl][task] human/kmer-counts-jellyfish/11/SRR1313078.kmer.gz; FASTQ offset: auto-detect, threshold: off; cut homopolymers: off; remove PCR duplicates: no; colour: 0
[11 Dec 2019 23:24:55-qAl][memory] 104 bits per kmer
[11 Dec 2019 23:24:55-qAl] Note: Using less memory than requested (26.9MB < 5GB); allows for 2,162,688 kmers
[11 Dec 2019 23:24:55-qAl][memory] graph: 26.9MB
[11 Dec 2019 23:24:55-qAl][memory] total: 26.9MB of 62.6GB RAM
[11 Dec 2019 23:24:55-qAl] Writing 1 colour graph to human/bigsi/11/mccortex.SRR1313078.ctx
[11 Dec 2019 23:24:55-qAl][hasht] Allocating table with 2,162,688 entries, using 16.6MB
[11 Dec 2019 23:24:55-qAl][hasht]  number of buckets: 65,536, bucket size: 33
[11 Dec 2019 23:24:55-qAl][graph] kmer-size: 11; colours: 1; capacity: 2,162,688
[11 Dec 2019 23:24:55-qAl][hasht] buckets: 65,536 [2^16]; bucket size: 33; 
[11 Dec 2019 23:24:55-qAl][hasht] memory: 16.6MB; filled: 0 / 2,162,688 (0.00%)
[11 Dec 2019 23:24:55-qAl][asyncio] Inputs: 1; Threads: 1
[11 Dec 2019 23:24:55-qAl][seq] Parsing sequence file human/kmer-counts-jellyfish/11/SRR1313078.kmer.gz
[11 Dec 2019 23:24:56-qAl][seq] Loaded 1,459,679 reads and 0 reads pairs (file: human/kmer-counts-jellyfish/11/SRR1313078.kmer.gz)
[11 Dec 2019 23:24:56-qAl][hasht] buckets: 65,536 [2^16]; bucket size: 33; 
[11 Dec 2019 23:24:56-qAl][hasht] memory: 16.6MB; filled: 1,459,679 / 2,162,688 (67.49%)
[11 Dec 2019 23:24:56-qAl][hasht]  collisions  0: 1457703
[11 Dec 2019 23:24:56-qAl][hasht]  collisions  1: 1956
[11 Dec 2019 23:24:56-qAl][hasht]  collisions  2: 19
[11 Dec 2019 23:24:56-qAl][hasht]  collisions  3: 1
[11 Dec 2019 23:24:56-qAl][task] input: human/kmer-counts-jellyfish/11/SRR1313078.kmer.gz colour: 0
[11 Dec 2019 23:24:56-qAl]  SE reads: 1,459,679  PE reads: 0
[11 Dec 2019 23:24:56-qAl]  good reads: 1,459,679  bad reads: 0
[11 Dec 2019 23:24:56-qAl]  dup SE reads: 0  dup PE pairs: 0
[11 Dec 2019 23:24:56-qAl]  bases read: 16,056,469  bases loaded: 16,056,469
[11 Dec 2019 23:24:56-qAl]  num contigs: 1,459,679  num kmers: 1,459,679 novel kmers: 1,459,679
[11 Dec 2019 23:24:56-qAl] Dumping graph...
[11 Dec 2019 23:24:56-qAl][graphwriter] Saving file to: human/bigsi/11/mccortex.SRR1313078.ctx
[11 Dec 2019 23:24:56-qAl][FileFilter] Writing graph  [1 src colour]
[11 Dec 2019 23:24:56-qAl][graphwriter] Dumped 1,459,679 kmers in 1 colour into: human/bigsi/11/mccortex.SRR1313078.ctx (ver: 6)
[11 Dec 2019 23:24:56-qAl][memory] We made 19 allocs
[11 Dec 2019 23:24:56-qAl] Done.
[11 Dec 2019 23:24:56-qAl][time] 1.00 seconds
	Command being timed: "mccortex 11 build --nkmers 2100000 --threads 1 --kmer 11 --mem 5G --sample SRR1313078 --seq human/kmer-counts-jellyfish/11/SRR1313078.kmer.gz human/bigsi/11/mccortex.SRR1313078.ctx"
	User time (seconds): 1.65
	System time (seconds): 0.19
	Percent of CPU this job got: 175%
	Elapsed (wall clock) time (h:mm:ss or m:ss): 0:01.05
	Average shared text size (kbytes): 0
	Average unshared data size (kbytes): 0
	Average stack size (kbytes): 0
	Average total size (kbytes): 0
	Maximum resident set size (kbytes): 34608
	Average resident set size (kbytes): 0
	Major (requiring I/O) page faults: 0
	Minor (reclaiming a frame) page faults: 11042
	Voluntary context switches: 3582
	Involuntary context switches: 3
	Swaps: 0
	File system inputs: 10808
	File system outputs: 37072
	Socket messages sent: 0
	Socket messages received: 0
	Signals delivered: 0
	Page size (bytes): 4096
	Exit status: 0
