[11 Dec 2019 23:25:04-VAG][cmd] /home/CSCScience.ca/apetkau/miniconda3/envs/bigsi_mccortex/bin/mccortex31 build --nkmers 2100000 --threads 1 --kmer 11 --mem 5G --sample SRR1313156 --seq human/kmer-counts-jellyfish/11/SRR1313156.kmer.gz human/bigsi/11/mccortex.SRR1313156.ctx
[11 Dec 2019 23:25:04-VAG][cwd] /home/CSCScience.ca/apetkau/workspace/comp7934-project
[11 Dec 2019 23:25:04-VAG][version] mccortex=v0.0.3-610-g400c0e3 zlib=1.2.11 htslib=1.8-17-g699ed53 ASSERTS=ON hash=Lookup3 CHECKS=ON k=3..31
[11 Dec 2019 23:25:04-VAG] Saving graph to: human/bigsi/11/mccortex.SRR1313156.ctx
[11 Dec 2019 23:25:04-VAG][sample] 0: SRR1313156
[11 Dec 2019 23:25:04-VAG][task] human/kmer-counts-jellyfish/11/SRR1313156.kmer.gz; FASTQ offset: auto-detect, threshold: off; cut homopolymers: off; remove PCR duplicates: no; colour: 0
[11 Dec 2019 23:25:04-VAG][memory] 104 bits per kmer
[11 Dec 2019 23:25:04-VAG] Note: Using less memory than requested (26.9MB < 5GB); allows for 2,162,688 kmers
[11 Dec 2019 23:25:04-VAG][memory] graph: 26.9MB
[11 Dec 2019 23:25:04-VAG][memory] total: 26.9MB of 62.6GB RAM
[11 Dec 2019 23:25:04-VAG] Writing 1 colour graph to human/bigsi/11/mccortex.SRR1313156.ctx
[11 Dec 2019 23:25:04-VAG][hasht] Allocating table with 2,162,688 entries, using 16.6MB
[11 Dec 2019 23:25:04-VAG][hasht]  number of buckets: 65,536, bucket size: 33
[11 Dec 2019 23:25:04-VAG][graph] kmer-size: 11; colours: 1; capacity: 2,162,688
[11 Dec 2019 23:25:04-VAG][hasht] buckets: 65,536 [2^16]; bucket size: 33; 
[11 Dec 2019 23:25:04-VAG][hasht] memory: 16.6MB; filled: 0 / 2,162,688 (0.00%)
[11 Dec 2019 23:25:04-VAG][asyncio] Inputs: 1; Threads: 1
[11 Dec 2019 23:25:04-VAG][seq] Parsing sequence file human/kmer-counts-jellyfish/11/SRR1313156.kmer.gz
[11 Dec 2019 23:25:05-VAG][seq] Loaded 1,437,054 reads and 0 reads pairs (file: human/kmer-counts-jellyfish/11/SRR1313156.kmer.gz)
[11 Dec 2019 23:25:05-VAG][hasht] buckets: 65,536 [2^16]; bucket size: 33; 
[11 Dec 2019 23:25:05-VAG][hasht] memory: 16.6MB; filled: 1,437,054 / 2,162,688 (66.45%)
[11 Dec 2019 23:25:05-VAG][hasht]  collisions  0: 1435436
[11 Dec 2019 23:25:05-VAG][hasht]  collisions  1: 1604
[11 Dec 2019 23:25:05-VAG][hasht]  collisions  2: 13
[11 Dec 2019 23:25:05-VAG][hasht]  collisions  3: 1
[11 Dec 2019 23:25:05-VAG][task] input: human/kmer-counts-jellyfish/11/SRR1313156.kmer.gz colour: 0
[11 Dec 2019 23:25:05-VAG]  SE reads: 1,437,054  PE reads: 0
[11 Dec 2019 23:25:05-VAG]  good reads: 1,437,054  bad reads: 0
[11 Dec 2019 23:25:05-VAG]  dup SE reads: 0  dup PE pairs: 0
[11 Dec 2019 23:25:05-VAG]  bases read: 15,807,594  bases loaded: 15,807,594
[11 Dec 2019 23:25:05-VAG]  num contigs: 1,437,054  num kmers: 1,437,054 novel kmers: 1,437,054
[11 Dec 2019 23:25:05-VAG] Dumping graph...
[11 Dec 2019 23:25:05-VAG][graphwriter] Saving file to: human/bigsi/11/mccortex.SRR1313156.ctx
[11 Dec 2019 23:25:05-VAG][FileFilter] Writing graph  [1 src colour]
[11 Dec 2019 23:25:05-VAG][graphwriter] Dumped 1,437,054 kmers in 1 colour into: human/bigsi/11/mccortex.SRR1313156.ctx (ver: 6)
[11 Dec 2019 23:25:05-VAG][memory] We made 19 allocs
[11 Dec 2019 23:25:05-VAG] Done.
[11 Dec 2019 23:25:05-VAG][time] 1.00 seconds
	Command being timed: "mccortex 11 build --nkmers 2100000 --threads 1 --kmer 11 --mem 5G --sample SRR1313156 --seq human/kmer-counts-jellyfish/11/SRR1313156.kmer.gz human/bigsi/11/mccortex.SRR1313156.ctx"
	User time (seconds): 2.06
	System time (seconds): 0.35
	Percent of CPU this job got: 165%
	Elapsed (wall clock) time (h:mm:ss or m:ss): 0:01.45
	Average shared text size (kbytes): 0
	Average unshared data size (kbytes): 0
	Average stack size (kbytes): 0
	Average total size (kbytes): 0
	Maximum resident set size (kbytes): 34444
	Average resident set size (kbytes): 0
	Major (requiring I/O) page faults: 0
	Minor (reclaiming a frame) page faults: 18750
	Voluntary context switches: 9976
	Involuntary context switches: 7290
	Swaps: 0
	File system inputs: 10640
	File system outputs: 36496
	Socket messages sent: 0
	Socket messages received: 0
	Signals delivered: 0
	Page size (bytes): 4096
	Exit status: 0
