	Command being timed: "gzip -d --stdout /home/CSCScience.ca/apetkau/workspace/comp7934-project/metagenomics/kmer-counts-jellyfish/17/ERR1713395.kmer.gz"
	User time (seconds): 1.72
	System time (seconds): 0.16
	Percent of CPU this job got: 22%
	Elapsed (wall clock) time (h:mm:ss or m:ss): 0:08.29
	Average shared text size (kbytes): 0
	Average unshared data size (kbytes): 0
	Average stack size (kbytes): 0
	Average total size (kbytes): 0
	Maximum resident set size (kbytes): 1712
	Average resident set size (kbytes): 0
	Major (requiring I/O) page faults: 0
	Minor (reclaiming a frame) page faults: 92
	Voluntary context switches: 118
	Involuntary context switches: 8
	Swaps: 0
	File system inputs: 95272
	File system outputs: 300560
	Socket messages sent: 0
	Socket messages received: 0
	Signals delivered: 0
	Page size (bytes): 4096
	Exit status: 0
