Saving howdesbt.ERR1713403.bf
	Command being timed: "howdesbt makebf ERR1713403.kmer --kmersin --k=17 --threads=1 --hashes=1 --bits=340000000 --out=howdesbt.ERR1713403.bf"
	User time (seconds): 4.11
	System time (seconds): 0.12
	Percent of CPU this job got: 100%
	Elapsed (wall clock) time (h:mm:ss or m:ss): 0:04.23
	Average shared text size (kbytes): 0
	Average unshared data size (kbytes): 0
	Average stack size (kbytes): 0
	Average total size (kbytes): 0
	Maximum resident set size (kbytes): 49808
	Average resident set size (kbytes): 0
	Major (requiring I/O) page faults: 0
	Minor (reclaiming a frame) page faults: 32390
	Voluntary context switches: 1
	Involuntary context switches: 4
	Swaps: 0
	File system inputs: 0
	File system outputs: 83024
	Socket messages sent: 0
	Socket messages received: 0
	Signals delivered: 0
	Page size (bytes): 4096
	Exit status: 0
