	Command being timed: "gzip -d --stdout /home/CSCScience.ca/apetkau/workspace/comp7934-project/metagenomics/kmer-counts-jellyfish/15/ERR1713371.kmer.gz"
	User time (seconds): 1.11
	System time (seconds): 0.12
	Percent of CPU this job got: 60%
	Elapsed (wall clock) time (h:mm:ss or m:ss): 0:02.07
	Average shared text size (kbytes): 0
	Average unshared data size (kbytes): 0
	Average stack size (kbytes): 0
	Average total size (kbytes): 0
	Maximum resident set size (kbytes): 1688
	Average resident set size (kbytes): 0
	Major (requiring I/O) page faults: 0
	Minor (reclaiming a frame) page faults: 93
	Voluntary context switches: 200
	Involuntary context switches: 95
	Swaps: 0
	File system inputs: 76312
	File system outputs: 240872
	Socket messages sent: 0
	Socket messages received: 0
	Signals delivered: 0
	Page size (bytes): 4096
	Exit status: 0
