	Command being timed: "gzip -d --stdout /home/CSCScience.ca/apetkau/workspace/comp7934-project/metagenomics/kmer-counts-jellyfish/15/ERR1713406.kmer.gz"
	User time (seconds): 1.23
	System time (seconds): 0.14
	Percent of CPU this job got: 69%
	Elapsed (wall clock) time (h:mm:ss or m:ss): 0:02.00
	Average shared text size (kbytes): 0
	Average unshared data size (kbytes): 0
	Average stack size (kbytes): 0
	Average total size (kbytes): 0
	Maximum resident set size (kbytes): 1784
	Average resident set size (kbytes): 0
	Major (requiring I/O) page faults: 0
	Minor (reclaiming a frame) page faults: 95
	Voluntary context switches: 55
	Involuntary context switches: 234
	Swaps: 0
	File system inputs: 84784
	File system outputs: 267048
	Socket messages sent: 0
	Socket messages received: 0
	Signals delivered: 0
	Page size (bytes): 4096
	Exit status: 0
