	Command being timed: "gzip -d --stdout /home/CSCScience.ca/apetkau/workspace/comp7934-project/metagenomics/kmer-counts-jellyfish/15/ERR1713378.kmer.gz"
	User time (seconds): 1.23
	System time (seconds): 0.15
	Percent of CPU this job got: 48%
	Elapsed (wall clock) time (h:mm:ss or m:ss): 0:02.85
	Average shared text size (kbytes): 0
	Average unshared data size (kbytes): 0
	Average stack size (kbytes): 0
	Average total size (kbytes): 0
	Maximum resident set size (kbytes): 1724
	Average resident set size (kbytes): 0
	Major (requiring I/O) page faults: 0
	Minor (reclaiming a frame) page faults: 95
	Voluntary context switches: 221
	Involuntary context switches: 27
	Swaps: 0
	File system inputs: 84312
	File system outputs: 265456
	Socket messages sent: 0
	Socket messages received: 0
	Signals delivered: 0
	Page size (bytes): 4096
	Exit status: 0
