howdesbt.cluster.sbt has been created, but the internal nodes have not been built.
You can use this command to build them:
howdesbt build "howdesbt.cluster.sbt"
	Command being timed: "howdesbt cluster --list=leafnames --bits=21000000 --tree=howdesbt.cluster.sbt --nodename=node{number} --keepallnodes"
	User time (seconds): 4.27
	System time (seconds): 0.10
	Percent of CPU this job got: 100%
	Elapsed (wall clock) time (h:mm:ss or m:ss): 0:04.37
	Average shared text size (kbytes): 0
	Average unshared data size (kbytes): 0
	Average stack size (kbytes): 0
	Average total size (kbytes): 0
	Maximum resident set size (kbytes): 139164
	Average resident set size (kbytes): 0
	Major (requiring I/O) page faults: 0
	Minor (reclaiming a frame) page faults: 49942
	Voluntary context switches: 1
	Involuntary context switches: 7
	Swaps: 0
	File system inputs: 0
	File system outputs: 16
	Socket messages sent: 0
	Socket messages received: 0
	Signals delivered: 0
	Page size (bytes): 4096
	Exit status: 0
