Saving howdesbt.ERR1713335.bf
	Command being timed: "howdesbt makebf ERR1713335.kmer --kmersin --k=15 --threads=1 --hashes=1 --bits=210000000 --out=howdesbt.ERR1713335.bf"
	User time (seconds): 3.20
	System time (seconds): 0.10
	Percent of CPU this job got: 100%
	Elapsed (wall clock) time (h:mm:ss or m:ss): 0:03.30
	Average shared text size (kbytes): 0
	Average unshared data size (kbytes): 0
	Average stack size (kbytes): 0
	Average total size (kbytes): 0
	Maximum resident set size (kbytes): 33660
	Average resident set size (kbytes): 0
	Major (requiring I/O) page faults: 0
	Minor (reclaiming a frame) page faults: 7616
	Voluntary context switches: 0
	Involuntary context switches: 4
	Swaps: 0
	File system inputs: 0
	File system outputs: 51280
	Socket messages sent: 0
	Socket messages received: 0
	Signals delivered: 0
	Page size (bytes): 4096
	Exit status: 0
