[12 Dec 2019 00:19:33-BOm][cmd] /home/CSCScience.ca/apetkau/miniconda3/envs/bigsi_mccortex/bin/mccortex31 build --nkmers 74000000 --threads 1 --kmer 17 --mem 3G --sample SRR10298903 --seq microbial/kmer-counts-jellyfish/17/SRR10298903.kmer.gz microbial/bigsi/17/mccortex.SRR10298903.ctx
[12 Dec 2019 00:19:33-BOm][cwd] /home/CSCScience.ca/apetkau/workspace/comp7934-project
[12 Dec 2019 00:19:33-BOm][version] mccortex=v0.0.3-610-g400c0e3 zlib=1.2.11 htslib=1.8-17-g699ed53 ASSERTS=ON hash=Lookup3 CHECKS=ON k=3..31
[12 Dec 2019 00:19:33-BOm] Saving graph to: microbial/bigsi/17/mccortex.SRR10298903.ctx
[12 Dec 2019 00:19:33-BOm][sample] 0: SRR10298903
[12 Dec 2019 00:19:33-BOm][task] microbial/kmer-counts-jellyfish/17/SRR10298903.kmer.gz; FASTQ offset: auto-detect, threshold: off; cut homopolymers: off; remove PCR duplicates: no; colour: 0
[12 Dec 2019 00:19:33-BOm][memory] 104 bits per kmer
[12 Dec 2019 00:19:33-BOm] Note: Using less memory than requested (940MB < 3GB); allows for 75,497,472 kmers
[12 Dec 2019 00:19:33-BOm][memory] graph: 940MB
[12 Dec 2019 00:19:33-BOm][memory] total: 940MB of 62.6GB RAM
[12 Dec 2019 00:19:33-BOm] Writing 1 colour graph to microbial/bigsi/17/mccortex.SRR10298903.ctx
[12 Dec 2019 00:19:33-BOm][hasht] Allocating table with 75,497,472 entries, using 580MB
[12 Dec 2019 00:19:33-BOm][hasht]  number of buckets: 2,097,152, bucket size: 36
[12 Dec 2019 00:19:33-BOm][graph] kmer-size: 17; colours: 1; capacity: 75,497,472
[12 Dec 2019 00:19:33-BOm][hasht] buckets: 2,097,152 [2^21]; bucket size: 36; 
[12 Dec 2019 00:19:33-BOm][hasht] memory: 580MB; filled: 0 / 75,497,472 (0.00%)
[12 Dec 2019 00:19:33-BOm][asyncio] Inputs: 1; Threads: 1
[12 Dec 2019 00:19:33-BOm][seq] Parsing sequence file microbial/kmer-counts-jellyfish/17/SRR10298903.kmer.gz
[12 Dec 2019 00:19:41-BOm][seq] Loaded 3,477,810 reads and 0 reads pairs (file: microbial/kmer-counts-jellyfish/17/SRR10298903.kmer.gz)
[12 Dec 2019 00:19:41-BOm][hasht] buckets: 2,097,152 [2^21]; bucket size: 36; 
[12 Dec 2019 00:19:41-BOm][hasht] memory: 580MB; filled: 3,477,810 / 75,497,472 (4.61%)
[12 Dec 2019 00:19:41-BOm][hasht]  collisions  0: 3477810
[12 Dec 2019 00:19:41-BOm][task] input: microbial/kmer-counts-jellyfish/17/SRR10298903.kmer.gz colour: 0
[12 Dec 2019 00:19:41-BOm]  SE reads: 3,477,810  PE reads: 0
[12 Dec 2019 00:19:41-BOm]  good reads: 3,477,810  bad reads: 0
[12 Dec 2019 00:19:41-BOm]  dup SE reads: 0  dup PE pairs: 0
[12 Dec 2019 00:19:41-BOm]  bases read: 59,122,770  bases loaded: 59,122,770
[12 Dec 2019 00:19:41-BOm]  num contigs: 3,477,810  num kmers: 3,477,810 novel kmers: 3,477,810
[12 Dec 2019 00:19:41-BOm] Dumping graph...
[12 Dec 2019 00:19:41-BOm][graphwriter] Saving file to: microbial/bigsi/17/mccortex.SRR10298903.ctx
[12 Dec 2019 00:19:41-BOm][FileFilter] Writing graph  [1 src colour]
[12 Dec 2019 00:19:42-BOm][graphwriter] Dumped 3,477,810 kmers in 1 colour into: microbial/bigsi/17/mccortex.SRR10298903.ctx (ver: 6)
[12 Dec 2019 00:19:42-BOm][memory] We made 19 allocs
[12 Dec 2019 00:19:42-BOm] Done.
[12 Dec 2019 00:19:42-BOm][time] 9.00 seconds
	Command being timed: "mccortex 17 build --nkmers 74000000 --threads 1 --kmer 17 --mem 3G --sample SRR10298903 --seq microbial/kmer-counts-jellyfish/17/SRR10298903.kmer.gz microbial/bigsi/17/mccortex.SRR10298903.ctx"
	User time (seconds): 9.35
	System time (seconds): 4.85
	Percent of CPU this job got: 167%
	Elapsed (wall clock) time (h:mm:ss or m:ss): 0:08.46
	Average shared text size (kbytes): 0
	Average unshared data size (kbytes): 0
	Average stack size (kbytes): 0
	Average total size (kbytes): 0
	Maximum resident set size (kbytes): 898084
	Average resident set size (kbytes): 0
	Major (requiring I/O) page faults: 0
	Minor (reclaiming a frame) page faults: 712395
	Voluntary context switches: 354770
	Involuntary context switches: 341
	Swaps: 0
	File system inputs: 38672
	File system outputs: 88312
	Socket messages sent: 0
	Socket messages received: 0
	Signals delivered: 0
	Page size (bytes): 4096
	Exit status: 0
