[12 Dec 2019 00:21:41-xiK][cmd] /home/CSCScience.ca/apetkau/miniconda3/envs/bigsi_mccortex/bin/mccortex31 build --nkmers 74000000 --threads 1 --kmer 17 --mem 3G --sample SRR8088185 --seq microbial/kmer-counts-jellyfish/17/SRR8088185.kmer.gz microbial/bigsi/17/mccortex.SRR8088185.ctx
[12 Dec 2019 00:21:41-xiK][cwd] /home/CSCScience.ca/apetkau/workspace/comp7934-project
[12 Dec 2019 00:21:41-xiK][version] mccortex=v0.0.3-610-g400c0e3 zlib=1.2.11 htslib=1.8-17-g699ed53 ASSERTS=ON hash=Lookup3 CHECKS=ON k=3..31
[12 Dec 2019 00:21:41-xiK] Saving graph to: microbial/bigsi/17/mccortex.SRR8088185.ctx
[12 Dec 2019 00:21:41-xiK][sample] 0: SRR8088185
[12 Dec 2019 00:21:41-xiK][task] microbial/kmer-counts-jellyfish/17/SRR8088185.kmer.gz; FASTQ offset: auto-detect, threshold: off; cut homopolymers: off; remove PCR duplicates: no; colour: 0
[12 Dec 2019 00:21:41-xiK][memory] 104 bits per kmer
[12 Dec 2019 00:21:41-xiK] Note: Using less memory than requested (940MB < 3GB); allows for 75,497,472 kmers
[12 Dec 2019 00:21:41-xiK][memory] graph: 940MB
[12 Dec 2019 00:21:41-xiK][memory] total: 940MB of 62.6GB RAM
[12 Dec 2019 00:21:41-xiK] Writing 1 colour graph to microbial/bigsi/17/mccortex.SRR8088185.ctx
[12 Dec 2019 00:21:41-xiK][hasht] Allocating table with 75,497,472 entries, using 580MB
[12 Dec 2019 00:21:41-xiK][hasht]  number of buckets: 2,097,152, bucket size: 36
[12 Dec 2019 00:21:41-xiK][graph] kmer-size: 17; colours: 1; capacity: 75,497,472
[12 Dec 2019 00:21:41-xiK][hasht] buckets: 2,097,152 [2^21]; bucket size: 36; 
[12 Dec 2019 00:21:41-xiK][hasht] memory: 580MB; filled: 0 / 75,497,472 (0.00%)
[12 Dec 2019 00:21:41-xiK][asyncio] Inputs: 1; Threads: 1
[12 Dec 2019 00:21:41-xiK][seq] Parsing sequence file microbial/kmer-counts-jellyfish/17/SRR8088185.kmer.gz
[12 Dec 2019 00:21:46-xiK][seq] Loaded 2,503,066 reads and 0 reads pairs (file: microbial/kmer-counts-jellyfish/17/SRR8088185.kmer.gz)
[12 Dec 2019 00:21:46-xiK][hasht] buckets: 2,097,152 [2^21]; bucket size: 36; 
[12 Dec 2019 00:21:46-xiK][hasht] memory: 580MB; filled: 2,503,066 / 75,497,472 (3.32%)
[12 Dec 2019 00:21:46-xiK][hasht]  collisions  0: 2503066
[12 Dec 2019 00:21:46-xiK][task] input: microbial/kmer-counts-jellyfish/17/SRR8088185.kmer.gz colour: 0
[12 Dec 2019 00:21:46-xiK]  SE reads: 2,503,066  PE reads: 0
[12 Dec 2019 00:21:46-xiK]  good reads: 2,503,066  bad reads: 0
[12 Dec 2019 00:21:46-xiK]  dup SE reads: 0  dup PE pairs: 0
[12 Dec 2019 00:21:46-xiK]  bases read: 42,552,122  bases loaded: 42,552,122
[12 Dec 2019 00:21:46-xiK]  num contigs: 2,503,066  num kmers: 2,503,066 novel kmers: 2,503,066
[12 Dec 2019 00:21:46-xiK] Dumping graph...
[12 Dec 2019 00:21:46-xiK][graphwriter] Saving file to: microbial/bigsi/17/mccortex.SRR8088185.ctx
[12 Dec 2019 00:21:46-xiK][FileFilter] Writing graph  [1 src colour]
[12 Dec 2019 00:21:46-xiK][graphwriter] Dumped 2,503,066 kmers in 1 colour into: microbial/bigsi/17/mccortex.SRR8088185.ctx (ver: 6)
[12 Dec 2019 00:21:46-xiK][memory] We made 19 allocs
[12 Dec 2019 00:21:46-xiK] Done.
[12 Dec 2019 00:21:46-xiK][time] 5.00 seconds
	Command being timed: "mccortex 17 build --nkmers 74000000 --threads 1 --kmer 17 --mem 3G --sample SRR8088185 --seq microbial/kmer-counts-jellyfish/17/SRR8088185.kmer.gz microbial/bigsi/17/mccortex.SRR8088185.ctx"
	User time (seconds): 5.30
	System time (seconds): 2.88
	Percent of CPU this job got: 170%
	Elapsed (wall clock) time (h:mm:ss or m:ss): 0:04.80
	Average shared text size (kbytes): 0
	Average unshared data size (kbytes): 0
	Average stack size (kbytes): 0
	Average total size (kbytes): 0
	Maximum resident set size (kbytes): 898028
	Average resident set size (kbytes): 0
	Major (requiring I/O) page faults: 0
	Minor (reclaiming a frame) page faults: 867765
	Voluntary context switches: 390459
	Involuntary context switches: 122
	Swaps: 0
	File system inputs: 27600
	File system outputs: 63568
	Socket messages sent: 0
	Socket messages received: 0
	Signals delivered: 0
	Page size (bytes): 4096
	Exit status: 0
