[12 Dec 2019 00:21:19-PEw][cmd] /home/CSCScience.ca/apetkau/miniconda3/envs/bigsi_mccortex/bin/mccortex31 build --nkmers 74000000 --threads 1 --kmer 17 --mem 3G --sample SRR10527348 --seq microbial/kmer-counts-jellyfish/17/SRR10527348.kmer.gz microbial/bigsi/17/mccortex.SRR10527348.ctx
[12 Dec 2019 00:21:19-PEw][cwd] /home/CSCScience.ca/apetkau/workspace/comp7934-project
[12 Dec 2019 00:21:19-PEw][version] mccortex=v0.0.3-610-g400c0e3 zlib=1.2.11 htslib=1.8-17-g699ed53 ASSERTS=ON hash=Lookup3 CHECKS=ON k=3..31
[12 Dec 2019 00:21:19-PEw] Saving graph to: microbial/bigsi/17/mccortex.SRR10527348.ctx
[12 Dec 2019 00:21:19-PEw][sample] 0: SRR10527348
[12 Dec 2019 00:21:19-PEw][task] microbial/kmer-counts-jellyfish/17/SRR10527348.kmer.gz; FASTQ offset: auto-detect, threshold: off; cut homopolymers: off; remove PCR duplicates: no; colour: 0
[12 Dec 2019 00:21:19-PEw][memory] 104 bits per kmer
[12 Dec 2019 00:21:19-PEw] Note: Using less memory than requested (940MB < 3GB); allows for 75,497,472 kmers
[12 Dec 2019 00:21:19-PEw][memory] graph: 940MB
[12 Dec 2019 00:21:19-PEw][memory] total: 940MB of 62.6GB RAM
[12 Dec 2019 00:21:19-PEw] Writing 1 colour graph to microbial/bigsi/17/mccortex.SRR10527348.ctx
[12 Dec 2019 00:21:19-PEw][hasht] Allocating table with 75,497,472 entries, using 580MB
[12 Dec 2019 00:21:19-PEw][hasht]  number of buckets: 2,097,152, bucket size: 36
[12 Dec 2019 00:21:19-PEw][graph] kmer-size: 17; colours: 1; capacity: 75,497,472
[12 Dec 2019 00:21:19-PEw][hasht] buckets: 2,097,152 [2^21]; bucket size: 36; 
[12 Dec 2019 00:21:19-PEw][hasht] memory: 580MB; filled: 0 / 75,497,472 (0.00%)
[12 Dec 2019 00:21:19-PEw][asyncio] Inputs: 1; Threads: 1
[12 Dec 2019 00:21:19-PEw][seq] Parsing sequence file microbial/kmer-counts-jellyfish/17/SRR10527348.kmer.gz
[12 Dec 2019 00:21:24-PEw][seq] Loaded 3,583,009 reads and 0 reads pairs (file: microbial/kmer-counts-jellyfish/17/SRR10527348.kmer.gz)
[12 Dec 2019 00:21:24-PEw][hasht] buckets: 2,097,152 [2^21]; bucket size: 36; 
[12 Dec 2019 00:21:24-PEw][hasht] memory: 580MB; filled: 3,583,009 / 75,497,472 (4.75%)
[12 Dec 2019 00:21:24-PEw][hasht]  collisions  0: 3583009
[12 Dec 2019 00:21:24-PEw][task] input: microbial/kmer-counts-jellyfish/17/SRR10527348.kmer.gz colour: 0
[12 Dec 2019 00:21:24-PEw]  SE reads: 3,583,009  PE reads: 0
[12 Dec 2019 00:21:24-PEw]  good reads: 3,583,009  bad reads: 0
[12 Dec 2019 00:21:24-PEw]  dup SE reads: 0  dup PE pairs: 0
[12 Dec 2019 00:21:24-PEw]  bases read: 60,911,153  bases loaded: 60,911,153
[12 Dec 2019 00:21:24-PEw]  num contigs: 3,583,009  num kmers: 3,583,009 novel kmers: 3,583,009
[12 Dec 2019 00:21:24-PEw] Dumping graph...
[12 Dec 2019 00:21:24-PEw][graphwriter] Saving file to: microbial/bigsi/17/mccortex.SRR10527348.ctx
[12 Dec 2019 00:21:24-PEw][FileFilter] Writing graph  [1 src colour]
[12 Dec 2019 00:21:25-PEw][graphwriter] Dumped 3,583,009 kmers in 1 colour into: microbial/bigsi/17/mccortex.SRR10527348.ctx (ver: 6)
[12 Dec 2019 00:21:25-PEw][memory] We made 19 allocs
[12 Dec 2019 00:21:25-PEw] Done.
[12 Dec 2019 00:21:25-PEw][time] 6.00 seconds
	Command being timed: "mccortex 17 build --nkmers 74000000 --threads 1 --kmer 17 --mem 3G --sample SRR10527348 --seq microbial/kmer-counts-jellyfish/17/SRR10527348.kmer.gz microbial/bigsi/17/mccortex.SRR10527348.ctx"
	User time (seconds): 6.74
	System time (seconds): 3.51
	Percent of CPU this job got: 170%
	Elapsed (wall clock) time (h:mm:ss or m:ss): 0:06.00
	Average shared text size (kbytes): 0
	Average unshared data size (kbytes): 0
	Average stack size (kbytes): 0
	Average total size (kbytes): 0
	Maximum resident set size (kbytes): 898144
	Average resident set size (kbytes): 0
	Major (requiring I/O) page faults: 0
	Minor (reclaiming a frame) page faults: 982529
	Voluntary context switches: 444750
	Involuntary context switches: 171
	Swaps: 0
	File system inputs: 39832
	File system outputs: 90984
	Socket messages sent: 0
	Socket messages received: 0
	Signals delivered: 0
	Page size (bytes): 4096
	Exit status: 0
