[12 Dec 2019 00:19:33-XoL][cmd] /home/CSCScience.ca/apetkau/miniconda3/envs/bigsi_mccortex/bin/mccortex31 build --nkmers 74000000 --threads 1 --kmer 17 --mem 3G --sample ERR3656010 --seq microbial/kmer-counts-jellyfish/17/ERR3656010.kmer.gz microbial/bigsi/17/mccortex.ERR3656010.ctx
[12 Dec 2019 00:19:33-XoL][cwd] /home/CSCScience.ca/apetkau/workspace/comp7934-project
[12 Dec 2019 00:19:33-XoL][version] mccortex=v0.0.3-610-g400c0e3 zlib=1.2.11 htslib=1.8-17-g699ed53 ASSERTS=ON hash=Lookup3 CHECKS=ON k=3..31
[12 Dec 2019 00:19:33-XoL] Saving graph to: microbial/bigsi/17/mccortex.ERR3656010.ctx
[12 Dec 2019 00:19:33-XoL][sample] 0: ERR3656010
[12 Dec 2019 00:19:33-XoL][task] microbial/kmer-counts-jellyfish/17/ERR3656010.kmer.gz; FASTQ offset: auto-detect, threshold: off; cut homopolymers: off; remove PCR duplicates: no; colour: 0
[12 Dec 2019 00:19:33-XoL][memory] 104 bits per kmer
[12 Dec 2019 00:19:33-XoL] Note: Using less memory than requested (940MB < 3GB); allows for 75,497,472 kmers
[12 Dec 2019 00:19:33-XoL][memory] graph: 940MB
[12 Dec 2019 00:19:33-XoL][memory] total: 940MB of 62.6GB RAM
[12 Dec 2019 00:19:33-XoL] Writing 1 colour graph to microbial/bigsi/17/mccortex.ERR3656010.ctx
[12 Dec 2019 00:19:33-XoL][hasht] Allocating table with 75,497,472 entries, using 580MB
[12 Dec 2019 00:19:33-XoL][hasht]  number of buckets: 2,097,152, bucket size: 36
[12 Dec 2019 00:19:33-XoL][graph] kmer-size: 17; colours: 1; capacity: 75,497,472
[12 Dec 2019 00:19:33-XoL][hasht] buckets: 2,097,152 [2^21]; bucket size: 36; 
[12 Dec 2019 00:19:33-XoL][hasht] memory: 580MB; filled: 0 / 75,497,472 (0.00%)
[12 Dec 2019 00:19:33-XoL][asyncio] Inputs: 1; Threads: 1
[12 Dec 2019 00:19:33-XoL][seq] Parsing sequence file microbial/kmer-counts-jellyfish/17/ERR3656010.kmer.gz
[12 Dec 2019 00:19:43-XoL][seq] Loaded 3,714,703 reads and 0 reads pairs (file: microbial/kmer-counts-jellyfish/17/ERR3656010.kmer.gz)
[12 Dec 2019 00:19:43-XoL][hasht] buckets: 2,097,152 [2^21]; bucket size: 36; 
[12 Dec 2019 00:19:43-XoL][hasht] memory: 580MB; filled: 3,714,703 / 75,497,472 (4.92%)
[12 Dec 2019 00:19:43-XoL][hasht]  collisions  0: 3714703
[12 Dec 2019 00:19:43-XoL][task] input: microbial/kmer-counts-jellyfish/17/ERR3656010.kmer.gz colour: 0
[12 Dec 2019 00:19:43-XoL]  SE reads: 3,714,703  PE reads: 0
[12 Dec 2019 00:19:43-XoL]  good reads: 3,714,703  bad reads: 0
[12 Dec 2019 00:19:43-XoL]  dup SE reads: 0  dup PE pairs: 0
[12 Dec 2019 00:19:43-XoL]  bases read: 63,149,951  bases loaded: 63,149,951
[12 Dec 2019 00:19:43-XoL]  num contigs: 3,714,703  num kmers: 3,714,703 novel kmers: 3,714,703
[12 Dec 2019 00:19:43-XoL] Dumping graph...
[12 Dec 2019 00:19:43-XoL][graphwriter] Saving file to: microbial/bigsi/17/mccortex.ERR3656010.ctx
[12 Dec 2019 00:19:43-XoL][FileFilter] Writing graph  [1 src colour]
[12 Dec 2019 00:19:44-XoL][graphwriter] Dumped 3,714,703 kmers in 1 colour into: microbial/bigsi/17/mccortex.ERR3656010.ctx (ver: 6)
[12 Dec 2019 00:19:44-XoL][memory] We made 19 allocs
[12 Dec 2019 00:19:44-XoL] Done.
[12 Dec 2019 00:19:44-XoL][time] 11.00 seconds
	Command being timed: "mccortex 17 build --nkmers 74000000 --threads 1 --kmer 17 --mem 3G --sample ERR3656010 --seq microbial/kmer-counts-jellyfish/17/ERR3656010.kmer.gz microbial/bigsi/17/mccortex.ERR3656010.ctx"
	User time (seconds): 12.21
	System time (seconds): 4.86
	Percent of CPU this job got: 157%
	Elapsed (wall clock) time (h:mm:ss or m:ss): 0:10.83
	Average shared text size (kbytes): 0
	Average unshared data size (kbytes): 0
	Average stack size (kbytes): 0
	Average total size (kbytes): 0
	Maximum resident set size (kbytes): 898020
	Average resident set size (kbytes): 0
	Major (requiring I/O) page faults: 0
	Minor (reclaiming a frame) page faults: 698257
	Voluntary context switches: 298613
	Involuntary context switches: 31725
	Swaps: 0
	File system inputs: 41280
	File system outputs: 94328
	Socket messages sent: 0
	Socket messages received: 0
	Signals delivered: 0
	Page size (bytes): 4096
	Exit status: 0
