[12 Dec 2019 00:19:33-ZUm][cmd] /home/CSCScience.ca/apetkau/miniconda3/envs/bigsi_mccortex/bin/mccortex31 build --nkmers 74000000 --threads 1 --kmer 17 --mem 3G --sample SRR10512965 --seq microbial/kmer-counts-jellyfish/17/SRR10512965.kmer.gz microbial/bigsi/17/mccortex.SRR10512965.ctx
[12 Dec 2019 00:19:33-ZUm][cwd] /home/CSCScience.ca/apetkau/workspace/comp7934-project
[12 Dec 2019 00:19:33-ZUm][version] mccortex=v0.0.3-610-g400c0e3 zlib=1.2.11 htslib=1.8-17-g699ed53 ASSERTS=ON hash=Lookup3 CHECKS=ON k=3..31
[12 Dec 2019 00:19:33-ZUm] Saving graph to: microbial/bigsi/17/mccortex.SRR10512965.ctx
[12 Dec 2019 00:19:33-ZUm][sample] 0: SRR10512965
[12 Dec 2019 00:19:33-ZUm][task] microbial/kmer-counts-jellyfish/17/SRR10512965.kmer.gz; FASTQ offset: auto-detect, threshold: off; cut homopolymers: off; remove PCR duplicates: no; colour: 0
[12 Dec 2019 00:19:33-ZUm][memory] 104 bits per kmer
[12 Dec 2019 00:19:33-ZUm] Note: Using less memory than requested (940MB < 3GB); allows for 75,497,472 kmers
[12 Dec 2019 00:19:33-ZUm][memory] graph: 940MB
[12 Dec 2019 00:19:33-ZUm][memory] total: 940MB of 62.6GB RAM
[12 Dec 2019 00:19:33-ZUm] Writing 1 colour graph to microbial/bigsi/17/mccortex.SRR10512965.ctx
[12 Dec 2019 00:19:33-ZUm][hasht] Allocating table with 75,497,472 entries, using 580MB
[12 Dec 2019 00:19:33-ZUm][hasht]  number of buckets: 2,097,152, bucket size: 36
[12 Dec 2019 00:19:33-ZUm][graph] kmer-size: 17; colours: 1; capacity: 75,497,472
[12 Dec 2019 00:19:33-ZUm][hasht] buckets: 2,097,152 [2^21]; bucket size: 36; 
[12 Dec 2019 00:19:33-ZUm][hasht] memory: 580MB; filled: 0 / 75,497,472 (0.00%)
[12 Dec 2019 00:19:33-ZUm][asyncio] Inputs: 1; Threads: 1
[12 Dec 2019 00:19:33-ZUm][seq] Parsing sequence file microbial/kmer-counts-jellyfish/17/SRR10512965.kmer.gz
[12 Dec 2019 00:19:46-ZUm][BuildGraph] Read 5,000,000 entries (reads / read pairs)
[12 Dec 2019 00:19:48-ZUm][seq] Loaded 6,524,655 reads and 0 reads pairs (file: microbial/kmer-counts-jellyfish/17/SRR10512965.kmer.gz)
[12 Dec 2019 00:19:48-ZUm][hasht] buckets: 2,097,152 [2^21]; bucket size: 36; 
[12 Dec 2019 00:19:48-ZUm][hasht] memory: 580MB; filled: 6,524,655 / 75,497,472 (8.64%)
[12 Dec 2019 00:19:48-ZUm][hasht]  collisions  0: 6524655
[12 Dec 2019 00:19:48-ZUm][task] input: microbial/kmer-counts-jellyfish/17/SRR10512965.kmer.gz colour: 0
[12 Dec 2019 00:19:48-ZUm]  SE reads: 6,524,655  PE reads: 0
[12 Dec 2019 00:19:48-ZUm]  good reads: 6,524,655  bad reads: 0
[12 Dec 2019 00:19:48-ZUm]  dup SE reads: 0  dup PE pairs: 0
[12 Dec 2019 00:19:48-ZUm]  bases read: 110,919,135  bases loaded: 110,919,135
[12 Dec 2019 00:19:48-ZUm]  num contigs: 6,524,655  num kmers: 6,524,655 novel kmers: 6,524,655
[12 Dec 2019 00:19:48-ZUm] Dumping graph...
[12 Dec 2019 00:19:48-ZUm][graphwriter] Saving file to: microbial/bigsi/17/mccortex.SRR10512965.ctx
[12 Dec 2019 00:19:48-ZUm][FileFilter] Writing graph  [1 src colour]
[12 Dec 2019 00:19:49-ZUm][graphwriter] Dumped 6,524,655 kmers in 1 colour into: microbial/bigsi/17/mccortex.SRR10512965.ctx (ver: 6)
[12 Dec 2019 00:19:49-ZUm][memory] We made 19 allocs
[12 Dec 2019 00:19:49-ZUm] Done.
[12 Dec 2019 00:19:49-ZUm][time] 16.00 seconds
	Command being timed: "mccortex 17 build --nkmers 74000000 --threads 1 --kmer 17 --mem 3G --sample SRR10512965 --seq microbial/kmer-counts-jellyfish/17/SRR10512965.kmer.gz microbial/bigsi/17/mccortex.SRR10512965.ctx"
	User time (seconds): 15.99
	System time (seconds): 7.52
	Percent of CPU this job got: 155%
	Elapsed (wall clock) time (h:mm:ss or m:ss): 0:15.16
	Average shared text size (kbytes): 0
	Average unshared data size (kbytes): 0
	Average stack size (kbytes): 0
	Average total size (kbytes): 0
	Maximum resident set size (kbytes): 898096
	Average resident set size (kbytes): 0
	Major (requiring I/O) page faults: 0
	Minor (reclaiming a frame) page faults: 926899
	Voluntary context switches: 498650
	Involuntary context switches: 111149
	Swaps: 0
	File system inputs: 72336
	File system outputs: 165680
	Socket messages sent: 0
	Socket messages received: 0
	Signals delivered: 0
	Page size (bytes): 4096
	Exit status: 0
