[12 Dec 2019 00:21:27-zaq][cmd] /home/CSCScience.ca/apetkau/miniconda3/envs/bigsi_mccortex/bin/mccortex31 build --nkmers 74000000 --threads 1 --kmer 17 --mem 3G --sample SRR10527353 --seq microbial/kmer-counts-jellyfish/17/SRR10527353.kmer.gz microbial/bigsi/17/mccortex.SRR10527353.ctx
[12 Dec 2019 00:21:27-zaq][cwd] /home/CSCScience.ca/apetkau/workspace/comp7934-project
[12 Dec 2019 00:21:27-zaq][version] mccortex=v0.0.3-610-g400c0e3 zlib=1.2.11 htslib=1.8-17-g699ed53 ASSERTS=ON hash=Lookup3 CHECKS=ON k=3..31
[12 Dec 2019 00:21:27-zaq] Saving graph to: microbial/bigsi/17/mccortex.SRR10527353.ctx
[12 Dec 2019 00:21:27-zaq][sample] 0: SRR10527353
[12 Dec 2019 00:21:27-zaq][task] microbial/kmer-counts-jellyfish/17/SRR10527353.kmer.gz; FASTQ offset: auto-detect, threshold: off; cut homopolymers: off; remove PCR duplicates: no; colour: 0
[12 Dec 2019 00:21:27-zaq][memory] 104 bits per kmer
[12 Dec 2019 00:21:27-zaq] Note: Using less memory than requested (940MB < 3GB); allows for 75,497,472 kmers
[12 Dec 2019 00:21:27-zaq][memory] graph: 940MB
[12 Dec 2019 00:21:27-zaq][memory] total: 940MB of 62.6GB RAM
[12 Dec 2019 00:21:27-zaq] Writing 1 colour graph to microbial/bigsi/17/mccortex.SRR10527353.ctx
[12 Dec 2019 00:21:27-zaq][hasht] Allocating table with 75,497,472 entries, using 580MB
[12 Dec 2019 00:21:27-zaq][hasht]  number of buckets: 2,097,152, bucket size: 36
[12 Dec 2019 00:21:27-zaq][graph] kmer-size: 17; colours: 1; capacity: 75,497,472
[12 Dec 2019 00:21:27-zaq][hasht] buckets: 2,097,152 [2^21]; bucket size: 36; 
[12 Dec 2019 00:21:27-zaq][hasht] memory: 580MB; filled: 0 / 75,497,472 (0.00%)
[12 Dec 2019 00:21:27-zaq][asyncio] Inputs: 1; Threads: 1
[12 Dec 2019 00:21:27-zaq][seq] Parsing sequence file microbial/kmer-counts-jellyfish/17/SRR10527353.kmer.gz
[12 Dec 2019 00:21:37-zaq][seq] Loaded 4,014,182 reads and 0 reads pairs (file: microbial/kmer-counts-jellyfish/17/SRR10527353.kmer.gz)
[12 Dec 2019 00:21:37-zaq][hasht] buckets: 2,097,152 [2^21]; bucket size: 36; 
[12 Dec 2019 00:21:37-zaq][hasht] memory: 580MB; filled: 4,014,182 / 75,497,472 (5.32%)
[12 Dec 2019 00:21:37-zaq][hasht]  collisions  0: 4014182
[12 Dec 2019 00:21:37-zaq][task] input: microbial/kmer-counts-jellyfish/17/SRR10527353.kmer.gz colour: 0
[12 Dec 2019 00:21:37-zaq]  SE reads: 4,014,182  PE reads: 0
[12 Dec 2019 00:21:37-zaq]  good reads: 4,014,182  bad reads: 0
[12 Dec 2019 00:21:37-zaq]  dup SE reads: 0  dup PE pairs: 0
[12 Dec 2019 00:21:37-zaq]  bases read: 68,241,094  bases loaded: 68,241,094
[12 Dec 2019 00:21:37-zaq]  num contigs: 4,014,182  num kmers: 4,014,182 novel kmers: 4,014,182
[12 Dec 2019 00:21:37-zaq] Dumping graph...
[12 Dec 2019 00:21:37-zaq][graphwriter] Saving file to: microbial/bigsi/17/mccortex.SRR10527353.ctx
[12 Dec 2019 00:21:37-zaq][FileFilter] Writing graph  [1 src colour]
[12 Dec 2019 00:21:37-zaq][graphwriter] Dumped 4,014,182 kmers in 1 colour into: microbial/bigsi/17/mccortex.SRR10527353.ctx (ver: 6)
[12 Dec 2019 00:21:37-zaq][memory] We made 19 allocs
[12 Dec 2019 00:21:37-zaq] Done.
[12 Dec 2019 00:21:37-zaq][time] 10.00 seconds
	Command being timed: "mccortex 17 build --nkmers 74000000 --threads 1 --kmer 17 --mem 3G --sample SRR10527353 --seq microbial/kmer-counts-jellyfish/17/SRR10527353.kmer.gz microbial/bigsi/17/mccortex.SRR10527353.ctx"
	User time (seconds): 10.47
	System time (seconds): 5.85
	Percent of CPU this job got: 166%
	Elapsed (wall clock) time (h:mm:ss or m:ss): 0:09.80
	Average shared text size (kbytes): 0
	Average unshared data size (kbytes): 0
	Average stack size (kbytes): 0
	Average total size (kbytes): 0
	Maximum resident set size (kbytes): 898208
	Average resident set size (kbytes): 0
	Major (requiring I/O) page faults: 0
	Minor (reclaiming a frame) page faults: 1064528
	Voluntary context switches: 594482
	Involuntary context switches: 14750
	Swaps: 0
	File system inputs: 44648
	File system outputs: 101936
	Socket messages sent: 0
	Socket messages received: 0
	Signals delivered: 0
	Page size (bytes): 4096
	Exit status: 0
