[12 Dec 2019 00:21:32-MAy][cmd] /home/CSCScience.ca/apetkau/miniconda3/envs/bigsi_mccortex/bin/mccortex31 build --nkmers 74000000 --threads 1 --kmer 17 --mem 3G --sample SRR8088182 --seq microbial/kmer-counts-jellyfish/17/SRR8088182.kmer.gz microbial/bigsi/17/mccortex.SRR8088182.ctx
[12 Dec 2019 00:21:32-MAy][cwd] /home/CSCScience.ca/apetkau/workspace/comp7934-project
[12 Dec 2019 00:21:32-MAy][version] mccortex=v0.0.3-610-g400c0e3 zlib=1.2.11 htslib=1.8-17-g699ed53 ASSERTS=ON hash=Lookup3 CHECKS=ON k=3..31
[12 Dec 2019 00:21:32-MAy] Saving graph to: microbial/bigsi/17/mccortex.SRR8088182.ctx
[12 Dec 2019 00:21:32-MAy][sample] 0: SRR8088182
[12 Dec 2019 00:21:32-MAy][task] microbial/kmer-counts-jellyfish/17/SRR8088182.kmer.gz; FASTQ offset: auto-detect, threshold: off; cut homopolymers: off; remove PCR duplicates: no; colour: 0
[12 Dec 2019 00:21:32-MAy][memory] 104 bits per kmer
[12 Dec 2019 00:21:32-MAy] Note: Using less memory than requested (940MB < 3GB); allows for 75,497,472 kmers
[12 Dec 2019 00:21:32-MAy][memory] graph: 940MB
[12 Dec 2019 00:21:32-MAy][memory] total: 940MB of 62.6GB RAM
[12 Dec 2019 00:21:32-MAy] Writing 1 colour graph to microbial/bigsi/17/mccortex.SRR8088182.ctx
[12 Dec 2019 00:21:32-MAy][hasht] Allocating table with 75,497,472 entries, using 580MB
[12 Dec 2019 00:21:32-MAy][hasht]  number of buckets: 2,097,152, bucket size: 36
[12 Dec 2019 00:21:32-MAy][graph] kmer-size: 17; colours: 1; capacity: 75,497,472
[12 Dec 2019 00:21:32-MAy][hasht] buckets: 2,097,152 [2^21]; bucket size: 36; 
[12 Dec 2019 00:21:32-MAy][hasht] memory: 580MB; filled: 0 / 75,497,472 (0.00%)
[12 Dec 2019 00:21:32-MAy][asyncio] Inputs: 1; Threads: 1
[12 Dec 2019 00:21:32-MAy][seq] Parsing sequence file microbial/kmer-counts-jellyfish/17/SRR8088182.kmer.gz
[12 Dec 2019 00:21:37-MAy][seq] Loaded 2,437,203 reads and 0 reads pairs (file: microbial/kmer-counts-jellyfish/17/SRR8088182.kmer.gz)
[12 Dec 2019 00:21:37-MAy][hasht] buckets: 2,097,152 [2^21]; bucket size: 36; 
[12 Dec 2019 00:21:37-MAy][hasht] memory: 580MB; filled: 2,437,203 / 75,497,472 (3.23%)
[12 Dec 2019 00:21:37-MAy][hasht]  collisions  0: 2437203
[12 Dec 2019 00:21:37-MAy][task] input: microbial/kmer-counts-jellyfish/17/SRR8088182.kmer.gz colour: 0
[12 Dec 2019 00:21:37-MAy]  SE reads: 2,437,203  PE reads: 0
[12 Dec 2019 00:21:37-MAy]  good reads: 2,437,203  bad reads: 0
[12 Dec 2019 00:21:37-MAy]  dup SE reads: 0  dup PE pairs: 0
[12 Dec 2019 00:21:37-MAy]  bases read: 41,432,451  bases loaded: 41,432,451
[12 Dec 2019 00:21:37-MAy]  num contigs: 2,437,203  num kmers: 2,437,203 novel kmers: 2,437,203
[12 Dec 2019 00:21:37-MAy] Dumping graph...
[12 Dec 2019 00:21:37-MAy][graphwriter] Saving file to: microbial/bigsi/17/mccortex.SRR8088182.ctx
[12 Dec 2019 00:21:37-MAy][FileFilter] Writing graph  [1 src colour]
[12 Dec 2019 00:21:38-MAy][graphwriter] Dumped 2,437,203 kmers in 1 colour into: microbial/bigsi/17/mccortex.SRR8088182.ctx (ver: 6)
[12 Dec 2019 00:21:38-MAy][memory] We made 19 allocs
[12 Dec 2019 00:21:38-MAy] Done.
[12 Dec 2019 00:21:38-MAy][time] 6.00 seconds
	Command being timed: "mccortex 17 build --nkmers 74000000 --threads 1 --kmer 17 --mem 3G --sample SRR8088182 --seq microbial/kmer-counts-jellyfish/17/SRR8088182.kmer.gz microbial/bigsi/17/mccortex.SRR8088182.ctx"
	User time (seconds): 5.67
	System time (seconds): 3.09
	Percent of CPU this job got: 159%
	Elapsed (wall clock) time (h:mm:ss or m:ss): 0:05.49
	Average shared text size (kbytes): 0
	Average unshared data size (kbytes): 0
	Average stack size (kbytes): 0
	Average total size (kbytes): 0
	Maximum resident set size (kbytes): 898088
	Average resident set size (kbytes): 0
	Major (requiring I/O) page faults: 0
	Minor (reclaiming a frame) page faults: 867574
	Voluntary context switches: 379754
	Involuntary context switches: 10594
	Swaps: 0
	File system inputs: 26912
	File system outputs: 61896
	Socket messages sent: 0
	Socket messages received: 0
	Signals delivered: 0
	Page size (bytes): 4096
	Exit status: 0
