[12 Dec 2019 00:19:33-ZIv][cmd] /home/CSCScience.ca/apetkau/miniconda3/envs/bigsi_mccortex/bin/mccortex31 build --nkmers 74000000 --threads 1 --kmer 17 --mem 3G --sample ERR1144977 --seq microbial/kmer-counts-jellyfish/17/ERR1144977.kmer.gz microbial/bigsi/17/mccortex.ERR1144977.ctx
[12 Dec 2019 00:19:33-ZIv][cwd] /home/CSCScience.ca/apetkau/workspace/comp7934-project
[12 Dec 2019 00:19:33-ZIv][version] mccortex=v0.0.3-610-g400c0e3 zlib=1.2.11 htslib=1.8-17-g699ed53 ASSERTS=ON hash=Lookup3 CHECKS=ON k=3..31
[12 Dec 2019 00:19:33-ZIv] Saving graph to: microbial/bigsi/17/mccortex.ERR1144977.ctx
[12 Dec 2019 00:19:33-ZIv][sample] 0: ERR1144977
[12 Dec 2019 00:19:33-ZIv][task] microbial/kmer-counts-jellyfish/17/ERR1144977.kmer.gz; FASTQ offset: auto-detect, threshold: off; cut homopolymers: off; remove PCR duplicates: no; colour: 0
[12 Dec 2019 00:19:33-ZIv][memory] 104 bits per kmer
[12 Dec 2019 00:19:33-ZIv] Note: Using less memory than requested (940MB < 3GB); allows for 75,497,472 kmers
[12 Dec 2019 00:19:33-ZIv][memory] graph: 940MB
[12 Dec 2019 00:19:33-ZIv][memory] total: 940MB of 62.6GB RAM
[12 Dec 2019 00:19:33-ZIv] Writing 1 colour graph to microbial/bigsi/17/mccortex.ERR1144977.ctx
[12 Dec 2019 00:19:33-ZIv][hasht] Allocating table with 75,497,472 entries, using 580MB
[12 Dec 2019 00:19:33-ZIv][hasht]  number of buckets: 2,097,152, bucket size: 36
[12 Dec 2019 00:19:33-ZIv][graph] kmer-size: 17; colours: 1; capacity: 75,497,472
[12 Dec 2019 00:19:33-ZIv][hasht] buckets: 2,097,152 [2^21]; bucket size: 36; 
[12 Dec 2019 00:19:33-ZIv][hasht] memory: 580MB; filled: 0 / 75,497,472 (0.00%)
[12 Dec 2019 00:19:33-ZIv][asyncio] Inputs: 1; Threads: 1
[12 Dec 2019 00:19:33-ZIv][seq] Parsing sequence file microbial/kmer-counts-jellyfish/17/ERR1144977.kmer.gz
[12 Dec 2019 00:19:42-ZIv][seq] Loaded 3,682,102 reads and 0 reads pairs (file: microbial/kmer-counts-jellyfish/17/ERR1144977.kmer.gz)
[12 Dec 2019 00:19:42-ZIv][hasht] buckets: 2,097,152 [2^21]; bucket size: 36; 
[12 Dec 2019 00:19:42-ZIv][hasht] memory: 580MB; filled: 3,682,102 / 75,497,472 (4.88%)
[12 Dec 2019 00:19:42-ZIv][hasht]  collisions  0: 3682102
[12 Dec 2019 00:19:42-ZIv][task] input: microbial/kmer-counts-jellyfish/17/ERR1144977.kmer.gz colour: 0
[12 Dec 2019 00:19:42-ZIv]  SE reads: 3,682,102  PE reads: 0
[12 Dec 2019 00:19:42-ZIv]  good reads: 3,682,102  bad reads: 0
[12 Dec 2019 00:19:42-ZIv]  dup SE reads: 0  dup PE pairs: 0
[12 Dec 2019 00:19:42-ZIv]  bases read: 62,595,734  bases loaded: 62,595,734
[12 Dec 2019 00:19:42-ZIv]  num contigs: 3,682,102  num kmers: 3,682,102 novel kmers: 3,682,102
[12 Dec 2019 00:19:42-ZIv] Dumping graph...
[12 Dec 2019 00:19:42-ZIv][graphwriter] Saving file to: microbial/bigsi/17/mccortex.ERR1144977.ctx
[12 Dec 2019 00:19:42-ZIv][FileFilter] Writing graph  [1 src colour]
[12 Dec 2019 00:19:43-ZIv][graphwriter] Dumped 3,682,102 kmers in 1 colour into: microbial/bigsi/17/mccortex.ERR1144977.ctx (ver: 6)
[12 Dec 2019 00:19:43-ZIv][memory] We made 19 allocs
[12 Dec 2019 00:19:43-ZIv] Done.
[12 Dec 2019 00:19:43-ZIv][time] 10.00 seconds
	Command being timed: "mccortex 17 build --nkmers 74000000 --threads 1 --kmer 17 --mem 3G --sample ERR1144977 --seq microbial/kmer-counts-jellyfish/17/ERR1144977.kmer.gz microbial/bigsi/17/mccortex.ERR1144977.ctx"
	User time (seconds): 10.39
	System time (seconds): 5.68
	Percent of CPU this job got: 160%
	Elapsed (wall clock) time (h:mm:ss or m:ss): 0:10.01
	Average shared text size (kbytes): 0
	Average unshared data size (kbytes): 0
	Average stack size (kbytes): 0
	Average total size (kbytes): 0
	Maximum resident set size (kbytes): 898140
	Average resident set size (kbytes): 0
	Major (requiring I/O) page faults: 0
	Minor (reclaiming a frame) page faults: 708164
	Voluntary context switches: 420103
	Involuntary context switches: 9969
	Swaps: 0
	File system inputs: 40376
	File system outputs: 93504
	Socket messages sent: 0
	Socket messages received: 0
	Signals delivered: 0
	Page size (bytes): 4096
	Exit status: 0
