[12 Dec 2019 00:20:55-XeF][cmd] /home/CSCScience.ca/apetkau/miniconda3/envs/bigsi_mccortex/bin/mccortex31 build --nkmers 74000000 --threads 1 --kmer 17 --mem 3G --sample SRR10519637 --seq microbial/kmer-counts-jellyfish/17/SRR10519637.kmer.gz microbial/bigsi/17/mccortex.SRR10519637.ctx
[12 Dec 2019 00:20:55-XeF][cwd] /home/CSCScience.ca/apetkau/workspace/comp7934-project
[12 Dec 2019 00:20:55-XeF][version] mccortex=v0.0.3-610-g400c0e3 zlib=1.2.11 htslib=1.8-17-g699ed53 ASSERTS=ON hash=Lookup3 CHECKS=ON k=3..31
[12 Dec 2019 00:20:55-XeF] Saving graph to: microbial/bigsi/17/mccortex.SRR10519637.ctx
[12 Dec 2019 00:20:55-XeF][sample] 0: SRR10519637
[12 Dec 2019 00:20:55-XeF][task] microbial/kmer-counts-jellyfish/17/SRR10519637.kmer.gz; FASTQ offset: auto-detect, threshold: off; cut homopolymers: off; remove PCR duplicates: no; colour: 0
[12 Dec 2019 00:20:55-XeF][memory] 104 bits per kmer
[12 Dec 2019 00:20:55-XeF] Note: Using less memory than requested (940MB < 3GB); allows for 75,497,472 kmers
[12 Dec 2019 00:20:55-XeF][memory] graph: 940MB
[12 Dec 2019 00:20:55-XeF][memory] total: 940MB of 62.6GB RAM
[12 Dec 2019 00:20:55-XeF] Writing 1 colour graph to microbial/bigsi/17/mccortex.SRR10519637.ctx
[12 Dec 2019 00:20:55-XeF][hasht] Allocating table with 75,497,472 entries, using 580MB
[12 Dec 2019 00:20:55-XeF][hasht]  number of buckets: 2,097,152, bucket size: 36
[12 Dec 2019 00:20:55-XeF][graph] kmer-size: 17; colours: 1; capacity: 75,497,472
[12 Dec 2019 00:20:55-XeF][hasht] buckets: 2,097,152 [2^21]; bucket size: 36; 
[12 Dec 2019 00:20:55-XeF][hasht] memory: 580MB; filled: 0 / 75,497,472 (0.00%)
[12 Dec 2019 00:20:55-XeF][asyncio] Inputs: 1; Threads: 1
[12 Dec 2019 00:20:55-XeF][seq] Parsing sequence file microbial/kmer-counts-jellyfish/17/SRR10519637.kmer.gz
[12 Dec 2019 00:21:05-XeF][seq] Loaded 3,978,677 reads and 0 reads pairs (file: microbial/kmer-counts-jellyfish/17/SRR10519637.kmer.gz)
[12 Dec 2019 00:21:05-XeF][hasht] buckets: 2,097,152 [2^21]; bucket size: 36; 
[12 Dec 2019 00:21:05-XeF][hasht] memory: 580MB; filled: 3,978,677 / 75,497,472 (5.27%)
[12 Dec 2019 00:21:05-XeF][hasht]  collisions  0: 3978677
[12 Dec 2019 00:21:05-XeF][task] input: microbial/kmer-counts-jellyfish/17/SRR10519637.kmer.gz colour: 0
[12 Dec 2019 00:21:05-XeF]  SE reads: 3,978,677  PE reads: 0
[12 Dec 2019 00:21:05-XeF]  good reads: 3,978,677  bad reads: 0
[12 Dec 2019 00:21:05-XeF]  dup SE reads: 0  dup PE pairs: 0
[12 Dec 2019 00:21:05-XeF]  bases read: 67,637,509  bases loaded: 67,637,509
[12 Dec 2019 00:21:05-XeF]  num contigs: 3,978,677  num kmers: 3,978,677 novel kmers: 3,978,677
[12 Dec 2019 00:21:05-XeF] Dumping graph...
[12 Dec 2019 00:21:05-XeF][graphwriter] Saving file to: microbial/bigsi/17/mccortex.SRR10519637.ctx
[12 Dec 2019 00:21:05-XeF][FileFilter] Writing graph  [1 src colour]
[12 Dec 2019 00:21:06-XeF][graphwriter] Dumped 3,978,677 kmers in 1 colour into: microbial/bigsi/17/mccortex.SRR10519637.ctx (ver: 6)
[12 Dec 2019 00:21:06-XeF][memory] We made 19 allocs
[12 Dec 2019 00:21:06-XeF] Done.
[12 Dec 2019 00:21:06-XeF][time] 11.00 seconds
	Command being timed: "mccortex 17 build --nkmers 74000000 --threads 1 --kmer 17 --mem 3G --sample SRR10519637 --seq microbial/kmer-counts-jellyfish/17/SRR10519637.kmer.gz microbial/bigsi/17/mccortex.SRR10519637.ctx"
	User time (seconds): 12.71
	System time (seconds): 4.50
	Percent of CPU this job got: 160%
	Elapsed (wall clock) time (h:mm:ss or m:ss): 0:10.74
	Average shared text size (kbytes): 0
	Average unshared data size (kbytes): 0
	Average stack size (kbytes): 0
	Average total size (kbytes): 0
	Maximum resident set size (kbytes): 898056
	Average resident set size (kbytes): 0
	Major (requiring I/O) page faults: 0
	Minor (reclaiming a frame) page faults: 1256819
	Voluntary context switches: 396299
	Involuntary context switches: 44289
	Swaps: 0
	File system inputs: 44200
	File system outputs: 101032
	Socket messages sent: 0
	Socket messages received: 0
	Signals delivered: 0
	Page size (bytes): 4096
	Exit status: 0
