[12 Dec 2019 00:19:33-XIG][cmd] /home/CSCScience.ca/apetkau/miniconda3/envs/bigsi_mccortex/bin/mccortex31 build --nkmers 74000000 --threads 1 --kmer 17 --mem 3G --sample ERR3655994 --seq microbial/kmer-counts-jellyfish/17/ERR3655994.kmer.gz microbial/bigsi/17/mccortex.ERR3655994.ctx
[12 Dec 2019 00:19:33-XIG][cwd] /home/CSCScience.ca/apetkau/workspace/comp7934-project
[12 Dec 2019 00:19:33-XIG][version] mccortex=v0.0.3-610-g400c0e3 zlib=1.2.11 htslib=1.8-17-g699ed53 ASSERTS=ON hash=Lookup3 CHECKS=ON k=3..31
[12 Dec 2019 00:19:33-XIG] Saving graph to: microbial/bigsi/17/mccortex.ERR3655994.ctx
[12 Dec 2019 00:19:33-XIG][sample] 0: ERR3655994
[12 Dec 2019 00:19:33-XIG][task] microbial/kmer-counts-jellyfish/17/ERR3655994.kmer.gz; FASTQ offset: auto-detect, threshold: off; cut homopolymers: off; remove PCR duplicates: no; colour: 0
[12 Dec 2019 00:19:33-XIG][memory] 104 bits per kmer
[12 Dec 2019 00:19:33-XIG] Note: Using less memory than requested (940MB < 3GB); allows for 75,497,472 kmers
[12 Dec 2019 00:19:33-XIG][memory] graph: 940MB
[12 Dec 2019 00:19:33-XIG][memory] total: 940MB of 62.6GB RAM
[12 Dec 2019 00:19:33-XIG] Writing 1 colour graph to microbial/bigsi/17/mccortex.ERR3655994.ctx
[12 Dec 2019 00:19:33-XIG][hasht] Allocating table with 75,497,472 entries, using 580MB
[12 Dec 2019 00:19:33-XIG][hasht]  number of buckets: 2,097,152, bucket size: 36
[12 Dec 2019 00:19:33-XIG][graph] kmer-size: 17; colours: 1; capacity: 75,497,472
[12 Dec 2019 00:19:33-XIG][hasht] buckets: 2,097,152 [2^21]; bucket size: 36; 
[12 Dec 2019 00:19:33-XIG][hasht] memory: 580MB; filled: 0 / 75,497,472 (0.00%)
[12 Dec 2019 00:19:33-XIG][asyncio] Inputs: 1; Threads: 1
[12 Dec 2019 00:19:33-XIG][seq] Parsing sequence file microbial/kmer-counts-jellyfish/17/ERR3655994.kmer.gz
[12 Dec 2019 00:19:45-XIG][BuildGraph] Read 5,000,000 entries (reads / read pairs)
[12 Dec 2019 00:19:46-XIG][seq] Loaded 5,441,716 reads and 0 reads pairs (file: microbial/kmer-counts-jellyfish/17/ERR3655994.kmer.gz)
[12 Dec 2019 00:19:46-XIG][hasht] buckets: 2,097,152 [2^21]; bucket size: 36; 
[12 Dec 2019 00:19:46-XIG][hasht] memory: 580MB; filled: 5,441,716 / 75,497,472 (7.21%)
[12 Dec 2019 00:19:46-XIG][hasht]  collisions  0: 5441716
[12 Dec 2019 00:19:46-XIG][task] input: microbial/kmer-counts-jellyfish/17/ERR3655994.kmer.gz colour: 0
[12 Dec 2019 00:19:46-XIG]  SE reads: 5,441,716  PE reads: 0
[12 Dec 2019 00:19:46-XIG]  good reads: 5,441,716  bad reads: 0
[12 Dec 2019 00:19:46-XIG]  dup SE reads: 0  dup PE pairs: 0
[12 Dec 2019 00:19:46-XIG]  bases read: 92,509,172  bases loaded: 92,509,172
[12 Dec 2019 00:19:46-XIG]  num contigs: 5,441,716  num kmers: 5,441,716 novel kmers: 5,441,716
[12 Dec 2019 00:19:46-XIG] Dumping graph...
[12 Dec 2019 00:19:46-XIG][graphwriter] Saving file to: microbial/bigsi/17/mccortex.ERR3655994.ctx
[12 Dec 2019 00:19:46-XIG][FileFilter] Writing graph  [1 src colour]
[12 Dec 2019 00:19:46-XIG][graphwriter] Dumped 5,441,716 kmers in 1 colour into: microbial/bigsi/17/mccortex.ERR3655994.ctx (ver: 6)
[12 Dec 2019 00:19:47-XIG][memory] We made 19 allocs
[12 Dec 2019 00:19:47-XIG] Done.
[12 Dec 2019 00:19:47-XIG][time] 14.00 seconds
	Command being timed: "mccortex 17 build --nkmers 74000000 --threads 1 --kmer 17 --mem 3G --sample ERR3655994 --seq microbial/kmer-counts-jellyfish/17/ERR3655994.kmer.gz microbial/bigsi/17/mccortex.ERR3655994.ctx"
	User time (seconds): 14.44
	System time (seconds): 6.54
	Percent of CPU this job got: 159%
	Elapsed (wall clock) time (h:mm:ss or m:ss): 0:13.16
	Average shared text size (kbytes): 0
	Average unshared data size (kbytes): 0
	Average stack size (kbytes): 0
	Average total size (kbytes): 0
	Maximum resident set size (kbytes): 898088
	Average resident set size (kbytes): 0
	Major (requiring I/O) page faults: 0
	Minor (reclaiming a frame) page faults: 706669
	Voluntary context switches: 555456
	Involuntary context switches: 56342
	Swaps: 0
	File system inputs: 59456
	File system outputs: 138184
	Socket messages sent: 0
	Socket messages received: 0
	Signals delivered: 0
	Page size (bytes): 4096
	Exit status: 0
