[12 Dec 2019 00:19:33-ZeQ][cmd] /home/CSCScience.ca/apetkau/miniconda3/envs/bigsi_mccortex/bin/mccortex31 build --nkmers 74000000 --threads 1 --kmer 17 --mem 3G --sample SRR10298905 --seq microbial/kmer-counts-jellyfish/17/SRR10298905.kmer.gz microbial/bigsi/17/mccortex.SRR10298905.ctx
[12 Dec 2019 00:19:33-ZeQ][cwd] /home/CSCScience.ca/apetkau/workspace/comp7934-project
[12 Dec 2019 00:19:33-ZeQ][version] mccortex=v0.0.3-610-g400c0e3 zlib=1.2.11 htslib=1.8-17-g699ed53 ASSERTS=ON hash=Lookup3 CHECKS=ON k=3..31
[12 Dec 2019 00:19:33-ZeQ] Saving graph to: microbial/bigsi/17/mccortex.SRR10298905.ctx
[12 Dec 2019 00:19:33-ZeQ][sample] 0: SRR10298905
[12 Dec 2019 00:19:33-ZeQ][task] microbial/kmer-counts-jellyfish/17/SRR10298905.kmer.gz; FASTQ offset: auto-detect, threshold: off; cut homopolymers: off; remove PCR duplicates: no; colour: 0
[12 Dec 2019 00:19:33-ZeQ][memory] 104 bits per kmer
[12 Dec 2019 00:19:33-ZeQ] Note: Using less memory than requested (940MB < 3GB); allows for 75,497,472 kmers
[12 Dec 2019 00:19:33-ZeQ][memory] graph: 940MB
[12 Dec 2019 00:19:33-ZeQ][memory] total: 940MB of 62.6GB RAM
[12 Dec 2019 00:19:33-ZeQ] Writing 1 colour graph to microbial/bigsi/17/mccortex.SRR10298905.ctx
[12 Dec 2019 00:19:33-ZeQ][hasht] Allocating table with 75,497,472 entries, using 580MB
[12 Dec 2019 00:19:33-ZeQ][hasht]  number of buckets: 2,097,152, bucket size: 36
[12 Dec 2019 00:19:33-ZeQ][graph] kmer-size: 17; colours: 1; capacity: 75,497,472
[12 Dec 2019 00:19:33-ZeQ][hasht] buckets: 2,097,152 [2^21]; bucket size: 36; 
[12 Dec 2019 00:19:33-ZeQ][hasht] memory: 580MB; filled: 0 / 75,497,472 (0.00%)
[12 Dec 2019 00:19:33-ZeQ][asyncio] Inputs: 1; Threads: 1
[12 Dec 2019 00:19:33-ZeQ][seq] Parsing sequence file microbial/kmer-counts-jellyfish/17/SRR10298905.kmer.gz
[12 Dec 2019 00:19:41-ZeQ][seq] Loaded 3,700,726 reads and 0 reads pairs (file: microbial/kmer-counts-jellyfish/17/SRR10298905.kmer.gz)
[12 Dec 2019 00:19:41-ZeQ][hasht] buckets: 2,097,152 [2^21]; bucket size: 36; 
[12 Dec 2019 00:19:41-ZeQ][hasht] memory: 580MB; filled: 3,700,726 / 75,497,472 (4.90%)
[12 Dec 2019 00:19:41-ZeQ][hasht]  collisions  0: 3700726
[12 Dec 2019 00:19:41-ZeQ][task] input: microbial/kmer-counts-jellyfish/17/SRR10298905.kmer.gz colour: 0
[12 Dec 2019 00:19:41-ZeQ]  SE reads: 3,700,726  PE reads: 0
[12 Dec 2019 00:19:41-ZeQ]  good reads: 3,700,726  bad reads: 0
[12 Dec 2019 00:19:41-ZeQ]  dup SE reads: 0  dup PE pairs: 0
[12 Dec 2019 00:19:41-ZeQ]  bases read: 62,912,342  bases loaded: 62,912,342
[12 Dec 2019 00:19:41-ZeQ]  num contigs: 3,700,726  num kmers: 3,700,726 novel kmers: 3,700,726
[12 Dec 2019 00:19:41-ZeQ] Dumping graph...
[12 Dec 2019 00:19:41-ZeQ][graphwriter] Saving file to: microbial/bigsi/17/mccortex.SRR10298905.ctx
[12 Dec 2019 00:19:41-ZeQ][FileFilter] Writing graph  [1 src colour]
[12 Dec 2019 00:19:42-ZeQ][graphwriter] Dumped 3,700,726 kmers in 1 colour into: microbial/bigsi/17/mccortex.SRR10298905.ctx (ver: 6)
[12 Dec 2019 00:19:42-ZeQ][memory] We made 19 allocs
[12 Dec 2019 00:19:42-ZeQ] Done.
[12 Dec 2019 00:19:42-ZeQ][time] 9.00 seconds
	Command being timed: "mccortex 17 build --nkmers 74000000 --threads 1 --kmer 17 --mem 3G --sample SRR10298905 --seq microbial/kmer-counts-jellyfish/17/SRR10298905.kmer.gz microbial/bigsi/17/mccortex.SRR10298905.ctx"
	User time (seconds): 10.22
	System time (seconds): 4.97
	Percent of CPU this job got: 167%
	Elapsed (wall clock) time (h:mm:ss or m:ss): 0:09.07
	Average shared text size (kbytes): 0
	Average unshared data size (kbytes): 0
	Average stack size (kbytes): 0
	Average total size (kbytes): 0
	Maximum resident set size (kbytes): 898084
	Average resident set size (kbytes): 0
	Major (requiring I/O) page faults: 0
	Minor (reclaiming a frame) page faults: 859369
	Voluntary context switches: 450951
	Involuntary context switches: 100
	Swaps: 0
	File system inputs: 41168
	File system outputs: 93976
	Socket messages sent: 0
	Socket messages received: 0
	Signals delivered: 0
	Page size (bytes): 4096
	Exit status: 0
