[12 Dec 2019 00:20:52-QaC][cmd] /home/CSCScience.ca/apetkau/miniconda3/envs/bigsi_mccortex/bin/mccortex31 build --nkmers 74000000 --threads 1 --kmer 17 --mem 3G --sample SRR10513363 --seq microbial/kmer-counts-jellyfish/17/SRR10513363.kmer.gz microbial/bigsi/17/mccortex.SRR10513363.ctx
[12 Dec 2019 00:20:52-QaC][cwd] /home/CSCScience.ca/apetkau/workspace/comp7934-project
[12 Dec 2019 00:20:52-QaC][version] mccortex=v0.0.3-610-g400c0e3 zlib=1.2.11 htslib=1.8-17-g699ed53 ASSERTS=ON hash=Lookup3 CHECKS=ON k=3..31
[12 Dec 2019 00:20:52-QaC] Saving graph to: microbial/bigsi/17/mccortex.SRR10513363.ctx
[12 Dec 2019 00:20:52-QaC][sample] 0: SRR10513363
[12 Dec 2019 00:20:52-QaC][task] microbial/kmer-counts-jellyfish/17/SRR10513363.kmer.gz; FASTQ offset: auto-detect, threshold: off; cut homopolymers: off; remove PCR duplicates: no; colour: 0
[12 Dec 2019 00:20:52-QaC][memory] 104 bits per kmer
[12 Dec 2019 00:20:52-QaC] Note: Using less memory than requested (940MB < 3GB); allows for 75,497,472 kmers
[12 Dec 2019 00:20:52-QaC][memory] graph: 940MB
[12 Dec 2019 00:20:52-QaC][memory] total: 940MB of 62.6GB RAM
[12 Dec 2019 00:20:52-QaC] Writing 1 colour graph to microbial/bigsi/17/mccortex.SRR10513363.ctx
[12 Dec 2019 00:20:52-QaC][hasht] Allocating table with 75,497,472 entries, using 580MB
[12 Dec 2019 00:20:52-QaC][hasht]  number of buckets: 2,097,152, bucket size: 36
[12 Dec 2019 00:20:52-QaC][graph] kmer-size: 17; colours: 1; capacity: 75,497,472
[12 Dec 2019 00:20:52-QaC][hasht] buckets: 2,097,152 [2^21]; bucket size: 36; 
[12 Dec 2019 00:20:52-QaC][hasht] memory: 580MB; filled: 0 / 75,497,472 (0.00%)
[12 Dec 2019 00:20:52-QaC][asyncio] Inputs: 1; Threads: 1
[12 Dec 2019 00:20:52-QaC][seq] Parsing sequence file microbial/kmer-counts-jellyfish/17/SRR10513363.kmer.gz
[12 Dec 2019 00:20:58-QaC][seq] Loaded 2,386,428 reads and 0 reads pairs (file: microbial/kmer-counts-jellyfish/17/SRR10513363.kmer.gz)
[12 Dec 2019 00:20:58-QaC][hasht] buckets: 2,097,152 [2^21]; bucket size: 36; 
[12 Dec 2019 00:20:58-QaC][hasht] memory: 580MB; filled: 2,386,428 / 75,497,472 (3.16%)
[12 Dec 2019 00:20:58-QaC][hasht]  collisions  0: 2386428
[12 Dec 2019 00:20:58-QaC][task] input: microbial/kmer-counts-jellyfish/17/SRR10513363.kmer.gz colour: 0
[12 Dec 2019 00:20:58-QaC]  SE reads: 2,386,428  PE reads: 0
[12 Dec 2019 00:20:58-QaC]  good reads: 2,386,428  bad reads: 0
[12 Dec 2019 00:20:58-QaC]  dup SE reads: 0  dup PE pairs: 0
[12 Dec 2019 00:20:58-QaC]  bases read: 40,569,276  bases loaded: 40,569,276
[12 Dec 2019 00:20:58-QaC]  num contigs: 2,386,428  num kmers: 2,386,428 novel kmers: 2,386,428
[12 Dec 2019 00:20:58-QaC] Dumping graph...
[12 Dec 2019 00:20:58-QaC][graphwriter] Saving file to: microbial/bigsi/17/mccortex.SRR10513363.ctx
[12 Dec 2019 00:20:58-QaC][FileFilter] Writing graph  [1 src colour]
[12 Dec 2019 00:20:59-QaC][graphwriter] Dumped 2,386,428 kmers in 1 colour into: microbial/bigsi/17/mccortex.SRR10513363.ctx (ver: 6)
[12 Dec 2019 00:20:59-QaC][memory] We made 19 allocs
[12 Dec 2019 00:20:59-QaC] Done.
[12 Dec 2019 00:20:59-QaC][time] 7.00 seconds
	Command being timed: "mccortex 17 build --nkmers 74000000 --threads 1 --kmer 17 --mem 3G --sample SRR10513363 --seq microbial/kmer-counts-jellyfish/17/SRR10513363.kmer.gz microbial/bigsi/17/mccortex.SRR10513363.ctx"
	User time (seconds): 7.91
	System time (seconds): 3.14
	Percent of CPU this job got: 168%
	Elapsed (wall clock) time (h:mm:ss or m:ss): 0:06.58
	Average shared text size (kbytes): 0
	Average unshared data size (kbytes): 0
	Average stack size (kbytes): 0
	Average total size (kbytes): 0
	Maximum resident set size (kbytes): 898044
	Average resident set size (kbytes): 0
	Major (requiring I/O) page faults: 0
	Minor (reclaiming a frame) page faults: 857888
	Voluntary context switches: 288134
	Involuntary context switches: 13028
	Swaps: 0
	File system inputs: 26496
	File system outputs: 60608
	Socket messages sent: 0
	Socket messages received: 0
	Signals delivered: 0
	Page size (bytes): 4096
	Exit status: 0
