[12 Dec 2019 00:19:33-ZuB][cmd] /home/CSCScience.ca/apetkau/miniconda3/envs/bigsi_mccortex/bin/mccortex31 build --nkmers 74000000 --threads 1 --kmer 17 --mem 3G --sample ERR3656015 --seq microbial/kmer-counts-jellyfish/17/ERR3656015.kmer.gz microbial/bigsi/17/mccortex.ERR3656015.ctx
[12 Dec 2019 00:19:33-ZuB][cwd] /home/CSCScience.ca/apetkau/workspace/comp7934-project
[12 Dec 2019 00:19:33-ZuB][version] mccortex=v0.0.3-610-g400c0e3 zlib=1.2.11 htslib=1.8-17-g699ed53 ASSERTS=ON hash=Lookup3 CHECKS=ON k=3..31
[12 Dec 2019 00:19:33-ZuB] Saving graph to: microbial/bigsi/17/mccortex.ERR3656015.ctx
[12 Dec 2019 00:19:33-ZuB][sample] 0: ERR3656015
[12 Dec 2019 00:19:33-ZuB][task] microbial/kmer-counts-jellyfish/17/ERR3656015.kmer.gz; FASTQ offset: auto-detect, threshold: off; cut homopolymers: off; remove PCR duplicates: no; colour: 0
[12 Dec 2019 00:19:33-ZuB][memory] 104 bits per kmer
[12 Dec 2019 00:19:33-ZuB] Note: Using less memory than requested (940MB < 3GB); allows for 75,497,472 kmers
[12 Dec 2019 00:19:33-ZuB][memory] graph: 940MB
[12 Dec 2019 00:19:33-ZuB][memory] total: 940MB of 62.6GB RAM
[12 Dec 2019 00:19:33-ZuB] Writing 1 colour graph to microbial/bigsi/17/mccortex.ERR3656015.ctx
[12 Dec 2019 00:19:33-ZuB][hasht] Allocating table with 75,497,472 entries, using 580MB
[12 Dec 2019 00:19:33-ZuB][hasht]  number of buckets: 2,097,152, bucket size: 36
[12 Dec 2019 00:19:33-ZuB][graph] kmer-size: 17; colours: 1; capacity: 75,497,472
[12 Dec 2019 00:19:33-ZuB][hasht] buckets: 2,097,152 [2^21]; bucket size: 36; 
[12 Dec 2019 00:19:33-ZuB][hasht] memory: 580MB; filled: 0 / 75,497,472 (0.00%)
[12 Dec 2019 00:19:33-ZuB][asyncio] Inputs: 1; Threads: 1
[12 Dec 2019 00:19:33-ZuB][seq] Parsing sequence file microbial/kmer-counts-jellyfish/17/ERR3656015.kmer.gz
[12 Dec 2019 00:19:42-ZuB][seq] Loaded 3,741,537 reads and 0 reads pairs (file: microbial/kmer-counts-jellyfish/17/ERR3656015.kmer.gz)
[12 Dec 2019 00:19:42-ZuB][hasht] buckets: 2,097,152 [2^21]; bucket size: 36; 
[12 Dec 2019 00:19:42-ZuB][hasht] memory: 580MB; filled: 3,741,537 / 75,497,472 (4.96%)
[12 Dec 2019 00:19:42-ZuB][hasht]  collisions  0: 3741537
[12 Dec 2019 00:19:42-ZuB][task] input: microbial/kmer-counts-jellyfish/17/ERR3656015.kmer.gz colour: 0
[12 Dec 2019 00:19:42-ZuB]  SE reads: 3,741,537  PE reads: 0
[12 Dec 2019 00:19:42-ZuB]  good reads: 3,741,537  bad reads: 0
[12 Dec 2019 00:19:42-ZuB]  dup SE reads: 0  dup PE pairs: 0
[12 Dec 2019 00:19:42-ZuB]  bases read: 63,606,129  bases loaded: 63,606,129
[12 Dec 2019 00:19:42-ZuB]  num contigs: 3,741,537  num kmers: 3,741,537 novel kmers: 3,741,537
[12 Dec 2019 00:19:42-ZuB] Dumping graph...
[12 Dec 2019 00:19:42-ZuB][graphwriter] Saving file to: microbial/bigsi/17/mccortex.ERR3656015.ctx
[12 Dec 2019 00:19:42-ZuB][FileFilter] Writing graph  [1 src colour]
[12 Dec 2019 00:19:43-ZuB][graphwriter] Dumped 3,741,537 kmers in 1 colour into: microbial/bigsi/17/mccortex.ERR3656015.ctx (ver: 6)
[12 Dec 2019 00:19:43-ZuB][memory] We made 19 allocs
[12 Dec 2019 00:19:43-ZuB] Done.
[12 Dec 2019 00:19:43-ZuB][time] 10.00 seconds
	Command being timed: "mccortex 17 build --nkmers 74000000 --threads 1 --kmer 17 --mem 3G --sample ERR3656015 --seq microbial/kmer-counts-jellyfish/17/ERR3656015.kmer.gz microbial/bigsi/17/mccortex.ERR3656015.ctx"
	User time (seconds): 10.93
	System time (seconds): 5.69
	Percent of CPU this job got: 165%
	Elapsed (wall clock) time (h:mm:ss or m:ss): 0:10.02
	Average shared text size (kbytes): 0
	Average unshared data size (kbytes): 0
	Average stack size (kbytes): 0
	Average total size (kbytes): 0
	Maximum resident set size (kbytes): 898112
	Average resident set size (kbytes): 0
	Major (requiring I/O) page faults: 0
	Minor (reclaiming a frame) page faults: 928175
	Voluntary context switches: 582962
	Involuntary context switches: 9015
	Swaps: 0
	File system inputs: 41576
	File system outputs: 95016
	Socket messages sent: 0
	Socket messages received: 0
	Signals delivered: 0
	Page size (bytes): 4096
	Exit status: 0
