[12 Dec 2019 00:19:33-fom][cmd] /home/CSCScience.ca/apetkau/miniconda3/envs/bigsi_mccortex/bin/mccortex31 build --nkmers 74000000 --threads 1 --kmer 17 --mem 3G --sample SRR10298907 --seq microbial/kmer-counts-jellyfish/17/SRR10298907.kmer.gz microbial/bigsi/17/mccortex.SRR10298907.ctx
[12 Dec 2019 00:19:33-fom][cwd] /home/CSCScience.ca/apetkau/workspace/comp7934-project
[12 Dec 2019 00:19:33-fom][version] mccortex=v0.0.3-610-g400c0e3 zlib=1.2.11 htslib=1.8-17-g699ed53 ASSERTS=ON hash=Lookup3 CHECKS=ON k=3..31
[12 Dec 2019 00:19:33-fom] Saving graph to: microbial/bigsi/17/mccortex.SRR10298907.ctx
[12 Dec 2019 00:19:33-fom][sample] 0: SRR10298907
[12 Dec 2019 00:19:33-fom][task] microbial/kmer-counts-jellyfish/17/SRR10298907.kmer.gz; FASTQ offset: auto-detect, threshold: off; cut homopolymers: off; remove PCR duplicates: no; colour: 0
[12 Dec 2019 00:19:33-fom][memory] 104 bits per kmer
[12 Dec 2019 00:19:33-fom] Note: Using less memory than requested (940MB < 3GB); allows for 75,497,472 kmers
[12 Dec 2019 00:19:33-fom][memory] graph: 940MB
[12 Dec 2019 00:19:33-fom][memory] total: 940MB of 62.6GB RAM
[12 Dec 2019 00:19:33-fom] Writing 1 colour graph to microbial/bigsi/17/mccortex.SRR10298907.ctx
[12 Dec 2019 00:19:33-fom][hasht] Allocating table with 75,497,472 entries, using 580MB
[12 Dec 2019 00:19:33-fom][hasht]  number of buckets: 2,097,152, bucket size: 36
[12 Dec 2019 00:19:33-fom][graph] kmer-size: 17; colours: 1; capacity: 75,497,472
[12 Dec 2019 00:19:33-fom][hasht] buckets: 2,097,152 [2^21]; bucket size: 36; 
[12 Dec 2019 00:19:33-fom][hasht] memory: 580MB; filled: 0 / 75,497,472 (0.00%)
[12 Dec 2019 00:19:33-fom][asyncio] Inputs: 1; Threads: 1
[12 Dec 2019 00:19:33-fom][seq] Parsing sequence file microbial/kmer-counts-jellyfish/17/SRR10298907.kmer.gz
[12 Dec 2019 00:19:41-fom][seq] Loaded 3,625,413 reads and 0 reads pairs (file: microbial/kmer-counts-jellyfish/17/SRR10298907.kmer.gz)
[12 Dec 2019 00:19:41-fom][hasht] buckets: 2,097,152 [2^21]; bucket size: 36; 
[12 Dec 2019 00:19:41-fom][hasht] memory: 580MB; filled: 3,625,413 / 75,497,472 (4.80%)
[12 Dec 2019 00:19:41-fom][hasht]  collisions  0: 3625413
[12 Dec 2019 00:19:41-fom][task] input: microbial/kmer-counts-jellyfish/17/SRR10298907.kmer.gz colour: 0
[12 Dec 2019 00:19:41-fom]  SE reads: 3,625,413  PE reads: 0
[12 Dec 2019 00:19:41-fom]  good reads: 3,625,413  bad reads: 0
[12 Dec 2019 00:19:41-fom]  dup SE reads: 0  dup PE pairs: 0
[12 Dec 2019 00:19:41-fom]  bases read: 61,632,021  bases loaded: 61,632,021
[12 Dec 2019 00:19:41-fom]  num contigs: 3,625,413  num kmers: 3,625,413 novel kmers: 3,625,413
[12 Dec 2019 00:19:41-fom] Dumping graph...
[12 Dec 2019 00:19:41-fom][graphwriter] Saving file to: microbial/bigsi/17/mccortex.SRR10298907.ctx
[12 Dec 2019 00:19:41-fom][FileFilter] Writing graph  [1 src colour]
[12 Dec 2019 00:19:42-fom][graphwriter] Dumped 3,625,413 kmers in 1 colour into: microbial/bigsi/17/mccortex.SRR10298907.ctx (ver: 6)
[12 Dec 2019 00:19:42-fom][memory] We made 19 allocs
[12 Dec 2019 00:19:42-fom] Done.
[12 Dec 2019 00:19:42-fom][time] 9.00 seconds
	Command being timed: "mccortex 17 build --nkmers 74000000 --threads 1 --kmer 17 --mem 3G --sample SRR10298907 --seq microbial/kmer-counts-jellyfish/17/SRR10298907.kmer.gz microbial/bigsi/17/mccortex.SRR10298907.ctx"
	User time (seconds): 9.01
	System time (seconds): 5.26
	Percent of CPU this job got: 161%
	Elapsed (wall clock) time (h:mm:ss or m:ss): 0:08.84
	Average shared text size (kbytes): 0
	Average unshared data size (kbytes): 0
	Average stack size (kbytes): 0
	Average total size (kbytes): 0
	Maximum resident set size (kbytes): 898032
	Average resident set size (kbytes): 0
	Major (requiring I/O) page faults: 0
	Minor (reclaiming a frame) page faults: 704289
	Voluntary context switches: 357718
	Involuntary context switches: 184
	Swaps: 0
	File system inputs: 40288
	File system outputs: 92064
	Socket messages sent: 0
	Socket messages received: 0
	Signals delivered: 0
	Page size (bytes): 4096
	Exit status: 0
