[12 Dec 2019 00:19:33-kox][cmd] /home/CSCScience.ca/apetkau/miniconda3/envs/bigsi_mccortex/bin/mccortex31 build --nkmers 74000000 --threads 1 --kmer 17 --mem 3G --sample ERR3656019 --seq microbial/kmer-counts-jellyfish/17/ERR3656019.kmer.gz microbial/bigsi/17/mccortex.ERR3656019.ctx
[12 Dec 2019 00:19:33-kox][cwd] /home/CSCScience.ca/apetkau/workspace/comp7934-project
[12 Dec 2019 00:19:33-kox][version] mccortex=v0.0.3-610-g400c0e3 zlib=1.2.11 htslib=1.8-17-g699ed53 ASSERTS=ON hash=Lookup3 CHECKS=ON k=3..31
[12 Dec 2019 00:19:33-kox] Saving graph to: microbial/bigsi/17/mccortex.ERR3656019.ctx
[12 Dec 2019 00:19:33-kox][sample] 0: ERR3656019
[12 Dec 2019 00:19:33-kox][task] microbial/kmer-counts-jellyfish/17/ERR3656019.kmer.gz; FASTQ offset: auto-detect, threshold: off; cut homopolymers: off; remove PCR duplicates: no; colour: 0
[12 Dec 2019 00:19:33-kox][memory] 104 bits per kmer
[12 Dec 2019 00:19:33-kox] Note: Using less memory than requested (940MB < 3GB); allows for 75,497,472 kmers
[12 Dec 2019 00:19:33-kox][memory] graph: 940MB
[12 Dec 2019 00:19:33-kox][memory] total: 940MB of 62.6GB RAM
[12 Dec 2019 00:19:33-kox] Writing 1 colour graph to microbial/bigsi/17/mccortex.ERR3656019.ctx
[12 Dec 2019 00:19:33-kox][hasht] Allocating table with 75,497,472 entries, using 580MB
[12 Dec 2019 00:19:33-kox][hasht]  number of buckets: 2,097,152, bucket size: 36
[12 Dec 2019 00:19:33-kox][graph] kmer-size: 17; colours: 1; capacity: 75,497,472
[12 Dec 2019 00:19:33-kox][hasht] buckets: 2,097,152 [2^21]; bucket size: 36; 
[12 Dec 2019 00:19:33-kox][hasht] memory: 580MB; filled: 0 / 75,497,472 (0.00%)
[12 Dec 2019 00:19:33-kox][asyncio] Inputs: 1; Threads: 1
[12 Dec 2019 00:19:33-kox][seq] Parsing sequence file microbial/kmer-counts-jellyfish/17/ERR3656019.kmer.gz
[12 Dec 2019 00:19:45-kox][seq] Loaded 4,594,486 reads and 0 reads pairs (file: microbial/kmer-counts-jellyfish/17/ERR3656019.kmer.gz)
[12 Dec 2019 00:19:45-kox][hasht] buckets: 2,097,152 [2^21]; bucket size: 36; 
[12 Dec 2019 00:19:45-kox][hasht] memory: 580MB; filled: 4,594,486 / 75,497,472 (6.09%)
[12 Dec 2019 00:19:45-kox][hasht]  collisions  0: 4594486
[12 Dec 2019 00:19:45-kox][task] input: microbial/kmer-counts-jellyfish/17/ERR3656019.kmer.gz colour: 0
[12 Dec 2019 00:19:45-kox]  SE reads: 4,594,486  PE reads: 0
[12 Dec 2019 00:19:45-kox]  good reads: 4,594,486  bad reads: 0
[12 Dec 2019 00:19:45-kox]  dup SE reads: 0  dup PE pairs: 0
[12 Dec 2019 00:19:45-kox]  bases read: 78,106,262  bases loaded: 78,106,262
[12 Dec 2019 00:19:45-kox]  num contigs: 4,594,486  num kmers: 4,594,486 novel kmers: 4,594,486
[12 Dec 2019 00:19:45-kox] Dumping graph...
[12 Dec 2019 00:19:45-kox][graphwriter] Saving file to: microbial/bigsi/17/mccortex.ERR3656019.ctx
[12 Dec 2019 00:19:45-kox][FileFilter] Writing graph  [1 src colour]
[12 Dec 2019 00:19:46-kox][graphwriter] Dumped 4,594,486 kmers in 1 colour into: microbial/bigsi/17/mccortex.ERR3656019.ctx (ver: 6)
[12 Dec 2019 00:19:46-kox][memory] We made 19 allocs
[12 Dec 2019 00:19:46-kox] Done.
[12 Dec 2019 00:19:46-kox][time] 13.00 seconds
	Command being timed: "mccortex 17 build --nkmers 74000000 --threads 1 --kmer 17 --mem 3G --sample ERR3656019 --seq microbial/kmer-counts-jellyfish/17/ERR3656019.kmer.gz microbial/bigsi/17/mccortex.ERR3656019.ctx"
	User time (seconds): 12.30
	System time (seconds): 6.94
	Percent of CPU this job got: 155%
	Elapsed (wall clock) time (h:mm:ss or m:ss): 0:12.34
	Average shared text size (kbytes): 0
	Average unshared data size (kbytes): 0
	Average stack size (kbytes): 0
	Average total size (kbytes): 0
	Maximum resident set size (kbytes): 898248
	Average resident set size (kbytes): 0
	Major (requiring I/O) page faults: 0
	Minor (reclaiming a frame) page faults: 989913
	Voluntary context switches: 557531
	Involuntary context switches: 71422
	Swaps: 0
	File system inputs: 50872
	File system outputs: 116672
	Socket messages sent: 0
	Socket messages received: 0
	Signals delivered: 0
	Page size (bytes): 4096
	Exit status: 0
