[12 Dec 2019 00:19:33-gil][cmd] /home/CSCScience.ca/apetkau/miniconda3/envs/bigsi_mccortex/bin/mccortex31 build --nkmers 74000000 --threads 1 --kmer 17 --mem 3G --sample ERR1144974 --seq microbial/kmer-counts-jellyfish/17/ERR1144974.kmer.gz microbial/bigsi/17/mccortex.ERR1144974.ctx
[12 Dec 2019 00:19:33-gil][cwd] /home/CSCScience.ca/apetkau/workspace/comp7934-project
[12 Dec 2019 00:19:33-gil][version] mccortex=v0.0.3-610-g400c0e3 zlib=1.2.11 htslib=1.8-17-g699ed53 ASSERTS=ON hash=Lookup3 CHECKS=ON k=3..31
[12 Dec 2019 00:19:33-gil] Saving graph to: microbial/bigsi/17/mccortex.ERR1144974.ctx
[12 Dec 2019 00:19:33-gil][sample] 0: ERR1144974
[12 Dec 2019 00:19:33-gil][task] microbial/kmer-counts-jellyfish/17/ERR1144974.kmer.gz; FASTQ offset: auto-detect, threshold: off; cut homopolymers: off; remove PCR duplicates: no; colour: 0
[12 Dec 2019 00:19:33-gil][memory] 104 bits per kmer
[12 Dec 2019 00:19:33-gil] Note: Using less memory than requested (940MB < 3GB); allows for 75,497,472 kmers
[12 Dec 2019 00:19:33-gil][memory] graph: 940MB
[12 Dec 2019 00:19:33-gil][memory] total: 940MB of 62.6GB RAM
[12 Dec 2019 00:19:33-gil] Writing 1 colour graph to microbial/bigsi/17/mccortex.ERR1144974.ctx
[12 Dec 2019 00:19:33-gil][hasht] Allocating table with 75,497,472 entries, using 580MB
[12 Dec 2019 00:19:33-gil][hasht]  number of buckets: 2,097,152, bucket size: 36
[12 Dec 2019 00:19:33-gil][graph] kmer-size: 17; colours: 1; capacity: 75,497,472
[12 Dec 2019 00:19:33-gil][hasht] buckets: 2,097,152 [2^21]; bucket size: 36; 
[12 Dec 2019 00:19:33-gil][hasht] memory: 580MB; filled: 0 / 75,497,472 (0.00%)
[12 Dec 2019 00:19:33-gil][asyncio] Inputs: 1; Threads: 1
[12 Dec 2019 00:19:33-gil][seq] Parsing sequence file microbial/kmer-counts-jellyfish/17/ERR1144974.kmer.gz
[12 Dec 2019 00:19:42-gil][seq] Loaded 3,686,374 reads and 0 reads pairs (file: microbial/kmer-counts-jellyfish/17/ERR1144974.kmer.gz)
[12 Dec 2019 00:19:42-gil][hasht] buckets: 2,097,152 [2^21]; bucket size: 36; 
[12 Dec 2019 00:19:42-gil][hasht] memory: 580MB; filled: 3,686,374 / 75,497,472 (4.88%)
[12 Dec 2019 00:19:42-gil][hasht]  collisions  0: 3686374
[12 Dec 2019 00:19:42-gil][task] input: microbial/kmer-counts-jellyfish/17/ERR1144974.kmer.gz colour: 0
[12 Dec 2019 00:19:42-gil]  SE reads: 3,686,374  PE reads: 0
[12 Dec 2019 00:19:42-gil]  good reads: 3,686,374  bad reads: 0
[12 Dec 2019 00:19:42-gil]  dup SE reads: 0  dup PE pairs: 0
[12 Dec 2019 00:19:42-gil]  bases read: 62,668,358  bases loaded: 62,668,358
[12 Dec 2019 00:19:42-gil]  num contigs: 3,686,374  num kmers: 3,686,374 novel kmers: 3,686,374
[12 Dec 2019 00:19:42-gil] Dumping graph...
[12 Dec 2019 00:19:42-gil][graphwriter] Saving file to: microbial/bigsi/17/mccortex.ERR1144974.ctx
[12 Dec 2019 00:19:42-gil][FileFilter] Writing graph  [1 src colour]
[12 Dec 2019 00:19:43-gil][graphwriter] Dumped 3,686,374 kmers in 1 colour into: microbial/bigsi/17/mccortex.ERR1144974.ctx (ver: 6)
[12 Dec 2019 00:19:43-gil][memory] We made 19 allocs
[12 Dec 2019 00:19:43-gil] Done.
[12 Dec 2019 00:19:43-gil][time] 10.00 seconds
	Command being timed: "mccortex 17 build --nkmers 74000000 --threads 1 --kmer 17 --mem 3G --sample ERR1144974 --seq microbial/kmer-counts-jellyfish/17/ERR1144974.kmer.gz microbial/bigsi/17/mccortex.ERR1144974.ctx"
	User time (seconds): 10.37
	System time (seconds): 5.85
	Percent of CPU this job got: 162%
	Elapsed (wall clock) time (h:mm:ss or m:ss): 0:10.01
	Average shared text size (kbytes): 0
	Average unshared data size (kbytes): 0
	Average stack size (kbytes): 0
	Average total size (kbytes): 0
	Maximum resident set size (kbytes): 898112
	Average resident set size (kbytes): 0
	Major (requiring I/O) page faults: 0
	Minor (reclaiming a frame) page faults: 704678
	Voluntary context switches: 417600
	Involuntary context switches: 8667
	Swaps: 0
	File system inputs: 40416
	File system outputs: 93608
	Socket messages sent: 0
	Socket messages received: 0
	Signals delivered: 0
	Page size (bytes): 4096
	Exit status: 0
