[12 Dec 2019 00:19:33-zOM][cmd] /home/CSCScience.ca/apetkau/miniconda3/envs/bigsi_mccortex/bin/mccortex31 build --nkmers 74000000 --threads 1 --kmer 17 --mem 3G --sample ERR3655996 --seq microbial/kmer-counts-jellyfish/17/ERR3655996.kmer.gz microbial/bigsi/17/mccortex.ERR3655996.ctx
[12 Dec 2019 00:19:33-zOM][cwd] /home/CSCScience.ca/apetkau/workspace/comp7934-project
[12 Dec 2019 00:19:33-zOM][version] mccortex=v0.0.3-610-g400c0e3 zlib=1.2.11 htslib=1.8-17-g699ed53 ASSERTS=ON hash=Lookup3 CHECKS=ON k=3..31
[12 Dec 2019 00:19:33-zOM] Saving graph to: microbial/bigsi/17/mccortex.ERR3655996.ctx
[12 Dec 2019 00:19:33-zOM][sample] 0: ERR3655996
[12 Dec 2019 00:19:33-zOM][task] microbial/kmer-counts-jellyfish/17/ERR3655996.kmer.gz; FASTQ offset: auto-detect, threshold: off; cut homopolymers: off; remove PCR duplicates: no; colour: 0
[12 Dec 2019 00:19:33-zOM][memory] 104 bits per kmer
[12 Dec 2019 00:19:33-zOM] Note: Using less memory than requested (940MB < 3GB); allows for 75,497,472 kmers
[12 Dec 2019 00:19:33-zOM][memory] graph: 940MB
[12 Dec 2019 00:19:33-zOM][memory] total: 940MB of 62.6GB RAM
[12 Dec 2019 00:19:33-zOM] Writing 1 colour graph to microbial/bigsi/17/mccortex.ERR3655996.ctx
[12 Dec 2019 00:19:33-zOM][hasht] Allocating table with 75,497,472 entries, using 580MB
[12 Dec 2019 00:19:33-zOM][hasht]  number of buckets: 2,097,152, bucket size: 36
[12 Dec 2019 00:19:33-zOM][graph] kmer-size: 17; colours: 1; capacity: 75,497,472
[12 Dec 2019 00:19:33-zOM][hasht] buckets: 2,097,152 [2^21]; bucket size: 36; 
[12 Dec 2019 00:19:33-zOM][hasht] memory: 580MB; filled: 0 / 75,497,472 (0.00%)
[12 Dec 2019 00:19:33-zOM][asyncio] Inputs: 1; Threads: 1
[12 Dec 2019 00:19:33-zOM][seq] Parsing sequence file microbial/kmer-counts-jellyfish/17/ERR3655996.kmer.gz
[12 Dec 2019 00:19:46-zOM][BuildGraph] Read 5,000,000 entries (reads / read pairs)
[12 Dec 2019 00:19:46-zOM][seq] Loaded 5,242,903 reads and 0 reads pairs (file: microbial/kmer-counts-jellyfish/17/ERR3655996.kmer.gz)
[12 Dec 2019 00:19:46-zOM][hasht] buckets: 2,097,152 [2^21]; bucket size: 36; 
[12 Dec 2019 00:19:46-zOM][hasht] memory: 580MB; filled: 5,242,903 / 75,497,472 (6.94%)
[12 Dec 2019 00:19:46-zOM][hasht]  collisions  0: 5242903
[12 Dec 2019 00:19:46-zOM][task] input: microbial/kmer-counts-jellyfish/17/ERR3655996.kmer.gz colour: 0
[12 Dec 2019 00:19:46-zOM]  SE reads: 5,242,903  PE reads: 0
[12 Dec 2019 00:19:46-zOM]  good reads: 5,242,903  bad reads: 0
[12 Dec 2019 00:19:46-zOM]  dup SE reads: 0  dup PE pairs: 0
[12 Dec 2019 00:19:46-zOM]  bases read: 89,129,351  bases loaded: 89,129,351
[12 Dec 2019 00:19:46-zOM]  num contigs: 5,242,903  num kmers: 5,242,903 novel kmers: 5,242,903
[12 Dec 2019 00:19:46-zOM] Dumping graph...
[12 Dec 2019 00:19:46-zOM][graphwriter] Saving file to: microbial/bigsi/17/mccortex.ERR3655996.ctx
[12 Dec 2019 00:19:46-zOM][FileFilter] Writing graph  [1 src colour]
[12 Dec 2019 00:19:47-zOM][graphwriter] Dumped 5,242,903 kmers in 1 colour into: microbial/bigsi/17/mccortex.ERR3655996.ctx (ver: 6)
[12 Dec 2019 00:19:47-zOM][memory] We made 19 allocs
[12 Dec 2019 00:19:47-zOM] Done.
[12 Dec 2019 00:19:47-zOM][time] 14.00 seconds
	Command being timed: "mccortex 17 build --nkmers 74000000 --threads 1 --kmer 17 --mem 3G --sample ERR3655996 --seq microbial/kmer-counts-jellyfish/17/ERR3655996.kmer.gz microbial/bigsi/17/mccortex.ERR3655996.ctx"
	User time (seconds): 17.37
	System time (seconds): 4.94
	Percent of CPU this job got: 162%
	Elapsed (wall clock) time (h:mm:ss or m:ss): 0:13.68
	Average shared text size (kbytes): 0
	Average unshared data size (kbytes): 0
	Average stack size (kbytes): 0
	Average total size (kbytes): 0
	Maximum resident set size (kbytes): 898024
	Average resident set size (kbytes): 0
	Major (requiring I/O) page faults: 0
	Minor (reclaiming a frame) page faults: 961206
	Voluntary context switches: 388674
	Involuntary context switches: 69912
	Swaps: 0
	File system inputs: 57224
	File system outputs: 133136
	Socket messages sent: 0
	Socket messages received: 0
	Signals delivered: 0
	Page size (bytes): 4096
	Exit status: 0
