[12 Dec 2019 00:19:33-moK][cmd] /home/CSCScience.ca/apetkau/miniconda3/envs/bigsi_mccortex/bin/mccortex31 build --nkmers 74000000 --threads 1 --kmer 17 --mem 3G --sample ERR3656002 --seq microbial/kmer-counts-jellyfish/17/ERR3656002.kmer.gz microbial/bigsi/17/mccortex.ERR3656002.ctx
[12 Dec 2019 00:19:33-moK][cwd] /home/CSCScience.ca/apetkau/workspace/comp7934-project
[12 Dec 2019 00:19:33-moK][version] mccortex=v0.0.3-610-g400c0e3 zlib=1.2.11 htslib=1.8-17-g699ed53 ASSERTS=ON hash=Lookup3 CHECKS=ON k=3..31
[12 Dec 2019 00:19:33-moK] Saving graph to: microbial/bigsi/17/mccortex.ERR3656002.ctx
[12 Dec 2019 00:19:33-moK][sample] 0: ERR3656002
[12 Dec 2019 00:19:33-moK][task] microbial/kmer-counts-jellyfish/17/ERR3656002.kmer.gz; FASTQ offset: auto-detect, threshold: off; cut homopolymers: off; remove PCR duplicates: no; colour: 0
[12 Dec 2019 00:19:33-moK][memory] 104 bits per kmer
[12 Dec 2019 00:19:33-moK] Note: Using less memory than requested (940MB < 3GB); allows for 75,497,472 kmers
[12 Dec 2019 00:19:33-moK][memory] graph: 940MB
[12 Dec 2019 00:19:33-moK][memory] total: 940MB of 62.6GB RAM
[12 Dec 2019 00:19:33-moK] Writing 1 colour graph to microbial/bigsi/17/mccortex.ERR3656002.ctx
[12 Dec 2019 00:19:33-moK][hasht] Allocating table with 75,497,472 entries, using 580MB
[12 Dec 2019 00:19:33-moK][hasht]  number of buckets: 2,097,152, bucket size: 36
[12 Dec 2019 00:19:33-moK][graph] kmer-size: 17; colours: 1; capacity: 75,497,472
[12 Dec 2019 00:19:33-moK][hasht] buckets: 2,097,152 [2^21]; bucket size: 36; 
[12 Dec 2019 00:19:33-moK][hasht] memory: 580MB; filled: 0 / 75,497,472 (0.00%)
[12 Dec 2019 00:19:33-moK][asyncio] Inputs: 1; Threads: 1
[12 Dec 2019 00:19:33-moK][seq] Parsing sequence file microbial/kmer-counts-jellyfish/17/ERR3656002.kmer.gz
[12 Dec 2019 00:19:44-moK][BuildGraph] Read 5,000,000 entries (reads / read pairs)
[12 Dec 2019 00:19:45-moK][seq] Loaded 5,343,160 reads and 0 reads pairs (file: microbial/kmer-counts-jellyfish/17/ERR3656002.kmer.gz)
[12 Dec 2019 00:19:45-moK][hasht] buckets: 2,097,152 [2^21]; bucket size: 36; 
[12 Dec 2019 00:19:45-moK][hasht] memory: 580MB; filled: 5,343,160 / 75,497,472 (7.08%)
[12 Dec 2019 00:19:45-moK][hasht]  collisions  0: 5343160
[12 Dec 2019 00:19:45-moK][task] input: microbial/kmer-counts-jellyfish/17/ERR3656002.kmer.gz colour: 0
[12 Dec 2019 00:19:45-moK]  SE reads: 5,343,160  PE reads: 0
[12 Dec 2019 00:19:45-moK]  good reads: 5,343,160  bad reads: 0
[12 Dec 2019 00:19:45-moK]  dup SE reads: 0  dup PE pairs: 0
[12 Dec 2019 00:19:45-moK]  bases read: 90,833,720  bases loaded: 90,833,720
[12 Dec 2019 00:19:45-moK]  num contigs: 5,343,160  num kmers: 5,343,160 novel kmers: 5,343,160
[12 Dec 2019 00:19:45-moK] Dumping graph...
[12 Dec 2019 00:19:45-moK][graphwriter] Saving file to: microbial/bigsi/17/mccortex.ERR3656002.ctx
[12 Dec 2019 00:19:45-moK][FileFilter] Writing graph  [1 src colour]
[12 Dec 2019 00:19:46-moK][graphwriter] Dumped 5,343,160 kmers in 1 colour into: microbial/bigsi/17/mccortex.ERR3656002.ctx (ver: 6)
[12 Dec 2019 00:19:46-moK][memory] We made 19 allocs
[12 Dec 2019 00:19:46-moK] Done.
[12 Dec 2019 00:19:46-moK][time] 13.00 seconds
	Command being timed: "mccortex 17 build --nkmers 74000000 --threads 1 --kmer 17 --mem 3G --sample ERR3656002 --seq microbial/kmer-counts-jellyfish/17/ERR3656002.kmer.gz microbial/bigsi/17/mccortex.ERR3656002.ctx"
	User time (seconds): 13.50
	System time (seconds): 6.41
	Percent of CPU this job got: 158%
	Elapsed (wall clock) time (h:mm:ss or m:ss): 0:12.58
	Average shared text size (kbytes): 0
	Average unshared data size (kbytes): 0
	Average stack size (kbytes): 0
	Average total size (kbytes): 0
	Maximum resident set size (kbytes): 898164
	Average resident set size (kbytes): 0
	Major (requiring I/O) page faults: 0
	Minor (reclaiming a frame) page faults: 715417
	Voluntary context switches: 453278
	Involuntary context switches: 33613
	Swaps: 0
	File system inputs: 58392
	File system outputs: 135680
	Socket messages sent: 0
	Socket messages received: 0
	Signals delivered: 0
	Page size (bytes): 4096
	Exit status: 0
