[12 Dec 2019 00:21:27-dES][cmd] /home/CSCScience.ca/apetkau/miniconda3/envs/bigsi_mccortex/bin/mccortex31 build --nkmers 74000000 --threads 1 --kmer 17 --mem 3G --sample SRR10527351 --seq microbial/kmer-counts-jellyfish/17/SRR10527351.kmer.gz microbial/bigsi/17/mccortex.SRR10527351.ctx
[12 Dec 2019 00:21:27-dES][cwd] /home/CSCScience.ca/apetkau/workspace/comp7934-project
[12 Dec 2019 00:21:27-dES][version] mccortex=v0.0.3-610-g400c0e3 zlib=1.2.11 htslib=1.8-17-g699ed53 ASSERTS=ON hash=Lookup3 CHECKS=ON k=3..31
[12 Dec 2019 00:21:27-dES] Saving graph to: microbial/bigsi/17/mccortex.SRR10527351.ctx
[12 Dec 2019 00:21:27-dES][sample] 0: SRR10527351
[12 Dec 2019 00:21:27-dES][task] microbial/kmer-counts-jellyfish/17/SRR10527351.kmer.gz; FASTQ offset: auto-detect, threshold: off; cut homopolymers: off; remove PCR duplicates: no; colour: 0
[12 Dec 2019 00:21:27-dES][memory] 104 bits per kmer
[12 Dec 2019 00:21:27-dES] Note: Using less memory than requested (940MB < 3GB); allows for 75,497,472 kmers
[12 Dec 2019 00:21:27-dES][memory] graph: 940MB
[12 Dec 2019 00:21:27-dES][memory] total: 940MB of 62.6GB RAM
[12 Dec 2019 00:21:27-dES] Writing 1 colour graph to microbial/bigsi/17/mccortex.SRR10527351.ctx
[12 Dec 2019 00:21:27-dES][hasht] Allocating table with 75,497,472 entries, using 580MB
[12 Dec 2019 00:21:27-dES][hasht]  number of buckets: 2,097,152, bucket size: 36
[12 Dec 2019 00:21:27-dES][graph] kmer-size: 17; colours: 1; capacity: 75,497,472
[12 Dec 2019 00:21:27-dES][hasht] buckets: 2,097,152 [2^21]; bucket size: 36; 
[12 Dec 2019 00:21:27-dES][hasht] memory: 580MB; filled: 0 / 75,497,472 (0.00%)
[12 Dec 2019 00:21:27-dES][asyncio] Inputs: 1; Threads: 1
[12 Dec 2019 00:21:27-dES][seq] Parsing sequence file microbial/kmer-counts-jellyfish/17/SRR10527351.kmer.gz
[12 Dec 2019 00:21:35-dES][seq] Loaded 3,726,652 reads and 0 reads pairs (file: microbial/kmer-counts-jellyfish/17/SRR10527351.kmer.gz)
[12 Dec 2019 00:21:35-dES][hasht] buckets: 2,097,152 [2^21]; bucket size: 36; 
[12 Dec 2019 00:21:35-dES][hasht] memory: 580MB; filled: 3,726,652 / 75,497,472 (4.94%)
[12 Dec 2019 00:21:35-dES][hasht]  collisions  0: 3726652
[12 Dec 2019 00:21:35-dES][task] input: microbial/kmer-counts-jellyfish/17/SRR10527351.kmer.gz colour: 0
[12 Dec 2019 00:21:35-dES]  SE reads: 3,726,652  PE reads: 0
[12 Dec 2019 00:21:35-dES]  good reads: 3,726,652  bad reads: 0
[12 Dec 2019 00:21:35-dES]  dup SE reads: 0  dup PE pairs: 0
[12 Dec 2019 00:21:35-dES]  bases read: 63,353,084  bases loaded: 63,353,084
[12 Dec 2019 00:21:35-dES]  num contigs: 3,726,652  num kmers: 3,726,652 novel kmers: 3,726,652
[12 Dec 2019 00:21:35-dES] Dumping graph...
[12 Dec 2019 00:21:35-dES][graphwriter] Saving file to: microbial/bigsi/17/mccortex.SRR10527351.ctx
[12 Dec 2019 00:21:35-dES][FileFilter] Writing graph  [1 src colour]
[12 Dec 2019 00:21:36-dES][graphwriter] Dumped 3,726,652 kmers in 1 colour into: microbial/bigsi/17/mccortex.SRR10527351.ctx (ver: 6)
[12 Dec 2019 00:21:36-dES][memory] We made 19 allocs
[12 Dec 2019 00:21:36-dES] Done.
[12 Dec 2019 00:21:36-dES][time] 9.00 seconds
	Command being timed: "mccortex 17 build --nkmers 74000000 --threads 1 --kmer 17 --mem 3G --sample SRR10527351 --seq microbial/kmer-counts-jellyfish/17/SRR10527351.kmer.gz microbial/bigsi/17/mccortex.SRR10527351.ctx"
	User time (seconds): 10.52
	System time (seconds): 5.00
	Percent of CPU this job got: 171%
	Elapsed (wall clock) time (h:mm:ss or m:ss): 0:09.05
	Average shared text size (kbytes): 0
	Average unshared data size (kbytes): 0
	Average stack size (kbytes): 0
	Average total size (kbytes): 0
	Maximum resident set size (kbytes): 898028
	Average resident set size (kbytes): 0
	Major (requiring I/O) page faults: 0
	Minor (reclaiming a frame) page faults: 1197741
	Voluntary context switches: 517996
	Involuntary context switches: 6940
	Swaps: 0
	File system inputs: 41448
	File system outputs: 94632
	Socket messages sent: 0
	Socket messages received: 0
	Signals delivered: 0
	Page size (bytes): 4096
	Exit status: 0
