[12 Dec 2019 00:19:33-xiz][cmd] /home/CSCScience.ca/apetkau/miniconda3/envs/bigsi_mccortex/bin/mccortex31 build --nkmers 74000000 --threads 1 --kmer 17 --mem 3G --sample SRR10512964 --seq microbial/kmer-counts-jellyfish/17/SRR10512964.kmer.gz microbial/bigsi/17/mccortex.SRR10512964.ctx
[12 Dec 2019 00:19:33-xiz][cwd] /home/CSCScience.ca/apetkau/workspace/comp7934-project
[12 Dec 2019 00:19:33-xiz][version] mccortex=v0.0.3-610-g400c0e3 zlib=1.2.11 htslib=1.8-17-g699ed53 ASSERTS=ON hash=Lookup3 CHECKS=ON k=3..31
[12 Dec 2019 00:19:33-xiz] Saving graph to: microbial/bigsi/17/mccortex.SRR10512964.ctx
[12 Dec 2019 00:19:33-xiz][sample] 0: SRR10512964
[12 Dec 2019 00:19:33-xiz][task] microbial/kmer-counts-jellyfish/17/SRR10512964.kmer.gz; FASTQ offset: auto-detect, threshold: off; cut homopolymers: off; remove PCR duplicates: no; colour: 0
[12 Dec 2019 00:19:33-xiz][memory] 104 bits per kmer
[12 Dec 2019 00:19:33-xiz] Note: Using less memory than requested (940MB < 3GB); allows for 75,497,472 kmers
[12 Dec 2019 00:19:33-xiz][memory] graph: 940MB
[12 Dec 2019 00:19:33-xiz][memory] total: 940MB of 62.6GB RAM
[12 Dec 2019 00:19:33-xiz] Writing 1 colour graph to microbial/bigsi/17/mccortex.SRR10512964.ctx
[12 Dec 2019 00:19:33-xiz][hasht] Allocating table with 75,497,472 entries, using 580MB
[12 Dec 2019 00:19:33-xiz][hasht]  number of buckets: 2,097,152, bucket size: 36
[12 Dec 2019 00:19:33-xiz][graph] kmer-size: 17; colours: 1; capacity: 75,497,472
[12 Dec 2019 00:19:33-xiz][hasht] buckets: 2,097,152 [2^21]; bucket size: 36; 
[12 Dec 2019 00:19:33-xiz][hasht] memory: 580MB; filled: 0 / 75,497,472 (0.00%)
[12 Dec 2019 00:19:33-xiz][asyncio] Inputs: 1; Threads: 1
[12 Dec 2019 00:19:33-xiz][seq] Parsing sequence file microbial/kmer-counts-jellyfish/17/SRR10512964.kmer.gz
[12 Dec 2019 00:19:45-xiz][BuildGraph] Read 5,000,000 entries (reads / read pairs)
[12 Dec 2019 00:19:47-xiz][seq] Loaded 6,549,303 reads and 0 reads pairs (file: microbial/kmer-counts-jellyfish/17/SRR10512964.kmer.gz)
[12 Dec 2019 00:19:47-xiz][hasht] buckets: 2,097,152 [2^21]; bucket size: 36; 
[12 Dec 2019 00:19:47-xiz][hasht] memory: 580MB; filled: 6,549,303 / 75,497,472 (8.67%)
[12 Dec 2019 00:19:47-xiz][hasht]  collisions  0: 6549303
[12 Dec 2019 00:19:47-xiz][task] input: microbial/kmer-counts-jellyfish/17/SRR10512964.kmer.gz colour: 0
[12 Dec 2019 00:19:47-xiz]  SE reads: 6,549,303  PE reads: 0
[12 Dec 2019 00:19:47-xiz]  good reads: 6,549,303  bad reads: 0
[12 Dec 2019 00:19:47-xiz]  dup SE reads: 0  dup PE pairs: 0
[12 Dec 2019 00:19:47-xiz]  bases read: 111,338,151  bases loaded: 111,338,151
[12 Dec 2019 00:19:47-xiz]  num contigs: 6,549,303  num kmers: 6,549,303 novel kmers: 6,549,303
[12 Dec 2019 00:19:47-xiz] Dumping graph...
[12 Dec 2019 00:19:47-xiz][graphwriter] Saving file to: microbial/bigsi/17/mccortex.SRR10512964.ctx
[12 Dec 2019 00:19:47-xiz][FileFilter] Writing graph  [1 src colour]
[12 Dec 2019 00:19:48-xiz][graphwriter] Dumped 6,549,303 kmers in 1 colour into: microbial/bigsi/17/mccortex.SRR10512964.ctx (ver: 6)
[12 Dec 2019 00:19:48-xiz][memory] We made 19 allocs
[12 Dec 2019 00:19:48-xiz] Done.
[12 Dec 2019 00:19:48-xiz][time] 15.00 seconds
	Command being timed: "mccortex 17 build --nkmers 74000000 --threads 1 --kmer 17 --mem 3G --sample SRR10512964 --seq microbial/kmer-counts-jellyfish/17/SRR10512964.kmer.gz microbial/bigsi/17/mccortex.SRR10512964.ctx"
	User time (seconds): 17.08
	System time (seconds): 6.63
	Percent of CPU this job got: 160%
	Elapsed (wall clock) time (h:mm:ss or m:ss): 0:14.78
	Average shared text size (kbytes): 0
	Average unshared data size (kbytes): 0
	Average stack size (kbytes): 0
	Average total size (kbytes): 0
	Maximum resident set size (kbytes): 898056
	Average resident set size (kbytes): 0
	Major (requiring I/O) page faults: 0
	Minor (reclaiming a frame) page faults: 881201
	Voluntary context switches: 480910
	Involuntary context switches: 62637
	Swaps: 0
	File system inputs: 72584
	File system outputs: 166304
	Socket messages sent: 0
	Socket messages received: 0
	Signals delivered: 0
	Page size (bytes): 4096
	Exit status: 0
