[12 Dec 2019 00:19:33-lAb][cmd] /home/CSCScience.ca/apetkau/miniconda3/envs/bigsi_mccortex/bin/mccortex31 build --nkmers 74000000 --threads 1 --kmer 17 --mem 3G --sample ERR1144978 --seq microbial/kmer-counts-jellyfish/17/ERR1144978.kmer.gz microbial/bigsi/17/mccortex.ERR1144978.ctx
[12 Dec 2019 00:19:33-lAb][cwd] /home/CSCScience.ca/apetkau/workspace/comp7934-project
[12 Dec 2019 00:19:33-lAb][version] mccortex=v0.0.3-610-g400c0e3 zlib=1.2.11 htslib=1.8-17-g699ed53 ASSERTS=ON hash=Lookup3 CHECKS=ON k=3..31
[12 Dec 2019 00:19:33-lAb] Saving graph to: microbial/bigsi/17/mccortex.ERR1144978.ctx
[12 Dec 2019 00:19:33-lAb][sample] 0: ERR1144978
[12 Dec 2019 00:19:33-lAb][task] microbial/kmer-counts-jellyfish/17/ERR1144978.kmer.gz; FASTQ offset: auto-detect, threshold: off; cut homopolymers: off; remove PCR duplicates: no; colour: 0
[12 Dec 2019 00:19:33-lAb][memory] 104 bits per kmer
[12 Dec 2019 00:19:33-lAb] Note: Using less memory than requested (940MB < 3GB); allows for 75,497,472 kmers
[12 Dec 2019 00:19:33-lAb][memory] graph: 940MB
[12 Dec 2019 00:19:33-lAb][memory] total: 940MB of 62.6GB RAM
[12 Dec 2019 00:19:33-lAb] Writing 1 colour graph to microbial/bigsi/17/mccortex.ERR1144978.ctx
[12 Dec 2019 00:19:33-lAb][hasht] Allocating table with 75,497,472 entries, using 580MB
[12 Dec 2019 00:19:33-lAb][hasht]  number of buckets: 2,097,152, bucket size: 36
[12 Dec 2019 00:19:33-lAb][graph] kmer-size: 17; colours: 1; capacity: 75,497,472
[12 Dec 2019 00:19:33-lAb][hasht] buckets: 2,097,152 [2^21]; bucket size: 36; 
[12 Dec 2019 00:19:33-lAb][hasht] memory: 580MB; filled: 0 / 75,497,472 (0.00%)
[12 Dec 2019 00:19:33-lAb][asyncio] Inputs: 1; Threads: 1
[12 Dec 2019 00:19:33-lAb][seq] Parsing sequence file microbial/kmer-counts-jellyfish/17/ERR1144978.kmer.gz
[12 Dec 2019 00:19:42-lAb][seq] Loaded 3,682,675 reads and 0 reads pairs (file: microbial/kmer-counts-jellyfish/17/ERR1144978.kmer.gz)
[12 Dec 2019 00:19:42-lAb][hasht] buckets: 2,097,152 [2^21]; bucket size: 36; 
[12 Dec 2019 00:19:42-lAb][hasht] memory: 580MB; filled: 3,682,675 / 75,497,472 (4.88%)
[12 Dec 2019 00:19:42-lAb][hasht]  collisions  0: 3682675
[12 Dec 2019 00:19:42-lAb][task] input: microbial/kmer-counts-jellyfish/17/ERR1144978.kmer.gz colour: 0
[12 Dec 2019 00:19:42-lAb]  SE reads: 3,682,675  PE reads: 0
[12 Dec 2019 00:19:42-lAb]  good reads: 3,682,675  bad reads: 0
[12 Dec 2019 00:19:42-lAb]  dup SE reads: 0  dup PE pairs: 0
[12 Dec 2019 00:19:42-lAb]  bases read: 62,605,475  bases loaded: 62,605,475
[12 Dec 2019 00:19:42-lAb]  num contigs: 3,682,675  num kmers: 3,682,675 novel kmers: 3,682,675
[12 Dec 2019 00:19:42-lAb] Dumping graph...
[12 Dec 2019 00:19:42-lAb][graphwriter] Saving file to: microbial/bigsi/17/mccortex.ERR1144978.ctx
[12 Dec 2019 00:19:42-lAb][FileFilter] Writing graph  [1 src colour]
[12 Dec 2019 00:19:43-lAb][graphwriter] Dumped 3,682,675 kmers in 1 colour into: microbial/bigsi/17/mccortex.ERR1144978.ctx (ver: 6)
[12 Dec 2019 00:19:43-lAb][memory] We made 19 allocs
[12 Dec 2019 00:19:43-lAb] Done.
[12 Dec 2019 00:19:43-lAb][time] 10.00 seconds
	Command being timed: "mccortex 17 build --nkmers 74000000 --threads 1 --kmer 17 --mem 3G --sample ERR1144978 --seq microbial/kmer-counts-jellyfish/17/ERR1144978.kmer.gz microbial/bigsi/17/mccortex.ERR1144978.ctx"
	User time (seconds): 9.48
	System time (seconds): 5.69
	Percent of CPU this job got: 160%
	Elapsed (wall clock) time (h:mm:ss or m:ss): 0:09.43
	Average shared text size (kbytes): 0
	Average unshared data size (kbytes): 0
	Average stack size (kbytes): 0
	Average total size (kbytes): 0
	Maximum resident set size (kbytes): 898176
	Average resident set size (kbytes): 0
	Major (requiring I/O) page faults: 0
	Minor (reclaiming a frame) page faults: 707656
	Voluntary context switches: 385850
	Involuntary context switches: 330
	Swaps: 0
	File system inputs: 40384
	File system outputs: 93520
	Socket messages sent: 0
	Socket messages received: 0
	Signals delivered: 0
	Page size (bytes): 4096
	Exit status: 0
