[12 Dec 2019 00:20:58-XUK][cmd] /home/CSCScience.ca/apetkau/miniconda3/envs/bigsi_mccortex/bin/mccortex31 build --nkmers 74000000 --threads 1 --kmer 17 --mem 3G --sample SRR10521983 --seq microbial/kmer-counts-jellyfish/17/SRR10521983.kmer.gz microbial/bigsi/17/mccortex.SRR10521983.ctx
[12 Dec 2019 00:20:58-XUK][cwd] /home/CSCScience.ca/apetkau/workspace/comp7934-project
[12 Dec 2019 00:20:58-XUK][version] mccortex=v0.0.3-610-g400c0e3 zlib=1.2.11 htslib=1.8-17-g699ed53 ASSERTS=ON hash=Lookup3 CHECKS=ON k=3..31
[12 Dec 2019 00:20:58-XUK] Saving graph to: microbial/bigsi/17/mccortex.SRR10521983.ctx
[12 Dec 2019 00:20:58-XUK][sample] 0: SRR10521983
[12 Dec 2019 00:20:58-XUK][task] microbial/kmer-counts-jellyfish/17/SRR10521983.kmer.gz; FASTQ offset: auto-detect, threshold: off; cut homopolymers: off; remove PCR duplicates: no; colour: 0
[12 Dec 2019 00:20:58-XUK][memory] 104 bits per kmer
[12 Dec 2019 00:20:58-XUK] Note: Using less memory than requested (940MB < 3GB); allows for 75,497,472 kmers
[12 Dec 2019 00:20:58-XUK][memory] graph: 940MB
[12 Dec 2019 00:20:58-XUK][memory] total: 940MB of 62.6GB RAM
[12 Dec 2019 00:20:58-XUK] Writing 1 colour graph to microbial/bigsi/17/mccortex.SRR10521983.ctx
[12 Dec 2019 00:20:58-XUK][hasht] Allocating table with 75,497,472 entries, using 580MB
[12 Dec 2019 00:20:58-XUK][hasht]  number of buckets: 2,097,152, bucket size: 36
[12 Dec 2019 00:20:58-XUK][graph] kmer-size: 17; colours: 1; capacity: 75,497,472
[12 Dec 2019 00:20:58-XUK][hasht] buckets: 2,097,152 [2^21]; bucket size: 36; 
[12 Dec 2019 00:20:58-XUK][hasht] memory: 580MB; filled: 0 / 75,497,472 (0.00%)
[12 Dec 2019 00:20:58-XUK][asyncio] Inputs: 1; Threads: 1
[12 Dec 2019 00:20:58-XUK][seq] Parsing sequence file microbial/kmer-counts-jellyfish/17/SRR10521983.kmer.gz
[12 Dec 2019 00:21:04-XUK][seq] Loaded 1,847,692 reads and 0 reads pairs (file: microbial/kmer-counts-jellyfish/17/SRR10521983.kmer.gz)
[12 Dec 2019 00:21:04-XUK][hasht] buckets: 2,097,152 [2^21]; bucket size: 36; 
[12 Dec 2019 00:21:04-XUK][hasht] memory: 580MB; filled: 1,847,692 / 75,497,472 (2.45%)
[12 Dec 2019 00:21:04-XUK][hasht]  collisions  0: 1847692
[12 Dec 2019 00:21:04-XUK][task] input: microbial/kmer-counts-jellyfish/17/SRR10521983.kmer.gz colour: 0
[12 Dec 2019 00:21:04-XUK]  SE reads: 1,847,692  PE reads: 0
[12 Dec 2019 00:21:04-XUK]  good reads: 1,847,692  bad reads: 0
[12 Dec 2019 00:21:04-XUK]  dup SE reads: 0  dup PE pairs: 0
[12 Dec 2019 00:21:04-XUK]  bases read: 31,410,764  bases loaded: 31,410,764
[12 Dec 2019 00:21:04-XUK]  num contigs: 1,847,692  num kmers: 1,847,692 novel kmers: 1,847,692
[12 Dec 2019 00:21:04-XUK] Dumping graph...
[12 Dec 2019 00:21:04-XUK][graphwriter] Saving file to: microbial/bigsi/17/mccortex.SRR10521983.ctx
[12 Dec 2019 00:21:04-XUK][FileFilter] Writing graph  [1 src colour]
[12 Dec 2019 00:21:05-XUK][graphwriter] Dumped 1,847,692 kmers in 1 colour into: microbial/bigsi/17/mccortex.SRR10521983.ctx (ver: 6)
[12 Dec 2019 00:21:05-XUK][memory] We made 19 allocs
[12 Dec 2019 00:21:05-XUK] Done.
[12 Dec 2019 00:21:05-XUK][time] 7.00 seconds
	Command being timed: "mccortex 17 build --nkmers 74000000 --threads 1 --kmer 17 --mem 3G --sample SRR10521983 --seq microbial/kmer-counts-jellyfish/17/SRR10521983.kmer.gz microbial/bigsi/17/mccortex.SRR10521983.ctx"
	User time (seconds): 6.45
	System time (seconds): 4.39
	Percent of CPU this job got: 153%
	Elapsed (wall clock) time (h:mm:ss or m:ss): 0:07.06
	Average shared text size (kbytes): 0
	Average unshared data size (kbytes): 0
	Average stack size (kbytes): 0
	Average total size (kbytes): 0
	Maximum resident set size (kbytes): 898224
	Average resident set size (kbytes): 0
	Major (requiring I/O) page faults: 0
	Minor (reclaiming a frame) page faults: 848768
	Voluntary context switches: 370540
	Involuntary context switches: 67377
	Swaps: 0
	File system inputs: 20088
	File system outputs: 46928
	Socket messages sent: 0
	Socket messages received: 0
	Signals delivered: 0
	Page size (bytes): 4096
	Exit status: 0
