[12 Dec 2019 00:20:52-VoL][cmd] /home/CSCScience.ca/apetkau/miniconda3/envs/bigsi_mccortex/bin/mccortex31 build --nkmers 74000000 --threads 1 --kmer 17 --mem 3G --sample SRR10513328 --seq microbial/kmer-counts-jellyfish/17/SRR10513328.kmer.gz microbial/bigsi/17/mccortex.SRR10513328.ctx
[12 Dec 2019 00:20:52-VoL][cwd] /home/CSCScience.ca/apetkau/workspace/comp7934-project
[12 Dec 2019 00:20:52-VoL][version] mccortex=v0.0.3-610-g400c0e3 zlib=1.2.11 htslib=1.8-17-g699ed53 ASSERTS=ON hash=Lookup3 CHECKS=ON k=3..31
[12 Dec 2019 00:20:52-VoL] Saving graph to: microbial/bigsi/17/mccortex.SRR10513328.ctx
[12 Dec 2019 00:20:52-VoL][sample] 0: SRR10513328
[12 Dec 2019 00:20:52-VoL][task] microbial/kmer-counts-jellyfish/17/SRR10513328.kmer.gz; FASTQ offset: auto-detect, threshold: off; cut homopolymers: off; remove PCR duplicates: no; colour: 0
[12 Dec 2019 00:20:52-VoL][memory] 104 bits per kmer
[12 Dec 2019 00:20:52-VoL] Note: Using less memory than requested (940MB < 3GB); allows for 75,497,472 kmers
[12 Dec 2019 00:20:52-VoL][memory] graph: 940MB
[12 Dec 2019 00:20:52-VoL][memory] total: 940MB of 62.6GB RAM
[12 Dec 2019 00:20:52-VoL] Writing 1 colour graph to microbial/bigsi/17/mccortex.SRR10513328.ctx
[12 Dec 2019 00:20:52-VoL][hasht] Allocating table with 75,497,472 entries, using 580MB
[12 Dec 2019 00:20:52-VoL][hasht]  number of buckets: 2,097,152, bucket size: 36
[12 Dec 2019 00:20:52-VoL][graph] kmer-size: 17; colours: 1; capacity: 75,497,472
[12 Dec 2019 00:20:52-VoL][hasht] buckets: 2,097,152 [2^21]; bucket size: 36; 
[12 Dec 2019 00:20:52-VoL][hasht] memory: 580MB; filled: 0 / 75,497,472 (0.00%)
[12 Dec 2019 00:20:52-VoL][asyncio] Inputs: 1; Threads: 1
[12 Dec 2019 00:20:52-VoL][seq] Parsing sequence file microbial/kmer-counts-jellyfish/17/SRR10513328.kmer.gz
[12 Dec 2019 00:20:57-VoL][seq] Loaded 2,461,905 reads and 0 reads pairs (file: microbial/kmer-counts-jellyfish/17/SRR10513328.kmer.gz)
[12 Dec 2019 00:20:57-VoL][hasht] buckets: 2,097,152 [2^21]; bucket size: 36; 
[12 Dec 2019 00:20:57-VoL][hasht] memory: 580MB; filled: 2,461,905 / 75,497,472 (3.26%)
[12 Dec 2019 00:20:57-VoL][hasht]  collisions  0: 2461905
[12 Dec 2019 00:20:57-VoL][task] input: microbial/kmer-counts-jellyfish/17/SRR10513328.kmer.gz colour: 0
[12 Dec 2019 00:20:57-VoL]  SE reads: 2,461,905  PE reads: 0
[12 Dec 2019 00:20:57-VoL]  good reads: 2,461,905  bad reads: 0
[12 Dec 2019 00:20:57-VoL]  dup SE reads: 0  dup PE pairs: 0
[12 Dec 2019 00:20:57-VoL]  bases read: 41,852,385  bases loaded: 41,852,385
[12 Dec 2019 00:20:57-VoL]  num contigs: 2,461,905  num kmers: 2,461,905 novel kmers: 2,461,905
[12 Dec 2019 00:20:57-VoL] Dumping graph...
[12 Dec 2019 00:20:57-VoL][graphwriter] Saving file to: microbial/bigsi/17/mccortex.SRR10513328.ctx
[12 Dec 2019 00:20:57-VoL][FileFilter] Writing graph  [1 src colour]
[12 Dec 2019 00:20:57-VoL][graphwriter] Dumped 2,461,905 kmers in 1 colour into: microbial/bigsi/17/mccortex.SRR10513328.ctx (ver: 6)
[12 Dec 2019 00:20:57-VoL][memory] We made 19 allocs
[12 Dec 2019 00:20:57-VoL] Done.
[12 Dec 2019 00:20:57-VoL][time] 5.00 seconds
	Command being timed: "mccortex 17 build --nkmers 74000000 --threads 1 --kmer 17 --mem 3G --sample SRR10513328 --seq microbial/kmer-counts-jellyfish/17/SRR10513328.kmer.gz microbial/bigsi/17/mccortex.SRR10513328.ctx"
	User time (seconds): 5.90
	System time (seconds): 3.26
	Percent of CPU this job got: 168%
	Elapsed (wall clock) time (h:mm:ss or m:ss): 0:05.46
	Average shared text size (kbytes): 0
	Average unshared data size (kbytes): 0
	Average stack size (kbytes): 0
	Average total size (kbytes): 0
	Maximum resident set size (kbytes): 898116
	Average resident set size (kbytes): 0
	Major (requiring I/O) page faults: 0
	Minor (reclaiming a frame) page faults: 820783
	Voluntary context switches: 347505
	Involuntary context switches: 10585
	Swaps: 0
	File system inputs: 27328
	File system outputs: 62520
	Socket messages sent: 0
	Socket messages received: 0
	Signals delivered: 0
	Page size (bytes): 4096
	Exit status: 0
