[12 Dec 2019 00:20:54-tEq][cmd] /home/CSCScience.ca/apetkau/miniconda3/envs/bigsi_mccortex/bin/mccortex31 build --nkmers 74000000 --threads 1 --kmer 17 --mem 3G --sample SRR10519469 --seq microbial/kmer-counts-jellyfish/17/SRR10519469.kmer.gz microbial/bigsi/17/mccortex.SRR10519469.ctx
[12 Dec 2019 00:20:54-tEq][cwd] /home/CSCScience.ca/apetkau/workspace/comp7934-project
[12 Dec 2019 00:20:54-tEq][version] mccortex=v0.0.3-610-g400c0e3 zlib=1.2.11 htslib=1.8-17-g699ed53 ASSERTS=ON hash=Lookup3 CHECKS=ON k=3..31
[12 Dec 2019 00:20:54-tEq] Saving graph to: microbial/bigsi/17/mccortex.SRR10519469.ctx
[12 Dec 2019 00:20:54-tEq][sample] 0: SRR10519469
[12 Dec 2019 00:20:54-tEq][task] microbial/kmer-counts-jellyfish/17/SRR10519469.kmer.gz; FASTQ offset: auto-detect, threshold: off; cut homopolymers: off; remove PCR duplicates: no; colour: 0
[12 Dec 2019 00:20:54-tEq][memory] 104 bits per kmer
[12 Dec 2019 00:20:54-tEq] Note: Using less memory than requested (940MB < 3GB); allows for 75,497,472 kmers
[12 Dec 2019 00:20:54-tEq][memory] graph: 940MB
[12 Dec 2019 00:20:54-tEq][memory] total: 940MB of 62.6GB RAM
[12 Dec 2019 00:20:54-tEq] Writing 1 colour graph to microbial/bigsi/17/mccortex.SRR10519469.ctx
[12 Dec 2019 00:20:54-tEq][hasht] Allocating table with 75,497,472 entries, using 580MB
[12 Dec 2019 00:20:54-tEq][hasht]  number of buckets: 2,097,152, bucket size: 36
[12 Dec 2019 00:20:54-tEq][graph] kmer-size: 17; colours: 1; capacity: 75,497,472
[12 Dec 2019 00:20:54-tEq][hasht] buckets: 2,097,152 [2^21]; bucket size: 36; 
[12 Dec 2019 00:20:54-tEq][hasht] memory: 580MB; filled: 0 / 75,497,472 (0.00%)
[12 Dec 2019 00:20:54-tEq][asyncio] Inputs: 1; Threads: 1
[12 Dec 2019 00:20:54-tEq][seq] Parsing sequence file microbial/kmer-counts-jellyfish/17/SRR10519469.kmer.gz
[12 Dec 2019 00:20:58-tEq][seq] Loaded 1,695,920 reads and 0 reads pairs (file: microbial/kmer-counts-jellyfish/17/SRR10519469.kmer.gz)
[12 Dec 2019 00:20:58-tEq][hasht] buckets: 2,097,152 [2^21]; bucket size: 36; 
[12 Dec 2019 00:20:58-tEq][hasht] memory: 580MB; filled: 1,695,920 / 75,497,472 (2.25%)
[12 Dec 2019 00:20:58-tEq][hasht]  collisions  0: 1695920
[12 Dec 2019 00:20:58-tEq][task] input: microbial/kmer-counts-jellyfish/17/SRR10519469.kmer.gz colour: 0
[12 Dec 2019 00:20:58-tEq]  SE reads: 1,695,920  PE reads: 0
[12 Dec 2019 00:20:58-tEq]  good reads: 1,695,920  bad reads: 0
[12 Dec 2019 00:20:58-tEq]  dup SE reads: 0  dup PE pairs: 0
[12 Dec 2019 00:20:58-tEq]  bases read: 28,830,640  bases loaded: 28,830,640
[12 Dec 2019 00:20:58-tEq]  num contigs: 1,695,920  num kmers: 1,695,920 novel kmers: 1,695,920
[12 Dec 2019 00:20:58-tEq] Dumping graph...
[12 Dec 2019 00:20:58-tEq][graphwriter] Saving file to: microbial/bigsi/17/mccortex.SRR10519469.ctx
[12 Dec 2019 00:20:58-tEq][FileFilter] Writing graph  [1 src colour]
[12 Dec 2019 00:20:58-tEq][graphwriter] Dumped 1,695,920 kmers in 1 colour into: microbial/bigsi/17/mccortex.SRR10519469.ctx (ver: 6)
[12 Dec 2019 00:20:58-tEq][memory] We made 19 allocs
[12 Dec 2019 00:20:58-tEq] Done.
[12 Dec 2019 00:20:58-tEq][time] 4.00 seconds
	Command being timed: "mccortex 17 build --nkmers 74000000 --threads 1 --kmer 17 --mem 3G --sample SRR10519469 --seq microbial/kmer-counts-jellyfish/17/SRR10519469.kmer.gz microbial/bigsi/17/mccortex.SRR10519469.ctx"
	User time (seconds): 4.43
	System time (seconds): 3.03
	Percent of CPU this job got: 165%
	Elapsed (wall clock) time (h:mm:ss or m:ss): 0:04.52
	Average shared text size (kbytes): 0
	Average unshared data size (kbytes): 0
	Average stack size (kbytes): 0
	Average total size (kbytes): 0
	Maximum resident set size (kbytes): 898336
	Average resident set size (kbytes): 0
	Major (requiring I/O) page faults: 0
	Minor (reclaiming a frame) page faults: 707141
	Voluntary context switches: 272644
	Involuntary context switches: 13841
	Swaps: 0
	File system inputs: 18496
	File system outputs: 43072
	Socket messages sent: 0
	Socket messages received: 0
	Signals delivered: 0
	Page size (bytes): 4096
	Exit status: 0
