[12 Dec 2019 00:19:33-QiY][cmd] /home/CSCScience.ca/apetkau/miniconda3/envs/bigsi_mccortex/bin/mccortex31 build --nkmers 74000000 --threads 1 --kmer 17 --mem 3G --sample ERR3655992 --seq microbial/kmer-counts-jellyfish/17/ERR3655992.kmer.gz microbial/bigsi/17/mccortex.ERR3655992.ctx
[12 Dec 2019 00:19:33-QiY][cwd] /home/CSCScience.ca/apetkau/workspace/comp7934-project
[12 Dec 2019 00:19:33-QiY][version] mccortex=v0.0.3-610-g400c0e3 zlib=1.2.11 htslib=1.8-17-g699ed53 ASSERTS=ON hash=Lookup3 CHECKS=ON k=3..31
[12 Dec 2019 00:19:33-QiY] Saving graph to: microbial/bigsi/17/mccortex.ERR3655992.ctx
[12 Dec 2019 00:19:33-QiY][sample] 0: ERR3655992
[12 Dec 2019 00:19:33-QiY][task] microbial/kmer-counts-jellyfish/17/ERR3655992.kmer.gz; FASTQ offset: auto-detect, threshold: off; cut homopolymers: off; remove PCR duplicates: no; colour: 0
[12 Dec 2019 00:19:33-QiY][memory] 104 bits per kmer
[12 Dec 2019 00:19:33-QiY] Note: Using less memory than requested (940MB < 3GB); allows for 75,497,472 kmers
[12 Dec 2019 00:19:33-QiY][memory] graph: 940MB
[12 Dec 2019 00:19:33-QiY][memory] total: 940MB of 62.6GB RAM
[12 Dec 2019 00:19:33-QiY] Writing 1 colour graph to microbial/bigsi/17/mccortex.ERR3655992.ctx
[12 Dec 2019 00:19:33-QiY][hasht] Allocating table with 75,497,472 entries, using 580MB
[12 Dec 2019 00:19:33-QiY][hasht]  number of buckets: 2,097,152, bucket size: 36
[12 Dec 2019 00:19:33-QiY][graph] kmer-size: 17; colours: 1; capacity: 75,497,472
[12 Dec 2019 00:19:33-QiY][hasht] buckets: 2,097,152 [2^21]; bucket size: 36; 
[12 Dec 2019 00:19:33-QiY][hasht] memory: 580MB; filled: 0 / 75,497,472 (0.00%)
[12 Dec 2019 00:19:33-QiY][asyncio] Inputs: 1; Threads: 1
[12 Dec 2019 00:19:33-QiY][seq] Parsing sequence file microbial/kmer-counts-jellyfish/17/ERR3655992.kmer.gz
[12 Dec 2019 00:19:44-QiY][BuildGraph] Read 5,000,000 entries (reads / read pairs)
[12 Dec 2019 00:19:45-QiY][seq] Loaded 5,139,236 reads and 0 reads pairs (file: microbial/kmer-counts-jellyfish/17/ERR3655992.kmer.gz)
[12 Dec 2019 00:19:45-QiY][hasht] buckets: 2,097,152 [2^21]; bucket size: 36; 
[12 Dec 2019 00:19:45-QiY][hasht] memory: 580MB; filled: 5,139,236 / 75,497,472 (6.81%)
[12 Dec 2019 00:19:45-QiY][hasht]  collisions  0: 5139236
[12 Dec 2019 00:19:45-QiY][task] input: microbial/kmer-counts-jellyfish/17/ERR3655992.kmer.gz colour: 0
[12 Dec 2019 00:19:45-QiY]  SE reads: 5,139,236  PE reads: 0
[12 Dec 2019 00:19:45-QiY]  good reads: 5,139,236  bad reads: 0
[12 Dec 2019 00:19:45-QiY]  dup SE reads: 0  dup PE pairs: 0
[12 Dec 2019 00:19:45-QiY]  bases read: 87,367,012  bases loaded: 87,367,012
[12 Dec 2019 00:19:45-QiY]  num contigs: 5,139,236  num kmers: 5,139,236 novel kmers: 5,139,236
[12 Dec 2019 00:19:45-QiY] Dumping graph...
[12 Dec 2019 00:19:45-QiY][graphwriter] Saving file to: microbial/bigsi/17/mccortex.ERR3655992.ctx
[12 Dec 2019 00:19:45-QiY][FileFilter] Writing graph  [1 src colour]
[12 Dec 2019 00:19:45-QiY][graphwriter] Dumped 5,139,236 kmers in 1 colour into: microbial/bigsi/17/mccortex.ERR3655992.ctx (ver: 6)
[12 Dec 2019 00:19:45-QiY][memory] We made 19 allocs
[12 Dec 2019 00:19:45-QiY] Done.
[12 Dec 2019 00:19:45-QiY][time] 12.00 seconds
	Command being timed: "mccortex 17 build --nkmers 74000000 --threads 1 --kmer 17 --mem 3G --sample ERR3655992 --seq microbial/kmer-counts-jellyfish/17/ERR3655992.kmer.gz microbial/bigsi/17/mccortex.ERR3655992.ctx"
	User time (seconds): 12.81
	System time (seconds): 6.34
	Percent of CPU this job got: 158%
	Elapsed (wall clock) time (h:mm:ss or m:ss): 0:12.12
	Average shared text size (kbytes): 0
	Average unshared data size (kbytes): 0
	Average stack size (kbytes): 0
	Average total size (kbytes): 0
	Maximum resident set size (kbytes): 898064
	Average resident set size (kbytes): 0
	Major (requiring I/O) page faults: 0
	Minor (reclaiming a frame) page faults: 712176
	Voluntary context switches: 475752
	Involuntary context switches: 65124
	Swaps: 0
	File system inputs: 55984
	File system outputs: 130504
	Socket messages sent: 0
	Socket messages received: 0
	Signals delivered: 0
	Page size (bytes): 4096
	Exit status: 0
