[12 Dec 2019 00:20:53-NAq][cmd] /home/CSCScience.ca/apetkau/miniconda3/envs/bigsi_mccortex/bin/mccortex31 build --nkmers 74000000 --threads 1 --kmer 17 --mem 3G --sample SRR10519468 --seq microbial/kmer-counts-jellyfish/17/SRR10519468.kmer.gz microbial/bigsi/17/mccortex.SRR10519468.ctx
[12 Dec 2019 00:20:53-NAq][cwd] /home/CSCScience.ca/apetkau/workspace/comp7934-project
[12 Dec 2019 00:20:53-NAq][version] mccortex=v0.0.3-610-g400c0e3 zlib=1.2.11 htslib=1.8-17-g699ed53 ASSERTS=ON hash=Lookup3 CHECKS=ON k=3..31
[12 Dec 2019 00:20:53-NAq] Saving graph to: microbial/bigsi/17/mccortex.SRR10519468.ctx
[12 Dec 2019 00:20:53-NAq][sample] 0: SRR10519468
[12 Dec 2019 00:20:53-NAq][task] microbial/kmer-counts-jellyfish/17/SRR10519468.kmer.gz; FASTQ offset: auto-detect, threshold: off; cut homopolymers: off; remove PCR duplicates: no; colour: 0
[12 Dec 2019 00:20:53-NAq][memory] 104 bits per kmer
[12 Dec 2019 00:20:53-NAq] Note: Using less memory than requested (940MB < 3GB); allows for 75,497,472 kmers
[12 Dec 2019 00:20:53-NAq][memory] graph: 940MB
[12 Dec 2019 00:20:53-NAq][memory] total: 940MB of 62.6GB RAM
[12 Dec 2019 00:20:53-NAq] Writing 1 colour graph to microbial/bigsi/17/mccortex.SRR10519468.ctx
[12 Dec 2019 00:20:53-NAq][hasht] Allocating table with 75,497,472 entries, using 580MB
[12 Dec 2019 00:20:53-NAq][hasht]  number of buckets: 2,097,152, bucket size: 36
[12 Dec 2019 00:20:53-NAq][graph] kmer-size: 17; colours: 1; capacity: 75,497,472
[12 Dec 2019 00:20:53-NAq][hasht] buckets: 2,097,152 [2^21]; bucket size: 36; 
[12 Dec 2019 00:20:53-NAq][hasht] memory: 580MB; filled: 0 / 75,497,472 (0.00%)
[12 Dec 2019 00:20:53-NAq][asyncio] Inputs: 1; Threads: 1
[12 Dec 2019 00:20:53-NAq][seq] Parsing sequence file microbial/kmer-counts-jellyfish/17/SRR10519468.kmer.gz
[12 Dec 2019 00:20:58-NAq][seq] Loaded 1,655,363 reads and 0 reads pairs (file: microbial/kmer-counts-jellyfish/17/SRR10519468.kmer.gz)
[12 Dec 2019 00:20:58-NAq][hasht] buckets: 2,097,152 [2^21]; bucket size: 36; 
[12 Dec 2019 00:20:58-NAq][hasht] memory: 580MB; filled: 1,655,363 / 75,497,472 (2.19%)
[12 Dec 2019 00:20:58-NAq][hasht]  collisions  0: 1655363
[12 Dec 2019 00:20:58-NAq][task] input: microbial/kmer-counts-jellyfish/17/SRR10519468.kmer.gz colour: 0
[12 Dec 2019 00:20:58-NAq]  SE reads: 1,655,363  PE reads: 0
[12 Dec 2019 00:20:58-NAq]  good reads: 1,655,363  bad reads: 0
[12 Dec 2019 00:20:58-NAq]  dup SE reads: 0  dup PE pairs: 0
[12 Dec 2019 00:20:58-NAq]  bases read: 28,141,171  bases loaded: 28,141,171
[12 Dec 2019 00:20:58-NAq]  num contigs: 1,655,363  num kmers: 1,655,363 novel kmers: 1,655,363
[12 Dec 2019 00:20:58-NAq] Dumping graph...
[12 Dec 2019 00:20:58-NAq][graphwriter] Saving file to: microbial/bigsi/17/mccortex.SRR10519468.ctx
[12 Dec 2019 00:20:58-NAq][FileFilter] Writing graph  [1 src colour]
[12 Dec 2019 00:20:59-NAq][graphwriter] Dumped 1,655,363 kmers in 1 colour into: microbial/bigsi/17/mccortex.SRR10519468.ctx (ver: 6)
[12 Dec 2019 00:20:59-NAq][memory] We made 19 allocs
[12 Dec 2019 00:20:59-NAq] Done.
[12 Dec 2019 00:20:59-NAq][time] 6.00 seconds
	Command being timed: "mccortex 17 build --nkmers 74000000 --threads 1 --kmer 17 --mem 3G --sample SRR10519468 --seq microbial/kmer-counts-jellyfish/17/SRR10519468.kmer.gz microbial/bigsi/17/mccortex.SRR10519468.ctx"
	User time (seconds): 6.04
	System time (seconds): 2.79
	Percent of CPU this job got: 159%
	Elapsed (wall clock) time (h:mm:ss or m:ss): 0:05.52
	Average shared text size (kbytes): 0
	Average unshared data size (kbytes): 0
	Average stack size (kbytes): 0
	Average total size (kbytes): 0
	Maximum resident set size (kbytes): 898032
	Average resident set size (kbytes): 0
	Major (requiring I/O) page faults: 0
	Minor (reclaiming a frame) page faults: 742870
	Voluntary context switches: 231266
	Involuntary context switches: 19428
	Swaps: 0
	File system inputs: 18000
	File system outputs: 42040
	Socket messages sent: 0
	Socket messages received: 0
	Signals delivered: 0
	Page size (bytes): 4096
	Exit status: 0
