[12 Dec 2019 00:21:32-ToC][cmd] /home/CSCScience.ca/apetkau/miniconda3/envs/bigsi_mccortex/bin/mccortex31 build --nkmers 74000000 --threads 1 --kmer 17 --mem 3G --sample SRR8088181 --seq microbial/kmer-counts-jellyfish/17/SRR8088181.kmer.gz microbial/bigsi/17/mccortex.SRR8088181.ctx
[12 Dec 2019 00:21:32-ToC][cwd] /home/CSCScience.ca/apetkau/workspace/comp7934-project
[12 Dec 2019 00:21:32-ToC][version] mccortex=v0.0.3-610-g400c0e3 zlib=1.2.11 htslib=1.8-17-g699ed53 ASSERTS=ON hash=Lookup3 CHECKS=ON k=3..31
[12 Dec 2019 00:21:32-ToC] Saving graph to: microbial/bigsi/17/mccortex.SRR8088181.ctx
[12 Dec 2019 00:21:32-ToC][sample] 0: SRR8088181
[12 Dec 2019 00:21:32-ToC][task] microbial/kmer-counts-jellyfish/17/SRR8088181.kmer.gz; FASTQ offset: auto-detect, threshold: off; cut homopolymers: off; remove PCR duplicates: no; colour: 0
[12 Dec 2019 00:21:32-ToC][memory] 104 bits per kmer
[12 Dec 2019 00:21:32-ToC] Note: Using less memory than requested (940MB < 3GB); allows for 75,497,472 kmers
[12 Dec 2019 00:21:32-ToC][memory] graph: 940MB
[12 Dec 2019 00:21:32-ToC][memory] total: 940MB of 62.6GB RAM
[12 Dec 2019 00:21:32-ToC] Writing 1 colour graph to microbial/bigsi/17/mccortex.SRR8088181.ctx
[12 Dec 2019 00:21:32-ToC][hasht] Allocating table with 75,497,472 entries, using 580MB
[12 Dec 2019 00:21:32-ToC][hasht]  number of buckets: 2,097,152, bucket size: 36
[12 Dec 2019 00:21:32-ToC][graph] kmer-size: 17; colours: 1; capacity: 75,497,472
[12 Dec 2019 00:21:32-ToC][hasht] buckets: 2,097,152 [2^21]; bucket size: 36; 
[12 Dec 2019 00:21:32-ToC][hasht] memory: 580MB; filled: 0 / 75,497,472 (0.00%)
[12 Dec 2019 00:21:32-ToC][asyncio] Inputs: 1; Threads: 1
[12 Dec 2019 00:21:32-ToC][seq] Parsing sequence file microbial/kmer-counts-jellyfish/17/SRR8088181.kmer.gz
[12 Dec 2019 00:21:37-ToC][seq] Loaded 2,475,921 reads and 0 reads pairs (file: microbial/kmer-counts-jellyfish/17/SRR8088181.kmer.gz)
[12 Dec 2019 00:21:37-ToC][hasht] buckets: 2,097,152 [2^21]; bucket size: 36; 
[12 Dec 2019 00:21:37-ToC][hasht] memory: 580MB; filled: 2,475,921 / 75,497,472 (3.28%)
[12 Dec 2019 00:21:37-ToC][hasht]  collisions  0: 2475921
[12 Dec 2019 00:21:37-ToC][task] input: microbial/kmer-counts-jellyfish/17/SRR8088181.kmer.gz colour: 0
[12 Dec 2019 00:21:37-ToC]  SE reads: 2,475,921  PE reads: 0
[12 Dec 2019 00:21:37-ToC]  good reads: 2,475,921  bad reads: 0
[12 Dec 2019 00:21:37-ToC]  dup SE reads: 0  dup PE pairs: 0
[12 Dec 2019 00:21:37-ToC]  bases read: 42,090,657  bases loaded: 42,090,657
[12 Dec 2019 00:21:37-ToC]  num contigs: 2,475,921  num kmers: 2,475,921 novel kmers: 2,475,921
[12 Dec 2019 00:21:37-ToC] Dumping graph...
[12 Dec 2019 00:21:37-ToC][graphwriter] Saving file to: microbial/bigsi/17/mccortex.SRR8088181.ctx
[12 Dec 2019 00:21:37-ToC][FileFilter] Writing graph  [1 src colour]
[12 Dec 2019 00:21:37-ToC][graphwriter] Dumped 2,475,921 kmers in 1 colour into: microbial/bigsi/17/mccortex.SRR8088181.ctx (ver: 6)
[12 Dec 2019 00:21:37-ToC][memory] We made 19 allocs
[12 Dec 2019 00:21:37-ToC] Done.
[12 Dec 2019 00:21:37-ToC][time] 5.00 seconds
	Command being timed: "mccortex 17 build --nkmers 74000000 --threads 1 --kmer 17 --mem 3G --sample SRR8088181 --seq microbial/kmer-counts-jellyfish/17/SRR8088181.kmer.gz microbial/bigsi/17/mccortex.SRR8088181.ctx"
	User time (seconds): 5.73
	System time (seconds): 3.04
	Percent of CPU this job got: 164%
	Elapsed (wall clock) time (h:mm:ss or m:ss): 0:05.34
	Average shared text size (kbytes): 0
	Average unshared data size (kbytes): 0
	Average stack size (kbytes): 0
	Average total size (kbytes): 0
	Maximum resident set size (kbytes): 898092
	Average resident set size (kbytes): 0
	Major (requiring I/O) page faults: 0
	Minor (reclaiming a frame) page faults: 755952
	Voluntary context switches: 288161
	Involuntary context switches: 9961
	Swaps: 0
	File system inputs: 27344
	File system outputs: 62880
	Socket messages sent: 0
	Socket messages received: 0
	Signals delivered: 0
	Page size (bytes): 4096
	Exit status: 0
