[12 Dec 2019 00:19:33-Cut][cmd] /home/CSCScience.ca/apetkau/miniconda3/envs/bigsi_mccortex/bin/mccortex31 build --nkmers 74000000 --threads 1 --kmer 17 --mem 3G --sample SRR10298904 --seq microbial/kmer-counts-jellyfish/17/SRR10298904.kmer.gz microbial/bigsi/17/mccortex.SRR10298904.ctx
[12 Dec 2019 00:19:33-Cut][cwd] /home/CSCScience.ca/apetkau/workspace/comp7934-project
[12 Dec 2019 00:19:33-Cut][version] mccortex=v0.0.3-610-g400c0e3 zlib=1.2.11 htslib=1.8-17-g699ed53 ASSERTS=ON hash=Lookup3 CHECKS=ON k=3..31
[12 Dec 2019 00:19:33-Cut] Saving graph to: microbial/bigsi/17/mccortex.SRR10298904.ctx
[12 Dec 2019 00:19:33-Cut][sample] 0: SRR10298904
[12 Dec 2019 00:19:33-Cut][task] microbial/kmer-counts-jellyfish/17/SRR10298904.kmer.gz; FASTQ offset: auto-detect, threshold: off; cut homopolymers: off; remove PCR duplicates: no; colour: 0
[12 Dec 2019 00:19:33-Cut][memory] 104 bits per kmer
[12 Dec 2019 00:19:33-Cut] Note: Using less memory than requested (940MB < 3GB); allows for 75,497,472 kmers
[12 Dec 2019 00:19:33-Cut][memory] graph: 940MB
[12 Dec 2019 00:19:33-Cut][memory] total: 940MB of 62.6GB RAM
[12 Dec 2019 00:19:33-Cut] Writing 1 colour graph to microbial/bigsi/17/mccortex.SRR10298904.ctx
[12 Dec 2019 00:19:33-Cut][hasht] Allocating table with 75,497,472 entries, using 580MB
[12 Dec 2019 00:19:33-Cut][hasht]  number of buckets: 2,097,152, bucket size: 36
[12 Dec 2019 00:19:33-Cut][graph] kmer-size: 17; colours: 1; capacity: 75,497,472
[12 Dec 2019 00:19:33-Cut][hasht] buckets: 2,097,152 [2^21]; bucket size: 36; 
[12 Dec 2019 00:19:33-Cut][hasht] memory: 580MB; filled: 0 / 75,497,472 (0.00%)
[12 Dec 2019 00:19:33-Cut][asyncio] Inputs: 1; Threads: 1
[12 Dec 2019 00:19:33-Cut][seq] Parsing sequence file microbial/kmer-counts-jellyfish/17/SRR10298904.kmer.gz
[12 Dec 2019 00:19:41-Cut][seq] Loaded 3,366,157 reads and 0 reads pairs (file: microbial/kmer-counts-jellyfish/17/SRR10298904.kmer.gz)
[12 Dec 2019 00:19:41-Cut][hasht] buckets: 2,097,152 [2^21]; bucket size: 36; 
[12 Dec 2019 00:19:41-Cut][hasht] memory: 580MB; filled: 3,366,157 / 75,497,472 (4.46%)
[12 Dec 2019 00:19:41-Cut][hasht]  collisions  0: 3366157
[12 Dec 2019 00:19:41-Cut][task] input: microbial/kmer-counts-jellyfish/17/SRR10298904.kmer.gz colour: 0
[12 Dec 2019 00:19:41-Cut]  SE reads: 3,366,157  PE reads: 0
[12 Dec 2019 00:19:41-Cut]  good reads: 3,366,157  bad reads: 0
[12 Dec 2019 00:19:41-Cut]  dup SE reads: 0  dup PE pairs: 0
[12 Dec 2019 00:19:41-Cut]  bases read: 57,224,669  bases loaded: 57,224,669
[12 Dec 2019 00:19:41-Cut]  num contigs: 3,366,157  num kmers: 3,366,157 novel kmers: 3,366,157
[12 Dec 2019 00:19:41-Cut] Dumping graph...
[12 Dec 2019 00:19:41-Cut][graphwriter] Saving file to: microbial/bigsi/17/mccortex.SRR10298904.ctx
[12 Dec 2019 00:19:41-Cut][FileFilter] Writing graph  [1 src colour]
[12 Dec 2019 00:19:42-Cut][graphwriter] Dumped 3,366,157 kmers in 1 colour into: microbial/bigsi/17/mccortex.SRR10298904.ctx (ver: 6)
[12 Dec 2019 00:19:42-Cut][memory] We made 19 allocs
[12 Dec 2019 00:19:42-Cut] Done.
[12 Dec 2019 00:19:42-Cut][time] 9.00 seconds
	Command being timed: "mccortex 17 build --nkmers 74000000 --threads 1 --kmer 17 --mem 3G --sample SRR10298904 --seq microbial/kmer-counts-jellyfish/17/SRR10298904.kmer.gz microbial/bigsi/17/mccortex.SRR10298904.ctx"
	User time (seconds): 8.70
	System time (seconds): 5.09
	Percent of CPU this job got: 164%
	Elapsed (wall clock) time (h:mm:ss or m:ss): 0:08.38
	Average shared text size (kbytes): 0
	Average unshared data size (kbytes): 0
	Average stack size (kbytes): 0
	Average total size (kbytes): 0
	Maximum resident set size (kbytes): 898068
	Average resident set size (kbytes): 0
	Major (requiring I/O) page faults: 0
	Minor (reclaiming a frame) page faults: 710777
	Voluntary context switches: 335278
	Involuntary context switches: 149
	Swaps: 0
	File system inputs: 37392
	File system outputs: 85480
	Socket messages sent: 0
	Socket messages received: 0
	Signals delivered: 0
	Page size (bytes): 4096
	Exit status: 0
