[12 Dec 2019 00:19:33-roq][cmd] /home/CSCScience.ca/apetkau/miniconda3/envs/bigsi_mccortex/bin/mccortex31 build --nkmers 74000000 --threads 1 --kmer 17 --mem 3G --sample ERR1144975 --seq microbial/kmer-counts-jellyfish/17/ERR1144975.kmer.gz microbial/bigsi/17/mccortex.ERR1144975.ctx
[12 Dec 2019 00:19:33-roq][cwd] /home/CSCScience.ca/apetkau/workspace/comp7934-project
[12 Dec 2019 00:19:33-roq][version] mccortex=v0.0.3-610-g400c0e3 zlib=1.2.11 htslib=1.8-17-g699ed53 ASSERTS=ON hash=Lookup3 CHECKS=ON k=3..31
[12 Dec 2019 00:19:33-roq] Saving graph to: microbial/bigsi/17/mccortex.ERR1144975.ctx
[12 Dec 2019 00:19:33-roq][sample] 0: ERR1144975
[12 Dec 2019 00:19:33-roq][task] microbial/kmer-counts-jellyfish/17/ERR1144975.kmer.gz; FASTQ offset: auto-detect, threshold: off; cut homopolymers: off; remove PCR duplicates: no; colour: 0
[12 Dec 2019 00:19:33-roq][memory] 104 bits per kmer
[12 Dec 2019 00:19:33-roq] Note: Using less memory than requested (940MB < 3GB); allows for 75,497,472 kmers
[12 Dec 2019 00:19:33-roq][memory] graph: 940MB
[12 Dec 2019 00:19:33-roq][memory] total: 940MB of 62.6GB RAM
[12 Dec 2019 00:19:33-roq] Writing 1 colour graph to microbial/bigsi/17/mccortex.ERR1144975.ctx
[12 Dec 2019 00:19:33-roq][hasht] Allocating table with 75,497,472 entries, using 580MB
[12 Dec 2019 00:19:33-roq][hasht]  number of buckets: 2,097,152, bucket size: 36
[12 Dec 2019 00:19:33-roq][graph] kmer-size: 17; colours: 1; capacity: 75,497,472
[12 Dec 2019 00:19:33-roq][hasht] buckets: 2,097,152 [2^21]; bucket size: 36; 
[12 Dec 2019 00:19:33-roq][hasht] memory: 580MB; filled: 0 / 75,497,472 (0.00%)
[12 Dec 2019 00:19:33-roq][asyncio] Inputs: 1; Threads: 1
[12 Dec 2019 00:19:33-roq][seq] Parsing sequence file microbial/kmer-counts-jellyfish/17/ERR1144975.kmer.gz
[12 Dec 2019 00:19:41-roq][seq] Loaded 3,669,374 reads and 0 reads pairs (file: microbial/kmer-counts-jellyfish/17/ERR1144975.kmer.gz)
[12 Dec 2019 00:19:41-roq][hasht] buckets: 2,097,152 [2^21]; bucket size: 36; 
[12 Dec 2019 00:19:41-roq][hasht] memory: 580MB; filled: 3,669,374 / 75,497,472 (4.86%)
[12 Dec 2019 00:19:41-roq][hasht]  collisions  0: 3669374
[12 Dec 2019 00:19:41-roq][task] input: microbial/kmer-counts-jellyfish/17/ERR1144975.kmer.gz colour: 0
[12 Dec 2019 00:19:41-roq]  SE reads: 3,669,374  PE reads: 0
[12 Dec 2019 00:19:41-roq]  good reads: 3,669,374  bad reads: 0
[12 Dec 2019 00:19:41-roq]  dup SE reads: 0  dup PE pairs: 0
[12 Dec 2019 00:19:41-roq]  bases read: 62,379,358  bases loaded: 62,379,358
[12 Dec 2019 00:19:41-roq]  num contigs: 3,669,374  num kmers: 3,669,374 novel kmers: 3,669,374
[12 Dec 2019 00:19:41-roq] Dumping graph...
[12 Dec 2019 00:19:41-roq][graphwriter] Saving file to: microbial/bigsi/17/mccortex.ERR1144975.ctx
[12 Dec 2019 00:19:41-roq][FileFilter] Writing graph  [1 src colour]
[12 Dec 2019 00:19:42-roq][graphwriter] Dumped 3,669,374 kmers in 1 colour into: microbial/bigsi/17/mccortex.ERR1144975.ctx (ver: 6)
[12 Dec 2019 00:19:42-roq][memory] We made 19 allocs
[12 Dec 2019 00:19:42-roq] Done.
[12 Dec 2019 00:19:42-roq][time] 9.00 seconds
	Command being timed: "mccortex 17 build --nkmers 74000000 --threads 1 --kmer 17 --mem 3G --sample ERR1144975 --seq microbial/kmer-counts-jellyfish/17/ERR1144975.kmer.gz microbial/bigsi/17/mccortex.ERR1144975.ctx"
	User time (seconds): 9.98
	System time (seconds): 5.08
	Percent of CPU this job got: 173%
	Elapsed (wall clock) time (h:mm:ss or m:ss): 0:08.68
	Average shared text size (kbytes): 0
	Average unshared data size (kbytes): 0
	Average stack size (kbytes): 0
	Average total size (kbytes): 0
	Maximum resident set size (kbytes): 898020
	Average resident set size (kbytes): 0
	Major (requiring I/O) page faults: 0
	Minor (reclaiming a frame) page faults: 928192
	Voluntary context switches: 450413
	Involuntary context switches: 210
	Swaps: 0
	File system inputs: 40248
	File system outputs: 93176
	Socket messages sent: 0
	Socket messages received: 0
	Signals delivered: 0
	Page size (bytes): 4096
	Exit status: 0
