[12 Dec 2019 00:20:54-RoQ][cmd] /home/CSCScience.ca/apetkau/miniconda3/envs/bigsi_mccortex/bin/mccortex31 build --nkmers 74000000 --threads 1 --kmer 17 --mem 3G --sample SRR10519616 --seq microbial/kmer-counts-jellyfish/17/SRR10519616.kmer.gz microbial/bigsi/17/mccortex.SRR10519616.ctx
[12 Dec 2019 00:20:54-RoQ][cwd] /home/CSCScience.ca/apetkau/workspace/comp7934-project
[12 Dec 2019 00:20:54-RoQ][version] mccortex=v0.0.3-610-g400c0e3 zlib=1.2.11 htslib=1.8-17-g699ed53 ASSERTS=ON hash=Lookup3 CHECKS=ON k=3..31
[12 Dec 2019 00:20:54-RoQ] Saving graph to: microbial/bigsi/17/mccortex.SRR10519616.ctx
[12 Dec 2019 00:20:54-RoQ][sample] 0: SRR10519616
[12 Dec 2019 00:20:54-RoQ][task] microbial/kmer-counts-jellyfish/17/SRR10519616.kmer.gz; FASTQ offset: auto-detect, threshold: off; cut homopolymers: off; remove PCR duplicates: no; colour: 0
[12 Dec 2019 00:20:54-RoQ][memory] 104 bits per kmer
[12 Dec 2019 00:20:54-RoQ] Note: Using less memory than requested (940MB < 3GB); allows for 75,497,472 kmers
[12 Dec 2019 00:20:54-RoQ][memory] graph: 940MB
[12 Dec 2019 00:20:54-RoQ][memory] total: 940MB of 62.6GB RAM
[12 Dec 2019 00:20:54-RoQ] Writing 1 colour graph to microbial/bigsi/17/mccortex.SRR10519616.ctx
[12 Dec 2019 00:20:54-RoQ][hasht] Allocating table with 75,497,472 entries, using 580MB
[12 Dec 2019 00:20:54-RoQ][hasht]  number of buckets: 2,097,152, bucket size: 36
[12 Dec 2019 00:20:54-RoQ][graph] kmer-size: 17; colours: 1; capacity: 75,497,472
[12 Dec 2019 00:20:54-RoQ][hasht] buckets: 2,097,152 [2^21]; bucket size: 36; 
[12 Dec 2019 00:20:54-RoQ][hasht] memory: 580MB; filled: 0 / 75,497,472 (0.00%)
[12 Dec 2019 00:20:54-RoQ][asyncio] Inputs: 1; Threads: 1
[12 Dec 2019 00:20:54-RoQ][seq] Parsing sequence file microbial/kmer-counts-jellyfish/17/SRR10519616.kmer.gz
[12 Dec 2019 00:21:05-RoQ][seq] Loaded 4,001,430 reads and 0 reads pairs (file: microbial/kmer-counts-jellyfish/17/SRR10519616.kmer.gz)
[12 Dec 2019 00:21:05-RoQ][hasht] buckets: 2,097,152 [2^21]; bucket size: 36; 
[12 Dec 2019 00:21:05-RoQ][hasht] memory: 580MB; filled: 4,001,430 / 75,497,472 (5.30%)
[12 Dec 2019 00:21:05-RoQ][hasht]  collisions  0: 4001430
[12 Dec 2019 00:21:05-RoQ][task] input: microbial/kmer-counts-jellyfish/17/SRR10519616.kmer.gz colour: 0
[12 Dec 2019 00:21:05-RoQ]  SE reads: 4,001,430  PE reads: 0
[12 Dec 2019 00:21:05-RoQ]  good reads: 4,001,430  bad reads: 0
[12 Dec 2019 00:21:05-RoQ]  dup SE reads: 0  dup PE pairs: 0
[12 Dec 2019 00:21:05-RoQ]  bases read: 68,024,310  bases loaded: 68,024,310
[12 Dec 2019 00:21:05-RoQ]  num contigs: 4,001,430  num kmers: 4,001,430 novel kmers: 4,001,430
[12 Dec 2019 00:21:05-RoQ] Dumping graph...
[12 Dec 2019 00:21:05-RoQ][graphwriter] Saving file to: microbial/bigsi/17/mccortex.SRR10519616.ctx
[12 Dec 2019 00:21:05-RoQ][FileFilter] Writing graph  [1 src colour]
[12 Dec 2019 00:21:05-RoQ][graphwriter] Dumped 4,001,430 kmers in 1 colour into: microbial/bigsi/17/mccortex.SRR10519616.ctx (ver: 6)
[12 Dec 2019 00:21:05-RoQ][memory] We made 19 allocs
[12 Dec 2019 00:21:05-RoQ] Done.
[12 Dec 2019 00:21:05-RoQ][time] 11.00 seconds
	Command being timed: "mccortex 17 build --nkmers 74000000 --threads 1 --kmer 17 --mem 3G --sample SRR10519616 --seq microbial/kmer-counts-jellyfish/17/SRR10519616.kmer.gz microbial/bigsi/17/mccortex.SRR10519616.ctx"
	User time (seconds): 12.75
	System time (seconds): 5.08
	Percent of CPU this job got: 163%
	Elapsed (wall clock) time (h:mm:ss or m:ss): 0:10.93
	Average shared text size (kbytes): 0
	Average unshared data size (kbytes): 0
	Average stack size (kbytes): 0
	Average total size (kbytes): 0
	Maximum resident set size (kbytes): 898088
	Average resident set size (kbytes): 0
	Major (requiring I/O) page faults: 0
	Minor (reclaiming a frame) page faults: 1301916
	Voluntary context switches: 499499
	Involuntary context switches: 47427
	Swaps: 0
	File system inputs: 44456
	File system outputs: 101608
	Socket messages sent: 0
	Socket messages received: 0
	Signals delivered: 0
	Page size (bytes): 4096
	Exit status: 0
