[12 Dec 2019 00:19:33-GaK][cmd] /home/CSCScience.ca/apetkau/miniconda3/envs/bigsi_mccortex/bin/mccortex31 build --nkmers 74000000 --threads 1 --kmer 17 --mem 3G --sample ERR3656004 --seq microbial/kmer-counts-jellyfish/17/ERR3656004.kmer.gz microbial/bigsi/17/mccortex.ERR3656004.ctx
[12 Dec 2019 00:19:33-GaK][cwd] /home/CSCScience.ca/apetkau/workspace/comp7934-project
[12 Dec 2019 00:19:33-GaK][version] mccortex=v0.0.3-610-g400c0e3 zlib=1.2.11 htslib=1.8-17-g699ed53 ASSERTS=ON hash=Lookup3 CHECKS=ON k=3..31
[12 Dec 2019 00:19:33-GaK] Saving graph to: microbial/bigsi/17/mccortex.ERR3656004.ctx
[12 Dec 2019 00:19:33-GaK][sample] 0: ERR3656004
[12 Dec 2019 00:19:33-GaK][task] microbial/kmer-counts-jellyfish/17/ERR3656004.kmer.gz; FASTQ offset: auto-detect, threshold: off; cut homopolymers: off; remove PCR duplicates: no; colour: 0
[12 Dec 2019 00:19:33-GaK][memory] 104 bits per kmer
[12 Dec 2019 00:19:33-GaK] Note: Using less memory than requested (940MB < 3GB); allows for 75,497,472 kmers
[12 Dec 2019 00:19:33-GaK][memory] graph: 940MB
[12 Dec 2019 00:19:33-GaK][memory] total: 940MB of 62.6GB RAM
[12 Dec 2019 00:19:33-GaK] Writing 1 colour graph to microbial/bigsi/17/mccortex.ERR3656004.ctx
[12 Dec 2019 00:19:33-GaK][hasht] Allocating table with 75,497,472 entries, using 580MB
[12 Dec 2019 00:19:33-GaK][hasht]  number of buckets: 2,097,152, bucket size: 36
[12 Dec 2019 00:19:33-GaK][graph] kmer-size: 17; colours: 1; capacity: 75,497,472
[12 Dec 2019 00:19:33-GaK][hasht] buckets: 2,097,152 [2^21]; bucket size: 36; 
[12 Dec 2019 00:19:33-GaK][hasht] memory: 580MB; filled: 0 / 75,497,472 (0.00%)
[12 Dec 2019 00:19:33-GaK][asyncio] Inputs: 1; Threads: 1
[12 Dec 2019 00:19:33-GaK][seq] Parsing sequence file microbial/kmer-counts-jellyfish/17/ERR3656004.kmer.gz
[12 Dec 2019 00:19:41-GaK][seq] Loaded 3,640,952 reads and 0 reads pairs (file: microbial/kmer-counts-jellyfish/17/ERR3656004.kmer.gz)
[12 Dec 2019 00:19:41-GaK][hasht] buckets: 2,097,152 [2^21]; bucket size: 36; 
[12 Dec 2019 00:19:41-GaK][hasht] memory: 580MB; filled: 3,640,952 / 75,497,472 (4.82%)
[12 Dec 2019 00:19:41-GaK][hasht]  collisions  0: 3640952
[12 Dec 2019 00:19:41-GaK][task] input: microbial/kmer-counts-jellyfish/17/ERR3656004.kmer.gz colour: 0
[12 Dec 2019 00:19:41-GaK]  SE reads: 3,640,952  PE reads: 0
[12 Dec 2019 00:19:41-GaK]  good reads: 3,640,952  bad reads: 0
[12 Dec 2019 00:19:41-GaK]  dup SE reads: 0  dup PE pairs: 0
[12 Dec 2019 00:19:41-GaK]  bases read: 61,896,184  bases loaded: 61,896,184
[12 Dec 2019 00:19:41-GaK]  num contigs: 3,640,952  num kmers: 3,640,952 novel kmers: 3,640,952
[12 Dec 2019 00:19:41-GaK] Dumping graph...
[12 Dec 2019 00:19:41-GaK][graphwriter] Saving file to: microbial/bigsi/17/mccortex.ERR3656004.ctx
[12 Dec 2019 00:19:41-GaK][FileFilter] Writing graph  [1 src colour]
[12 Dec 2019 00:19:42-GaK][graphwriter] Dumped 3,640,952 kmers in 1 colour into: microbial/bigsi/17/mccortex.ERR3656004.ctx (ver: 6)
[12 Dec 2019 00:19:42-GaK][memory] We made 19 allocs
[12 Dec 2019 00:19:42-GaK] Done.
[12 Dec 2019 00:19:42-GaK][time] 9.00 seconds
	Command being timed: "mccortex 17 build --nkmers 74000000 --threads 1 --kmer 17 --mem 3G --sample ERR3656004 --seq microbial/kmer-counts-jellyfish/17/ERR3656004.kmer.gz microbial/bigsi/17/mccortex.ERR3656004.ctx"
	User time (seconds): 10.00
	System time (seconds): 4.69
	Percent of CPU this job got: 173%
	Elapsed (wall clock) time (h:mm:ss or m:ss): 0:08.45
	Average shared text size (kbytes): 0
	Average unshared data size (kbytes): 0
	Average stack size (kbytes): 0
	Average total size (kbytes): 0
	Maximum resident set size (kbytes): 898144
	Average resident set size (kbytes): 0
	Major (requiring I/O) page faults: 0
	Minor (reclaiming a frame) page faults: 927603
	Voluntary context switches: 398038
	Involuntary context switches: 101
	Swaps: 0
	File system inputs: 40456
	File system outputs: 92456
	Socket messages sent: 0
	Socket messages received: 0
	Signals delivered: 0
	Page size (bytes): 4096
	Exit status: 0
