[12 Dec 2019 00:21:14-RuS][cmd] /home/CSCScience.ca/apetkau/miniconda3/envs/bigsi_mccortex/bin/mccortex31 build --nkmers 74000000 --threads 1 --kmer 17 --mem 3G --sample SRR10521984 --seq microbial/kmer-counts-jellyfish/17/SRR10521984.kmer.gz microbial/bigsi/17/mccortex.SRR10521984.ctx
[12 Dec 2019 00:21:14-RuS][cwd] /home/CSCScience.ca/apetkau/workspace/comp7934-project
[12 Dec 2019 00:21:14-RuS][version] mccortex=v0.0.3-610-g400c0e3 zlib=1.2.11 htslib=1.8-17-g699ed53 ASSERTS=ON hash=Lookup3 CHECKS=ON k=3..31
[12 Dec 2019 00:21:14-RuS] Saving graph to: microbial/bigsi/17/mccortex.SRR10521984.ctx
[12 Dec 2019 00:21:14-RuS][sample] 0: SRR10521984
[12 Dec 2019 00:21:14-RuS][task] microbial/kmer-counts-jellyfish/17/SRR10521984.kmer.gz; FASTQ offset: auto-detect, threshold: off; cut homopolymers: off; remove PCR duplicates: no; colour: 0
[12 Dec 2019 00:21:14-RuS][memory] 104 bits per kmer
[12 Dec 2019 00:21:14-RuS] Note: Using less memory than requested (940MB < 3GB); allows for 75,497,472 kmers
[12 Dec 2019 00:21:14-RuS][memory] graph: 940MB
[12 Dec 2019 00:21:14-RuS][memory] total: 940MB of 62.6GB RAM
[12 Dec 2019 00:21:14-RuS] Writing 1 colour graph to microbial/bigsi/17/mccortex.SRR10521984.ctx
[12 Dec 2019 00:21:14-RuS][hasht] Allocating table with 75,497,472 entries, using 580MB
[12 Dec 2019 00:21:14-RuS][hasht]  number of buckets: 2,097,152, bucket size: 36
[12 Dec 2019 00:21:14-RuS][graph] kmer-size: 17; colours: 1; capacity: 75,497,472
[12 Dec 2019 00:21:14-RuS][hasht] buckets: 2,097,152 [2^21]; bucket size: 36; 
[12 Dec 2019 00:21:14-RuS][hasht] memory: 580MB; filled: 0 / 75,497,472 (0.00%)
[12 Dec 2019 00:21:14-RuS][asyncio] Inputs: 1; Threads: 1
[12 Dec 2019 00:21:14-RuS][seq] Parsing sequence file microbial/kmer-counts-jellyfish/17/SRR10521984.kmer.gz
[12 Dec 2019 00:21:18-RuS][seq] Loaded 1,860,864 reads and 0 reads pairs (file: microbial/kmer-counts-jellyfish/17/SRR10521984.kmer.gz)
[12 Dec 2019 00:21:18-RuS][hasht] buckets: 2,097,152 [2^21]; bucket size: 36; 
[12 Dec 2019 00:21:18-RuS][hasht] memory: 580MB; filled: 1,860,864 / 75,497,472 (2.46%)
[12 Dec 2019 00:21:18-RuS][hasht]  collisions  0: 1860864
[12 Dec 2019 00:21:18-RuS][task] input: microbial/kmer-counts-jellyfish/17/SRR10521984.kmer.gz colour: 0
[12 Dec 2019 00:21:18-RuS]  SE reads: 1,860,864  PE reads: 0
[12 Dec 2019 00:21:18-RuS]  good reads: 1,860,864  bad reads: 0
[12 Dec 2019 00:21:18-RuS]  dup SE reads: 0  dup PE pairs: 0
[12 Dec 2019 00:21:18-RuS]  bases read: 31,634,688  bases loaded: 31,634,688
[12 Dec 2019 00:21:18-RuS]  num contigs: 1,860,864  num kmers: 1,860,864 novel kmers: 1,860,864
[12 Dec 2019 00:21:18-RuS] Dumping graph...
[12 Dec 2019 00:21:18-RuS][graphwriter] Saving file to: microbial/bigsi/17/mccortex.SRR10521984.ctx
[12 Dec 2019 00:21:18-RuS][FileFilter] Writing graph  [1 src colour]
[12 Dec 2019 00:21:18-RuS][graphwriter] Dumped 1,860,864 kmers in 1 colour into: microbial/bigsi/17/mccortex.SRR10521984.ctx (ver: 6)
[12 Dec 2019 00:21:18-RuS][memory] We made 19 allocs
[12 Dec 2019 00:21:18-RuS] Done.
[12 Dec 2019 00:21:18-RuS][time] 4.00 seconds
	Command being timed: "mccortex 17 build --nkmers 74000000 --threads 1 --kmer 17 --mem 3G --sample SRR10521984 --seq microbial/kmer-counts-jellyfish/17/SRR10521984.kmer.gz microbial/bigsi/17/mccortex.SRR10521984.ctx"
	User time (seconds): 4.38
	System time (seconds): 2.53
	Percent of CPU this job got: 168%
	Elapsed (wall clock) time (h:mm:ss or m:ss): 0:04.09
	Average shared text size (kbytes): 0
	Average unshared data size (kbytes): 0
	Average stack size (kbytes): 0
	Average total size (kbytes): 0
	Maximum resident set size (kbytes): 897964
	Average resident set size (kbytes): 0
	Major (requiring I/O) page faults: 0
	Minor (reclaiming a frame) page faults: 755024
	Voluntary context switches: 302371
	Involuntary context switches: 24
	Swaps: 0
	File system inputs: 20280
	File system outputs: 47264
	Socket messages sent: 0
	Socket messages received: 0
	Signals delivered: 0
	Page size (bytes): 4096
	Exit status: 0
