[12 Dec 2019 00:20:47-ger][cmd] /home/CSCScience.ca/apetkau/miniconda3/envs/bigsi_mccortex/bin/mccortex31 build --nkmers 74000000 --threads 1 --kmer 17 --mem 3G --sample SRR10512968 --seq microbial/kmer-counts-jellyfish/17/SRR10512968.kmer.gz microbial/bigsi/17/mccortex.SRR10512968.ctx
[12 Dec 2019 00:20:47-ger][cwd] /home/CSCScience.ca/apetkau/workspace/comp7934-project
[12 Dec 2019 00:20:47-ger][version] mccortex=v0.0.3-610-g400c0e3 zlib=1.2.11 htslib=1.8-17-g699ed53 ASSERTS=ON hash=Lookup3 CHECKS=ON k=3..31
[12 Dec 2019 00:20:47-ger] Saving graph to: microbial/bigsi/17/mccortex.SRR10512968.ctx
[12 Dec 2019 00:20:47-ger][sample] 0: SRR10512968
[12 Dec 2019 00:20:47-ger][task] microbial/kmer-counts-jellyfish/17/SRR10512968.kmer.gz; FASTQ offset: auto-detect, threshold: off; cut homopolymers: off; remove PCR duplicates: no; colour: 0
[12 Dec 2019 00:20:47-ger][memory] 104 bits per kmer
[12 Dec 2019 00:20:47-ger] Note: Using less memory than requested (940MB < 3GB); allows for 75,497,472 kmers
[12 Dec 2019 00:20:47-ger][memory] graph: 940MB
[12 Dec 2019 00:20:47-ger][memory] total: 940MB of 62.6GB RAM
[12 Dec 2019 00:20:47-ger] Writing 1 colour graph to microbial/bigsi/17/mccortex.SRR10512968.ctx
[12 Dec 2019 00:20:47-ger][hasht] Allocating table with 75,497,472 entries, using 580MB
[12 Dec 2019 00:20:47-ger][hasht]  number of buckets: 2,097,152, bucket size: 36
[12 Dec 2019 00:20:47-ger][graph] kmer-size: 17; colours: 1; capacity: 75,497,472
[12 Dec 2019 00:20:47-ger][hasht] buckets: 2,097,152 [2^21]; bucket size: 36; 
[12 Dec 2019 00:20:47-ger][hasht] memory: 580MB; filled: 0 / 75,497,472 (0.00%)
[12 Dec 2019 00:20:47-ger][asyncio] Inputs: 1; Threads: 1
[12 Dec 2019 00:20:47-ger][seq] Parsing sequence file microbial/kmer-counts-jellyfish/17/SRR10512968.kmer.gz
[12 Dec 2019 00:20:57-ger][BuildGraph] Read 5,000,000 entries (reads / read pairs)
[12 Dec 2019 00:20:59-ger][seq] Loaded 6,512,787 reads and 0 reads pairs (file: microbial/kmer-counts-jellyfish/17/SRR10512968.kmer.gz)
[12 Dec 2019 00:20:59-ger][hasht] buckets: 2,097,152 [2^21]; bucket size: 36; 
[12 Dec 2019 00:20:59-ger][hasht] memory: 580MB; filled: 6,512,787 / 75,497,472 (8.63%)
[12 Dec 2019 00:20:59-ger][hasht]  collisions  0: 6512787
[12 Dec 2019 00:20:59-ger][task] input: microbial/kmer-counts-jellyfish/17/SRR10512968.kmer.gz colour: 0
[12 Dec 2019 00:20:59-ger]  SE reads: 6,512,787  PE reads: 0
[12 Dec 2019 00:20:59-ger]  good reads: 6,512,787  bad reads: 0
[12 Dec 2019 00:20:59-ger]  dup SE reads: 0  dup PE pairs: 0
[12 Dec 2019 00:20:59-ger]  bases read: 110,717,379  bases loaded: 110,717,379
[12 Dec 2019 00:20:59-ger]  num contigs: 6,512,787  num kmers: 6,512,787 novel kmers: 6,512,787
[12 Dec 2019 00:20:59-ger] Dumping graph...
[12 Dec 2019 00:20:59-ger][graphwriter] Saving file to: microbial/bigsi/17/mccortex.SRR10512968.ctx
[12 Dec 2019 00:20:59-ger][FileFilter] Writing graph  [1 src colour]
[12 Dec 2019 00:21:00-ger][graphwriter] Dumped 6,512,787 kmers in 1 colour into: microbial/bigsi/17/mccortex.SRR10512968.ctx (ver: 6)
[12 Dec 2019 00:21:00-ger][memory] We made 19 allocs
[12 Dec 2019 00:21:00-ger] Done.
[12 Dec 2019 00:21:00-ger][time] 13.00 seconds
	Command being timed: "mccortex 17 build --nkmers 74000000 --threads 1 --kmer 17 --mem 3G --sample SRR10512968 --seq microbial/kmer-counts-jellyfish/17/SRR10512968.kmer.gz microbial/bigsi/17/mccortex.SRR10512968.ctx"
	User time (seconds): 16.32
	System time (seconds): 6.33
	Percent of CPU this job got: 169%
	Elapsed (wall clock) time (h:mm:ss or m:ss): 0:13.36
	Average shared text size (kbytes): 0
	Average unshared data size (kbytes): 0
	Average stack size (kbytes): 0
	Average total size (kbytes): 0
	Maximum resident set size (kbytes): 898208
	Average resident set size (kbytes): 0
	Major (requiring I/O) page faults: 0
	Minor (reclaiming a frame) page faults: 1038006
	Voluntary context switches: 613926
	Involuntary context switches: 29450
	Swaps: 0
	File system inputs: 72208
	File system outputs: 165384
	Socket messages sent: 0
	Socket messages received: 0
	Signals delivered: 0
	Page size (bytes): 4096
	Exit status: 0
