[12 Dec 2019 00:21:35-FoK][cmd] /home/CSCScience.ca/apetkau/miniconda3/envs/bigsi_mccortex/bin/mccortex31 build --nkmers 74000000 --threads 1 --kmer 17 --mem 3G --sample SRR8088184 --seq microbial/kmer-counts-jellyfish/17/SRR8088184.kmer.gz microbial/bigsi/17/mccortex.SRR8088184.ctx
[12 Dec 2019 00:21:35-FoK][cwd] /home/CSCScience.ca/apetkau/workspace/comp7934-project
[12 Dec 2019 00:21:35-FoK][version] mccortex=v0.0.3-610-g400c0e3 zlib=1.2.11 htslib=1.8-17-g699ed53 ASSERTS=ON hash=Lookup3 CHECKS=ON k=3..31
[12 Dec 2019 00:21:35-FoK] Saving graph to: microbial/bigsi/17/mccortex.SRR8088184.ctx
[12 Dec 2019 00:21:35-FoK][sample] 0: SRR8088184
[12 Dec 2019 00:21:35-FoK][task] microbial/kmer-counts-jellyfish/17/SRR8088184.kmer.gz; FASTQ offset: auto-detect, threshold: off; cut homopolymers: off; remove PCR duplicates: no; colour: 0
[12 Dec 2019 00:21:35-FoK][memory] 104 bits per kmer
[12 Dec 2019 00:21:35-FoK] Note: Using less memory than requested (940MB < 3GB); allows for 75,497,472 kmers
[12 Dec 2019 00:21:35-FoK][memory] graph: 940MB
[12 Dec 2019 00:21:35-FoK][memory] total: 940MB of 62.6GB RAM
[12 Dec 2019 00:21:35-FoK] Writing 1 colour graph to microbial/bigsi/17/mccortex.SRR8088184.ctx
[12 Dec 2019 00:21:35-FoK][hasht] Allocating table with 75,497,472 entries, using 580MB
[12 Dec 2019 00:21:35-FoK][hasht]  number of buckets: 2,097,152, bucket size: 36
[12 Dec 2019 00:21:35-FoK][graph] kmer-size: 17; colours: 1; capacity: 75,497,472
[12 Dec 2019 00:21:35-FoK][hasht] buckets: 2,097,152 [2^21]; bucket size: 36; 
[12 Dec 2019 00:21:35-FoK][hasht] memory: 580MB; filled: 0 / 75,497,472 (0.00%)
[12 Dec 2019 00:21:35-FoK][asyncio] Inputs: 1; Threads: 1
[12 Dec 2019 00:21:35-FoK][seq] Parsing sequence file microbial/kmer-counts-jellyfish/17/SRR8088184.kmer.gz
[12 Dec 2019 00:21:40-FoK][seq] Loaded 2,660,940 reads and 0 reads pairs (file: microbial/kmer-counts-jellyfish/17/SRR8088184.kmer.gz)
[12 Dec 2019 00:21:40-FoK][hasht] buckets: 2,097,152 [2^21]; bucket size: 36; 
[12 Dec 2019 00:21:40-FoK][hasht] memory: 580MB; filled: 2,660,940 / 75,497,472 (3.52%)
[12 Dec 2019 00:21:40-FoK][hasht]  collisions  0: 2660940
[12 Dec 2019 00:21:40-FoK][task] input: microbial/kmer-counts-jellyfish/17/SRR8088184.kmer.gz colour: 0
[12 Dec 2019 00:21:40-FoK]  SE reads: 2,660,940  PE reads: 0
[12 Dec 2019 00:21:40-FoK]  good reads: 2,660,940  bad reads: 0
[12 Dec 2019 00:21:40-FoK]  dup SE reads: 0  dup PE pairs: 0
[12 Dec 2019 00:21:40-FoK]  bases read: 45,235,980  bases loaded: 45,235,980
[12 Dec 2019 00:21:40-FoK]  num contigs: 2,660,940  num kmers: 2,660,940 novel kmers: 2,660,940
[12 Dec 2019 00:21:40-FoK] Dumping graph...
[12 Dec 2019 00:21:40-FoK][graphwriter] Saving file to: microbial/bigsi/17/mccortex.SRR8088184.ctx
[12 Dec 2019 00:21:40-FoK][FileFilter] Writing graph  [1 src colour]
[12 Dec 2019 00:21:40-FoK][graphwriter] Dumped 2,660,940 kmers in 1 colour into: microbial/bigsi/17/mccortex.SRR8088184.ctx (ver: 6)
[12 Dec 2019 00:21:40-FoK][memory] We made 19 allocs
[12 Dec 2019 00:21:40-FoK] Done.
[12 Dec 2019 00:21:40-FoK][time] 5.00 seconds
	Command being timed: "mccortex 17 build --nkmers 74000000 --threads 1 --kmer 17 --mem 3G --sample SRR8088184 --seq microbial/kmer-counts-jellyfish/17/SRR8088184.kmer.gz microbial/bigsi/17/mccortex.SRR8088184.ctx"
	User time (seconds): 5.56
	System time (seconds): 3.17
	Percent of CPU this job got: 159%
	Elapsed (wall clock) time (h:mm:ss or m:ss): 0:05.46
	Average shared text size (kbytes): 0
	Average unshared data size (kbytes): 0
	Average stack size (kbytes): 0
	Average total size (kbytes): 0
	Maximum resident set size (kbytes): 898152
	Average resident set size (kbytes): 0
	Major (requiring I/O) page faults: 0
	Minor (reclaiming a frame) page faults: 756549
	Voluntary context switches: 359907
	Involuntary context switches: 40037
	Swaps: 0
	File system inputs: 29400
	File system outputs: 67576
	Socket messages sent: 0
	Socket messages received: 0
	Signals delivered: 0
	Page size (bytes): 4096
	Exit status: 0
